nohup: ignoring input
########## DataInfo ##########
reading seq.dat
numUser:35597
numItem:18358
########## config ##########
thread_num: 4
dataset: sports
eval_neg_num: 100
train_neg_num: 30
input_len: 5
rec_model: SASRec
train_type: train
save_epochs: [100, 200, 300, 400]
epoch_num: 500
learning_rate: 0.01
train_batch_size: 2048
test_batch_size: 256
drop_ratio: 0.1
decay_factor: 0.9
hidden_size: 50
num_hidden_layers: 1
num_attention_heads: 2
intermediate_size: 100
hidden_act: gelu
hidden_dropout_prob: 0.1
attention_probs_dropout_prob: 0.1
type_vocab_size: 1
initializer_range: 0.1
loss_type: pairwise_sample
weight_decay: 0.01
device: cuda
max_seq_len: 5
layer_size: 1
threshold: 1
noise_ratio: 0.05
candidate_num: 3
high_loss_drop: 0.2
weight_drop: 0.5
encoder_loss: False
user_num: 35597
item_num: 18358
generating train samples
train_size: 223289, time: 1.4661529064178467
abandoned 0(0.0) samples
valid user num: 35597
valid item num: 18345
generating test samples
test_size: 35597, time: 26.1233172416687
abandoned 0(0.0) samples
------------SASREC ENCODER YES------------
============================================================
Start Training
============================================================
################## epoch 0 ###########################
loss: 2922.5348, len_train_loader:110
modified_target in every batch:0.0
modified_hist in every batch :0.0
########## current_metrics ##########
ndcg_1: 0.02399078574037138
ndcg_5: 0.06035487726330757
ndcg_10: 0.08430685847997665
ndcg_20: 0.11586319655179977
hit_1: 0.02399078574037138
hit_5: 0.09750821698457736
hit_10: 0.17243026097704864
hit_20: 0.2983116554765851
ap: 0.08137641102075577
########## best_metrics ##########
ndcg_1: 0.02399078574037138
ndcg_5: 0.06035487726330757
ndcg_10: 0.08430685847997665
ndcg_20: 0.11586319655179977
hit_1: 0.02399078574037138
hit_5: 0.09750821698457736
hit_10: 0.17243026097704864
hit_20: 0.2983116554765851
ap: 0.08137641102075577
no increase in recent 0 iters
#########################################################
################## epoch 1 ###########################
loss: 2814.4331, len_train_loader:110
modified_target in every batch:0.0
modified_hist in every batch :0.0
########## current_metrics ##########
ndcg_1: 0.006882602466499986
ndcg_5: 0.020583026111125946
ndcg_10: 0.03243216127157211
ndcg_20: 0.05328631401062012
hit_1: 0.006882602466499986
hit_5: 0.03531196449138972
hit_10: 0.07264657134028149
hit_20: 0.15616484535213643
ap: 0.041782766580581665
########## best_metrics ##########
ndcg_1: 0.02399078574037138
ndcg_5: 0.06035487726330757
ndcg_10: 0.08430685847997665
ndcg_20: 0.11586319655179977
hit_1: 0.02399078574037138
hit_5: 0.09750821698457736
hit_10: 0.17243026097704864
hit_20: 0.2983116554765851
ap: 0.08137641102075577
no increase in recent 1 iters
#########################################################
################## epoch 2 ###########################
loss: 2812.0724, len_train_loader:110
modified_target in every batch:0.0
modified_hist in every batch :0.0
########## current_metrics ##########
ndcg_1: 0.008736691294210187
ndcg_5: 0.026405436918139458
ndcg_10: 0.04246414080262184
ndcg_20: 0.06465432047843933
hit_1: 0.008736691294210187
hit_5: 0.04520043823917746
hit_10: 0.09556985139197123
hit_20: 0.18450993061213022
ap: 0.04838484898209572
########## best_metrics ##########
ndcg_1: 0.02399078574037138
ndcg_5: 0.06035487726330757
ndcg_10: 0.08430685847997665
ndcg_20: 0.11586319655179977
hit_1: 0.02399078574037138
hit_5: 0.09750821698457736
hit_10: 0.17243026097704864
hit_20: 0.2983116554765851
ap: 0.08137641102075577
no increase in recent 2 iters
#########################################################
################## epoch 3 ###########################
loss: 2811.4139, len_train_loader:110
modified_target in every batch:0.0
modified_hist in every batch :0.0
########## current_metrics ##########
ndcg_1: 0.006011742562575498
ndcg_5: 0.01701400801539421
ndcg_10: 0.02744928002357483
ndcg_20: 0.0447700098156929
hit_1: 0.006011742562575498
hit_5: 0.028822653594404023
hit_10: 0.0616063151389162
hit_20: 0.13127510745287524
ap: 0.0375913642346859
########## best_metrics ##########
ndcg_1: 0.02399078574037138
ndcg_5: 0.06035487726330757
ndcg_10: 0.08430685847997665
ndcg_20: 0.11586319655179977
hit_1: 0.02399078574037138
hit_5: 0.09750821698457736
hit_10: 0.17243026097704864
hit_20: 0.2983116554765851
ap: 0.08137641102075577
no increase in recent 3 iters
#########################################################
################## epoch 4 ###########################
loss: 2810.0303, len_train_loader:110
modified_target in every batch:0.0
modified_hist in every batch :0.0
########## current_metrics ##########
ndcg_1: 0.007388263055875495
ndcg_5: 0.02283434569835663
ndcg_10: 0.03629092127084732
ndcg_20: 0.05861074477434158
hit_1: 0.007388263055875495
hit_5: 0.03918869567660196
hit_10: 0.0815237239093182
hit_20: 0.17082900244402618
ap: 0.04456431791186333
########## best_metrics ##########
ndcg_1: 0.02399078574037138
ndcg_5: 0.06035487726330757
ndcg_10: 0.08430685847997665
ndcg_20: 0.11586319655179977
hit_1: 0.02399078574037138
hit_5: 0.09750821698457736
hit_10: 0.17243026097704864
hit_20: 0.2983116554765851
ap: 0.08137641102075577
no increase in recent 4 iters
#########################################################
################## epoch 5 ###########################
loss: 2808.9533, len_train_loader:110
modified_target in every batch:0.0
modified_hist in every batch :0.0
########## current_metrics ##########
ndcg_1: 0.0065735876618816195
ndcg_5: 0.0203695185482502
ndcg_10: 0.03148622810840607
ndcg_20: 0.05048377811908722
hit_1: 0.0065735876618816195
hit_5: 0.03477821164704891
hit_10: 0.06983734584375088
hit_20: 0.14607972581959153
ap: 0.04083576798439026
########## best_metrics ##########
ndcg_1: 0.02399078574037138
ndcg_5: 0.06035487726330757
ndcg_10: 0.08430685847997665
ndcg_20: 0.11586319655179977
hit_1: 0.02399078574037138
hit_5: 0.09750821698457736
hit_10: 0.17243026097704864
hit_20: 0.2983116554765851
ap: 0.08137641102075577
no increase in recent 5 iters
#########################################################
################## epoch 6 ###########################
loss: 2807.9877, len_train_loader:110
modified_target in every batch:0.0
modified_hist in every batch :0.0
########## current_metrics ##########
ndcg_1: 0.006152203837402028
ndcg_5: 0.019568275660276413
ndcg_10: 0.031227780506014824
ndcg_20: 0.05053950473666191
hit_1: 0.006152203837402028
hit_5: 0.03387925948815911
hit_10: 0.0704272831980223
hit_20: 0.14787763013737112
ap: 0.04030793532729149
########## best_metrics ##########
ndcg_1: 0.02399078574037138
ndcg_5: 0.06035487726330757
ndcg_10: 0.08430685847997665
ndcg_20: 0.11586319655179977
hit_1: 0.02399078574037138
hit_5: 0.09750821698457736
hit_10: 0.17243026097704864
hit_20: 0.2983116554765851
ap: 0.08137641102075577
no increase in recent 6 iters
#########################################################
################## epoch 7 ###########################
loss: 2807.6648, len_train_loader:110
modified_target in every batch:0.0
modified_hist in every batch :0.0
########## current_metrics ##########
ndcg_1: 0.007051155996291822
ndcg_5: 0.021114807575941086
ndcg_10: 0.03314506635069847
ndcg_20: 0.054007720202207565
hit_1: 0.007051155996291822
hit_5: 0.036098547630418296
hit_10: 0.07379835379385903
hit_20: 0.15740090457060987
ap: 0.042382657527923584
########## best_metrics ##########
ndcg_1: 0.02399078574037138
ndcg_5: 0.06035487726330757
ndcg_10: 0.08430685847997665
ndcg_20: 0.11586319655179977
hit_1: 0.02399078574037138
hit_5: 0.09750821698457736
hit_10: 0.17243026097704864
hit_20: 0.2983116554765851
ap: 0.08137641102075577
no increase in recent 7 iters
#########################################################
################## epoch 8 ###########################
loss: 2800.4568, len_train_loader:110
modified_target in every batch:0.0
modified_hist in every batch :0.0
########## current_metrics ##########
ndcg_1: 0.010028935022614266
ndcg_5: 0.028267644345760345
ndcg_10: 0.042287491261959076
ndcg_20: 0.06504735350608826
hit_1: 0.010028935022614266
hit_5: 0.04719498834171419
hit_10: 0.09110318285248757
hit_20: 0.1824030114897323
ap: 0.049914952367544174
########## best_metrics ##########
ndcg_1: 0.02399078574037138
ndcg_5: 0.06035487726330757
ndcg_10: 0.08430685847997665
ndcg_20: 0.11586319655179977
hit_1: 0.02399078574037138
hit_5: 0.09750821698457736
hit_10: 0.17243026097704864
hit_20: 0.2983116554765851
ap: 0.08137641102075577
no increase in recent 8 iters
#########################################################
################## epoch 9 ###########################
loss: 2584.057, len_train_loader:110
modified_target in every batch:0.0
modified_hist in every batch :0.0
########## current_metrics ##########
ndcg_1: 0.012192038654942831
ndcg_5: 0.03907934948801994
ndcg_10: 0.06295834481716156
ndcg_20: 0.10227489471435547
hit_1: 0.012192038654942831
hit_5: 0.06742141191673455
hit_10: 0.14245582492906705
hit_20: 0.3001657443042953
ap: 0.06717035919427872
########## best_metrics ##########
ndcg_1: 0.02399078574037138
ndcg_5: 0.06035487726330757
ndcg_10: 0.08430685847997665
ndcg_20: 0.11586319655179977
hit_1: 0.02399078574037138
hit_5: 0.09750821698457736
hit_10: 0.17243026097704864
hit_20: 0.3001657443042953
ap: 0.08137641102075577
no increase in recent 0 iters
#########################################################
################## epoch 10 ###########################
loss: 2058.0928, len_train_loader:110
modified_target in every batch:213.1
modified_hist in every batch :0.0
########## current_metrics ##########
ndcg_1: 0.025592044273393826
ndcg_5: 0.07057065516710281
ndcg_10: 0.10464122146368027
ndcg_20: 0.1550300568342209
hit_1: 0.025592044273393826
hit_5: 0.11770654830463241
hit_10: 0.22451330168272607
hit_20: 0.4258224007641093
ap: 0.0978289395570755
########## best_metrics ##########
ndcg_1: 0.025592044273393826
ndcg_5: 0.07057065516710281
ndcg_10: 0.10464122146368027
ndcg_20: 0.1550300568342209
hit_1: 0.025592044273393826
hit_5: 0.11770654830463241
hit_10: 0.22451330168272607
hit_20: 0.4258224007641093
ap: 0.0978289395570755
no increase in recent 0 iters
#########################################################
################## epoch 11 ###########################
loss: 1804.2111, len_train_loader:110
modified_target in every batch:234.9
modified_hist in every batch :0.0
########## current_metrics ##########
ndcg_1: 0.03455347360732646
ndcg_5: 0.08927140384912491
ndcg_10: 0.1280755251646042
ndcg_20: 0.18042244017124176
hit_1: 0.03455347360732646
hit_5: 0.1454055117004242
hit_10: 0.2667640531505464
hit_20: 0.47546141528780517
ap: 0.11485077440738678
########## best_metrics ##########
ndcg_1: 0.03455347360732646
ndcg_5: 0.08927140384912491
ndcg_10: 0.1280755251646042
ndcg_20: 0.18042244017124176
hit_1: 0.03455347360732646
hit_5: 0.1454055117004242
hit_10: 0.2667640531505464
hit_20: 0.47546141528780517
ap: 0.11485077440738678
no increase in recent 0 iters
#########################################################
################## epoch 12 ###########################
loss: 1660.4049, len_train_loader:110
modified_target in every batch:255.7182
modified_hist in every batch :0.0
########## current_metrics ##########
ndcg_1: 0.039357249206393795
ndcg_5: 0.10624385625123978
ndcg_10: 0.14812824130058289
ndcg_20: 0.20003625750541687
hit_1: 0.039357249206393795
hit_5: 0.17428434980475882
hit_10: 0.3053628114728769
hit_20: 0.5118689777228418
ap: 0.12812651693820953
########## best_metrics ##########
ndcg_1: 0.039357249206393795
ndcg_5: 0.10624385625123978
ndcg_10: 0.14812824130058289
ndcg_20: 0.20003625750541687
hit_1: 0.039357249206393795
hit_5: 0.17428434980475882
hit_10: 0.3053628114728769
hit_20: 0.5118689777228418
ap: 0.12812651693820953
no increase in recent 0 iters
#########################################################
################## epoch 13 ###########################
loss: 1545.037, len_train_loader:110
modified_target in every batch:277.5182
modified_hist in every batch :0.0
########## current_metrics ##########
ndcg_1: 0.047419726381436635
ndcg_5: 0.11986216902732849
ndcg_10: 0.16568265855312347
ndcg_20: 0.21860560774803162
hit_1: 0.047419726381436635
hit_5: 0.19392083602550778
hit_10: 0.3367699525240891
hit_20: 0.5469281119195438
ap: 0.1408780962228775
########## best_metrics ##########
ndcg_1: 0.047419726381436635
ndcg_5: 0.11986216902732849
ndcg_10: 0.16568265855312347
ndcg_20: 0.21860560774803162
hit_1: 0.047419726381436635
hit_5: 0.19392083602550778
hit_10: 0.3367699525240891
hit_20: 0.5469281119195438
ap: 0.1408780962228775
no increase in recent 0 iters
#########################################################
################## epoch 14 ###########################
loss: 1443.2211, len_train_loader:110
modified_target in every batch:298.3364
modified_hist in every batch :0.0
########## current_metrics ##########
ndcg_1: 0.05183021041098969
ndcg_5: 0.13177073001861572
ndcg_10: 0.17715835571289062
ndcg_20: 0.22866736352443695
hit_1: 0.05183021041098969
hit_5: 0.2126864623423322
hit_10: 0.35407478158271766
hit_20: 0.5586987667500071
ap: 0.14952275156974792
########## best_metrics ##########
ndcg_1: 0.05183021041098969
ndcg_5: 0.13177073001861572
ndcg_10: 0.17715835571289062
ndcg_20: 0.22866736352443695
hit_1: 0.05183021041098969
hit_5: 0.2126864623423322
hit_10: 0.35407478158271766
hit_20: 0.5586987667500071
ap: 0.14952275156974792
no increase in recent 0 iters
#########################################################
################## epoch 15 ###########################
loss: 1357.7988, len_train_loader:110
modified_target in every batch:320.1455
modified_hist in every batch :0.0
########## current_metrics ##########
ndcg_1: 0.0541899598280754
ndcg_5: 0.13717499375343323
ndcg_10: 0.18499715626239777
ndcg_20: 0.23687350749969482
hit_1: 0.0541899598280754
hit_5: 0.220468016967722
hit_10: 0.36946933730370535
hit_20: 0.575132735904711
ap: 0.15491385757923126
########## best_metrics ##########
ndcg_1: 0.0541899598280754
ndcg_5: 0.13717499375343323
ndcg_10: 0.18499715626239777
ndcg_20: 0.23687350749969482
hit_1: 0.0541899598280754
hit_5: 0.220468016967722
hit_10: 0.36946933730370535
hit_20: 0.575132735904711
ap: 0.15491385757923126
no increase in recent 0 iters
#########################################################
################## epoch 16 ###########################
loss: 1284.7457, len_train_loader:110
modified_target in every batch:340.9545
modified_hist in every batch :0.0
########## current_metrics ##########
ndcg_1: 0.06017361013568559
ndcg_5: 0.14799878001213074
ndcg_10: 0.19622588157653809
ndcg_20: 0.24546268582344055
hit_1: 0.06017361013568559
hit_5: 0.2361715874933281
hit_10: 0.3866056128325421
hit_20: 0.5818186925864539
ap: 0.1631919890642166
########## best_metrics ##########
ndcg_1: 0.06017361013568559
ndcg_5: 0.14799878001213074
ndcg_10: 0.19622588157653809
ndcg_20: 0.24546268582344055
hit_1: 0.06017361013568559
hit_5: 0.2361715874933281
hit_10: 0.3866056128325421
hit_20: 0.5818186925864539
ap: 0.1631919890642166
no increase in recent 0 iters
#########################################################
################## epoch 17 ###########################
loss: 1210.9152, len_train_loader:110
modified_target in every batch:362.7636
modified_hist in every batch :0.0
########## current_metrics ##########
ndcg_1: 0.06348849622159171
ndcg_5: 0.1540163904428482
ndcg_10: 0.20188118517398834
ndcg_20: 0.25183194875717163
hit_1: 0.06348849622159171
hit_5: 0.2440655111385791
hit_10: 0.39312301598449306
hit_20: 0.5910610444700396
ap: 0.16845884919166565
########## best_metrics ##########
ndcg_1: 0.06348849622159171
ndcg_5: 0.1540163904428482
ndcg_10: 0.20188118517398834
ndcg_20: 0.25183194875717163
hit_1: 0.06348849622159171
hit_5: 0.2440655111385791
hit_10: 0.39312301598449306
hit_20: 0.5910610444700396
ap: 0.16845884919166565
no increase in recent 0 iters
#########################################################
################## epoch 18 ###########################
loss: 1140.7037, len_train_loader:110
modified_target in every batch:384.5636
modified_hist in every batch :0.0
########## current_metrics ##########
ndcg_1: 0.06525830828440599
ndcg_5: 0.153864324092865
ndcg_10: 0.20113705098628998
ndcg_20: 0.24966217577457428
hit_1: 0.06525830828440599
hit_5: 0.24190240750625053
hit_10: 0.38919010028935025
hit_20: 0.5815658622917662
ap: 0.16849175095558167
########## best_metrics ##########
ndcg_1: 0.06525830828440599
ndcg_5: 0.1540163904428482
ndcg_10: 0.20188118517398834
ndcg_20: 0.25183194875717163
hit_1: 0.06525830828440599
hit_5: 0.2440655111385791
hit_10: 0.39312301598449306
hit_20: 0.5910610444700396
ap: 0.16849175095558167
no increase in recent 0 iters
#########################################################
################## epoch 19 ###########################
loss: 1078.6982, len_train_loader:110
modified_target in every batch:405.3818
modified_hist in every batch :0.0
########## current_metrics ##########
ndcg_1: 0.07028682192319577
ndcg_5: 0.16262395679950714
ndcg_10: 0.2097126990556717
ndcg_20: 0.257007360458374
hit_1: 0.07028682192319577
hit_5: 0.25401016939629745
hit_10: 0.40037081776554206
hit_20: 0.58788661965896
ap: 0.1755485087633133
########## best_metrics ##########
ndcg_1: 0.07028682192319577
ndcg_5: 0.16262395679950714
ndcg_10: 0.2097126990556717
ndcg_20: 0.257007360458374
hit_1: 0.07028682192319577
hit_5: 0.25401016939629745
hit_10: 0.40037081776554206
hit_20: 0.5910610444700396
ap: 0.1755485087633133
no increase in recent 0 iters
#########################################################
################## epoch 20 ###########################
loss: 1033.208, len_train_loader:110
modified_target in every batch:405.3818
modified_hist in every batch :774.9091
########## current_metrics ##########
ndcg_1: 0.07570862713149984
ndcg_5: 0.16955560445785522
ndcg_10: 0.21651695668697357
ndcg_20: 0.26348382234573364
hit_1: 0.07570862713149984
hit_5: 0.262690676180577
hit_10: 0.4088827710200298
hit_20: 0.5952748827148355
ap: 0.1815815567970276
########## best_metrics ##########
ndcg_1: 0.07570862713149984
ndcg_5: 0.16955560445785522
ndcg_10: 0.21651695668697357
ndcg_20: 0.26348382234573364
hit_1: 0.07570862713149984
hit_5: 0.262690676180577
hit_10: 0.4088827710200298
hit_20: 0.5952748827148355
ap: 0.1815815567970276
no increase in recent 0 iters
#########################################################
################## epoch 21 ###########################
loss: 990.3466, len_train_loader:110
modified_target in every batch:405.3818
modified_hist in every batch :773.8
########## current_metrics ##########
ndcg_1: 0.07534342781695087
ndcg_5: 0.1676255166530609
ndcg_10: 0.21369653940200806
ndcg_20: 0.2605665624141693
hit_1: 0.07534342781695087
hit_5: 0.25836446891591985
hit_10: 0.40185970727870324
hit_20: 0.587605697109307
ap: 0.1800881177186966
########## best_metrics ##########
ndcg_1: 0.07570862713149984
ndcg_5: 0.16955560445785522
ndcg_10: 0.21651695668697357
ndcg_20: 0.26348382234573364
hit_1: 0.07570862713149984
hit_5: 0.262690676180577
hit_10: 0.4088827710200298
hit_20: 0.5952748827148355
ap: 0.1815815567970276
no increase in recent 1 iters
#########################################################
################## epoch 22 ###########################
loss: 946.4444, len_train_loader:110
modified_target in every batch:405.3818
modified_hist in every batch :775.8545
########## current_metrics ##########
ndcg_1: 0.07759080821417536
ndcg_5: 0.17164237797260284
ndcg_10: 0.2174193263053894
ndcg_20: 0.263114333152771
hit_1: 0.07759080821417536
hit_5: 0.2640110121639464
hit_10: 0.4061859145433604
hit_20: 0.5873528668146192
ap: 0.18319697678089142
########## best_metrics ##########
ndcg_1: 0.07759080821417536
ndcg_5: 0.17164237797260284
ndcg_10: 0.2174193263053894
ndcg_20: 0.26348382234573364
hit_1: 0.07759080821417536
hit_5: 0.2640110121639464
hit_10: 0.4088827710200298
hit_20: 0.5952748827148355
ap: 0.18319697678089142
no increase in recent 0 iters
#########################################################
################## epoch 23 ###########################
loss: 921.4547, len_train_loader:110
modified_target in every batch:405.3818
modified_hist in every batch :773.2182
########## current_metrics ##########
ndcg_1: 0.07610191870101413
ndcg_5: 0.16997817158699036
ndcg_10: 0.21530741453170776
ndcg_20: 0.2607136070728302
hit_1: 0.07610191870101413
hit_5: 0.26285922971036885
hit_10: 0.4039666264011012
hit_20: 0.584037980728713
ap: 0.18112336099147797
########## best_metrics ##########
ndcg_1: 0.07759080821417536
ndcg_5: 0.17164237797260284
ndcg_10: 0.2174193263053894
ndcg_20: 0.26348382234573364
hit_1: 0.07759080821417536
hit_5: 0.2640110121639464
hit_10: 0.4088827710200298
hit_20: 0.5952748827148355
ap: 0.18319697678089142
no increase in recent 1 iters
#########################################################
################## epoch 24 ###########################
loss: 885.0651, len_train_loader:110
modified_target in every batch:405.3818
modified_hist in every batch :772.7091
########## current_metrics ##########
ndcg_1: 0.08124280135966513
ndcg_5: 0.17621348798274994
ndcg_10: 0.2206272929906845
ndcg_20: 0.26625382900238037
hit_1: 0.08124280135966513
hit_5: 0.27033176953114024
hit_10: 0.4084332949405849
hit_20: 0.5893193246621906
ap: 0.18652236461639404
########## best_metrics ##########
ndcg_1: 0.08124280135966513
ndcg_5: 0.17621348798274994
ndcg_10: 0.2206272929906845
ndcg_20: 0.26625382900238037
hit_1: 0.08124280135966513
hit_5: 0.27033176953114024
hit_10: 0.4088827710200298
hit_20: 0.5952748827148355
ap: 0.18652236461639404
no increase in recent 0 iters
#########################################################
################## epoch 25 ###########################
loss: 860.3003, len_train_loader:110
modified_target in every batch:405.3818
modified_hist in every batch :776.9455
########## current_metrics ##########
ndcg_1: 0.08284405989268759
ndcg_5: 0.17858287692070007
ndcg_10: 0.22393056750297546
ndcg_20: 0.269566148519516
hit_1: 0.08284405989268759
hit_5: 0.27263533443829535
hit_10: 0.41340562406944403
hit_20: 0.5943197460460151
ap: 0.18924474716186523
########## best_metrics ##########
ndcg_1: 0.08284405989268759
ndcg_5: 0.17858287692070007
ndcg_10: 0.22393056750297546
ndcg_20: 0.269566148519516
hit_1: 0.08284405989268759
hit_5: 0.27263533443829535
hit_10: 0.41340562406944403
hit_20: 0.5952748827148355
ap: 0.18924474716186523
no increase in recent 0 iters
#########################################################
################## epoch 26 ###########################
loss: 833.7243, len_train_loader:110
modified_target in every batch:405.3818
modified_hist in every batch :774.9455
########## current_metrics ##########
ndcg_1: 0.07905160547237126
ndcg_5: 0.17134369909763336
ndcg_10: 0.2160467654466629
ndcg_20: 0.2614976763725281
hit_1: 0.07905160547237126
hit_5: 0.2630277832401607
hit_10: 0.4021687220833216
hit_20: 0.5826614602354131
ap: 0.18258775770664215
########## best_metrics ##########
ndcg_1: 0.08284405989268759
ndcg_5: 0.17858287692070007
ndcg_10: 0.22393056750297546
ndcg_20: 0.269566148519516
hit_1: 0.08284405989268759
hit_5: 0.27263533443829535
hit_10: 0.41340562406944403
hit_20: 0.5952748827148355
ap: 0.18924474716186523
no increase in recent 1 iters
#########################################################
################## epoch 27 ###########################
loss: 808.7857, len_train_loader:110
modified_target in every batch:405.3818
modified_hist in every batch :777.3545
########## current_metrics ##########
ndcg_1: 0.08191701547883248
ndcg_5: 0.1769396811723709
ndcg_10: 0.22222895920276642
ndcg_20: 0.26564693450927734
hit_1: 0.08191701547883248
hit_5: 0.2705565075708627
hit_10: 0.41135488945697674
hit_20: 0.5836446891591988
ap: 0.18732021749019623
########## best_metrics ##########
ndcg_1: 0.08284405989268759
ndcg_5: 0.17858287692070007
ndcg_10: 0.22393056750297546
ndcg_20: 0.269566148519516
hit_1: 0.08284405989268759
hit_5: 0.27263533443829535
hit_10: 0.41340562406944403
hit_20: 0.5952748827148355
ap: 0.18924474716186523
no increase in recent 2 iters
#########################################################
################## epoch 28 ###########################
loss: 788.9249, len_train_loader:110
modified_target in every batch:405.3818
modified_hist in every batch :776.3091
########## current_metrics ##########
ndcg_1: 0.08267550636289575
ndcg_5: 0.17774440348148346
ndcg_10: 0.2232215255498886
ndcg_20: 0.26680970191955566
hit_1: 0.08267550636289575
hit_5: 0.27033176953114024
hit_10: 0.41149535073180327
hit_20: 0.5844031800432621
ap: 0.18846121430397034
########## best_metrics ##########
ndcg_1: 0.08284405989268759
ndcg_5: 0.17858287692070007
ndcg_10: 0.22393056750297546
ndcg_20: 0.269566148519516
hit_1: 0.08284405989268759
hit_5: 0.27263533443829535
hit_10: 0.41340562406944403
hit_20: 0.5952748827148355
ap: 0.18924474716186523
no increase in recent 3 iters
#########################################################
################## epoch 29 ###########################
loss: 771.665, len_train_loader:110
modified_target in every batch:405.3818
modified_hist in every batch :771.8636
########## current_metrics ##########
ndcg_1: 0.08399584234626513
ndcg_5: 0.1786288321018219
ndcg_10: 0.2234117090702057
ndcg_20: 0.2675180733203888
hit_1: 0.08399584234626513
hit_5: 0.272326319633677
hit_10: 0.4112425204371155
hit_20: 0.5860606230862151
ap: 0.18894556164741516
########## best_metrics ##########
ndcg_1: 0.08399584234626513
ndcg_5: 0.1786288321018219
ndcg_10: 0.22393056750297546
ndcg_20: 0.269566148519516
hit_1: 0.08399584234626513
hit_5: 0.27263533443829535
hit_10: 0.41340562406944403
hit_20: 0.5952748827148355
ap: 0.18924474716186523
no increase in recent 0 iters
#########################################################
################## epoch 30 ###########################
loss: 752.0034, len_train_loader:110
modified_target in every batch:405.3818
modified_hist in every batch :773.5636
########## current_metrics ##########
ndcg_1: 0.0828721521476529
ndcg_5: 0.17670145630836487
ndcg_10: 0.2212895303964615
ndcg_20: 0.26463866233825684
hit_1: 0.0828721521476529
hit_5: 0.2680282046239852
hit_10: 0.40680394415259713
hit_20: 0.5786723600303396
ap: 0.18748047947883606
########## best_metrics ##########
ndcg_1: 0.08399584234626513
ndcg_5: 0.1786288321018219
ndcg_10: 0.22393056750297546
ndcg_20: 0.269566148519516
hit_1: 0.08399584234626513
hit_5: 0.27263533443829535
hit_10: 0.41340562406944403
hit_20: 0.5952748827148355
ap: 0.18924474716186523
no increase in recent 1 iters
#########################################################
################## epoch 31 ###########################
loss: 732.2568, len_train_loader:110
modified_target in every batch:405.3818
modified_hist in every batch :772.7727
########## current_metrics ##########
ndcg_1: 0.08419248813102227
ndcg_5: 0.1773601621389389
ndcg_10: 0.22196510434150696
ndcg_20: 0.2657759189605713
hit_1: 0.08419248813102227
hit_5: 0.2686181419782566
hit_10: 0.4075062505267298
hit_20: 0.5812568474871478
ap: 0.18826645612716675
########## best_metrics ##########
ndcg_1: 0.08419248813102227
ndcg_5: 0.1786288321018219
ndcg_10: 0.22393056750297546
ndcg_20: 0.269566148519516
hit_1: 0.08419248813102227
hit_5: 0.27263533443829535
hit_10: 0.41340562406944403
hit_20: 0.5952748827148355
ap: 0.18924474716186523
no increase in recent 0 iters
#########################################################
################## epoch 32 ###########################
loss: 717.9567, len_train_loader:110
modified_target in every batch:405.3818
modified_hist in every batch :774.2273
########## current_metrics ##########
ndcg_1: 0.08790066578644268
ndcg_5: 0.1818663775920868
ndcg_10: 0.22623741626739502
ndcg_20: 0.2701619565486908
hit_1: 0.08790066578644268
hit_5: 0.2741523162064219
hit_10: 0.41194482681124817
hit_20: 0.5860325308312498
ap: 0.192280113697052
########## best_metrics ##########
ndcg_1: 0.08790066578644268
ndcg_5: 0.1818663775920868
ndcg_10: 0.22623741626739502
ndcg_20: 0.2701619565486908
hit_1: 0.08790066578644268
hit_5: 0.2741523162064219
hit_10: 0.41340562406944403
hit_20: 0.5952748827148355
ap: 0.192280113697052
no increase in recent 0 iters
#########################################################
################## epoch 33 ###########################
loss: 707.8037, len_train_loader:110
modified_target in every batch:405.3818
modified_hist in every batch :774.7364
########## current_metrics ##########
ndcg_1: 0.08649605303817738
ndcg_5: 0.18063302338123322
ndcg_10: 0.22367462515830994
ndcg_20: 0.2669188380241394
hit_1: 0.08649605303817738
hit_5: 0.2724948731634688
hit_10: 0.40635446807315223
hit_20: 0.5776610388515886
ap: 0.19060038030147552
########## best_metrics ##########
ndcg_1: 0.08790066578644268
ndcg_5: 0.1818663775920868
ndcg_10: 0.22623741626739502
ndcg_20: 0.2701619565486908
hit_1: 0.08790066578644268
hit_5: 0.2741523162064219
hit_10: 0.41340562406944403
hit_20: 0.5952748827148355
ap: 0.192280113697052
no increase in recent 1 iters
#########################################################
################## epoch 34 ###########################
loss: 696.0108, len_train_loader:110
modified_target in every batch:405.3818
modified_hist in every batch :772.4636
########## current_metrics ##########
ndcg_1: 0.08983903137904879
ndcg_5: 0.18532957136631012
ndcg_10: 0.22897867858409882
ndcg_20: 0.27179110050201416
hit_1: 0.08983903137904879
hit_5: 0.2787875382756974
hit_10: 0.4145293142680563
hit_20: 0.5840941652386437
ap: 0.19474898278713226
########## best_metrics ##########
ndcg_1: 0.08983903137904879
ndcg_5: 0.18532957136631012
ndcg_10: 0.22897867858409882
ndcg_20: 0.27179110050201416
hit_1: 0.08983903137904879
hit_5: 0.2787875382756974
hit_10: 0.4145293142680563
hit_20: 0.5952748827148355
ap: 0.19474898278713226
no increase in recent 0 iters
#########################################################
################## epoch 35 ###########################
loss: 687.1192, len_train_loader:110
modified_target in every batch:405.3818
modified_hist in every batch :777.1364
########## current_metrics ##########
ndcg_1: 0.08691743686265696
ndcg_5: 0.1813059002161026
ndcg_10: 0.22428426146507263
ndcg_20: 0.2678581476211548
hit_1: 0.08691743686265696
hit_5: 0.27361856336208107
hit_10: 0.4071691434671461
hit_20: 0.5800207882686743
ap: 0.1911592185497284
########## best_metrics ##########
ndcg_1: 0.08983903137904879
ndcg_5: 0.18532957136631012
ndcg_10: 0.22897867858409882
ndcg_20: 0.27179110050201416
hit_1: 0.08983903137904879
hit_5: 0.2787875382756974
hit_10: 0.4145293142680563
hit_20: 0.5952748827148355
ap: 0.19474898278713226
no increase in recent 1 iters
#########################################################
################## epoch 36 ###########################
loss: 673.4543, len_train_loader:110
modified_target in every batch:405.3818
modified_hist in every batch :774.7909
########## current_metrics ##########
ndcg_1: 0.08570946989914881
ndcg_5: 0.17831887304782867
ndcg_10: 0.22169926762580872
ndcg_20: 0.26456418633461
hit_1: 0.08570946989914881
hit_5: 0.2692923560974239
hit_10: 0.4043318257156502
hit_20: 0.5744585217855437
ap: 0.18872559070587158
########## best_metrics ##########
ndcg_1: 0.08983903137904879
ndcg_5: 0.18532957136631012
ndcg_10: 0.22897867858409882
ndcg_20: 0.27179110050201416
hit_1: 0.08983903137904879
hit_5: 0.2787875382756974
hit_10: 0.4145293142680563
hit_20: 0.5952748827148355
ap: 0.19474898278713226
no increase in recent 2 iters
#########################################################
################## epoch 37 ###########################
loss: 662.6997, len_train_loader:110
modified_target in every batch:405.3818
modified_hist in every batch :775.1909
########## current_metrics ##########
ndcg_1: 0.08924909402477738
ndcg_5: 0.18397687375545502
ndcg_10: 0.22778597474098206
ndcg_20: 0.2711324691772461
hit_1: 0.08924909402477738
hit_5: 0.2765963423884035
hit_10: 0.41267522544034607
hit_20: 0.5845436413180886
ap: 0.19384010136127472
########## best_metrics ##########
ndcg_1: 0.08983903137904879
ndcg_5: 0.18532957136631012
ndcg_10: 0.22897867858409882
ndcg_20: 0.27179110050201416
hit_1: 0.08983903137904879
hit_5: 0.2787875382756974
hit_10: 0.4145293142680563
hit_20: 0.5952748827148355
ap: 0.19474898278713226
no increase in recent 3 iters
#########################################################
################## epoch 38 ###########################
loss: 651.9863, len_train_loader:110
modified_target in every batch:405.3818
modified_hist in every batch :776.4455
########## current_metrics ##########
ndcg_1: 0.08739500519706717
ndcg_5: 0.18200187385082245
ndcg_10: 0.22514094412326813
ndcg_20: 0.2683219015598297
hit_1: 0.08739500519706717
hit_5: 0.2738152091468382
hit_10: 0.4079276343512094
hit_20: 0.579346574149507
ap: 0.19190706312656403
########## best_metrics ##########
ndcg_1: 0.08983903137904879
ndcg_5: 0.18532957136631012
ndcg_10: 0.22897867858409882
ndcg_20: 0.27179110050201416
hit_1: 0.08983903137904879
hit_5: 0.2787875382756974
hit_10: 0.4145293142680563
hit_20: 0.5952748827148355
ap: 0.19474898278713226
no increase in recent 4 iters
#########################################################
################## epoch 39 ###########################
loss: 646.9879, len_train_loader:110
modified_target in every batch:405.3818
modified_hist in every batch :772.5818
########## current_metrics ##########
ndcg_1: 0.08660842205803859
ndcg_5: 0.18016578257083893
ndcg_10: 0.22209829092025757
ndcg_20: 0.26516470313072205
hit_1: 0.08660842205803859
hit_5: 0.2714835519847178
hit_10: 0.4018035227687726
hit_20: 0.5726325252127988
ap: 0.1899183988571167
########## best_metrics ##########
ndcg_1: 0.08983903137904879
ndcg_5: 0.18532957136631012
ndcg_10: 0.22897867858409882
ndcg_20: 0.27179110050201416
hit_1: 0.08983903137904879
hit_5: 0.2787875382756974
hit_10: 0.4145293142680563
hit_20: 0.5952748827148355
ap: 0.19474898278713226
no increase in recent 5 iters
#########################################################
################## epoch 40 ###########################
loss: 634.3183, len_train_loader:110
modified_target in every batch:405.3818
modified_hist in every batch :778.0
########## current_metrics ##########
ndcg_1: 0.0903446919684243
ndcg_5: 0.18490205705165863
ndcg_10: 0.22745244204998016
ndcg_20: 0.2699161469936371
hit_1: 0.0903446919684243
hit_5: 0.2778604938618423
hit_10: 0.41000646121864204
hit_20: 0.5782790684608253
ap: 0.19410166144371033
########## best_metrics ##########
ndcg_1: 0.0903446919684243
ndcg_5: 0.18532957136631012
ndcg_10: 0.22897867858409882
ndcg_20: 0.27179110050201416
hit_1: 0.0903446919684243
hit_5: 0.2787875382756974
hit_10: 0.4145293142680563
hit_20: 0.5952748827148355
ap: 0.19474898278713226
no increase in recent 0 iters
#########################################################
################## epoch 41 ###########################
loss: 632.027, len_train_loader:110
modified_target in every batch:405.3818
modified_hist in every batch :777.8727
########## current_metrics ##########
ndcg_1: 0.08627131499845493
ndcg_5: 0.17855361104011536
ndcg_10: 0.2209385633468628
ndcg_20: 0.263542503118515
hit_1: 0.08627131499845493
hit_5: 0.2685338652133607
hit_10: 0.40037081776554206
hit_20: 0.5694019158917887
ap: 0.18874864280223846
########## best_metrics ##########
ndcg_1: 0.0903446919684243
ndcg_5: 0.18532957136631012
ndcg_10: 0.22897867858409882
ndcg_20: 0.27179110050201416
hit_1: 0.0903446919684243
hit_5: 0.2787875382756974
hit_10: 0.4145293142680563
hit_20: 0.5952748827148355
ap: 0.19474898278713226
no increase in recent 1 iters
#########################################################
################## epoch 42 ###########################
loss: 620.2416, len_train_loader:110
modified_target in every batch:405.3818
modified_hist in every batch :772.4545
########## current_metrics ##########
ndcg_1: 0.08868724892547125
ndcg_5: 0.18395428359508514
ndcg_10: 0.22696658968925476
ndcg_20: 0.269513875246048
hit_1: 0.08868724892547125
hit_5: 0.2763716043486811
hit_10: 0.41011883023850326
hit_20: 0.578981374834958
ap: 0.19339045882225037
########## best_metrics ##########
ndcg_1: 0.0903446919684243
ndcg_5: 0.18532957136631012
ndcg_10: 0.22897867858409882
ndcg_20: 0.27179110050201416
hit_1: 0.0903446919684243
hit_5: 0.2787875382756974
hit_10: 0.4145293142680563
hit_20: 0.5952748827148355
ap: 0.19474898278713226
no increase in recent 2 iters
#########################################################
################## epoch 43 ###########################
loss: 614.6169, len_train_loader:110
modified_target in every batch:405.3818
modified_hist in every batch :775.3545
########## current_metrics ##########
ndcg_1: 0.087563558726859
ndcg_5: 0.17956553399562836
ndcg_10: 0.22192049026489258
ndcg_20: 0.2655569612979889
hit_1: 0.087563558726859
hit_5: 0.2692361715874933
hit_10: 0.40076410933505635
hit_20: 0.5738685844312723
ap: 0.1901174783706665
########## best_metrics ##########
ndcg_1: 0.0903446919684243
ndcg_5: 0.18532957136631012
ndcg_10: 0.22897867858409882
ndcg_20: 0.27179110050201416
hit_1: 0.0903446919684243
hit_5: 0.2787875382756974
hit_10: 0.4145293142680563
hit_20: 0.5952748827148355
ap: 0.19474898278713226
no increase in recent 3 iters
#########################################################
################## epoch 44 ###########################
loss: 604.4037, len_train_loader:110
modified_target in every batch:405.3818
modified_hist in every batch :774.7545
########## current_metrics ##########
ndcg_1: 0.08913672500491615
ndcg_5: 0.18268972635269165
ndcg_10: 0.22566504776477814
ndcg_20: 0.2686701714992523
hit_1: 0.08913672500491615
hit_5: 0.273337640812428
hit_10: 0.40697249768238897
hit_20: 0.5774924853217968
ap: 0.19284935295581818
########## best_metrics ##########
ndcg_1: 0.0903446919684243
ndcg_5: 0.18532957136631012
ndcg_10: 0.22897867858409882
ndcg_20: 0.27179110050201416
hit_1: 0.0903446919684243
hit_5: 0.2787875382756974
hit_10: 0.4145293142680563
hit_20: 0.5952748827148355
ap: 0.19474898278713226
no increase in recent 4 iters
#########################################################
################## epoch 45 ###########################
loss: 597.5824, len_train_loader:110
modified_target in every batch:405.3818
modified_hist in every batch :772.7273
########## current_metrics ##########
ndcg_1: 0.08871534118043656
ndcg_5: 0.1804586946964264
ndcg_10: 0.22295105457305908
ndcg_20: 0.2650201916694641
hit_1: 0.08871534118043656
hit_5: 0.269573278647077
hit_10: 0.4016068769840155
hit_20: 0.5687838862825519
ap: 0.19081397354602814
########## best_metrics ##########
ndcg_1: 0.0903446919684243
ndcg_5: 0.18532957136631012
ndcg_10: 0.22897867858409882
ndcg_20: 0.27179110050201416
hit_1: 0.0903446919684243
hit_5: 0.2787875382756974
hit_10: 0.4145293142680563
hit_20: 0.5952748827148355
ap: 0.19474898278713226
no increase in recent 5 iters
#########################################################
################## epoch 46 ###########################
loss: 564.3681, len_train_loader:110
modified_target in every batch:405.3818
modified_hist in every batch :775.9182
########## current_metrics ##########
ndcg_1: 0.09065370677304267
ndcg_5: 0.18499132990837097
ndcg_10: 0.22710587084293365
ndcg_20: 0.2698831260204315
hit_1: 0.09065370677304267
hit_5: 0.27670871140826475
hit_10: 0.4074781582717645
hit_20: 0.5771553782622131
ap: 0.19440717995166779
########## best_metrics ##########
ndcg_1: 0.09065370677304267
ndcg_5: 0.18532957136631012
ndcg_10: 0.22897867858409882
ndcg_20: 0.27179110050201416
hit_1: 0.09065370677304267
hit_5: 0.2787875382756974
hit_10: 0.4145293142680563
hit_20: 0.5952748827148355
ap: 0.19474898278713226
no increase in recent 0 iters
#########################################################
################## epoch 47 ###########################
loss: 550.7444, len_train_loader:110
modified_target in every batch:405.3818
modified_hist in every batch :775.6455
########## current_metrics ##########
ndcg_1: 0.09141219765710594
ndcg_5: 0.1824825406074524
ndcg_10: 0.22479048371315002
ndcg_20: 0.26624879240989685
hit_1: 0.09141219765710594
hit_5: 0.2715116442396831
hit_10: 0.4030676742422114
hit_20: 0.5675197348091131
ap: 0.1927138864994049
########## best_metrics ##########
ndcg_1: 0.09141219765710594
ndcg_5: 0.18532957136631012
ndcg_10: 0.22897867858409882
ndcg_20: 0.27179110050201416
hit_1: 0.09141219765710594
hit_5: 0.2787875382756974
hit_10: 0.4145293142680563
hit_20: 0.5952748827148355
ap: 0.19474898278713226
no increase in recent 0 iters
#########################################################
################## epoch 48 ###########################
loss: 542.5054, len_train_loader:110
modified_target in every batch:405.3818
modified_hist in every batch :776.2909
########## current_metrics ##########
ndcg_1: 0.09231114981599572
ndcg_5: 0.1838764250278473
ndcg_10: 0.22671684622764587
ndcg_20: 0.2687413990497589
hit_1: 0.09231114981599572
hit_5: 0.2732533640475321
hit_10: 0.40635446807315223
hit_20: 0.5729134477624519
ap: 0.19423680007457733
########## best_metrics ##########
ndcg_1: 0.09231114981599572
ndcg_5: 0.18532957136631012
ndcg_10: 0.22897867858409882
ndcg_20: 0.27179110050201416
hit_1: 0.09231114981599572
hit_5: 0.2787875382756974
hit_10: 0.4145293142680563
hit_20: 0.5952748827148355
ap: 0.19474898278713226
no increase in recent 0 iters
#########################################################
################## epoch 49 ###########################
loss: 529.3771, len_train_loader:110
modified_target in every batch:405.3818
modified_hist in every batch :773.7909
########## current_metrics ##########
ndcg_1: 0.09377194707419165
ndcg_5: 0.18938612937927246
ndcg_10: 0.23258428275585175
ndcg_20: 0.27456197142601013
hit_1: 0.09377194707419165
hit_5: 0.281231564457679
hit_10: 0.4151754361322583
hit_20: 0.5819591538612805
ap: 0.19887977838516235
########## best_metrics ##########
ndcg_1: 0.09377194707419165
ndcg_5: 0.18938612937927246
ndcg_10: 0.23258428275585175
ndcg_20: 0.27456197142601013
hit_1: 0.09377194707419165
hit_5: 0.281231564457679
hit_10: 0.4151754361322583
hit_20: 0.5952748827148355
ap: 0.19887977838516235
no increase in recent 0 iters
#########################################################
################## epoch 50 ###########################
loss: 518.9906, len_train_loader:110
modified_target in every batch:405.3818
modified_hist in every batch :775.0727
########## current_metrics ##########
ndcg_1: 0.09107509059752227
ndcg_5: 0.18470080196857452
ndcg_10: 0.2265925258398056
ndcg_20: 0.26807302236557007
hit_1: 0.09107509059752227
hit_5: 0.2754726521897913
hit_10: 0.4056802539539849
hit_20: 0.570076130010956
ap: 0.19415555894374847
########## best_metrics ##########
ndcg_1: 0.09377194707419165
ndcg_5: 0.18938612937927246
ndcg_10: 0.23258428275585175
ndcg_20: 0.27456197142601013
hit_1: 0.09377194707419165
hit_5: 0.281231564457679
hit_10: 0.4151754361322583
hit_20: 0.5952748827148355
ap: 0.19887977838516235
no increase in recent 1 iters
#########################################################
################## epoch 51 ###########################
loss: 509.9345, len_train_loader:110
modified_target in every batch:405.3818
modified_hist in every batch :774.6545
########## current_metrics ##########
ndcg_1: 0.09337865550467736
ndcg_5: 0.18684732913970947
ndcg_10: 0.22857119143009186
ndcg_20: 0.27034226059913635
hit_1: 0.09337865550467736
hit_5: 0.27805713964659945
hit_10: 0.40784335758631346
hit_20: 0.5735595696266539
ap: 0.19607488811016083
########## best_metrics ##########
ndcg_1: 0.09377194707419165
ndcg_5: 0.18938612937927246
ndcg_10: 0.23258428275585175
ndcg_20: 0.27456197142601013
hit_1: 0.09377194707419165
hit_5: 0.281231564457679
hit_10: 0.4151754361322583
hit_20: 0.5952748827148355
ap: 0.19887977838516235
no increase in recent 2 iters
#########################################################
################## epoch 52 ###########################
loss: 507.9572, len_train_loader:110
modified_target in every batch:405.3818
modified_hist in every batch :774.8545
########## current_metrics ##########
ndcg_1: 0.0931258252099896
ndcg_5: 0.18509261310100555
ndcg_10: 0.2280854433774948
ndcg_20: 0.27001428604125977
hit_1: 0.0931258252099896
hit_5: 0.2743208697362137
hit_10: 0.40784335758631346
hit_20: 0.5740933224709948
ap: 0.19556991755962372
########## best_metrics ##########
ndcg_1: 0.09377194707419165
ndcg_5: 0.18938612937927246
ndcg_10: 0.23258428275585175
ndcg_20: 0.27456197142601013
hit_1: 0.09377194707419165
hit_5: 0.281231564457679
hit_10: 0.4151754361322583
hit_20: 0.5952748827148355
ap: 0.19887977838516235
no increase in recent 3 iters
#########################################################
################## epoch 53 ###########################
loss: 501.838, len_train_loader:110
modified_target in every batch:405.3818
modified_hist in every batch :772.5545
########## current_metrics ##########
ndcg_1: 0.09011995392870185
ndcg_5: 0.18442724645137787
ndcg_10: 0.22623798251152039
ndcg_20: 0.268612265586853
hit_1: 0.09011995392870185
hit_5: 0.2765682501334382
hit_10: 0.40641065258308284
hit_20: 0.5745989830603703
ap: 0.1935545802116394
########## best_metrics ##########
ndcg_1: 0.09377194707419165
ndcg_5: 0.18938612937927246
ndcg_10: 0.23258428275585175
ndcg_20: 0.27456197142601013
hit_1: 0.09377194707419165
hit_5: 0.281231564457679
hit_10: 0.4151754361322583
hit_20: 0.5952748827148355
ap: 0.19887977838516235
no increase in recent 4 iters
#########################################################
################## epoch 54 ###########################
loss: 497.6146, len_train_loader:110
modified_target in every batch:405.3818
modified_hist in every batch :774.0909
########## current_metrics ##########
ndcg_1: 0.09281681040537124
ndcg_5: 0.18577054142951965
ndcg_10: 0.2287837564945221
ndcg_20: 0.2701147496700287
hit_1: 0.09281681040537124
hit_5: 0.27662443464336883
hit_10: 0.41045593729808694
hit_20: 0.5743742450206478
ap: 0.19553177058696747
########## best_metrics ##########
ndcg_1: 0.09377194707419165
ndcg_5: 0.18938612937927246
ndcg_10: 0.23258428275585175
ndcg_20: 0.27456197142601013
hit_1: 0.09377194707419165
hit_5: 0.281231564457679
hit_10: 0.4151754361322583
hit_20: 0.5952748827148355
ap: 0.19887977838516235
no increase in recent 5 iters
#########################################################
################## epoch 55 ###########################
loss: 492.8992, len_train_loader:110
modified_target in every batch:405.3818
modified_hist in every batch :775.5455
########## current_metrics ##########
ndcg_1: 0.09340674775964267
ndcg_5: 0.1887725442647934
ndcg_10: 0.23169668018817902
ndcg_20: 0.2735230326652527
hit_1: 0.09340674775964267
hit_5: 0.2808944573980953
hit_10: 0.4142483917184032
hit_20: 0.5801612495435009
ap: 0.1980554163455963
########## best_metrics ##########
ndcg_1: 0.09377194707419165
ndcg_5: 0.18938612937927246
ndcg_10: 0.23258428275585175
ndcg_20: 0.27456197142601013
hit_1: 0.09377194707419165
hit_5: 0.281231564457679
hit_10: 0.4151754361322583
hit_20: 0.5952748827148355
ap: 0.19887977838516235
no increase in recent 6 iters
#########################################################
################## epoch 56 ###########################
loss: 489.8229, len_train_loader:110
modified_target in every batch:405.3818
modified_hist in every batch :775.1
########## current_metrics ##########
ndcg_1: 0.09520465207742225
ndcg_5: 0.19103063642978668
ndcg_10: 0.23350471258163452
ndcg_20: 0.27518725395202637
hit_1: 0.09520465207742225
hit_5: 0.28412506671910553
hit_10: 0.41613057280107874
hit_20: 0.5815096777818356
ap: 0.199773371219635
########## best_metrics ##########
ndcg_1: 0.09520465207742225
ndcg_5: 0.19103063642978668
ndcg_10: 0.23350471258163452
ndcg_20: 0.27518725395202637
hit_1: 0.09520465207742225
hit_5: 0.28412506671910553
hit_10: 0.41613057280107874
hit_20: 0.5952748827148355
ap: 0.199773371219635
no increase in recent 0 iters
#########################################################
################## epoch 57 ###########################
loss: 485.0935, len_train_loader:110
modified_target in every batch:405.3818
modified_hist in every batch :774.9
########## current_metrics ##########
ndcg_1: 0.09073798353793859
ndcg_5: 0.18577057123184204
ndcg_10: 0.22819784283638
ndcg_20: 0.2696710526943207
hit_1: 0.09073798353793859
hit_5: 0.277832401606877
hit_10: 0.40966935415905836
hit_20: 0.574205691490856
ap: 0.19493193924427032
########## best_metrics ##########
ndcg_1: 0.09520465207742225
ndcg_5: 0.19103063642978668
ndcg_10: 0.23350471258163452
ndcg_20: 0.27518725395202637
hit_1: 0.09520465207742225
hit_5: 0.28412506671910553
hit_10: 0.41613057280107874
hit_20: 0.5952748827148355
ap: 0.199773371219635
no increase in recent 1 iters
#########################################################
################## epoch 58 ###########################
loss: 478.931, len_train_loader:110
modified_target in every batch:405.3818
modified_hist in every batch :772.7455
########## current_metrics ##########
ndcg_1: 0.09208641177627327
ndcg_5: 0.18552209436893463
ndcg_10: 0.22758150100708008
ndcg_20: 0.27001312375068665
hit_1: 0.09208641177627327
hit_5: 0.2761187740539933
hit_10: 0.4070286821923196
hit_20: 0.5752731971795376
ap: 0.19523853063583374
########## best_metrics ##########
ndcg_1: 0.09520465207742225
ndcg_5: 0.19103063642978668
ndcg_10: 0.23350471258163452
ndcg_20: 0.27518725395202637
hit_1: 0.09520465207742225
hit_5: 0.28412506671910553
hit_10: 0.41613057280107874
hit_20: 0.5952748827148355
ap: 0.199773371219635
no increase in recent 2 iters
#########################################################
################## epoch 59 ###########################
loss: 476.4048, len_train_loader:110
modified_target in every batch:405.3818
modified_hist in every batch :772.0545
########## current_metrics ##########
ndcg_1: 0.0949799140376998
ndcg_5: 0.18734942376613617
ndcg_10: 0.22912727296352386
ndcg_20: 0.2708195745944977
hit_1: 0.0949799140376998
hit_5: 0.2770177262128831
hit_10: 0.4070005899373543
hit_20: 0.5721268646234233
ap: 0.19709306955337524
########## best_metrics ##########
ndcg_1: 0.09520465207742225
ndcg_5: 0.19103063642978668
ndcg_10: 0.23350471258163452
ndcg_20: 0.27518725395202637
hit_1: 0.09520465207742225
hit_5: 0.28412506671910553
hit_10: 0.41613057280107874
hit_20: 0.5952748827148355
ap: 0.199773371219635
no increase in recent 3 iters
#########################################################
################## epoch 60 ###########################
loss: 473.1562, len_train_loader:110
modified_target in every batch:405.3818
modified_hist in every batch :773.8091
########## current_metrics ##########
ndcg_1: 0.09115936736241818
ndcg_5: 0.18265914916992188
ndcg_10: 0.22519978880882263
ndcg_20: 0.2676580250263214
hit_1: 0.09115936736241818
hit_5: 0.27117453718009943
hit_10: 0.4033766890468298
hit_20: 0.5716212040340478
ap: 0.1933477520942688
########## best_metrics ##########
ndcg_1: 0.09520465207742225
ndcg_5: 0.19103063642978668
ndcg_10: 0.23350471258163452
ndcg_20: 0.27518725395202637
hit_1: 0.09520465207742225
hit_5: 0.28412506671910553
hit_10: 0.41613057280107874
hit_20: 0.5952748827148355
ap: 0.199773371219635
no increase in recent 4 iters
#########################################################
################## epoch 61 ###########################
loss: 471.0686, len_train_loader:110
modified_target in every batch:405.3818
modified_hist in every batch :773.1818
########## current_metrics ##########
ndcg_1: 0.0935472090344692
ndcg_5: 0.18531936407089233
ndcg_10: 0.2271493822336197
ndcg_20: 0.26854032278060913
hit_1: 0.0935472090344692
hit_5: 0.2746298845408321
hit_10: 0.40472511728516447
hit_20: 0.5690086243222744
ap: 0.19521896541118622
########## best_metrics ##########
ndcg_1: 0.09520465207742225
ndcg_5: 0.19103063642978668
ndcg_10: 0.23350471258163452
ndcg_20: 0.27518725395202637
hit_1: 0.09520465207742225
hit_5: 0.28412506671910553
hit_10: 0.41613057280107874
hit_20: 0.5952748827148355
ap: 0.199773371219635
no increase in recent 5 iters
#########################################################
################## epoch 62 ###########################
loss: 465.1917, len_train_loader:110
modified_target in every batch:405.3818
modified_hist in every batch :774.2909
########## current_metrics ##########
ndcg_1: 0.09233924207096103
ndcg_5: 0.1841089427471161
ndcg_10: 0.2264200747013092
ndcg_20: 0.2689805328845978
hit_1: 0.09233924207096103
hit_5: 0.27350619434221984
hit_10: 0.40472511728516447
hit_20: 0.5735595696266539
ap: 0.1944335699081421
########## best_metrics ##########
ndcg_1: 0.09520465207742225
ndcg_5: 0.19103063642978668
ndcg_10: 0.23350471258163452
ndcg_20: 0.27518725395202637
hit_1: 0.09520465207742225
hit_5: 0.28412506671910553
hit_10: 0.41613057280107874
hit_20: 0.5952748827148355
ap: 0.199773371219635
no increase in recent 6 iters
#########################################################
################## epoch 63 ###########################
loss: 463.9435, len_train_loader:110
modified_target in every batch:405.3818
modified_hist in every batch :775.9818
########## current_metrics ##########
ndcg_1: 0.09323819422985083
ndcg_5: 0.18344981968402863
ndcg_10: 0.22491051256656647
ndcg_20: 0.2673071622848511
hit_1: 0.09323819422985083
hit_5: 0.2710621681602382
hit_10: 0.4000337107059584
hit_20: 0.5683905947130377
ap: 0.19402068853378296
########## best_metrics ##########
ndcg_1: 0.09520465207742225
ndcg_5: 0.19103063642978668
ndcg_10: 0.23350471258163452
ndcg_20: 0.27518725395202637
hit_1: 0.09520465207742225
hit_5: 0.28412506671910553
hit_10: 0.41613057280107874
hit_20: 0.5952748827148355
ap: 0.199773371219635
no increase in recent 7 iters
#########################################################
################## epoch 64 ###########################
loss: 462.2198, len_train_loader:110
modified_target in every batch:405.3818
modified_hist in every batch :777.1455
########## current_metrics ##########
ndcg_1: 0.09068179902800798
ndcg_5: 0.18184946477413177
ndcg_10: 0.22376687824726105
ndcg_20: 0.26586440205574036
hit_1: 0.09068179902800798
hit_5: 0.2710340759052729
hit_10: 0.4015787847290502
hit_20: 0.5683625024580723
ap: 0.19198891520500183
########## best_metrics ##########
ndcg_1: 0.09520465207742225
ndcg_5: 0.19103063642978668
ndcg_10: 0.23350471258163452
ndcg_20: 0.27518725395202637
hit_1: 0.09520465207742225
hit_5: 0.28412506671910553
hit_10: 0.41613057280107874
hit_20: 0.5952748827148355
ap: 0.199773371219635
no increase in recent 8 iters
#########################################################
################## epoch 65 ###########################
loss: 457.2231, len_train_loader:110
modified_target in every batch:405.3818
modified_hist in every batch :775.2364
########## current_metrics ##########
ndcg_1: 0.09152456667696716
ndcg_5: 0.18360549211502075
ndcg_10: 0.22624625265598297
ndcg_20: 0.2684362232685089
hit_1: 0.09152456667696716
hit_5: 0.2729162569879484
hit_10: 0.4053431468944012
hit_20: 0.5727168019776947
ap: 0.1940174698829651
########## best_metrics ##########
ndcg_1: 0.09520465207742225
ndcg_5: 0.19103063642978668
ndcg_10: 0.23350471258163452
ndcg_20: 0.27518725395202637
hit_1: 0.09520465207742225
hit_5: 0.28412506671910553
hit_10: 0.41613057280107874
hit_20: 0.5952748827148355
ap: 0.199773371219635
no increase in recent 9 iters
#########################################################
################## epoch 66 ###########################
loss: 456.259, len_train_loader:110
modified_target in every batch:405.3818
modified_hist in every batch :776.0091
########## current_metrics ##########
ndcg_1: 0.09321010197488552
ndcg_5: 0.18653932213783264
ndcg_10: 0.22811342775821686
ndcg_20: 0.27110785245895386
hit_1: 0.09321010197488552
hit_5: 0.27713009523274434
hit_10: 0.40638256032811754
hit_20: 0.5770430092423519
ap: 0.19610343873500824
########## best_metrics ##########
ndcg_1: 0.09520465207742225
ndcg_5: 0.19103063642978668
ndcg_10: 0.23350471258163452
ndcg_20: 0.27518725395202637
hit_1: 0.09520465207742225
hit_5: 0.28412506671910553
hit_10: 0.41613057280107874
hit_20: 0.5952748827148355
ap: 0.199773371219635
no increase in recent 10 iters
#########################################################
################## epoch 67 ###########################
loss: 453.8894, len_train_loader:110
modified_target in every batch:405.3818
modified_hist in every batch :771.6636
########## current_metrics ##########
ndcg_1: 0.09363148579936512
ndcg_5: 0.18715405464172363
ndcg_10: 0.22883547842502594
ndcg_20: 0.2709805369377136
hit_1: 0.09363148579936512
hit_5: 0.27766384807708516
hit_10: 0.4071691434671461
hit_20: 0.5744585217855437
ap: 0.19660547375679016
########## best_metrics ##########
ndcg_1: 0.09520465207742225
ndcg_5: 0.19103063642978668
ndcg_10: 0.23350471258163452
ndcg_20: 0.27518725395202637
hit_1: 0.09520465207742225
hit_5: 0.28412506671910553
hit_10: 0.41613057280107874
hit_20: 0.5952748827148355
ap: 0.199773371219635
no increase in recent 11 iters
#########################################################
################## epoch 68 ###########################
loss: 429.8396, len_train_loader:110
modified_target in every batch:405.3818
modified_hist in every batch :775.0091
########## current_metrics ##########
ndcg_1: 0.0968059106104447
ndcg_5: 0.1877104640007019
ndcg_10: 0.22979094088077545
ndcg_20: 0.2720518112182617
hit_1: 0.0968059106104447
hit_5: 0.2760344972890974
hit_10: 0.4066915751327359
hit_20: 0.5743742450206478
ap: 0.19811439514160156
########## best_metrics ##########
ndcg_1: 0.0968059106104447
ndcg_5: 0.19103063642978668
ndcg_10: 0.23350471258163452
ndcg_20: 0.27518725395202637
hit_1: 0.0968059106104447
hit_5: 0.28412506671910553
hit_10: 0.41613057280107874
hit_20: 0.5952748827148355
ap: 0.199773371219635
no increase in recent 0 iters
#########################################################
################## epoch 69 ###########################
loss: 419.8543, len_train_loader:110
modified_target in every batch:405.3818
modified_hist in every batch :772.2909
########## current_metrics ##########
ndcg_1: 0.09593505070652021
ndcg_5: 0.1886947602033615
ndcg_10: 0.23084791004657745
ndcg_20: 0.2730488181114197
hit_1: 0.09593505070652021
hit_5: 0.2783942467061831
hit_10: 0.40955698513919714
hit_20: 0.5770149169873866
ap: 0.1984928548336029
########## best_metrics ##########
ndcg_1: 0.0968059106104447
ndcg_5: 0.19103063642978668
ndcg_10: 0.23350471258163452
ndcg_20: 0.27518725395202637
hit_1: 0.0968059106104447
hit_5: 0.28412506671910553
hit_10: 0.41613057280107874
hit_20: 0.5952748827148355
ap: 0.199773371219635
no increase in recent 1 iters
#########################################################
################## epoch 70 ###########################
loss: 417.9306, len_train_loader:110
modified_target in every batch:405.3818
modified_hist in every batch :774.5091
########## current_metrics ##########
ndcg_1: 0.09601932747141613
ndcg_5: 0.18825332820415497
ndcg_10: 0.22950541973114014
ndcg_20: 0.2725745141506195
hit_1: 0.09601932747141613
hit_5: 0.2782256931763913
hit_10: 0.4066353906228053
hit_20: 0.577604854341658
ap: 0.197835311293602
########## best_metrics ##########
ndcg_1: 0.0968059106104447
ndcg_5: 0.19103063642978668
ndcg_10: 0.23350471258163452
ndcg_20: 0.27518725395202637
hit_1: 0.0968059106104447
hit_5: 0.28412506671910553
hit_10: 0.41613057280107874
hit_20: 0.5952748827148355
ap: 0.199773371219635
no increase in recent 2 iters
#########################################################
################## epoch 71 ###########################
loss: 418.2183, len_train_loader:110
modified_target in every batch:405.3818
modified_hist in every batch :772.3545
########## current_metrics ##########
ndcg_1: 0.09149647442200186
ndcg_5: 0.18235324323177338
ndcg_10: 0.2239958792924881
ndcg_20: 0.2664891481399536
hit_1: 0.09149647442200186
hit_5: 0.2710621681602382
hit_10: 0.40039891002050737
hit_20: 0.5689524398123438
ap: 0.19268129765987396
########## best_metrics ##########
ndcg_1: 0.0968059106104447
ndcg_5: 0.19103063642978668
ndcg_10: 0.23350471258163452
ndcg_20: 0.27518725395202637
hit_1: 0.0968059106104447
hit_5: 0.28412506671910553
hit_10: 0.41613057280107874
hit_20: 0.5952748827148355
ap: 0.199773371219635
no increase in recent 3 iters
#########################################################
################## epoch 72 ###########################
loss: 422.9488, len_train_loader:110
modified_target in every batch:405.3818
modified_hist in every batch :773.4182
########## current_metrics ##########
ndcg_1: 0.09346293226957328
ndcg_5: 0.1859438121318817
ndcg_10: 0.22799520194530487
ndcg_20: 0.2699355483055115
hit_1: 0.09346293226957328
hit_5: 0.2749950838553811
hit_10: 0.405876899738742
hit_20: 0.5722111413883192
ap: 0.19600340723991394
########## best_metrics ##########
ndcg_1: 0.0968059106104447
ndcg_5: 0.19103063642978668
ndcg_10: 0.23350471258163452
ndcg_20: 0.27518725395202637
hit_1: 0.0968059106104447
hit_5: 0.28412506671910553
hit_10: 0.41613057280107874
hit_20: 0.5952748827148355
ap: 0.199773371219635
no increase in recent 4 iters
#########################################################
################## epoch 73 ###########################
loss: 420.8358, len_train_loader:110
modified_target in every batch:405.3818
modified_hist in every batch :773.5091
########## current_metrics ##########
ndcg_1: 0.09512037531252633
ndcg_5: 0.1868089735507965
ndcg_10: 0.2290712147951126
ndcg_20: 0.27121707797050476
hit_1: 0.09512037531252633
hit_5: 0.2755288366997219
hit_10: 0.40683203640756244
hit_20: 0.5740090457060988
ap: 0.19711677730083466
########## best_metrics ##########
ndcg_1: 0.0968059106104447
ndcg_5: 0.19103063642978668
ndcg_10: 0.23350471258163452
ndcg_20: 0.27518725395202637
hit_1: 0.0968059106104447
hit_5: 0.28412506671910553
hit_10: 0.41613057280107874
hit_20: 0.5952748827148355
ap: 0.199773371219635
no increase in recent 5 iters
#########################################################
################## epoch 74 ###########################
loss: 420.5695, len_train_loader:110
modified_target in every batch:405.3818
modified_hist in every batch :773.4545
########## current_metrics ##########
ndcg_1: 0.09380003932915695
ndcg_5: 0.18634279072284698
ndcg_10: 0.22766949236392975
ndcg_20: 0.26965782046318054
hit_1: 0.09380003932915695
hit_5: 0.2764839733685423
hit_10: 0.40509031659971345
hit_20: 0.5719583110936315
ap: 0.19582118093967438
########## best_metrics ##########
ndcg_1: 0.0968059106104447
ndcg_5: 0.19103063642978668
ndcg_10: 0.23350471258163452
ndcg_20: 0.27518725395202637
hit_1: 0.0968059106104447
hit_5: 0.28412506671910553
hit_10: 0.41613057280107874
hit_20: 0.5952748827148355
ap: 0.199773371219635
no increase in recent 6 iters
#########################################################
################## epoch 75 ###########################
loss: 419.5137, len_train_loader:110
modified_target in every batch:405.3818
modified_hist in every batch :771.3545
########## current_metrics ##########
ndcg_1: 0.09708683316009777
ndcg_5: 0.18898062407970428
ndcg_10: 0.23041480779647827
ndcg_20: 0.27219662070274353
hit_1: 0.09708683316009777
hit_5: 0.27811332415653006
hit_10: 0.40688822091749305
hit_20: 0.572463971683007
ap: 0.19879303872585297
########## best_metrics ##########
ndcg_1: 0.09708683316009777
ndcg_5: 0.19103063642978668
ndcg_10: 0.23350471258163452
ndcg_20: 0.27518725395202637
hit_1: 0.09708683316009777
hit_5: 0.28412506671910553
hit_10: 0.41613057280107874
hit_20: 0.5952748827148355
ap: 0.199773371219635
no increase in recent 0 iters
#########################################################
################## epoch 76 ###########################
loss: 418.0895, len_train_loader:110
modified_target in every batch:405.3818
modified_hist in every batch :770.4
########## current_metrics ##########
ndcg_1: 0.09276062589544062
ndcg_5: 0.1830584853887558
ndcg_10: 0.22503027319908142
ndcg_20: 0.26727885007858276
hit_1: 0.09276062589544062
hit_5: 0.2715116442396831
hit_10: 0.40191589178863385
hit_20: 0.5695985616765458
ap: 0.1934615969657898
########## best_metrics ##########
ndcg_1: 0.09708683316009777
ndcg_5: 0.19103063642978668
ndcg_10: 0.23350471258163452
ndcg_20: 0.27518725395202637
hit_1: 0.09708683316009777
hit_5: 0.28412506671910553
hit_10: 0.41613057280107874
hit_20: 0.5952748827148355
ap: 0.199773371219635
no increase in recent 1 iters
#########################################################
################## epoch 77 ###########################
loss: 418.0193, len_train_loader:110
modified_target in every batch:405.3818
modified_hist in every batch :771.0545
########## current_metrics ##########
ndcg_1: 0.09408096187881002
ndcg_5: 0.1843756139278412
ndcg_10: 0.22682251036167145
ndcg_20: 0.26872518658638
hit_1: 0.09408096187881002
hit_5: 0.2720453970840239
hit_10: 0.4039947186560665
hit_20: 0.5701042222659213
ap: 0.19514130055904388
########## best_metrics ##########
ndcg_1: 0.09708683316009777
ndcg_5: 0.19103063642978668
ndcg_10: 0.23350471258163452
ndcg_20: 0.27518725395202637
hit_1: 0.09708683316009777
hit_5: 0.28412506671910553
hit_10: 0.41613057280107874
hit_20: 0.5952748827148355
ap: 0.199773371219635
no increase in recent 2 iters
#########################################################
################## epoch 78 ###########################
loss: 415.4744, len_train_loader:110
modified_target in every batch:405.3818
modified_hist in every batch :772.8273
########## current_metrics ##########
ndcg_1: 0.09332247099474675
ndcg_5: 0.18575067818164825
ndcg_10: 0.22564536333084106
ndcg_20: 0.268177330493927
hit_1: 0.09332247099474675
hit_5: 0.27538837542489536
hit_10: 0.3996966036463747
hit_20: 0.5684748714779335
ap: 0.1948985606431961
########## best_metrics ##########
ndcg_1: 0.09708683316009777
ndcg_5: 0.19103063642978668
ndcg_10: 0.23350471258163452
ndcg_20: 0.27518725395202637
hit_1: 0.09708683316009777
hit_5: 0.28412506671910553
hit_10: 0.41613057280107874
hit_20: 0.5952748827148355
ap: 0.199773371219635
no increase in recent 3 iters
#########################################################
################## epoch 79 ###########################
loss: 396.3134, len_train_loader:110
modified_target in every batch:405.3818
modified_hist in every batch :773.5545
########## current_metrics ##########
ndcg_1: 0.09666544933561817
ndcg_5: 0.18841442465782166
ndcg_10: 0.22945263981819153
ndcg_20: 0.27109038829803467
hit_1: 0.09666544933561817
hit_5: 0.2777762170969464
hit_10: 0.4052869623844706
hit_20: 0.5705256060904009
ap: 0.19794583320617676
########## best_metrics ##########
ndcg_1: 0.09708683316009777
ndcg_5: 0.19103063642978668
ndcg_10: 0.23350471258163452
ndcg_20: 0.27518725395202637
hit_1: 0.09708683316009777
hit_5: 0.28412506671910553
hit_10: 0.41613057280107874
hit_20: 0.5952748827148355
ap: 0.199773371219635
no increase in recent 4 iters
#########################################################
################## epoch 80 ###########################
loss: 386.292, len_train_loader:110
modified_target in every batch:405.3818
modified_hist in every batch :772.1273
########## current_metrics ##########
ndcg_1: 0.09492372952776919
ndcg_5: 0.1860126405954361
ndcg_10: 0.2272668480873108
ndcg_20: 0.26875197887420654
hit_1: 0.09492372952776919
hit_5: 0.2743208697362137
hit_10: 0.40278675169255834
hit_20: 0.5673511812793213
ap: 0.19596150517463684
########## best_metrics ##########
ndcg_1: 0.09708683316009777
ndcg_5: 0.19103063642978668
ndcg_10: 0.23350471258163452
ndcg_20: 0.27518725395202637
hit_1: 0.09708683316009777
hit_5: 0.28412506671910553
hit_10: 0.41613057280107874
hit_20: 0.5952748827148355
ap: 0.199773371219635
no increase in recent 5 iters
#########################################################
################## epoch 81 ###########################
loss: 385.1979, len_train_loader:110
modified_target in every batch:405.3818
modified_hist in every batch :773.5909
########## current_metrics ##########
ndcg_1: 0.09604741972638144
ndcg_5: 0.18749761581420898
ndcg_10: 0.22800637781620026
ndcg_20: 0.2698405385017395
hit_1: 0.09604741972638144
hit_5: 0.27679298817316067
hit_10: 0.40247773688794
hit_20: 0.5684467792229683
ap: 0.19693531095981598
########## best_metrics ##########
ndcg_1: 0.09708683316009777
ndcg_5: 0.19103063642978668
ndcg_10: 0.23350471258163452
ndcg_20: 0.27518725395202637
hit_1: 0.09708683316009777
hit_5: 0.28412506671910553
hit_10: 0.41613057280107874
hit_20: 0.5952748827148355
ap: 0.199773371219635
no increase in recent 6 iters
#########################################################
################## epoch 82 ###########################
loss: 388.1073, len_train_loader:110
modified_target in every batch:405.3818
modified_hist in every batch :774.5
########## current_metrics ##########
ndcg_1: 0.09649689580582634
ndcg_5: 0.18781772255897522
ndcg_10: 0.22968828678131104
ndcg_20: 0.27138906717300415
hit_1: 0.09649689580582634
hit_5: 0.2756412057195831
hit_10: 0.40593308424867264
hit_20: 0.5713402814843948
ap: 0.19808906316757202
########## best_metrics ##########
ndcg_1: 0.09708683316009777
ndcg_5: 0.19103063642978668
ndcg_10: 0.23350471258163452
ndcg_20: 0.27518725395202637
hit_1: 0.09708683316009777
hit_5: 0.28412506671910553
hit_10: 0.41613057280107874
hit_20: 0.5952748827148355
ap: 0.199773371219635
no increase in recent 7 iters
#########################################################
################## epoch 83 ###########################
loss: 389.3227, len_train_loader:110
modified_target in every batch:405.3818
modified_hist in every batch :775.0545
########## current_metrics ##########
ndcg_1: 0.09250779560075287
ndcg_5: 0.18384812772274017
ndcg_10: 0.2250429093837738
ndcg_20: 0.2667171359062195
hit_1: 0.09250779560075287
hit_5: 0.2723544118886423
hit_10: 0.40031463325561145
hit_20: 0.5658061072562295
ap: 0.19378069043159485
########## best_metrics ##########
ndcg_1: 0.09708683316009777
ndcg_5: 0.19103063642978668
ndcg_10: 0.23350471258163452
ndcg_20: 0.27518725395202637
hit_1: 0.09708683316009777
hit_5: 0.28412506671910553
hit_10: 0.41613057280107874
hit_20: 0.5952748827148355
ap: 0.199773371219635
no increase in recent 8 iters
#########################################################
################## epoch 84 ###########################
loss: 389.6497, len_train_loader:110
modified_target in every batch:405.3818
modified_hist in every batch :774.8
########## current_metrics ##########
ndcg_1: 0.09427760766356716
ndcg_5: 0.1864391565322876
ndcg_10: 0.22799402475357056
ndcg_20: 0.2705448269844055
hit_1: 0.09427760766356716
hit_5: 0.2756692979745484
hit_10: 0.4048093940500604
hit_20: 0.5737000309014805
ap: 0.19638298451900482
########## best_metrics ##########
ndcg_1: 0.09708683316009777
ndcg_5: 0.19103063642978668
ndcg_10: 0.23350471258163452
ndcg_20: 0.27518725395202637
hit_1: 0.09708683316009777
hit_5: 0.28412506671910553
hit_10: 0.41613057280107874
hit_20: 0.5952748827148355
ap: 0.199773371219635
no increase in recent 9 iters
#########################################################
################## epoch 85 ###########################
loss: 388.8994, len_train_loader:110
modified_target in every batch:405.3818
modified_hist in every batch :774.0545
########## current_metrics ##########
ndcg_1: 0.0935753012894345
ndcg_5: 0.18394120037555695
ndcg_10: 0.22502513229846954
ndcg_20: 0.2665356993675232
hit_1: 0.0935753012894345
hit_5: 0.2713992752198219
hit_10: 0.3992471275669298
hit_20: 0.5638677416636233
ap: 0.19414889812469482
########## best_metrics ##########
ndcg_1: 0.09708683316009777
ndcg_5: 0.19103063642978668
ndcg_10: 0.23350471258163452
ndcg_20: 0.27518725395202637
hit_1: 0.09708683316009777
hit_5: 0.28412506671910553
hit_10: 0.41613057280107874
hit_20: 0.5952748827148355
ap: 0.199773371219635
no increase in recent 10 iters
#########################################################
################## epoch 86 ###########################
loss: 390.0196, len_train_loader:110
modified_target in every batch:405.3818
modified_hist in every batch :770.8091
########## current_metrics ##########
ndcg_1: 0.09520465207742225
ndcg_5: 0.18534617125988007
ndcg_10: 0.22715246677398682
ndcg_20: 0.2690102458000183
hit_1: 0.09520465207742225
hit_5: 0.27255105767339943
hit_10: 0.4025339213978706
hit_20: 0.5686715172626907
ap: 0.19596421718597412
########## best_metrics ##########
ndcg_1: 0.09708683316009777
ndcg_5: 0.19103063642978668
ndcg_10: 0.23350471258163452
ndcg_20: 0.27518725395202637
hit_1: 0.09708683316009777
hit_5: 0.28412506671910553
hit_10: 0.41613057280107874
hit_20: 0.5952748827148355
ap: 0.199773371219635
no increase in recent 11 iters
#########################################################
################## epoch 87 ###########################
loss: 389.0132, len_train_loader:110
modified_target in every batch:405.3818
modified_hist in every batch :776.5091
########## current_metrics ##########
ndcg_1: 0.09410905413377532
ndcg_5: 0.1850426197052002
ndcg_10: 0.22615022957324982
ndcg_20: 0.2677716314792633
hit_1: 0.09410905413377532
hit_5: 0.27350619434221984
hit_10: 0.4011854931595359
hit_20: 0.5664522291204315
ap: 0.1950022429227829
########## best_metrics ##########
ndcg_1: 0.09708683316009777
ndcg_5: 0.19103063642978668
ndcg_10: 0.23350471258163452
ndcg_20: 0.27518725395202637
hit_1: 0.09708683316009777
hit_5: 0.28412506671910553
hit_10: 0.41613057280107874
hit_20: 0.5952748827148355
ap: 0.199773371219635
no increase in recent 12 iters
#########################################################
################## epoch 88 ###########################
loss: 389.9375, len_train_loader:110
modified_target in every batch:405.3818
modified_hist in every batch :775.4545
########## current_metrics ##########
ndcg_1: 0.09416523864370593
ndcg_5: 0.185218945145607
ndcg_10: 0.2271188497543335
ndcg_20: 0.2679689824581146
hit_1: 0.09416523864370593
hit_5: 0.27353428659718515
hit_10: 0.4035733348315869
hit_20: 0.5658061072562295
ap: 0.19531460106372833
########## best_metrics ##########
ndcg_1: 0.09708683316009777
ndcg_5: 0.19103063642978668
ndcg_10: 0.23350471258163452
ndcg_20: 0.27518725395202637
hit_1: 0.09708683316009777
hit_5: 0.28412506671910553
hit_10: 0.41613057280107874
hit_20: 0.5952748827148355
ap: 0.199773371219635
no increase in recent 13 iters
#########################################################
################## epoch 89 ###########################
loss: 388.8323, len_train_loader:110
modified_target in every batch:405.3818
modified_hist in every batch :775.9545
########## current_metrics ##########
ndcg_1: 0.09318200971992022
ndcg_5: 0.18317589163780212
ndcg_10: 0.22385042905807495
ndcg_20: 0.2652726173400879
hit_1: 0.09318200971992022
hit_5: 0.27075315335561984
hit_10: 0.3972806697193584
hit_20: 0.5617889147961906
ap: 0.19322480261325836
########## best_metrics ##########
ndcg_1: 0.09708683316009777
ndcg_5: 0.19103063642978668
ndcg_10: 0.23350471258163452
ndcg_20: 0.27518725395202637
hit_1: 0.09708683316009777
hit_5: 0.28412506671910553
hit_10: 0.41613057280107874
hit_20: 0.5952748827148355
ap: 0.199773371219635
no increase in recent 14 iters
#########################################################
################## epoch 90 ###########################
loss: 369.8964, len_train_loader:110
modified_target in every batch:405.3818
modified_hist in every batch :770.5545
########## current_metrics ##########
ndcg_1: 0.09517655982245694
ndcg_5: 0.18697720766067505
ndcg_10: 0.2278829962015152
ndcg_20: 0.2688150405883789
hit_1: 0.09517655982245694
hit_5: 0.2751917296401382
hit_10: 0.40233727561311344
hit_20: 0.5648790628423743
ap: 0.19670525193214417
########## best_metrics ##########
ndcg_1: 0.09708683316009777
ndcg_5: 0.19103063642978668
ndcg_10: 0.23350471258163452
ndcg_20: 0.27518725395202637
hit_1: 0.09708683316009777
hit_5: 0.28412506671910553
hit_10: 0.41613057280107874
hit_20: 0.5952748827148355
ap: 0.199773371219635
no increase in recent 15 iters
#########################################################
################## epoch 91 ###########################
loss: 359.7018, len_train_loader:110
modified_target in every batch:405.3818
modified_hist in every batch :774.8364
########## current_metrics ##########
ndcg_1: 0.09512037531252633
ndcg_5: 0.18465040624141693
ndcg_10: 0.22492872178554535
ndcg_20: 0.26514628529548645
hit_1: 0.09512037531252633
hit_5: 0.27179256678933617
hit_10: 0.39711211618956654
hit_20: 0.5568165856673315
ap: 0.1944020390510559
########## best_metrics ##########
ndcg_1: 0.09708683316009777
ndcg_5: 0.19103063642978668
ndcg_10: 0.23350471258163452
ndcg_20: 0.27518725395202637
hit_1: 0.09708683316009777
hit_5: 0.28412506671910553
hit_10: 0.41613057280107874
hit_20: 0.5952748827148355
ap: 0.199773371219635
no increase in recent 16 iters
#########################################################
################## epoch 92 ###########################
loss: 360.6029, len_train_loader:110
modified_target in every batch:405.3818
modified_hist in every batch :771.4909
########## current_metrics ##########
ndcg_1: 0.09276062589544062
ndcg_5: 0.1825123131275177
ndcg_10: 0.22361290454864502
ndcg_20: 0.2643946707248688
hit_1: 0.09276062589544062
hit_5: 0.2697418321768688
hit_10: 0.39758968452397675
hit_20: 0.5595134421440009
ap: 0.19275778532028198
########## best_metrics ##########
ndcg_1: 0.09708683316009777
ndcg_5: 0.19103063642978668
ndcg_10: 0.23350471258163452
ndcg_20: 0.27518725395202637
hit_1: 0.09708683316009777
hit_5: 0.28412506671910553
hit_10: 0.41613057280107874
hit_20: 0.5952748827148355
ap: 0.199773371219635
no increase in recent 17 iters
#########################################################
################## epoch 93 ###########################
loss: 364.3806, len_train_loader:110
modified_target in every batch:405.3818
modified_hist in every batch :773.3727
########## current_metrics ##########
ndcg_1: 0.09520465207742225
ndcg_5: 0.18564406037330627
ndcg_10: 0.22614777088165283
ndcg_20: 0.26709312200546265
hit_1: 0.09520465207742225
hit_5: 0.2732533640475321
hit_10: 0.3991066662921033
hit_20: 0.5615360845015029
ap: 0.19553126394748688
########## best_metrics ##########
ndcg_1: 0.09708683316009777
ndcg_5: 0.19103063642978668
ndcg_10: 0.23350471258163452
ndcg_20: 0.27518725395202637
hit_1: 0.09708683316009777
hit_5: 0.28412506671910553
hit_10: 0.41613057280107874
hit_20: 0.5952748827148355
ap: 0.199773371219635
no increase in recent 18 iters
#########################################################
################## epoch 94 ###########################
loss: 365.6602, len_train_loader:110
modified_target in every batch:405.3818
modified_hist in every batch :776.2182
########## current_metrics ##########
ndcg_1: 0.09469899148804675
ndcg_5: 0.18500833213329315
ndcg_10: 0.22680240869522095
ndcg_20: 0.26690661907196045
hit_1: 0.09469899148804675
hit_5: 0.27350619434221984
hit_10: 0.4034609658117257
hit_20: 0.562828328229907
ap: 0.19493451714515686
########## best_metrics ##########
ndcg_1: 0.09708683316009777
ndcg_5: 0.19103063642978668
ndcg_10: 0.23350471258163452
ndcg_20: 0.27518725395202637
hit_1: 0.09708683316009777
hit_5: 0.28412506671910553
hit_10: 0.41613057280107874
hit_20: 0.5952748827148355
ap: 0.199773371219635
no increase in recent 19 iters
#########################################################
################## epoch 95 ###########################
loss: 368.3235, len_train_loader:110
modified_target in every batch:405.3818
modified_hist in every batch :775.6091
########## current_metrics ##########
ndcg_1: 0.09388431609405287
ndcg_5: 0.18219541013240814
ndcg_10: 0.222877636551857
ndcg_20: 0.2642669677734375
hit_1: 0.09388431609405287
hit_5: 0.26794392785908927
hit_10: 0.39438716745793184
hit_20: 0.5585302132202152
ap: 0.19291210174560547
########## best_metrics ##########
ndcg_1: 0.09708683316009777
ndcg_5: 0.19103063642978668
ndcg_10: 0.23350471258163452
ndcg_20: 0.27518725395202637
hit_1: 0.09708683316009777
hit_5: 0.28412506671910553
hit_10: 0.41613057280107874
hit_20: 0.5952748827148355
ap: 0.199773371219635
no increase in recent 20 iters
#########################################################
################## epoch 96 ###########################
loss: 366.4505, len_train_loader:110
modified_target in every batch:405.3818
modified_hist in every batch :776.5545
########## current_metrics ##########
ndcg_1: 0.09506419080259572
ndcg_5: 0.18410494923591614
ndcg_10: 0.22459529340267181
ndcg_20: 0.26589736342430115
hit_1: 0.09506419080259572
hit_5: 0.26991038570666065
hit_10: 0.39576368795123185
hit_20: 0.5598786414585499
ap: 0.19465556740760803
########## best_metrics ##########
ndcg_1: 0.09708683316009777
ndcg_5: 0.19103063642978668
ndcg_10: 0.23350471258163452
ndcg_20: 0.27518725395202637
hit_1: 0.09708683316009777
hit_5: 0.28412506671910553
hit_10: 0.41613057280107874
hit_20: 0.5952748827148355
ap: 0.199773371219635
no increase in recent 21 iters
#########################################################
################## epoch 97 ###########################
loss: 368.1803, len_train_loader:110
modified_target in every batch:405.3818
modified_hist in every batch :777.3727
########## current_metrics ##########
ndcg_1: 0.09259207236564879
ndcg_5: 0.18321482837200165
ndcg_10: 0.22382386028766632
ndcg_20: 0.26541897654533386
hit_1: 0.09259207236564879
hit_5: 0.2713992752198219
hit_10: 0.3977582380537686
hit_20: 0.5628845127398376
ap: 0.19303551316261292
########## best_metrics ##########
ndcg_1: 0.09708683316009777
ndcg_5: 0.19103063642978668
ndcg_10: 0.23350471258163452
ndcg_20: 0.27518725395202637
hit_1: 0.09708683316009777
hit_5: 0.28412506671910553
hit_10: 0.41613057280107874
hit_20: 0.5952748827148355
ap: 0.199773371219635
no increase in recent 22 iters
#########################################################
################## epoch 98 ###########################
loss: 366.2745, len_train_loader:110
modified_target in every batch:405.3818
modified_hist in every batch :774.6727
########## current_metrics ##########
ndcg_1: 0.09349102452453859
ndcg_5: 0.18365338444709778
ndcg_10: 0.22423848509788513
ndcg_20: 0.2667289078235626
hit_1: 0.09349102452453859
hit_5: 0.2706969688456892
hit_10: 0.3968031013849482
hit_20: 0.565300446666854
ap: 0.19411945343017578
########## best_metrics ##########
ndcg_1: 0.09708683316009777
ndcg_5: 0.19103063642978668
ndcg_10: 0.23350471258163452
ndcg_20: 0.27518725395202637
hit_1: 0.09708683316009777
hit_5: 0.28412506671910553
hit_10: 0.41613057280107874
hit_20: 0.5952748827148355
ap: 0.199773371219635
no increase in recent 23 iters
#########################################################
################## epoch 99 ###########################
loss: 368.287, len_train_loader:110
modified_target in every batch:405.3818
modified_hist in every batch :773.6636
########## current_metrics ##########
ndcg_1: 0.09582268168665899
ndcg_5: 0.18717887997627258
ndcg_10: 0.22796286642551422
ndcg_20: 0.26915109157562256
hit_1: 0.09582268168665899
hit_5: 0.27496699160041577
hit_10: 0.4017192460038767
hit_20: 0.5650757086271315
ap: 0.19709639251232147
########## best_metrics ##########
ndcg_1: 0.09708683316009777
ndcg_5: 0.19103063642978668
ndcg_10: 0.23350471258163452
ndcg_20: 0.27518725395202637
hit_1: 0.09708683316009777
hit_5: 0.28412506671910553
hit_10: 0.41613057280107874
hit_20: 0.5952748827148355
ap: 0.199773371219635
no increase in recent 24 iters
#########################################################
################## epoch 100 ###########################
loss: 365.6982, len_train_loader:110
modified_target in every batch:405.3818
modified_hist in every batch :777.9818
########## current_metrics ##########
ndcg_1: 0.09469899148804675
ndcg_5: 0.18355698883533478
ndcg_10: 0.22406069934368134
ndcg_20: 0.26499494910240173
hit_1: 0.09469899148804675
hit_5: 0.2689833412928056
hit_10: 0.3950613815770992
hit_20: 0.5573784307666376
ap: 0.19417999684810638
########## best_metrics ##########
ndcg_1: 0.09708683316009777
ndcg_5: 0.19103063642978668
ndcg_10: 0.23350471258163452
ndcg_20: 0.27518725395202637
hit_1: 0.09708683316009777
hit_5: 0.28412506671910553
hit_10: 0.41613057280107874
hit_20: 0.5952748827148355
ap: 0.199773371219635
no increase in recent 25 iters
#########################################################
model saved at ./datasets/sports/model/SASRecsports-100-model.pkl
################## epoch 101 ###########################
loss: 349.7028, len_train_loader:110
modified_target in every batch:405.3818
modified_hist in every batch :773.9
########## current_metrics ##########
ndcg_1: 0.09700255639520185
ndcg_5: 0.18684741854667664
ndcg_10: 0.22748976945877075
ndcg_20: 0.26879096031188965
hit_1: 0.09700255639520185
hit_5: 0.2732533640475321
hit_10: 0.39980897266623594
hit_20: 0.5633620810742478
ap: 0.19715246558189392
########## best_metrics ##########
ndcg_1: 0.09708683316009777
ndcg_5: 0.19103063642978668
ndcg_10: 0.23350471258163452
ndcg_20: 0.27518725395202637
hit_1: 0.09708683316009777
hit_5: 0.28412506671910553
hit_10: 0.41613057280107874
hit_20: 0.5952748827148355
ap: 0.199773371219635
no increase in recent 26 iters
#########################################################
################## epoch 102 ###########################
loss: 341.2185, len_train_loader:110
modified_target in every batch:405.3818
modified_hist in every batch :773.1909
########## current_metrics ##########
ndcg_1: 0.09554175913700592
ndcg_5: 0.18693320453166962
ndcg_10: 0.22697952389717102
ndcg_20: 0.2677392065525055
hit_1: 0.09554175913700592
hit_5: 0.2751355451302076
hit_10: 0.39941568109672165
hit_20: 0.5612551619518499
ap: 0.19638919830322266
########## best_metrics ##########
ndcg_1: 0.09708683316009777
ndcg_5: 0.19103063642978668
ndcg_10: 0.23350471258163452
ndcg_20: 0.27518725395202637
hit_1: 0.09708683316009777
hit_5: 0.28412506671910553
hit_10: 0.41613057280107874
hit_20: 0.5952748827148355
ap: 0.199773371219635
no increase in recent 27 iters
#########################################################
################## epoch 103 ###########################
loss: 339.2578, len_train_loader:110
modified_target in every batch:405.3818
modified_hist in every batch :773.2545
########## current_metrics ##########
ndcg_1: 0.09669354159058348
ndcg_5: 0.18645024299621582
ndcg_10: 0.22732143104076385
ndcg_20: 0.26853153109550476
hit_1: 0.09669354159058348
hit_5: 0.2733938253223586
hit_10: 0.4005955558052645
hit_20: 0.5640362951934151
ap: 0.1966833472251892
########## best_metrics ##########
ndcg_1: 0.09708683316009777
ndcg_5: 0.19103063642978668
ndcg_10: 0.23350471258163452
ndcg_20: 0.27518725395202637
hit_1: 0.09708683316009777
hit_5: 0.28412506671910553
hit_10: 0.41613057280107874
hit_20: 0.5952748827148355
ap: 0.199773371219635
no increase in recent 28 iters
#########################################################
################## epoch 104 ###########################
loss: 343.1651, len_train_loader:110
modified_target in every batch:405.3818
modified_hist in every batch :771.9909
########## current_metrics ##########
ndcg_1: 0.09534511335224878
ndcg_5: 0.18438680469989777
ndcg_10: 0.22580735385417938
ndcg_20: 0.26663485169410706
hit_1: 0.09534511335224878
hit_5: 0.27027558502120963
hit_10: 0.3991347585470686
hit_20: 0.5612551619518499
ap: 0.1950259953737259
########## best_metrics ##########
ndcg_1: 0.09708683316009777
ndcg_5: 0.19103063642978668
ndcg_10: 0.23350471258163452
ndcg_20: 0.27518725395202637
hit_1: 0.09708683316009777
hit_5: 0.28412506671910553
hit_10: 0.41613057280107874
hit_20: 0.5952748827148355
ap: 0.199773371219635
no increase in recent 29 iters
#########################################################
################## epoch 105 ###########################
loss: 343.8234, len_train_loader:110
modified_target in every batch:405.3818
modified_hist in every batch :775.1818
########## current_metrics ##########
ndcg_1: 0.09630025002106919
ndcg_5: 0.18618729710578918
ndcg_10: 0.2270178496837616
ndcg_20: 0.26829344034194946
hit_1: 0.09630025002106919
hit_5: 0.273337640812428
hit_10: 0.39994943394106247
hit_20: 0.5636991881338315
ap: 0.19639822840690613
########## best_metrics ##########
ndcg_1: 0.09708683316009777
ndcg_5: 0.19103063642978668
ndcg_10: 0.23350471258163452
ndcg_20: 0.27518725395202637
hit_1: 0.09708683316009777
hit_5: 0.28412506671910553
hit_10: 0.41613057280107874
hit_20: 0.5952748827148355
ap: 0.199773371219635
no increase in recent 30 iters
#########################################################
################## epoch 106 ###########################
loss: 344.5281, len_train_loader:110
modified_target in every batch:405.3818
modified_hist in every batch :774.7273
########## current_metrics ##########
ndcg_1: 0.0949518217827345
ndcg_5: 0.18559639155864716
ndcg_10: 0.2259991466999054
ndcg_20: 0.26710352301597595
hit_1: 0.0949518217827345
hit_5: 0.2731971795376015
hit_10: 0.39896620501727675
hit_20: 0.5622664831306009
ap: 0.19534529745578766
########## best_metrics ##########
ndcg_1: 0.09708683316009777
ndcg_5: 0.19103063642978668
ndcg_10: 0.23350471258163452
ndcg_20: 0.27518725395202637
hit_1: 0.09708683316009777
hit_5: 0.28412506671910553
hit_10: 0.41613057280107874
hit_20: 0.5952748827148355
ap: 0.199773371219635
no increase in recent 31 iters
#########################################################
################## epoch 107 ###########################
loss: 346.2494, len_train_loader:110
modified_target in every batch:405.3818
modified_hist in every batch :772.7636
########## current_metrics ##########
ndcg_1: 0.09548557462707531
ndcg_5: 0.18431660532951355
ndcg_10: 0.225003182888031
ndcg_20: 0.26564955711364746
hit_1: 0.09548557462707531
hit_5: 0.2705565075708627
hit_10: 0.39674691687501756
hit_20: 0.5582773829255274
ap: 0.19469735026359558
########## best_metrics ##########
ndcg_1: 0.09708683316009777
ndcg_5: 0.19103063642978668
ndcg_10: 0.23350471258163452
ndcg_20: 0.27518725395202637
hit_1: 0.09708683316009777
hit_5: 0.28412506671910553
hit_10: 0.41613057280107874
hit_20: 0.5952748827148355
ap: 0.199773371219635
no increase in recent 32 iters
#########################################################
################## epoch 108 ###########################
loss: 347.7164, len_train_loader:110
modified_target in every batch:405.3818
modified_hist in every batch :772.3273
########## current_metrics ##########
ndcg_1: 0.094446161193359
ndcg_5: 0.1831759512424469
ndcg_10: 0.22474969923496246
ndcg_20: 0.2653832733631134
hit_1: 0.094446161193359
hit_5: 0.26951709413714636
hit_10: 0.3987695592325196
hit_20: 0.560159564008203
ap: 0.1937960684299469
########## best_metrics ##########
ndcg_1: 0.09708683316009777
ndcg_5: 0.19103063642978668
ndcg_10: 0.23350471258163452
ndcg_20: 0.27518725395202637
hit_1: 0.09708683316009777
hit_5: 0.28412506671910553
hit_10: 0.41613057280107874
hit_20: 0.5952748827148355
ap: 0.199773371219635
no increase in recent 33 iters
#########################################################
################## epoch 109 ###########################
loss: 347.8245, len_train_loader:110
modified_target in every batch:405.3818
modified_hist in every batch :777.5727
########## current_metrics ##########
ndcg_1: 0.09099081383262635
ndcg_5: 0.1798839420080185
ndcg_10: 0.22143030166625977
ndcg_20: 0.2622014284133911
hit_1: 0.09099081383262635
hit_5: 0.2658931932466219
hit_10: 0.3952018428519257
hit_20: 0.5568165856673315
ap: 0.19070954620838165
########## best_metrics ##########
ndcg_1: 0.09708683316009777
ndcg_5: 0.19103063642978668
ndcg_10: 0.23350471258163452
ndcg_20: 0.27518725395202637
hit_1: 0.09708683316009777
hit_5: 0.28412506671910553
hit_10: 0.41613057280107874
hit_20: 0.5952748827148355
ap: 0.199773371219635
no increase in recent 34 iters
#########################################################
################## epoch 110 ###########################
loss: 346.4059, len_train_loader:110
modified_target in every batch:405.3818
modified_hist in every batch :776.5818
########## current_metrics ##########
ndcg_1: 0.0922268730510998
ndcg_5: 0.18339768052101135
ndcg_10: 0.22356727719306946
ndcg_20: 0.2650182247161865
hit_1: 0.0922268730510998
hit_5: 0.271595921004579
hit_10: 0.39663454785515634
hit_20: 0.5607775936174396
ap: 0.19304123520851135
########## best_metrics ##########
ndcg_1: 0.09708683316009777
ndcg_5: 0.19103063642978668
ndcg_10: 0.23350471258163452
ndcg_20: 0.27518725395202637
hit_1: 0.09708683316009777
hit_5: 0.28412506671910553
hit_10: 0.41613057280107874
hit_20: 0.5952748827148355
ap: 0.199773371219635
no increase in recent 35 iters
#########################################################
################## epoch 111 ###########################
loss: 345.0841, len_train_loader:110
modified_target in every batch:405.3818
modified_hist in every batch :774.3455
########## current_metrics ##########
ndcg_1: 0.09599123521645082
ndcg_5: 0.18559019267559052
ndcg_10: 0.226842001080513
ndcg_20: 0.26727354526519775
hit_1: 0.09599123521645082
hit_5: 0.27302862600780964
hit_10: 0.4010450318847094
hit_20: 0.5617608225412254
ap: 0.19568079710006714
########## best_metrics ##########
ndcg_1: 0.09708683316009777
ndcg_5: 0.19103063642978668
ndcg_10: 0.23350471258163452
ndcg_20: 0.27518725395202637
hit_1: 0.09708683316009777
hit_5: 0.28412506671910553
hit_10: 0.41613057280107874
hit_20: 0.5952748827148355
ap: 0.199773371219635
no increase in recent 36 iters
#########################################################
################## epoch 112 ###########################
loss: 332.4309, len_train_loader:110
modified_target in every batch:405.3818
modified_hist in every batch :774.8727
########## current_metrics ##########
ndcg_1: 0.09486754501783858
ndcg_5: 0.1846868395805359
ndcg_10: 0.22584585845470428
ndcg_20: 0.26695945858955383
hit_1: 0.09486754501783858
hit_5: 0.27131499845492596
hit_10: 0.39930331207686043
hit_20: 0.5626316824451498
ap: 0.1950514167547226
########## best_metrics ##########
ndcg_1: 0.09708683316009777
ndcg_5: 0.19103063642978668
ndcg_10: 0.23350471258163452
ndcg_20: 0.27518725395202637
hit_1: 0.09708683316009777
hit_5: 0.28412506671910553
hit_10: 0.41613057280107874
hit_20: 0.5952748827148355
ap: 0.199773371219635
no increase in recent 37 iters
#########################################################
################## epoch 113 ###########################
loss: 322.9802, len_train_loader:110
modified_target in every batch:405.3818
modified_hist in every batch :771.3545
########## current_metrics ##########
ndcg_1: 0.0930977329550243
ndcg_5: 0.18320275843143463
ndcg_10: 0.22344882786273956
ndcg_20: 0.264845609664917
hit_1: 0.0930977329550243
hit_5: 0.26993847796162596
hit_10: 0.3951175660870298
hit_20: 0.5596539034188275
ap: 0.19330009818077087
########## best_metrics ##########
ndcg_1: 0.09708683316009777
ndcg_5: 0.19103063642978668
ndcg_10: 0.23350471258163452
ndcg_20: 0.27518725395202637
hit_1: 0.09708683316009777
hit_5: 0.28412506671910553
hit_10: 0.41613057280107874
hit_20: 0.5952748827148355
ap: 0.199773371219635
no increase in recent 38 iters
#########################################################
################## epoch 114 ###########################
loss: 321.4691, len_train_loader:110
modified_target in every batch:405.3818
modified_hist in every batch :775.6364
########## current_metrics ##########
ndcg_1: 0.09489563727280388
ndcg_5: 0.18494482338428497
ndcg_10: 0.2248564213514328
ndcg_20: 0.2655256986618042
hit_1: 0.09489563727280388
hit_5: 0.2720453970840239
hit_10: 0.3959322414810237
hit_20: 0.557406523021603
ap: 0.19469988346099854
########## best_metrics ##########
ndcg_1: 0.09708683316009777
ndcg_5: 0.19103063642978668
ndcg_10: 0.23350471258163452
ndcg_20: 0.27518725395202637
hit_1: 0.09708683316009777
hit_5: 0.28412506671910553
hit_10: 0.41613057280107874
hit_20: 0.5952748827148355
ap: 0.199773371219635
no increase in recent 39 iters
#########################################################
################## epoch 115 ###########################
loss: 324.2908, len_train_loader:110
modified_target in every batch:405.3818
modified_hist in every batch :778.7273
########## current_metrics ##########
ndcg_1: 0.09427760766356716
ndcg_5: 0.1838964968919754
ndcg_10: 0.22459723055362701
ndcg_20: 0.26528841257095337
hit_1: 0.09427760766356716
hit_5: 0.26982610894176473
hit_10: 0.39618507177571144
hit_20: 0.5578279068460825
ap: 0.19433307647705078
########## best_metrics ##########
ndcg_1: 0.09708683316009777
ndcg_5: 0.19103063642978668
ndcg_10: 0.23350471258163452
ndcg_20: 0.27518725395202637
hit_1: 0.09708683316009777
hit_5: 0.28412506671910553
hit_10: 0.41613057280107874
hit_20: 0.5952748827148355
ap: 0.199773371219635
no increase in recent 40 iters
#########################################################
################## epoch 116 ###########################
loss: 325.2921, len_train_loader:110
modified_target in every batch:405.3818
modified_hist in every batch :775.7273
########## current_metrics ##########
ndcg_1: 0.09388431609405287
ndcg_5: 0.1831045299768448
ndcg_10: 0.22295264899730682
ndcg_20: 0.26323142647743225
hit_1: 0.09388431609405287
hit_5: 0.2704722308059668
hit_10: 0.39438716745793184
hit_20: 0.5544006517403152
ap: 0.19267190992832184
########## best_metrics ##########
ndcg_1: 0.09708683316009777
ndcg_5: 0.19103063642978668
ndcg_10: 0.23350471258163452
ndcg_20: 0.27518725395202637
hit_1: 0.09708683316009777
hit_5: 0.28412506671910553
hit_10: 0.41613057280107874
hit_20: 0.5952748827148355
ap: 0.199773371219635
early stop
#########################################################
