nohup: ignoring input
########## DataInfo ##########
reading seq.dat
numUser:22362
numItem:12102
########## config ##########
thread_num: 4
dataset: beauty
eval_neg_num: 100
train_neg_num: 10
input_len: 50
rec_model: SASRec
train_type: train
save_epochs: [100, 200, 300, 400]
epoch_num: 500
learning_rate: 0.001
train_batch_size: 1024
test_batch_size: 256
drop_ratio: 0.1
decay_factor: 0.9
hidden_size: 50
num_hidden_layers: 1
num_attention_heads: 2
intermediate_size: 100
hidden_act: gelu
hidden_dropout_prob: 0.1
attention_probs_dropout_prob: 0.1
type_vocab_size: 1
initializer_range: 0.1
loss_type: pairwise_sample
weight_decay: 0.01
device: cuda
max_seq_len: 50
layer_size: 1
threshold: 1
noise_ratio: 0.05
candidate_num: 3
high_loss_drop: 0.05
weight_drop: 0.5
encoder_loss: False
user_num: 22362
item_num: 12102
generating train samples
train_size: 149958, time: 1.7771210670471191
abandoned 0(0.0) samples
valid user num: 22362
valid item num: 12090
generating test samples
test_size: 22362, time: 13.220795631408691
abandoned 0(0.0) samples
------------SASREC ENCODER YES------------
============================================================
Start Training
============================================================
################## epoch 0 ###########################
loss: 1391.3733, len_train_loader:147
modified_target in every batch:0.0
modified_hist in every batch :0.0
########## current_metrics ##########
ndcg_1: 0.01386280296932296
ndcg_5: 0.04130123555660248
ndcg_10: 0.0638158842921257
ndcg_20: 0.09605134278535843
hit_1: 0.01386280296932296
hit_5: 0.07007423307396476
hit_10: 0.14081924693676773
hit_20: 0.26951972095519183
ap: 0.0652732253074646
########## best_metrics ##########
ndcg_1: 0.01386280296932296
ndcg_5: 0.04130123555660248
ndcg_10: 0.0638158842921257
ndcg_20: 0.09605134278535843
hit_1: 0.01386280296932296
hit_5: 0.07007423307396476
hit_10: 0.14081924693676773
hit_20: 0.26951972095519183
ap: 0.0652732253074646
no increase in recent 0 iters
#########################################################
################## epoch 1 ###########################
loss: 1202.0914, len_train_loader:147
modified_target in every batch:1.9932
modified_hist in every batch :0.0
########## current_metrics ##########
ndcg_1: 0.01314730346122887
ndcg_5: 0.042167793959379196
ndcg_10: 0.06792100518941879
ndcg_20: 0.10374923050403595
hit_1: 0.01314730346122887
hit_5: 0.07257848135229407
hit_10: 0.1532957696091584
hit_20: 0.2955460155621143
ap: 0.06746802479028702
########## best_metrics ##########
ndcg_1: 0.01386280296932296
ndcg_5: 0.042167793959379196
ndcg_10: 0.06792100518941879
ndcg_20: 0.10374923050403595
hit_1: 0.01386280296932296
hit_5: 0.07257848135229407
hit_10: 0.1532957696091584
hit_20: 0.2955460155621143
ap: 0.06746802479028702
no increase in recent 0 iters
#########################################################
################## epoch 2 ###########################
loss: 1002.4015, len_train_loader:147
modified_target in every batch:4.9796
modified_hist in every batch :0.0
########## current_metrics ##########
ndcg_1: 0.03259994633753689
ndcg_5: 0.08795078098773956
ndcg_10: 0.12453586608171463
ndcg_20: 0.16299907863140106
hit_1: 0.03259994633753689
hit_5: 0.14573830605491458
hit_10: 0.25963688399964224
hit_20: 0.41217243538145065
ap: 0.108112633228302
########## best_metrics ##########
ndcg_1: 0.03259994633753689
ndcg_5: 0.08795078098773956
ndcg_10: 0.12453586608171463
ndcg_20: 0.16299907863140106
hit_1: 0.03259994633753689
hit_5: 0.14573830605491458
hit_10: 0.25963688399964224
hit_20: 0.41217243538145065
ap: 0.108112633228302
no increase in recent 0 iters
#########################################################
################## epoch 3 ###########################
loss: 825.8776, len_train_loader:147
modified_target in every batch:7.966
modified_hist in every batch :0.0
########## current_metrics ##########
ndcg_1: 0.04986137197030677
ndcg_5: 0.1204986497759819
ndcg_10: 0.15962734818458557
ndcg_20: 0.2006879597902298
hit_1: 0.04986137197030677
hit_5: 0.19170914944995976
hit_10: 0.31307575351041944
hit_20: 0.4762990787943833
ap: 0.13710854947566986
########## best_metrics ##########
ndcg_1: 0.04986137197030677
ndcg_5: 0.1204986497759819
ndcg_10: 0.15962734818458557
ndcg_20: 0.2006879597902298
hit_1: 0.04986137197030677
hit_5: 0.19170914944995976
hit_10: 0.31307575351041944
hit_20: 0.4762990787943833
ap: 0.13710854947566986
no increase in recent 0 iters
#########################################################
################## epoch 4 ###########################
loss: 704.8077, len_train_loader:147
modified_target in every batch:9.9592
modified_hist in every batch :0.0
########## current_metrics ##########
ndcg_1: 0.06994007691619712
ndcg_5: 0.1535942107439041
ndcg_10: 0.1919988989830017
ndcg_20: 0.23132377862930298
hit_1: 0.06994007691619712
hit_5: 0.2370092120561667
hit_10: 0.35645291118862354
hit_20: 0.5126106788301583
ap: 0.16464413702487946
########## best_metrics ##########
ndcg_1: 0.06994007691619712
ndcg_5: 0.1535942107439041
ndcg_10: 0.1919988989830017
ndcg_20: 0.23132377862930298
hit_1: 0.06994007691619712
hit_5: 0.2370092120561667
hit_10: 0.35645291118862354
hit_20: 0.5126106788301583
ap: 0.16464413702487946
no increase in recent 0 iters
#########################################################
################## epoch 5 ###########################
loss: 605.5211, len_train_loader:147
modified_target in every batch:12.9456
modified_hist in every batch :0.0
########## current_metrics ##########
ndcg_1: 0.08138806904570253
ndcg_5: 0.1712188869714737
ndcg_10: 0.20964661240577698
ndcg_20: 0.24664242565631866
hit_1: 0.08138806904570253
hit_5: 0.26057597710401575
hit_10: 0.37988552007870496
hit_20: 0.5268312315535283
ap: 0.17945845425128937
########## best_metrics ##########
ndcg_1: 0.08138806904570253
ndcg_5: 0.1712188869714737
ndcg_10: 0.20964661240577698
ndcg_20: 0.24664242565631866
hit_1: 0.08138806904570253
hit_5: 0.26057597710401575
hit_10: 0.37988552007870496
hit_20: 0.5268312315535283
ap: 0.17945845425128937
no increase in recent 0 iters
#########################################################
################## epoch 6 ###########################
loss: 518.3951, len_train_loader:147
modified_target in every batch:15.9388
modified_hist in every batch :0.0
########## current_metrics ##########
ndcg_1: 0.09310437349074323
ndcg_5: 0.18490955233573914
ndcg_10: 0.22204367816448212
ndcg_20: 0.25871673226356506
hit_1: 0.09310437349074323
hit_5: 0.27457293623110635
hit_10: 0.3894106072802075
hit_20: 0.5350147571773545
ap: 0.1922304928302765
########## best_metrics ##########
ndcg_1: 0.09310437349074323
ndcg_5: 0.18490955233573914
ndcg_10: 0.22204367816448212
ndcg_20: 0.25871673226356506
hit_1: 0.09310437349074323
hit_5: 0.27457293623110635
hit_10: 0.3894106072802075
hit_20: 0.5350147571773545
ap: 0.1922304928302765
no increase in recent 0 iters
#########################################################
################## epoch 7 ###########################
loss: 445.7946, len_train_loader:147
modified_target in every batch:17.932
modified_hist in every batch :0.0
########## current_metrics ##########
ndcg_1: 0.09641355871567839
ndcg_5: 0.19286827743053436
ndcg_10: 0.23011331260204315
ndcg_20: 0.26546528935432434
hit_1: 0.09641355871567839
hit_5: 0.2854395850102853
hit_10: 0.4009033181289688
hit_20: 0.5409176281191307
ap: 0.19868241250514984
########## best_metrics ##########
ndcg_1: 0.09641355871567839
ndcg_5: 0.19286827743053436
ndcg_10: 0.23011331260204315
ndcg_20: 0.26546528935432434
hit_1: 0.09641355871567839
hit_5: 0.2854395850102853
hit_10: 0.4009033181289688
hit_20: 0.5409176281191307
ap: 0.19868241250514984
no increase in recent 0 iters
#########################################################
################## epoch 8 ###########################
loss: 387.4791, len_train_loader:147
modified_target in every batch:20.9184
modified_hist in every batch :0.0
########## current_metrics ##########
ndcg_1: 0.10589392719792505
ndcg_5: 0.20305217802524567
ndcg_10: 0.23980630934238434
ndcg_20: 0.27492398023605347
hit_1: 0.10589392719792505
hit_5: 0.2959932027546731
hit_10: 0.40971290582237724
hit_20: 0.549011716304445
ap: 0.2082732617855072
########## best_metrics ##########
ndcg_1: 0.10589392719792505
ndcg_5: 0.20305217802524567
ndcg_10: 0.23980630934238434
ndcg_20: 0.27492398023605347
hit_1: 0.10589392719792505
hit_5: 0.2959932027546731
hit_10: 0.40971290582237724
hit_20: 0.549011716304445
ap: 0.2082732617855072
no increase in recent 0 iters
#########################################################
################## epoch 9 ###########################
loss: 340.7716, len_train_loader:147
modified_target in every batch:23.9048
modified_hist in every batch :0.0
########## current_metrics ##########
ndcg_1: 0.10821930059923084
ndcg_5: 0.2062535434961319
ndcg_10: 0.24263745546340942
ndcg_20: 0.27676233649253845
hit_1: 0.10821930059923084
hit_5: 0.2997048564529112
hit_10: 0.41226187281996246
hit_20: 0.547893748323048
ap: 0.21083909273147583
########## best_metrics ##########
ndcg_1: 0.10821930059923084
ndcg_5: 0.2062535434961319
ndcg_10: 0.24263745546340942
ndcg_20: 0.27676233649253845
hit_1: 0.10821930059923084
hit_5: 0.2997048564529112
hit_10: 0.41226187281996246
hit_20: 0.549011716304445
ap: 0.21083909273147583
no increase in recent 0 iters
#########################################################
################## epoch 10 ###########################
loss: 304.7021, len_train_loader:147
modified_target in every batch:25.898
modified_hist in every batch :0.0
########## current_metrics ##########
ndcg_1: 0.10978445577318666
ndcg_5: 0.2089303582906723
ndcg_10: 0.24435655772686005
ndcg_20: 0.27869999408721924
hit_1: 0.10978445577318666
hit_5: 0.3019407924157052
hit_10: 0.4116358107503801
hit_20: 0.5481620606385833
ap: 0.21315565705299377
########## best_metrics ##########
ndcg_1: 0.10978445577318666
ndcg_5: 0.2089303582906723
ndcg_10: 0.24435655772686005
ndcg_20: 0.27869999408721924
hit_1: 0.10978445577318666
hit_5: 0.3019407924157052
hit_10: 0.41226187281996246
hit_20: 0.549011716304445
ap: 0.21315565705299377
no increase in recent 0 iters
#########################################################
################## epoch 11 ###########################
loss: 274.1752, len_train_loader:147
modified_target in every batch:28.8912
modified_hist in every batch :0.0
########## current_metrics ##########
ndcg_1: 0.1138091405062159
ndcg_5: 0.2115001082420349
ndcg_10: 0.24676911532878876
ndcg_20: 0.28057044744491577
hit_1: 0.1138091405062159
hit_5: 0.30364010374742867
hit_10: 0.4130220910473124
hit_20: 0.547535998569001
ap: 0.21573284268379211
########## best_metrics ##########
ndcg_1: 0.1138091405062159
ndcg_5: 0.2115001082420349
ndcg_10: 0.24676911532878876
ndcg_20: 0.28057044744491577
hit_1: 0.1138091405062159
hit_5: 0.30364010374742867
hit_10: 0.4130220910473124
hit_20: 0.549011716304445
ap: 0.21573284268379211
no increase in recent 0 iters
#########################################################
################## epoch 12 ###########################
loss: 249.6543, len_train_loader:147
modified_target in every batch:31.8776
modified_hist in every batch :0.0
########## current_metrics ##########
ndcg_1: 0.11805741883552455
ndcg_5: 0.213809996843338
ndcg_10: 0.2489227056503296
ndcg_20: 0.28276631236076355
hit_1: 0.11805741883552455
hit_5: 0.3037742599051963
hit_10: 0.4127090600125212
hit_20: 0.5469099364994187
ap: 0.21876496076583862
########## best_metrics ##########
ndcg_1: 0.11805741883552455
ndcg_5: 0.213809996843338
ndcg_10: 0.2489227056503296
ndcg_20: 0.28276631236076355
hit_1: 0.11805741883552455
hit_5: 0.3037742599051963
hit_10: 0.4130220910473124
hit_20: 0.549011716304445
ap: 0.21876496076583862
no increase in recent 0 iters
#########################################################
################## epoch 13 ###########################
loss: 229.7814, len_train_loader:147
modified_target in every batch:34.8639
modified_hist in every batch :0.0
########## current_metrics ##########
ndcg_1: 0.11872819962436276
ndcg_5: 0.21659444272518158
ndcg_10: 0.251067191362381
ndcg_20: 0.28370776772499084
hit_1: 0.11872819962436276
hit_5: 0.308380287988552
hit_10: 0.4153027457293623
hit_20: 0.5449423128521599
ap: 0.22040976583957672
########## best_metrics ##########
ndcg_1: 0.11872819962436276
ndcg_5: 0.21659444272518158
ndcg_10: 0.251067191362381
ndcg_20: 0.28370776772499084
hit_1: 0.11872819962436276
hit_5: 0.308380287988552
hit_10: 0.4153027457293623
hit_20: 0.549011716304445
ap: 0.22040976583957672
no increase in recent 0 iters
#########################################################
################## epoch 14 ###########################
loss: 213.5473, len_train_loader:147
modified_target in every batch:36.8571
modified_hist in every batch :0.0
########## current_metrics ##########
ndcg_1: 0.12087469814864503
ndcg_5: 0.2179432362318039
ndcg_10: 0.25263699889183044
ndcg_20: 0.28561753034591675
hit_1: 0.12087469814864503
hit_5: 0.3086933190233432
hit_10: 0.4162418388337358
hit_20: 0.5471335300956981
ap: 0.2222461849451065
########## best_metrics ##########
ndcg_1: 0.12087469814864503
ndcg_5: 0.2179432362318039
ndcg_10: 0.25263699889183044
ndcg_20: 0.28561753034591675
hit_1: 0.12087469814864503
hit_5: 0.3086933190233432
hit_10: 0.4162418388337358
hit_20: 0.549011716304445
ap: 0.2222461849451065
no increase in recent 0 iters
#########################################################
################## epoch 15 ###########################
loss: 199.1719, len_train_loader:147
modified_target in every batch:39.8435
modified_hist in every batch :0.0
########## current_metrics ##########
ndcg_1: 0.12427332081209194
ndcg_5: 0.22057731449604034
ndcg_10: 0.25437024235725403
ndcg_20: 0.2881213426589966
hit_1: 0.12427332081209194
hit_5: 0.3098112870047402
hit_10: 0.41467668365978
hit_20: 0.5488328414274215
ap: 0.22502699494361877
########## best_metrics ##########
ndcg_1: 0.12427332081209194
ndcg_5: 0.22057731449604034
ndcg_10: 0.25437024235725403
ndcg_20: 0.2881213426589966
hit_1: 0.12427332081209194
hit_5: 0.3098112870047402
hit_10: 0.4162418388337358
hit_20: 0.549011716304445
ap: 0.22502699494361877
no increase in recent 0 iters
#########################################################
################## epoch 16 ###########################
loss: 188.0935, len_train_loader:147
modified_target in every batch:42.8367
modified_hist in every batch :0.0
########## current_metrics ##########
ndcg_1: 0.12570431982828012
ndcg_5: 0.22125832736492157
ndcg_10: 0.2546885311603546
ndcg_20: 0.28820523619651794
hit_1: 0.12570431982828012
hit_5: 0.3111528485824166
hit_10: 0.4148108398175476
hit_20: 0.5479384670423039
ap: 0.22539035975933075
########## best_metrics ##########
ndcg_1: 0.12570431982828012
ndcg_5: 0.22125832736492157
ndcg_10: 0.2546885311603546
ndcg_20: 0.28820523619651794
hit_1: 0.12570431982828012
hit_5: 0.3111528485824166
hit_10: 0.4162418388337358
hit_20: 0.549011716304445
ap: 0.22539035975933075
no increase in recent 0 iters
#########################################################
################## epoch 17 ###########################
loss: 178.2923, len_train_loader:147
modified_target in every batch:44.8299
modified_hist in every batch :0.0
########## current_metrics ##########
ndcg_1: 0.12977372328056525
ndcg_5: 0.22426952421665192
ndcg_10: 0.25789839029312134
ndcg_20: 0.2911553978919983
hit_1: 0.12977372328056525
hit_5: 0.3132993471066989
hit_10: 0.41758340041141223
hit_20: 0.5497272158125391
ap: 0.22868052124977112
########## best_metrics ##########
ndcg_1: 0.12977372328056525
ndcg_5: 0.22426952421665192
ndcg_10: 0.25789839029312134
ndcg_20: 0.2911553978919983
hit_1: 0.12977372328056525
hit_5: 0.3132993471066989
hit_10: 0.41758340041141223
hit_20: 0.5497272158125391
ap: 0.22868052124977112
no increase in recent 0 iters
#########################################################
################## epoch 18 ###########################
loss: 168.6951, len_train_loader:147
modified_target in every batch:47.8163
modified_hist in every batch :0.0
########## current_metrics ##########
ndcg_1: 0.13013147303461228
ndcg_5: 0.22360199689865112
ndcg_10: 0.25741812586784363
ndcg_20: 0.29053565859794617
hit_1: 0.13013147303461228
hit_5: 0.31088453626688134
hit_10: 0.4160182452374564
hit_20: 0.5476701547267686
ap: 0.22854742407798767
########## best_metrics ##########
ndcg_1: 0.13013147303461228
ndcg_5: 0.22426952421665192
ndcg_10: 0.25789839029312134
ndcg_20: 0.2911553978919983
hit_1: 0.13013147303461228
hit_5: 0.3132993471066989
hit_10: 0.41758340041141223
hit_20: 0.5497272158125391
ap: 0.22868052124977112
no increase in recent 0 iters
#########################################################
################## epoch 19 ###########################
loss: 162.2682, len_train_loader:147
modified_target in every batch:50.8027
modified_hist in every batch :0.0
########## current_metrics ##########
ndcg_1: 0.1296842858420535
ndcg_5: 0.2247135490179062
ndcg_10: 0.2570168673992157
ndcg_20: 0.2907804250717163
hit_1: 0.1296842858420535
hit_5: 0.31370181558000176
hit_10: 0.4137375905554065
hit_20: 0.5477148734460245
ap: 0.2287730574607849
########## best_metrics ##########
ndcg_1: 0.13013147303461228
ndcg_5: 0.2247135490179062
ndcg_10: 0.25789839029312134
ndcg_20: 0.2911553978919983
hit_1: 0.13013147303461228
hit_5: 0.31370181558000176
hit_10: 0.41758340041141223
hit_20: 0.5497272158125391
ap: 0.2287730574607849
no increase in recent 0 iters
#########################################################
################## epoch 20 ###########################
loss: 155.5275, len_train_loader:147
modified_target in every batch:50.8027
modified_hist in every batch :485.4762
########## current_metrics ##########
ndcg_1: 0.13013147303461228
ndcg_5: 0.2228776216506958
ndcg_10: 0.2563305199146271
ndcg_20: 0.29041022062301636
hit_1: 0.13013147303461228
hit_5: 0.3099454431625078
hit_10: 0.4136928718361506
hit_20: 0.5491905911814685
ap: 0.2279798984527588
########## best_metrics ##########
ndcg_1: 0.13013147303461228
ndcg_5: 0.2247135490179062
ndcg_10: 0.25789839029312134
ndcg_20: 0.2911553978919983
hit_1: 0.13013147303461228
hit_5: 0.31370181558000176
hit_10: 0.41758340041141223
hit_20: 0.5497272158125391
ap: 0.2287730574607849
no increase in recent 1 iters
#########################################################
################## epoch 21 ###########################
loss: 150.2959, len_train_loader:147
modified_target in every batch:50.8027
modified_hist in every batch :486.8912
########## current_metrics ##########
ndcg_1: 0.12928181736875055
ndcg_5: 0.2243606448173523
ndcg_10: 0.2580112814903259
ndcg_20: 0.2910364866256714
hit_1: 0.12928181736875055
hit_5: 0.3129863160719077
hit_10: 0.4174492442536446
hit_20: 0.5489669975851892
ap: 0.2287134826183319
########## best_metrics ##########
ndcg_1: 0.13013147303461228
ndcg_5: 0.2247135490179062
ndcg_10: 0.2580112814903259
ndcg_20: 0.2911553978919983
hit_1: 0.13013147303461228
hit_5: 0.31370181558000176
hit_10: 0.41758340041141223
hit_20: 0.5497272158125391
ap: 0.2287730574607849
no increase in recent 0 iters
#########################################################
################## epoch 22 ###########################
loss: 144.5588, len_train_loader:147
modified_target in every batch:50.8027
modified_hist in every batch :485.2993
########## current_metrics ##########
ndcg_1: 0.13160719077005634
ndcg_5: 0.2249383181333542
ndcg_10: 0.2576209008693695
ndcg_20: 0.2912079989910126
hit_1: 0.13160719077005634
hit_5: 0.3127627224756283
hit_10: 0.41414005902870943
hit_20: 0.5476701547267686
ap: 0.22938871383666992
########## best_metrics ##########
ndcg_1: 0.13160719077005634
ndcg_5: 0.2249383181333542
ndcg_10: 0.2580112814903259
ndcg_20: 0.2912079989910126
hit_1: 0.13160719077005634
hit_5: 0.31370181558000176
hit_10: 0.41758340041141223
hit_20: 0.5497272158125391
ap: 0.22938871383666992
no increase in recent 0 iters
#########################################################
################## epoch 23 ###########################
loss: 140.8404, len_train_loader:147
modified_target in every batch:50.8027
modified_hist in every batch :482.0748
########## current_metrics ##########
ndcg_1: 0.13138359717377696
ndcg_5: 0.22502529621124268
ndcg_10: 0.25766298174858093
ndcg_20: 0.2915516495704651
hit_1: 0.13138359717377696
hit_5: 0.31271800375637243
hit_10: 0.4140506215901977
hit_20: 0.5485645291118862
ap: 0.22955413162708282
########## best_metrics ##########
ndcg_1: 0.13160719077005634
ndcg_5: 0.22502529621124268
ndcg_10: 0.2580112814903259
ndcg_20: 0.2915516495704651
hit_1: 0.13160719077005634
hit_5: 0.31370181558000176
hit_10: 0.41758340041141223
hit_20: 0.5497272158125391
ap: 0.22955413162708282
no increase in recent 0 iters
#########################################################
################## epoch 24 ###########################
loss: 136.688, len_train_loader:147
modified_target in every batch:50.8027
modified_hist in every batch :485.3946
########## current_metrics ##########
ndcg_1: 0.13129415973526518
ndcg_5: 0.22445498406887054
ndcg_10: 0.2573404610157013
ndcg_20: 0.2913498878479004
hit_1: 0.13129415973526518
hit_5: 0.3119577855290224
hit_10: 0.41396118415168587
hit_20: 0.5492353099007244
ap: 0.22912992537021637
########## best_metrics ##########
ndcg_1: 0.13160719077005634
ndcg_5: 0.22502529621124268
ndcg_10: 0.2580112814903259
ndcg_20: 0.2915516495704651
hit_1: 0.13160719077005634
hit_5: 0.31370181558000176
hit_10: 0.41758340041141223
hit_20: 0.5497272158125391
ap: 0.22955413162708282
no increase in recent 1 iters
#########################################################
################## epoch 25 ###########################
loss: 131.9327, len_train_loader:147
modified_target in every batch:50.8027
modified_hist in every batch :485.7483
########## current_metrics ##########
ndcg_1: 0.13004203559610053
ndcg_5: 0.22166766226291656
ndcg_10: 0.2548953592777252
ndcg_20: 0.2885579764842987
hit_1: 0.13004203559610053
hit_5: 0.30690457025310797
hit_10: 0.40998121813791255
hit_20: 0.543779626151507
ap: 0.2272445112466812
########## best_metrics ##########
ndcg_1: 0.13160719077005634
ndcg_5: 0.22502529621124268
ndcg_10: 0.2580112814903259
ndcg_20: 0.2915516495704651
hit_1: 0.13160719077005634
hit_5: 0.31370181558000176
hit_10: 0.41758340041141223
hit_20: 0.5497272158125391
ap: 0.22955413162708282
no increase in recent 2 iters
#########################################################
################## epoch 26 ###########################
loss: 128.4029, len_train_loader:147
modified_target in every batch:50.8027
modified_hist in every batch :484.1156
########## current_metrics ##########
ndcg_1: 0.13133887845452105
ndcg_5: 0.22298230230808258
ndcg_10: 0.25664180517196655
ndcg_20: 0.2897820472717285
hit_1: 0.13133887845452105
hit_5: 0.30878275646185493
hit_10: 0.4132009659243359
hit_20: 0.5449423128521599
ap: 0.2283911257982254
########## best_metrics ##########
ndcg_1: 0.13160719077005634
ndcg_5: 0.22502529621124268
ndcg_10: 0.2580112814903259
ndcg_20: 0.2915516495704651
hit_1: 0.13160719077005634
hit_5: 0.31370181558000176
hit_10: 0.41758340041141223
hit_20: 0.5497272158125391
ap: 0.22955413162708282
no increase in recent 3 iters
#########################################################
################## epoch 27 ###########################
loss: 127.4934, len_train_loader:147
modified_target in every batch:50.8027
modified_hist in every batch :481.7891
########## current_metrics ##########
ndcg_1: 0.12977372328056525
ndcg_5: 0.22221793234348297
ndcg_10: 0.25557973980903625
ndcg_20: 0.2892290949821472
hit_1: 0.12977372328056525
hit_5: 0.3088721939003667
hit_10: 0.4127090600125212
hit_20: 0.5465969054646275
ap: 0.22722382843494415
########## best_metrics ##########
ndcg_1: 0.13160719077005634
ndcg_5: 0.22502529621124268
ndcg_10: 0.2580112814903259
ndcg_20: 0.2915516495704651
hit_1: 0.13160719077005634
hit_5: 0.31370181558000176
hit_10: 0.41758340041141223
hit_20: 0.5497272158125391
ap: 0.22955413162708282
no increase in recent 4 iters
#########################################################
################## epoch 28 ###########################
loss: 123.0511, len_train_loader:147
modified_target in every batch:50.8027
modified_hist in every batch :484.8367
########## current_metrics ##########
ndcg_1: 0.13250156515517394
ndcg_5: 0.22491799294948578
ndcg_10: 0.2576516568660736
ndcg_20: 0.2917838394641876
hit_1: 0.13250156515517394
hit_5: 0.3116000357749754
hit_10: 0.4132009659243359
hit_20: 0.5489669975851892
ap: 0.22980092465877533
########## best_metrics ##########
ndcg_1: 0.13250156515517394
ndcg_5: 0.22502529621124268
ndcg_10: 0.2580112814903259
ndcg_20: 0.2917838394641876
hit_1: 0.13250156515517394
hit_5: 0.31370181558000176
hit_10: 0.41758340041141223
hit_20: 0.5497272158125391
ap: 0.22980092465877533
no increase in recent 0 iters
#########################################################
################## epoch 29 ###########################
loss: 120.6409, len_train_loader:147
modified_target in every batch:50.8027
modified_hist in every batch :484.9864
########## current_metrics ##########
ndcg_1: 0.13317234594401217
ndcg_5: 0.2240966111421585
ndcg_10: 0.2571466863155365
ndcg_20: 0.29167401790618896
hit_1: 0.13317234594401217
hit_5: 0.3091852249351579
hit_10: 0.4117252481888919
hit_20: 0.5492800286199804
ap: 0.22963327169418335
########## best_metrics ##########
ndcg_1: 0.13317234594401217
ndcg_5: 0.22502529621124268
ndcg_10: 0.2580112814903259
ndcg_20: 0.2917838394641876
hit_1: 0.13317234594401217
hit_5: 0.31370181558000176
hit_10: 0.41758340041141223
hit_20: 0.5497272158125391
ap: 0.22980092465877533
no increase in recent 0 iters
#########################################################
################## epoch 30 ###########################
loss: 119.6491, len_train_loader:147
modified_target in every batch:50.8027
modified_hist in every batch :484.7755
########## current_metrics ##########
ndcg_1: 0.13317234594401217
ndcg_5: 0.22570769488811493
ndcg_10: 0.25801151990890503
ndcg_20: 0.2923848628997803
hit_1: 0.13317234594401217
hit_5: 0.3118236293712548
hit_10: 0.41217243538145065
hit_20: 0.5488328414274215
ap: 0.23059947788715363
########## best_metrics ##########
ndcg_1: 0.13317234594401217
ndcg_5: 0.22570769488811493
ndcg_10: 0.25801151990890503
ndcg_20: 0.2923848628997803
hit_1: 0.13317234594401217
hit_5: 0.31370181558000176
hit_10: 0.41758340041141223
hit_20: 0.5497272158125391
ap: 0.23059947788715363
no increase in recent 0 iters
#########################################################
################## epoch 31 ###########################
loss: 116.9987, len_train_loader:147
modified_target in every batch:50.8027
modified_hist in every batch :483.6871
########## current_metrics ##########
ndcg_1: 0.1319202218048475
ndcg_5: 0.22376039624214172
ndcg_10: 0.2561706602573395
ndcg_20: 0.29036232829093933
hit_1: 0.1319202218048475
hit_5: 0.30922994365441375
hit_10: 0.40989178069940074
hit_20: 0.5457919685180217
ap: 0.22890028357505798
########## best_metrics ##########
ndcg_1: 0.13317234594401217
ndcg_5: 0.22570769488811493
ndcg_10: 0.25801151990890503
ndcg_20: 0.2923848628997803
hit_1: 0.13317234594401217
hit_5: 0.31370181558000176
hit_10: 0.41758340041141223
hit_20: 0.5497272158125391
ap: 0.23059947788715363
no increase in recent 1 iters
#########################################################
################## epoch 32 ###########################
loss: 114.654, len_train_loader:147
modified_target in every batch:50.8027
modified_hist in every batch :482.5306
########## current_metrics ##########
ndcg_1: 0.13227797155889456
ndcg_5: 0.2233031839132309
ndcg_10: 0.2561493515968323
ndcg_20: 0.2896468937397003
hit_1: 0.13227797155889456
hit_5: 0.3081566943922726
hit_10: 0.4100706555764243
hit_20: 0.5431535640819247
ap: 0.2287673056125641
########## best_metrics ##########
ndcg_1: 0.13317234594401217
ndcg_5: 0.22570769488811493
ndcg_10: 0.25801151990890503
ndcg_20: 0.2923848628997803
hit_1: 0.13317234594401217
hit_5: 0.31370181558000176
hit_10: 0.41758340041141223
hit_20: 0.5497272158125391
ap: 0.23059947788715363
no increase in recent 2 iters
#########################################################
################## epoch 33 ###########################
loss: 111.3968, len_train_loader:147
modified_target in every batch:50.8027
modified_hist in every batch :484.2109
########## current_metrics ##########
ndcg_1: 0.13107056613898577
ndcg_5: 0.22292834520339966
ndcg_10: 0.25648319721221924
ndcg_20: 0.2898511588573456
hit_1: 0.13107056613898577
hit_5: 0.308022538234505
hit_10: 0.41230659153921834
hit_20: 0.5448081566943923
ap: 0.22845973074436188
########## best_metrics ##########
ndcg_1: 0.13317234594401217
ndcg_5: 0.22570769488811493
ndcg_10: 0.25801151990890503
ndcg_20: 0.2923848628997803
hit_1: 0.13317234594401217
hit_5: 0.31370181558000176
hit_10: 0.41758340041141223
hit_20: 0.5497272158125391
ap: 0.23059947788715363
no increase in recent 3 iters
#########################################################
################## epoch 34 ###########################
loss: 108.7067, len_train_loader:147
modified_target in every batch:50.8027
modified_hist in every batch :485.7007
########## current_metrics ##########
ndcg_1: 0.12955012968428584
ndcg_5: 0.22049571573734283
ndcg_10: 0.25431305170059204
ndcg_20: 0.28723660111427307
hit_1: 0.12955012968428584
hit_5: 0.3054288525176639
hit_10: 0.4104731240497272
hit_20: 0.5413200965924336
ap: 0.2262149304151535
########## best_metrics ##########
ndcg_1: 0.13317234594401217
ndcg_5: 0.22570769488811493
ndcg_10: 0.25801151990890503
ndcg_20: 0.2923848628997803
hit_1: 0.13317234594401217
hit_5: 0.31370181558000176
hit_10: 0.41758340041141223
hit_20: 0.5497272158125391
ap: 0.23059947788715363
no increase in recent 4 iters
#########################################################
################## epoch 35 ###########################
loss: 107.9025, len_train_loader:147
modified_target in every batch:50.8027
modified_hist in every batch :484.0612
########## current_metrics ##########
ndcg_1: 0.13388784545210625
ndcg_5: 0.22552339732646942
ndcg_10: 0.25778913497924805
ndcg_20: 0.29190778732299805
hit_1: 0.13388784545210625
hit_5: 0.311376442178696
hit_10: 0.41154637331186833
hit_20: 0.5469993739379304
ap: 0.23049695789813995
########## best_metrics ##########
ndcg_1: 0.13388784545210625
ndcg_5: 0.22570769488811493
ndcg_10: 0.25801151990890503
ndcg_20: 0.2923848628997803
hit_1: 0.13388784545210625
hit_5: 0.31370181558000176
hit_10: 0.41758340041141223
hit_20: 0.5497272158125391
ap: 0.23059947788715363
no increase in recent 0 iters
#########################################################
################## epoch 36 ###########################
loss: 107.1913, len_train_loader:147
modified_target in every batch:50.8027
modified_hist in every batch :484.6871
########## current_metrics ##########
ndcg_1: 0.13232269027815044
ndcg_5: 0.22437700629234314
ndcg_10: 0.2563135325908661
ndcg_20: 0.2902122735977173
hit_1: 0.13232269027815044
hit_5: 0.31106341114390484
hit_10: 0.4105178427689831
hit_20: 0.5453447813254628
ap: 0.22887514531612396
########## best_metrics ##########
ndcg_1: 0.13388784545210625
ndcg_5: 0.22570769488811493
ndcg_10: 0.25801151990890503
ndcg_20: 0.2923848628997803
hit_1: 0.13388784545210625
hit_5: 0.31370181558000176
hit_10: 0.41758340041141223
hit_20: 0.5497272158125391
ap: 0.23059947788715363
no increase in recent 1 iters
#########################################################
################## epoch 37 ###########################
loss: 105.3151, len_train_loader:147
modified_target in every batch:50.8027
modified_hist in every batch :484.1769
########## current_metrics ##########
ndcg_1: 0.13120472229675342
ndcg_5: 0.22333768010139465
ndcg_10: 0.2557263672351837
ndcg_20: 0.289480596780777
hit_1: 0.13120472229675342
hit_5: 0.30958769340846076
hit_10: 0.4100706555764243
hit_20: 0.5441820946248099
ap: 0.22819562256336212
########## best_metrics ##########
ndcg_1: 0.13388784545210625
ndcg_5: 0.22570769488811493
ndcg_10: 0.25801151990890503
ndcg_20: 0.2923848628997803
hit_1: 0.13388784545210625
hit_5: 0.31370181558000176
hit_10: 0.41758340041141223
hit_20: 0.5497272158125391
ap: 0.23059947788715363
no increase in recent 2 iters
#########################################################
################## epoch 38 ###########################
loss: 104.4359, len_train_loader:147
modified_target in every batch:50.8027
modified_hist in every batch :487.2857
########## current_metrics ##########
ndcg_1: 0.1324121277166622
ndcg_5: 0.22445756196975708
ndcg_10: 0.2569364011287689
ndcg_20: 0.2901919484138489
hit_1: 0.1324121277166622
hit_5: 0.31012431803953133
hit_10: 0.410920311242286
hit_20: 0.5429299704856453
ap: 0.2294238805770874
########## best_metrics ##########
ndcg_1: 0.13388784545210625
ndcg_5: 0.22570769488811493
ndcg_10: 0.25801151990890503
ndcg_20: 0.2923848628997803
hit_1: 0.13388784545210625
hit_5: 0.31370181558000176
hit_10: 0.41758340041141223
hit_20: 0.5497272158125391
ap: 0.23059947788715363
no increase in recent 3 iters
#########################################################
################## epoch 39 ###########################
loss: 102.3234, len_train_loader:147
modified_target in every batch:50.8027
modified_hist in every batch :485.8231
########## current_metrics ##########
ndcg_1: 0.13160719077005634
ndcg_5: 0.22375968098640442
ndcg_10: 0.25604909658432007
ndcg_20: 0.2893834114074707
hit_1: 0.13160719077005634
hit_5: 0.3099454431625078
hit_10: 0.41020481173419193
hit_20: 0.5428852517663895
ap: 0.22844964265823364
########## best_metrics ##########
ndcg_1: 0.13388784545210625
ndcg_5: 0.22570769488811493
ndcg_10: 0.25801151990890503
ndcg_20: 0.2923848628997803
hit_1: 0.13388784545210625
hit_5: 0.31370181558000176
hit_10: 0.41758340041141223
hit_20: 0.5497272158125391
ap: 0.23059947788715363
no increase in recent 4 iters
#########################################################
################## epoch 40 ###########################
loss: 102.0794, len_train_loader:147
modified_target in every batch:50.8027
modified_hist in every batch :484.4558
########## current_metrics ##########
ndcg_1: 0.13339593954029155
ndcg_5: 0.22512082755565643
ndcg_10: 0.25735267996788025
ndcg_20: 0.2908720374107361
hit_1: 0.13339593954029155
hit_5: 0.31079509882836953
hit_10: 0.41083087380377425
hit_20: 0.5442268133440659
ap: 0.22997796535491943
########## best_metrics ##########
ndcg_1: 0.13388784545210625
ndcg_5: 0.22570769488811493
ndcg_10: 0.25801151990890503
ndcg_20: 0.2923848628997803
hit_1: 0.13388784545210625
hit_5: 0.31370181558000176
hit_10: 0.41758340041141223
hit_20: 0.5497272158125391
ap: 0.23059947788715363
no increase in recent 5 iters
#########################################################
################## epoch 41 ###########################
loss: 101.8433, len_train_loader:147
modified_target in every batch:50.8027
modified_hist in every batch :483.5646
########## current_metrics ##########
ndcg_1: 0.13232269027815044
ndcg_5: 0.2231317162513733
ndcg_10: 0.25596243143081665
ndcg_20: 0.28933992981910706
hit_1: 0.13232269027815044
hit_5: 0.3069940076916197
hit_10: 0.40881853143725966
hit_20: 0.5414095340309454
ap: 0.2288409322500229
########## best_metrics ##########
ndcg_1: 0.13388784545210625
ndcg_5: 0.22570769488811493
ndcg_10: 0.25801151990890503
ndcg_20: 0.2923848628997803
hit_1: 0.13388784545210625
hit_5: 0.31370181558000176
hit_10: 0.41758340041141223
hit_20: 0.5497272158125391
ap: 0.23059947788715363
no increase in recent 6 iters
#########################################################
################## epoch 42 ###########################
loss: 101.8976, len_train_loader:147
modified_target in every batch:50.8027
modified_hist in every batch :487.6735
########## current_metrics ##########
ndcg_1: 0.13478221983722385
ndcg_5: 0.22448624670505524
ndcg_10: 0.25699132680892944
ndcg_20: 0.2904827892780304
hit_1: 0.13478221983722385
hit_5: 0.309140506215902
hit_10: 0.4100259368571684
hit_20: 0.5431088453626688
ap: 0.2298777997493744
########## best_metrics ##########
ndcg_1: 0.13478221983722385
ndcg_5: 0.22570769488811493
ndcg_10: 0.25801151990890503
ndcg_20: 0.2923848628997803
hit_1: 0.13478221983722385
hit_5: 0.31370181558000176
hit_10: 0.41758340041141223
hit_20: 0.5497272158125391
ap: 0.23059947788715363
no increase in recent 0 iters
#########################################################
################## epoch 43 ###########################
loss: 100.0532, len_train_loader:147
modified_target in every batch:50.8027
modified_hist in every batch :482.5034
########## current_metrics ##########
ndcg_1: 0.13272515875145335
ndcg_5: 0.22452281415462494
ndcg_10: 0.2570257782936096
ndcg_20: 0.2903567850589752
hit_1: 0.13272515875145335
hit_5: 0.3109739737053931
hit_10: 0.41181468562740364
hit_20: 0.5440926571862982
ap: 0.22928041219711304
########## best_metrics ##########
ndcg_1: 0.13478221983722385
ndcg_5: 0.22570769488811493
ndcg_10: 0.25801151990890503
ndcg_20: 0.2923848628997803
hit_1: 0.13478221983722385
hit_5: 0.31370181558000176
hit_10: 0.41758340041141223
hit_20: 0.5497272158125391
ap: 0.23059947788715363
no increase in recent 1 iters
#########################################################
################## epoch 44 ###########################
loss: 97.2317, len_train_loader:147
modified_target in every batch:50.8027
modified_hist in every batch :485.8844
########## current_metrics ##########
ndcg_1: 0.13299347106698864
ndcg_5: 0.22419148683547974
ndcg_10: 0.2573278844356537
ndcg_20: 0.29078418016433716
hit_1: 0.13299347106698864
hit_5: 0.30963241212771664
hit_10: 0.4123960289777301
hit_20: 0.5454789374832305
ap: 0.22946448624134064
########## best_metrics ##########
ndcg_1: 0.13478221983722385
ndcg_5: 0.22570769488811493
ndcg_10: 0.25801151990890503
ndcg_20: 0.2923848628997803
hit_1: 0.13478221983722385
hit_5: 0.31370181558000176
hit_10: 0.41758340041141223
hit_20: 0.5497272158125391
ap: 0.23059947788715363
no increase in recent 2 iters
#########################################################
################## epoch 45 ###########################
loss: 96.238, len_train_loader:147
modified_target in every batch:50.8027
modified_hist in every batch :484.6939
########## current_metrics ##########
ndcg_1: 0.1329040336284769
ndcg_5: 0.22247236967086792
ndcg_10: 0.2559962272644043
ndcg_20: 0.2893408238887787
hit_1: 0.1329040336284769
hit_5: 0.30663625793757265
hit_10: 0.4104731240497272
hit_20: 0.5432430015204365
ap: 0.2283727377653122
########## best_metrics ##########
ndcg_1: 0.13478221983722385
ndcg_5: 0.22570769488811493
ndcg_10: 0.25801151990890503
ndcg_20: 0.2923848628997803
hit_1: 0.13478221983722385
hit_5: 0.31370181558000176
hit_10: 0.41758340041141223
hit_20: 0.5497272158125391
ap: 0.23059947788715363
no increase in recent 3 iters
#########################################################
################## epoch 46 ###########################
loss: 95.6136, len_train_loader:147
modified_target in every batch:50.8027
modified_hist in every batch :485.3401
########## current_metrics ##########
ndcg_1: 0.13048922278865932
ndcg_5: 0.22213290631771088
ndcg_10: 0.25581446290016174
ndcg_20: 0.28851422667503357
hit_1: 0.13048922278865932
hit_5: 0.30739647616492266
hit_10: 0.4120829979429389
hit_20: 0.5423486271353188
ap: 0.22743232548236847
########## best_metrics ##########
ndcg_1: 0.13478221983722385
ndcg_5: 0.22570769488811493
ndcg_10: 0.25801151990890503
ndcg_20: 0.2923848628997803
hit_1: 0.13478221983722385
hit_5: 0.31370181558000176
hit_10: 0.41758340041141223
hit_20: 0.5497272158125391
ap: 0.23059947788715363
no increase in recent 4 iters
#########################################################
################## epoch 47 ###########################
loss: 94.4818, len_train_loader:147
modified_target in every batch:50.8027
modified_hist in every batch :485.5918
########## current_metrics ##########
ndcg_1: 0.13048922278865932
ndcg_5: 0.22166374325752258
ndcg_10: 0.2542421519756317
ndcg_20: 0.2875872254371643
hit_1: 0.13048922278865932
hit_5: 0.30614435202575796
hit_10: 0.4070745013862803
hit_20: 0.5393971916644307
ap: 0.2271547168493271
########## best_metrics ##########
ndcg_1: 0.13478221983722385
ndcg_5: 0.22570769488811493
ndcg_10: 0.25801151990890503
ndcg_20: 0.2923848628997803
hit_1: 0.13478221983722385
hit_5: 0.31370181558000176
hit_10: 0.41758340041141223
hit_20: 0.5497272158125391
ap: 0.23059947788715363
no increase in recent 5 iters
#########################################################
################## epoch 48 ###########################
loss: 94.2697, len_train_loader:147
modified_target in every batch:50.8027
modified_hist in every batch :485.6395
########## current_metrics ##########
ndcg_1: 0.1328145961899651
ndcg_5: 0.22439135611057281
ndcg_10: 0.25720614194869995
ndcg_20: 0.29023459553718567
hit_1: 0.1328145961899651
hit_5: 0.309140506215902
hit_10: 0.41105446740005364
hit_20: 0.5423933458545748
ap: 0.22964979708194733
########## best_metrics ##########
ndcg_1: 0.13478221983722385
ndcg_5: 0.22570769488811493
ndcg_10: 0.25801151990890503
ndcg_20: 0.2923848628997803
hit_1: 0.13478221983722385
hit_5: 0.31370181558000176
hit_10: 0.41758340041141223
hit_20: 0.5497272158125391
ap: 0.23059947788715363
no increase in recent 6 iters
#########################################################
################## epoch 49 ###########################
loss: 92.344, len_train_loader:147
modified_target in every batch:50.8027
modified_hist in every batch :485.5102
########## current_metrics ##########
ndcg_1: 0.13321706466326805
ndcg_5: 0.22395654022693634
ndcg_10: 0.2562989592552185
ndcg_20: 0.28963249921798706
hit_1: 0.13321706466326805
hit_5: 0.3086933190233432
hit_10: 0.40917628119130667
hit_20: 0.5418120025042483
ap: 0.22913120687007904
########## best_metrics ##########
ndcg_1: 0.13478221983722385
ndcg_5: 0.22570769488811493
ndcg_10: 0.25801151990890503
ndcg_20: 0.2923848628997803
hit_1: 0.13478221983722385
hit_5: 0.31370181558000176
hit_10: 0.41758340041141223
hit_20: 0.5497272158125391
ap: 0.23059947788715363
no increase in recent 7 iters
#########################################################
################## epoch 50 ###########################
loss: 92.1992, len_train_loader:147
modified_target in every batch:50.8027
modified_hist in every batch :485.4218
########## current_metrics ##########
ndcg_1: 0.1330829085055004
ndcg_5: 0.2228420078754425
ndcg_10: 0.2559179961681366
ndcg_20: 0.2890453040599823
hit_1: 0.1330829085055004
hit_5: 0.3056077273946874
hit_10: 0.40832662552544496
hit_20: 0.5399785350147572
ap: 0.2289716750383377
########## best_metrics ##########
ndcg_1: 0.13478221983722385
ndcg_5: 0.22570769488811493
ndcg_10: 0.25801151990890503
ndcg_20: 0.2923848628997803
hit_1: 0.13478221983722385
hit_5: 0.31370181558000176
hit_10: 0.41758340041141223
hit_20: 0.5497272158125391
ap: 0.23059947788715363
no increase in recent 8 iters
#########################################################
################## epoch 51 ###########################
loss: 91.9268, len_train_loader:147
modified_target in every batch:50.8027
modified_hist in every batch :486.0
########## current_metrics ##########
ndcg_1: 0.1326357213129416
ndcg_5: 0.22373495995998383
ndcg_10: 0.25622308254241943
ndcg_20: 0.2902863621711731
hit_1: 0.1326357213129416
hit_5: 0.3081566943922726
hit_10: 0.40904212503353904
hit_20: 0.5444951256596011
ap: 0.22921201586723328
########## best_metrics ##########
ndcg_1: 0.13478221983722385
ndcg_5: 0.22570769488811493
ndcg_10: 0.25801151990890503
ndcg_20: 0.2923848628997803
hit_1: 0.13478221983722385
hit_5: 0.31370181558000176
hit_10: 0.41758340041141223
hit_20: 0.5497272158125391
ap: 0.23059947788715363
no increase in recent 9 iters
#########################################################
################## epoch 52 ###########################
loss: 92.0033, len_train_loader:147
modified_target in every batch:50.8027
modified_hist in every batch :483.8299
########## current_metrics ##########
ndcg_1: 0.13156247205080046
ndcg_5: 0.22336140275001526
ndcg_10: 0.255767822265625
ndcg_20: 0.28905606269836426
hit_1: 0.13156247205080046
hit_5: 0.30927466237366963
hit_10: 0.40989178069940074
hit_20: 0.542303908416063
ap: 0.22814543545246124
########## best_metrics ##########
ndcg_1: 0.13478221983722385
ndcg_5: 0.22570769488811493
ndcg_10: 0.25801151990890503
ndcg_20: 0.2923848628997803
hit_1: 0.13478221983722385
hit_5: 0.31370181558000176
hit_10: 0.41758340041141223
hit_20: 0.5497272158125391
ap: 0.23059947788715363
no increase in recent 10 iters
#########################################################
################## epoch 53 ###########################
loss: 90.7381, len_train_loader:147
modified_target in every batch:50.8027
modified_hist in every batch :485.5442
########## current_metrics ##########
ndcg_1: 0.13218853412038278
ndcg_5: 0.2226106822490692
ndcg_10: 0.25496336817741394
ndcg_20: 0.28877952694892883
hit_1: 0.13218853412038278
hit_5: 0.3067704140953403
hit_10: 0.4071192201055362
hit_20: 0.5414095340309454
ap: 0.2281881868839264
########## best_metrics ##########
ndcg_1: 0.13478221983722385
ndcg_5: 0.22570769488811493
ndcg_10: 0.25801151990890503
ndcg_20: 0.2923848628997803
hit_1: 0.13478221983722385
hit_5: 0.31370181558000176
hit_10: 0.41758340041141223
hit_20: 0.5497272158125391
ap: 0.23059947788715363
no increase in recent 11 iters
#########################################################
################## epoch 54 ###########################
loss: 91.1559, len_train_loader:147
modified_target in every batch:50.8027
modified_hist in every batch :487.2857
########## current_metrics ##########
ndcg_1: 0.13053394150791522
ndcg_5: 0.22244217991828918
ndcg_10: 0.2549738883972168
ndcg_20: 0.2887742817401886
hit_1: 0.13053394150791522
hit_5: 0.30806725695376086
hit_10: 0.4090868437527949
hit_20: 0.5435113138359717
ap: 0.22745689749717712
########## best_metrics ##########
ndcg_1: 0.13478221983722385
ndcg_5: 0.22570769488811493
ndcg_10: 0.25801151990890503
ndcg_20: 0.2923848628997803
hit_1: 0.13478221983722385
hit_5: 0.31370181558000176
hit_10: 0.41758340041141223
hit_20: 0.5497272158125391
ap: 0.23059947788715363
no increase in recent 12 iters
#########################################################
################## epoch 55 ###########################
loss: 89.0463, len_train_loader:147
modified_target in every batch:50.8027
modified_hist in every batch :486.0204
########## current_metrics ##########
ndcg_1: 0.13223325283963866
ndcg_5: 0.22228838503360748
ndcg_10: 0.2554451823234558
ndcg_20: 0.28870755434036255
hit_1: 0.13223325283963866
hit_5: 0.3058313209909668
hit_10: 0.40904212503353904
hit_20: 0.5413200965924336
ap: 0.22810086607933044
########## best_metrics ##########
ndcg_1: 0.13478221983722385
ndcg_5: 0.22570769488811493
ndcg_10: 0.25801151990890503
ndcg_20: 0.2923848628997803
hit_1: 0.13478221983722385
hit_5: 0.31370181558000176
hit_10: 0.41758340041141223
hit_20: 0.5497272158125391
ap: 0.23059947788715363
no increase in recent 13 iters
#########################################################
################## epoch 56 ###########################
loss: 87.7078, len_train_loader:147
modified_target in every batch:50.8027
modified_hist in every batch :483.2517
########## current_metrics ##########
ndcg_1: 0.13223325283963866
ndcg_5: 0.22244231402873993
ndcg_10: 0.2549643814563751
ndcg_20: 0.2886791527271271
hit_1: 0.13223325283963866
hit_5: 0.30645738306054915
hit_10: 0.40770056345586264
hit_20: 0.5416331276272247
ap: 0.22794194519519806
########## best_metrics ##########
ndcg_1: 0.13478221983722385
ndcg_5: 0.22570769488811493
ndcg_10: 0.25801151990890503
ndcg_20: 0.2923848628997803
hit_1: 0.13478221983722385
hit_5: 0.31370181558000176
hit_10: 0.41758340041141223
hit_20: 0.5497272158125391
ap: 0.23059947788715363
no increase in recent 14 iters
#########################################################
################## epoch 57 ###########################
loss: 87.7056, len_train_loader:147
modified_target in every batch:50.8027
modified_hist in every batch :486.1837
########## current_metrics ##########
ndcg_1: 0.13326178338252392
ndcg_5: 0.22450749576091766
ndcg_10: 0.257091224193573
ndcg_20: 0.29035699367523193
hit_1: 0.13326178338252392
hit_5: 0.309140506215902
hit_10: 0.4104284053304713
hit_20: 0.5427063768893658
ap: 0.22971679270267487
########## best_metrics ##########
ndcg_1: 0.13478221983722385
ndcg_5: 0.22570769488811493
ndcg_10: 0.25801151990890503
ndcg_20: 0.2923848628997803
hit_1: 0.13478221983722385
hit_5: 0.31370181558000176
hit_10: 0.41758340041141223
hit_20: 0.5497272158125391
ap: 0.23059947788715363
no increase in recent 15 iters
#########################################################
################## epoch 58 ###########################
loss: 87.0254, len_train_loader:147
modified_target in every batch:50.8027
modified_hist in every batch :485.1837
########## current_metrics ##########
ndcg_1: 0.1340220016098739
ndcg_5: 0.22281979024410248
ndcg_10: 0.2558162808418274
ndcg_20: 0.2888866066932678
hit_1: 0.1340220016098739
hit_5: 0.3055630086754315
hit_10: 0.4079688757713979
hit_20: 0.5393971916644307
ap: 0.2289142906665802
########## best_metrics ##########
ndcg_1: 0.13478221983722385
ndcg_5: 0.22570769488811493
ndcg_10: 0.25801151990890503
ndcg_20: 0.2923848628997803
hit_1: 0.13478221983722385
hit_5: 0.31370181558000176
hit_10: 0.41758340041141223
hit_20: 0.5497272158125391
ap: 0.23059947788715363
no increase in recent 16 iters
#########################################################
################## epoch 59 ###########################
loss: 86.6104, len_train_loader:147
modified_target in every batch:50.8027
modified_hist in every batch :486.0612
########## current_metrics ##########
ndcg_1: 0.13245684643591807
ndcg_5: 0.22296734154224396
ndcg_10: 0.2560815215110779
ndcg_20: 0.289055198431015
hit_1: 0.13245684643591807
hit_5: 0.3068151328145962
hit_10: 0.4096234683838655
hit_20: 0.540783471961363
ap: 0.2286168932914734
########## best_metrics ##########
ndcg_1: 0.13478221983722385
ndcg_5: 0.22570769488811493
ndcg_10: 0.25801151990890503
ndcg_20: 0.2923848628997803
hit_1: 0.13478221983722385
hit_5: 0.31370181558000176
hit_10: 0.41758340041141223
hit_20: 0.5497272158125391
ap: 0.23059947788715363
no increase in recent 17 iters
#########################################################
################## epoch 60 ###########################
loss: 85.9148, len_train_loader:147
modified_target in every batch:50.8027
modified_hist in every batch :485.1224
########## current_metrics ##########
ndcg_1: 0.13227797155889456
ndcg_5: 0.22324015200138092
ndcg_10: 0.25655514001846313
ndcg_20: 0.2897144854068756
hit_1: 0.13227797155889456
hit_5: 0.30730703872641085
hit_10: 0.4105178427689831
hit_20: 0.5423933458545748
ap: 0.22894789278507233
########## best_metrics ##########
ndcg_1: 0.13478221983722385
ndcg_5: 0.22570769488811493
ndcg_10: 0.25801151990890503
ndcg_20: 0.2923848628997803
hit_1: 0.13478221983722385
hit_5: 0.31370181558000176
hit_10: 0.41758340041141223
hit_20: 0.5497272158125391
ap: 0.23059947788715363
no increase in recent 18 iters
#########################################################
################## epoch 61 ###########################
loss: 85.2953, len_train_loader:147
modified_target in every batch:50.8027
modified_hist in every batch :483.7959
########## current_metrics ##########
ndcg_1: 0.13268044003219748
ndcg_5: 0.22387704253196716
ndcg_10: 0.2566028833389282
ndcg_20: 0.28980106115341187
hit_1: 0.13268044003219748
hit_5: 0.30846972542706375
hit_10: 0.40998121813791255
hit_20: 0.5419014399427601
ap: 0.22918999195098877
########## best_metrics ##########
ndcg_1: 0.13478221983722385
ndcg_5: 0.22570769488811493
ndcg_10: 0.25801151990890503
ndcg_20: 0.2923848628997803
hit_1: 0.13478221983722385
hit_5: 0.31370181558000176
hit_10: 0.41758340041141223
hit_20: 0.5497272158125391
ap: 0.23059947788715363
no increase in recent 19 iters
#########################################################
################## epoch 62 ###########################
loss: 86.3477, len_train_loader:147
modified_target in every batch:50.8027
modified_hist in every batch :483.0748
########## current_metrics ##########
ndcg_1: 0.13335122082103568
ndcg_5: 0.22371402382850647
ndcg_10: 0.25614169239997864
ndcg_20: 0.2894017696380615
hit_1: 0.13335122082103568
hit_5: 0.3079331007959932
hit_10: 0.40850550040246847
hit_20: 0.5403810034880601
ap: 0.22910553216934204
########## best_metrics ##########
ndcg_1: 0.13478221983722385
ndcg_5: 0.22570769488811493
ndcg_10: 0.25801151990890503
ndcg_20: 0.2923848628997803
hit_1: 0.13478221983722385
hit_5: 0.31370181558000176
hit_10: 0.41758340041141223
hit_20: 0.5497272158125391
ap: 0.23059947788715363
no increase in recent 20 iters
#########################################################
################## epoch 63 ###########################
loss: 85.6662, len_train_loader:147
modified_target in every batch:50.8027
modified_hist in every batch :485.3946
########## current_metrics ##########
ndcg_1: 0.13272515875145335
ndcg_5: 0.22369085252285004
ndcg_10: 0.2558937072753906
ndcg_20: 0.28967082500457764
hit_1: 0.13272515875145335
hit_5: 0.308380287988552
hit_10: 0.40819246936767734
hit_20: 0.5424827832930865
ap: 0.22891007363796234
########## best_metrics ##########
ndcg_1: 0.13478221983722385
ndcg_5: 0.22570769488811493
ndcg_10: 0.25801151990890503
ndcg_20: 0.2923848628997803
hit_1: 0.13478221983722385
hit_5: 0.31370181558000176
hit_10: 0.41758340041141223
hit_20: 0.5497272158125391
ap: 0.23059947788715363
no increase in recent 21 iters
#########################################################
################## epoch 64 ###########################
loss: 84.7524, len_train_loader:147
modified_target in every batch:50.8027
modified_hist in every batch :483.0952
########## current_metrics ##########
ndcg_1: 0.13111528485824167
ndcg_5: 0.22137068212032318
ndcg_10: 0.2535095512866974
ndcg_20: 0.2867805063724518
hit_1: 0.13111528485824167
hit_5: 0.30614435202575796
hit_10: 0.4058223772471156
hit_20: 0.5382792236830337
ap: 0.2264934778213501
########## best_metrics ##########
ndcg_1: 0.13478221983722385
ndcg_5: 0.22570769488811493
ndcg_10: 0.25801151990890503
ndcg_20: 0.2923848628997803
hit_1: 0.13478221983722385
hit_5: 0.31370181558000176
hit_10: 0.41758340041141223
hit_20: 0.5497272158125391
ap: 0.23059947788715363
no increase in recent 22 iters
#########################################################
################## epoch 65 ###########################
loss: 83.6542, len_train_loader:147
modified_target in every batch:50.8027
modified_hist in every batch :484.2041
########## current_metrics ##########
ndcg_1: 0.1331276272247563
ndcg_5: 0.22330011427402496
ndcg_10: 0.25588539242744446
ndcg_20: 0.28911107778549194
hit_1: 0.1331276272247563
hit_5: 0.30730703872641085
hit_10: 0.4082819068061891
hit_20: 0.5402468473302925
ap: 0.22886984050273895
########## best_metrics ##########
ndcg_1: 0.13478221983722385
ndcg_5: 0.22570769488811493
ndcg_10: 0.25801151990890503
ndcg_20: 0.2923848628997803
hit_1: 0.13478221983722385
hit_5: 0.31370181558000176
hit_10: 0.41758340041141223
hit_20: 0.5497272158125391
ap: 0.23059947788715363
no increase in recent 23 iters
#########################################################
################## epoch 66 ###########################
loss: 82.7355, len_train_loader:147
modified_target in every batch:50.8027
modified_hist in every batch :483.4014
########## current_metrics ##########
ndcg_1: 0.13321706466326805
ndcg_5: 0.22358490526676178
ndcg_10: 0.2563197910785675
ndcg_20: 0.28975909948349
hit_1: 0.13321706466326805
hit_5: 0.3081566943922726
hit_10: 0.40971290582237724
hit_20: 0.54266165817011
ap: 0.22895903885364532
########## best_metrics ##########
ndcg_1: 0.13478221983722385
ndcg_5: 0.22570769488811493
ndcg_10: 0.25801151990890503
ndcg_20: 0.2923848628997803
hit_1: 0.13478221983722385
hit_5: 0.31370181558000176
hit_10: 0.41758340041141223
hit_20: 0.5497272158125391
ap: 0.23059947788715363
no increase in recent 24 iters
#########################################################
################## epoch 67 ###########################
loss: 81.9665, len_train_loader:147
modified_target in every batch:50.8027
modified_hist in every batch :484.6463
########## current_metrics ##########
ndcg_1: 0.13111528485824167
ndcg_5: 0.22177694737911224
ndcg_10: 0.25503304600715637
ndcg_20: 0.2882843315601349
hit_1: 0.13111528485824167
hit_5: 0.3060996333065021
hit_10: 0.4092657186298184
hit_20: 0.5413200965924336
ap: 0.22744807600975037
########## best_metrics ##########
ndcg_1: 0.13478221983722385
ndcg_5: 0.22570769488811493
ndcg_10: 0.25801151990890503
ndcg_20: 0.2923848628997803
hit_1: 0.13478221983722385
hit_5: 0.31370181558000176
hit_10: 0.41758340041141223
hit_20: 0.5497272158125391
ap: 0.23059947788715363
no increase in recent 25 iters
#########################################################
################## epoch 68 ###########################
loss: 81.6658, len_train_loader:147
modified_target in every batch:50.8027
modified_hist in every batch :484.8367
########## current_metrics ##########
ndcg_1: 0.13366425185582684
ndcg_5: 0.22301338613033295
ndcg_10: 0.2564225494861603
ndcg_20: 0.28962957859039307
hit_1: 0.13366425185582684
hit_5: 0.3068151328145962
hit_10: 0.4104731240497272
hit_20: 0.5424380645738306
ap: 0.22889742255210876
########## best_metrics ##########
ndcg_1: 0.13478221983722385
ndcg_5: 0.22570769488811493
ndcg_10: 0.25801151990890503
ndcg_20: 0.2923848628997803
hit_1: 0.13478221983722385
hit_5: 0.31370181558000176
hit_10: 0.41758340041141223
hit_20: 0.5497272158125391
ap: 0.23059947788715363
no increase in recent 26 iters
#########################################################
################## epoch 69 ###########################
loss: 81.2521, len_train_loader:147
modified_target in every batch:50.8027
modified_hist in every batch :482.6122
########## current_metrics ##########
ndcg_1: 0.13393256417136212
ndcg_5: 0.22395220398902893
ndcg_10: 0.2572948634624481
ndcg_20: 0.29100480675697327
hit_1: 0.13393256417136212
hit_5: 0.30775422591896967
hit_10: 0.4111886235578213
hit_20: 0.5451211877291834
ap: 0.22984372079372406
########## best_metrics ##########
ndcg_1: 0.13478221983722385
ndcg_5: 0.22570769488811493
ndcg_10: 0.25801151990890503
ndcg_20: 0.2923848628997803
hit_1: 0.13478221983722385
hit_5: 0.31370181558000176
hit_10: 0.41758340041141223
hit_20: 0.5497272158125391
ap: 0.23059947788715363
no increase in recent 27 iters
#########################################################
################## epoch 70 ###########################
loss: 81.0924, len_train_loader:147
modified_target in every batch:50.8027
modified_hist in every batch :486.0204
########## current_metrics ##########
ndcg_1: 0.13361953313657096
ndcg_5: 0.22256307303905487
ndcg_10: 0.255668044090271
ndcg_20: 0.28906720876693726
hit_1: 0.13361953313657096
hit_5: 0.30601019586799033
hit_10: 0.4087738127180038
hit_20: 0.5416331276272247
ap: 0.22850163280963898
########## best_metrics ##########
ndcg_1: 0.13478221983722385
ndcg_5: 0.22570769488811493
ndcg_10: 0.25801151990890503
ndcg_20: 0.2923848628997803
hit_1: 0.13478221983722385
hit_5: 0.31370181558000176
hit_10: 0.41758340041141223
hit_20: 0.5497272158125391
ap: 0.23059947788715363
no increase in recent 28 iters
#########################################################
################## epoch 71 ###########################
loss: 81.2072, len_train_loader:147
modified_target in every batch:50.8027
modified_hist in every batch :485.8639
########## current_metrics ##########
ndcg_1: 0.1349163759949915
ndcg_5: 0.2243073433637619
ndcg_10: 0.25761160254478455
ndcg_20: 0.2908976376056671
hit_1: 0.1349163759949915
hit_5: 0.3075306323226903
hit_10: 0.41100974868079776
hit_20: 0.5435113138359717
ap: 0.2302362322807312
########## best_metrics ##########
ndcg_1: 0.1349163759949915
ndcg_5: 0.22570769488811493
ndcg_10: 0.25801151990890503
ndcg_20: 0.2923848628997803
hit_1: 0.1349163759949915
hit_5: 0.31370181558000176
hit_10: 0.41758340041141223
hit_20: 0.5497272158125391
ap: 0.23059947788715363
no increase in recent 0 iters
#########################################################
################## epoch 72 ###########################
loss: 81.4896, len_train_loader:147
modified_target in every batch:50.8027
modified_hist in every batch :485.1837
########## current_metrics ##########
ndcg_1: 0.1363473750111797
ndcg_5: 0.22610756754875183
ndcg_10: 0.2596823275089264
ndcg_20: 0.2927651107311249
hit_1: 0.1363473750111797
hit_5: 0.3098560057239961
hit_10: 0.4140506215901977
hit_20: 0.5455683749217423
ap: 0.23192153871059418
########## best_metrics ##########
ndcg_1: 0.1363473750111797
ndcg_5: 0.22610756754875183
ndcg_10: 0.2596823275089264
ndcg_20: 0.2927651107311249
hit_1: 0.1363473750111797
hit_5: 0.31370181558000176
hit_10: 0.41758340041141223
hit_20: 0.5497272158125391
ap: 0.23192153871059418
no increase in recent 0 iters
#########################################################
################## epoch 73 ###########################
loss: 80.6967, len_train_loader:147
modified_target in every batch:50.8027
modified_hist in every batch :482.9796
########## current_metrics ##########
ndcg_1: 0.13567659422234146
ndcg_5: 0.22515921294689178
ndcg_10: 0.25888288021087646
ndcg_20: 0.29212743043899536
hit_1: 0.13567659422234146
hit_5: 0.3086933190233432
hit_10: 0.4133798408013594
hit_20: 0.5458814059565334
ap: 0.23108063638210297
########## best_metrics ##########
ndcg_1: 0.1363473750111797
ndcg_5: 0.22610756754875183
ndcg_10: 0.2596823275089264
ndcg_20: 0.2927651107311249
hit_1: 0.1363473750111797
hit_5: 0.31370181558000176
hit_10: 0.41758340041141223
hit_20: 0.5497272158125391
ap: 0.23192153871059418
no increase in recent 1 iters
#########################################################
################## epoch 74 ###########################
loss: 80.1609, len_train_loader:147
modified_target in every batch:50.8027
modified_hist in every batch :483.1497
########## current_metrics ##########
ndcg_1: 0.13272515875145335
ndcg_5: 0.22323691844940186
ndcg_10: 0.25648239254951477
ndcg_20: 0.2898869514465332
hit_1: 0.13272515875145335
hit_5: 0.3078883820767373
hit_10: 0.41109918611930957
hit_20: 0.5439585010285305
ap: 0.22871923446655273
########## best_metrics ##########
ndcg_1: 0.1363473750111797
ndcg_5: 0.22610756754875183
ndcg_10: 0.2596823275089264
ndcg_20: 0.2927651107311249
hit_1: 0.1363473750111797
hit_5: 0.31370181558000176
hit_10: 0.41758340041141223
hit_20: 0.5497272158125391
ap: 0.23192153871059418
no increase in recent 2 iters
#########################################################
################## epoch 75 ###########################
loss: 79.7107, len_train_loader:147
modified_target in every batch:50.8027
modified_hist in every batch :485.0
########## current_metrics ##########
ndcg_1: 0.13245684643591807
ndcg_5: 0.222764253616333
ndcg_10: 0.256663054227829
ndcg_20: 0.2899725139141083
hit_1: 0.13245684643591807
hit_5: 0.30708344513013147
hit_10: 0.41244074769698597
hit_20: 0.5450764690099276
ap: 0.22849208116531372
########## best_metrics ##########
ndcg_1: 0.1363473750111797
ndcg_5: 0.22610756754875183
ndcg_10: 0.2596823275089264
ndcg_20: 0.2927651107311249
hit_1: 0.1363473750111797
hit_5: 0.31370181558000176
hit_10: 0.41758340041141223
hit_20: 0.5497272158125391
ap: 0.23192153871059418
no increase in recent 3 iters
#########################################################
################## epoch 76 ###########################
loss: 79.3053, len_train_loader:147
modified_target in every batch:50.8027
modified_hist in every batch :485.068
########## current_metrics ##########
ndcg_1: 0.13344065825954746
ndcg_5: 0.22368760406970978
ndcg_10: 0.2570904493331909
ndcg_20: 0.2903592884540558
hit_1: 0.13344065825954746
hit_5: 0.3085144441463196
hit_10: 0.412038279223683
hit_20: 0.5443609695018334
ap: 0.22912637889385223
########## best_metrics ##########
ndcg_1: 0.1363473750111797
ndcg_5: 0.22610756754875183
ndcg_10: 0.2596823275089264
ndcg_20: 0.2927651107311249
hit_1: 0.1363473750111797
hit_5: 0.31370181558000176
hit_10: 0.41758340041141223
hit_20: 0.5497272158125391
ap: 0.23192153871059418
no increase in recent 4 iters
#########################################################
################## epoch 77 ###########################
loss: 79.5457, len_train_loader:147
modified_target in every batch:50.8027
modified_hist in every batch :485.2041
########## current_metrics ##########
ndcg_1: 0.13245684643591807
ndcg_5: 0.22366195917129517
ndcg_10: 0.2567947208881378
ndcg_20: 0.28995490074157715
hit_1: 0.13245684643591807
hit_5: 0.30842500670780787
hit_10: 0.4113674984348448
hit_20: 0.543064126643413
ap: 0.22898626327514648
########## best_metrics ##########
ndcg_1: 0.1363473750111797
ndcg_5: 0.22610756754875183
ndcg_10: 0.2596823275089264
ndcg_20: 0.2927651107311249
hit_1: 0.1363473750111797
hit_5: 0.31370181558000176
hit_10: 0.41758340041141223
hit_20: 0.5497272158125391
ap: 0.23192153871059418
no increase in recent 5 iters
#########################################################
################## epoch 78 ###########################
loss: 79.6191, len_train_loader:147
modified_target in every batch:50.8027
modified_hist in every batch :486.5578
########## current_metrics ##########
ndcg_1: 0.13160719077005634
ndcg_5: 0.22253303229808807
ndcg_10: 0.2561277449131012
ndcg_20: 0.28900212049484253
hit_1: 0.13160719077005634
hit_5: 0.3075306323226903
hit_10: 0.4117252481888919
hit_20: 0.5423933458545748
ap: 0.22793738543987274
########## best_metrics ##########
ndcg_1: 0.1363473750111797
ndcg_5: 0.22610756754875183
ndcg_10: 0.2596823275089264
ndcg_20: 0.2927651107311249
hit_1: 0.1363473750111797
hit_5: 0.31370181558000176
hit_10: 0.41758340041141223
hit_20: 0.5497272158125391
ap: 0.23192153871059418
no increase in recent 6 iters
#########################################################
################## epoch 79 ###########################
loss: 79.441, len_train_loader:147
modified_target in every batch:50.8027
modified_hist in every batch :484.7483
########## current_metrics ##########
ndcg_1: 0.13227797155889456
ndcg_5: 0.22287313640117645
ndcg_10: 0.25628748536109924
ndcg_20: 0.28966787457466125
hit_1: 0.13227797155889456
hit_5: 0.30735175744566673
hit_10: 0.4109650299615419
hit_20: 0.5437349074322512
ap: 0.2284429520368576
########## best_metrics ##########
ndcg_1: 0.1363473750111797
ndcg_5: 0.22610756754875183
ndcg_10: 0.2596823275089264
ndcg_20: 0.2927651107311249
hit_1: 0.1363473750111797
hit_5: 0.31370181558000176
hit_10: 0.41758340041141223
hit_20: 0.5497272158125391
ap: 0.23192153871059418
no increase in recent 7 iters
#########################################################
################## epoch 80 ###########################
loss: 79.2269, len_train_loader:147
modified_target in every batch:50.8027
modified_hist in every batch :484.619
########## current_metrics ##########
ndcg_1: 0.13321706466326805
ndcg_5: 0.22294816374778748
ndcg_10: 0.2563767731189728
ndcg_20: 0.2900664806365967
hit_1: 0.13321706466326805
hit_5: 0.3067704140953403
hit_10: 0.4106072802074949
hit_20: 0.5445845630981129
ap: 0.22877712547779083
########## best_metrics ##########
ndcg_1: 0.1363473750111797
ndcg_5: 0.22610756754875183
ndcg_10: 0.2596823275089264
ndcg_20: 0.2927651107311249
hit_1: 0.1363473750111797
hit_5: 0.31370181558000176
hit_10: 0.41758340041141223
hit_20: 0.5497272158125391
ap: 0.23192153871059418
no increase in recent 8 iters
#########################################################
################## epoch 81 ###########################
loss: 78.351, len_train_loader:147
modified_target in every batch:50.8027
modified_hist in every batch :483.5918
########## current_metrics ##########
ndcg_1: 0.13505053215275914
ndcg_5: 0.2241068184375763
ndcg_10: 0.25743570923805237
ndcg_20: 0.2904919981956482
hit_1: 0.13505053215275914
hit_5: 0.308022538234505
hit_10: 0.41154637331186833
hit_20: 0.5431088453626688
ap: 0.22980351746082306
########## best_metrics ##########
ndcg_1: 0.1363473750111797
ndcg_5: 0.22610756754875183
ndcg_10: 0.2596823275089264
ndcg_20: 0.2927651107311249
hit_1: 0.1363473750111797
hit_5: 0.31370181558000176
hit_10: 0.41758340041141223
hit_20: 0.5497272158125391
ap: 0.23192153871059418
no increase in recent 9 iters
#########################################################
################## epoch 82 ###########################
loss: 78.0877, len_train_loader:147
modified_target in every batch:50.8027
modified_hist in every batch :482.932
########## current_metrics ##########
ndcg_1: 0.13348537697880333
ndcg_5: 0.2226046323776245
ndcg_10: 0.2561410367488861
ndcg_20: 0.28924795985221863
hit_1: 0.13348537697880333
hit_5: 0.30596547714873445
hit_10: 0.4100259368571684
hit_20: 0.5417225650657366
ap: 0.22862288355827332
########## best_metrics ##########
ndcg_1: 0.1363473750111797
ndcg_5: 0.22610756754875183
ndcg_10: 0.2596823275089264
ndcg_20: 0.2927651107311249
hit_1: 0.1363473750111797
hit_5: 0.31370181558000176
hit_10: 0.41758340041141223
hit_20: 0.5497272158125391
ap: 0.23192153871059418
no increase in recent 10 iters
#########################################################
################## epoch 83 ###########################
loss: 77.9057, len_train_loader:147
modified_target in every batch:50.8027
modified_hist in every batch :484.9932
########## current_metrics ##########
ndcg_1: 0.13437975136392094
ndcg_5: 0.22409485280513763
ndcg_10: 0.2563107907772064
ndcg_20: 0.29017117619514465
hit_1: 0.13437975136392094
hit_5: 0.30842500670780787
hit_10: 0.4084607816832126
hit_20: 0.5431982828011805
ap: 0.22937127947807312
########## best_metrics ##########
ndcg_1: 0.1363473750111797
ndcg_5: 0.22610756754875183
ndcg_10: 0.2596823275089264
ndcg_20: 0.2927651107311249
hit_1: 0.1363473750111797
hit_5: 0.31370181558000176
hit_10: 0.41758340041141223
hit_20: 0.5497272158125391
ap: 0.23192153871059418
no increase in recent 11 iters
#########################################################
################## epoch 84 ###########################
loss: 76.8952, len_train_loader:147
modified_target in every batch:50.8027
modified_hist in every batch :486.1973
########## current_metrics ##########
ndcg_1: 0.1326357213129416
ndcg_5: 0.22387175261974335
ndcg_10: 0.25628161430358887
ndcg_20: 0.2897629737854004
hit_1: 0.1326357213129416
hit_5: 0.3088721939003667
hit_10: 0.4096234683838655
hit_20: 0.5428852517663895
ap: 0.2288343757390976
########## best_metrics ##########
ndcg_1: 0.1363473750111797
ndcg_5: 0.22610756754875183
ndcg_10: 0.2596823275089264
ndcg_20: 0.2927651107311249
hit_1: 0.1363473750111797
hit_5: 0.31370181558000176
hit_10: 0.41758340041141223
hit_20: 0.5497272158125391
ap: 0.23192153871059418
no increase in recent 12 iters
#########################################################
################## epoch 85 ###########################
loss: 76.3188, len_train_loader:147
modified_target in every batch:50.8027
modified_hist in every batch :484.3673
########## current_metrics ##########
ndcg_1: 0.13464806367945623
ndcg_5: 0.2243266999721527
ndcg_10: 0.25695639848709106
ndcg_20: 0.2904640734195709
hit_1: 0.13464806367945623
hit_5: 0.3079331007959932
hit_10: 0.40904212503353904
hit_20: 0.5421697522582953
ap: 0.22999373078346252
########## best_metrics ##########
ndcg_1: 0.1363473750111797
ndcg_5: 0.22610756754875183
ndcg_10: 0.2596823275089264
ndcg_20: 0.2927651107311249
hit_1: 0.1363473750111797
hit_5: 0.31370181558000176
hit_10: 0.41758340041141223
hit_20: 0.5497272158125391
ap: 0.23192153871059418
no increase in recent 13 iters
#########################################################
################## epoch 86 ###########################
loss: 75.9628, len_train_loader:147
modified_target in every batch:50.8027
modified_hist in every batch :484.2041
########## current_metrics ##########
ndcg_1: 0.133977282890618
ndcg_5: 0.22398462891578674
ndcg_10: 0.25718092918395996
ndcg_20: 0.2906438708305359
hit_1: 0.133977282890618
hit_5: 0.3078883820767373
hit_10: 0.4109650299615419
hit_20: 0.5440479384670424
ap: 0.22965200245380402
########## best_metrics ##########
ndcg_1: 0.1363473750111797
ndcg_5: 0.22610756754875183
ndcg_10: 0.2596823275089264
ndcg_20: 0.2927651107311249
hit_1: 0.1363473750111797
hit_5: 0.31370181558000176
hit_10: 0.41758340041141223
hit_20: 0.5497272158125391
ap: 0.23192153871059418
no increase in recent 14 iters
#########################################################
################## epoch 87 ###########################
loss: 76.5886, len_train_loader:147
modified_target in every batch:50.8027
modified_hist in every batch :485.0816
########## current_metrics ##########
ndcg_1: 0.1337984080135945
ndcg_5: 0.2244640588760376
ndcg_10: 0.2568971812725067
ndcg_20: 0.29053935408592224
hit_1: 0.1337984080135945
hit_5: 0.3091852249351579
hit_10: 0.4095787496646096
hit_20: 0.543377157678204
ap: 0.2296801060438156
########## best_metrics ##########
ndcg_1: 0.1363473750111797
ndcg_5: 0.22610756754875183
ndcg_10: 0.2596823275089264
ndcg_20: 0.2927651107311249
hit_1: 0.1363473750111797
hit_5: 0.31370181558000176
hit_10: 0.41758340041141223
hit_20: 0.5497272158125391
ap: 0.23192153871059418
no increase in recent 15 iters
#########################################################
################## epoch 88 ###########################
loss: 76.4339, len_train_loader:147
modified_target in every batch:50.8027
modified_hist in every batch :484.4762
########## current_metrics ##########
ndcg_1: 0.1330829085055004
ndcg_5: 0.2240222692489624
ndcg_10: 0.25606483221054077
ndcg_20: 0.2893330454826355
hit_1: 0.1330829085055004
hit_5: 0.3093640998121814
hit_10: 0.40899740631428316
hit_20: 0.5411412217154101
ap: 0.22886332869529724
########## best_metrics ##########
ndcg_1: 0.1363473750111797
ndcg_5: 0.22610756754875183
ndcg_10: 0.2596823275089264
ndcg_20: 0.2927651107311249
hit_1: 0.1363473750111797
hit_5: 0.31370181558000176
hit_10: 0.41758340041141223
hit_20: 0.5497272158125391
ap: 0.23192153871059418
no increase in recent 16 iters
#########################################################
################## epoch 89 ###########################
loss: 75.5062, len_train_loader:147
modified_target in every batch:50.8027
modified_hist in every batch :484.5374
########## current_metrics ##########
ndcg_1: 0.1324121277166622
ndcg_5: 0.22346249222755432
ndcg_10: 0.2565426826477051
ndcg_20: 0.28951191902160645
hit_1: 0.1324121277166622
hit_5: 0.3083355692692961
hit_10: 0.41105446740005364
hit_20: 0.5423486271353188
ap: 0.22870184481143951
########## best_metrics ##########
ndcg_1: 0.1363473750111797
ndcg_5: 0.22610756754875183
ndcg_10: 0.2596823275089264
ndcg_20: 0.2927651107311249
hit_1: 0.1363473750111797
hit_5: 0.31370181558000176
hit_10: 0.41758340041141223
hit_20: 0.5497272158125391
ap: 0.23192153871059418
no increase in recent 17 iters
#########################################################
################## epoch 90 ###########################
loss: 74.7899, len_train_loader:147
modified_target in every batch:50.8027
modified_hist in every batch :483.8367
########## current_metrics ##########
ndcg_1: 0.13156247205080046
ndcg_5: 0.22323215007781982
ndcg_10: 0.2553233206272125
ndcg_20: 0.2884298861026764
hit_1: 0.13156247205080046
hit_5: 0.3086486003040873
hit_10: 0.40837134424470084
hit_20: 0.5399785350147572
ap: 0.22799277305603027
########## best_metrics ##########
ndcg_1: 0.1363473750111797
ndcg_5: 0.22610756754875183
ndcg_10: 0.2596823275089264
ndcg_20: 0.2927651107311249
hit_1: 0.1363473750111797
hit_5: 0.31370181558000176
hit_10: 0.41758340041141223
hit_20: 0.5497272158125391
ap: 0.23192153871059418
no increase in recent 18 iters
#########################################################
################## epoch 91 ###########################
loss: 75.4892, len_train_loader:147
modified_target in every batch:50.8027
modified_hist in every batch :483.9184
########## current_metrics ##########
ndcg_1: 0.13317234594401217
ndcg_5: 0.22377586364746094
ndcg_10: 0.25587204098701477
ndcg_20: 0.28962278366088867
hit_1: 0.13317234594401217
hit_5: 0.3074859136034344
hit_10: 0.40702978266702444
hit_20: 0.541185940434666
ap: 0.22922851145267487
########## best_metrics ##########
ndcg_1: 0.1363473750111797
ndcg_5: 0.22610756754875183
ndcg_10: 0.2596823275089264
ndcg_20: 0.2927651107311249
hit_1: 0.1363473750111797
hit_5: 0.31370181558000176
hit_10: 0.41758340041141223
hit_20: 0.5497272158125391
ap: 0.23192153871059418
no increase in recent 19 iters
#########################################################
################## epoch 92 ###########################
loss: 75.8597, len_train_loader:147
modified_target in every batch:50.8027
modified_hist in every batch :484.7007
########## current_metrics ##########
ndcg_1: 0.13321706466326805
ndcg_5: 0.22405478358268738
ndcg_10: 0.25676819682121277
ndcg_20: 0.28984853625297546
hit_1: 0.13321706466326805
hit_5: 0.30842500670780787
hit_10: 0.4099364994186567
hit_20: 0.5415884089079689
ap: 0.22935225069522858
########## best_metrics ##########
ndcg_1: 0.1363473750111797
ndcg_5: 0.22610756754875183
ndcg_10: 0.2596823275089264
ndcg_20: 0.2927651107311249
hit_1: 0.1363473750111797
hit_5: 0.31370181558000176
hit_10: 0.41758340041141223
hit_20: 0.5497272158125391
ap: 0.23192153871059418
no increase in recent 20 iters
#########################################################
################## epoch 93 ###########################
loss: 75.5143, len_train_loader:147
modified_target in every batch:50.8027
modified_hist in every batch :484.7211
########## current_metrics ##########
ndcg_1: 0.1330829085055004
ndcg_5: 0.22367794811725616
ndcg_10: 0.2558259665966034
ndcg_20: 0.28919243812561035
hit_1: 0.1330829085055004
hit_5: 0.3081566943922726
hit_10: 0.40783471961363027
hit_20: 0.5405151596458277
ap: 0.22882221639156342
########## best_metrics ##########
ndcg_1: 0.1363473750111797
ndcg_5: 0.22610756754875183
ndcg_10: 0.2596823275089264
ndcg_20: 0.2927651107311249
hit_1: 0.1363473750111797
hit_5: 0.31370181558000176
hit_10: 0.41758340041141223
hit_20: 0.5497272158125391
ap: 0.23192153871059418
no increase in recent 21 iters
#########################################################
################## epoch 94 ###########################
loss: 74.8759, len_train_loader:147
modified_target in every batch:50.8027
modified_hist in every batch :484.2721
########## current_metrics ##########
ndcg_1: 0.1316519094893122
ndcg_5: 0.2229383885860443
ndcg_10: 0.25524482131004333
ndcg_20: 0.28843000531196594
hit_1: 0.1316519094893122
hit_5: 0.30806725695376086
hit_10: 0.40855021912172435
hit_20: 0.5405151596458277
ap: 0.22789309918880463
########## best_metrics ##########
ndcg_1: 0.1363473750111797
ndcg_5: 0.22610756754875183
ndcg_10: 0.2596823275089264
ndcg_20: 0.2927651107311249
hit_1: 0.1363473750111797
hit_5: 0.31370181558000176
hit_10: 0.41758340041141223
hit_20: 0.5497272158125391
ap: 0.23192153871059418
no increase in recent 22 iters
#########################################################
################## epoch 95 ###########################
loss: 73.7677, len_train_loader:147
modified_target in every batch:50.8027
modified_hist in every batch :483.7347
########## current_metrics ##########
ndcg_1: 0.13317234594401217
ndcg_5: 0.22449961304664612
ndcg_10: 0.256608247756958
ndcg_20: 0.29009127616882324
hit_1: 0.13317234594401217
hit_5: 0.3098560057239961
hit_10: 0.40953403094535373
hit_20: 0.5427510956086218
ap: 0.2293420433998108
########## best_metrics ##########
ndcg_1: 0.1363473750111797
ndcg_5: 0.22610756754875183
ndcg_10: 0.2596823275089264
ndcg_20: 0.2927651107311249
hit_1: 0.1363473750111797
hit_5: 0.31370181558000176
hit_10: 0.41758340041141223
hit_20: 0.5497272158125391
ap: 0.23192153871059418
no increase in recent 23 iters
#########################################################
################## epoch 96 ###########################
loss: 73.0945, len_train_loader:147
modified_target in every batch:50.8027
modified_hist in every batch :485.0204
########## current_metrics ##########
ndcg_1: 0.13250156515517394
ndcg_5: 0.22298204898834229
ndcg_10: 0.25492599606513977
ndcg_20: 0.28882110118865967
hit_1: 0.13250156515517394
hit_5: 0.30708344513013147
hit_10: 0.40604597084339505
hit_20: 0.5409176281191307
ap: 0.2283315360546112
########## best_metrics ##########
ndcg_1: 0.1363473750111797
ndcg_5: 0.22610756754875183
ndcg_10: 0.2596823275089264
ndcg_20: 0.2927651107311249
hit_1: 0.1363473750111797
hit_5: 0.31370181558000176
hit_10: 0.41758340041141223
hit_20: 0.5497272158125391
ap: 0.23192153871059418
no increase in recent 24 iters
#########################################################
################## epoch 97 ###########################
loss: 72.9073, len_train_loader:147
modified_target in every batch:50.8027
modified_hist in every batch :484.7823
########## current_metrics ##########
ndcg_1: 0.13169662820856812
ndcg_5: 0.22291156649589539
ndcg_10: 0.25533145666122437
ndcg_20: 0.28888773918151855
hit_1: 0.13169662820856812
hit_5: 0.3075306323226903
hit_10: 0.4080135944906538
hit_20: 0.5414095340309454
ap: 0.22825847566127777
########## best_metrics ##########
ndcg_1: 0.1363473750111797
ndcg_5: 0.22610756754875183
ndcg_10: 0.2596823275089264
ndcg_20: 0.2927651107311249
hit_1: 0.1363473750111797
hit_5: 0.31370181558000176
hit_10: 0.41758340041141223
hit_20: 0.5497272158125391
ap: 0.23192153871059418
no increase in recent 25 iters
#########################################################
################## epoch 98 ###########################
loss: 72.5068, len_train_loader:147
modified_target in every batch:50.8027
modified_hist in every batch :484.1293
########## current_metrics ##########
ndcg_1: 0.13272515875145335
ndcg_5: 0.22348855435848236
ndcg_10: 0.2553747892379761
ndcg_20: 0.2891092896461487
hit_1: 0.13272515875145335
hit_5: 0.3079331007959932
hit_10: 0.4066720329129774
hit_20: 0.5408281906806189
ap: 0.22870349884033203
########## best_metrics ##########
ndcg_1: 0.1363473750111797
ndcg_5: 0.22610756754875183
ndcg_10: 0.2596823275089264
ndcg_20: 0.2927651107311249
hit_1: 0.1363473750111797
hit_5: 0.31370181558000176
hit_10: 0.41758340041141223
hit_20: 0.5497272158125391
ap: 0.23192153871059418
no increase in recent 26 iters
#########################################################
################## epoch 99 ###########################
loss: 72.3681, len_train_loader:147
modified_target in every batch:50.8027
modified_hist in every batch :483.966
########## current_metrics ##########
ndcg_1: 0.13236740899740632
ndcg_5: 0.22491498291492462
ndcg_10: 0.25685930252075195
ndcg_20: 0.29033446311950684
hit_1: 0.13236740899740632
hit_5: 0.31106341114390484
hit_10: 0.4100706555764243
hit_20: 0.5432430015204365
ap: 0.2294568568468094
########## best_metrics ##########
ndcg_1: 0.1363473750111797
ndcg_5: 0.22610756754875183
ndcg_10: 0.2596823275089264
ndcg_20: 0.2927651107311249
hit_1: 0.1363473750111797
hit_5: 0.31370181558000176
hit_10: 0.41758340041141223
hit_20: 0.5497272158125391
ap: 0.23192153871059418
no increase in recent 27 iters
#########################################################
################## epoch 100 ###########################
loss: 72.8087, len_train_loader:147
modified_target in every batch:50.8027
modified_hist in every batch :484.3197
########## current_metrics ##########
ndcg_1: 0.13084697254270639
ndcg_5: 0.22328929603099823
ndcg_10: 0.254973828792572
ndcg_20: 0.28853344917297363
hit_1: 0.13084697254270639
hit_5: 0.3098112870047402
hit_10: 0.40837134424470084
hit_20: 0.5416331276272247
ap: 0.22763526439666748
########## best_metrics ##########
ndcg_1: 0.1363473750111797
ndcg_5: 0.22610756754875183
ndcg_10: 0.2596823275089264
ndcg_20: 0.2927651107311249
hit_1: 0.1363473750111797
hit_5: 0.31370181558000176
hit_10: 0.41758340041141223
hit_20: 0.5497272158125391
ap: 0.23192153871059418
no increase in recent 28 iters
#########################################################
model saved at ./datasets/beauty/model/SASRecbeauty-100-model.pkl
################## epoch 101 ###########################
loss: 72.2689, len_train_loader:147
modified_target in every batch:50.8027
modified_hist in every batch :483.6735
########## current_metrics ##########
ndcg_1: 0.1314730346122887
ndcg_5: 0.22298090159893036
ndcg_10: 0.25492897629737854
ndcg_20: 0.28811368346214294
hit_1: 0.1314730346122887
hit_5: 0.30873803774259906
hit_10: 0.40787943833288615
hit_20: 0.5397996601377336
ap: 0.22767367959022522
########## best_metrics ##########
ndcg_1: 0.1363473750111797
ndcg_5: 0.22610756754875183
ndcg_10: 0.2596823275089264
ndcg_20: 0.2927651107311249
hit_1: 0.1363473750111797
hit_5: 0.31370181558000176
hit_10: 0.41758340041141223
hit_20: 0.5497272158125391
ap: 0.23192153871059418
no increase in recent 29 iters
#########################################################
################## epoch 102 ###########################
loss: 72.626, len_train_loader:147
modified_target in every batch:50.8027
modified_hist in every batch :483.7891
########## current_metrics ##########
ndcg_1: 0.13254628387442985
ndcg_5: 0.22296111285686493
ndcg_10: 0.2558128535747528
ndcg_20: 0.2887851595878601
hit_1: 0.13254628387442985
hit_5: 0.30744119488417854
hit_10: 0.40922099991056254
hit_20: 0.5403810034880601
ap: 0.228336364030838
########## best_metrics ##########
ndcg_1: 0.1363473750111797
ndcg_5: 0.22610756754875183
ndcg_10: 0.2596823275089264
ndcg_20: 0.2927651107311249
hit_1: 0.1363473750111797
hit_5: 0.31370181558000176
hit_10: 0.41758340041141223
hit_20: 0.5497272158125391
ap: 0.23192153871059418
no increase in recent 30 iters
#########################################################
################## epoch 103 ###########################
loss: 71.9922, len_train_loader:147
modified_target in every batch:50.8027
modified_hist in every batch :483.1905
########## current_metrics ##########
ndcg_1: 0.1342008764868974
ndcg_5: 0.2232847958803177
ndcg_10: 0.2564872205257416
ndcg_20: 0.289370596408844
hit_1: 0.1342008764868974
hit_5: 0.3067256953760844
hit_10: 0.4095787496646096
hit_20: 0.5403810034880601
ap: 0.22910624742507935
########## best_metrics ##########
ndcg_1: 0.1363473750111797
ndcg_5: 0.22610756754875183
ndcg_10: 0.2596823275089264
ndcg_20: 0.2927651107311249
hit_1: 0.1363473750111797
hit_5: 0.31370181558000176
hit_10: 0.41758340041141223
hit_20: 0.5497272158125391
ap: 0.23192153871059418
no increase in recent 31 iters
#########################################################
################## epoch 104 ###########################
loss: 71.7132, len_train_loader:147
modified_target in every batch:50.8027
modified_hist in every batch :485.1905
########## current_metrics ##########
ndcg_1: 0.13227797155889456
ndcg_5: 0.22256165742874146
ndcg_10: 0.25549983978271484
ndcg_20: 0.28843769431114197
hit_1: 0.13227797155889456
hit_5: 0.3070387264108756
hit_10: 0.4089526875950273
hit_20: 0.540067972453269
ap: 0.22797554731369019
########## best_metrics ##########
ndcg_1: 0.1363473750111797
ndcg_5: 0.22610756754875183
ndcg_10: 0.2596823275089264
ndcg_20: 0.2927651107311249
hit_1: 0.1363473750111797
hit_5: 0.31370181558000176
hit_10: 0.41758340041141223
hit_20: 0.5497272158125391
ap: 0.23192153871059418
no increase in recent 32 iters
#########################################################
################## epoch 105 ###########################
loss: 71.5994, len_train_loader:147
modified_target in every batch:50.8027
modified_hist in every batch :486.585
########## current_metrics ##########
ndcg_1: 0.13455862624094445
ndcg_5: 0.22454805672168732
ndcg_10: 0.257401704788208
ndcg_20: 0.2902778089046478
hit_1: 0.13455862624094445
hit_5: 0.30891691261962256
hit_10: 0.41083087380377425
hit_20: 0.5414542527502012
ap: 0.22994908690452576
########## best_metrics ##########
ndcg_1: 0.1363473750111797
ndcg_5: 0.22610756754875183
ndcg_10: 0.2596823275089264
ndcg_20: 0.2927651107311249
hit_1: 0.1363473750111797
hit_5: 0.31370181558000176
hit_10: 0.41758340041141223
hit_20: 0.5497272158125391
ap: 0.23192153871059418
no increase in recent 33 iters
#########################################################
################## epoch 106 ###########################
loss: 71.7266, len_train_loader:147
modified_target in every batch:50.8027
modified_hist in every batch :484.8163
########## current_metrics ##########
ndcg_1: 0.13299347106698864
ndcg_5: 0.22341537475585938
ndcg_10: 0.25633731484413147
ndcg_20: 0.28928160667419434
hit_1: 0.13299347106698864
hit_5: 0.30860388158483143
hit_10: 0.4107414363652625
hit_20: 0.5418120025042483
ap: 0.22853998839855194
########## best_metrics ##########
ndcg_1: 0.1363473750111797
ndcg_5: 0.22610756754875183
ndcg_10: 0.2596823275089264
ndcg_20: 0.2927651107311249
hit_1: 0.1363473750111797
hit_5: 0.31370181558000176
hit_10: 0.41758340041141223
hit_20: 0.5497272158125391
ap: 0.23192153871059418
no increase in recent 34 iters
#########################################################
################## epoch 107 ###########################
loss: 70.094, len_train_loader:147
modified_target in every batch:50.8027
modified_hist in every batch :485.0272
########## current_metrics ##########
ndcg_1: 0.13344065825954746
ndcg_5: 0.22484257817268372
ndcg_10: 0.25740671157836914
ndcg_20: 0.29022011160850525
hit_1: 0.13344065825954746
hit_5: 0.31007959932027546
hit_10: 0.4111886235578213
hit_20: 0.5417672837849924
ap: 0.22971679270267487
########## best_metrics ##########
ndcg_1: 0.1363473750111797
ndcg_5: 0.22610756754875183
ndcg_10: 0.2596823275089264
ndcg_20: 0.2927651107311249
hit_1: 0.1363473750111797
hit_5: 0.31370181558000176
hit_10: 0.41758340041141223
hit_20: 0.5497272158125391
ap: 0.23192153871059418
no increase in recent 35 iters
#########################################################
################## epoch 108 ###########################
loss: 70.4625, len_train_loader:147
modified_target in every batch:50.8027
modified_hist in every batch :484.7007
########## current_metrics ##########
ndcg_1: 0.1330829085055004
ndcg_5: 0.22342489659786224
ndcg_10: 0.25588688254356384
ndcg_20: 0.2891268730163574
hit_1: 0.1330829085055004
hit_5: 0.3074859136034344
hit_10: 0.40819246936767734
hit_20: 0.5405151596458277
ap: 0.22877265512943268
########## best_metrics ##########
ndcg_1: 0.1363473750111797
ndcg_5: 0.22610756754875183
ndcg_10: 0.2596823275089264
ndcg_20: 0.2927651107311249
hit_1: 0.1363473750111797
hit_5: 0.31370181558000176
hit_10: 0.41758340041141223
hit_20: 0.5497272158125391
ap: 0.23192153871059418
no increase in recent 36 iters
#########################################################
################## epoch 109 ###########################
loss: 70.1086, len_train_loader:147
modified_target in every batch:50.8027
modified_hist in every batch :485.1905
########## current_metrics ##########
ndcg_1: 0.13093640998121814
ndcg_5: 0.22254984080791473
ndcg_10: 0.2552354037761688
ndcg_20: 0.2886887788772583
hit_1: 0.13093640998121814
hit_5: 0.3072176012878991
hit_10: 0.4084160629639567
hit_20: 0.541543690188713
ap: 0.22789835929870605
########## best_metrics ##########
ndcg_1: 0.1363473750111797
ndcg_5: 0.22610756754875183
ndcg_10: 0.2596823275089264
ndcg_20: 0.2927651107311249
hit_1: 0.1363473750111797
hit_5: 0.31370181558000176
hit_10: 0.41758340041141223
hit_20: 0.5497272158125391
ap: 0.23192153871059418
no increase in recent 37 iters
#########################################################
################## epoch 110 ###########################
loss: 70.5232, len_train_loader:147
modified_target in every batch:50.8027
modified_hist in every batch :483.4558
########## current_metrics ##########
ndcg_1: 0.13254628387442985
ndcg_5: 0.2226308137178421
ndcg_10: 0.2548384368419647
ndcg_20: 0.28887471556663513
hit_1: 0.13254628387442985
hit_5: 0.30690457025310797
hit_10: 0.4065825954744656
hit_20: 0.5419461586620159
ap: 0.22805577516555786
########## best_metrics ##########
ndcg_1: 0.1363473750111797
ndcg_5: 0.22610756754875183
ndcg_10: 0.2596823275089264
ndcg_20: 0.2927651107311249
hit_1: 0.1363473750111797
hit_5: 0.31370181558000176
hit_10: 0.41758340041141223
hit_20: 0.5497272158125391
ap: 0.23192153871059418
no increase in recent 38 iters
#########################################################
################## epoch 111 ###########################
loss: 70.0364, len_train_loader:147
modified_target in every batch:50.8027
modified_hist in every batch :483.8027
########## current_metrics ##########
ndcg_1: 0.13044450406940344
ndcg_5: 0.2214912325143814
ndcg_10: 0.25451409816741943
ndcg_20: 0.2882739007472992
hit_1: 0.13044450406940344
hit_5: 0.30614435202575796
hit_10: 0.40855021912172435
hit_20: 0.5429299704856453
ap: 0.22700929641723633
########## best_metrics ##########
ndcg_1: 0.1363473750111797
ndcg_5: 0.22610756754875183
ndcg_10: 0.2596823275089264
ndcg_20: 0.2927651107311249
hit_1: 0.1363473750111797
hit_5: 0.31370181558000176
hit_10: 0.41758340041141223
hit_20: 0.5497272158125391
ap: 0.23192153871059418
no increase in recent 39 iters
#########################################################
################## epoch 112 ###########################
loss: 69.9266, len_train_loader:147
modified_target in every batch:50.8027
modified_hist in every batch :485.9592
########## current_metrics ##########
ndcg_1: 0.131741346927824
ndcg_5: 0.2208402305841446
ndcg_10: 0.25386765599250793
ndcg_20: 0.2876265347003937
hit_1: 0.131741346927824
hit_5: 0.3045344781325463
hit_10: 0.4068509077900009
hit_20: 0.5412306591539219
ap: 0.22676853835582733
########## best_metrics ##########
ndcg_1: 0.1363473750111797
ndcg_5: 0.22610756754875183
ndcg_10: 0.2596823275089264
ndcg_20: 0.2927651107311249
hit_1: 0.1363473750111797
hit_5: 0.31370181558000176
hit_10: 0.41758340041141223
hit_20: 0.5497272158125391
ap: 0.23192153871059418
no increase in recent 40 iters
#########################################################
################## epoch 113 ###########################
loss: 69.6872, len_train_loader:147
modified_target in every batch:50.8027
modified_hist in every batch :484.9388
########## current_metrics ##########
ndcg_1: 0.13259100259368573
ndcg_5: 0.22213591635227203
ndcg_10: 0.25453782081604004
ndcg_20: 0.28873130679130554
hit_1: 0.13259100259368573
hit_5: 0.30627850818352564
hit_10: 0.40694034522851263
hit_20: 0.5431535640819247
ap: 0.22763456404209137
########## best_metrics ##########
ndcg_1: 0.1363473750111797
ndcg_5: 0.22610756754875183
ndcg_10: 0.2596823275089264
ndcg_20: 0.2927651107311249
hit_1: 0.1363473750111797
hit_5: 0.31370181558000176
hit_10: 0.41758340041141223
hit_20: 0.5497272158125391
ap: 0.23192153871059418
early stop
#########################################################
