nohup: ignoring input
########## DataInfo ##########
reading seq.dat
numUser:35597
numItem:18358
########## config ##########
thread_num: 4
dataset: sports
eval_neg_num: 100
train_neg_num: 30
input_len: 5
rec_model: BERT
train_type: train
save_epochs: [100, 200, 300, 400]
epoch_num: 500
learning_rate: 0.01
train_batch_size: 1024
test_batch_size: 256
drop_ratio: 0.1
decay_factor: 0.9
hidden_size: 50
num_hidden_layers: 1
num_attention_heads: 2
intermediate_size: 100
hidden_act: gelu
hidden_dropout_prob: 0.1
attention_probs_dropout_prob: 0.1
type_vocab_size: 1
initializer_range: 0.1
loss_type: pairwise_sample
weight_decay: 0.01
device: cuda
max_seq_len: 5
layer_size: 1
threshold: 1
noise_ratio: 0.05
candidate_num: 4
high_loss_drop: 0.05
weight_drop: 0.5
encoder_loss: False
user_num: 35597
item_num: 18358
generating train samples
train_size: 223289, time: 1.1386189460754395
abandoned 0(0.0) samples
valid user num: 35597
valid item num: 18345
generating test samples
test_size: 35597, time: 25.00978660583496
abandoned 0(0.0) samples
------------BERT ENCODER YES------------
============================================================
Start Training
============================================================
################## epoch 0 ###########################
loss: 723.4523, len_train_loader:219
modified_target in every batch:0.0
modified_hist in every batch :0.0
########## current_metrics ##########
ndcg_1: 0.010309857572267326
ndcg_5: 0.03062669187784195
ndcg_10: 0.04618794471025467
ndcg_20: 0.07137132436037064
hit_1: 0.010309857572267326
hit_5: 0.05194257943085091
hit_10: 0.10076691856055285
hit_20: 0.20187094418068938
ap: 0.05259354040026665
########## best_metrics ##########
ndcg_1: 0.010309857572267326
ndcg_5: 0.03062669187784195
ndcg_10: 0.04618794471025467
ndcg_20: 0.07137132436037064
hit_1: 0.010309857572267326
hit_5: 0.05194257943085091
hit_10: 0.10076691856055285
hit_20: 0.20187094418068938
ap: 0.05259354040026665
no increase in recent 0 iters
#########################################################
################## epoch 1 ###########################
loss: 707.2879, len_train_loader:219
modified_target in every batch:0.0
modified_hist in every batch :0.0
########## current_metrics ##########
ndcg_1: 0.0125010534595612
ndcg_5: 0.03297514468431473
ndcg_10: 0.050836313515901566
ndcg_20: 0.07761915773153305
hit_1: 0.0125010534595612
hit_5: 0.054246144338006015
hit_10: 0.1102059162288957
hit_20: 0.217349776666573
ap: 0.056370366364717484
########## best_metrics ##########
ndcg_1: 0.0125010534595612
ndcg_5: 0.03297514468431473
ndcg_10: 0.050836313515901566
ndcg_20: 0.07761915773153305
hit_1: 0.0125010534595612
hit_5: 0.054246144338006015
hit_10: 0.1102059162288957
hit_20: 0.217349776666573
ap: 0.056370366364717484
no increase in recent 0 iters
#########################################################
################## epoch 2 ###########################
loss: 707.2268, len_train_loader:219
modified_target in every batch:0.0
modified_hist in every batch :0.0
########## current_metrics ##########
ndcg_1: 0.010871702671573447
ndcg_5: 0.029198743402957916
ndcg_10: 0.044464945793151855
ndcg_20: 0.06964898109436035
hit_1: 0.010871702671573447
hit_5: 0.04840295530522235
hit_10: 0.09621597325617327
hit_20: 0.19706716858162204
ap: 0.051870301365852356
########## best_metrics ##########
ndcg_1: 0.0125010534595612
ndcg_5: 0.03297514468431473
ndcg_10: 0.050836313515901566
ndcg_20: 0.07761915773153305
hit_1: 0.0125010534595612
hit_5: 0.054246144338006015
hit_10: 0.1102059162288957
hit_20: 0.217349776666573
ap: 0.056370366364717484
no increase in recent 1 iters
#########################################################
################## epoch 3 ###########################
loss: 707.0899, len_train_loader:219
modified_target in every batch:0.0
modified_hist in every batch :0.0
########## current_metrics ##########
ndcg_1: 0.008090569430008146
ndcg_5: 0.025813894346356392
ndcg_10: 0.041007500141859055
ndcg_20: 0.06590680778026581
hit_1: 0.008090569430008146
hit_5: 0.04458240862994073
hit_10: 0.0922268730510998
hit_20: 0.19212293170772818
ap: 0.048827070742845535
########## best_metrics ##########
ndcg_1: 0.0125010534595612
ndcg_5: 0.03297514468431473
ndcg_10: 0.050836313515901566
ndcg_20: 0.07761915773153305
hit_1: 0.0125010534595612
hit_5: 0.054246144338006015
hit_10: 0.1102059162288957
hit_20: 0.217349776666573
ap: 0.056370366364717484
no increase in recent 2 iters
#########################################################
################## epoch 4 ###########################
loss: 706.6658, len_train_loader:219
modified_target in every batch:0.0
modified_hist in every batch :0.0
########## current_metrics ##########
ndcg_1: 0.01134927100598365
ndcg_5: 0.03355899080634117
ndcg_10: 0.05033161863684654
ndcg_20: 0.07899858057498932
hit_1: 0.01134927100598365
hit_5: 0.057195831109363146
hit_10: 0.10981262465938141
hit_20: 0.224597578447622
ap: 0.05668649077415466
########## best_metrics ##########
ndcg_1: 0.0125010534595612
ndcg_5: 0.03355899080634117
ndcg_10: 0.050836313515901566
ndcg_20: 0.07899858057498932
hit_1: 0.0125010534595612
hit_5: 0.057195831109363146
hit_10: 0.1102059162288957
hit_20: 0.224597578447622
ap: 0.05668649077415466
no increase in recent 0 iters
#########################################################
################## epoch 5 ###########################
loss: 685.1968, len_train_loader:219
modified_target in every batch:0.0
modified_hist in every batch :0.0
########## current_metrics ##########
ndcg_1: 0.016462061409669354
ndcg_5: 0.0480380617082119
ndcg_10: 0.07303138077259064
ndcg_20: 0.1117987111210823
hit_1: 0.016462061409669354
hit_5: 0.08124280135966513
hit_10: 0.15950782369300784
hit_20: 0.3146332556114279
ap: 0.07432416826486588
########## best_metrics ##########
ndcg_1: 0.016462061409669354
ndcg_5: 0.0480380617082119
ndcg_10: 0.07303138077259064
ndcg_20: 0.1117987111210823
hit_1: 0.016462061409669354
hit_5: 0.08124280135966513
hit_10: 0.15950782369300784
hit_20: 0.3146332556114279
ap: 0.07432416826486588
no increase in recent 0 iters
#########################################################
################## epoch 6 ###########################
loss: 556.2258, len_train_loader:219
modified_target in every batch:0.0
modified_hist in every batch :0.0
########## current_metrics ##########
ndcg_1: 0.028822653594404023
ndcg_5: 0.07556431740522385
ndcg_10: 0.11139865964651108
ndcg_20: 0.16096574068069458
hit_1: 0.028822653594404023
hit_5: 0.1231845380228671
hit_10: 0.23538500435429952
hit_20: 0.4333511250948114
ap: 0.10297580063343048
########## best_metrics ##########
ndcg_1: 0.028822653594404023
ndcg_5: 0.07556431740522385
ndcg_10: 0.11139865964651108
ndcg_20: 0.16096574068069458
hit_1: 0.028822653594404023
hit_5: 0.1231845380228671
hit_10: 0.23538500435429952
hit_20: 0.4333511250948114
ap: 0.10297580063343048
no increase in recent 0 iters
#########################################################
################## epoch 7 ###########################
loss: 492.7594, len_train_loader:219
modified_target in every batch:0.0
modified_hist in every batch :0.0
########## current_metrics ##########
ndcg_1: 0.035649071550973396
ndcg_5: 0.09732885658740997
ndcg_10: 0.13735449314117432
ndcg_20: 0.1911190301179886
hit_1: 0.035649071550973396
hit_5: 0.15998539202741804
hit_10: 0.28499592662303
hit_20: 0.4987218023990786
ap: 0.12125017493963242
########## best_metrics ##########
ndcg_1: 0.035649071550973396
ndcg_5: 0.09732885658740997
ndcg_10: 0.13735449314117432
ndcg_20: 0.1911190301179886
hit_1: 0.035649071550973396
hit_5: 0.15998539202741804
hit_10: 0.28499592662303
hit_20: 0.4987218023990786
ap: 0.12125017493963242
no increase in recent 0 iters
#########################################################
################## epoch 8 ###########################
loss: 456.3677, len_train_loader:219
modified_target in every batch:0.0
modified_hist in every batch :0.0
########## current_metrics ##########
ndcg_1: 0.046801696772199905
ndcg_5: 0.12031663954257965
ndcg_10: 0.1649457812309265
ndcg_20: 0.2184939682483673
hit_1: 0.046801696772199905
hit_5: 0.1949602494592241
hit_10: 0.33412928055735036
hit_20: 0.5469281119195438
ap: 0.14091600477695465
########## best_metrics ##########
ndcg_1: 0.046801696772199905
ndcg_5: 0.12031663954257965
ndcg_10: 0.1649457812309265
ndcg_20: 0.2184939682483673
hit_1: 0.046801696772199905
hit_5: 0.1949602494592241
hit_10: 0.33412928055735036
hit_20: 0.5469281119195438
ap: 0.14091600477695465
no increase in recent 0 iters
#########################################################
################## epoch 9 ###########################
loss: 422.9817, len_train_loader:219
modified_target in every batch:0.0
modified_hist in every batch :0.0
########## current_metrics ##########
ndcg_1: 0.04654886647751215
ndcg_5: 0.11996496468782425
ndcg_10: 0.16592885553836823
ndcg_20: 0.21984951198101044
hit_1: 0.04654886647751215
hit_5: 0.1940051127904037
hit_10: 0.33758462791808297
hit_20: 0.5519285333033682
ap: 0.14127209782600403
########## best_metrics ##########
ndcg_1: 0.046801696772199905
ndcg_5: 0.12031663954257965
ndcg_10: 0.16592885553836823
ndcg_20: 0.21984951198101044
hit_1: 0.046801696772199905
hit_5: 0.1949602494592241
hit_10: 0.33758462791808297
hit_20: 0.5519285333033682
ap: 0.14127209782600403
no increase in recent 0 iters
#########################################################
################## epoch 10 ###########################
loss: 396.3461, len_train_loader:219
modified_target in every batch:0.0
modified_hist in every batch :0.0
########## current_metrics ##########
ndcg_1: 0.05618450993061213
ndcg_5: 0.1404871940612793
ndcg_10: 0.18832650780677795
ndcg_20: 0.24125061929225922
hit_1: 0.05618450993061213
hit_5: 0.2250751467820322
hit_10: 0.3741607438829115
hit_20: 0.5841784420035396
ap: 0.1579887717962265
########## best_metrics ##########
ndcg_1: 0.05618450993061213
ndcg_5: 0.1404871940612793
ndcg_10: 0.18832650780677795
ndcg_20: 0.24125061929225922
hit_1: 0.05618450993061213
hit_5: 0.2250751467820322
hit_10: 0.3741607438829115
hit_20: 0.5841784420035396
ap: 0.1579887717962265
no increase in recent 0 iters
#########################################################
################## epoch 11 ###########################
loss: 374.6863, len_train_loader:219
modified_target in every batch:0.0
modified_hist in every batch :0.0
########## current_metrics ##########
ndcg_1: 0.06399415681096722
ndcg_5: 0.15493303537368774
ndcg_10: 0.20355768501758575
ndcg_20: 0.2531902492046356
hit_1: 0.06399415681096722
hit_5: 0.24580723094642806
hit_10: 0.3973087619743237
hit_20: 0.5939545467314661
ap: 0.16944661736488342
########## best_metrics ##########
ndcg_1: 0.06399415681096722
ndcg_5: 0.15493303537368774
ndcg_10: 0.20355768501758575
ndcg_20: 0.2531902492046356
hit_1: 0.06399415681096722
hit_5: 0.24580723094642806
hit_10: 0.3973087619743237
hit_20: 0.5939545467314661
ap: 0.16944661736488342
no increase in recent 0 iters
#########################################################
################## epoch 12 ###########################
loss: 358.5107, len_train_loader:219
modified_target in every batch:0.0
modified_hist in every batch :0.0
########## current_metrics ##########
ndcg_1: 0.06803944152597129
ndcg_5: 0.15967154502868652
ndcg_10: 0.20794738829135895
ndcg_20: 0.25772109627723694
hit_1: 0.06803944152597129
hit_5: 0.2511728516448015
hit_10: 0.40141023119925834
hit_20: 0.5987021378206029
ap: 0.1737305223941803
########## best_metrics ##########
ndcg_1: 0.06803944152597129
ndcg_5: 0.15967154502868652
ndcg_10: 0.20794738829135895
ndcg_20: 0.25772109627723694
hit_1: 0.06803944152597129
hit_5: 0.2511728516448015
hit_10: 0.40141023119925834
hit_20: 0.5987021378206029
ap: 0.1737305223941803
no increase in recent 0 iters
#########################################################
################## epoch 13 ###########################
loss: 339.5379, len_train_loader:219
modified_target in every batch:0.0
modified_hist in every batch :0.0
########## current_metrics ##########
ndcg_1: 0.07009017613843863
ndcg_5: 0.1631871461868286
ndcg_10: 0.2117866575717926
ndcg_20: 0.26207906007766724
hit_1: 0.07009017613843863
hit_5: 0.256173273028626
hit_10: 0.4075343427816951
hit_20: 0.606792707250611
ap: 0.17683236300945282
########## best_metrics ##########
ndcg_1: 0.07009017613843863
ndcg_5: 0.1631871461868286
ndcg_10: 0.2117866575717926
ndcg_20: 0.26207906007766724
hit_1: 0.07009017613843863
hit_5: 0.256173273028626
hit_10: 0.4075343427816951
hit_20: 0.606792707250611
ap: 0.17683236300945282
no increase in recent 0 iters
#########################################################
################## epoch 14 ###########################
loss: 325.9876, len_train_loader:219
modified_target in every batch:0.0
modified_hist in every batch :0.0
########## current_metrics ##########
ndcg_1: 0.07312413967469168
ndcg_5: 0.17059074342250824
ndcg_10: 0.21998091042041779
ndcg_20: 0.26907771825790405
hit_1: 0.07312413967469168
hit_5: 0.26777537432929743
hit_10: 0.4214119167345563
hit_20: 0.615978874624266
ap: 0.18266503512859344
########## best_metrics ##########
ndcg_1: 0.07312413967469168
ndcg_5: 0.17059074342250824
ndcg_10: 0.21998091042041779
ndcg_20: 0.26907771825790405
hit_1: 0.07312413967469168
hit_5: 0.26777537432929743
hit_10: 0.4214119167345563
hit_20: 0.615978874624266
ap: 0.18266503512859344
no increase in recent 0 iters
#########################################################
################## epoch 15 ###########################
loss: 310.9744, len_train_loader:219
modified_target in every batch:0.0
modified_hist in every batch :0.0
########## current_metrics ##########
ndcg_1: 0.07483776722757536
ndcg_5: 0.1693103164434433
ndcg_10: 0.2172326147556305
ndcg_20: 0.26526227593421936
hit_1: 0.07483776722757536
hit_5: 0.26294350647526477
hit_10: 0.4120571958311094
hit_20: 0.6023822232210579
ap: 0.1819552481174469
########## best_metrics ##########
ndcg_1: 0.07483776722757536
ndcg_5: 0.17059074342250824
ndcg_10: 0.21998091042041779
ndcg_20: 0.26907771825790405
hit_1: 0.07483776722757536
hit_5: 0.26777537432929743
hit_10: 0.4214119167345563
hit_20: 0.615978874624266
ap: 0.18266503512859344
no increase in recent 0 iters
#########################################################
################## epoch 16 ###########################
loss: 298.927, len_train_loader:219
modified_target in every batch:0.0
modified_hist in every batch :0.0
########## current_metrics ##########
ndcg_1: 0.07995055763126106
ndcg_5: 0.1798052340745926
ndcg_10: 0.22855517268180847
ndcg_20: 0.27722883224487305
hit_1: 0.07995055763126106
hit_5: 0.27724246425260557
hit_10: 0.42905301008511953
hit_20: 0.6218501559120151
ap: 0.19109834730625153
########## best_metrics ##########
ndcg_1: 0.07995055763126106
ndcg_5: 0.1798052340745926
ndcg_10: 0.22855517268180847
ndcg_20: 0.27722883224487305
hit_1: 0.07995055763126106
hit_5: 0.27724246425260557
hit_10: 0.42905301008511953
hit_20: 0.6218501559120151
ap: 0.19109834730625153
no increase in recent 0 iters
#########################################################
################## epoch 17 ###########################
loss: 288.8652, len_train_loader:219
modified_target in every batch:0.0
modified_hist in every batch :0.0
########## current_metrics ##########
ndcg_1: 0.08141135488945697
ndcg_5: 0.18045024573802948
ndcg_10: 0.22808204591274261
ndcg_20: 0.2771455943584442
hit_1: 0.08141135488945697
hit_5: 0.27808523190156476
hit_10: 0.4262718768435542
hit_20: 0.6204455431637498
ap: 0.1914566606283188
########## best_metrics ##########
ndcg_1: 0.08141135488945697
ndcg_5: 0.18045024573802948
ndcg_10: 0.22855517268180847
ndcg_20: 0.27722883224487305
hit_1: 0.08141135488945697
hit_5: 0.27808523190156476
hit_10: 0.42905301008511953
hit_20: 0.6218501559120151
ap: 0.1914566606283188
no increase in recent 0 iters
#########################################################
################## epoch 18 ###########################
loss: 280.8939, len_train_loader:219
modified_target in every batch:0.0
modified_hist in every batch :0.0
########## current_metrics ##########
ndcg_1: 0.07891114419754473
ndcg_5: 0.1749657392501831
ndcg_10: 0.2223760485649109
ndcg_20: 0.2702154815196991
hit_1: 0.07891114419754473
hit_5: 0.2690676180577015
hit_10: 0.4164676798606624
hit_20: 0.6059218473466865
ap: 0.18700085580348969
########## best_metrics ##########
ndcg_1: 0.08141135488945697
ndcg_5: 0.18045024573802948
ndcg_10: 0.22855517268180847
ndcg_20: 0.27722883224487305
hit_1: 0.08141135488945697
hit_5: 0.27808523190156476
hit_10: 0.42905301008511953
hit_20: 0.6218501559120151
ap: 0.1914566606283188
no increase in recent 1 iters
#########################################################
################## epoch 19 ###########################
loss: 274.7436, len_train_loader:219
modified_target in every batch:0.0
modified_hist in every batch :0.0
########## current_metrics ##########
ndcg_1: 0.07787173076382842
ndcg_5: 0.17458145320415497
ndcg_10: 0.22207190096378326
ndcg_20: 0.26976001262664795
hit_1: 0.07787173076382842
hit_5: 0.2693485406073545
hit_10: 0.4169733404500379
hit_20: 0.6058375705817906
ap: 0.18637917935848236
########## best_metrics ##########
ndcg_1: 0.08141135488945697
ndcg_5: 0.18045024573802948
ndcg_10: 0.22855517268180847
ndcg_20: 0.27722883224487305
hit_1: 0.08141135488945697
hit_5: 0.27808523190156476
hit_10: 0.42905301008511953
hit_20: 0.6218501559120151
ap: 0.1914566606283188
no increase in recent 2 iters
#########################################################
################## epoch 20 ###########################
loss: 268.8284, len_train_loader:219
modified_target in every batch:0.0
modified_hist in every batch :0.0
########## current_metrics ##########
ndcg_1: 0.07913588223726718
ndcg_5: 0.17672541737556458
ndcg_10: 0.22512181103229523
ndcg_20: 0.2723148465156555
hit_1: 0.07913588223726718
hit_5: 0.2725229654184341
hit_10: 0.42304126752254406
hit_20: 0.6100514088265865
ap: 0.1882345825433731
########## best_metrics ##########
ndcg_1: 0.08141135488945697
ndcg_5: 0.18045024573802948
ndcg_10: 0.22855517268180847
ndcg_20: 0.27722883224487305
hit_1: 0.08141135488945697
hit_5: 0.27808523190156476
hit_10: 0.42905301008511953
hit_20: 0.6218501559120151
ap: 0.1914566606283188
no increase in recent 3 iters
#########################################################
################## epoch 21 ###########################
loss: 263.2927, len_train_loader:219
modified_target in every batch:0.0
modified_hist in every batch :0.0
########## current_metrics ##########
ndcg_1: 0.08301261342247943
ndcg_5: 0.18194597959518433
ndcg_10: 0.22856976091861725
ndcg_20: 0.27509647607803345
hit_1: 0.08301261342247943
hit_5: 0.2802764277888586
hit_10: 0.4252324634098379
hit_20: 0.6096862095120376
ap: 0.1917499154806137
########## best_metrics ##########
ndcg_1: 0.08301261342247943
ndcg_5: 0.18194597959518433
ndcg_10: 0.22856976091861725
ndcg_20: 0.27722883224487305
hit_1: 0.08301261342247943
hit_5: 0.2802764277888586
hit_10: 0.42905301008511953
hit_20: 0.6218501559120151
ap: 0.1917499154806137
no increase in recent 0 iters
#########################################################
################## epoch 22 ###########################
loss: 258.9842, len_train_loader:219
modified_target in every batch:0.0
modified_hist in every batch :0.0
########## current_metrics ##########
ndcg_1: 0.08691743686265696
ndcg_5: 0.1853199154138565
ndcg_10: 0.23284511268138885
ndcg_20: 0.2785983979701996
hit_1: 0.08691743686265696
hit_5: 0.2817934095569851
hit_10: 0.4294463016546338
hit_20: 0.6107537152007192
ap: 0.1958773285150528
########## best_metrics ##########
ndcg_1: 0.08691743686265696
ndcg_5: 0.1853199154138565
ndcg_10: 0.23284511268138885
ndcg_20: 0.2785983979701996
hit_1: 0.08691743686265696
hit_5: 0.2817934095569851
hit_10: 0.4294463016546338
hit_20: 0.6218501559120151
ap: 0.1958773285150528
no increase in recent 0 iters
#########################################################
################## epoch 23 ###########################
loss: 254.8657, len_train_loader:219
modified_target in every batch:0.0
modified_hist in every batch :0.0
########## current_metrics ##########
ndcg_1: 0.08427676489591819
ndcg_5: 0.18316002190113068
ndcg_10: 0.23024040460586548
ndcg_20: 0.275905042886734
hit_1: 0.08427676489591819
hit_5: 0.2803326122987892
hit_10: 0.4267494451779644
hit_20: 0.6075511981346743
ap: 0.1932666152715683
########## best_metrics ##########
ndcg_1: 0.08691743686265696
ndcg_5: 0.1853199154138565
ndcg_10: 0.23284511268138885
ndcg_20: 0.2785983979701996
hit_1: 0.08691743686265696
hit_5: 0.2817934095569851
hit_10: 0.4294463016546338
hit_20: 0.6218501559120151
ap: 0.1958773285150528
no increase in recent 1 iters
#########################################################
################## epoch 24 ###########################
loss: 250.7386, len_train_loader:219
modified_target in every batch:0.0
modified_hist in every batch :0.0
########## current_metrics ##########
ndcg_1: 0.08722645166727533
ndcg_5: 0.18318887054920197
ndcg_10: 0.2295626550912857
ndcg_20: 0.2757778465747833
hit_1: 0.08722645166727533
hit_5: 0.27752338680225863
hit_10: 0.42158047026434814
hit_20: 0.6048262494030395
ap: 0.19423915445804596
########## best_metrics ##########
ndcg_1: 0.08722645166727533
ndcg_5: 0.1853199154138565
ndcg_10: 0.23284511268138885
ndcg_20: 0.2785983979701996
hit_1: 0.08722645166727533
hit_5: 0.2817934095569851
hit_10: 0.4294463016546338
hit_20: 0.6218501559120151
ap: 0.1958773285150528
no increase in recent 0 iters
#########################################################
################## epoch 25 ###########################
loss: 247.5162, len_train_loader:219
modified_target in every batch:0.0
modified_hist in every batch :0.0
########## current_metrics ##########
ndcg_1: 0.08349018175688963
ndcg_5: 0.18178822100162506
ndcg_10: 0.22679875791072845
ndcg_20: 0.2728758752346039
hit_1: 0.08349018175688963
hit_5: 0.27802904739163414
hit_10: 0.4178442003539624
hit_20: 0.6004157653734865
ap: 0.19173504412174225
########## best_metrics ##########
ndcg_1: 0.08722645166727533
ndcg_5: 0.1853199154138565
ndcg_10: 0.23284511268138885
ndcg_20: 0.2785983979701996
hit_1: 0.08722645166727533
hit_5: 0.2817934095569851
hit_10: 0.4294463016546338
hit_20: 0.6218501559120151
ap: 0.1958773285150528
no increase in recent 1 iters
#########################################################
################## epoch 26 ###########################
loss: 243.4402, len_train_loader:219
modified_target in every batch:0.0
modified_hist in every batch :0.0
########## current_metrics ##########
ndcg_1: 0.0800910189060876
ndcg_5: 0.1781572550535202
ndcg_10: 0.22500969469547272
ndcg_20: 0.270746111869812
hit_1: 0.0800910189060876
hit_5: 0.273702840126977
hit_10: 0.41933308986712364
hit_20: 0.6006124111582437
ap: 0.1889103353023529
########## best_metrics ##########
ndcg_1: 0.08722645166727533
ndcg_5: 0.1853199154138565
ndcg_10: 0.23284511268138885
ndcg_20: 0.2785983979701996
hit_1: 0.08722645166727533
hit_5: 0.2817934095569851
hit_10: 0.4294463016546338
hit_20: 0.6218501559120151
ap: 0.1958773285150528
no increase in recent 2 iters
#########################################################
################## epoch 27 ###########################
loss: 241.6556, len_train_loader:219
modified_target in every batch:0.0
modified_hist in every batch :0.0
########## current_metrics ##########
ndcg_1: 0.0843329494058488
ndcg_5: 0.1827080398797989
ndcg_10: 0.22795294225215912
ndcg_20: 0.2741023600101471
hit_1: 0.0843329494058488
hit_5: 0.27943366013989945
hit_10: 0.41986684271146446
hit_20: 0.6028316993005028
ap: 0.1925228238105774
########## best_metrics ##########
ndcg_1: 0.08722645166727533
ndcg_5: 0.1853199154138565
ndcg_10: 0.23284511268138885
ndcg_20: 0.2785983979701996
hit_1: 0.08722645166727533
hit_5: 0.2817934095569851
hit_10: 0.4294463016546338
hit_20: 0.6218501559120151
ap: 0.1958773285150528
no increase in recent 3 iters
#########################################################
################## epoch 28 ###########################
loss: 239.1521, len_train_loader:219
modified_target in every batch:0.0
modified_hist in every batch :0.0
########## current_metrics ##########
ndcg_1: 0.08489479450515493
ndcg_5: 0.17940892279148102
ndcg_10: 0.22503991425037384
ndcg_20: 0.27113208174705505
hit_1: 0.08489479450515493
hit_5: 0.27212967384891984
hit_10: 0.41393937691378485
hit_20: 0.5967075877180661
ap: 0.19077043235301971
########## best_metrics ##########
ndcg_1: 0.08722645166727533
ndcg_5: 0.1853199154138565
ndcg_10: 0.23284511268138885
ndcg_20: 0.2785983979701996
hit_1: 0.08722645166727533
hit_5: 0.2817934095569851
hit_10: 0.4294463016546338
hit_20: 0.6218501559120151
ap: 0.1958773285150528
no increase in recent 4 iters
#########################################################
################## epoch 29 ###########################
loss: 236.0908, len_train_loader:219
modified_target in every batch:0.0
modified_hist in every batch :0.0
########## current_metrics ##########
ndcg_1: 0.08320925920723657
ndcg_5: 0.17873157560825348
ndcg_10: 0.2243248075246811
ndcg_20: 0.27018579840660095
hit_1: 0.08320925920723657
hit_5: 0.2729162569879484
hit_10: 0.4145574065230216
hit_20: 0.5963423884035172
ap: 0.18961140513420105
########## best_metrics ##########
ndcg_1: 0.08722645166727533
ndcg_5: 0.1853199154138565
ndcg_10: 0.23284511268138885
ndcg_20: 0.2785983979701996
hit_1: 0.08722645166727533
hit_5: 0.2817934095569851
hit_10: 0.4294463016546338
hit_20: 0.6218501559120151
ap: 0.1958773285150528
no increase in recent 5 iters
#########################################################
################## epoch 30 ###########################
loss: 234.353, len_train_loader:219
modified_target in every batch:0.0
modified_hist in every batch :0.0
########## current_metrics ##########
ndcg_1: 0.08363064303171616
ndcg_5: 0.1773122102022171
ndcg_10: 0.22265692055225372
ndcg_20: 0.26868486404418945
hit_1: 0.08363064303171616
hit_5: 0.26985420119673004
hit_10: 0.41059639857291347
hit_20: 0.5932241481023682
ap: 0.18865548074245453
########## best_metrics ##########
ndcg_1: 0.08722645166727533
ndcg_5: 0.1853199154138565
ndcg_10: 0.23284511268138885
ndcg_20: 0.2785983979701996
hit_1: 0.08722645166727533
hit_5: 0.2817934095569851
hit_10: 0.4294463016546338
hit_20: 0.6218501559120151
ap: 0.1958773285150528
no increase in recent 6 iters
#########################################################
################## epoch 31 ###########################
loss: 232.1332, len_train_loader:219
modified_target in every batch:0.0
modified_hist in every batch :0.0
########## current_metrics ##########
ndcg_1: 0.08534427058459983
ndcg_5: 0.1817072629928589
ndcg_10: 0.22877302765846252
ndcg_20: 0.2740526497364044
hit_1: 0.08534427058459983
hit_5: 0.2756692979745484
hit_10: 0.42208613085372365
hit_20: 0.6015394555720988
ap: 0.19278043508529663
########## best_metrics ##########
ndcg_1: 0.08722645166727533
ndcg_5: 0.1853199154138565
ndcg_10: 0.23284511268138885
ndcg_20: 0.2785983979701996
hit_1: 0.08722645166727533
hit_5: 0.2817934095569851
hit_10: 0.4294463016546338
hit_20: 0.6218501559120151
ap: 0.1958773285150528
no increase in recent 7 iters
#########################################################
################## epoch 32 ###########################
loss: 228.9385, len_train_loader:219
modified_target in every batch:0.0
modified_hist in every batch :0.0
########## current_metrics ##########
ndcg_1: 0.08452959519060595
ndcg_5: 0.17991293966770172
ndcg_10: 0.22617967426776886
ndcg_20: 0.27197229862213135
hit_1: 0.08452959519060595
hit_5: 0.272972441497879
hit_10: 0.4169733404500379
hit_20: 0.5987583223305335
ap: 0.19113868474960327
########## best_metrics ##########
ndcg_1: 0.08722645166727533
ndcg_5: 0.1853199154138565
ndcg_10: 0.23284511268138885
ndcg_20: 0.2785983979701996
hit_1: 0.08722645166727533
hit_5: 0.2817934095569851
hit_10: 0.4294463016546338
hit_20: 0.6218501559120151
ap: 0.1958773285150528
no increase in recent 8 iters
#########################################################
################## epoch 33 ###########################
loss: 228.147, len_train_loader:219
modified_target in every batch:0.0
modified_hist in every batch :0.0
########## current_metrics ##########
ndcg_1: 0.08402393460123044
ndcg_5: 0.18046835064888
ndcg_10: 0.22622770071029663
ndcg_20: 0.2707981765270233
hit_1: 0.08402393460123044
hit_5: 0.27479843807062393
hit_10: 0.41719807848976037
hit_20: 0.5939545467314661
ap: 0.1909026801586151
########## best_metrics ##########
ndcg_1: 0.08722645166727533
ndcg_5: 0.1853199154138565
ndcg_10: 0.23284511268138885
ndcg_20: 0.2785983979701996
hit_1: 0.08722645166727533
hit_5: 0.2817934095569851
hit_10: 0.4294463016546338
hit_20: 0.6218501559120151
ap: 0.1958773285150528
no increase in recent 9 iters
#########################################################
################## epoch 34 ###########################
loss: 215.4031, len_train_loader:219
modified_target in every batch:0.0
modified_hist in every batch :0.0
########## current_metrics ##########
ndcg_1: 0.08736691294210186
ndcg_5: 0.18349552154541016
ndcg_10: 0.2290980964899063
ndcg_20: 0.27436280250549316
hit_1: 0.08736691294210186
hit_5: 0.2773829255274321
hit_10: 0.41933308986712364
hit_20: 0.5984212152709498
ap: 0.19401836395263672
########## best_metrics ##########
ndcg_1: 0.08736691294210186
ndcg_5: 0.1853199154138565
ndcg_10: 0.23284511268138885
ndcg_20: 0.2785983979701996
hit_1: 0.08736691294210186
hit_5: 0.2817934095569851
hit_10: 0.4294463016546338
hit_20: 0.6218501559120151
ap: 0.1958773285150528
no increase in recent 0 iters
#########################################################
################## epoch 35 ###########################
loss: 212.9226, len_train_loader:219
modified_target in every batch:0.0
modified_hist in every batch :0.0
########## current_metrics ##########
ndcg_1: 0.08467005646543248
ndcg_5: 0.1784079521894455
ndcg_10: 0.22313101589679718
ndcg_20: 0.2678554654121399
hit_1: 0.08467005646543248
hit_5: 0.2706969688456892
hit_10: 0.41000646121864204
hit_20: 0.5874090513245498
ap: 0.18914088606834412
########## best_metrics ##########
ndcg_1: 0.08736691294210186
ndcg_5: 0.1853199154138565
ndcg_10: 0.23284511268138885
ndcg_20: 0.2785983979701996
hit_1: 0.08736691294210186
hit_5: 0.2817934095569851
hit_10: 0.4294463016546338
hit_20: 0.6218501559120151
ap: 0.1958773285150528
no increase in recent 1 iters
#########################################################
################## epoch 36 ###########################
loss: 212.5038, len_train_loader:219
modified_target in every batch:0.0
modified_hist in every batch :0.0
########## current_metrics ##########
ndcg_1: 0.08573756215411411
ndcg_5: 0.1804032325744629
ndcg_10: 0.2259470522403717
ndcg_20: 0.270902156829834
hit_1: 0.08573756215411411
hit_5: 0.2728319802230525
hit_10: 0.41444503750316036
hit_20: 0.5927184875129927
ap: 0.191509410738945
########## best_metrics ##########
ndcg_1: 0.08736691294210186
ndcg_5: 0.1853199154138565
ndcg_10: 0.23284511268138885
ndcg_20: 0.2785983979701996
hit_1: 0.08736691294210186
hit_5: 0.2817934095569851
hit_10: 0.4294463016546338
hit_20: 0.6218501559120151
ap: 0.1958773285150528
no increase in recent 2 iters
#########################################################
################## epoch 37 ###########################
loss: 212.1693, len_train_loader:219
modified_target in every batch:0.0
modified_hist in every batch :0.0
########## current_metrics ##########
ndcg_1: 0.08458577970053656
ndcg_5: 0.17894603312015533
ndcg_10: 0.22512905299663544
ndcg_20: 0.2701120674610138
hit_1: 0.08458577970053656
hit_5: 0.27131499845492596
hit_10: 0.41478214456274404
hit_20: 0.5931679635924376
ap: 0.19032125174999237
########## best_metrics ##########
ndcg_1: 0.08736691294210186
ndcg_5: 0.1853199154138565
ndcg_10: 0.23284511268138885
ndcg_20: 0.2785983979701996
hit_1: 0.08736691294210186
hit_5: 0.2817934095569851
hit_10: 0.4294463016546338
hit_20: 0.6218501559120151
ap: 0.1958773285150528
no increase in recent 3 iters
#########################################################
################## epoch 38 ###########################
loss: 210.809, len_train_loader:219
modified_target in every batch:0.0
modified_hist in every batch :0.0
########## current_metrics ##########
ndcg_1: 0.08632749950838554
ndcg_5: 0.18072503805160522
ndcg_10: 0.2258773148059845
ndcg_20: 0.2709764838218689
hit_1: 0.08632749950838554
hit_5: 0.27359047110711576
hit_10: 0.41402365367868077
hit_20: 0.5925218417282355
ap: 0.19155126810073853
########## best_metrics ##########
ndcg_1: 0.08736691294210186
ndcg_5: 0.1853199154138565
ndcg_10: 0.23284511268138885
ndcg_20: 0.2785983979701996
hit_1: 0.08736691294210186
hit_5: 0.2817934095569851
hit_10: 0.4294463016546338
hit_20: 0.6218501559120151
ap: 0.1958773285150528
no increase in recent 4 iters
#########################################################
################## epoch 39 ###########################
loss: 210.1565, len_train_loader:219
modified_target in every batch:0.0
modified_hist in every batch :0.0
########## current_metrics ##########
ndcg_1: 0.08655223754810798
ndcg_5: 0.18013790249824524
ndcg_10: 0.22576145827770233
ndcg_20: 0.2696397304534912
hit_1: 0.08655223754810798
hit_5: 0.27176447453437086
hit_10: 0.4133494395595134
hit_20: 0.5874090513245498
ap: 0.19137877225875854
########## best_metrics ##########
ndcg_1: 0.08736691294210186
ndcg_5: 0.1853199154138565
ndcg_10: 0.23284511268138885
ndcg_20: 0.2785983979701996
hit_1: 0.08736691294210186
hit_5: 0.2817934095569851
hit_10: 0.4294463016546338
hit_20: 0.6218501559120151
ap: 0.1958773285150528
no increase in recent 5 iters
#########################################################
################## epoch 40 ###########################
loss: 207.9214, len_train_loader:219
modified_target in every batch:0.0
modified_hist in every batch :0.0
########## current_metrics ##########
ndcg_1: 0.08823777284602635
ndcg_5: 0.18145695328712463
ndcg_10: 0.22598981857299805
ndcg_20: 0.27088606357574463
hit_1: 0.08823777284602635
hit_5: 0.2724667809085035
hit_10: 0.41090541337753184
hit_20: 0.5889541253476417
ap: 0.19270513951778412
########## best_metrics ##########
ndcg_1: 0.08823777284602635
ndcg_5: 0.1853199154138565
ndcg_10: 0.23284511268138885
ndcg_20: 0.2785983979701996
hit_1: 0.08823777284602635
hit_5: 0.2817934095569851
hit_10: 0.4294463016546338
hit_20: 0.6218501559120151
ap: 0.1958773285150528
no increase in recent 0 iters
#########################################################
################## epoch 41 ###########################
loss: 207.5013, len_train_loader:219
modified_target in every batch:0.0
modified_hist in every batch :0.0
########## current_metrics ##########
ndcg_1: 0.08733882068713655
ndcg_5: 0.1833038479089737
ndcg_10: 0.22724321484565735
ndcg_20: 0.270793080329895
hit_1: 0.08733882068713655
hit_5: 0.27662443464336883
hit_10: 0.41343371632440934
hit_20: 0.5864258224007641
ap: 0.193070188164711
########## best_metrics ##########
ndcg_1: 0.08823777284602635
ndcg_5: 0.1853199154138565
ndcg_10: 0.23284511268138885
ndcg_20: 0.2785983979701996
hit_1: 0.08823777284602635
hit_5: 0.2817934095569851
hit_10: 0.4294463016546338
hit_20: 0.6218501559120151
ap: 0.1958773285150528
no increase in recent 1 iters
#########################################################
################## epoch 42 ###########################
loss: 205.7759, len_train_loader:219
modified_target in every batch:0.0
modified_hist in every batch :0.0
########## current_metrics ##########
ndcg_1: 0.08674888333286512
ndcg_5: 0.17967219650745392
ndcg_10: 0.22434961795806885
ndcg_20: 0.2689877450466156
hit_1: 0.08674888333286512
hit_5: 0.2705565075708627
hit_10: 0.40936033935444
hit_20: 0.5864258224007641
ap: 0.19089671969413757
########## best_metrics ##########
ndcg_1: 0.08823777284602635
ndcg_5: 0.1853199154138565
ndcg_10: 0.23284511268138885
ndcg_20: 0.2785983979701996
hit_1: 0.08823777284602635
hit_5: 0.2817934095569851
hit_10: 0.4294463016546338
hit_20: 0.6218501559120151
ap: 0.1958773285150528
no increase in recent 2 iters
#########################################################
################## epoch 43 ###########################
loss: 204.642, len_train_loader:219
modified_target in every batch:0.0
modified_hist in every batch :0.0
########## current_metrics ##########
ndcg_1: 0.08393965783633452
ndcg_5: 0.17726580798625946
ndcg_10: 0.22091321647167206
ndcg_20: 0.2665136754512787
hit_1: 0.08393965783633452
hit_5: 0.2684776807034301
hit_10: 0.40421945669578896
hit_20: 0.5853583167120825
ap: 0.18814584612846375
########## best_metrics ##########
ndcg_1: 0.08823777284602635
ndcg_5: 0.1853199154138565
ndcg_10: 0.23284511268138885
ndcg_20: 0.2785983979701996
hit_1: 0.08823777284602635
hit_5: 0.2817934095569851
hit_10: 0.4294463016546338
hit_20: 0.6218501559120151
ap: 0.1958773285150528
no increase in recent 3 iters
#########################################################
################## epoch 44 ###########################
loss: 204.5834, len_train_loader:219
modified_target in every batch:0.0
modified_hist in every batch :0.0
########## current_metrics ##########
ndcg_1: 0.08584993117397534
ndcg_5: 0.17855164408683777
ndcg_10: 0.2227962762117386
ndcg_20: 0.26803454756736755
hit_1: 0.08584993117397534
hit_5: 0.27027558502120963
hit_10: 0.4079276343512094
hit_20: 0.587605697109307
ap: 0.189451664686203
########## best_metrics ##########
ndcg_1: 0.08823777284602635
ndcg_5: 0.1853199154138565
ndcg_10: 0.23284511268138885
ndcg_20: 0.2785983979701996
hit_1: 0.08823777284602635
hit_5: 0.2817934095569851
hit_10: 0.4294463016546338
hit_20: 0.6218501559120151
ap: 0.1958773285150528
no increase in recent 4 iters
#########################################################
################## epoch 45 ###########################
loss: 193.3208, len_train_loader:219
modified_target in every batch:0.0
modified_hist in every batch :0.0
########## current_metrics ##########
ndcg_1: 0.08436104166081411
ndcg_5: 0.17813827097415924
ndcg_10: 0.22352081537246704
ndcg_20: 0.2680860757827759
hit_1: 0.08436104166081411
hit_5: 0.26943281737225044
hit_10: 0.41051212180801755
hit_20: 0.5873809590695845
ap: 0.18950988352298737
########## best_metrics ##########
ndcg_1: 0.08823777284602635
ndcg_5: 0.1853199154138565
ndcg_10: 0.23284511268138885
ndcg_20: 0.2785983979701996
hit_1: 0.08823777284602635
hit_5: 0.2817934095569851
hit_10: 0.4294463016546338
hit_20: 0.6218501559120151
ap: 0.1958773285150528
no increase in recent 5 iters
#########################################################
################## epoch 46 ###########################
loss: 190.2824, len_train_loader:219
modified_target in every batch:0.0
modified_hist in every batch :0.0
########## current_metrics ##########
ndcg_1: 0.08627131499845493
ndcg_5: 0.17937996983528137
ndcg_10: 0.22352761030197144
ndcg_20: 0.26774805784225464
hit_1: 0.08627131499845493
hit_5: 0.27027558502120963
hit_10: 0.40773098856645223
hit_20: 0.583110936314858
ap: 0.19029276072978973
########## best_metrics ##########
ndcg_1: 0.08823777284602635
ndcg_5: 0.1853199154138565
ndcg_10: 0.23284511268138885
ndcg_20: 0.2785983979701996
hit_1: 0.08823777284602635
hit_5: 0.2817934095569851
hit_10: 0.4294463016546338
hit_20: 0.6218501559120151
ap: 0.1958773285150528
no increase in recent 6 iters
#########################################################
################## epoch 47 ###########################
loss: 192.5218, len_train_loader:219
modified_target in every batch:0.0
modified_hist in every batch :0.0
########## current_metrics ##########
ndcg_1: 0.08495097901508554
ndcg_5: 0.1763404756784439
ndcg_10: 0.220564067363739
ndcg_20: 0.2650751769542694
hit_1: 0.08495097901508554
hit_5: 0.26552799393207294
hit_10: 0.4031519510071073
hit_20: 0.5797960502289519
ap: 0.18796660006046295
########## best_metrics ##########
ndcg_1: 0.08823777284602635
ndcg_5: 0.1853199154138565
ndcg_10: 0.23284511268138885
ndcg_20: 0.2785983979701996
hit_1: 0.08823777284602635
hit_5: 0.2817934095569851
hit_10: 0.4294463016546338
hit_20: 0.6218501559120151
ap: 0.1958773285150528
no increase in recent 7 iters
#########################################################
################## epoch 48 ###########################
loss: 192.1647, len_train_loader:219
modified_target in every batch:0.0
modified_hist in every batch :0.0
########## current_metrics ##########
ndcg_1: 0.08570946989914881
ndcg_5: 0.17999757826328278
ndcg_10: 0.2240293323993683
ndcg_20: 0.2684636116027832
hit_1: 0.08570946989914881
hit_5: 0.27176447453437086
hit_10: 0.4085456639604461
hit_20: 0.5849369328876028
ap: 0.19065386056900024
########## best_metrics ##########
ndcg_1: 0.08823777284602635
ndcg_5: 0.1853199154138565
ndcg_10: 0.23284511268138885
ndcg_20: 0.2785983979701996
hit_1: 0.08823777284602635
hit_5: 0.2817934095569851
hit_10: 0.4294463016546338
hit_20: 0.6218501559120151
ap: 0.1958773285150528
no increase in recent 8 iters
#########################################################
################## epoch 49 ###########################
loss: 192.1457, len_train_loader:219
modified_target in every batch:0.0
modified_hist in every batch :0.0
########## current_metrics ##########
ndcg_1: 0.08410821136612635
ndcg_5: 0.17830321192741394
ndcg_10: 0.22270214557647705
ndcg_20: 0.2661602199077606
hit_1: 0.08410821136612635
hit_5: 0.270219400511279
hit_10: 0.4080119111161053
hit_20: 0.580357895328258
ap: 0.18897217512130737
########## best_metrics ##########
ndcg_1: 0.08823777284602635
ndcg_5: 0.1853199154138565
ndcg_10: 0.23284511268138885
ndcg_20: 0.2785983979701996
hit_1: 0.08823777284602635
hit_5: 0.2817934095569851
hit_10: 0.4294463016546338
hit_20: 0.6218501559120151
ap: 0.1958773285150528
no increase in recent 9 iters
#########################################################
################## epoch 50 ###########################
loss: 190.5464, len_train_loader:219
modified_target in every batch:0.0
modified_hist in every batch :0.0
########## current_metrics ##########
ndcg_1: 0.0856813776441835
ndcg_5: 0.17886240780353546
ndcg_10: 0.2225322276353836
ndcg_20: 0.26746851205825806
hit_1: 0.0856813776441835
hit_5: 0.2696013709020423
hit_10: 0.40545551591426243
hit_20: 0.5836165969042335
ap: 0.18991392850875854
########## best_metrics ##########
ndcg_1: 0.08823777284602635
ndcg_5: 0.1853199154138565
ndcg_10: 0.23284511268138885
ndcg_20: 0.2785983979701996
hit_1: 0.08823777284602635
hit_5: 0.2817934095569851
hit_10: 0.4294463016546338
hit_20: 0.6218501559120151
ap: 0.1958773285150528
no increase in recent 10 iters
#########################################################
################## epoch 51 ###########################
loss: 189.6127, len_train_loader:219
modified_target in every batch:0.0
modified_hist in every batch :0.0
########## current_metrics ##########
ndcg_1: 0.08641177627328146
ndcg_5: 0.17790178954601288
ndcg_10: 0.22206474840641022
ndcg_20: 0.26716259121894836
hit_1: 0.08641177627328146
hit_5: 0.2680001123690199
hit_10: 0.40545551591426243
hit_20: 0.5842627187684355
ap: 0.1893252432346344
########## best_metrics ##########
ndcg_1: 0.08823777284602635
ndcg_5: 0.1853199154138565
ndcg_10: 0.23284511268138885
ndcg_20: 0.2785983979701996
hit_1: 0.08823777284602635
hit_5: 0.2817934095569851
hit_10: 0.4294463016546338
hit_20: 0.6218501559120151
ap: 0.1958773285150528
no increase in recent 11 iters
#########################################################
################## epoch 52 ###########################
loss: 188.7753, len_train_loader:219
modified_target in every batch:0.0
modified_hist in every batch :0.0
########## current_metrics ##########
ndcg_1: 0.08275978312779167
ndcg_5: 0.1780449002981186
ndcg_10: 0.22260268032550812
ndcg_20: 0.2668331563472748
hit_1: 0.08275978312779167
hit_5: 0.2711464449251341
hit_10: 0.40961316964912775
hit_20: 0.5848245638677416
ap: 0.18853025138378143
########## best_metrics ##########
ndcg_1: 0.08823777284602635
ndcg_5: 0.1853199154138565
ndcg_10: 0.23284511268138885
ndcg_20: 0.2785983979701996
hit_1: 0.08823777284602635
hit_5: 0.2817934095569851
hit_10: 0.4294463016546338
hit_20: 0.6218501559120151
ap: 0.1958773285150528
no increase in recent 12 iters
#########################################################
################## epoch 53 ###########################
loss: 188.9303, len_train_loader:219
modified_target in every batch:0.0
modified_hist in every batch :0.0
########## current_metrics ##########
ndcg_1: 0.08638368401831616
ndcg_5: 0.17844727635383606
ndcg_10: 0.22255918383598328
ndcg_20: 0.266231507062912
hit_1: 0.08638368401831616
hit_5: 0.26943281737225044
hit_10: 0.40643874483804815
hit_20: 0.5794870354243336
ap: 0.1894744485616684
########## best_metrics ##########
ndcg_1: 0.08823777284602635
ndcg_5: 0.1853199154138565
ndcg_10: 0.23284511268138885
ndcg_20: 0.2785983979701996
hit_1: 0.08823777284602635
hit_5: 0.2817934095569851
hit_10: 0.4294463016546338
hit_20: 0.6218501559120151
ap: 0.1958773285150528
no increase in recent 13 iters
#########################################################
################## epoch 54 ###########################
loss: 187.8599, len_train_loader:219
modified_target in every batch:0.0
modified_hist in every batch :0.0
########## current_metrics ##########
ndcg_1: 0.08222603028345085
ndcg_5: 0.17462360858917236
ndcg_10: 0.2189151495695114
ndcg_20: 0.2625003457069397
hit_1: 0.08222603028345085
hit_5: 0.26516279461752396
hit_10: 0.40287102845745426
hit_20: 0.5756945810040172
ap: 0.18573355674743652
########## best_metrics ##########
ndcg_1: 0.08823777284602635
ndcg_5: 0.1853199154138565
ndcg_10: 0.23284511268138885
ndcg_20: 0.2785983979701996
hit_1: 0.08823777284602635
hit_5: 0.2817934095569851
hit_10: 0.4294463016546338
hit_20: 0.6218501559120151
ap: 0.1958773285150528
no increase in recent 14 iters
#########################################################
################## epoch 55 ###########################
loss: 187.9547, len_train_loader:219
modified_target in every batch:0.0
modified_hist in every batch :0.0
########## current_metrics ##########
ndcg_1: 0.08495097901508554
ndcg_5: 0.17863871157169342
ndcg_10: 0.22327418625354767
ndcg_20: 0.26792165637016296
hit_1: 0.08495097901508554
hit_5: 0.2706969688456892
hit_10: 0.40955698513919714
hit_20: 0.5866786526954518
ap: 0.1894741654396057
########## best_metrics ##########
ndcg_1: 0.08823777284602635
ndcg_5: 0.1853199154138565
ndcg_10: 0.23284511268138885
ndcg_20: 0.2785983979701996
hit_1: 0.08823777284602635
hit_5: 0.2817934095569851
hit_10: 0.4294463016546338
hit_20: 0.6218501559120151
ap: 0.1958773285150528
no increase in recent 15 iters
#########################################################
################## epoch 56 ###########################
loss: 177.4423, len_train_loader:219
modified_target in every batch:0.0
modified_hist in every batch :0.0
########## current_metrics ##########
ndcg_1: 0.08700171362755288
ndcg_5: 0.1785891056060791
ndcg_10: 0.22306141257286072
ndcg_20: 0.2666529417037964
hit_1: 0.08700171362755288
hit_5: 0.26870241874315254
hit_10: 0.40691631317245835
hit_20: 0.5800488805236397
ap: 0.1898488849401474
########## best_metrics ##########
ndcg_1: 0.08823777284602635
ndcg_5: 0.1853199154138565
ndcg_10: 0.23284511268138885
ndcg_20: 0.2785983979701996
hit_1: 0.08823777284602635
hit_5: 0.2817934095569851
hit_10: 0.4294463016546338
hit_20: 0.6218501559120151
ap: 0.1958773285150528
no increase in recent 16 iters
#########################################################
################## epoch 57 ###########################
loss: 173.994, len_train_loader:219
modified_target in every batch:0.0
modified_hist in every batch :0.0
########## current_metrics ##########
ndcg_1: 0.08669269882293451
ndcg_5: 0.17779751121997833
ndcg_10: 0.22196213901042938
ndcg_20: 0.26629751920700073
hit_1: 0.08669269882293451
hit_5: 0.26690451442537294
hit_10: 0.40413517993089304
hit_20: 0.5800207882686743
ap: 0.18947336077690125
########## best_metrics ##########
ndcg_1: 0.08823777284602635
ndcg_5: 0.1853199154138565
ndcg_10: 0.23284511268138885
ndcg_20: 0.2785983979701996
hit_1: 0.08823777284602635
hit_5: 0.2817934095569851
hit_10: 0.4294463016546338
hit_20: 0.6218501559120151
ap: 0.1958773285150528
no increase in recent 17 iters
#########################################################
################## epoch 58 ###########################
loss: 176.679, len_train_loader:219
modified_target in every batch:0.0
modified_hist in every batch :0.0
########## current_metrics ##########
ndcg_1: 0.0875354664718937
ndcg_5: 0.17961043119430542
ndcg_10: 0.22351092100143433
ndcg_20: 0.26732105016708374
hit_1: 0.0875354664718937
hit_5: 0.27041604629603616
hit_10: 0.4065792061128747
hit_20: 0.5804140798381886
ap: 0.1905556172132492
########## best_metrics ##########
ndcg_1: 0.08823777284602635
ndcg_5: 0.1853199154138565
ndcg_10: 0.23284511268138885
ndcg_20: 0.2785983979701996
hit_1: 0.08823777284602635
hit_5: 0.2817934095569851
hit_10: 0.4294463016546338
hit_20: 0.6218501559120151
ap: 0.1958773285150528
no increase in recent 18 iters
#########################################################
################## epoch 59 ###########################
loss: 177.6414, len_train_loader:219
modified_target in every batch:0.0
modified_hist in every batch :0.0
########## current_metrics ##########
ndcg_1: 0.08660842205803859
ndcg_5: 0.17831414937973022
ndcg_10: 0.22244447469711304
ndcg_20: 0.2665753662586212
hit_1: 0.08660842205803859
hit_5: 0.26741017501474845
hit_10: 0.40466893277523386
hit_20: 0.5798522347388825
ap: 0.18982459604740143
########## best_metrics ##########
ndcg_1: 0.08823777284602635
ndcg_5: 0.1853199154138565
ndcg_10: 0.23284511268138885
ndcg_20: 0.2785983979701996
hit_1: 0.08823777284602635
hit_5: 0.2817934095569851
hit_10: 0.4294463016546338
hit_20: 0.6218501559120151
ap: 0.1958773285150528
no increase in recent 19 iters
#########################################################
################## epoch 60 ###########################
loss: 176.0745, len_train_loader:219
modified_target in every batch:0.0
modified_hist in every batch :0.0
########## current_metrics ##########
ndcg_1: 0.08259122959799983
ndcg_5: 0.17486654222011566
ndcg_10: 0.21788336336612701
ndcg_20: 0.2618473172187805
hit_1: 0.08259122959799983
hit_5: 0.2644604882433913
hit_10: 0.39846054442790124
hit_20: 0.5728291709975559
ap: 0.18588270246982574
########## best_metrics ##########
ndcg_1: 0.08823777284602635
ndcg_5: 0.1853199154138565
ndcg_10: 0.23284511268138885
ndcg_20: 0.2785983979701996
hit_1: 0.08823777284602635
hit_5: 0.2817934095569851
hit_10: 0.4294463016546338
hit_20: 0.6218501559120151
ap: 0.1958773285150528
no increase in recent 20 iters
#########################################################
################## epoch 61 ###########################
loss: 175.4517, len_train_loader:219
modified_target in every batch:0.0
modified_hist in every batch :0.0
########## current_metrics ##########
ndcg_1: 0.0856532853892182
ndcg_5: 0.17531059682369232
ndcg_10: 0.21824032068252563
ndcg_20: 0.2622643709182739
hit_1: 0.0856532853892182
hit_5: 0.26342107480967497
hit_10: 0.39697165491474
hit_20: 0.571452650504256
ap: 0.18694354593753815
########## best_metrics ##########
ndcg_1: 0.08823777284602635
ndcg_5: 0.1853199154138565
ndcg_10: 0.23284511268138885
ndcg_20: 0.2785983979701996
hit_1: 0.08823777284602635
hit_5: 0.2817934095569851
hit_10: 0.4294463016546338
hit_20: 0.6218501559120151
ap: 0.1958773285150528
no increase in recent 21 iters
#########################################################
################## epoch 62 ###########################
loss: 175.7168, len_train_loader:219
modified_target in every batch:0.0
modified_hist in every batch :0.0
########## current_metrics ##########
ndcg_1: 0.0852038093097733
ndcg_5: 0.1790759116411209
ndcg_10: 0.2227754443883896
ndcg_20: 0.2664705812931061
hit_1: 0.0852038093097733
hit_5: 0.2711464449251341
hit_10: 0.40736578925190325
hit_20: 0.5805264488580498
ap: 0.18933682143688202
########## best_metrics ##########
ndcg_1: 0.08823777284602635
ndcg_5: 0.1853199154138565
ndcg_10: 0.23284511268138885
ndcg_20: 0.2785983979701996
hit_1: 0.08823777284602635
hit_5: 0.2817934095569851
hit_10: 0.4294463016546338
hit_20: 0.6218501559120151
ap: 0.1958773285150528
no increase in recent 22 iters
#########################################################
################## epoch 63 ###########################
loss: 175.0909, len_train_loader:219
modified_target in every batch:0.0
modified_hist in every batch :0.0
########## current_metrics ##########
ndcg_1: 0.08444531842571003
ndcg_5: 0.1782761812210083
ndcg_10: 0.22209696471691132
ndcg_20: 0.26571157574653625
hit_1: 0.08444531842571003
hit_5: 0.26996657021659126
hit_10: 0.40601736101356856
hit_20: 0.5791218361097845
ap: 0.1887865513563156
########## best_metrics ##########
ndcg_1: 0.08823777284602635
ndcg_5: 0.1853199154138565
ndcg_10: 0.23284511268138885
ndcg_20: 0.2785983979701996
hit_1: 0.08823777284602635
hit_5: 0.2817934095569851
hit_10: 0.4294463016546338
hit_20: 0.6218501559120151
ap: 0.1958773285150528
no increase in recent 23 iters
#########################################################
################## epoch 64 ###########################
loss: 175.5434, len_train_loader:219
modified_target in every batch:0.0
modified_hist in every batch :0.0
########## current_metrics ##########
ndcg_1: 0.08781638902154676
ndcg_5: 0.18148063123226166
ndcg_10: 0.22573530673980713
ndcg_20: 0.2700240910053253
hit_1: 0.08781638902154676
hit_5: 0.2731971795376015
hit_10: 0.4107649521027053
hit_20: 0.5863977301457988
ap: 0.1921536922454834
########## best_metrics ##########
ndcg_1: 0.08823777284602635
ndcg_5: 0.1853199154138565
ndcg_10: 0.23284511268138885
ndcg_20: 0.2785983979701996
hit_1: 0.08823777284602635
hit_5: 0.2817934095569851
hit_10: 0.4294463016546338
hit_20: 0.6218501559120151
ap: 0.1958773285150528
no increase in recent 24 iters
#########################################################
################## epoch 65 ###########################
loss: 173.3335, len_train_loader:219
modified_target in every batch:0.0
modified_hist in every batch :0.0
########## current_metrics ##########
ndcg_1: 0.08486670225018962
ndcg_5: 0.17912422120571136
ndcg_10: 0.22433112561702728
ndcg_20: 0.26795995235443115
hit_1: 0.08486670225018962
hit_5: 0.27120262943506473
hit_10: 0.41138298171194204
hit_20: 0.5842908110234009
ap: 0.18997444212436676
########## best_metrics ##########
ndcg_1: 0.08823777284602635
ndcg_5: 0.1853199154138565
ndcg_10: 0.23284511268138885
ndcg_20: 0.2785983979701996
hit_1: 0.08823777284602635
hit_5: 0.2817934095569851
hit_10: 0.4294463016546338
hit_20: 0.6218501559120151
ap: 0.1958773285150528
no increase in recent 25 iters
#########################################################
################## epoch 66 ###########################
loss: 173.4399, len_train_loader:219
modified_target in every batch:0.0
modified_hist in every batch :0.0
########## current_metrics ##########
ndcg_1: 0.08517571705480799
ndcg_5: 0.17445141077041626
ndcg_10: 0.21743419766426086
ndcg_20: 0.2618405222892761
hit_1: 0.08517571705480799
hit_5: 0.26159507823693007
hit_10: 0.39542658089164817
hit_20: 0.5715650195241172
ap: 0.1864272952079773
########## best_metrics ##########
ndcg_1: 0.08823777284602635
ndcg_5: 0.1853199154138565
ndcg_10: 0.23284511268138885
ndcg_20: 0.2785983979701996
hit_1: 0.08823777284602635
hit_5: 0.2817934095569851
hit_10: 0.4294463016546338
hit_20: 0.6218501559120151
ap: 0.1958773285150528
no increase in recent 26 iters
#########################################################
################## epoch 67 ###########################
loss: 164.7843, len_train_loader:219
modified_target in every batch:0.0
modified_hist in every batch :0.0
########## current_metrics ##########
ndcg_1: 0.08874343343540186
ndcg_5: 0.17997178435325623
ndcg_10: 0.22353039681911469
ndcg_20: 0.267879456281662
hit_1: 0.08874343343540186
hit_5: 0.2690395258027362
hit_10: 0.4043318257156502
hit_20: 0.5801612495435009
ap: 0.19133153557777405
########## best_metrics ##########
ndcg_1: 0.08874343343540186
ndcg_5: 0.1853199154138565
ndcg_10: 0.23284511268138885
ndcg_20: 0.2785983979701996
hit_1: 0.08874343343540186
hit_5: 0.2817934095569851
hit_10: 0.4294463016546338
hit_20: 0.6218501559120151
ap: 0.1958773285150528
no increase in recent 0 iters
#########################################################
################## epoch 68 ###########################
loss: 161.0342, len_train_loader:219
modified_target in every batch:0.0
modified_hist in every batch :0.0
########## current_metrics ##########
ndcg_1: 0.08354636626682024
ndcg_5: 0.17569780349731445
ndcg_10: 0.21963313221931458
ndcg_20: 0.2629752457141876
hit_1: 0.08354636626682024
hit_5: 0.26510661010759334
hit_10: 0.4015787847290502
hit_20: 0.5737562154114111
ap: 0.18689285218715668
########## best_metrics ##########
ndcg_1: 0.08874343343540186
ndcg_5: 0.1853199154138565
ndcg_10: 0.23284511268138885
ndcg_20: 0.2785983979701996
hit_1: 0.08874343343540186
hit_5: 0.2817934095569851
hit_10: 0.4294463016546338
hit_20: 0.6218501559120151
ap: 0.1958773285150528
no increase in recent 1 iters
#########################################################
################## epoch 69 ###########################
loss: 163.3758, len_train_loader:219
modified_target in every batch:0.0
modified_hist in every batch :0.0
########## current_metrics ##########
ndcg_1: 0.08717026715734472
ndcg_5: 0.1784559190273285
ndcg_10: 0.22170713543891907
ndcg_20: 0.26574838161468506
hit_1: 0.08717026715734472
hit_5: 0.2672978059948872
hit_10: 0.40191589178863385
hit_20: 0.5766497176728376
ap: 0.1896965056657791
########## best_metrics ##########
ndcg_1: 0.08874343343540186
ndcg_5: 0.1853199154138565
ndcg_10: 0.23284511268138885
ndcg_20: 0.2785983979701996
hit_1: 0.08874343343540186
hit_5: 0.2817934095569851
hit_10: 0.4294463016546338
hit_20: 0.6218501559120151
ap: 0.1958773285150528
no increase in recent 2 iters
#########################################################
################## epoch 70 ###########################
loss: 164.0648, len_train_loader:219
modified_target in every batch:0.0
modified_hist in every batch :0.0
########## current_metrics ##########
ndcg_1: 0.08584993117397534
ndcg_5: 0.17745240032672882
ndcg_10: 0.22057193517684937
ndcg_20: 0.2644886374473572
hit_1: 0.08584993117397534
hit_5: 0.266820237660477
hit_10: 0.4009326628648482
hit_20: 0.575217012669607
ap: 0.18851304054260254
########## best_metrics ##########
ndcg_1: 0.08874343343540186
ndcg_5: 0.1853199154138565
ndcg_10: 0.23284511268138885
ndcg_20: 0.2785983979701996
hit_1: 0.08874343343540186
hit_5: 0.2817934095569851
hit_10: 0.4294463016546338
hit_20: 0.6218501559120151
ap: 0.1958773285150528
no increase in recent 3 iters
#########################################################
################## epoch 71 ###########################
loss: 164.248, len_train_loader:219
modified_target in every batch:0.0
modified_hist in every batch :0.0
########## current_metrics ##########
ndcg_1: 0.08483860999522432
ndcg_5: 0.17733605206012726
ndcg_10: 0.22145694494247437
ndcg_20: 0.2649140954017639
hit_1: 0.08483860999522432
hit_5: 0.2679720201140546
hit_10: 0.4049779475798522
hit_20: 0.5775205775767621
ap: 0.18829387426376343
########## best_metrics ##########
ndcg_1: 0.08874343343540186
ndcg_5: 0.1853199154138565
ndcg_10: 0.23284511268138885
ndcg_20: 0.2785983979701996
hit_1: 0.08874343343540186
hit_5: 0.2817934095569851
hit_10: 0.4294463016546338
hit_20: 0.6218501559120151
ap: 0.1958773285150528
no increase in recent 4 iters
#########################################################
################## epoch 72 ###########################
loss: 162.9385, len_train_loader:219
modified_target in every batch:0.0
modified_hist in every batch :0.0
########## current_metrics ##########
ndcg_1: 0.08427676489591819
ndcg_5: 0.17775000631809235
ndcg_10: 0.2212897390127182
ndcg_20: 0.26503023505210876
hit_1: 0.08427676489591819
hit_5: 0.2689552490378403
hit_10: 0.40410708767592773
hit_20: 0.5773801163019355
ap: 0.1883847564458847
########## best_metrics ##########
ndcg_1: 0.08874343343540186
ndcg_5: 0.1853199154138565
ndcg_10: 0.23284511268138885
ndcg_20: 0.2785983979701996
hit_1: 0.08874343343540186
hit_5: 0.2817934095569851
hit_10: 0.4294463016546338
hit_20: 0.6218501559120151
ap: 0.1958773285150528
no increase in recent 5 iters
#########################################################
################## epoch 73 ###########################
loss: 163.6653, len_train_loader:219
modified_target in every batch:0.0
modified_hist in every batch :0.0
########## current_metrics ##########
ndcg_1: 0.0833778127370284
ndcg_5: 0.17532554268836975
ndcg_10: 0.2192237228155136
ndcg_20: 0.26250872015953064
hit_1: 0.0833778127370284
hit_5: 0.26507851785262804
hit_10: 0.4016349692389808
hit_20: 0.5732505548220356
ap: 0.18655063211917877
########## best_metrics ##########
ndcg_1: 0.08874343343540186
ndcg_5: 0.1853199154138565
ndcg_10: 0.23284511268138885
ndcg_20: 0.2785983979701996
hit_1: 0.08874343343540186
hit_5: 0.2817934095569851
hit_10: 0.4294463016546338
hit_20: 0.6218501559120151
ap: 0.1958773285150528
no increase in recent 6 iters
#########################################################
################## epoch 74 ###########################
loss: 163.8068, len_train_loader:219
modified_target in every batch:0.0
modified_hist in every batch :0.0
########## current_metrics ##########
ndcg_1: 0.08691743686265696
ndcg_5: 0.18085157871246338
ndcg_10: 0.2244126945734024
ndcg_20: 0.2675305902957916
hit_1: 0.08691743686265696
hit_5: 0.27345000983228923
hit_10: 0.4089108632749951
hit_20: 0.5803017108183274
ap: 0.19072020053863525
########## best_metrics ##########
ndcg_1: 0.08874343343540186
ndcg_5: 0.1853199154138565
ndcg_10: 0.23284511268138885
ndcg_20: 0.2785983979701996
hit_1: 0.08874343343540186
hit_5: 0.2817934095569851
hit_10: 0.4294463016546338
hit_20: 0.6218501559120151
ap: 0.1958773285150528
no increase in recent 7 iters
#########################################################
################## epoch 75 ###########################
loss: 162.4196, len_train_loader:219
modified_target in every batch:0.0
modified_hist in every batch :0.0
########## current_metrics ##########
ndcg_1: 0.08452959519060595
ndcg_5: 0.17409709095954895
ndcg_10: 0.2176470309495926
ndcg_20: 0.2613273859024048
hit_1: 0.08452959519060595
hit_5: 0.2622131078461668
hit_10: 0.3974773155041155
hit_20: 0.5708346208950192
ap: 0.1858232319355011
########## best_metrics ##########
ndcg_1: 0.08874343343540186
ndcg_5: 0.1853199154138565
ndcg_10: 0.23284511268138885
ndcg_20: 0.2785983979701996
hit_1: 0.08874343343540186
hit_5: 0.2817934095569851
hit_10: 0.4294463016546338
hit_20: 0.6218501559120151
ap: 0.1958773285150528
no increase in recent 8 iters
#########################################################
################## epoch 76 ###########################
loss: 162.33, len_train_loader:219
modified_target in every batch:0.0
modified_hist in every batch :0.0
########## current_metrics ##########
ndcg_1: 0.08472624097536309
ndcg_5: 0.17631329596042633
ndcg_10: 0.22000251710414886
ndcg_20: 0.26343661546707153
hit_1: 0.08472624097536309
hit_5: 0.265443717167177
hit_10: 0.4012697699244318
hit_20: 0.5736157541365845
ap: 0.18758319318294525
########## best_metrics ##########
ndcg_1: 0.08874343343540186
ndcg_5: 0.1853199154138565
ndcg_10: 0.23284511268138885
ndcg_20: 0.2785983979701996
hit_1: 0.08874343343540186
hit_5: 0.2817934095569851
hit_10: 0.4294463016546338
hit_20: 0.6218501559120151
ap: 0.1958773285150528
no increase in recent 9 iters
#########################################################
################## epoch 77 ###########################
loss: 161.5955, len_train_loader:219
modified_target in every batch:0.0
modified_hist in every batch :0.0
########## current_metrics ##########
ndcg_1: 0.0843329494058488
ndcg_5: 0.17510397732257843
ndcg_10: 0.21754220128059387
ndcg_20: 0.26116687059402466
hit_1: 0.0843329494058488
hit_5: 0.2640952889288423
hit_10: 0.39629744079557266
hit_20: 0.5693457313818581
ap: 0.1860562562942505
########## best_metrics ##########
ndcg_1: 0.08874343343540186
ndcg_5: 0.1853199154138565
ndcg_10: 0.23284511268138885
ndcg_20: 0.2785983979701996
hit_1: 0.08874343343540186
hit_5: 0.2817934095569851
hit_10: 0.4294463016546338
hit_20: 0.6218501559120151
ap: 0.1958773285150528
no increase in recent 10 iters
#########################################################
################## epoch 78 ###########################
loss: 152.2714, len_train_loader:219
modified_target in every batch:0.0
modified_hist in every batch :0.0
########## current_metrics ##########
ndcg_1: 0.08635559176335085
ndcg_5: 0.17676106095314026
ndcg_10: 0.22009901702404022
ndcg_20: 0.26380810141563416
hit_1: 0.08635559176335085
hit_5: 0.2652470713824199
hit_10: 0.39980897266623594
hit_20: 0.5735033851167233
ap: 0.18825344741344452
########## best_metrics ##########
ndcg_1: 0.08874343343540186
ndcg_5: 0.1853199154138565
ndcg_10: 0.23284511268138885
ndcg_20: 0.2785983979701996
hit_1: 0.08874343343540186
hit_5: 0.2817934095569851
hit_10: 0.4294463016546338
hit_20: 0.6218501559120151
ap: 0.1958773285150528
no increase in recent 11 iters
#########################################################
################## epoch 79 ###########################
loss: 149.0238, len_train_loader:219
modified_target in every batch:0.0
modified_hist in every batch :0.0
########## current_metrics ##########
ndcg_1: 0.08256313734303453
ndcg_5: 0.17544151842594147
ndcg_10: 0.21895268559455872
ndcg_20: 0.261802077293396
hit_1: 0.08256313734303453
hit_5: 0.2665954996207546
hit_10: 0.4016630614939461
hit_20: 0.5716773885439784
ap: 0.18595661222934723
########## best_metrics ##########
ndcg_1: 0.08874343343540186
ndcg_5: 0.1853199154138565
ndcg_10: 0.23284511268138885
ndcg_20: 0.2785983979701996
hit_1: 0.08874343343540186
hit_5: 0.2817934095569851
hit_10: 0.4294463016546338
hit_20: 0.6218501559120151
ap: 0.1958773285150528
no increase in recent 12 iters
#########################################################
################## epoch 80 ###########################
loss: 150.9774, len_train_loader:219
modified_target in every batch:0.0
modified_hist in every batch :0.0
########## current_metrics ##########
ndcg_1: 0.08306879793241004
ndcg_5: 0.1759081929922104
ndcg_10: 0.21854813396930695
ndcg_20: 0.26269960403442383
hit_1: 0.08306879793241004
hit_5: 0.2666235918757199
hit_10: 0.3991628508020339
hit_20: 0.5743180605107172
ap: 0.1863820105791092
########## best_metrics ##########
ndcg_1: 0.08874343343540186
ndcg_5: 0.1853199154138565
ndcg_10: 0.23284511268138885
ndcg_20: 0.2785983979701996
hit_1: 0.08874343343540186
hit_5: 0.2817934095569851
hit_10: 0.4294463016546338
hit_20: 0.6218501559120151
ap: 0.1958773285150528
no increase in recent 13 iters
#########################################################
################## epoch 81 ###########################
loss: 152.9354, len_train_loader:219
modified_target in every batch:0.0
modified_hist in every batch :0.0
########## current_metrics ##########
ndcg_1: 0.08584993117397534
ndcg_5: 0.17686988413333893
ndcg_10: 0.21958445012569427
ndcg_20: 0.2625871002674103
hit_1: 0.08584993117397534
hit_5: 0.26521897912745457
hit_10: 0.39809534511335226
hit_20: 0.568699609517656
ap: 0.18794536590576172
########## best_metrics ##########
ndcg_1: 0.08874343343540186
ndcg_5: 0.1853199154138565
ndcg_10: 0.23284511268138885
ndcg_20: 0.2785983979701996
hit_1: 0.08874343343540186
hit_5: 0.2817934095569851
hit_10: 0.4294463016546338
hit_20: 0.6218501559120151
ap: 0.1958773285150528
no increase in recent 14 iters
#########################################################
################## epoch 82 ###########################
loss: 152.3341, len_train_loader:219
modified_target in every batch:0.0
modified_hist in every batch :0.0
########## current_metrics ##########
ndcg_1: 0.08655223754810798
ndcg_5: 0.1774899959564209
ndcg_10: 0.22030381858348846
ndcg_20: 0.26453787088394165
hit_1: 0.08655223754810798
hit_5: 0.26611793128634437
hit_10: 0.3991909430569992
hit_20: 0.5747675365901621
ap: 0.18880708515644073
########## best_metrics ##########
ndcg_1: 0.08874343343540186
ndcg_5: 0.1853199154138565
ndcg_10: 0.23284511268138885
ndcg_20: 0.2785983979701996
hit_1: 0.08874343343540186
hit_5: 0.2817934095569851
hit_10: 0.4294463016546338
hit_20: 0.6218501559120151
ap: 0.1958773285150528
no increase in recent 15 iters
#########################################################
################## epoch 83 ###########################
loss: 153.1326, len_train_loader:219
modified_target in every batch:0.0
modified_hist in every batch :0.0
########## current_metrics ##########
ndcg_1: 0.08714217490237941
ndcg_5: 0.17933949828147888
ndcg_10: 0.22202470898628235
ndcg_20: 0.26459169387817383
hit_1: 0.08714217490237941
hit_5: 0.2697699244318341
hit_10: 0.4026743826726971
hit_20: 0.5716212040340478
ap: 0.18959841132164001
########## best_metrics ##########
ndcg_1: 0.08874343343540186
ndcg_5: 0.1853199154138565
ndcg_10: 0.23284511268138885
ndcg_20: 0.2785983979701996
hit_1: 0.08874343343540186
hit_5: 0.2817934095569851
hit_10: 0.4294463016546338
hit_20: 0.6218501559120151
ap: 0.1958773285150528
no increase in recent 16 iters
#########################################################
################## epoch 84 ###########################
loss: 150.9002, len_train_loader:219
modified_target in every batch:0.0
modified_hist in every batch :0.0
########## current_metrics ##########
ndcg_1: 0.08643986852824677
ndcg_5: 0.18017728626728058
ndcg_10: 0.22324243187904358
ndcg_20: 0.2658308744430542
hit_1: 0.08643986852824677
hit_5: 0.27173638227940555
hit_10: 0.40553979267915835
hit_20: 0.5745147062954743
ap: 0.19023805856704712
########## best_metrics ##########
ndcg_1: 0.08874343343540186
ndcg_5: 0.1853199154138565
ndcg_10: 0.23284511268138885
ndcg_20: 0.2785983979701996
hit_1: 0.08874343343540186
hit_5: 0.2817934095569851
hit_10: 0.4294463016546338
hit_20: 0.6218501559120151
ap: 0.1958773285150528
no increase in recent 17 iters
#########################################################
################## epoch 85 ###########################
loss: 151.4589, len_train_loader:219
modified_target in every batch:0.0
modified_hist in every batch :0.0
########## current_metrics ##########
ndcg_1: 0.08635559176335085
ndcg_5: 0.1779334992170334
ndcg_10: 0.2197953760623932
ndcg_20: 0.263448566198349
hit_1: 0.08635559176335085
hit_5: 0.26780346658426274
hit_10: 0.39803916060342165
hit_20: 0.5713683737393601
ap: 0.18830598890781403
########## best_metrics ##########
ndcg_1: 0.08874343343540186
ndcg_5: 0.1853199154138565
ndcg_10: 0.23284511268138885
ndcg_20: 0.2785983979701996
hit_1: 0.08874343343540186
hit_5: 0.2817934095569851
hit_10: 0.4294463016546338
hit_20: 0.6218501559120151
ap: 0.1958773285150528
no increase in recent 18 iters
#########################################################
################## epoch 86 ###########################
loss: 150.4952, len_train_loader:219
modified_target in every batch:0.0
modified_hist in every batch :0.0
########## current_metrics ##########
ndcg_1: 0.08450150293564064
ndcg_5: 0.176560640335083
ndcg_10: 0.21949073672294617
ndcg_20: 0.26298537850379944
hit_1: 0.08450150293564064
hit_5: 0.2672135292299913
hit_10: 0.4005393712953339
hit_20: 0.5730258167823131
ap: 0.18711161613464355
########## best_metrics ##########
ndcg_1: 0.08874343343540186
ndcg_5: 0.1853199154138565
ndcg_10: 0.23284511268138885
ndcg_20: 0.2785983979701996
hit_1: 0.08874343343540186
hit_5: 0.2817934095569851
hit_10: 0.4294463016546338
hit_20: 0.6218501559120151
ap: 0.1958773285150528
no increase in recent 19 iters
#########################################################
################## epoch 87 ###########################
loss: 151.257, len_train_loader:219
modified_target in every batch:0.0
modified_hist in every batch :0.0
########## current_metrics ##########
ndcg_1: 0.0829002444026182
ndcg_5: 0.17377376556396484
ndcg_10: 0.21669618785381317
ndcg_20: 0.2605292797088623
hit_1: 0.0829002444026182
hit_5: 0.2626063994156811
hit_10: 0.3961007950108155
hit_20: 0.5699356687361294
ap: 0.18502044677734375
########## best_metrics ##########
ndcg_1: 0.08874343343540186
ndcg_5: 0.1853199154138565
ndcg_10: 0.23284511268138885
ndcg_20: 0.2785983979701996
hit_1: 0.08874343343540186
hit_5: 0.2817934095569851
hit_10: 0.4294463016546338
hit_20: 0.6218501559120151
ap: 0.1958773285150528
no increase in recent 20 iters
#########################################################
################## epoch 88 ###########################
loss: 150.5752, len_train_loader:219
modified_target in every batch:0.0
modified_hist in every batch :0.0
########## current_metrics ##########
ndcg_1: 0.08582183891901003
ndcg_5: 0.1776207685470581
ndcg_10: 0.2221640646457672
ndcg_20: 0.2648259103298187
hit_1: 0.08582183891901003
hit_5: 0.2672978059948872
hit_10: 0.4061578222883951
hit_20: 0.5753012894345029
ap: 0.18878236413002014
########## best_metrics ##########
ndcg_1: 0.08874343343540186
ndcg_5: 0.1853199154138565
ndcg_10: 0.23284511268138885
ndcg_20: 0.2785983979701996
hit_1: 0.08874343343540186
hit_5: 0.2817934095569851
hit_10: 0.4294463016546338
hit_20: 0.6218501559120151
ap: 0.1958773285150528
no increase in recent 21 iters
#########################################################
################## epoch 89 ###########################
loss: 141.4301, len_train_loader:219
modified_target in every batch:0.0
modified_hist in every batch :0.0
########## current_metrics ##########
ndcg_1: 0.08450150293564064
ndcg_5: 0.17440015077590942
ndcg_10: 0.21716128289699554
ndcg_20: 0.25990474224090576
hit_1: 0.08450150293564064
hit_5: 0.26249403039581987
hit_10: 0.39528611961682164
hit_20: 0.5647666938225131
ap: 0.18572288751602173
########## best_metrics ##########
ndcg_1: 0.08874343343540186
ndcg_5: 0.1853199154138565
ndcg_10: 0.23284511268138885
ndcg_20: 0.2785983979701996
hit_1: 0.08874343343540186
hit_5: 0.2817934095569851
hit_10: 0.4294463016546338
hit_20: 0.6218501559120151
ap: 0.1958773285150528
no increase in recent 22 iters
#########################################################
################## epoch 90 ###########################
loss: 138.3576, len_train_loader:219
modified_target in every batch:0.0
modified_hist in every batch :0.0
########## current_metrics ##########
ndcg_1: 0.0861589459785937
ndcg_5: 0.17531786859035492
ndcg_10: 0.21827976405620575
ndcg_20: 0.261018306016922
hit_1: 0.0861589459785937
hit_5: 0.26280304520043823
hit_10: 0.3964940865803298
hit_20: 0.5661432143158132
ap: 0.1868181824684143
########## best_metrics ##########
ndcg_1: 0.08874343343540186
ndcg_5: 0.1853199154138565
ndcg_10: 0.23284511268138885
ndcg_20: 0.2785983979701996
hit_1: 0.08874343343540186
hit_5: 0.2817934095569851
hit_10: 0.4294463016546338
hit_20: 0.6218501559120151
ap: 0.1958773285150528
no increase in recent 23 iters
#########################################################
################## epoch 91 ###########################
loss: 139.7405, len_train_loader:219
modified_target in every batch:0.0
modified_hist in every batch :0.0
########## current_metrics ##########
ndcg_1: 0.08542854734949575
ndcg_5: 0.17498090863227844
ndcg_10: 0.21869295835494995
ndcg_20: 0.26197996735572815
hit_1: 0.08542854734949575
hit_5: 0.26291541422029946
hit_10: 0.39851672893783185
hit_20: 0.5701604067758519
ap: 0.186815544962883
########## best_metrics ##########
ndcg_1: 0.08874343343540186
ndcg_5: 0.1853199154138565
ndcg_10: 0.23284511268138885
ndcg_20: 0.2785983979701996
hit_1: 0.08874343343540186
hit_5: 0.2817934095569851
hit_10: 0.4294463016546338
hit_20: 0.6218501559120151
ap: 0.1958773285150528
no increase in recent 24 iters
#########################################################
################## epoch 92 ###########################
loss: 141.4862, len_train_loader:219
modified_target in every batch:0.0
modified_hist in every batch :0.0
########## current_metrics ##########
ndcg_1: 0.08374301205157739
ndcg_5: 0.17555740475654602
ndcg_10: 0.21852435171604156
ndcg_20: 0.2615714967250824
hit_1: 0.08374301205157739
hit_5: 0.2649942410877321
hit_10: 0.398713374722589
hit_20: 0.5694019158917887
ap: 0.18638062477111816
########## best_metrics ##########
ndcg_1: 0.08874343343540186
ndcg_5: 0.1853199154138565
ndcg_10: 0.23284511268138885
ndcg_20: 0.2785983979701996
hit_1: 0.08874343343540186
hit_5: 0.2817934095569851
hit_10: 0.4294463016546338
hit_20: 0.6218501559120151
ap: 0.1958773285150528
no increase in recent 25 iters
#########################################################
################## epoch 93 ###########################
loss: 141.6401, len_train_loader:219
modified_target in every batch:0.0
modified_hist in every batch :0.0
########## current_metrics ##########
ndcg_1: 0.08669269882293451
ndcg_5: 0.17743979394435883
ndcg_10: 0.2217252552509308
ndcg_20: 0.2640582323074341
hit_1: 0.08669269882293451
hit_5: 0.26606174677641375
hit_10: 0.40371379610641345
hit_20: 0.5717897575638397
ap: 0.18892595171928406
########## best_metrics ##########
ndcg_1: 0.08874343343540186
ndcg_5: 0.1853199154138565
ndcg_10: 0.23284511268138885
ndcg_20: 0.2785983979701996
hit_1: 0.08874343343540186
hit_5: 0.2817934095569851
hit_10: 0.4294463016546338
hit_20: 0.6218501559120151
ap: 0.1958773285150528
no increase in recent 26 iters
#########################################################
################## epoch 94 ###########################
loss: 141.6038, len_train_loader:219
modified_target in every batch:0.0
modified_hist in every batch :0.0
########## current_metrics ##########
ndcg_1: 0.08531617832963452
ndcg_5: 0.17362596094608307
ndcg_10: 0.21537184715270996
ndcg_20: 0.258403480052948
hit_1: 0.08531617832963452
hit_5: 0.26019046548866476
hit_10: 0.39003286793830944
hit_20: 0.5609742394021968
ap: 0.18511174619197845
########## best_metrics ##########
ndcg_1: 0.08874343343540186
ndcg_5: 0.1853199154138565
ndcg_10: 0.23284511268138885
ndcg_20: 0.2785983979701996
hit_1: 0.08874343343540186
hit_5: 0.2817934095569851
hit_10: 0.4294463016546338
hit_20: 0.6218501559120151
ap: 0.1958773285150528
no increase in recent 27 iters
#########################################################
################## epoch 95 ###########################
loss: 140.9909, len_train_loader:219
modified_target in every batch:0.0
modified_hist in every batch :0.0
########## current_metrics ##########
ndcg_1: 0.08422058038598758
ndcg_5: 0.17451681196689606
ndcg_10: 0.21707679331302643
ndcg_20: 0.25987714529037476
hit_1: 0.08422058038598758
hit_5: 0.2626625839256117
hit_10: 0.3951456583419951
hit_20: 0.5652442621569234
ap: 0.18562017381191254
########## best_metrics ##########
ndcg_1: 0.08874343343540186
ndcg_5: 0.1853199154138565
ndcg_10: 0.23284511268138885
ndcg_20: 0.2785983979701996
hit_1: 0.08874343343540186
hit_5: 0.2817934095569851
hit_10: 0.4294463016546338
hit_20: 0.6218501559120151
ap: 0.1958773285150528
no increase in recent 28 iters
#########################################################
################## epoch 96 ###########################
loss: 140.7118, len_train_loader:219
modified_target in every batch:0.0
modified_hist in every batch :0.0
########## current_metrics ##########
ndcg_1: 0.08489479450515493
ndcg_5: 0.17538480460643768
ndcg_10: 0.21776749193668365
ndcg_20: 0.25917407870292664
hit_1: 0.08489479450515493
hit_5: 0.2635053515745709
hit_10: 0.39539848863668287
hit_20: 0.5598505492035846
ap: 0.18618498742580414
########## best_metrics ##########
ndcg_1: 0.08874343343540186
ndcg_5: 0.1853199154138565
ndcg_10: 0.23284511268138885
ndcg_20: 0.2785983979701996
hit_1: 0.08874343343540186
hit_5: 0.2817934095569851
hit_10: 0.4294463016546338
hit_20: 0.6218501559120151
ap: 0.1958773285150528
no increase in recent 29 iters
#########################################################
################## epoch 97 ###########################
loss: 141.6539, len_train_loader:219
modified_target in every batch:0.0
modified_hist in every batch :0.0
########## current_metrics ##########
ndcg_1: 0.08860297216057533
ndcg_5: 0.18005770444869995
ndcg_10: 0.22194324433803558
ndcg_20: 0.26439592242240906
hit_1: 0.08860297216057533
hit_5: 0.26915189482259744
hit_10: 0.39935949658679104
hit_20: 0.5678849341236621
ap: 0.1904166042804718
########## best_metrics ##########
ndcg_1: 0.08874343343540186
ndcg_5: 0.1853199154138565
ndcg_10: 0.23284511268138885
ndcg_20: 0.2785983979701996
hit_1: 0.08874343343540186
hit_5: 0.2817934095569851
hit_10: 0.4294463016546338
hit_20: 0.6218501559120151
ap: 0.1958773285150528
no increase in recent 30 iters
#########################################################
################## epoch 98 ###########################
loss: 140.2302, len_train_loader:219
modified_target in every batch:0.0
modified_hist in every batch :0.0
########## current_metrics ##########
ndcg_1: 0.08747928196196308
ndcg_5: 0.1776178926229477
ndcg_10: 0.22010450065135956
ndcg_20: 0.2630254030227661
hit_1: 0.08747928196196308
hit_5: 0.26516279461752396
hit_10: 0.39750540775908083
hit_20: 0.5676040115740091
ap: 0.18886829912662506
########## best_metrics ##########
ndcg_1: 0.08874343343540186
ndcg_5: 0.1853199154138565
ndcg_10: 0.23284511268138885
ndcg_20: 0.2785983979701996
hit_1: 0.08874343343540186
hit_5: 0.2817934095569851
hit_10: 0.4294463016546338
hit_20: 0.6218501559120151
ap: 0.1958773285150528
no increase in recent 31 iters
#########################################################
################## epoch 99 ###########################
loss: 139.9998, len_train_loader:219
modified_target in every batch:0.0
modified_hist in every batch :0.0
########## current_metrics ##########
ndcg_1: 0.08379919656150799
ndcg_5: 0.17273491621017456
ndcg_10: 0.21419084072113037
ndcg_20: 0.25653886795043945
hit_1: 0.08379919656150799
hit_5: 0.2599657274489423
hit_10: 0.38879680871983596
hit_20: 0.5569570469421581
ap: 0.18384286761283875
########## best_metrics ##########
ndcg_1: 0.08874343343540186
ndcg_5: 0.1853199154138565
ndcg_10: 0.23284511268138885
ndcg_20: 0.2785983979701996
hit_1: 0.08874343343540186
hit_5: 0.2817934095569851
hit_10: 0.4294463016546338
hit_20: 0.6218501559120151
ap: 0.1958773285150528
no increase in recent 32 iters
#########################################################
################## epoch 100 ###########################
loss: 132.0092, len_train_loader:219
modified_target in every batch:0.0
modified_hist in every batch :0.0
########## current_metrics ##########
ndcg_1: 0.08728263617720594
ndcg_5: 0.17985129356384277
ndcg_10: 0.22334015369415283
ndcg_20: 0.2657162547111511
hit_1: 0.08728263617720594
hit_5: 0.26954518639211167
hit_10: 0.40472511728516447
hit_20: 0.5729134477624519
ap: 0.19054079055786133
########## best_metrics ##########
ndcg_1: 0.08874343343540186
ndcg_5: 0.1853199154138565
ndcg_10: 0.23284511268138885
ndcg_20: 0.2785983979701996
hit_1: 0.08874343343540186
hit_5: 0.2817934095569851
hit_10: 0.4294463016546338
hit_20: 0.6218501559120151
ap: 0.1958773285150528
no increase in recent 33 iters
#########################################################
model saved at ./datasets/sports/model/BERTsports-100-model.pkl
################## epoch 101 ###########################
loss: 128.7675, len_train_loader:219
modified_target in every batch:0.0
modified_hist in every batch :0.0
########## current_metrics ##########
ndcg_1: 0.08624322274348963
ndcg_5: 0.17482127249240875
ndcg_10: 0.21756510436534882
ndcg_20: 0.2606063783168793
hit_1: 0.08624322274348963
hit_5: 0.261314155687277
hit_10: 0.39402196814338286
hit_20: 0.5649071550973397
ap: 0.1866162270307541
########## best_metrics ##########
ndcg_1: 0.08874343343540186
ndcg_5: 0.1853199154138565
ndcg_10: 0.23284511268138885
ndcg_20: 0.2785983979701996
hit_1: 0.08874343343540186
hit_5: 0.2817934095569851
hit_10: 0.4294463016546338
hit_20: 0.6218501559120151
ap: 0.1958773285150528
no increase in recent 34 iters
#########################################################
################## epoch 102 ###########################
loss: 130.0696, len_train_loader:219
modified_target in every batch:0.0
modified_hist in every batch :0.0
########## current_metrics ##########
ndcg_1: 0.08542854734949575
ndcg_5: 0.1763317883014679
ndcg_10: 0.21857690811157227
ndcg_20: 0.2608804404735565
hit_1: 0.08542854734949575
hit_5: 0.2648537798129056
hit_10: 0.3960727027558502
hit_20: 0.5639801106834845
ap: 0.18717102706432343
########## best_metrics ##########
ndcg_1: 0.08874343343540186
ndcg_5: 0.1853199154138565
ndcg_10: 0.23284511268138885
ndcg_20: 0.2785983979701996
hit_1: 0.08874343343540186
hit_5: 0.2817934095569851
hit_10: 0.4294463016546338
hit_20: 0.6218501559120151
ap: 0.1958773285150528
no increase in recent 35 iters
#########################################################
################## epoch 103 ###########################
loss: 132.4804, len_train_loader:219
modified_target in every batch:0.0
modified_hist in every batch :0.0
########## current_metrics ##########
ndcg_1: 0.08312498244234065
ndcg_5: 0.1738763302564621
ndcg_10: 0.21556472778320312
ndcg_20: 0.2580912709236145
hit_1: 0.08312498244234065
hit_5: 0.2622131078461668
hit_10: 0.39166221872629714
hit_20: 0.5602719330280642
ap: 0.18462957441806793
########## best_metrics ##########
ndcg_1: 0.08874343343540186
ndcg_5: 0.1853199154138565
ndcg_10: 0.23284511268138885
ndcg_20: 0.2785983979701996
hit_1: 0.08874343343540186
hit_5: 0.2817934095569851
hit_10: 0.4294463016546338
hit_20: 0.6218501559120151
ap: 0.1958773285150528
no increase in recent 36 iters
#########################################################
################## epoch 104 ###########################
loss: 132.3225, len_train_loader:219
modified_target in every batch:0.0
modified_hist in every batch :0.0
########## current_metrics ##########
ndcg_1: 0.08556900862432228
ndcg_5: 0.17562206089496613
ndcg_10: 0.21799597144126892
ndcg_20: 0.2604047358036041
hit_1: 0.08556900862432228
hit_5: 0.2631401522600219
hit_10: 0.39483664353737674
hit_20: 0.563193527544456
ap: 0.18681639432907104
########## best_metrics ##########
ndcg_1: 0.08874343343540186
ndcg_5: 0.1853199154138565
ndcg_10: 0.23284511268138885
ndcg_20: 0.2785983979701996
hit_1: 0.08874343343540186
hit_5: 0.2817934095569851
hit_10: 0.4294463016546338
hit_20: 0.6218501559120151
ap: 0.1958773285150528
no increase in recent 37 iters
#########################################################
################## epoch 105 ###########################
loss: 132.2385, len_train_loader:219
modified_target in every batch:0.0
modified_hist in every batch :0.0
########## current_metrics ##########
ndcg_1: 0.08551282411439166
ndcg_5: 0.17465096712112427
ndcg_10: 0.21741974353790283
ndcg_20: 0.2603282630443573
hit_1: 0.08551282411439166
hit_5: 0.26151080147203415
hit_10: 0.39444335196786245
hit_20: 0.5645138635278254
ap: 0.18640899658203125
########## best_metrics ##########
ndcg_1: 0.08874343343540186
ndcg_5: 0.1853199154138565
ndcg_10: 0.23284511268138885
ndcg_20: 0.2785983979701996
hit_1: 0.08874343343540186
hit_5: 0.2817934095569851
hit_10: 0.4294463016546338
hit_20: 0.6218501559120151
ap: 0.1958773285150528
no increase in recent 38 iters
#########################################################
################## epoch 106 ###########################
loss: 131.4646, len_train_loader:219
modified_target in every batch:0.0
modified_hist in every batch :0.0
########## current_metrics ##########
ndcg_1: 0.0843329494058488
ndcg_5: 0.17470183968544006
ndcg_10: 0.21651189029216766
ndcg_20: 0.2595263719558716
hit_1: 0.0843329494058488
hit_5: 0.2626063994156811
hit_10: 0.39225215608056857
hit_20: 0.5628564204848723
ap: 0.18569590151309967
########## best_metrics ##########
ndcg_1: 0.08874343343540186
ndcg_5: 0.1853199154138565
ndcg_10: 0.23284511268138885
ndcg_20: 0.2785983979701996
hit_1: 0.08874343343540186
hit_5: 0.2817934095569851
hit_10: 0.4294463016546338
hit_20: 0.6218501559120151
ap: 0.1958773285150528
no increase in recent 39 iters
#########################################################
################## epoch 107 ###########################
loss: 131.5097, len_train_loader:219
modified_target in every batch:0.0
modified_hist in every batch :0.0
########## current_metrics ##########
ndcg_1: 0.08669269882293451
ndcg_5: 0.1762232482433319
ndcg_10: 0.2182571142911911
ndcg_20: 0.26131632924079895
hit_1: 0.08669269882293451
hit_5: 0.2631401522600219
hit_10: 0.3936848610837992
hit_20: 0.5646262325476866
ap: 0.18767370283603668
########## best_metrics ##########
ndcg_1: 0.08874343343540186
ndcg_5: 0.1853199154138565
ndcg_10: 0.23284511268138885
ndcg_20: 0.2785983979701996
hit_1: 0.08874343343540186
hit_5: 0.2817934095569851
hit_10: 0.4294463016546338
hit_20: 0.6218501559120151
ap: 0.1958773285150528
no increase in recent 40 iters
#########################################################
################## epoch 108 ###########################
loss: 130.6379, len_train_loader:219
modified_target in every batch:0.0
modified_hist in every batch :0.0
########## current_metrics ##########
ndcg_1: 0.08686125235272635
ndcg_5: 0.18012318015098572
ndcg_10: 0.22256557643413544
ndcg_20: 0.2651776969432831
hit_1: 0.08686125235272635
hit_5: 0.27089361463044637
hit_10: 0.40289912071241957
hit_20: 0.5719021265837009
ap: 0.19011954963207245
########## best_metrics ##########
ndcg_1: 0.08874343343540186
ndcg_5: 0.1853199154138565
ndcg_10: 0.23284511268138885
ndcg_20: 0.2785983979701996
hit_1: 0.08874343343540186
hit_5: 0.2817934095569851
hit_10: 0.4294463016546338
hit_20: 0.6218501559120151
ap: 0.1958773285150528
early stop
#########################################################
