nohup: ignoring input
########## DataInfo ##########
reading seq.dat
numUser:35597
numItem:18358
########## config ##########
thread_num: 4
dataset: sports
eval_neg_num: 100
train_neg_num: 10
input_len: 5
rec_model: BERT
train_type: train
save_epochs: [100, 200, 300, 400]
epoch_num: 500
learning_rate: 0.001
train_batch_size: 1024
test_batch_size: 256
drop_ratio: 0.1
decay_factor: 0.9
hidden_size: 50
num_hidden_layers: 1
num_attention_heads: 2
intermediate_size: 100
hidden_act: gelu
hidden_dropout_prob: 0.1
attention_probs_dropout_prob: 0.1
type_vocab_size: 1
initializer_range: 0.1
loss_type: pairwise_sample
weight_decay: 0.01
device: cuda
max_seq_len: 5
layer_size: 1
threshold: 1
noise_ratio: 0.05
candidate_num: 4
high_loss_drop: 0.05
weight_drop: 0.5
encoder_loss: False
user_num: 35597
item_num: 18358
generating train samples
train_size: 223289, time: 1.42228102684021
abandoned 0(0.0) samples
valid user num: 35597
valid item num: 18345
generating test samples
test_size: 35597, time: 24.544039964675903
abandoned 0(0.0) samples
------------BERT ENCODER YES------------
============================================================
Start Training
============================================================
################## epoch 0 ###########################
loss: 712.1599, len_train_loader:219
modified_target in every batch:0.0
modified_hist in every batch :0.0
########## current_metrics ##########
ndcg_1: 0.01463606483692446
ndcg_5: 0.038992688059806824
ndcg_10: 0.057576898485422134
ndcg_20: 0.08457533270120621
hit_1: 0.01463606483692446
hit_5: 0.06396606455600191
hit_10: 0.12220130909908139
hit_20: 0.23035649071550973
ap: 0.06121974438428879
########## best_metrics ##########
ndcg_1: 0.01463606483692446
ndcg_5: 0.038992688059806824
ndcg_10: 0.057576898485422134
ndcg_20: 0.08457533270120621
hit_1: 0.01463606483692446
hit_5: 0.06396606455600191
hit_10: 0.12220130909908139
hit_20: 0.23035649071550973
ap: 0.06121974438428879
no increase in recent 0 iters
#########################################################
################## epoch 1 ###########################
loss: 706.3725, len_train_loader:219
modified_target in every batch:0.0
modified_hist in every batch :0.0
########## current_metrics ##########
ndcg_1: 0.01384948169789589
ndcg_5: 0.03778840973973274
ndcg_10: 0.05693261697888374
ndcg_20: 0.08369258046150208
hit_1: 0.01384948169789589
hit_5: 0.06320757367193865
hit_10: 0.1231845380228671
hit_20: 0.23035649071550973
ap: 0.060196083039045334
########## best_metrics ##########
ndcg_1: 0.01463606483692446
ndcg_5: 0.038992688059806824
ndcg_10: 0.057576898485422134
ndcg_20: 0.08457533270120621
hit_1: 0.01463606483692446
hit_5: 0.06396606455600191
hit_10: 0.1231845380228671
hit_20: 0.23035649071550973
ap: 0.06121974438428879
no increase in recent 0 iters
#########################################################
################## epoch 2 ###########################
loss: 690.7945, len_train_loader:219
modified_target in every batch:0.0
modified_hist in every batch :0.0
########## current_metrics ##########
ndcg_1: 0.010899794926538753
ndcg_5: 0.03306611254811287
ndcg_10: 0.05055781453847885
ndcg_20: 0.0772174820303917
hit_1: 0.010899794926538753
hit_5: 0.056437340225299885
hit_10: 0.11132960642750793
hit_20: 0.21810826755063628
ap: 0.055306583642959595
########## best_metrics ##########
ndcg_1: 0.01463606483692446
ndcg_5: 0.038992688059806824
ndcg_10: 0.057576898485422134
ndcg_20: 0.08457533270120621
hit_1: 0.01463606483692446
hit_5: 0.06396606455600191
hit_10: 0.1231845380228671
hit_20: 0.23035649071550973
ap: 0.06121974438428879
no increase in recent 1 iters
#########################################################
################## epoch 3 ###########################
loss: 646.508, len_train_loader:219
modified_target in every batch:0.0
modified_hist in every batch :0.0
########## current_metrics ##########
ndcg_1: 0.019243194651234655
ndcg_5: 0.05363263189792633
ndcg_10: 0.08165135979652405
ndcg_20: 0.12311425060033798
hit_1: 0.019243194651234655
hit_5: 0.08927718627974268
hit_10: 0.17723403657611597
hit_20: 0.343090709891283
ap: 0.08063465356826782
########## best_metrics ##########
ndcg_1: 0.019243194651234655
ndcg_5: 0.05363263189792633
ndcg_10: 0.08165135979652405
ndcg_20: 0.12311425060033798
hit_1: 0.019243194651234655
hit_5: 0.08927718627974268
hit_10: 0.17723403657611597
hit_20: 0.343090709891283
ap: 0.08063465356826782
no increase in recent 0 iters
#########################################################
################## epoch 4 ###########################
loss: 518.759, len_train_loader:219
modified_target in every batch:0.0
modified_hist in every batch :0.0
########## current_metrics ##########
ndcg_1: 0.03834592802764278
ndcg_5: 0.09314673393964767
ndcg_10: 0.12752090394496918
ndcg_20: 0.17492811381816864
hit_1: 0.03834592802764278
hit_5: 0.14849565974660786
hit_10: 0.2559766272438689
hit_20: 0.4453184257100317
ap: 0.11627289652824402
########## best_metrics ##########
ndcg_1: 0.03834592802764278
ndcg_5: 0.09314673393964767
ndcg_10: 0.12752090394496918
ndcg_20: 0.17492811381816864
hit_1: 0.03834592802764278
hit_5: 0.14849565974660786
hit_10: 0.2559766272438689
hit_20: 0.4453184257100317
ap: 0.11627289652824402
no increase in recent 0 iters
#########################################################
################## epoch 5 ###########################
loss: 438.208, len_train_loader:219
modified_target in every batch:0.0
modified_hist in every batch :0.0
########## current_metrics ##########
ndcg_1: 0.047026434811922355
ndcg_5: 0.1104147732257843
ndcg_10: 0.14941413700580597
ndcg_20: 0.2001814991235733
hit_1: 0.047026434811922355
hit_5: 0.17481810264909964
hit_10: 0.29662612017866674
hit_20: 0.49860943337921737
ap: 0.13235919177532196
########## best_metrics ##########
ndcg_1: 0.047026434811922355
ndcg_5: 0.1104147732257843
ndcg_10: 0.14941413700580597
ndcg_20: 0.2001814991235733
hit_1: 0.047026434811922355
hit_5: 0.17481810264909964
hit_10: 0.29662612017866674
hit_20: 0.49860943337921737
ap: 0.13235919177532196
no increase in recent 0 iters
#########################################################
################## epoch 6 ###########################
loss: 384.8972, len_train_loader:219
modified_target in every batch:0.0
modified_hist in every batch :0.0
########## current_metrics ##########
ndcg_1: 0.05525746551675703
ndcg_5: 0.12736842036247253
ndcg_10: 0.1707065850496292
ndcg_20: 0.22145888209342957
hit_1: 0.05525746551675703
hit_5: 0.19967974829339552
hit_10: 0.33508441722617077
hit_20: 0.5364216085625193
ap: 0.14751246571540833
########## best_metrics ##########
ndcg_1: 0.05525746551675703
ndcg_5: 0.12736842036247253
ndcg_10: 0.1707065850496292
ndcg_20: 0.22145888209342957
hit_1: 0.05525746551675703
hit_5: 0.19967974829339552
hit_10: 0.33508441722617077
hit_20: 0.5364216085625193
ap: 0.14751246571540833
no increase in recent 0 iters
#########################################################
################## epoch 7 ###########################
loss: 336.5636, len_train_loader:219
modified_target in every batch:0.0
modified_hist in every batch :0.0
########## current_metrics ##########
ndcg_1: 0.06584824563867742
ndcg_5: 0.14627540111541748
ndcg_10: 0.19112113118171692
ndcg_20: 0.24035552144050598
hit_1: 0.06584824563867742
hit_5: 0.22673258982498526
hit_10: 0.3666882040621401
hit_20: 0.5619012838160519
ap: 0.163251593708992
########## best_metrics ##########
ndcg_1: 0.06584824563867742
ndcg_5: 0.14627540111541748
ndcg_10: 0.19112113118171692
ndcg_20: 0.24035552144050598
hit_1: 0.06584824563867742
hit_5: 0.22673258982498526
hit_10: 0.3666882040621401
hit_20: 0.5619012838160519
ap: 0.163251593708992
no increase in recent 0 iters
#########################################################
################## epoch 8 ###########################
loss: 292.4322, len_train_loader:219
modified_target in every batch:0.0
modified_hist in every batch :0.0
########## current_metrics ##########
ndcg_1: 0.07343315447931005
ndcg_5: 0.15665437281131744
ndcg_10: 0.20181259512901306
ndcg_20: 0.25010284781455994
hit_1: 0.07343315447931005
hit_5: 0.23884035171503218
hit_10: 0.3795263645812849
hit_20: 0.5713121892294295
ap: 0.17256399989128113
########## best_metrics ##########
ndcg_1: 0.07343315447931005
ndcg_5: 0.15665437281131744
ndcg_10: 0.20181259512901306
ndcg_20: 0.25010284781455994
hit_1: 0.07343315447931005
hit_5: 0.23884035171503218
hit_10: 0.3795263645812849
hit_20: 0.5713121892294295
ap: 0.17256399989128113
no increase in recent 0 iters
#########################################################
################## epoch 9 ###########################
loss: 254.9034, len_train_loader:219
modified_target in every batch:0.0
modified_hist in every batch :0.0
########## current_metrics ##########
ndcg_1: 0.07666376380032025
ndcg_5: 0.16021761298179626
ndcg_10: 0.20410028100013733
ndcg_20: 0.25186261534690857
hit_1: 0.07666376380032025
hit_5: 0.24322274348961992
hit_10: 0.38006011742562573
hit_20: 0.5694581004017193
ap: 0.17520296573638916
########## best_metrics ##########
ndcg_1: 0.07666376380032025
ndcg_5: 0.16021761298179626
ndcg_10: 0.20410028100013733
ndcg_20: 0.25186261534690857
hit_1: 0.07666376380032025
hit_5: 0.24322274348961992
hit_10: 0.38006011742562573
hit_20: 0.5713121892294295
ap: 0.17520296573638916
no increase in recent 0 iters
#########################################################
################## epoch 10 ###########################
loss: 223.9347, len_train_loader:219
modified_target in every batch:0.0
modified_hist in every batch :0.0
########## current_metrics ##########
ndcg_1: 0.08219793802848555
ndcg_5: 0.17029547691345215
ndcg_10: 0.21480736136436462
ndcg_20: 0.26116058230400085
hit_1: 0.08219793802848555
hit_5: 0.25724077871730766
hit_10: 0.39587605697109307
hit_20: 0.5797679579739866
ap: 0.1835632175207138
########## best_metrics ##########
ndcg_1: 0.08219793802848555
ndcg_5: 0.17029547691345215
ndcg_10: 0.21480736136436462
ndcg_20: 0.26116058230400085
hit_1: 0.08219793802848555
hit_5: 0.25724077871730766
hit_10: 0.39587605697109307
hit_20: 0.5797679579739866
ap: 0.1835632175207138
no increase in recent 0 iters
#########################################################
################## epoch 11 ###########################
loss: 199.1271, len_train_loader:219
modified_target in every batch:0.0
modified_hist in every batch :0.0
########## current_metrics ##########
ndcg_1: 0.0833778127370284
ndcg_5: 0.1699344962835312
ndcg_10: 0.21423465013504028
ndcg_20: 0.2603965401649475
hit_1: 0.0833778127370284
hit_5: 0.25535859763463215
hit_10: 0.3931792004944237
hit_20: 0.5764249796331151
ap: 0.18360744416713715
########## best_metrics ##########
ndcg_1: 0.0833778127370284
ndcg_5: 0.17029547691345215
ndcg_10: 0.21480736136436462
ndcg_20: 0.26116058230400085
hit_1: 0.0833778127370284
hit_5: 0.25724077871730766
hit_10: 0.39587605697109307
hit_20: 0.5797679579739866
ap: 0.18360744416713715
no increase in recent 0 iters
#########################################################
################## epoch 12 ###########################
loss: 179.7255, len_train_loader:219
modified_target in every batch:0.0
modified_hist in every batch :0.0
########## current_metrics ##########
ndcg_1: 0.08312498244234065
ndcg_5: 0.17040249705314636
ndcg_10: 0.21425580978393555
ndcg_20: 0.25950315594673157
hit_1: 0.08312498244234065
hit_5: 0.2559766272438689
hit_10: 0.39256117088518694
hit_20: 0.5719864033485967
ap: 0.18361259996891022
########## best_metrics ##########
ndcg_1: 0.0833778127370284
ndcg_5: 0.17040249705314636
ndcg_10: 0.21480736136436462
ndcg_20: 0.26116058230400085
hit_1: 0.0833778127370284
hit_5: 0.25724077871730766
hit_10: 0.39587605697109307
hit_20: 0.5797679579739866
ap: 0.18361259996891022
no increase in recent 0 iters
#########################################################
################## epoch 13 ###########################
loss: 163.5946, len_train_loader:219
modified_target in every batch:0.0
modified_hist in every batch :0.0
########## current_metrics ##########
ndcg_1: 0.08551282411439166
ndcg_5: 0.17382335662841797
ndcg_10: 0.2164742350578308
ndcg_20: 0.2612479031085968
hit_1: 0.08551282411439166
hit_5: 0.26066803382307496
hit_10: 0.3937129533387645
hit_20: 0.5713683737393601
ap: 0.18591618537902832
########## best_metrics ##########
ndcg_1: 0.08551282411439166
ndcg_5: 0.17382335662841797
ndcg_10: 0.2164742350578308
ndcg_20: 0.2612479031085968
hit_1: 0.08551282411439166
hit_5: 0.26066803382307496
hit_10: 0.39587605697109307
hit_20: 0.5797679579739866
ap: 0.18591618537902832
no increase in recent 0 iters
#########################################################
################## epoch 14 ###########################
loss: 150.7679, len_train_loader:219
modified_target in every batch:0.0
modified_hist in every batch :0.0
########## current_metrics ##########
ndcg_1: 0.08486670225018962
ndcg_5: 0.17301897704601288
ndcg_10: 0.21531416475772858
ndcg_20: 0.2605193555355072
hit_1: 0.08486670225018962
hit_5: 0.25962862038935863
hit_10: 0.39118465039188693
hit_20: 0.5705256060904009
ap: 0.18526218831539154
########## best_metrics ##########
ndcg_1: 0.08551282411439166
ndcg_5: 0.17382335662841797
ndcg_10: 0.2164742350578308
ndcg_20: 0.2612479031085968
hit_1: 0.08551282411439166
hit_5: 0.26066803382307496
hit_10: 0.39587605697109307
hit_20: 0.5797679579739866
ap: 0.18591618537902832
no increase in recent 1 iters
#########################################################
################## epoch 15 ###########################
loss: 140.4202, len_train_loader:219
modified_target in every batch:0.0
modified_hist in every batch :0.0
########## current_metrics ##########
ndcg_1: 0.08683316009776104
ndcg_5: 0.17444898188114166
ndcg_10: 0.21601684391498566
ndcg_20: 0.2603679597377777
hit_1: 0.08683316009776104
hit_5: 0.26063994156810966
hit_10: 0.39000477568334413
hit_20: 0.5657499227462989
ap: 0.18635845184326172
########## best_metrics ##########
ndcg_1: 0.08683316009776104
ndcg_5: 0.17444898188114166
ndcg_10: 0.2164742350578308
ndcg_20: 0.2612479031085968
hit_1: 0.08683316009776104
hit_5: 0.26066803382307496
hit_10: 0.39587605697109307
hit_20: 0.5797679579739866
ap: 0.18635845184326172
no increase in recent 0 iters
#########################################################
################## epoch 16 ###########################
loss: 131.9868, len_train_loader:219
modified_target in every batch:0.0
modified_hist in every batch :0.0
########## current_metrics ##########
ndcg_1: 0.0852038093097733
ndcg_5: 0.17136608064174652
ndcg_10: 0.21335524320602417
ndcg_20: 0.25748369097709656
hit_1: 0.0852038093097733
hit_5: 0.2552462286147709
hit_10: 0.38593139871337473
hit_20: 0.5610304239121274
ap: 0.1841789036989212
########## best_metrics ##########
ndcg_1: 0.08683316009776104
ndcg_5: 0.17444898188114166
ndcg_10: 0.2164742350578308
ndcg_20: 0.2612479031085968
hit_1: 0.08683316009776104
hit_5: 0.26066803382307496
hit_10: 0.39587605697109307
hit_20: 0.5797679579739866
ap: 0.18635845184326172
no increase in recent 1 iters
#########################################################
################## epoch 17 ###########################
loss: 124.5104, len_train_loader:219
modified_target in every batch:0.0
modified_hist in every batch :0.0
########## current_metrics ##########
ndcg_1: 0.08629940725342024
ndcg_5: 0.17267070710659027
ndcg_10: 0.2142963409423828
ndcg_20: 0.2575720548629761
hit_1: 0.08629940725342024
hit_5: 0.2574655167570301
hit_10: 0.3871674579318482
hit_20: 0.5593167963592438
ap: 0.18479488790035248
########## best_metrics ##########
ndcg_1: 0.08683316009776104
ndcg_5: 0.17444898188114166
ndcg_10: 0.2164742350578308
ndcg_20: 0.2612479031085968
hit_1: 0.08683316009776104
hit_5: 0.26066803382307496
hit_10: 0.39587605697109307
hit_20: 0.5797679579739866
ap: 0.18635845184326172
no increase in recent 2 iters
#########################################################
################## epoch 18 ###########################
loss: 118.5695, len_train_loader:219
modified_target in every batch:0.0
modified_hist in every batch :0.0
########## current_metrics ##########
ndcg_1: 0.08632749950838554
ndcg_5: 0.17381708323955536
ndcg_10: 0.215333491563797
ndcg_20: 0.2587575912475586
hit_1: 0.08632749950838554
hit_5: 0.25875776048543414
hit_10: 0.38831924038542576
hit_20: 0.5607775936174396
ap: 0.1857803910970688
########## best_metrics ##########
ndcg_1: 0.08683316009776104
ndcg_5: 0.17444898188114166
ndcg_10: 0.2164742350578308
ndcg_20: 0.2612479031085968
hit_1: 0.08683316009776104
hit_5: 0.26066803382307496
hit_10: 0.39587605697109307
hit_20: 0.5797679579739866
ap: 0.18635845184326172
no increase in recent 3 iters
#########################################################
################## epoch 19 ###########################
loss: 114.097, len_train_loader:219
modified_target in every batch:0.0
modified_hist in every batch :0.0
########## current_metrics ##########
ndcg_1: 0.08601848470376718
ndcg_5: 0.1713181436061859
ndcg_10: 0.21205733716487885
ndcg_20: 0.2563299238681793
hit_1: 0.08601848470376718
hit_5: 0.2542068151810546
hit_10: 0.38109953085934206
hit_20: 0.5567323089024356
ap: 0.18402469158172607
########## best_metrics ##########
ndcg_1: 0.08683316009776104
ndcg_5: 0.17444898188114166
ndcg_10: 0.2164742350578308
ndcg_20: 0.2612479031085968
hit_1: 0.08683316009776104
hit_5: 0.26066803382307496
hit_10: 0.39587605697109307
hit_20: 0.5797679579739866
ap: 0.18635845184326172
no increase in recent 4 iters
#########################################################
################## epoch 20 ###########################
loss: 108.8908, len_train_loader:219
modified_target in every batch:0.0
modified_hist in every batch :0.0
########## current_metrics ##########
ndcg_1: 0.08590611568390595
ndcg_5: 0.17089569568634033
ndcg_10: 0.21167156100273132
ndcg_20: 0.25559452176094055
hit_1: 0.08590611568390595
hit_5: 0.253420232042026
hit_10: 0.3798353793859033
hit_20: 0.5541197291906621
ap: 0.18377715349197388
########## best_metrics ##########
ndcg_1: 0.08683316009776104
ndcg_5: 0.17444898188114166
ndcg_10: 0.2164742350578308
ndcg_20: 0.2612479031085968
hit_1: 0.08683316009776104
hit_5: 0.26066803382307496
hit_10: 0.39587605697109307
hit_20: 0.5797679579739866
ap: 0.18635845184326172
no increase in recent 5 iters
#########################################################
################## epoch 21 ###########################
loss: 104.8553, len_train_loader:219
modified_target in every batch:0.0
modified_hist in every batch :0.0
########## current_metrics ##########
ndcg_1: 0.08467005646543248
ndcg_5: 0.16865667700767517
ndcg_10: 0.20961730182170868
ndcg_20: 0.25320473313331604
hit_1: 0.08467005646543248
hit_5: 0.2506390988004607
hit_10: 0.37798129055819313
hit_20: 0.5508891198696519
ap: 0.18168534338474274
########## best_metrics ##########
ndcg_1: 0.08683316009776104
ndcg_5: 0.17444898188114166
ndcg_10: 0.2164742350578308
ndcg_20: 0.2612479031085968
hit_1: 0.08683316009776104
hit_5: 0.26066803382307496
hit_10: 0.39587605697109307
hit_20: 0.5797679579739866
ap: 0.18635845184326172
no increase in recent 6 iters
#########################################################
################## epoch 22 ###########################
loss: 101.3356, len_train_loader:219
modified_target in every batch:0.0
modified_hist in every batch :0.0
########## current_metrics ##########
ndcg_1: 0.08646796078321208
ndcg_5: 0.1715247631072998
ndcg_10: 0.21198739111423492
ndcg_20: 0.25437095761299133
hit_1: 0.08646796078321208
hit_5: 0.25440346096581173
hit_10: 0.38062196252493186
hit_20: 0.5489226620220805
ap: 0.18367235362529755
########## best_metrics ##########
ndcg_1: 0.08683316009776104
ndcg_5: 0.17444898188114166
ndcg_10: 0.2164742350578308
ndcg_20: 0.2612479031085968
hit_1: 0.08683316009776104
hit_5: 0.26066803382307496
hit_10: 0.39587605697109307
hit_20: 0.5797679579739866
ap: 0.18635845184326172
no increase in recent 7 iters
#########################################################
################## epoch 23 ###########################
loss: 99.4372, len_train_loader:219
modified_target in every batch:0.0
modified_hist in every batch :0.0
########## current_metrics ##########
ndcg_1: 0.08629940725342024
ndcg_5: 0.17128241062164307
ndcg_10: 0.21154022216796875
ndcg_20: 0.25446388125419617
hit_1: 0.08629940725342024
hit_5: 0.25364497008174847
hit_10: 0.37893642722701354
hit_20: 0.5492035845717336
ap: 0.1836688220500946
########## best_metrics ##########
ndcg_1: 0.08683316009776104
ndcg_5: 0.17444898188114166
ndcg_10: 0.2164742350578308
ndcg_20: 0.2612479031085968
hit_1: 0.08683316009776104
hit_5: 0.26066803382307496
hit_10: 0.39587605697109307
hit_20: 0.5797679579739866
ap: 0.18635845184326172
no increase in recent 8 iters
#########################################################
################## epoch 24 ###########################
loss: 96.3307, len_train_loader:219
modified_target in every batch:0.0
modified_hist in every batch :0.0
########## current_metrics ##########
ndcg_1: 0.0847543332303284
ndcg_5: 0.16791199147701263
ndcg_10: 0.20819181203842163
ndcg_20: 0.25094178318977356
hit_1: 0.0847543332303284
hit_5: 0.24886928673764644
hit_10: 0.3743292974127033
hit_20: 0.5441750709329438
ap: 0.18080733716487885
########## best_metrics ##########
ndcg_1: 0.08683316009776104
ndcg_5: 0.17444898188114166
ndcg_10: 0.2164742350578308
ndcg_20: 0.2612479031085968
hit_1: 0.08683316009776104
hit_5: 0.26066803382307496
hit_10: 0.39587605697109307
hit_20: 0.5797679579739866
ap: 0.18635845184326172
no increase in recent 9 iters
#########################################################
################## epoch 25 ###########################
loss: 92.9095, len_train_loader:219
modified_target in every batch:0.0
modified_hist in every batch :0.0
########## current_metrics ##########
ndcg_1: 0.0856813776441835
ndcg_5: 0.17035281658172607
ndcg_10: 0.2107781171798706
ndcg_20: 0.25276389718055725
hit_1: 0.0856813776441835
hit_5: 0.25316740174733826
hit_10: 0.37918925752170124
hit_20: 0.546029159760654
ap: 0.18247364461421967
########## best_metrics ##########
ndcg_1: 0.08683316009776104
ndcg_5: 0.17444898188114166
ndcg_10: 0.2164742350578308
ndcg_20: 0.2612479031085968
hit_1: 0.08683316009776104
hit_5: 0.26066803382307496
hit_10: 0.39587605697109307
hit_20: 0.5797679579739866
ap: 0.18635845184326172
no increase in recent 10 iters
#########################################################
################## epoch 26 ###########################
loss: 89.5095, len_train_loader:219
modified_target in every batch:0.0
modified_hist in every batch :0.0
########## current_metrics ##########
ndcg_1: 0.08525999381970391
ndcg_5: 0.16797219216823578
ndcg_10: 0.20838607847690582
ndcg_20: 0.25017398595809937
hit_1: 0.08525999381970391
hit_5: 0.248644548697924
hit_10: 0.37441357417759924
hit_20: 0.5404668932775234
ap: 0.1808665543794632
########## best_metrics ##########
ndcg_1: 0.08683316009776104
ndcg_5: 0.17444898188114166
ndcg_10: 0.2164742350578308
ndcg_20: 0.2612479031085968
hit_1: 0.08683316009776104
hit_5: 0.26066803382307496
hit_10: 0.39587605697109307
hit_20: 0.5797679579739866
ap: 0.18635845184326172
no increase in recent 11 iters
#########################################################
################## epoch 27 ###########################
loss: 88.3977, len_train_loader:219
modified_target in every batch:0.0
modified_hist in every batch :0.0
########## current_metrics ##########
ndcg_1: 0.08688934460769165
ndcg_5: 0.16941817104816437
ndcg_10: 0.20992392301559448
ndcg_20: 0.2518813908100128
hit_1: 0.08688934460769165
hit_5: 0.24988060791639746
hit_10: 0.3759586482006911
hit_20: 0.5427423659297131
ap: 0.18243737518787384
########## best_metrics ##########
ndcg_1: 0.08688934460769165
ndcg_5: 0.17444898188114166
ndcg_10: 0.2164742350578308
ndcg_20: 0.2612479031085968
hit_1: 0.08688934460769165
hit_5: 0.26066803382307496
hit_10: 0.39587605697109307
hit_20: 0.5797679579739866
ap: 0.18635845184326172
no increase in recent 0 iters
#########################################################
################## epoch 28 ###########################
loss: 86.3584, len_train_loader:219
modified_target in every batch:0.0
modified_hist in every batch :0.0
########## current_metrics ##########
ndcg_1: 0.08584993117397534
ndcg_5: 0.167116180062294
ndcg_10: 0.20680269598960876
ndcg_20: 0.24936017394065857
hit_1: 0.08584993117397534
hit_5: 0.24608815349608112
hit_10: 0.3693007837739135
hit_20: 0.5383318819001601
ap: 0.18055668473243713
########## best_metrics ##########
ndcg_1: 0.08688934460769165
ndcg_5: 0.17444898188114166
ndcg_10: 0.2164742350578308
ndcg_20: 0.2612479031085968
hit_1: 0.08688934460769165
hit_5: 0.26066803382307496
hit_10: 0.39587605697109307
hit_20: 0.5797679579739866
ap: 0.18635845184326172
no increase in recent 1 iters
#########################################################
################## epoch 29 ###########################
loss: 85.0669, len_train_loader:219
modified_target in every batch:0.0
modified_hist in every batch :0.0
########## current_metrics ##########
ndcg_1: 0.08500716352501615
ndcg_5: 0.1673981249332428
ndcg_10: 0.20714911818504333
ndcg_20: 0.24875539541244507
hit_1: 0.08500716352501615
hit_5: 0.24760513526420766
hit_10: 0.37132342613141556
hit_20: 0.5366744388572071
ap: 0.18017420172691345
########## best_metrics ##########
ndcg_1: 0.08688934460769165
ndcg_5: 0.17444898188114166
ndcg_10: 0.2164742350578308
ndcg_20: 0.2612479031085968
hit_1: 0.08688934460769165
hit_5: 0.26066803382307496
hit_10: 0.39587605697109307
hit_20: 0.5797679579739866
ap: 0.18635845184326172
no increase in recent 2 iters
#########################################################
################## epoch 30 ###########################
loss: 84.1783, len_train_loader:219
modified_target in every batch:0.0
modified_hist in every batch :0.0
########## current_metrics ##########
ndcg_1: 0.08408011911116105
ndcg_5: 0.16622106730937958
ndcg_10: 0.20574261248111725
ndcg_20: 0.24785642325878143
hit_1: 0.08408011911116105
hit_5: 0.2459195999662893
hit_10: 0.36893558445936453
hit_20: 0.5364497008174847
ap: 0.1791623830795288
########## best_metrics ##########
ndcg_1: 0.08688934460769165
ndcg_5: 0.17444898188114166
ndcg_10: 0.2164742350578308
ndcg_20: 0.2612479031085968
hit_1: 0.08688934460769165
hit_5: 0.26066803382307496
hit_10: 0.39587605697109307
hit_20: 0.5797679579739866
ap: 0.18635845184326172
no increase in recent 3 iters
#########################################################
################## epoch 31 ###########################
loss: 82.1221, len_train_loader:219
modified_target in every batch:0.0
modified_hist in every batch :0.0
########## current_metrics ##########
ndcg_1: 0.08312498244234065
ndcg_5: 0.1659558117389679
ndcg_10: 0.2054927945137024
ndcg_20: 0.2476460039615631
hit_1: 0.08312498244234065
hit_5: 0.24634098379076888
hit_10: 0.3693569682838441
hit_20: 0.5367868078770683
ap: 0.17869730293750763
########## best_metrics ##########
ndcg_1: 0.08688934460769165
ndcg_5: 0.17444898188114166
ndcg_10: 0.2164742350578308
ndcg_20: 0.2612479031085968
hit_1: 0.08688934460769165
hit_5: 0.26066803382307496
hit_10: 0.39587605697109307
hit_20: 0.5797679579739866
ap: 0.18635845184326172
no increase in recent 4 iters
#########################################################
################## epoch 32 ###########################
loss: 82.0363, len_train_loader:219
modified_target in every batch:0.0
modified_hist in every batch :0.0
########## current_metrics ##########
ndcg_1: 0.08472624097536309
ndcg_5: 0.16776174306869507
ndcg_10: 0.2069757878780365
ndcg_20: 0.2487630546092987
hit_1: 0.08472624097536309
hit_5: 0.2478298733039301
hit_10: 0.36989072112818494
hit_20: 0.5359721324830744
ap: 0.18037167191505432
########## best_metrics ##########
ndcg_1: 0.08688934460769165
ndcg_5: 0.17444898188114166
ndcg_10: 0.2164742350578308
ndcg_20: 0.2612479031085968
hit_1: 0.08688934460769165
hit_5: 0.26066803382307496
hit_10: 0.39587605697109307
hit_20: 0.5797679579739866
ap: 0.18635845184326172
no increase in recent 5 iters
#########################################################
################## epoch 33 ###########################
loss: 80.7329, len_train_loader:219
modified_target in every batch:0.0
modified_hist in every batch :0.0
########## current_metrics ##########
ndcg_1: 0.0852038093097733
ndcg_5: 0.1684066504240036
ndcg_10: 0.2073904275894165
ndcg_20: 0.24920333921909332
hit_1: 0.0852038093097733
hit_5: 0.24971205438660563
hit_10: 0.3710986880916931
hit_20: 0.5373486529763745
ap: 0.18050803244113922
########## best_metrics ##########
ndcg_1: 0.08688934460769165
ndcg_5: 0.17444898188114166
ndcg_10: 0.2164742350578308
ndcg_20: 0.2612479031085968
hit_1: 0.08688934460769165
hit_5: 0.26066803382307496
hit_10: 0.39587605697109307
hit_20: 0.5797679579739866
ap: 0.18635845184326172
no increase in recent 6 iters
#########################################################
################## epoch 34 ###########################
loss: 79.9346, len_train_loader:219
modified_target in every batch:0.0
modified_hist in every batch :0.0
########## current_metrics ##########
ndcg_1: 0.08702980588251819
ndcg_5: 0.16823767125606537
ndcg_10: 0.20723780989646912
ndcg_20: 0.24897165596485138
hit_1: 0.08702980588251819
hit_5: 0.24749276624434643
hit_10: 0.3688793999494339
hit_20: 0.5349046267943928
ap: 0.18108107149600983
########## best_metrics ##########
ndcg_1: 0.08702980588251819
ndcg_5: 0.17444898188114166
ndcg_10: 0.2164742350578308
ndcg_20: 0.2612479031085968
hit_1: 0.08702980588251819
hit_5: 0.26066803382307496
hit_10: 0.39587605697109307
hit_20: 0.5797679579739866
ap: 0.18635845184326172
no increase in recent 0 iters
#########################################################
################## epoch 35 ###########################
loss: 79.3529, len_train_loader:219
modified_target in every batch:0.0
modified_hist in every batch :0.0
########## current_metrics ##########
ndcg_1: 0.08894007922015901
ndcg_5: 0.16937044262886047
ndcg_10: 0.20832911133766174
ndcg_20: 0.2500729262828827
hit_1: 0.08894007922015901
hit_5: 0.24816698036351378
hit_10: 0.36941315279377474
hit_20: 0.535016995814254
ap: 0.1824169009923935
########## best_metrics ##########
ndcg_1: 0.08894007922015901
ndcg_5: 0.17444898188114166
ndcg_10: 0.2164742350578308
ndcg_20: 0.2612479031085968
hit_1: 0.08894007922015901
hit_5: 0.26066803382307496
hit_10: 0.39587605697109307
hit_20: 0.5797679579739866
ap: 0.18635845184326172
no increase in recent 0 iters
#########################################################
################## epoch 36 ###########################
loss: 77.1783, len_train_loader:219
modified_target in every batch:0.0
modified_hist in every batch :0.0
########## current_metrics ##########
ndcg_1: 0.08674888333286512
ndcg_5: 0.16592346131801605
ndcg_10: 0.20563694834709167
ndcg_20: 0.24762561917304993
hit_1: 0.08674888333286512
hit_5: 0.24325083574458523
hit_10: 0.36654774278731356
hit_20: 0.5335281063010928
ap: 0.17980729043483734
########## best_metrics ##########
ndcg_1: 0.08894007922015901
ndcg_5: 0.17444898188114166
ndcg_10: 0.2164742350578308
ndcg_20: 0.2612479031085968
hit_1: 0.08894007922015901
hit_5: 0.26066803382307496
hit_10: 0.39587605697109307
hit_20: 0.5797679579739866
ap: 0.18635845184326172
no increase in recent 1 iters
#########################################################
################## epoch 37 ###########################
loss: 75.8132, len_train_loader:219
modified_target in every batch:0.0
modified_hist in every batch :0.0
########## current_metrics ##########
ndcg_1: 0.08660842205803859
ndcg_5: 0.16724319756031036
ndcg_10: 0.2071463167667389
ndcg_20: 0.2487473040819168
hit_1: 0.08660842205803859
hit_5: 0.24527347810208724
hit_10: 0.3693569682838441
hit_20: 0.5346798887546703
ap: 0.18084199726581573
########## best_metrics ##########
ndcg_1: 0.08894007922015901
ndcg_5: 0.17444898188114166
ndcg_10: 0.2164742350578308
ndcg_20: 0.2612479031085968
hit_1: 0.08894007922015901
hit_5: 0.26066803382307496
hit_10: 0.39587605697109307
hit_20: 0.5797679579739866
ap: 0.18635845184326172
no increase in recent 2 iters
#########################################################
################## epoch 38 ###########################
loss: 75.0445, len_train_loader:219
modified_target in every batch:0.0
modified_hist in every batch :0.0
########## current_metrics ##########
ndcg_1: 0.08761974323678962
ndcg_5: 0.16745339334011078
ndcg_10: 0.20700587332248688
ndcg_20: 0.2486044317483902
hit_1: 0.08761974323678962
hit_5: 0.24518920133719133
hit_10: 0.3683175548501278
hit_20: 0.5335000140461275
ap: 0.181011363863945
########## best_metrics ##########
ndcg_1: 0.08894007922015901
ndcg_5: 0.17444898188114166
ndcg_10: 0.2164742350578308
ndcg_20: 0.2612479031085968
hit_1: 0.08894007922015901
hit_5: 0.26066803382307496
hit_10: 0.39587605697109307
hit_20: 0.5797679579739866
ap: 0.18635845184326172
no increase in recent 3 iters
#########################################################
################## epoch 39 ###########################
loss: 74.0654, len_train_loader:219
modified_target in every batch:0.0
modified_hist in every batch :0.0
########## current_metrics ##########
ndcg_1: 0.08604657695873248
ndcg_5: 0.16650554537773132
ndcg_10: 0.2059626579284668
ndcg_20: 0.24718491733074188
hit_1: 0.08604657695873248
hit_5: 0.24473972525774643
hit_10: 0.3676152484759952
hit_20: 0.5313369104137989
ap: 0.17980574071407318
########## best_metrics ##########
ndcg_1: 0.08894007922015901
ndcg_5: 0.17444898188114166
ndcg_10: 0.2164742350578308
ndcg_20: 0.2612479031085968
hit_1: 0.08894007922015901
hit_5: 0.26066803382307496
hit_10: 0.39587605697109307
hit_20: 0.5797679579739866
ap: 0.18635845184326172
no increase in recent 4 iters
#########################################################
################## epoch 40 ###########################
loss: 73.6637, len_train_loader:219
modified_target in every batch:0.0
modified_hist in every batch :0.0
########## current_metrics ##########
ndcg_1: 0.08646796078321208
ndcg_5: 0.16795676946640015
ndcg_10: 0.2065211534500122
ndcg_20: 0.24859519302845
hit_1: 0.08646796078321208
hit_5: 0.24698710565497092
hit_10: 0.3671095878866197
hit_20: 0.5340337668904683
ap: 0.18075762689113617
########## best_metrics ##########
ndcg_1: 0.08894007922015901
ndcg_5: 0.17444898188114166
ndcg_10: 0.2164742350578308
ndcg_20: 0.2612479031085968
hit_1: 0.08894007922015901
hit_5: 0.26066803382307496
hit_10: 0.39587605697109307
hit_20: 0.5797679579739866
ap: 0.18635845184326172
no increase in recent 5 iters
#########################################################
################## epoch 41 ###########################
loss: 73.1787, len_train_loader:219
modified_target in every batch:0.0
modified_hist in every batch :0.0
########## current_metrics ##########
ndcg_1: 0.0856532853892182
ndcg_5: 0.1666482388973236
ndcg_10: 0.20528310537338257
ndcg_20: 0.24674253165721893
hit_1: 0.0856532853892182
hit_5: 0.24524538584712194
hit_10: 0.3654521448436666
hit_20: 0.5300165744304295
ap: 0.17958113551139832
########## best_metrics ##########
ndcg_1: 0.08894007922015901
ndcg_5: 0.17444898188114166
ndcg_10: 0.2164742350578308
ndcg_20: 0.2612479031085968
hit_1: 0.08894007922015901
hit_5: 0.26066803382307496
hit_10: 0.39587605697109307
hit_20: 0.5797679579739866
ap: 0.18635845184326172
no increase in recent 6 iters
#########################################################
################## epoch 42 ###########################
loss: 72.8694, len_train_loader:219
modified_target in every batch:0.0
modified_hist in every batch :0.0
########## current_metrics ##########
ndcg_1: 0.08464196421046717
ndcg_5: 0.16505341231822968
ndcg_10: 0.20335546135902405
ndcg_20: 0.2448309361934662
hit_1: 0.08464196421046717
hit_5: 0.24333511250948114
hit_10: 0.3626991038570666
hit_20: 0.5272635334438296
ap: 0.17802730202674866
########## best_metrics ##########
ndcg_1: 0.08894007922015901
ndcg_5: 0.17444898188114166
ndcg_10: 0.2164742350578308
ndcg_20: 0.2612479031085968
hit_1: 0.08894007922015901
hit_5: 0.26066803382307496
hit_10: 0.39587605697109307
hit_20: 0.5797679579739866
ap: 0.18635845184326172
no increase in recent 7 iters
#########################################################
################## epoch 43 ###########################
loss: 72.8814, len_train_loader:219
modified_target in every batch:0.0
modified_hist in every batch :0.0
########## current_metrics ##########
ndcg_1: 0.08584993117397534
ndcg_5: 0.16589608788490295
ndcg_10: 0.2060306817293167
ndcg_20: 0.24720722436904907
hit_1: 0.08584993117397534
hit_5: 0.24333511250948114
hit_10: 0.3683456471050931
hit_20: 0.5320673090428969
ap: 0.1796129047870636
########## best_metrics ##########
ndcg_1: 0.08894007922015901
ndcg_5: 0.17444898188114166
ndcg_10: 0.2164742350578308
ndcg_20: 0.2612479031085968
hit_1: 0.08894007922015901
hit_5: 0.26066803382307496
hit_10: 0.39587605697109307
hit_20: 0.5797679579739866
ap: 0.18635845184326172
no increase in recent 8 iters
#########################################################
################## epoch 44 ###########################
loss: 71.8803, len_train_loader:219
modified_target in every batch:0.0
modified_hist in every batch :0.0
########## current_metrics ##########
ndcg_1: 0.08556900862432228
ndcg_5: 0.1649533212184906
ndcg_10: 0.2042602002620697
ndcg_20: 0.24547789990901947
hit_1: 0.08556900862432228
hit_5: 0.24207096103604236
hit_10: 0.3644970081748462
hit_20: 0.528499592662303
ap: 0.1784975379705429
########## best_metrics ##########
ndcg_1: 0.08894007922015901
ndcg_5: 0.17444898188114166
ndcg_10: 0.2164742350578308
ndcg_20: 0.2612479031085968
hit_1: 0.08894007922015901
hit_5: 0.26066803382307496
hit_10: 0.39587605697109307
hit_20: 0.5797679579739866
ap: 0.18635845184326172
no increase in recent 9 iters
#########################################################
################## epoch 45 ###########################
loss: 71.5909, len_train_loader:219
modified_target in every batch:0.0
modified_hist in every batch :0.0
########## current_metrics ##########
ndcg_1: 0.08635559176335085
ndcg_5: 0.1645479053258896
ndcg_10: 0.2039431631565094
ndcg_20: 0.2454354465007782
hit_1: 0.08635559176335085
hit_5: 0.24120010113211787
hit_10: 0.36385088631064416
hit_20: 0.528864791976852
ap: 0.17846250534057617
########## best_metrics ##########
ndcg_1: 0.08894007922015901
ndcg_5: 0.17444898188114166
ndcg_10: 0.2164742350578308
ndcg_20: 0.2612479031085968
hit_1: 0.08894007922015901
hit_5: 0.26066803382307496
hit_10: 0.39587605697109307
hit_20: 0.5797679579739866
ap: 0.18635845184326172
no increase in recent 10 iters
#########################################################
################## epoch 46 ###########################
loss: 71.3758, len_train_loader:219
modified_target in every batch:0.0
modified_hist in every batch :0.0
########## current_metrics ##########
ndcg_1: 0.08413630362109166
ndcg_5: 0.16429615020751953
ndcg_10: 0.20300181210041046
ndcg_20: 0.24412843585014343
hit_1: 0.08413630362109166
hit_5: 0.24209905329100767
hit_10: 0.3627833806219625
hit_20: 0.5259993819703908
ap: 0.17744889855384827
########## best_metrics ##########
ndcg_1: 0.08894007922015901
ndcg_5: 0.17444898188114166
ndcg_10: 0.2164742350578308
ndcg_20: 0.2612479031085968
hit_1: 0.08894007922015901
hit_5: 0.26066803382307496
hit_10: 0.39587605697109307
hit_20: 0.5797679579739866
ap: 0.18635845184326172
no increase in recent 11 iters
#########################################################
################## epoch 47 ###########################
loss: 69.9851, len_train_loader:219
modified_target in every batch:0.0
modified_hist in every batch :0.0
########## current_metrics ##########
ndcg_1: 0.08582183891901003
ndcg_5: 0.16512171924114227
ndcg_10: 0.2043551355600357
ndcg_20: 0.24616430699825287
hit_1: 0.08582183891901003
hit_5: 0.24215523780093828
hit_10: 0.36421608562519314
hit_20: 0.5302132202151867
ap: 0.17884358763694763
########## best_metrics ##########
ndcg_1: 0.08894007922015901
ndcg_5: 0.17444898188114166
ndcg_10: 0.2164742350578308
ndcg_20: 0.2612479031085968
hit_1: 0.08894007922015901
hit_5: 0.26066803382307496
hit_10: 0.39587605697109307
hit_20: 0.5797679579739866
ap: 0.18635845184326172
no increase in recent 12 iters
#########################################################
################## epoch 48 ###########################
loss: 68.4264, len_train_loader:219
modified_target in every batch:0.0
modified_hist in every batch :0.0
########## current_metrics ##########
ndcg_1: 0.08562519313425289
ndcg_5: 0.16554220020771027
ndcg_10: 0.2047417312860489
ndcg_20: 0.246262788772583
hit_1: 0.08562519313425289
hit_5: 0.24280135966514033
hit_10: 0.3648902997443605
hit_20: 0.529791836390707
ap: 0.1790328025817871
########## best_metrics ##########
ndcg_1: 0.08894007922015901
ndcg_5: 0.17444898188114166
ndcg_10: 0.2164742350578308
ndcg_20: 0.2612479031085968
hit_1: 0.08894007922015901
hit_5: 0.26066803382307496
hit_10: 0.39587605697109307
hit_20: 0.5797679579739866
ap: 0.18635845184326172
no increase in recent 13 iters
#########################################################
################## epoch 49 ###########################
loss: 67.8657, len_train_loader:219
modified_target in every batch:0.0
modified_hist in every batch :0.0
########## current_metrics ##########
ndcg_1: 0.08528808607466921
ndcg_5: 0.16528485715389252
ndcg_10: 0.20436005294322968
ndcg_20: 0.2469535768032074
hit_1: 0.08528808607466921
hit_5: 0.24285754417507094
hit_10: 0.36432845464505437
hit_20: 0.5334438295361968
ap: 0.17887689173221588
########## best_metrics ##########
ndcg_1: 0.08894007922015901
ndcg_5: 0.17444898188114166
ndcg_10: 0.2164742350578308
ndcg_20: 0.2612479031085968
hit_1: 0.08894007922015901
hit_5: 0.26066803382307496
hit_10: 0.39587605697109307
hit_20: 0.5797679579739866
ap: 0.18635845184326172
no increase in recent 14 iters
#########################################################
################## epoch 50 ###########################
loss: 68.2, len_train_loader:219
modified_target in every batch:0.0
modified_hist in every batch :0.0
########## current_metrics ##########
ndcg_1: 0.08745118970699778
ndcg_5: 0.16661132872104645
ndcg_10: 0.20569737255573273
ndcg_20: 0.24792695045471191
hit_1: 0.08745118970699778
hit_5: 0.2436441273140995
hit_10: 0.3652835913138748
hit_20: 0.5328538921819255
ap: 0.1803542524576187
########## best_metrics ##########
ndcg_1: 0.08894007922015901
ndcg_5: 0.17444898188114166
ndcg_10: 0.2164742350578308
ndcg_20: 0.2612479031085968
hit_1: 0.08894007922015901
hit_5: 0.26066803382307496
hit_10: 0.39587605697109307
hit_20: 0.5797679579739866
ap: 0.18635845184326172
no increase in recent 15 iters
#########################################################
################## epoch 51 ###########################
loss: 67.6167, len_train_loader:219
modified_target in every batch:0.0
modified_hist in every batch :0.0
########## current_metrics ##########
ndcg_1: 0.08747928196196308
ndcg_5: 0.1676509827375412
ndcg_10: 0.20628809928894043
ndcg_20: 0.24814343452453613
hit_1: 0.08747928196196308
hit_5: 0.2460038767311852
hit_10: 0.36609826670786866
hit_20: 0.532544877377307
ap: 0.18064245581626892
########## best_metrics ##########
ndcg_1: 0.08894007922015901
ndcg_5: 0.17444898188114166
ndcg_10: 0.2164742350578308
ndcg_20: 0.2612479031085968
hit_1: 0.08894007922015901
hit_5: 0.26066803382307496
hit_10: 0.39587605697109307
hit_20: 0.5797679579739866
ap: 0.18635845184326172
no increase in recent 16 iters
#########################################################
################## epoch 52 ###########################
loss: 67.2822, len_train_loader:219
modified_target in every batch:0.0
modified_hist in every batch :0.0
########## current_metrics ##########
ndcg_1: 0.08511953254487738
ndcg_5: 0.1651630401611328
ndcg_10: 0.2039993554353714
ndcg_20: 0.24538350105285645
hit_1: 0.08511953254487738
hit_5: 0.2426889906452791
hit_10: 0.36373851729078294
hit_20: 0.5281063010927887
ap: 0.17842701077461243
########## best_metrics ##########
ndcg_1: 0.08894007922015901
ndcg_5: 0.17444898188114166
ndcg_10: 0.2164742350578308
ndcg_20: 0.2612479031085968
hit_1: 0.08894007922015901
hit_5: 0.26066803382307496
hit_10: 0.39587605697109307
hit_20: 0.5797679579739866
ap: 0.18635845184326172
no increase in recent 17 iters
#########################################################
################## epoch 53 ###########################
loss: 66.7832, len_train_loader:219
modified_target in every batch:0.0
modified_hist in every batch :0.0
########## current_metrics ##########
ndcg_1: 0.08346208950192432
ndcg_5: 0.16372279822826385
ndcg_10: 0.20199891924858093
ndcg_20: 0.24439747631549835
hit_1: 0.08346208950192432
hit_5: 0.24114391662218726
hit_10: 0.36022698542011966
hit_20: 0.5286119616821642
ap: 0.17702142894268036
########## best_metrics ##########
ndcg_1: 0.08894007922015901
ndcg_5: 0.17444898188114166
ndcg_10: 0.2164742350578308
ndcg_20: 0.2612479031085968
hit_1: 0.08894007922015901
hit_5: 0.26066803382307496
hit_10: 0.39587605697109307
hit_20: 0.5797679579739866
ap: 0.18635845184326172
no increase in recent 18 iters
#########################################################
################## epoch 54 ###########################
loss: 66.6182, len_train_loader:219
modified_target in every batch:0.0
modified_hist in every batch :0.0
########## current_metrics ##########
ndcg_1: 0.08410821136612635
ndcg_5: 0.1637253761291504
ndcg_10: 0.20221476256847382
ndcg_20: 0.24402324855327606
hit_1: 0.08410821136612635
hit_5: 0.24103154760232604
hit_10: 0.3607888305194258
hit_20: 0.5267016883445235
ap: 0.17717626690864563
########## best_metrics ##########
ndcg_1: 0.08894007922015901
ndcg_5: 0.17444898188114166
ndcg_10: 0.2164742350578308
ndcg_20: 0.2612479031085968
hit_1: 0.08894007922015901
hit_5: 0.26066803382307496
hit_10: 0.39587605697109307
hit_20: 0.5797679579739866
ap: 0.18635845184326172
no increase in recent 19 iters
#########################################################
################## epoch 55 ###########################
loss: 66.7628, len_train_loader:219
modified_target in every batch:0.0
modified_hist in every batch :0.0
########## current_metrics ##########
ndcg_1: 0.08551282411439166
ndcg_5: 0.16554270684719086
ndcg_10: 0.2032359093427658
ndcg_20: 0.24517033994197845
hit_1: 0.08551282411439166
hit_5: 0.24341938927437706
hit_10: 0.36070455375452987
hit_20: 0.5270949799140378
ap: 0.17845699191093445
########## best_metrics ##########
ndcg_1: 0.08894007922015901
ndcg_5: 0.17444898188114166
ndcg_10: 0.2164742350578308
ndcg_20: 0.2612479031085968
hit_1: 0.08894007922015901
hit_5: 0.26066803382307496
hit_10: 0.39587605697109307
hit_20: 0.5797679579739866
ap: 0.18635845184326172
no increase in recent 20 iters
#########################################################
################## epoch 56 ###########################
loss: 65.7845, len_train_loader:219
modified_target in every batch:0.0
modified_hist in every batch :0.0
########## current_metrics ##########
ndcg_1: 0.0852038093097733
ndcg_5: 0.16478605568408966
ndcg_10: 0.20276717841625214
ndcg_20: 0.2450064867734909
hit_1: 0.0852038093097733
hit_5: 0.2418181307413546
hit_10: 0.359889878360536
hit_20: 0.5275725482484479
ap: 0.17812737822532654
########## best_metrics ##########
ndcg_1: 0.08894007922015901
ndcg_5: 0.17444898188114166
ndcg_10: 0.2164742350578308
ndcg_20: 0.2612479031085968
hit_1: 0.08894007922015901
hit_5: 0.26066803382307496
hit_10: 0.39587605697109307
hit_20: 0.5797679579739866
ap: 0.18635845184326172
no increase in recent 21 iters
#########################################################
################## epoch 57 ###########################
loss: 66.4117, len_train_loader:219
modified_target in every batch:0.0
modified_hist in every batch :0.0
########## current_metrics ##########
ndcg_1: 0.08570946989914881
ndcg_5: 0.16589325666427612
ndcg_10: 0.20409362018108368
ndcg_20: 0.24579451978206635
hit_1: 0.08570946989914881
hit_5: 0.24381268084389135
hit_10: 0.3626710116021013
hit_20: 0.5285276849172683
ap: 0.17882023751735687
########## best_metrics ##########
ndcg_1: 0.08894007922015901
ndcg_5: 0.17444898188114166
ndcg_10: 0.2164742350578308
ndcg_20: 0.2612479031085968
hit_1: 0.08894007922015901
hit_5: 0.26066803382307496
hit_10: 0.39587605697109307
hit_20: 0.5797679579739866
ap: 0.18635845184326172
no increase in recent 22 iters
#########################################################
################## epoch 58 ###########################
loss: 64.4527, len_train_loader:219
modified_target in every batch:0.0
modified_hist in every batch :0.0
########## current_metrics ##########
ndcg_1: 0.08618703823355901
ndcg_5: 0.167480930685997
ndcg_10: 0.2061700075864792
ndcg_20: 0.24756784737110138
hit_1: 0.08618703823355901
hit_5: 0.24563867741663623
hit_10: 0.36609826670786866
hit_20: 0.5306346040396662
ap: 0.1804039478302002
########## best_metrics ##########
ndcg_1: 0.08894007922015901
ndcg_5: 0.17444898188114166
ndcg_10: 0.2164742350578308
ndcg_20: 0.2612479031085968
hit_1: 0.08894007922015901
hit_5: 0.26066803382307496
hit_10: 0.39587605697109307
hit_20: 0.5797679579739866
ap: 0.18635845184326172
no increase in recent 23 iters
#########################################################
################## epoch 59 ###########################
loss: 63.9325, len_train_loader:219
modified_target in every batch:0.0
modified_hist in every batch :0.0
########## current_metrics ##########
ndcg_1: 0.08604657695873248
ndcg_5: 0.16655755043029785
ndcg_10: 0.2050241082906723
ndcg_20: 0.2464378923177719
hit_1: 0.08604657695873248
hit_5: 0.2440374188836138
hit_10: 0.3636823327808523
hit_20: 0.5284434081523723
ap: 0.1796758472919464
########## best_metrics ##########
ndcg_1: 0.08894007922015901
ndcg_5: 0.17444898188114166
ndcg_10: 0.2164742350578308
ndcg_20: 0.2612479031085968
hit_1: 0.08894007922015901
hit_5: 0.26066803382307496
hit_10: 0.39587605697109307
hit_20: 0.5797679579739866
ap: 0.18635845184326172
no increase in recent 24 iters
#########################################################
################## epoch 60 ###########################
loss: 63.6701, len_train_loader:219
modified_target in every batch:0.0
modified_hist in every batch :0.0
########## current_metrics ##########
ndcg_1: 0.08497907127005085
ndcg_5: 0.1668729931116104
ndcg_10: 0.20409971475601196
ndcg_20: 0.24549801647663116
hit_1: 0.08497907127005085
hit_5: 0.24608815349608112
hit_10: 0.3621372587577605
hit_20: 0.5267578728544541
ap: 0.17892558872699738
########## best_metrics ##########
ndcg_1: 0.08894007922015901
ndcg_5: 0.17444898188114166
ndcg_10: 0.2164742350578308
ndcg_20: 0.2612479031085968
hit_1: 0.08894007922015901
hit_5: 0.26066803382307496
hit_10: 0.39587605697109307
hit_20: 0.5797679579739866
ap: 0.18635845184326172
no increase in recent 25 iters
#########################################################
################## epoch 61 ###########################
loss: 63.0091, len_train_loader:219
modified_target in every batch:0.0
modified_hist in every batch :0.0
########## current_metrics ##########
ndcg_1: 0.08489479450515493
ndcg_5: 0.16436904668807983
ndcg_10: 0.20148122310638428
ndcg_20: 0.24340887367725372
hit_1: 0.08489479450515493
hit_5: 0.24156530044666685
hit_10: 0.3568840070792483
hit_20: 0.5236677248082704
ap: 0.17730355262756348
########## best_metrics ##########
ndcg_1: 0.08894007922015901
ndcg_5: 0.17444898188114166
ndcg_10: 0.2164742350578308
ndcg_20: 0.2612479031085968
hit_1: 0.08894007922015901
hit_5: 0.26066803382307496
hit_10: 0.39587605697109307
hit_20: 0.5797679579739866
ap: 0.18635845184326172
no increase in recent 26 iters
#########################################################
################## epoch 62 ###########################
loss: 62.7463, len_train_loader:219
modified_target in every batch:0.0
modified_hist in every batch :0.0
########## current_metrics ##########
ndcg_1: 0.08444531842571003
ndcg_5: 0.1651899516582489
ndcg_10: 0.20224525034427643
ndcg_20: 0.24410073459148407
hit_1: 0.08444531842571003
hit_5: 0.2439812343736832
hit_10: 0.35921566424136864
hit_20: 0.5255499058909459
ap: 0.17756909132003784
########## best_metrics ##########
ndcg_1: 0.08894007922015901
ndcg_5: 0.17444898188114166
ndcg_10: 0.2164742350578308
ndcg_20: 0.2612479031085968
hit_1: 0.08894007922015901
hit_5: 0.26066803382307496
hit_10: 0.39587605697109307
hit_20: 0.5797679579739866
ap: 0.18635845184326172
no increase in recent 27 iters
#########################################################
################## epoch 63 ###########################
loss: 62.7402, len_train_loader:219
modified_target in every batch:0.0
modified_hist in every batch :0.0
########## current_metrics ##########
ndcg_1: 0.0856532853892182
ndcg_5: 0.1652669459581375
ndcg_10: 0.20307274162769318
ndcg_20: 0.24425800144672394
hit_1: 0.0856532853892182
hit_5: 0.2427451751552097
hit_10: 0.3603955389499115
hit_20: 0.5242295699075765
ap: 0.17818443477153778
########## best_metrics ##########
ndcg_1: 0.08894007922015901
ndcg_5: 0.17444898188114166
ndcg_10: 0.2164742350578308
ndcg_20: 0.2612479031085968
hit_1: 0.08894007922015901
hit_5: 0.26066803382307496
hit_10: 0.39587605697109307
hit_20: 0.5797679579739866
ap: 0.18635845184326172
no increase in recent 28 iters
#########################################################
################## epoch 64 ###########################
loss: 62.6077, len_train_loader:219
modified_target in every batch:0.0
modified_hist in every batch :0.0
########## current_metrics ##########
ndcg_1: 0.0847543332303284
ndcg_5: 0.1648547351360321
ndcg_10: 0.20224487781524658
ndcg_20: 0.24384236335754395
hit_1: 0.0847543332303284
hit_5: 0.24282945192010563
hit_10: 0.35929994100626456
hit_20: 0.5246790459870214
ap: 0.17749524116516113
########## best_metrics ##########
ndcg_1: 0.08894007922015901
ndcg_5: 0.17444898188114166
ndcg_10: 0.2164742350578308
ndcg_20: 0.2612479031085968
hit_1: 0.08894007922015901
hit_5: 0.26066803382307496
hit_10: 0.39587605697109307
hit_20: 0.5797679579739866
ap: 0.18635845184326172
no increase in recent 29 iters
#########################################################
################## epoch 65 ###########################
loss: 62.8188, len_train_loader:219
modified_target in every batch:0.0
modified_hist in every batch :0.0
########## current_metrics ##########
ndcg_1: 0.08570946989914881
ndcg_5: 0.1652372181415558
ndcg_10: 0.20295703411102295
ndcg_20: 0.2444920688867569
hit_1: 0.08570946989914881
hit_5: 0.2422676068207995
hit_10: 0.35963704806584823
hit_20: 0.5245666769671602
ap: 0.17837834358215332
########## best_metrics ##########
ndcg_1: 0.08894007922015901
ndcg_5: 0.17444898188114166
ndcg_10: 0.2164742350578308
ndcg_20: 0.2612479031085968
hit_1: 0.08894007922015901
hit_5: 0.26066803382307496
hit_10: 0.39587605697109307
hit_20: 0.5797679579739866
ap: 0.18635845184326172
no increase in recent 30 iters
#########################################################
################## epoch 66 ###########################
loss: 62.4661, len_train_loader:219
modified_target in every batch:0.0
modified_hist in every batch :0.0
########## current_metrics ##########
ndcg_1: 0.08509144028991207
ndcg_5: 0.16406075656414032
ndcg_10: 0.20205561816692352
ndcg_20: 0.24399979412555695
hit_1: 0.08509144028991207
hit_5: 0.24055397926791583
hit_10: 0.3586538191420625
hit_20: 0.525381352361154
ap: 0.17754188179969788
########## best_metrics ##########
ndcg_1: 0.08894007922015901
ndcg_5: 0.17444898188114166
ndcg_10: 0.2164742350578308
ndcg_20: 0.2612479031085968
hit_1: 0.08894007922015901
hit_5: 0.26066803382307496
hit_10: 0.39587605697109307
hit_20: 0.5797679579739866
ap: 0.18635845184326172
no increase in recent 31 iters
#########################################################
################## epoch 67 ###########################
loss: 62.6281, len_train_loader:219
modified_target in every batch:0.0
modified_hist in every batch :0.0
########## current_metrics ##########
ndcg_1: 0.08537236283956513
ndcg_5: 0.16532842814922333
ndcg_10: 0.20298334956169128
ndcg_20: 0.24475359916687012
hit_1: 0.08537236283956513
hit_5: 0.2422114223108689
hit_10: 0.3594123100261258
hit_20: 0.525381352361154
ap: 0.17848581075668335
########## best_metrics ##########
ndcg_1: 0.08894007922015901
ndcg_5: 0.17444898188114166
ndcg_10: 0.2164742350578308
ndcg_20: 0.2612479031085968
hit_1: 0.08894007922015901
hit_5: 0.26066803382307496
hit_10: 0.39587605697109307
hit_20: 0.5797679579739866
ap: 0.18635845184326172
no increase in recent 32 iters
#########################################################
################## epoch 68 ###########################
loss: 61.9622, len_train_loader:219
modified_target in every batch:0.0
modified_hist in every batch :0.0
########## current_metrics ##########
ndcg_1: 0.08604657695873248
ndcg_5: 0.16589440405368805
ndcg_10: 0.20378567278385162
ndcg_20: 0.2457408308982849
hit_1: 0.08604657695873248
hit_5: 0.24327892799955053
hit_10: 0.3612383065988707
hit_20: 0.5279658398179622
ap: 0.17896059155464172
########## best_metrics ##########
ndcg_1: 0.08894007922015901
ndcg_5: 0.17444898188114166
ndcg_10: 0.2164742350578308
ndcg_20: 0.2612479031085968
hit_1: 0.08894007922015901
hit_5: 0.26066803382307496
hit_10: 0.39587605697109307
hit_20: 0.5797679579739866
ap: 0.18635845184326172
no increase in recent 33 iters
#########################################################
################## epoch 69 ###########################
loss: 61.5849, len_train_loader:219
modified_target in every batch:0.0
modified_hist in every batch :0.0
########## current_metrics ##########
ndcg_1: 0.08739500519706717
ndcg_5: 0.1669643074274063
ndcg_10: 0.20421375334262848
ndcg_20: 0.2458273023366928
hit_1: 0.08739500519706717
hit_5: 0.24412169564850972
hit_10: 0.36017080091018905
hit_20: 0.525381352361154
ap: 0.17987199127674103
########## best_metrics ##########
ndcg_1: 0.08894007922015901
ndcg_5: 0.17444898188114166
ndcg_10: 0.2164742350578308
ndcg_20: 0.2612479031085968
hit_1: 0.08894007922015901
hit_5: 0.26066803382307496
hit_10: 0.39587605697109307
hit_20: 0.5797679579739866
ap: 0.18635845184326172
no increase in recent 34 iters
#########################################################
################## epoch 70 ###########################
loss: 60.664, len_train_loader:219
modified_target in every batch:0.0
modified_hist in every batch :0.0
########## current_metrics ##########
ndcg_1: 0.08702980588251819
ndcg_5: 0.1650601029396057
ndcg_10: 0.2029249370098114
ndcg_20: 0.2445400506258011
hit_1: 0.08702980588251819
hit_5: 0.2408910863274995
hit_10: 0.35882237267185435
hit_20: 0.5241172008877153
ap: 0.17869220674037933
########## best_metrics ##########
ndcg_1: 0.08894007922015901
ndcg_5: 0.17444898188114166
ndcg_10: 0.2164742350578308
ndcg_20: 0.2612479031085968
hit_1: 0.08894007922015901
hit_5: 0.26066803382307496
hit_10: 0.39587605697109307
hit_20: 0.5797679579739866
ap: 0.18635845184326172
no increase in recent 35 iters
#########################################################
################## epoch 71 ###########################
loss: 59.7949, len_train_loader:219
modified_target in every batch:0.0
modified_hist in every batch :0.0
########## current_metrics ##########
ndcg_1: 0.08669269882293451
ndcg_5: 0.1641337275505066
ndcg_10: 0.20213283598423004
ndcg_20: 0.2434729039669037
hit_1: 0.08669269882293451
hit_5: 0.2389527207348934
hit_10: 0.3572211141388319
hit_20: 0.521616990195803
ap: 0.17805121839046478
########## best_metrics ##########
ndcg_1: 0.08894007922015901
ndcg_5: 0.17444898188114166
ndcg_10: 0.2164742350578308
ndcg_20: 0.2612479031085968
hit_1: 0.08894007922015901
hit_5: 0.26066803382307496
hit_10: 0.39587605697109307
hit_20: 0.5797679579739866
ap: 0.18635845184326172
no increase in recent 36 iters
#########################################################
################## epoch 72 ###########################
loss: 59.7808, len_train_loader:219
modified_target in every batch:0.0
modified_hist in every batch :0.0
########## current_metrics ##########
ndcg_1: 0.08593420793887126
ndcg_5: 0.16447223722934723
ndcg_10: 0.20269007980823517
ndcg_20: 0.24392852187156677
hit_1: 0.08593420793887126
hit_5: 0.24035733348315869
hit_10: 0.3594965867910217
hit_20: 0.5234991712784786
ap: 0.17802521586418152
########## best_metrics ##########
ndcg_1: 0.08894007922015901
ndcg_5: 0.17444898188114166
ndcg_10: 0.2164742350578308
ndcg_20: 0.2612479031085968
hit_1: 0.08894007922015901
hit_5: 0.26066803382307496
hit_10: 0.39587605697109307
hit_20: 0.5797679579739866
ap: 0.18635845184326172
no increase in recent 37 iters
#########################################################
################## epoch 73 ###########################
loss: 59.6167, len_train_loader:219
modified_target in every batch:0.0
modified_hist in every batch :0.0
########## current_metrics ##########
ndcg_1: 0.08705789813748349
ndcg_5: 0.1657663881778717
ndcg_10: 0.20406761765480042
ndcg_20: 0.24452869594097137
hit_1: 0.08705789813748349
hit_5: 0.24195859201618114
hit_10: 0.36151922914852375
hit_20: 0.5222631120600051
ap: 0.17907904088497162
########## best_metrics ##########
ndcg_1: 0.08894007922015901
ndcg_5: 0.17444898188114166
ndcg_10: 0.2164742350578308
ndcg_20: 0.2612479031085968
hit_1: 0.08894007922015901
hit_5: 0.26066803382307496
hit_10: 0.39587605697109307
hit_20: 0.5797679579739866
ap: 0.18635845184326172
no increase in recent 38 iters
#########################################################
################## epoch 74 ###########################
loss: 59.5052, len_train_loader:219
modified_target in every batch:0.0
modified_hist in every batch :0.0
########## current_metrics ##########
ndcg_1: 0.08509144028991207
ndcg_5: 0.16456329822540283
ndcg_10: 0.20232520997524261
ndcg_20: 0.2432727813720703
hit_1: 0.08509144028991207
hit_5: 0.2413124701519791
hit_10: 0.35882237267185435
hit_20: 0.521616990195803
ap: 0.17767150700092316
########## best_metrics ##########
ndcg_1: 0.08894007922015901
ndcg_5: 0.17444898188114166
ndcg_10: 0.2164742350578308
ndcg_20: 0.2612479031085968
hit_1: 0.08894007922015901
hit_5: 0.26066803382307496
hit_10: 0.39587605697109307
hit_20: 0.5797679579739866
ap: 0.18635845184326172
no increase in recent 39 iters
#########################################################
################## epoch 75 ###########################
loss: 59.2021, len_train_loader:219
modified_target in every batch:0.0
modified_hist in every batch :0.0
########## current_metrics ##########
ndcg_1: 0.08554091636935697
ndcg_5: 0.1650932878255844
ndcg_10: 0.20286694169044495
ndcg_20: 0.24358640611171722
hit_1: 0.08554091636935697
hit_5: 0.24237997584066073
hit_10: 0.3600584318903278
hit_20: 0.5218136359805602
ap: 0.17798951268196106
########## best_metrics ##########
ndcg_1: 0.08894007922015901
ndcg_5: 0.17444898188114166
ndcg_10: 0.2164742350578308
ndcg_20: 0.2612479031085968
hit_1: 0.08894007922015901
hit_5: 0.26066803382307496
hit_10: 0.39587605697109307
hit_20: 0.5797679579739866
ap: 0.18635845184326172
no increase in recent 40 iters
#########################################################
################## epoch 76 ###########################
loss: 59.1456, len_train_loader:219
modified_target in every batch:0.0
modified_hist in every batch :0.0
########## current_metrics ##########
ndcg_1: 0.08537236283956513
ndcg_5: 0.16542690992355347
ndcg_10: 0.2029149830341339
ndcg_20: 0.24327658116817474
hit_1: 0.08537236283956513
hit_5: 0.24299800544989747
hit_10: 0.3598336938506054
hit_20: 0.5202685619574683
ap: 0.17803163826465607
########## best_metrics ##########
ndcg_1: 0.08894007922015901
ndcg_5: 0.17444898188114166
ndcg_10: 0.2164742350578308
ndcg_20: 0.2612479031085968
hit_1: 0.08894007922015901
hit_5: 0.26066803382307496
hit_10: 0.39587605697109307
hit_20: 0.5797679579739866
ap: 0.18635845184326172
early stop
#########################################################
