nohup: ignoring input
########## DataInfo ##########
reading seq.dat
numUser:35597
numItem:18358
########## config ##########
thread_num: 4
dataset: sports
eval_neg_num: 100
train_neg_num: 30
input_len: 5
rec_model: SASRec
train_type: train
save_epochs: [100, 200, 300, 400]
epoch_num: 500
learning_rate: 0.001
train_batch_size: 1024
test_batch_size: 256
drop_ratio: 0.1
decay_factor: 0.9
hidden_size: 50
num_hidden_layers: 1
num_attention_heads: 2
intermediate_size: 100
hidden_act: gelu
hidden_dropout_prob: 0.1
attention_probs_dropout_prob: 0.1
type_vocab_size: 1
initializer_range: 0.1
loss_type: pairwise_sample
weight_decay: 0.01
device: cuda
max_seq_len: 5
layer_size: 1
threshold: 1
noise_ratio: 0.05
candidate_num: 3
high_loss_drop: 0.05
weight_drop: 0.5
encoder_loss: False
user_num: 35597
item_num: 18358
generating train samples
train_size: 223289, time: 1.376807451248169
abandoned 0(0.0) samples
valid user num: 35597
valid item num: 18345
generating test samples
test_size: 35597, time: 24.970062017440796
abandoned 0(0.0) samples
------------SASREC ENCODER YES------------
============================================================
Start Training
============================================================
################## epoch 0 ###########################
loss: 1424.8801, len_train_loader:219
modified_target in every batch:0.0
modified_hist in every batch :0.0
########## current_metrics ##########
ndcg_1: 0.014916987386577521
ndcg_5: 0.038546666502952576
ndcg_10: 0.055725689977407455
ndcg_20: 0.08176296204328537
hit_1: 0.014916987386577521
hit_5: 0.06303902014214681
hit_10: 0.11661095036098548
hit_20: 0.22097367755709751
ap: 0.06005723401904106
########## best_metrics ##########
ndcg_1: 0.014916987386577521
ndcg_5: 0.038546666502952576
ndcg_10: 0.055725689977407455
ndcg_20: 0.08176296204328537
hit_1: 0.014916987386577521
hit_5: 0.06303902014214681
hit_10: 0.11661095036098548
hit_20: 0.22097367755709751
ap: 0.06005723401904106
no increase in recent 0 iters
#########################################################
################## epoch 1 ###########################
loss: 1418.2283, len_train_loader:219
modified_target in every batch:0.0
modified_hist in every batch :0.0
########## current_metrics ##########
ndcg_1: 0.01682726072421833
ndcg_5: 0.041031356900930405
ndcg_10: 0.05908770114183426
ndcg_20: 0.08382817357778549
hit_1: 0.01682726072421833
hit_5: 0.06618535269826109
hit_10: 0.12270696968845689
hit_20: 0.22153552265640364
ap: 0.06240467354655266
########## best_metrics ##########
ndcg_1: 0.01682726072421833
ndcg_5: 0.041031356900930405
ndcg_10: 0.05908770114183426
ndcg_20: 0.08382817357778549
hit_1: 0.01682726072421833
hit_5: 0.06618535269826109
hit_10: 0.12270696968845689
hit_20: 0.22153552265640364
ap: 0.06240467354655266
no increase in recent 0 iters
#########################################################
################## epoch 2 ###########################
loss: 1398.5629, len_train_loader:219
modified_target in every batch:0.0
modified_hist in every batch :0.0
########## current_metrics ##########
ndcg_1: 0.011405455515914263
ndcg_5: 0.032467518001794815
ndcg_10: 0.049514252692461014
ndcg_20: 0.07529789954423904
hit_1: 0.011405455515914263
hit_5: 0.05447088237772846
hit_10: 0.1079023513217406
hit_20: 0.21083237351462203
ap: 0.055052630603313446
########## best_metrics ##########
ndcg_1: 0.01682726072421833
ndcg_5: 0.041031356900930405
ndcg_10: 0.05908770114183426
ndcg_20: 0.08382817357778549
hit_1: 0.01682726072421833
hit_5: 0.06618535269826109
hit_10: 0.12270696968845689
hit_20: 0.22153552265640364
ap: 0.06240467354655266
no increase in recent 1 iters
#########################################################
################## epoch 3 ###########################
loss: 1309.7028, len_train_loader:219
modified_target in every batch:0.0
modified_hist in every batch :0.0
########## current_metrics ##########
ndcg_1: 0.018597072787032615
ndcg_5: 0.05101677030324936
ndcg_10: 0.07694617658853531
ndcg_20: 0.11776821315288544
hit_1: 0.018597072787032615
hit_5: 0.0856532853892182
hit_10: 0.16698036351377926
hit_20: 0.33053347192179117
ap: 0.07761041820049286
########## best_metrics ##########
ndcg_1: 0.018597072787032615
ndcg_5: 0.05101677030324936
ndcg_10: 0.07694617658853531
ndcg_20: 0.11776821315288544
hit_1: 0.018597072787032615
hit_5: 0.0856532853892182
hit_10: 0.16698036351377926
hit_20: 0.33053347192179117
ap: 0.07761041820049286
no increase in recent 0 iters
#########################################################
################## epoch 4 ###########################
loss: 1030.4775, len_train_loader:219
modified_target in every batch:0.0
modified_hist in every batch :0.0
########## current_metrics ##########
ndcg_1: 0.040930415484450935
ndcg_5: 0.09571850299835205
ndcg_10: 0.13196450471878052
ndcg_20: 0.1811472326517105
hit_1: 0.040930415484450935
hit_5: 0.15144534651796498
hit_10: 0.26476950304800967
hit_20: 0.4613871955501868
ap: 0.11976789683103561
########## best_metrics ##########
ndcg_1: 0.040930415484450935
ndcg_5: 0.09571850299835205
ndcg_10: 0.13196450471878052
ndcg_20: 0.1811472326517105
hit_1: 0.040930415484450935
hit_5: 0.15144534651796498
hit_10: 0.26476950304800967
hit_20: 0.4613871955501868
ap: 0.11976789683103561
no increase in recent 0 iters
#########################################################
################## epoch 5 ###########################
loss: 841.0705, len_train_loader:219
modified_target in every batch:0.0
modified_hist in every batch :0.0
########## current_metrics ##########
ndcg_1: 0.05160547237126724
ndcg_5: 0.1196301206946373
ndcg_10: 0.16122081875801086
ndcg_20: 0.21217986941337585
hit_1: 0.05160547237126724
hit_5: 0.18827429277748126
hit_10: 0.31789195718740343
hit_20: 0.5207180380369132
ap: 0.14076143503189087
########## best_metrics ##########
ndcg_1: 0.05160547237126724
ndcg_5: 0.1196301206946373
ndcg_10: 0.16122081875801086
ndcg_20: 0.21217986941337585
hit_1: 0.05160547237126724
hit_5: 0.18827429277748126
hit_10: 0.31789195718740343
hit_20: 0.5207180380369132
ap: 0.14076143503189087
no increase in recent 0 iters
#########################################################
################## epoch 6 ###########################
loss: 717.1525, len_train_loader:219
modified_target in every batch:0.0
modified_hist in every batch :0.0
########## current_metrics ##########
ndcg_1: 0.06202769896339579
ndcg_5: 0.13764581084251404
ndcg_10: 0.18144641816616058
ndcg_20: 0.23084276914596558
hit_1: 0.06202769896339579
hit_5: 0.21369778352108323
hit_10: 0.3505351574570891
hit_20: 0.5465348203500295
ap: 0.1560763269662857
########## best_metrics ##########
ndcg_1: 0.06202769896339579
ndcg_5: 0.13764581084251404
ndcg_10: 0.18144641816616058
ndcg_20: 0.23084276914596558
hit_1: 0.06202769896339579
hit_5: 0.21369778352108323
hit_10: 0.3505351574570891
hit_20: 0.5465348203500295
ap: 0.1560763269662857
no increase in recent 0 iters
#########################################################
################## epoch 7 ###########################
loss: 607.7692, len_train_loader:219
modified_target in every batch:0.0
modified_hist in every batch :0.0
########## current_metrics ##########
ndcg_1: 0.06969688456892435
ndcg_5: 0.15175819396972656
ndcg_10: 0.19768548011779785
ndcg_20: 0.24548207223415375
hit_1: 0.06969688456892435
hit_5: 0.23221057954321994
hit_10: 0.3752563418265584
hit_20: 0.5649633396072703
ap: 0.16847984492778778
########## best_metrics ##########
ndcg_1: 0.06969688456892435
ndcg_5: 0.15175819396972656
ndcg_10: 0.19768548011779785
ndcg_20: 0.24548207223415375
hit_1: 0.06969688456892435
hit_5: 0.23221057954321994
hit_10: 0.3752563418265584
hit_20: 0.5649633396072703
ap: 0.16847984492778778
no increase in recent 0 iters
#########################################################
################## epoch 8 ###########################
loss: 514.4593, len_train_loader:219
modified_target in every batch:0.0
modified_hist in every batch :0.0
########## current_metrics ##########
ndcg_1: 0.07525915105205495
ndcg_5: 0.15891921520233154
ndcg_10: 0.20339830219745636
ndcg_20: 0.2506368160247803
hit_1: 0.07525915105205495
hit_5: 0.24097536309239542
hit_10: 0.3795544568362502
hit_20: 0.5667893361800151
ap: 0.17428293824195862
########## best_metrics ##########
ndcg_1: 0.07525915105205495
ndcg_5: 0.15891921520233154
ndcg_10: 0.20339830219745636
ndcg_20: 0.2506368160247803
hit_1: 0.07525915105205495
hit_5: 0.24097536309239542
hit_10: 0.3795544568362502
hit_20: 0.5667893361800151
ap: 0.17428293824195862
no increase in recent 0 iters
#########################################################
################## epoch 9 ###########################
loss: 442.7808, len_train_loader:219
modified_target in every batch:0.0
modified_hist in every batch :0.0
########## current_metrics ##########
ndcg_1: 0.08127089361463044
ndcg_5: 0.16704322397708893
ndcg_10: 0.21093374490737915
ndcg_20: 0.2577805817127228
hit_1: 0.08127089361463044
hit_5: 0.25176278899907295
hit_10: 0.3884035171503217
hit_20: 0.5744023372756131
ap: 0.18096432089805603
########## best_metrics ##########
ndcg_1: 0.08127089361463044
ndcg_5: 0.16704322397708893
ndcg_10: 0.21093374490737915
ndcg_20: 0.2577805817127228
hit_1: 0.08127089361463044
hit_5: 0.25176278899907295
hit_10: 0.3884035171503217
hit_20: 0.5744023372756131
ap: 0.18096432089805603
no increase in recent 0 iters
#########################################################
################## epoch 10 ###########################
loss: 384.2237, len_train_loader:219
modified_target in every batch:25.8858
modified_hist in every batch :0.0
########## current_metrics ##########
ndcg_1: 0.08360255077675086
ndcg_5: 0.17003177106380463
ndcg_10: 0.21452555060386658
ndcg_20: 0.25992560386657715
hit_1: 0.08360255077675086
hit_5: 0.2546562912604995
hit_10: 0.393207292749389
hit_20: 0.5733629238418968
ap: 0.18380886316299438
########## best_metrics ##########
ndcg_1: 0.08360255077675086
ndcg_5: 0.17003177106380463
ndcg_10: 0.21452555060386658
ndcg_20: 0.25992560386657715
hit_1: 0.08360255077675086
hit_5: 0.2546562912604995
hit_10: 0.393207292749389
hit_20: 0.5744023372756131
ap: 0.18380886316299438
no increase in recent 0 iters
#########################################################
################## epoch 11 ###########################
loss: 342.4881, len_train_loader:219
modified_target in every batch:28.8721
modified_hist in every batch :0.0
########## current_metrics ##########
ndcg_1: 0.0861027614686631
ndcg_5: 0.17360903322696686
ndcg_10: 0.2174980789422989
ndcg_20: 0.26224836707115173
hit_1: 0.0861027614686631
hit_5: 0.2596005281343933
hit_10: 0.39621316403067675
hit_20: 0.5738685844312723
ap: 0.18649710714817047
########## best_metrics ##########
ndcg_1: 0.0861027614686631
ndcg_5: 0.17360903322696686
ndcg_10: 0.2174980789422989
ndcg_20: 0.26224836707115173
hit_1: 0.0861027614686631
hit_5: 0.2596005281343933
hit_10: 0.39621316403067675
hit_20: 0.5744023372756131
ap: 0.18649710714817047
no increase in recent 0 iters
#########################################################
################## epoch 12 ###########################
loss: 310.301, len_train_loader:219
modified_target in every batch:31.8584
modified_hist in every batch :0.0
########## current_metrics ##########
ndcg_1: 0.08806921931623451
ndcg_5: 0.17571792006492615
ndcg_10: 0.21876010298728943
ndcg_20: 0.2633553147315979
hit_1: 0.08806921931623451
hit_5: 0.2609208641177627
hit_10: 0.3947242745175155
hit_20: 0.5716212040340478
ap: 0.18842872977256775
########## best_metrics ##########
ndcg_1: 0.08806921931623451
ndcg_5: 0.17571792006492615
ndcg_10: 0.21876010298728943
ndcg_20: 0.2633553147315979
hit_1: 0.08806921931623451
hit_5: 0.2609208641177627
hit_10: 0.39621316403067675
hit_20: 0.5744023372756131
ap: 0.18842872977256775
no increase in recent 0 iters
#########################################################
################## epoch 13 ###########################
loss: 282.9685, len_train_loader:219
modified_target in every batch:34.8447
modified_hist in every batch :0.0
########## current_metrics ##########
ndcg_1: 0.09023232294856308
ndcg_5: 0.17805886268615723
ndcg_10: 0.2217055708169937
ndcg_20: 0.26592889428138733
hit_1: 0.09023232294856308
hit_5: 0.2636177205944321
hit_10: 0.39938758884175635
hit_20: 0.5750203668848498
ap: 0.19063502550125122
########## best_metrics ##########
ndcg_1: 0.09023232294856308
ndcg_5: 0.17805886268615723
ndcg_10: 0.2217055708169937
ndcg_20: 0.26592889428138733
hit_1: 0.09023232294856308
hit_5: 0.2636177205944321
hit_10: 0.39938758884175635
hit_20: 0.5750203668848498
ap: 0.19063502550125122
no increase in recent 0 iters
#########################################################
################## epoch 14 ###########################
loss: 262.0, len_train_loader:219
modified_target in every batch:36.8402
modified_hist in every batch :0.0
########## current_metrics ##########
ndcg_1: 0.08927718627974268
ndcg_5: 0.17690813541412354
ndcg_10: 0.21980397403240204
ndcg_20: 0.2637195289134979
hit_1: 0.08927718627974268
hit_5: 0.26249403039581987
hit_10: 0.39587605697109307
hit_20: 0.5703570525606091
ap: 0.18918582797050476
########## best_metrics ##########
ndcg_1: 0.09023232294856308
ndcg_5: 0.17805886268615723
ndcg_10: 0.2217055708169937
ndcg_20: 0.26592889428138733
hit_1: 0.09023232294856308
hit_5: 0.2636177205944321
hit_10: 0.39938758884175635
hit_20: 0.5750203668848498
ap: 0.19063502550125122
no increase in recent 1 iters
#########################################################
################## epoch 15 ###########################
loss: 244.6508, len_train_loader:219
modified_target in every batch:39.8265
modified_hist in every batch :0.0
########## current_metrics ##########
ndcg_1: 0.08969857010422226
ndcg_5: 0.1769595742225647
ndcg_10: 0.21880877017974854
ndcg_20: 0.2623729705810547
hit_1: 0.08969857010422226
hit_5: 0.2618479085316178
hit_10: 0.3920555102958114
hit_20: 0.5649914318622355
ap: 0.18903377652168274
########## best_metrics ##########
ndcg_1: 0.09023232294856308
ndcg_5: 0.17805886268615723
ndcg_10: 0.2217055708169937
ndcg_20: 0.26592889428138733
hit_1: 0.09023232294856308
hit_5: 0.2636177205944321
hit_10: 0.39938758884175635
hit_20: 0.5750203668848498
ap: 0.19063502550125122
no increase in recent 2 iters
#########################################################
################## epoch 16 ###########################
loss: 229.7088, len_train_loader:219
modified_target in every batch:42.8128
modified_hist in every batch :0.0
########## current_metrics ##########
ndcg_1: 0.09068179902800798
ndcg_5: 0.17843876779079437
ndcg_10: 0.2199241816997528
ndcg_20: 0.26370716094970703
hit_1: 0.09068179902800798
hit_5: 0.2635053515745709
hit_10: 0.39258926314015224
hit_20: 0.5665926903952581
ap: 0.19020551443099976
########## best_metrics ##########
ndcg_1: 0.09068179902800798
ndcg_5: 0.17843876779079437
ndcg_10: 0.2217055708169937
ndcg_20: 0.26592889428138733
hit_1: 0.09068179902800798
hit_5: 0.2636177205944321
hit_10: 0.39938758884175635
hit_20: 0.5750203668848498
ap: 0.19063502550125122
no increase in recent 0 iters
#########################################################
################## epoch 17 ###########################
loss: 217.7888, len_train_loader:219
modified_target in every batch:44.8037
modified_hist in every batch :0.0
########## current_metrics ##########
ndcg_1: 0.09315391746495491
ndcg_5: 0.18066976964473724
ndcg_10: 0.22246147692203522
ndcg_20: 0.26553788781166077
hit_1: 0.09315391746495491
hit_5: 0.26597747001151784
hit_10: 0.39581987246116246
hit_20: 0.567042166474703
ap: 0.19234035909175873
########## best_metrics ##########
ndcg_1: 0.09315391746495491
ndcg_5: 0.18066976964473724
ndcg_10: 0.22246147692203522
ndcg_20: 0.26592889428138733
hit_1: 0.09315391746495491
hit_5: 0.26597747001151784
hit_10: 0.39938758884175635
hit_20: 0.5750203668848498
ap: 0.19234035909175873
no increase in recent 0 iters
#########################################################
################## epoch 18 ###########################
loss: 207.2655, len_train_loader:219
modified_target in every batch:47.79
modified_hist in every batch :0.0
########## current_metrics ##########
ndcg_1: 0.09295727168019777
ndcg_5: 0.17895975708961487
ndcg_10: 0.22030708193778992
ndcg_20: 0.2628069818019867
hit_1: 0.09295727168019777
hit_5: 0.263055875495126
hit_10: 0.39163412647133183
hit_20: 0.5604966710677866
ap: 0.19082403182983398
########## best_metrics ##########
ndcg_1: 0.09315391746495491
ndcg_5: 0.18066976964473724
ndcg_10: 0.22246147692203522
ndcg_20: 0.26592889428138733
hit_1: 0.09315391746495491
hit_5: 0.26597747001151784
hit_10: 0.39938758884175635
hit_20: 0.5750203668848498
ap: 0.19234035909175873
no increase in recent 1 iters
#########################################################
################## epoch 19 ###########################
loss: 199.3372, len_train_loader:219
modified_target in every batch:50.7763
modified_hist in every batch :0.0
########## current_metrics ##########
ndcg_1: 0.09211450403123858
ndcg_5: 0.17778493463993073
ndcg_10: 0.21884362399578094
ndcg_20: 0.26174038648605347
hit_1: 0.09211450403123858
hit_5: 0.2612298789223811
hit_10: 0.38879680871983596
hit_20: 0.5590358738095907
ap: 0.18992164731025696
########## best_metrics ##########
ndcg_1: 0.09315391746495491
ndcg_5: 0.18066976964473724
ndcg_10: 0.22246147692203522
ndcg_20: 0.26592889428138733
hit_1: 0.09315391746495491
hit_5: 0.26597747001151784
hit_10: 0.39938758884175635
hit_20: 0.5750203668848498
ap: 0.19234035909175873
no increase in recent 2 iters
#########################################################
################## epoch 20 ###########################
loss: 199.2158, len_train_loader:219
modified_target in every batch:50.7763
modified_hist in every batch :462.1689
########## current_metrics ##########
ndcg_1: 0.09242351883585695
ndcg_5: 0.17973873019218445
ndcg_10: 0.22094637155532837
ndcg_20: 0.2630022168159485
hit_1: 0.09242351883585695
hit_5: 0.26471331853807906
hit_10: 0.3929544624547012
hit_20: 0.559794364693654
ap: 0.19115255773067474
########## best_metrics ##########
ndcg_1: 0.09315391746495491
ndcg_5: 0.18066976964473724
ndcg_10: 0.22246147692203522
ndcg_20: 0.26592889428138733
hit_1: 0.09315391746495491
hit_5: 0.26597747001151784
hit_10: 0.39938758884175635
hit_20: 0.5750203668848498
ap: 0.19234035909175873
no increase in recent 3 iters
#########################################################
################## epoch 21 ###########################
loss: 191.8778, len_train_loader:219
modified_target in every batch:50.7763
modified_hist in every batch :462.3151
########## current_metrics ##########
ndcg_1: 0.09323819422985083
ndcg_5: 0.1786656379699707
ndcg_10: 0.21996888518333435
ndcg_20: 0.26191726326942444
hit_1: 0.09323819422985083
hit_5: 0.26243784588588925
hit_10: 0.3909599123521645
hit_20: 0.5575469842964295
ap: 0.19053664803504944
########## best_metrics ##########
ndcg_1: 0.09323819422985083
ndcg_5: 0.18066976964473724
ndcg_10: 0.22246147692203522
ndcg_20: 0.26592889428138733
hit_1: 0.09323819422985083
hit_5: 0.26597747001151784
hit_10: 0.39938758884175635
hit_20: 0.5750203668848498
ap: 0.19234035909175873
no increase in recent 0 iters
#########################################################
################## epoch 22 ###########################
loss: 186.7093, len_train_loader:219
modified_target in every batch:50.7763
modified_hist in every batch :462.0548
########## current_metrics ##########
ndcg_1: 0.09214259628620389
ndcg_5: 0.17728455364704132
ndcg_10: 0.21775852143764496
ndcg_20: 0.25950300693511963
hit_1: 0.09214259628620389
hit_5: 0.2607242183330056
hit_10: 0.38649324381268085
hit_20: 0.5522375481079866
ap: 0.18898938596248627
########## best_metrics ##########
ndcg_1: 0.09323819422985083
ndcg_5: 0.18066976964473724
ndcg_10: 0.22246147692203522
ndcg_20: 0.26592889428138733
hit_1: 0.09323819422985083
hit_5: 0.26597747001151784
hit_10: 0.39938758884175635
hit_20: 0.5750203668848498
ap: 0.19234035909175873
no increase in recent 1 iters
#########################################################
################## epoch 23 ###########################
loss: 181.7995, len_train_loader:219
modified_target in every batch:50.7763
modified_hist in every batch :463.5114
########## current_metrics ##########
ndcg_1: 0.09242351883585695
ndcg_5: 0.1778474897146225
ndcg_10: 0.2187950313091278
ndcg_20: 0.26036491990089417
hit_1: 0.09242351883585695
hit_5: 0.260948956372728
hit_10: 0.38823496362052984
hit_20: 0.5531365002668764
ap: 0.18981187045574188
########## best_metrics ##########
ndcg_1: 0.09323819422985083
ndcg_5: 0.18066976964473724
ndcg_10: 0.22246147692203522
ndcg_20: 0.26592889428138733
hit_1: 0.09323819422985083
hit_5: 0.26597747001151784
hit_10: 0.39938758884175635
hit_20: 0.5750203668848498
ap: 0.19234035909175873
no increase in recent 2 iters
#########################################################
################## epoch 24 ###########################
loss: 176.9257, len_train_loader:219
modified_target in every batch:50.7763
modified_hist in every batch :462.3059
########## current_metrics ##########
ndcg_1: 0.09250779560075287
ndcg_5: 0.1782425194978714
ndcg_10: 0.21882817149162292
ndcg_20: 0.26101091504096985
hit_1: 0.09250779560075287
hit_5: 0.26151080147203415
hit_10: 0.3877293030311543
hit_20: 0.5550467736045173
ap: 0.19006823003292084
########## best_metrics ##########
ndcg_1: 0.09323819422985083
ndcg_5: 0.18066976964473724
ndcg_10: 0.22246147692203522
ndcg_20: 0.26592889428138733
hit_1: 0.09323819422985083
hit_5: 0.26597747001151784
hit_10: 0.39938758884175635
hit_20: 0.5750203668848498
ap: 0.19234035909175873
no increase in recent 3 iters
#########################################################
################## epoch 25 ###########################
loss: 172.883, len_train_loader:219
modified_target in every batch:50.7763
modified_hist in every batch :463.0594
########## current_metrics ##########
ndcg_1: 0.09278871815040593
ndcg_5: 0.17759211361408234
ndcg_10: 0.21777740120887756
ndcg_20: 0.2599903643131256
hit_1: 0.09278871815040593
hit_5: 0.2599938197039076
hit_10: 0.3848638930246931
hit_20: 0.5523218248728825
ap: 0.18959037959575653
########## best_metrics ##########
ndcg_1: 0.09323819422985083
ndcg_5: 0.18066976964473724
ndcg_10: 0.22246147692203522
ndcg_20: 0.26592889428138733
hit_1: 0.09323819422985083
hit_5: 0.26597747001151784
hit_10: 0.39938758884175635
hit_20: 0.5750203668848498
ap: 0.19234035909175873
no increase in recent 4 iters
#########################################################
################## epoch 26 ###########################
loss: 169.6687, len_train_loader:219
modified_target in every batch:50.7763
modified_hist in every batch :463.5936
########## current_metrics ##########
ndcg_1: 0.09360339354439981
ndcg_5: 0.17721934616565704
ndcg_10: 0.2171391397714615
ndcg_20: 0.2590121030807495
hit_1: 0.09360339354439981
hit_5: 0.2591229597999831
hit_10: 0.38320644998174
hit_20: 0.5492597690816642
ap: 0.1892692595720291
########## best_metrics ##########
ndcg_1: 0.09360339354439981
ndcg_5: 0.18066976964473724
ndcg_10: 0.22246147692203522
ndcg_20: 0.26592889428138733
hit_1: 0.09360339354439981
hit_5: 0.26597747001151784
hit_10: 0.39938758884175635
hit_20: 0.5750203668848498
ap: 0.19234035909175873
no increase in recent 0 iters
#########################################################
################## epoch 27 ###########################
loss: 166.4004, len_train_loader:219
modified_target in every batch:50.7763
modified_hist in every batch :460.9132
########## current_metrics ##########
ndcg_1: 0.09062561451807737
ndcg_5: 0.17444153130054474
ndcg_10: 0.21506734192371368
ndcg_20: 0.2562108635902405
hit_1: 0.09062561451807737
hit_5: 0.25575188920414643
hit_10: 0.38202657527319717
hit_20: 0.5453268533865213
ap: 0.18676955997943878
########## best_metrics ##########
ndcg_1: 0.09360339354439981
ndcg_5: 0.18066976964473724
ndcg_10: 0.22246147692203522
ndcg_20: 0.26592889428138733
hit_1: 0.09360339354439981
hit_5: 0.26597747001151784
hit_10: 0.39938758884175635
hit_20: 0.5750203668848498
ap: 0.19234035909175873
no increase in recent 1 iters
#########################################################
################## epoch 28 ###########################
loss: 163.3753, len_train_loader:219
modified_target in every batch:50.7763
modified_hist in every batch :463.8904
########## current_metrics ##########
ndcg_1: 0.0907660757929039
ndcg_5: 0.17517435550689697
ndcg_10: 0.2151785045862198
ndcg_20: 0.25645995140075684
hit_1: 0.0907660757929039
hit_5: 0.25715650195241174
hit_10: 0.38157709919375227
hit_20: 0.5455234991712785
ap: 0.18706251680850983
########## best_metrics ##########
ndcg_1: 0.09360339354439981
ndcg_5: 0.18066976964473724
ndcg_10: 0.22246147692203522
ndcg_20: 0.26592889428138733
hit_1: 0.09360339354439981
hit_5: 0.26597747001151784
hit_10: 0.39938758884175635
hit_20: 0.5750203668848498
ap: 0.19234035909175873
no increase in recent 2 iters
#########################################################
################## epoch 29 ###########################
loss: 157.3637, len_train_loader:219
modified_target in every batch:50.7763
modified_hist in every batch :461.589
########## current_metrics ##########
ndcg_1: 0.09014804618366716
ndcg_5: 0.175058975815773
ndcg_10: 0.21443818509578705
ndcg_20: 0.2561502456665039
hit_1: 0.09014804618366716
hit_5: 0.2574093322470995
hit_10: 0.3798915638958339
hit_20: 0.5453549456414867
ap: 0.18671078979969025
########## best_metrics ##########
ndcg_1: 0.09360339354439981
ndcg_5: 0.18066976964473724
ndcg_10: 0.22246147692203522
ndcg_20: 0.26592889428138733
hit_1: 0.09360339354439981
hit_5: 0.26597747001151784
hit_10: 0.39938758884175635
hit_20: 0.5750203668848498
ap: 0.19234035909175873
no increase in recent 3 iters
#########################################################
################## epoch 30 ###########################
loss: 154.6722, len_train_loader:219
modified_target in every batch:50.7763
modified_hist in every batch :463.2237
########## current_metrics ##########
ndcg_1: 0.09068179902800798
ndcg_5: 0.17402386665344238
ndcg_10: 0.21359537541866302
ndcg_20: 0.25490641593933105
hit_1: 0.09068179902800798
hit_5: 0.2547124757704301
hit_10: 0.3777565525184707
hit_20: 0.5418434137708233
ap: 0.18622861802577972
########## best_metrics ##########
ndcg_1: 0.09360339354439981
ndcg_5: 0.18066976964473724
ndcg_10: 0.22246147692203522
ndcg_20: 0.26592889428138733
hit_1: 0.09360339354439981
hit_5: 0.26597747001151784
hit_10: 0.39938758884175635
hit_20: 0.5750203668848498
ap: 0.19234035909175873
no increase in recent 4 iters
#########################################################
################## epoch 31 ###########################
loss: 153.7639, len_train_loader:219
modified_target in every batch:50.7763
modified_hist in every batch :461.5251
########## current_metrics ##########
ndcg_1: 0.0907941680478692
ndcg_5: 0.17458492517471313
ndcg_10: 0.21469874680042267
ndcg_20: 0.2558412551879883
hit_1: 0.0907941680478692
hit_5: 0.25535859763463215
hit_10: 0.38017248644548696
hit_20: 0.5436413180886029
ap: 0.1868555247783661
########## best_metrics ##########
ndcg_1: 0.09360339354439981
ndcg_5: 0.18066976964473724
ndcg_10: 0.22246147692203522
ndcg_20: 0.26592889428138733
hit_1: 0.09360339354439981
hit_5: 0.26597747001151784
hit_10: 0.39938758884175635
hit_20: 0.5750203668848498
ap: 0.19234035909175873
no increase in recent 5 iters
#########################################################
################## epoch 32 ###########################
loss: 150.9056, len_train_loader:219
modified_target in every batch:50.7763
modified_hist in every batch :462.863
########## current_metrics ##########
ndcg_1: 0.08955810882939573
ndcg_5: 0.17476202547550201
ndcg_10: 0.2141386866569519
ndcg_20: 0.2554464638233185
hit_1: 0.08955810882939573
hit_5: 0.2574093322470995
hit_10: 0.3799758406607298
hit_20: 0.5440907941680478
ap: 0.18615476787090302
########## best_metrics ##########
ndcg_1: 0.09360339354439981
ndcg_5: 0.18066976964473724
ndcg_10: 0.22246147692203522
ndcg_20: 0.26592889428138733
hit_1: 0.09360339354439981
hit_5: 0.26597747001151784
hit_10: 0.39938758884175635
hit_20: 0.5750203668848498
ap: 0.19234035909175873
no increase in recent 6 iters
#########################################################
################## epoch 33 ###########################
loss: 149.1988, len_train_loader:219
modified_target in every batch:50.7763
modified_hist in every batch :463.0
########## current_metrics ##########
ndcg_1: 0.09065370677304267
ndcg_5: 0.17529597878456116
ndcg_10: 0.21429432928562164
ndcg_20: 0.2551029622554779
hit_1: 0.09065370677304267
hit_5: 0.2574093322470995
hit_10: 0.3788802427170829
hit_20: 0.5409163693569683
ap: 0.18665510416030884
########## best_metrics ##########
ndcg_1: 0.09360339354439981
ndcg_5: 0.18066976964473724
ndcg_10: 0.22246147692203522
ndcg_20: 0.26592889428138733
hit_1: 0.09360339354439981
hit_5: 0.26597747001151784
hit_10: 0.39938758884175635
hit_20: 0.5750203668848498
ap: 0.19234035909175873
no increase in recent 7 iters
#########################################################
################## epoch 34 ###########################
loss: 147.7867, len_train_loader:219
modified_target in every batch:50.7763
modified_hist in every batch :461.863
########## current_metrics ##########
ndcg_1: 0.09062561451807737
ndcg_5: 0.17382371425628662
ndcg_10: 0.21370257437229156
ndcg_20: 0.2545434832572937
hit_1: 0.09062561451807737
hit_5: 0.25454392224063827
hit_10: 0.37862741242239517
hit_20: 0.5408320925920723
ap: 0.1860678344964981
########## best_metrics ##########
ndcg_1: 0.09360339354439981
ndcg_5: 0.18066976964473724
ndcg_10: 0.22246147692203522
ndcg_20: 0.26592889428138733
hit_1: 0.09360339354439981
hit_5: 0.26597747001151784
hit_10: 0.39938758884175635
hit_20: 0.5750203668848498
ap: 0.19234035909175873
no increase in recent 8 iters
#########################################################
################## epoch 35 ###########################
loss: 146.7604, len_train_loader:219
modified_target in every batch:50.7763
modified_hist in every batch :462.1918
########## current_metrics ##########
ndcg_1: 0.09037278422338961
ndcg_5: 0.1737135350704193
ndcg_10: 0.21291878819465637
ndcg_20: 0.25425535440444946
hit_1: 0.09037278422338961
hit_5: 0.2546843835154648
hit_10: 0.37674523133971966
hit_20: 0.5409163693569683
ap: 0.18569481372833252
########## best_metrics ##########
ndcg_1: 0.09360339354439981
ndcg_5: 0.18066976964473724
ndcg_10: 0.22246147692203522
ndcg_20: 0.26592889428138733
hit_1: 0.09360339354439981
hit_5: 0.26597747001151784
hit_10: 0.39938758884175635
hit_20: 0.5750203668848498
ap: 0.19234035909175873
no increase in recent 9 iters
#########################################################
################## epoch 36 ###########################
loss: 145.2047, len_train_loader:219
modified_target in every batch:50.7763
modified_hist in every batch :461.8813
########## current_metrics ##########
ndcg_1: 0.09155265893193247
ndcg_5: 0.17321975529193878
ndcg_10: 0.21291156113147736
ndcg_20: 0.25350695848464966
hit_1: 0.09155265893193247
hit_5: 0.252774110177824
hit_10: 0.37626766300530945
hit_20: 0.5377138522909234
ap: 0.18572074174880981
########## best_metrics ##########
ndcg_1: 0.09360339354439981
ndcg_5: 0.18066976964473724
ndcg_10: 0.22246147692203522
ndcg_20: 0.26592889428138733
hit_1: 0.09360339354439981
hit_5: 0.26597747001151784
hit_10: 0.39938758884175635
hit_20: 0.5750203668848498
ap: 0.19234035909175873
no increase in recent 10 iters
#########################################################
################## epoch 37 ###########################
loss: 143.8922, len_train_loader:219
modified_target in every batch:50.7763
modified_hist in every batch :463.21
########## current_metrics ##########
ndcg_1: 0.09135601314717533
ndcg_5: 0.17477694153785706
ndcg_10: 0.21492023766040802
ndcg_20: 0.2550775110721588
hit_1: 0.09135601314717533
hit_5: 0.2555552434193893
hit_10: 0.38062196252493186
hit_20: 0.540157878472905
ap: 0.18687568604946136
########## best_metrics ##########
ndcg_1: 0.09360339354439981
ndcg_5: 0.18066976964473724
ndcg_10: 0.22246147692203522
ndcg_20: 0.26592889428138733
hit_1: 0.09360339354439981
hit_5: 0.26597747001151784
hit_10: 0.39938758884175635
hit_20: 0.5750203668848498
ap: 0.19234035909175873
no increase in recent 11 iters
#########################################################
################## epoch 38 ###########################
loss: 142.2782, len_train_loader:219
modified_target in every batch:50.7763
modified_hist in every batch :463.6484
########## current_metrics ##########
ndcg_1: 0.09042896873332022
ndcg_5: 0.17252621054649353
ndcg_10: 0.21289852261543274
ndcg_20: 0.2536025047302246
hit_1: 0.09042896873332022
hit_5: 0.2511166671348709
hit_10: 0.37666095457482374
hit_20: 0.5381633283703683
ap: 0.18564671277999878
########## best_metrics ##########
ndcg_1: 0.09360339354439981
ndcg_5: 0.18066976964473724
ndcg_10: 0.22246147692203522
ndcg_20: 0.26592889428138733
hit_1: 0.09360339354439981
hit_5: 0.26597747001151784
hit_10: 0.39938758884175635
hit_20: 0.5750203668848498
ap: 0.19234035909175873
no increase in recent 12 iters
#########################################################
################## epoch 39 ###########################
loss: 141.9151, len_train_loader:219
modified_target in every batch:50.7763
modified_hist in every batch :462.4886
########## current_metrics ##########
ndcg_1: 0.08992330814394471
ndcg_5: 0.1728275716304779
ndcg_10: 0.21217398345470428
ndcg_20: 0.2526964843273163
hit_1: 0.08992330814394471
hit_5: 0.2532797707671995
hit_10: 0.37579009467089924
hit_20: 0.5365339775823805
ap: 0.18494577705860138
########## best_metrics ##########
ndcg_1: 0.09360339354439981
ndcg_5: 0.18066976964473724
ndcg_10: 0.22246147692203522
ndcg_20: 0.26592889428138733
hit_1: 0.09360339354439981
hit_5: 0.26597747001151784
hit_10: 0.39938758884175635
hit_20: 0.5750203668848498
ap: 0.19234035909175873
no increase in recent 13 iters
#########################################################
################## epoch 40 ###########################
loss: 137.26, len_train_loader:219
modified_target in every batch:50.7763
modified_hist in every batch :461.6347
########## current_metrics ##########
ndcg_1: 0.09056943000814675
ndcg_5: 0.17231731116771698
ndcg_10: 0.21177150309085846
ndcg_20: 0.2526926100254059
hit_1: 0.09056943000814675
hit_5: 0.25215608056858724
hit_10: 0.375031603786836
hit_20: 0.5375172065061663
ap: 0.1847565621137619
########## best_metrics ##########
ndcg_1: 0.09360339354439981
ndcg_5: 0.18066976964473724
ndcg_10: 0.22246147692203522
ndcg_20: 0.26592889428138733
hit_1: 0.09360339354439981
hit_5: 0.26597747001151784
hit_10: 0.39938758884175635
hit_20: 0.5750203668848498
ap: 0.19234035909175873
no increase in recent 14 iters
#########################################################
################## epoch 41 ###########################
loss: 135.8824, len_train_loader:219
modified_target in every batch:50.7763
modified_hist in every batch :462.8082
########## current_metrics ##########
ndcg_1: 0.09082226030283451
ndcg_5: 0.17318131029605865
ndcg_10: 0.21288277208805084
ndcg_20: 0.2537898123264313
hit_1: 0.09082226030283451
hit_5: 0.2528302946877546
hit_10: 0.3765204932999972
hit_20: 0.5388375424895356
ap: 0.18569526076316833
########## best_metrics ##########
ndcg_1: 0.09360339354439981
ndcg_5: 0.18066976964473724
ndcg_10: 0.22246147692203522
ndcg_20: 0.26592889428138733
hit_1: 0.09360339354439981
hit_5: 0.26597747001151784
hit_10: 0.39938758884175635
hit_20: 0.5750203668848498
ap: 0.19234035909175873
no increase in recent 15 iters
#########################################################
################## epoch 42 ###########################
loss: 134.1525, len_train_loader:219
modified_target in every batch:50.7763
modified_hist in every batch :462.6347
########## current_metrics ##########
ndcg_1: 0.09158075118689778
ndcg_5: 0.17369157075881958
ndcg_10: 0.2131861299276352
ndcg_20: 0.25417280197143555
hit_1: 0.09158075118689778
hit_5: 0.2537011545916791
hit_10: 0.37668904682978904
hit_20: 0.5393993875888418
ap: 0.1860431730747223
########## best_metrics ##########
ndcg_1: 0.09360339354439981
ndcg_5: 0.18066976964473724
ndcg_10: 0.22246147692203522
ndcg_20: 0.26592889428138733
hit_1: 0.09360339354439981
hit_5: 0.26597747001151784
hit_10: 0.39938758884175635
hit_20: 0.5750203668848498
ap: 0.19234035909175873
no increase in recent 16 iters
#########################################################
################## epoch 43 ###########################
loss: 133.2597, len_train_loader:219
modified_target in every batch:50.7763
modified_hist in every batch :462.7352
########## current_metrics ##########
ndcg_1: 0.08983903137904879
ndcg_5: 0.17265892028808594
ndcg_10: 0.21133100986480713
ndcg_20: 0.2521820664405823
hit_1: 0.08983903137904879
hit_5: 0.25271792566789336
hit_10: 0.37314942270416046
hit_20: 0.53510127257915
ap: 0.18472713232040405
########## best_metrics ##########
ndcg_1: 0.09360339354439981
ndcg_5: 0.18066976964473724
ndcg_10: 0.22246147692203522
ndcg_20: 0.26592889428138733
hit_1: 0.09360339354439981
hit_5: 0.26597747001151784
hit_10: 0.39938758884175635
hit_20: 0.5750203668848498
ap: 0.19234035909175873
no increase in recent 17 iters
#########################################################
################## epoch 44 ###########################
loss: 132.4627, len_train_loader:219
modified_target in every batch:50.7763
modified_hist in every batch :462.3607
########## current_metrics ##########
ndcg_1: 0.08969857010422226
ndcg_5: 0.17105720937252045
ndcg_10: 0.2106315791606903
ndcg_20: 0.2511340379714966
hit_1: 0.08969857010422226
hit_5: 0.2501053459561199
hit_10: 0.3733179762339523
hit_20: 0.5340618591454336
ap: 0.18373607099056244
########## best_metrics ##########
ndcg_1: 0.09360339354439981
ndcg_5: 0.18066976964473724
ndcg_10: 0.22246147692203522
ndcg_20: 0.26592889428138733
hit_1: 0.09360339354439981
hit_5: 0.26597747001151784
hit_10: 0.39938758884175635
hit_20: 0.5750203668848498
ap: 0.19234035909175873
no increase in recent 18 iters
#########################################################
################## epoch 45 ###########################
loss: 131.9406, len_train_loader:219
modified_target in every batch:50.7763
modified_hist in every batch :461.863
########## current_metrics ##########
ndcg_1: 0.08953001657443042
ndcg_5: 0.1714695543050766
ndcg_10: 0.2108006626367569
ndcg_20: 0.2513027489185333
hit_1: 0.08953001657443042
hit_5: 0.25170660448914234
hit_10: 0.3742450206478074
hit_20: 0.5349327190493581
ap: 0.1836382895708084
########## best_metrics ##########
ndcg_1: 0.09360339354439981
ndcg_5: 0.18066976964473724
ndcg_10: 0.22246147692203522
ndcg_20: 0.26592889428138733
hit_1: 0.09360339354439981
hit_5: 0.26597747001151784
hit_10: 0.39938758884175635
hit_20: 0.5750203668848498
ap: 0.19234035909175873
no increase in recent 19 iters
#########################################################
################## epoch 46 ###########################
loss: 132.0938, len_train_loader:219
modified_target in every batch:50.7763
modified_hist in every batch :461.4795
########## current_metrics ##########
ndcg_1: 0.09070989128297328
ndcg_5: 0.17261339724063873
ndcg_10: 0.2114659547805786
ndcg_20: 0.25186192989349365
hit_1: 0.09070989128297328
hit_5: 0.2524931876281709
hit_10: 0.373655083293536
hit_20: 0.5340337668904683
ap: 0.184662327170372
########## best_metrics ##########
ndcg_1: 0.09360339354439981
ndcg_5: 0.18066976964473724
ndcg_10: 0.22246147692203522
ndcg_20: 0.26592889428138733
hit_1: 0.09360339354439981
hit_5: 0.26597747001151784
hit_10: 0.39938758884175635
hit_20: 0.5750203668848498
ap: 0.19234035909175873
no increase in recent 20 iters
#########################################################
################## epoch 47 ###########################
loss: 131.552, len_train_loader:219
modified_target in every batch:50.7763
modified_hist in every batch :463.621
########## current_metrics ##########
ndcg_1: 0.09110318285248757
ndcg_5: 0.17306441068649292
ndcg_10: 0.21252712607383728
ndcg_20: 0.25321850180625916
hit_1: 0.09110318285248757
hit_5: 0.25257746439306683
hit_10: 0.37536871084641965
hit_20: 0.5369553614068602
ap: 0.18550628423690796
########## best_metrics ##########
ndcg_1: 0.09360339354439981
ndcg_5: 0.18066976964473724
ndcg_10: 0.22246147692203522
ndcg_20: 0.26592889428138733
hit_1: 0.09360339354439981
hit_5: 0.26597747001151784
hit_10: 0.39938758884175635
hit_20: 0.5750203668848498
ap: 0.19234035909175873
no increase in recent 21 iters
#########################################################
################## epoch 48 ###########################
loss: 129.558, len_train_loader:219
modified_target in every batch:50.7763
modified_hist in every batch :463.3288
########## current_metrics ##########
ndcg_1: 0.0894176475545692
ndcg_5: 0.17232444882392883
ndcg_10: 0.21090207993984222
ndcg_20: 0.2511453926563263
hit_1: 0.0894176475545692
hit_5: 0.2528022024327893
hit_10: 0.3727842233896115
hit_20: 0.5327134309070989
ap: 0.18404138088226318
########## best_metrics ##########
ndcg_1: 0.09360339354439981
ndcg_5: 0.18066976964473724
ndcg_10: 0.22246147692203522
ndcg_20: 0.26592889428138733
hit_1: 0.09360339354439981
hit_5: 0.26597747001151784
hit_10: 0.39938758884175635
hit_20: 0.5750203668848498
ap: 0.19234035909175873
no increase in recent 22 iters
#########################################################
################## epoch 49 ###########################
loss: 129.8446, len_train_loader:219
modified_target in every batch:50.7763
modified_hist in every batch :462.9178
########## current_metrics ##########
ndcg_1: 0.09000758490884063
ndcg_5: 0.171383798122406
ndcg_10: 0.20958027243614197
ndcg_20: 0.25086480379104614
hit_1: 0.09000758490884063
hit_5: 0.2506952833103913
hit_10: 0.369160322499087
hit_20: 0.5330224457117173
ap: 0.1836865097284317
########## best_metrics ##########
ndcg_1: 0.09360339354439981
ndcg_5: 0.18066976964473724
ndcg_10: 0.22246147692203522
ndcg_20: 0.26592889428138733
hit_1: 0.09360339354439981
hit_5: 0.26597747001151784
hit_10: 0.39938758884175635
hit_20: 0.5750203668848498
ap: 0.19234035909175873
no increase in recent 23 iters
#########################################################
################## epoch 50 ###########################
loss: 128.1663, len_train_loader:219
modified_target in every batch:50.7763
modified_hist in every batch :462.9452
########## current_metrics ##########
ndcg_1: 0.09011995392870185
ndcg_5: 0.17203333973884583
ndcg_10: 0.21092648804187775
ndcg_20: 0.25165480375289917
hit_1: 0.09011995392870185
hit_5: 0.25167851223417703
hit_10: 0.37261566985981964
hit_20: 0.5343146894401214
ap: 0.18431033194065094
########## best_metrics ##########
ndcg_1: 0.09360339354439981
ndcg_5: 0.18066976964473724
ndcg_10: 0.22246147692203522
ndcg_20: 0.26592889428138733
hit_1: 0.09360339354439981
hit_5: 0.26597747001151784
hit_10: 0.39938758884175635
hit_20: 0.5750203668848498
ap: 0.19234035909175873
no increase in recent 24 iters
#########################################################
################## epoch 51 ###########################
loss: 126.0621, len_train_loader:219
modified_target in every batch:50.7763
modified_hist in every batch :462.589
########## current_metrics ##########
ndcg_1: 0.09149647442200186
ndcg_5: 0.1723383516073227
ndcg_10: 0.21119756996631622
ndcg_20: 0.25165143609046936
hit_1: 0.09149647442200186
hit_5: 0.25131331291962805
hit_10: 0.37211000927044413
hit_20: 0.5327977076719949
ap: 0.18477323651313782
########## best_metrics ##########
ndcg_1: 0.09360339354439981
ndcg_5: 0.18066976964473724
ndcg_10: 0.22246147692203522
ndcg_20: 0.26592889428138733
hit_1: 0.09360339354439981
hit_5: 0.26597747001151784
hit_10: 0.39938758884175635
hit_20: 0.5750203668848498
ap: 0.19234035909175873
no increase in recent 25 iters
#########################################################
################## epoch 52 ###########################
loss: 124.1744, len_train_loader:219
modified_target in every batch:50.7763
modified_hist in every batch :462.2374
########## current_metrics ##########
ndcg_1: 0.08938955529960389
ndcg_5: 0.17082156240940094
ndcg_10: 0.21038895845413208
ndcg_20: 0.2507154643535614
hit_1: 0.08938955529960389
hit_5: 0.2495715931117791
hit_10: 0.37269994662471556
hit_20: 0.5329662612017867
ap: 0.1835186779499054
########## best_metrics ##########
ndcg_1: 0.09360339354439981
ndcg_5: 0.18066976964473724
ndcg_10: 0.22246147692203522
ndcg_20: 0.26592889428138733
hit_1: 0.09360339354439981
hit_5: 0.26597747001151784
hit_10: 0.39938758884175635
hit_20: 0.5750203668848498
ap: 0.19234035909175873
no increase in recent 26 iters
#########################################################
################## epoch 53 ###########################
loss: 123.7802, len_train_loader:219
modified_target in every batch:50.7763
modified_hist in every batch :462.21
########## current_metrics ##########
ndcg_1: 0.0903446919684243
ndcg_5: 0.17203330993652344
ndcg_10: 0.21105556190013885
ndcg_20: 0.2510021924972534
hit_1: 0.0903446919684243
hit_5: 0.25134140517459336
hit_10: 0.37267185436975026
hit_20: 0.5311121723740765
ap: 0.18436232209205627
########## best_metrics ##########
ndcg_1: 0.09360339354439981
ndcg_5: 0.18066976964473724
ndcg_10: 0.22246147692203522
ndcg_20: 0.26592889428138733
hit_1: 0.09360339354439981
hit_5: 0.26597747001151784
hit_10: 0.39938758884175635
hit_20: 0.5750203668848498
ap: 0.19234035909175873
no increase in recent 27 iters
#########################################################
################## epoch 54 ###########################
loss: 123.1588, len_train_loader:219
modified_target in every batch:50.7763
modified_hist in every batch :461.7854
########## current_metrics ##########
ndcg_1: 0.09003567716380594
ndcg_5: 0.1705852895975113
ndcg_10: 0.21028904616832733
ndcg_20: 0.2500375807285309
hit_1: 0.09003567716380594
hit_5: 0.2491783015422648
hit_10: 0.37264376211478495
hit_20: 0.5306907885495968
ap: 0.18331293761730194
########## best_metrics ##########
ndcg_1: 0.09360339354439981
ndcg_5: 0.18066976964473724
ndcg_10: 0.22246147692203522
ndcg_20: 0.26592889428138733
hit_1: 0.09360339354439981
hit_5: 0.26597747001151784
hit_10: 0.39938758884175635
hit_20: 0.5750203668848498
ap: 0.19234035909175873
no increase in recent 28 iters
#########################################################
################## epoch 55 ###########################
loss: 123.2208, len_train_loader:219
modified_target in every batch:50.7763
modified_hist in every batch :462.7032
########## current_metrics ##########
ndcg_1: 0.09026041520352839
ndcg_5: 0.1717778593301773
ndcg_10: 0.21092572808265686
ndcg_20: 0.2515360414981842
hit_1: 0.09026041520352839
hit_5: 0.25094811360507907
hit_10: 0.3725033008399584
hit_20: 0.533640475320954
ap: 0.1842714101076126
########## best_metrics ##########
ndcg_1: 0.09360339354439981
ndcg_5: 0.18066976964473724
ndcg_10: 0.22246147692203522
ndcg_20: 0.26592889428138733
hit_1: 0.09360339354439981
hit_5: 0.26597747001151784
hit_10: 0.39938758884175635
hit_20: 0.5750203668848498
ap: 0.19234035909175873
no increase in recent 29 iters
#########################################################
################## epoch 56 ###########################
loss: 121.8901, len_train_loader:219
modified_target in every batch:50.7763
modified_hist in every batch :462.4201
########## current_metrics ##########
ndcg_1: 0.08908054049498554
ndcg_5: 0.17166857421398163
ndcg_10: 0.2103351503610611
ndcg_20: 0.25124797224998474
hit_1: 0.08908054049498554
hit_5: 0.2519313425288648
hit_10: 0.37216619378037474
hit_20: 0.5345956119897745
ap: 0.18360134959220886
########## best_metrics ##########
ndcg_1: 0.09360339354439981
ndcg_5: 0.18066976964473724
ndcg_10: 0.22246147692203522
ndcg_20: 0.26592889428138733
hit_1: 0.09360339354439981
hit_5: 0.26597747001151784
hit_10: 0.39938758884175635
hit_20: 0.5750203668848498
ap: 0.19234035909175873
no increase in recent 30 iters
#########################################################
################## epoch 57 ###########################
loss: 122.0148, len_train_loader:219
modified_target in every batch:50.7763
modified_hist in every batch :462.4247
########## current_metrics ##########
ndcg_1: 0.08860297216057533
ndcg_5: 0.17037686705589294
ndcg_10: 0.2084941565990448
ndcg_20: 0.24967914819717407
hit_1: 0.08860297216057533
hit_5: 0.24945922409191787
hit_10: 0.36781189426075234
hit_20: 0.5312807259038683
ap: 0.18267469108104706
########## best_metrics ##########
ndcg_1: 0.09360339354439981
ndcg_5: 0.18066976964473724
ndcg_10: 0.22246147692203522
ndcg_20: 0.26592889428138733
hit_1: 0.09360339354439981
hit_5: 0.26597747001151784
hit_10: 0.39938758884175635
hit_20: 0.5750203668848498
ap: 0.19234035909175873
no increase in recent 31 iters
#########################################################
################## epoch 58 ###########################
loss: 121.6014, len_train_loader:219
modified_target in every batch:50.7763
modified_hist in every batch :463.7534
########## current_metrics ##########
ndcg_1: 0.0898671236340141
ndcg_5: 0.17195183038711548
ndcg_10: 0.21067912876605988
ndcg_20: 0.2511499226093292
hit_1: 0.0898671236340141
hit_5: 0.25128522066466275
hit_10: 0.37171671770092984
hit_20: 0.5322077703177234
ap: 0.1841651052236557
########## best_metrics ##########
ndcg_1: 0.09360339354439981
ndcg_5: 0.18066976964473724
ndcg_10: 0.22246147692203522
ndcg_20: 0.26592889428138733
hit_1: 0.09360339354439981
hit_5: 0.26597747001151784
hit_10: 0.39938758884175635
hit_20: 0.5750203668848498
ap: 0.19234035909175873
no increase in recent 32 iters
#########################################################
################## epoch 59 ###########################
loss: 121.336, len_train_loader:219
modified_target in every batch:50.7763
modified_hist in every batch :463.8128
########## current_metrics ##########
ndcg_1: 0.08877152569036717
ndcg_5: 0.1704414337873459
ndcg_10: 0.20918028056621552
ndcg_20: 0.24964062869548798
hit_1: 0.08877152569036717
hit_5: 0.24971205438660563
hit_10: 0.3701997359328033
hit_20: 0.5311683568840071
ap: 0.18260204792022705
########## best_metrics ##########
ndcg_1: 0.09360339354439981
ndcg_5: 0.18066976964473724
ndcg_10: 0.22246147692203522
ndcg_20: 0.26592889428138733
hit_1: 0.09360339354439981
hit_5: 0.26597747001151784
hit_10: 0.39938758884175635
hit_20: 0.5750203668848498
ap: 0.19234035909175873
no increase in recent 33 iters
#########################################################
################## epoch 60 ###########################
loss: 120.3428, len_train_loader:219
modified_target in every batch:50.7763
modified_hist in every batch :463.0776
########## current_metrics ##########
ndcg_1: 0.08953001657443042
ndcg_5: 0.17194323241710663
ndcg_10: 0.21092422306537628
ndcg_20: 0.250710129737854
hit_1: 0.08953001657443042
hit_5: 0.25212798831362193
hit_10: 0.3734022529988482
hit_20: 0.5313930949237295
ap: 0.18383577466011047
########## best_metrics ##########
ndcg_1: 0.09360339354439981
ndcg_5: 0.18066976964473724
ndcg_10: 0.22246147692203522
ndcg_20: 0.26592889428138733
hit_1: 0.09360339354439981
hit_5: 0.26597747001151784
hit_10: 0.39938758884175635
hit_20: 0.5750203668848498
ap: 0.19234035909175873
no increase in recent 34 iters
#########################################################
################## epoch 61 ###########################
loss: 119.7498, len_train_loader:219
modified_target in every batch:50.7763
modified_hist in every batch :461.9863
########## current_metrics ##########
ndcg_1: 0.09000758490884063
ndcg_5: 0.17197681963443756
ndcg_10: 0.21017667651176453
ndcg_20: 0.2505151927471161
hit_1: 0.09000758490884063
hit_5: 0.2518751580189342
hit_10: 0.3706211197572829
hit_20: 0.5308312498244234
ap: 0.18378698825836182
########## best_metrics ##########
ndcg_1: 0.09360339354439981
ndcg_5: 0.18066976964473724
ndcg_10: 0.22246147692203522
ndcg_20: 0.26592889428138733
hit_1: 0.09360339354439981
hit_5: 0.26597747001151784
hit_10: 0.39938758884175635
hit_20: 0.5750203668848498
ap: 0.19234035909175873
no increase in recent 35 iters
#########################################################
################## epoch 62 ###########################
loss: 117.9053, len_train_loader:219
modified_target in every batch:50.7763
modified_hist in every batch :461.7763
########## current_metrics ##########
ndcg_1: 0.08947383206449981
ndcg_5: 0.17076247930526733
ndcg_10: 0.20997752249240875
ndcg_20: 0.2493170201778412
hit_1: 0.08947383206449981
hit_5: 0.24931876281709134
hit_10: 0.37171671770092984
hit_20: 0.5281063010927887
ap: 0.18309633433818817
########## best_metrics ##########
ndcg_1: 0.09360339354439981
ndcg_5: 0.18066976964473724
ndcg_10: 0.22246147692203522
ndcg_20: 0.26592889428138733
hit_1: 0.09360339354439981
hit_5: 0.26597747001151784
hit_10: 0.39938758884175635
hit_20: 0.5750203668848498
ap: 0.19234035909175873
no increase in recent 36 iters
#########################################################
################## epoch 63 ###########################
loss: 116.9005, len_train_loader:219
modified_target in every batch:50.7763
modified_hist in every batch :462.1096
########## current_metrics ##########
ndcg_1: 0.09056943000814675
ndcg_5: 0.17150375247001648
ndcg_10: 0.21092568337917328
ndcg_20: 0.25040677189826965
hit_1: 0.09056943000814675
hit_5: 0.25002106919122397
hit_10: 0.37255948534988903
hit_20: 0.5294828215860887
ap: 0.1840687096118927
########## best_metrics ##########
ndcg_1: 0.09360339354439981
ndcg_5: 0.18066976964473724
ndcg_10: 0.22246147692203522
ndcg_20: 0.26592889428138733
hit_1: 0.09360339354439981
hit_5: 0.26597747001151784
hit_10: 0.39938758884175635
hit_20: 0.5750203668848498
ap: 0.19234035909175873
no increase in recent 37 iters
#########################################################
################## epoch 64 ###########################
loss: 116.5658, len_train_loader:219
modified_target in every batch:50.7763
modified_hist in every batch :462.4566
########## current_metrics ##########
ndcg_1: 0.08969857010422226
ndcg_5: 0.17095038294792175
ndcg_10: 0.2097659707069397
ndcg_20: 0.2495807260274887
hit_1: 0.08969857010422226
hit_5: 0.24931876281709134
hit_10: 0.36986262887321963
hit_20: 0.5278253785431356
ap: 0.1834680289030075
########## best_metrics ##########
ndcg_1: 0.09360339354439981
ndcg_5: 0.18066976964473724
ndcg_10: 0.22246147692203522
ndcg_20: 0.26592889428138733
hit_1: 0.09360339354439981
hit_5: 0.26597747001151784
hit_10: 0.39938758884175635
hit_20: 0.5750203668848498
ap: 0.19234035909175873
no increase in recent 38 iters
#########################################################
################## epoch 65 ###########################
loss: 115.9165, len_train_loader:219
modified_target in every batch:50.7763
modified_hist in every batch :462.6347
########## current_metrics ##########
ndcg_1: 0.08933337078967328
ndcg_5: 0.17089006304740906
ndcg_10: 0.20988664031028748
ndcg_20: 0.24993003904819489
hit_1: 0.08933337078967328
hit_5: 0.24948731634688318
hit_10: 0.3706492120122482
hit_20: 0.5297356518807764
ap: 0.1833924800157547
########## best_metrics ##########
ndcg_1: 0.09360339354439981
ndcg_5: 0.18066976964473724
ndcg_10: 0.22246147692203522
ndcg_20: 0.26592889428138733
hit_1: 0.09360339354439981
hit_5: 0.26597747001151784
hit_10: 0.39938758884175635
hit_20: 0.5750203668848498
ap: 0.19234035909175873
no increase in recent 39 iters
#########################################################
################## epoch 66 ###########################
loss: 115.6098, len_train_loader:219
modified_target in every batch:50.7763
modified_hist in every batch :463.7671
########## current_metrics ##########
ndcg_1: 0.09099081383262635
ndcg_5: 0.17185641825199127
ndcg_10: 0.21039415895938873
ndcg_20: 0.2506321966648102
hit_1: 0.09099081383262635
hit_5: 0.2505829142905301
hit_10: 0.3702840126976992
hit_20: 0.5300727589403601
ap: 0.184218630194664
########## best_metrics ##########
ndcg_1: 0.09360339354439981
ndcg_5: 0.18066976964473724
ndcg_10: 0.22246147692203522
ndcg_20: 0.26592889428138733
hit_1: 0.09360339354439981
hit_5: 0.26597747001151784
hit_10: 0.39938758884175635
hit_20: 0.5750203668848498
ap: 0.19234035909175873
no increase in recent 40 iters
#########################################################
################## epoch 67 ###########################
loss: 115.3126, len_train_loader:219
modified_target in every batch:50.7763
modified_hist in every batch :462.7945
########## current_metrics ##########
ndcg_1: 0.09068179902800798
ndcg_5: 0.17064253985881805
ndcg_10: 0.20920640230178833
ndcg_20: 0.24937911331653595
hit_1: 0.09068179902800798
hit_5: 0.24788605781386072
hit_10: 0.36750287945613397
hit_20: 0.5269826108941765
ap: 0.18352441489696503
########## best_metrics ##########
ndcg_1: 0.09360339354439981
ndcg_5: 0.18066976964473724
ndcg_10: 0.22246147692203522
ndcg_20: 0.26592889428138733
hit_1: 0.09360339354439981
hit_5: 0.26597747001151784
hit_10: 0.39938758884175635
hit_20: 0.5750203668848498
ap: 0.19234035909175873
early stop
#########################################################
