nohup: ignoring input
########## DataInfo ##########
reading seq.dat
numUser:149684
numItem:282221
########## config ##########
thread_num: 4
dataset: toys
eval_neg_num: 100
train_neg_num: 10
input_len: 5
rec_model: SASRec
train_type: train
save_epochs: [100, 200, 300, 400]
epoch_num: 500
learning_rate: 0.001
train_batch_size: 1024
test_batch_size: 256
drop_ratio: 0.1
decay_factor: 0.9
hidden_size: 50
num_hidden_layers: 1
num_attention_heads: 2
intermediate_size: 100
hidden_act: gelu
hidden_dropout_prob: 0.1
attention_probs_dropout_prob: 0.1
type_vocab_size: 1
initializer_range: 0.1
loss_type: pairwise_sample
weight_decay: 0.01
device: cuda
max_seq_len: 5
layer_size: 1
threshold: 1
noise_ratio: 0.05
candidate_num: 3
high_loss_drop: 0.05
weight_drop: 0.5
encoder_loss: False
user_num: 149684
item_num: 282221
generating train samples
train_size: 1421202, time: 7.599362850189209
abandoned 0(0.0) samples
valid user num: 149684
valid item num: 246775
generating test samples
test_size: 149684, time: 1107.839251756668
abandoned 0(0.0) samples
------------SASREC ENCODER YES------------
============================================================
Start Training
============================================================
################## epoch 0 ###########################
loss: 986.3193, len_train_loader:1388
modified_target in every batch:0.0
modified_hist in every batch :0.0
########## current_metrics ##########
ndcg_1: 0.0486825579220224
ndcg_5: 0.1106492206454277
ndcg_10: 0.14456233382225037
ndcg_20: 0.18944725394248962
hit_1: 0.0486825579220224
hit_5: 0.17287752866037787
hit_10: 0.27858688971433154
hit_20: 0.45777771839341547
ap: 0.13101619482040405
########## best_metrics ##########
ndcg_1: 0.0486825579220224
ndcg_5: 0.1106492206454277
ndcg_10: 0.14456233382225037
ndcg_20: 0.18944725394248962
hit_1: 0.0486825579220224
hit_5: 0.17287752866037787
hit_10: 0.27858688971433154
hit_20: 0.45777771839341547
ap: 0.13101619482040405
no increase in recent 0 iters
#########################################################
################## epoch 1 ###########################
loss: 506.818, len_train_loader:1388
modified_target in every batch:2.0
modified_hist in every batch :0.0
########## current_metrics ##########
ndcg_1: 0.076908687635285
ndcg_5: 0.15419480204582214
ndcg_10: 0.1913258284330368
ndcg_20: 0.23658405244350433
hit_1: 0.076908687635285
hit_5: 0.22949012586515594
hit_10: 0.3450736217631811
hit_20: 0.5258477860025119
ap: 0.17048433423042297
########## best_metrics ##########
ndcg_1: 0.076908687635285
ndcg_5: 0.15419480204582214
ndcg_10: 0.1913258284330368
ndcg_20: 0.23658405244350433
hit_1: 0.076908687635285
hit_5: 0.22949012586515594
hit_10: 0.3450736217631811
hit_20: 0.5258477860025119
ap: 0.17048433423042297
no increase in recent 0 iters
#########################################################
################## epoch 2 ###########################
loss: 337.501, len_train_loader:1388
modified_target in every batch:4.9993
modified_hist in every batch :0.0
########## current_metrics ##########
ndcg_1: 0.09656342695278053
ndcg_5: 0.17956744134426117
ndcg_10: 0.21697759628295898
ndcg_20: 0.2639789879322052
hit_1: 0.09656342695278053
hit_5: 0.25971379706581865
hit_10: 0.37590524037305256
hit_20: 0.5638277972261564
ap: 0.19401484727859497
########## best_metrics ##########
ndcg_1: 0.09656342695278053
ndcg_5: 0.17956744134426117
ndcg_10: 0.21697759628295898
ndcg_20: 0.2639789879322052
hit_1: 0.09656342695278053
hit_5: 0.25971379706581865
hit_10: 0.37590524037305256
hit_20: 0.5638277972261564
ap: 0.19401484727859497
no increase in recent 0 iters
#########################################################
################## epoch 3 ###########################
loss: 264.1031, len_train_loader:1388
modified_target in every batch:7.9993
modified_hist in every batch :0.0
########## current_metrics ##########
ndcg_1: 0.10736618476256647
ndcg_5: 0.1928407996892929
ndcg_10: 0.22975079715251923
ndcg_20: 0.2775460183620453
hit_1: 0.10736618476256647
hit_5: 0.27491916303679753
hit_10: 0.3897544159696427
hit_20: 0.5808035594986772
ap: 0.20619016885757446
########## best_metrics ##########
ndcg_1: 0.10736618476256647
ndcg_5: 0.1928407996892929
ndcg_10: 0.22975079715251923
ndcg_20: 0.2775460183620453
hit_1: 0.10736618476256647
hit_5: 0.27491916303679753
hit_10: 0.3897544159696427
hit_20: 0.5808035594986772
ap: 0.20619016885757446
no increase in recent 0 iters
#########################################################
################## epoch 4 ###########################
loss: 227.4581, len_train_loader:1388
modified_target in every batch:9.9993
modified_hist in every batch :0.0
########## current_metrics ##########
ndcg_1: 0.11361935811442772
ndcg_5: 0.19894523918628693
ndcg_10: 0.2353934496641159
ndcg_20: 0.2832508981227875
hit_1: 0.11361935811442772
hit_5: 0.28034392453435236
hit_10: 0.3937160952406403
hit_20: 0.5851393602522648
ap: 0.21214497089385986
########## best_metrics ##########
ndcg_1: 0.11361935811442772
ndcg_5: 0.19894523918628693
ndcg_10: 0.2353934496641159
ndcg_20: 0.2832508981227875
hit_1: 0.11361935811442772
hit_5: 0.28034392453435236
hit_10: 0.3937160952406403
hit_20: 0.5851393602522648
ap: 0.21214497089385986
no increase in recent 0 iters
#########################################################
################## epoch 5 ###########################
loss: 206.2224, len_train_loader:1388
modified_target in every batch:12.9993
modified_hist in every batch :0.0
########## current_metrics ##########
ndcg_1: 0.11705325886534299
ndcg_5: 0.20204044878482819
ndcg_10: 0.237495556473732
ndcg_20: 0.28582093119621277
hit_1: 0.11705325886534299
hit_5: 0.2831431549130168
hit_10: 0.39346222709173995
hit_20: 0.5868563106277224
ap: 0.21500656008720398
########## best_metrics ##########
ndcg_1: 0.11705325886534299
ndcg_5: 0.20204044878482819
ndcg_10: 0.237495556473732
ndcg_20: 0.28582093119621277
hit_1: 0.11705325886534299
hit_5: 0.2831431549130168
hit_10: 0.3937160952406403
hit_20: 0.5868563106277224
ap: 0.21500656008720398
no increase in recent 0 iters
#########################################################
################## epoch 6 ###########################
loss: 193.1176, len_train_loader:1388
modified_target in every batch:15.9986
modified_hist in every batch :0.0
########## current_metrics ##########
ndcg_1: 0.11889046257449026
ndcg_5: 0.2034478336572647
ndcg_10: 0.23957772552967072
ndcg_20: 0.28853896260261536
hit_1: 0.11889046257449026
hit_5: 0.2841051815825339
hit_10: 0.3965019641377836
hit_20: 0.5924948558296144
ap: 0.2168480008840561
########## best_metrics ##########
ndcg_1: 0.11889046257449026
ndcg_5: 0.2034478336572647
ndcg_10: 0.23957772552967072
ndcg_20: 0.28853896260261536
hit_1: 0.11889046257449026
hit_5: 0.2841051815825339
hit_10: 0.3965019641377836
hit_20: 0.5924948558296144
ap: 0.2168480008840561
no increase in recent 0 iters
#########################################################
################## epoch 7 ###########################
loss: 183.4232, len_train_loader:1388
modified_target in every batch:17.9986
modified_hist in every batch :0.0
########## current_metrics ##########
ndcg_1: 0.1208345581358061
ndcg_5: 0.20519587397575378
ndcg_10: 0.24038006365299225
ndcg_20: 0.28907039761543274
hit_1: 0.1208345581358061
hit_5: 0.2852409075118249
hit_10: 0.3948451404291708
hit_20: 0.5896889447101895
ap: 0.21834826469421387
########## best_metrics ##########
ndcg_1: 0.1208345581358061
ndcg_5: 0.20519587397575378
ndcg_10: 0.24038006365299225
ndcg_20: 0.28907039761543274
hit_1: 0.1208345581358061
hit_5: 0.2852409075118249
hit_10: 0.3965019641377836
hit_20: 0.5924948558296144
ap: 0.21834826469421387
no increase in recent 0 iters
#########################################################
################## epoch 8 ###########################
loss: 177.1074, len_train_loader:1388
modified_target in every batch:20.9986
modified_hist in every batch :0.0
########## current_metrics ##########
ndcg_1: 0.12265171962267177
ndcg_5: 0.20754899084568024
ndcg_10: 0.24238799512386322
ndcg_20: 0.290103554725647
hit_1: 0.12265171962267177
hit_5: 0.28814034900189733
hit_10: 0.3964886026562625
hit_20: 0.5875778306298602
ap: 0.22019144892692566
########## best_metrics ##########
ndcg_1: 0.12265171962267177
ndcg_5: 0.20754899084568024
ndcg_10: 0.24238799512386322
ndcg_20: 0.290103554725647
hit_1: 0.12265171962267177
hit_5: 0.28814034900189733
hit_10: 0.3965019641377836
hit_20: 0.5924948558296144
ap: 0.22019144892692566
no increase in recent 0 iters
#########################################################
################## epoch 9 ###########################
loss: 172.4858, len_train_loader:1388
modified_target in every batch:23.9978
modified_hist in every batch :0.0
########## current_metrics ##########
ndcg_1: 0.12364046925523102
ndcg_5: 0.20799216628074646
ndcg_10: 0.24220766127109528
ndcg_20: 0.29062244296073914
hit_1: 0.12364046925523102
hit_5: 0.288073541594292
hit_10: 0.39457123005798883
hit_20: 0.5884530076694904
ap: 0.22069743275642395
########## best_metrics ##########
ndcg_1: 0.12364046925523102
ndcg_5: 0.20799216628074646
ndcg_10: 0.24238799512386322
ndcg_20: 0.29062244296073914
hit_1: 0.12364046925523102
hit_5: 0.28814034900189733
hit_10: 0.3965019641377836
hit_20: 0.5924948558296144
ap: 0.22069743275642395
no increase in recent 0 iters
#########################################################
################## epoch 10 ###########################
loss: 168.6746, len_train_loader:1388
modified_target in every batch:25.9986
modified_hist in every batch :0.0
########## current_metrics ##########
ndcg_1: 0.12518372037091471
ndcg_5: 0.20855635404586792
ndcg_10: 0.24284043908119202
ndcg_20: 0.2902386486530304
hit_1: 0.12518372037091471
hit_5: 0.2872117260361829
hit_10: 0.3938697522781326
hit_20: 0.5836228320996232
ap: 0.22162044048309326
########## best_metrics ##########
ndcg_1: 0.12518372037091471
ndcg_5: 0.20855635404586792
ndcg_10: 0.24284043908119202
ndcg_20: 0.29062244296073914
hit_1: 0.12518372037091471
hit_5: 0.28814034900189733
hit_10: 0.3965019641377836
hit_20: 0.5924948558296144
ap: 0.22162044048309326
no increase in recent 0 iters
#########################################################
################## epoch 11 ###########################
loss: 166.0969, len_train_loader:1388
modified_target in every batch:28.9978
modified_hist in every batch :0.0
########## current_metrics ##########
ndcg_1: 0.12595868629913684
ndcg_5: 0.20927418768405914
ndcg_10: 0.2441163957118988
ndcg_20: 0.2932374179363251
hit_1: 0.12595868629913684
hit_5: 0.28812698752037624
hit_10: 0.3965554100638679
hit_20: 0.5932497795355549
ap: 0.22271402180194855
########## best_metrics ##########
ndcg_1: 0.12595868629913684
ndcg_5: 0.20927418768405914
ndcg_10: 0.2441163957118988
ndcg_20: 0.2932374179363251
hit_1: 0.12595868629913684
hit_5: 0.28814034900189733
hit_10: 0.3965554100638679
hit_20: 0.5932497795355549
ap: 0.22271402180194855
no increase in recent 0 iters
#########################################################
################## epoch 12 ###########################
loss: 164.1138, len_train_loader:1388
modified_target in every batch:31.9971
modified_hist in every batch :0.0
########## current_metrics ##########
ndcg_1: 0.12690067074637235
ndcg_5: 0.21016371250152588
ndcg_10: 0.24427391588687897
ndcg_20: 0.2915254831314087
hit_1: 0.12690067074637235
hit_5: 0.28931615937575156
hit_10: 0.3953862804307742
hit_20: 0.5846249432137035
ap: 0.2229539006948471
########## best_metrics ##########
ndcg_1: 0.12690067074637235
ndcg_5: 0.21016371250152588
ndcg_10: 0.24427391588687897
ndcg_20: 0.2932374179363251
hit_1: 0.12690067074637235
hit_5: 0.28931615937575156
hit_10: 0.3965554100638679
hit_20: 0.5932497795355549
ap: 0.2229539006948471
no increase in recent 0 iters
#########################################################
################## epoch 13 ###########################
loss: 161.9934, len_train_loader:1388
modified_target in every batch:34.9971
modified_hist in every batch :0.0
########## current_metrics ##########
ndcg_1: 0.12591860185457363
ndcg_5: 0.2093021124601364
ndcg_10: 0.24383865296840668
ndcg_20: 0.29141318798065186
hit_1: 0.12591860185457363
hit_5: 0.28789984233451804
hit_10: 0.3953996419122952
hit_20: 0.5861013869217819
ap: 0.22240783274173737
########## best_metrics ##########
ndcg_1: 0.12690067074637235
ndcg_5: 0.21016371250152588
ndcg_10: 0.24427391588687897
ndcg_20: 0.2932374179363251
hit_1: 0.12690067074637235
hit_5: 0.28931615937575156
hit_10: 0.3965554100638679
hit_20: 0.5932497795355549
ap: 0.2229539006948471
no increase in recent 1 iters
#########################################################
################## epoch 14 ###########################
loss: 160.8736, len_train_loader:1388
modified_target in every batch:36.9971
modified_hist in every batch :0.0
########## current_metrics ##########
ndcg_1: 0.1265532722268245
ndcg_5: 0.20999403297901154
ndcg_10: 0.24428044259548187
ndcg_20: 0.2922525405883789
hit_1: 0.1265532722268245
hit_5: 0.28914246011597766
hit_10: 0.3958940167285749
hit_20: 0.5881590550760268
ap: 0.22291642427444458
########## best_metrics ##########
ndcg_1: 0.12690067074637235
ndcg_5: 0.21016371250152588
ndcg_10: 0.24428044259548187
ndcg_20: 0.2932374179363251
hit_1: 0.12690067074637235
hit_5: 0.28931615937575156
hit_10: 0.3965554100638679
hit_20: 0.5932497795355549
ap: 0.2229539006948471
no increase in recent 0 iters
#########################################################
################## epoch 15 ###########################
loss: 158.8256, len_train_loader:1388
modified_target in every batch:39.9971
modified_hist in every batch :0.0
########## current_metrics ##########
ndcg_1: 0.1289249351968146
ndcg_5: 0.21248121559619904
ndcg_10: 0.24634228646755219
ndcg_20: 0.2934250831604004
hit_1: 0.1289249351968146
hit_5: 0.2913738275299965
hit_10: 0.39666230191603646
hit_20: 0.5853932284011651
ap: 0.2251659333705902
########## best_metrics ##########
ndcg_1: 0.1289249351968146
ndcg_5: 0.21248121559619904
ndcg_10: 0.24634228646755219
ndcg_20: 0.2934250831604004
hit_1: 0.1289249351968146
hit_5: 0.2913738275299965
hit_10: 0.39666230191603646
hit_20: 0.5932497795355549
ap: 0.2251659333705902
no increase in recent 0 iters
#########################################################
################## epoch 16 ###########################
loss: 157.9838, len_train_loader:1388
modified_target in every batch:42.9964
modified_hist in every batch :0.0
########## current_metrics ##########
ndcg_1: 0.12756206408166537
ndcg_5: 0.2113034874200821
ndcg_10: 0.24488329887390137
ndcg_20: 0.2907911539077759
hit_1: 0.12756206408166537
hit_5: 0.289770449747468
hit_10: 0.3942371930199621
hit_20: 0.5782648780096737
ap: 0.22382086515426636
########## best_metrics ##########
ndcg_1: 0.1289249351968146
ndcg_5: 0.21248121559619904
ndcg_10: 0.24634228646755219
ndcg_20: 0.2934250831604004
hit_1: 0.1289249351968146
hit_5: 0.2913738275299965
hit_10: 0.39666230191603646
hit_20: 0.5932497795355549
ap: 0.2251659333705902
no increase in recent 1 iters
#########################################################
################## epoch 17 ###########################
loss: 157.2868, len_train_loader:1388
modified_target in every batch:44.9964
modified_hist in every batch :0.0
########## current_metrics ##########
ndcg_1: 0.1298602389032896
ndcg_5: 0.21295851469039917
ndcg_10: 0.24682512879371643
ndcg_20: 0.2947482764720917
hit_1: 0.1298602389032896
hit_5: 0.2912535741963069
hit_10: 0.39672242858288126
hit_20: 0.5888137676705593
ap: 0.22596845030784607
########## best_metrics ##########
ndcg_1: 0.1298602389032896
ndcg_5: 0.21295851469039917
ndcg_10: 0.24682512879371643
ndcg_20: 0.2947482764720917
hit_1: 0.1298602389032896
hit_5: 0.2913738275299965
hit_10: 0.39672242858288126
hit_20: 0.5932497795355549
ap: 0.22596845030784607
no increase in recent 0 iters
#########################################################
################## epoch 18 ###########################
loss: 156.5059, len_train_loader:1388
modified_target in every batch:47.9964
modified_hist in every batch :0.0
########## current_metrics ##########
ndcg_1: 0.13094919964725688
ndcg_5: 0.2138206958770752
ndcg_10: 0.24759501218795776
ndcg_20: 0.2954182028770447
hit_1: 0.13094919964725688
hit_5: 0.2920819860506133
hit_10: 0.397143315250795
hit_20: 0.5888271291520804
ap: 0.22675999999046326
########## best_metrics ##########
ndcg_1: 0.13094919964725688
ndcg_5: 0.2138206958770752
ndcg_10: 0.24759501218795776
ndcg_20: 0.2954182028770447
hit_1: 0.13094919964725688
hit_5: 0.2920819860506133
hit_10: 0.397143315250795
hit_20: 0.5932497795355549
ap: 0.22675999999046326
no increase in recent 0 iters
#########################################################
################## epoch 19 ###########################
loss: 155.2671, len_train_loader:1388
modified_target in every batch:50.9957
modified_hist in every batch :0.0
########## current_metrics ##########
ndcg_1: 0.12838379519521126
ndcg_5: 0.21148739755153656
ndcg_10: 0.24541455507278442
ndcg_20: 0.29258033633232117
hit_1: 0.12838379519521126
hit_5: 0.28993746826648137
hit_10: 0.39551989524598485
hit_20: 0.5847117928435905
ap: 0.22435453534126282
########## best_metrics ##########
ndcg_1: 0.13094919964725688
ndcg_5: 0.2138206958770752
ndcg_10: 0.24759501218795776
ndcg_20: 0.2954182028770447
hit_1: 0.13094919964725688
hit_5: 0.2920819860506133
hit_10: 0.397143315250795
hit_20: 0.5932497795355549
ap: 0.22675999999046326
no increase in recent 1 iters
#########################################################
################## epoch 20 ###########################
loss: 159.5016, len_train_loader:1388
modified_target in every batch:50.9957
modified_hist in every batch :464.5699
########## current_metrics ##########
ndcg_1: 0.1323254322439272
ndcg_5: 0.21498960256576538
ndcg_10: 0.24840974807739258
ndcg_20: 0.2961815297603607
hit_1: 0.1323254322439272
hit_5: 0.29299724753480666
hit_10: 0.3970497848801475
hit_20: 0.5886400684107854
ap: 0.22784177958965302
########## best_metrics ##########
ndcg_1: 0.1323254322439272
ndcg_5: 0.21498960256576538
ndcg_10: 0.24840974807739258
ndcg_20: 0.2961815297603607
hit_1: 0.1323254322439272
hit_5: 0.29299724753480666
hit_10: 0.397143315250795
hit_20: 0.5932497795355549
ap: 0.22784177958965302
no increase in recent 0 iters
#########################################################
################## epoch 21 ###########################
loss: 156.9027, len_train_loader:1388
modified_target in every batch:50.9957
modified_hist in every batch :464.0094
########## current_metrics ##########
ndcg_1: 0.12973330482883944
ndcg_5: 0.21221385896205902
ndcg_10: 0.24519523978233337
ndcg_20: 0.2915341854095459
hit_1: 0.12973330482883944
hit_5: 0.28974372678442584
hit_10: 0.3923665856070121
hit_20: 0.57821811282435
ap: 0.22486913204193115
########## best_metrics ##########
ndcg_1: 0.1323254322439272
ndcg_5: 0.21498960256576538
ndcg_10: 0.24840974807739258
ndcg_20: 0.2961815297603607
hit_1: 0.1323254322439272
hit_5: 0.29299724753480666
hit_10: 0.397143315250795
hit_20: 0.5932497795355549
ap: 0.22784177958965302
no increase in recent 1 iters
#########################################################
################## epoch 22 ###########################
loss: 156.4591, len_train_loader:1388
modified_target in every batch:50.9957
modified_hist in every batch :464.518
########## current_metrics ##########
ndcg_1: 0.1298802811255712
ndcg_5: 0.21282416582107544
ndcg_10: 0.24621689319610596
ndcg_20: 0.29326945543289185
hit_1: 0.1298802811255712
hit_5: 0.29081264530611156
hit_10: 0.39477833302156545
hit_20: 0.5833556024692018
ap: 0.22556690871715546
########## best_metrics ##########
ndcg_1: 0.1323254322439272
ndcg_5: 0.21498960256576538
ndcg_10: 0.24840974807739258
ndcg_20: 0.2961815297603607
hit_1: 0.1323254322439272
hit_5: 0.29299724753480666
hit_10: 0.397143315250795
hit_20: 0.5932497795355549
ap: 0.22784177958965302
no increase in recent 2 iters
#########################################################
################## epoch 23 ###########################
loss: 155.9453, len_train_loader:1388
modified_target in every batch:50.9957
modified_hist in every batch :464.1859
########## current_metrics ##########
ndcg_1: 0.13125651372224154
ndcg_5: 0.2130352258682251
ndcg_10: 0.2459535002708435
ndcg_20: 0.2924814820289612
hit_1: 0.13125651372224154
hit_5: 0.2901579327115791
hit_10: 0.39256032708906763
hit_20: 0.5791667780123461
ap: 0.22583328187465668
########## best_metrics ##########
ndcg_1: 0.1323254322439272
ndcg_5: 0.21498960256576538
ndcg_10: 0.24840974807739258
ndcg_20: 0.2961815297603607
hit_1: 0.1323254322439272
hit_5: 0.29299724753480666
hit_10: 0.397143315250795
hit_20: 0.5932497795355549
ap: 0.22784177958965302
no increase in recent 3 iters
#########################################################
################## epoch 24 ###########################
loss: 154.6042, len_train_loader:1388
modified_target in every batch:50.9957
modified_hist in every batch :463.6448
########## current_metrics ##########
ndcg_1: 0.13125651372224154
ndcg_5: 0.21308621764183044
ndcg_10: 0.24603678286075592
ndcg_20: 0.29332056641578674
hit_1: 0.13125651372224154
hit_5: 0.28992410678496033
hit_10: 0.39246679671842016
hit_20: 0.5819994120948131
ap: 0.22609049081802368
########## best_metrics ##########
ndcg_1: 0.1323254322439272
ndcg_5: 0.21498960256576538
ndcg_10: 0.24840974807739258
ndcg_20: 0.2961815297603607
hit_1: 0.1323254322439272
hit_5: 0.29299724753480666
hit_10: 0.397143315250795
hit_20: 0.5932497795355549
ap: 0.22784177958965302
no increase in recent 4 iters
#########################################################
################## epoch 25 ###########################
loss: 153.7749, len_train_loader:1388
modified_target in every batch:50.9957
modified_hist in every batch :463.9568
########## current_metrics ##########
ndcg_1: 0.13267283076347505
ndcg_5: 0.2145843654870987
ndcg_10: 0.24712513387203217
ndcg_20: 0.29342395067214966
hit_1: 0.13267283076347505
hit_5: 0.2917613104941076
hit_10: 0.39300793672002354
hit_20: 0.5786523609737848
ap: 0.2271677851676941
########## best_metrics ##########
ndcg_1: 0.13267283076347505
ndcg_5: 0.21498960256576538
ndcg_10: 0.24840974807739258
ndcg_20: 0.2961815297603607
hit_1: 0.13267283076347505
hit_5: 0.29299724753480666
hit_10: 0.397143315250795
hit_20: 0.5932497795355549
ap: 0.22784177958965302
no increase in recent 0 iters
#########################################################
################## epoch 26 ###########################
loss: 153.6614, len_train_loader:1388
modified_target in every batch:50.9957
modified_hist in every batch :464.1066
########## current_metrics ##########
ndcg_1: 0.13116298335159401
ndcg_5: 0.21353866159915924
ndcg_10: 0.2468641698360443
ndcg_20: 0.29519903659820557
hit_1: 0.13116298335159401
hit_5: 0.29095962160284333
hit_10: 0.39466476042863635
hit_20: 0.588559899521659
ap: 0.22667154669761658
########## best_metrics ##########
ndcg_1: 0.13267283076347505
ndcg_5: 0.21498960256576538
ndcg_10: 0.24840974807739258
ndcg_20: 0.2961815297603607
hit_1: 0.13267283076347505
hit_5: 0.29299724753480666
hit_10: 0.397143315250795
hit_20: 0.5932497795355549
ap: 0.22784177958965302
no increase in recent 1 iters
#########################################################
################## epoch 27 ###########################
loss: 152.4997, len_train_loader:1388
modified_target in every batch:50.9957
modified_hist in every batch :464.389
########## current_metrics ##########
ndcg_1: 0.1299537692739371
ndcg_5: 0.21201510727405548
ndcg_10: 0.24504734575748444
ndcg_20: 0.2917027473449707
hit_1: 0.1299537692739371
hit_5: 0.2893762860425964
hit_10: 0.3921928863472382
hit_20: 0.5793070735683172
ap: 0.22477802634239197
########## best_metrics ##########
ndcg_1: 0.13267283076347505
ndcg_5: 0.21498960256576538
ndcg_10: 0.24840974807739258
ndcg_20: 0.2961815297603607
hit_1: 0.13267283076347505
hit_5: 0.29299724753480666
hit_10: 0.397143315250795
hit_20: 0.5932497795355549
ap: 0.22784177958965302
no increase in recent 2 iters
#########################################################
################## epoch 28 ###########################
loss: 152.0656, len_train_loader:1388
modified_target in every batch:50.9957
modified_hist in every batch :464.5584
########## current_metrics ##########
ndcg_1: 0.13128323668528366
ndcg_5: 0.21285486221313477
ndcg_10: 0.24596887826919556
ndcg_20: 0.2935742139816284
hit_1: 0.13128323668528366
hit_5: 0.2896034312284546
hit_10: 0.392814195237968
hit_20: 0.5835560246920178
ap: 0.2260003685951233
########## best_metrics ##########
ndcg_1: 0.13267283076347505
ndcg_5: 0.21498960256576538
ndcg_10: 0.24840974807739258
ndcg_20: 0.2961815297603607
hit_1: 0.13267283076347505
hit_5: 0.29299724753480666
hit_10: 0.397143315250795
hit_20: 0.5932497795355549
ap: 0.22784177958965302
no increase in recent 3 iters
#########################################################
################## epoch 29 ###########################
loss: 151.5743, len_train_loader:1388
modified_target in every batch:50.9957
modified_hist in every batch :463.7284
########## current_metrics ##########
ndcg_1: 0.13062184334999064
ndcg_5: 0.21268518269062042
ndcg_10: 0.24593959748744965
ndcg_20: 0.2927241623401642
hit_1: 0.13062184334999064
hit_5: 0.28951658159856763
hit_10: 0.3931415515352342
hit_20: 0.5807033483872692
ap: 0.22571761906147003
########## best_metrics ##########
ndcg_1: 0.13267283076347505
ndcg_5: 0.21498960256576538
ndcg_10: 0.24840974807739258
ndcg_20: 0.2961815297603607
hit_1: 0.13267283076347505
hit_5: 0.29299724753480666
hit_10: 0.397143315250795
hit_20: 0.5932497795355549
ap: 0.22784177958965302
no increase in recent 4 iters
#########################################################
################## epoch 30 ###########################
loss: 150.7821, len_train_loader:1388
modified_target in every batch:50.9957
modified_hist in every batch :464.5468
########## current_metrics ##########
ndcg_1: 0.13164399668635257
ndcg_5: 0.21289798617362976
ndcg_10: 0.24628889560699463
ndcg_20: 0.294283390045166
hit_1: 0.13164399668635257
hit_5: 0.28931615937575156
hit_10: 0.39328184709120545
hit_20: 0.5856270543277838
ap: 0.22633957862854004
########## best_metrics ##########
ndcg_1: 0.13267283076347505
ndcg_5: 0.21498960256576538
ndcg_10: 0.24840974807739258
ndcg_20: 0.2961815297603607
hit_1: 0.13267283076347505
hit_5: 0.29299724753480666
hit_10: 0.397143315250795
hit_20: 0.5932497795355549
ap: 0.22784177958965302
no increase in recent 5 iters
#########################################################
################## epoch 31 ###########################
loss: 150.9158, len_train_loader:1388
modified_target in every batch:50.9957
modified_hist in every batch :465.1218
########## current_metrics ##########
ndcg_1: 0.13165067742711312
ndcg_5: 0.2137089967727661
ndcg_10: 0.2469121813774109
ndcg_20: 0.293976753950119
hit_1: 0.13165067742711312
hit_5: 0.29057213863873227
hit_10: 0.39392987894497744
hit_20: 0.5826207209855429
ap: 0.22678963840007782
########## best_metrics ##########
ndcg_1: 0.13267283076347505
ndcg_5: 0.21498960256576538
ndcg_10: 0.24840974807739258
ndcg_20: 0.2961815297603607
hit_1: 0.13267283076347505
hit_5: 0.29299724753480666
hit_10: 0.397143315250795
hit_20: 0.5932497795355549
ap: 0.22784177958965302
no increase in recent 6 iters
#########################################################
################## epoch 32 ###########################
loss: 141.0979, len_train_loader:1388
modified_target in every batch:50.9957
modified_hist in every batch :464.4762
########## current_metrics ##########
ndcg_1: 0.13384196039656876
ndcg_5: 0.21589340269565582
ndcg_10: 0.24875383079051971
ndcg_20: 0.2959468364715576
hit_1: 0.13384196039656876
hit_5: 0.2929237593864408
hit_10: 0.3952793885786056
hit_20: 0.5844044787686059
ap: 0.22875866293907166
########## best_metrics ##########
ndcg_1: 0.13384196039656876
ndcg_5: 0.21589340269565582
ndcg_10: 0.24875383079051971
ndcg_20: 0.2961815297603607
hit_1: 0.13384196039656876
hit_5: 0.29299724753480666
hit_10: 0.397143315250795
hit_20: 0.5932497795355549
ap: 0.22875866293907166
no increase in recent 0 iters
#########################################################
################## epoch 33 ###########################
loss: 138.992, len_train_loader:1388
modified_target in every batch:50.9957
modified_hist in every batch :464.2205
########## current_metrics ##########
ndcg_1: 0.1334945618770209
ndcg_5: 0.21521352231502533
ndcg_10: 0.2483413964509964
ndcg_20: 0.29693135619163513
hit_1: 0.1334945618770209
hit_5: 0.2919149675315999
hit_10: 0.3950589241335079
hit_20: 0.5899294513775687
ap: 0.2285355031490326
########## best_metrics ##########
ndcg_1: 0.13384196039656876
ndcg_5: 0.21589340269565582
ndcg_10: 0.24875383079051971
ndcg_20: 0.29693135619163513
hit_1: 0.13384196039656876
hit_5: 0.29299724753480666
hit_10: 0.397143315250795
hit_20: 0.5932497795355549
ap: 0.22875866293907166
no increase in recent 0 iters
#########################################################
################## epoch 34 ###########################
loss: 141.9016, len_train_loader:1388
modified_target in every batch:50.9957
modified_hist in every batch :463.7687
########## current_metrics ##########
ndcg_1: 0.13481734854760696
ndcg_5: 0.21664437651634216
ndcg_10: 0.2494703084230423
ndcg_20: 0.29816049337387085
hit_1: 0.13481734854760696
hit_5: 0.2933980919804388
hit_10: 0.39559338339435074
hit_20: 0.5908046284171989
ap: 0.2298307865858078
########## best_metrics ##########
ndcg_1: 0.13481734854760696
ndcg_5: 0.21664437651634216
ndcg_10: 0.2494703084230423
ndcg_20: 0.29816049337387085
hit_1: 0.13481734854760696
hit_5: 0.2933980919804388
hit_10: 0.397143315250795
hit_20: 0.5932497795355549
ap: 0.2298307865858078
no increase in recent 0 iters
#########################################################
################## epoch 35 ###########################
loss: 142.0859, len_train_loader:1388
modified_target in every batch:50.9957
modified_hist in every batch :464.5159
########## current_metrics ##########
ndcg_1: 0.13286657224553058
ndcg_5: 0.21517975628376007
ndcg_10: 0.2483847737312317
ndcg_20: 0.29619845747947693
hit_1: 0.13286657224553058
hit_5: 0.2924227038294006
hit_10: 0.3958672937655327
hit_20: 0.5877782528526763
ap: 0.22815442085266113
########## best_metrics ##########
ndcg_1: 0.13481734854760696
ndcg_5: 0.21664437651634216
ndcg_10: 0.2494703084230423
ndcg_20: 0.29816049337387085
hit_1: 0.13481734854760696
hit_5: 0.2933980919804388
hit_10: 0.397143315250795
hit_20: 0.5932497795355549
ap: 0.2298307865858078
no increase in recent 1 iters
#########################################################
################## epoch 36 ###########################
loss: 141.1438, len_train_loader:1388
modified_target in every batch:50.9957
modified_hist in every batch :464.6052
########## current_metrics ##########
ndcg_1: 0.1348841559552123
ndcg_5: 0.2157391905784607
ndcg_10: 0.24910885095596313
ndcg_20: 0.2978133261203766
hit_1: 0.1348841559552123
hit_5: 0.29179471419791025
hit_10: 0.3957069559872799
hit_20: 0.5911386654552256
ap: 0.22941118478775024
########## best_metrics ##########
ndcg_1: 0.1348841559552123
ndcg_5: 0.21664437651634216
ndcg_10: 0.2494703084230423
ndcg_20: 0.29816049337387085
hit_1: 0.1348841559552123
hit_5: 0.2933980919804388
hit_10: 0.397143315250795
hit_20: 0.5932497795355549
ap: 0.2298307865858078
no increase in recent 0 iters
#########################################################
################## epoch 37 ###########################
loss: 140.6003, len_train_loader:1388
modified_target in every batch:50.9957
modified_hist in every batch :464.5043
########## current_metrics ##########
ndcg_1: 0.13374174928516075
ndcg_5: 0.21526722609996796
ndcg_10: 0.24837148189544678
ndcg_20: 0.2970797121524811
hit_1: 0.13374174928516075
hit_5: 0.29197509419844475
hit_10: 0.3950990085780711
hit_20: 0.5903636995270035
ap: 0.22864960134029388
########## best_metrics ##########
ndcg_1: 0.1348841559552123
ndcg_5: 0.21664437651634216
ndcg_10: 0.2494703084230423
ndcg_20: 0.29816049337387085
hit_1: 0.1348841559552123
hit_5: 0.2933980919804388
hit_10: 0.397143315250795
hit_20: 0.5932497795355549
ap: 0.2298307865858078
no increase in recent 1 iters
#########################################################
################## epoch 38 ###########################
loss: 140.725, len_train_loader:1388
modified_target in every batch:50.9957
modified_hist in every batch :464.6182
########## current_metrics ##########
ndcg_1: 0.13466369151011465
ndcg_5: 0.2157977819442749
ndcg_10: 0.24912132322788239
ndcg_20: 0.2974918782711029
hit_1: 0.13466369151011465
hit_5: 0.29193500975388154
hit_10: 0.39578712487640627
hit_20: 0.58969562545095
ap: 0.22933807969093323
########## best_metrics ##########
ndcg_1: 0.1348841559552123
ndcg_5: 0.21664437651634216
ndcg_10: 0.2494703084230423
ndcg_20: 0.29816049337387085
hit_1: 0.1348841559552123
hit_5: 0.2933980919804388
hit_10: 0.397143315250795
hit_20: 0.5932497795355549
ap: 0.2298307865858078
no increase in recent 2 iters
#########################################################
################## epoch 39 ###########################
loss: 140.5322, len_train_loader:1388
modified_target in every batch:50.9957
modified_hist in every batch :463.5735
########## current_metrics ##########
ndcg_1: 0.13394885224873734
ndcg_5: 0.21567769348621368
ndcg_10: 0.24890655279159546
ndcg_20: 0.29831093549728394
hit_1: 0.13394885224873734
hit_5: 0.2925563186446113
hit_10: 0.3960944389513909
hit_20: 0.594124956575185
ap: 0.22909243404865265
########## best_metrics ##########
ndcg_1: 0.1348841559552123
ndcg_5: 0.21664437651634216
ndcg_10: 0.2494703084230423
ndcg_20: 0.29831093549728394
hit_1: 0.1348841559552123
hit_5: 0.2933980919804388
hit_10: 0.397143315250795
hit_20: 0.594124956575185
ap: 0.2298307865858078
no increase in recent 0 iters
#########################################################
################## epoch 40 ###########################
loss: 140.5312, len_train_loader:1388
modified_target in every batch:50.9957
modified_hist in every batch :464.7205
########## current_metrics ##########
ndcg_1: 0.135017770770423
ndcg_5: 0.21628034114837646
ndcg_10: 0.24897418916225433
ndcg_20: 0.2966049313545227
hit_1: 0.135017770770423
hit_5: 0.2928502712380749
hit_10: 0.39462467598407314
hit_20: 0.5856738195131076
ap: 0.2293263077735901
########## best_metrics ##########
ndcg_1: 0.135017770770423
ndcg_5: 0.21664437651634216
ndcg_10: 0.2494703084230423
ndcg_20: 0.29831093549728394
hit_1: 0.135017770770423
hit_5: 0.2933980919804388
hit_10: 0.397143315250795
hit_20: 0.594124956575185
ap: 0.2298307865858078
no increase in recent 0 iters
#########################################################
################## epoch 41 ###########################
loss: 139.8906, len_train_loader:1388
modified_target in every batch:50.9957
modified_hist in every batch :464.6232
########## current_metrics ##########
ndcg_1: 0.1341292322492718
ndcg_5: 0.21527571976184845
ndcg_10: 0.24829012155532837
ndcg_20: 0.295622855424881
hit_1: 0.1341292322492718
hit_5: 0.29186820234627614
hit_10: 0.39466476042863635
hit_20: 0.584531412843056
ap: 0.22841720283031464
########## best_metrics ##########
ndcg_1: 0.135017770770423
ndcg_5: 0.21664437651634216
ndcg_10: 0.2494703084230423
ndcg_20: 0.29831093549728394
hit_1: 0.135017770770423
hit_5: 0.2933980919804388
hit_10: 0.397143315250795
hit_20: 0.594124956575185
ap: 0.2298307865858078
no increase in recent 1 iters
#########################################################
################## epoch 42 ###########################
loss: 139.3806, len_train_loader:1388
modified_target in every batch:50.9957
modified_hist in every batch :464.8393
########## current_metrics ##########
ndcg_1: 0.13468373373239625
ndcg_5: 0.21564622223377228
ndcg_10: 0.24859224259853363
ndcg_20: 0.2968602478504181
hit_1: 0.13468373373239625
hit_5: 0.291841479383234
hit_10: 0.39442425376125706
hit_20: 0.5878651024825633
ap: 0.2290138304233551
########## best_metrics ##########
ndcg_1: 0.135017770770423
ndcg_5: 0.21664437651634216
ndcg_10: 0.2494703084230423
ndcg_20: 0.29831093549728394
hit_1: 0.135017770770423
hit_5: 0.2933980919804388
hit_10: 0.397143315250795
hit_20: 0.594124956575185
ap: 0.2298307865858078
no increase in recent 2 iters
#########################################################
################## epoch 43 ###########################
loss: 139.8746, len_train_loader:1388
modified_target in every batch:50.9957
modified_hist in every batch :464.8112
########## current_metrics ##########
ndcg_1: 0.134543438176425
ndcg_5: 0.21600687503814697
ndcg_10: 0.24948003888130188
ndcg_20: 0.2986413836479187
hit_1: 0.134543438176425
hit_5: 0.2927366986451458
hit_10: 0.3971032308062318
hit_20: 0.5940781913898613
ap: 0.22947454452514648
########## best_metrics ##########
ndcg_1: 0.135017770770423
ndcg_5: 0.21664437651634216
ndcg_10: 0.24948003888130188
ndcg_20: 0.2986413836479187
hit_1: 0.135017770770423
hit_5: 0.2933980919804388
hit_10: 0.397143315250795
hit_20: 0.594124956575185
ap: 0.2298307865858078
no increase in recent 0 iters
#########################################################
################## epoch 44 ###########################
loss: 139.461, len_train_loader:1388
modified_target in every batch:50.9957
modified_hist in every batch :464.4308
########## current_metrics ##########
ndcg_1: 0.135017770770423
ndcg_5: 0.21579381823539734
ndcg_10: 0.24853414297103882
ndcg_20: 0.2964087128639221
hit_1: 0.135017770770423
hit_5: 0.29183479864247347
hit_10: 0.39381630635204834
hit_20: 0.5857940728467973
ap: 0.22908851504325867
########## best_metrics ##########
ndcg_1: 0.135017770770423
ndcg_5: 0.21664437651634216
ndcg_10: 0.24948003888130188
ndcg_20: 0.2986413836479187
hit_1: 0.135017770770423
hit_5: 0.2933980919804388
hit_10: 0.397143315250795
hit_20: 0.594124956575185
ap: 0.2298307865858078
no increase in recent 1 iters
#########################################################
################## epoch 45 ###########################
loss: 139.3409, len_train_loader:1388
modified_target in every batch:50.9957
modified_hist in every batch :464.7731
########## current_metrics ##########
ndcg_1: 0.13370166484059753
ndcg_5: 0.2151193767786026
ndcg_10: 0.24835477769374847
ndcg_20: 0.2970336973667145
hit_1: 0.13370166484059753
hit_5: 0.2915341653082494
hit_10: 0.39504556265198687
hit_20: 0.5900964698965822
ap: 0.22855456173419952
########## best_metrics ##########
ndcg_1: 0.135017770770423
ndcg_5: 0.21664437651634216
ndcg_10: 0.24948003888130188
ndcg_20: 0.2986413836479187
hit_1: 0.135017770770423
hit_5: 0.2933980919804388
hit_10: 0.397143315250795
hit_20: 0.594124956575185
ap: 0.2298307865858078
no increase in recent 2 iters
#########################################################
################## epoch 46 ###########################
loss: 131.1393, len_train_loader:1388
modified_target in every batch:50.9957
modified_hist in every batch :464.6506
########## current_metrics ##########
ndcg_1: 0.1372290959621603
ndcg_5: 0.21891175210475922
ndcg_10: 0.25182411074638367
ndcg_20: 0.3006550371646881
hit_1: 0.1372290959621603
hit_5: 0.2954891638384864
hit_10: 0.39809198043879107
hit_20: 0.593837684722482
ap: 0.23217810690402985
########## best_metrics ##########
ndcg_1: 0.1372290959621603
ndcg_5: 0.21891175210475922
ndcg_10: 0.25182411074638367
ndcg_20: 0.3006550371646881
hit_1: 0.1372290959621603
hit_5: 0.2954891638384864
hit_10: 0.39809198043879107
hit_20: 0.594124956575185
ap: 0.23217810690402985
no increase in recent 0 iters
#########################################################
################## epoch 47 ###########################
loss: 128.7781, len_train_loader:1388
modified_target in every batch:50.9957
modified_hist in every batch :464.7032
########## current_metrics ##########
ndcg_1: 0.13497768632585982
ndcg_5: 0.21754923462867737
ndcg_10: 0.25001147389411926
ndcg_20: 0.29887792468070984
hit_1: 0.13497768632585982
hit_5: 0.2949881082814462
hit_10: 0.39612784265519363
hit_20: 0.5920472461986586
ap: 0.23036989569664001
########## best_metrics ##########
ndcg_1: 0.1372290959621603
ndcg_5: 0.21891175210475922
ndcg_10: 0.25182411074638367
ndcg_20: 0.3006550371646881
hit_1: 0.1372290959621603
hit_5: 0.2954891638384864
hit_10: 0.39809198043879107
hit_20: 0.594124956575185
ap: 0.23217810690402985
no increase in recent 1 iters
#########################################################
################## epoch 48 ###########################
loss: 131.4177, len_train_loader:1388
modified_target in every batch:50.9957
modified_hist in every batch :463.58
########## current_metrics ##########
ndcg_1: 0.13581277892092675
ndcg_5: 0.21671637892723083
ndcg_10: 0.2500569224357605
ndcg_20: 0.30028799176216125
hit_1: 0.13581277892092675
hit_5: 0.2927968253119906
hit_10: 0.3966489404345154
hit_20: 0.5980198284385773
ap: 0.2305735945701599
########## best_metrics ##########
ndcg_1: 0.1372290959621603
ndcg_5: 0.21891175210475922
ndcg_10: 0.25182411074638367
ndcg_20: 0.3006550371646881
hit_1: 0.1372290959621603
hit_5: 0.2954891638384864
hit_10: 0.39809198043879107
hit_20: 0.5980198284385773
ap: 0.23217810690402985
no increase in recent 0 iters
#########################################################
################## epoch 49 ###########################
loss: 131.5051, len_train_loader:1388
modified_target in every batch:50.9957
modified_hist in every batch :464.861
########## current_metrics ##########
ndcg_1: 0.13616685818123514
ndcg_5: 0.21754668653011322
ndcg_10: 0.25088751316070557
ndcg_20: 0.29956018924713135
hit_1: 0.13616685818123514
hit_5: 0.29377889420378933
hit_10: 0.3976109671040325
hit_20: 0.5927220010154726
ap: 0.23108425736427307
########## best_metrics ##########
ndcg_1: 0.1372290959621603
ndcg_5: 0.21891175210475922
ndcg_10: 0.25182411074638367
ndcg_20: 0.3006550371646881
hit_1: 0.1372290959621603
hit_5: 0.2954891638384864
hit_10: 0.39809198043879107
hit_20: 0.5980198284385773
ap: 0.23217810690402985
no increase in recent 1 iters
#########################################################
################## epoch 50 ###########################
loss: 131.283, len_train_loader:1388
modified_target in every batch:50.9957
modified_hist in every batch :464.4265
########## current_metrics ##########
ndcg_1: 0.13643408781165656
ndcg_5: 0.2177630066871643
ndcg_10: 0.25080764293670654
ndcg_20: 0.30053699016571045
hit_1: 0.13643408781165656
hit_5: 0.2943601186499559
hit_10: 0.3974372678442586
hit_20: 0.5966636380641885
ap: 0.23124940693378448
########## best_metrics ##########
ndcg_1: 0.1372290959621603
ndcg_5: 0.21891175210475922
ndcg_10: 0.25182411074638367
ndcg_20: 0.3006550371646881
hit_1: 0.1372290959621603
hit_5: 0.2954891638384864
hit_10: 0.39809198043879107
hit_20: 0.5980198284385773
ap: 0.23217810690402985
no increase in recent 2 iters
#########################################################
################## epoch 51 ###########################
loss: 131.3106, len_train_loader:1388
modified_target in every batch:50.9957
modified_hist in every batch :464.9071
########## current_metrics ##########
ndcg_1: 0.13667459447903585
ndcg_5: 0.21841391921043396
ndcg_10: 0.25163179636001587
ndcg_20: 0.3015110492706299
hit_1: 0.13667459447903585
hit_5: 0.2953956334678389
hit_10: 0.39884690414473156
hit_20: 0.5988415595521231
ap: 0.23183250427246094
########## best_metrics ##########
ndcg_1: 0.1372290959621603
ndcg_5: 0.21891175210475922
ndcg_10: 0.25182411074638367
ndcg_20: 0.3015110492706299
hit_1: 0.1372290959621603
hit_5: 0.2954891638384864
hit_10: 0.39884690414473156
hit_20: 0.5988415595521231
ap: 0.23217810690402985
no increase in recent 0 iters
#########################################################
################## epoch 52 ###########################
loss: 131.0564, len_train_loader:1388
modified_target in every batch:50.9957
modified_hist in every batch :464.8228
########## current_metrics ##########
ndcg_1: 0.1355589107720264
ndcg_5: 0.21771758794784546
ndcg_10: 0.25126197934150696
ndcg_20: 0.2999415695667267
hit_1: 0.1355589107720264
hit_5: 0.29474092087330644
hit_10: 0.3992477485903637
hit_20: 0.5943587825018039
ap: 0.2310076206922531
########## best_metrics ##########
ndcg_1: 0.1372290959621603
ndcg_5: 0.21891175210475922
ndcg_10: 0.25182411074638367
ndcg_20: 0.3015110492706299
hit_1: 0.1372290959621603
hit_5: 0.2954891638384864
hit_10: 0.3992477485903637
hit_20: 0.5988415595521231
ap: 0.23217810690402985
no increase in recent 0 iters
#########################################################
################## epoch 53 ###########################
loss: 131.2204, len_train_loader:1388
modified_target in every batch:50.9957
modified_hist in every batch :465.5591
########## current_metrics ##########
ndcg_1: 0.13615349669971408
ndcg_5: 0.2173042744398117
ndcg_10: 0.2504160404205322
ndcg_20: 0.29970547556877136
hit_1: 0.13615349669971408
hit_5: 0.29337136901739663
hit_10: 0.3965620908046284
hit_20: 0.5941449987974666
ap: 0.23090268671512604
########## best_metrics ##########
ndcg_1: 0.1372290959621603
ndcg_5: 0.21891175210475922
ndcg_10: 0.25182411074638367
ndcg_20: 0.3015110492706299
hit_1: 0.1372290959621603
hit_5: 0.2954891638384864
hit_10: 0.3992477485903637
hit_20: 0.5988415595521231
ap: 0.23217810690402985
no increase in recent 1 iters
#########################################################
################## epoch 54 ###########################
loss: 131.1466, len_train_loader:1388
modified_target in every batch:50.9957
modified_hist in every batch :465.116
########## current_metrics ##########
ndcg_1: 0.13543865743833677
ndcg_5: 0.21732455492019653
ndcg_10: 0.2507825791835785
ndcg_20: 0.2999189794063568
hit_1: 0.13543865743833677
hit_5: 0.2944803719836456
hit_10: 0.398740012292563
hit_20: 0.5957016113946715
ap: 0.23063048720359802
########## best_metrics ##########
ndcg_1: 0.1372290959621603
ndcg_5: 0.21891175210475922
ndcg_10: 0.25182411074638367
ndcg_20: 0.3015110492706299
hit_1: 0.1372290959621603
hit_5: 0.2954891638384864
hit_10: 0.3992477485903637
hit_20: 0.5988415595521231
ap: 0.23217810690402985
no increase in recent 2 iters
#########################################################
################## epoch 55 ###########################
loss: 131.1089, len_train_loader:1388
modified_target in every batch:50.9957
modified_hist in every batch :465.0245
########## current_metrics ##########
ndcg_1: 0.13532508484540764
ndcg_5: 0.2165452539920807
ndcg_10: 0.24964077770709991
ndcg_20: 0.29814231395721436
hit_1: 0.13532508484540764
hit_5: 0.2928636327195959
hit_10: 0.39594746265465913
hit_20: 0.5903837417492852
ap: 0.22990359365940094
########## best_metrics ##########
ndcg_1: 0.1372290959621603
ndcg_5: 0.21891175210475922
ndcg_10: 0.25182411074638367
ndcg_20: 0.3015110492706299
hit_1: 0.1372290959621603
hit_5: 0.2954891638384864
hit_10: 0.3992477485903637
hit_20: 0.5988415595521231
ap: 0.23217810690402985
no increase in recent 3 iters
#########################################################
################## epoch 56 ###########################
loss: 130.8355, len_train_loader:1388
modified_target in every batch:50.9957
modified_hist in every batch :464.5656
########## current_metrics ##########
ndcg_1: 0.1354653804013789
ndcg_5: 0.21698816120624542
ndcg_10: 0.2499076873064041
ndcg_20: 0.2992265522480011
hit_1: 0.1354653804013789
hit_5: 0.2938256593891131
hit_10: 0.39643515673017826
hit_20: 0.5941049143529035
ap: 0.2302635759115219
########## best_metrics ##########
ndcg_1: 0.1372290959621603
ndcg_5: 0.21891175210475922
ndcg_10: 0.25182411074638367
ndcg_20: 0.3015110492706299
hit_1: 0.1372290959621603
hit_5: 0.2954891638384864
hit_10: 0.3992477485903637
hit_20: 0.5988415595521231
ap: 0.23217810690402985
no increase in recent 4 iters
#########################################################
################## epoch 57 ###########################
loss: 130.7981, len_train_loader:1388
modified_target in every batch:50.9957
modified_hist in every batch :464.3746
########## current_metrics ##########
ndcg_1: 0.13529168114160497
ndcg_5: 0.21674130856990814
ndcg_10: 0.2500535845756531
ndcg_20: 0.2985237240791321
hit_1: 0.13529168114160497
hit_5: 0.2932444349429465
hit_10: 0.39694957376873946
hit_20: 0.5913257261965207
ap: 0.23009616136550903
########## best_metrics ##########
ndcg_1: 0.1372290959621603
ndcg_5: 0.21891175210475922
ndcg_10: 0.25182411074638367
ndcg_20: 0.3015110492706299
hit_1: 0.1372290959621603
hit_5: 0.2954891638384864
hit_10: 0.3992477485903637
hit_20: 0.5988415595521231
ap: 0.23217810690402985
no increase in recent 5 iters
#########################################################
################## epoch 58 ###########################
loss: 123.531, len_train_loader:1388
modified_target in every batch:50.9957
modified_hist in every batch :464.3127
########## current_metrics ##########
ndcg_1: 0.1380575078164667
ndcg_5: 0.2191198170185089
ndcg_10: 0.2526637017726898
ndcg_20: 0.30201491713523865
hit_1: 0.1380575078164667
hit_5: 0.2952018919857834
hit_10: 0.399675315999038
hit_20: 0.5974853691777344
ap: 0.23282893002033234
########## best_metrics ##########
ndcg_1: 0.1380575078164667
ndcg_5: 0.2191198170185089
ndcg_10: 0.2526637017726898
ndcg_20: 0.30201491713523865
hit_1: 0.1380575078164667
hit_5: 0.2954891638384864
hit_10: 0.399675315999038
hit_20: 0.5988415595521231
ap: 0.23282893002033234
no increase in recent 0 iters
#########################################################
################## epoch 59 ###########################
loss: 121.2182, len_train_loader:1388
modified_target in every batch:50.9957
modified_hist in every batch :465.0086
########## current_metrics ##########
ndcg_1: 0.1377234707784399
ndcg_5: 0.21880419552326202
ndcg_10: 0.25224754214286804
ndcg_20: 0.30270838737487793
hit_1: 0.1377234707784399
hit_5: 0.2949012586515593
hit_10: 0.3990673685898292
hit_20: 0.601346837337324
ap: 0.23270416259765625
########## best_metrics ##########
ndcg_1: 0.1380575078164667
ndcg_5: 0.2191198170185089
ndcg_10: 0.2526637017726898
ndcg_20: 0.30270838737487793
hit_1: 0.1380575078164667
hit_5: 0.2954891638384864
hit_10: 0.399675315999038
hit_20: 0.601346837337324
ap: 0.23282893002033234
no increase in recent 0 iters
#########################################################
################## epoch 60 ###########################
loss: 123.3443, len_train_loader:1388
modified_target in every batch:50.9957
modified_hist in every batch :464.4625
########## current_metrics ##########
ndcg_1: 0.13789717003821383
ndcg_5: 0.2192562371492386
ndcg_10: 0.2523854076862335
ndcg_20: 0.3015337288379669
hit_1: 0.13789717003821383
hit_5: 0.29578979717271053
hit_10: 0.39906068784906873
hit_20: 0.5961425402848668
ap: 0.2326534241437912
########## best_metrics ##########
ndcg_1: 0.1380575078164667
ndcg_5: 0.2192562371492386
ndcg_10: 0.2526637017726898
ndcg_20: 0.30270838737487793
hit_1: 0.1380575078164667
hit_5: 0.29578979717271053
hit_10: 0.399675315999038
hit_20: 0.601346837337324
ap: 0.23282893002033234
no increase in recent 0 iters
#########################################################
################## epoch 61 ###########################
loss: 123.4842, len_train_loader:1388
modified_target in every batch:50.9957
modified_hist in every batch :464.6405
########## current_metrics ##########
ndcg_1: 0.13746292188877904
ndcg_5: 0.21885927021503448
ndcg_10: 0.251903772354126
ndcg_20: 0.29995355010032654
hit_1: 0.13746292188877904
hit_5: 0.2951083616151359
hit_10: 0.39811202266107265
hit_20: 0.5908380321210016
ap: 0.23211127519607544
########## best_metrics ##########
ndcg_1: 0.1380575078164667
ndcg_5: 0.2192562371492386
ndcg_10: 0.2526637017726898
ndcg_20: 0.30270838737487793
hit_1: 0.1380575078164667
hit_5: 0.29578979717271053
hit_10: 0.399675315999038
hit_20: 0.601346837337324
ap: 0.23282893002033234
no increase in recent 1 iters
#########################################################
################## epoch 62 ###########################
loss: 123.9705, len_train_loader:1388
modified_target in every batch:50.9957
modified_hist in every batch :464.7536
########## current_metrics ##########
ndcg_1: 0.13780363966756634
ndcg_5: 0.21995532512664795
ndcg_10: 0.25326016545295715
ndcg_20: 0.3024675250053406
hit_1: 0.13780363966756634
hit_5: 0.2968453542128751
hit_10: 0.40053713155714704
hit_20: 0.5978995751048877
ap: 0.23328006267547607
########## best_metrics ##########
ndcg_1: 0.1380575078164667
ndcg_5: 0.21995532512664795
ndcg_10: 0.25326016545295715
ndcg_20: 0.30270838737487793
hit_1: 0.1380575078164667
hit_5: 0.2968453542128751
hit_10: 0.40053713155714704
hit_20: 0.601346837337324
ap: 0.23328006267547607
no increase in recent 0 iters
#########################################################
################## epoch 63 ###########################
loss: 123.6151, len_train_loader:1388
modified_target in every batch:50.9957
modified_hist in every batch :465.0692
########## current_metrics ##########
ndcg_1: 0.1366879559605569
ndcg_5: 0.21840915083885193
ndcg_10: 0.25193437933921814
ndcg_20: 0.30078956484794617
hit_1: 0.1366879559605569
hit_5: 0.29496806605916465
hit_10: 0.3994548515539403
hit_20: 0.5952205980599129
ap: 0.2318916916847229
########## best_metrics ##########
ndcg_1: 0.1380575078164667
ndcg_5: 0.21995532512664795
ndcg_10: 0.25326016545295715
ndcg_20: 0.30270838737487793
hit_1: 0.1380575078164667
hit_5: 0.2968453542128751
hit_10: 0.40053713155714704
hit_20: 0.601346837337324
ap: 0.23328006267547607
no increase in recent 1 iters
#########################################################
################## epoch 64 ###########################
loss: 123.5937, len_train_loader:1388
modified_target in every batch:50.9957
modified_hist in every batch :465.1715
########## current_metrics ##########
ndcg_1: 0.13624702707036157
ndcg_5: 0.2184610813856125
ndcg_10: 0.25160229206085205
ndcg_20: 0.3008914887905121
hit_1: 0.13624702707036157
hit_5: 0.29540231420859947
hit_10: 0.39857967451431014
hit_20: 0.596269474359317
ap: 0.231750950217247
########## best_metrics ##########
ndcg_1: 0.1380575078164667
ndcg_5: 0.21995532512664795
ndcg_10: 0.25326016545295715
ndcg_20: 0.30270838737487793
hit_1: 0.1380575078164667
hit_5: 0.2968453542128751
hit_10: 0.40053713155714704
hit_20: 0.601346837337324
ap: 0.23328006267547607
no increase in recent 2 iters
#########################################################
################## epoch 65 ###########################
loss: 124.108, len_train_loader:1388
modified_target in every batch:50.9957
modified_hist in every batch :464.6376
########## current_metrics ##########
ndcg_1: 0.135391892253013
ndcg_5: 0.21716704964637756
ndcg_10: 0.2507568895816803
ndcg_20: 0.30070942640304565
hit_1: 0.135391892253013
hit_5: 0.29425990753854786
hit_10: 0.39897383821918175
hit_20: 0.59917559659015
ap: 0.23069477081298828
########## best_metrics ##########
ndcg_1: 0.1380575078164667
ndcg_5: 0.21995532512664795
ndcg_10: 0.25326016545295715
ndcg_20: 0.30270838737487793
hit_1: 0.1380575078164667
hit_5: 0.2968453542128751
hit_10: 0.40053713155714704
hit_20: 0.601346837337324
ap: 0.23328006267547607
no increase in recent 3 iters
#########################################################
################## epoch 66 ###########################
loss: 123.608, len_train_loader:1388
modified_target in every batch:50.9957
modified_hist in every batch :464.5411
########## current_metrics ##########
ndcg_1: 0.13703535448010476
ndcg_5: 0.21911385655403137
ndcg_10: 0.25244513154029846
ndcg_20: 0.30180370807647705
hit_1: 0.13703535448010476
hit_5: 0.2963910638411587
hit_10: 0.40024985970444404
hit_20: 0.5981467625130275
ap: 0.23237919807434082
########## best_metrics ##########
ndcg_1: 0.1380575078164667
ndcg_5: 0.21995532512664795
ndcg_10: 0.25326016545295715
ndcg_20: 0.30270838737487793
hit_1: 0.1380575078164667
hit_5: 0.2968453542128751
hit_10: 0.40053713155714704
hit_20: 0.601346837337324
ap: 0.23328006267547607
no increase in recent 4 iters
#########################################################
################## epoch 67 ###########################
loss: 123.8466, len_train_loader:1388
modified_target in every batch:50.9957
modified_hist in every batch :464.4885
########## current_metrics ##########
ndcg_1: 0.13660110633066994
ndcg_5: 0.21835683286190033
ndcg_10: 0.2515498995780945
ndcg_20: 0.30144086480140686
hit_1: 0.13660110633066994
hit_5: 0.2950749579113332
hit_10: 0.3985128671067048
hit_20: 0.5985876914032228
ap: 0.23180092871189117
########## best_metrics ##########
ndcg_1: 0.1380575078164667
ndcg_5: 0.21995532512664795
ndcg_10: 0.25326016545295715
ndcg_20: 0.30270838737487793
hit_1: 0.1380575078164667
hit_5: 0.2968453542128751
hit_10: 0.40053713155714704
hit_20: 0.601346837337324
ap: 0.23328006267547607
no increase in recent 5 iters
#########################################################
################## epoch 68 ###########################
loss: 123.5751, len_train_loader:1388
modified_target in every batch:50.9957
modified_hist in every batch :463.6765
########## current_metrics ##########
ndcg_1: 0.13692846262793618
ndcg_5: 0.21876049041748047
ndcg_10: 0.2520779073238373
ndcg_20: 0.3017083704471588
hit_1: 0.13692846262793618
hit_5: 0.2956695438390209
hit_10: 0.3994214478501376
hit_20: 0.5983872691804067
ap: 0.2321225106716156
########## best_metrics ##########
ndcg_1: 0.1380575078164667
ndcg_5: 0.21995532512664795
ndcg_10: 0.25326016545295715
ndcg_20: 0.30270838737487793
hit_1: 0.1380575078164667
hit_5: 0.2968453542128751
hit_10: 0.40053713155714704
hit_20: 0.601346837337324
ap: 0.23328006267547607
no increase in recent 6 iters
#########################################################
################## epoch 69 ###########################
loss: 123.5814, len_train_loader:1388
modified_target in every batch:50.9957
modified_hist in every batch :464.6866
########## current_metrics ##########
ndcg_1: 0.13774351300072152
ndcg_5: 0.2190968245267868
ndcg_10: 0.2520069479942322
ndcg_20: 0.30152586102485657
hit_1: 0.13774351300072152
hit_5: 0.2957096282835841
hit_10: 0.39827904118008606
hit_20: 0.5966836802864701
ap: 0.23248927295207977
########## best_metrics ##########
ndcg_1: 0.1380575078164667
ndcg_5: 0.21995532512664795
ndcg_10: 0.25326016545295715
ndcg_20: 0.30270838737487793
hit_1: 0.1380575078164667
hit_5: 0.2968453542128751
hit_10: 0.40053713155714704
hit_20: 0.601346837337324
ap: 0.23328006267547607
no increase in recent 7 iters
#########################################################
################## epoch 70 ###########################
loss: 123.3892, len_train_loader:1388
modified_target in every batch:50.9957
modified_hist in every batch :464.4885
########## current_metrics ##########
ndcg_1: 0.13633387670024852
ndcg_5: 0.21742841601371765
ndcg_10: 0.2506205439567566
ndcg_20: 0.3002861440181732
hit_1: 0.13633387670024852
hit_5: 0.29325779642446753
hit_10: 0.39672242858288126
hit_20: 0.5958419069506427
ap: 0.2311415672302246
########## best_metrics ##########
ndcg_1: 0.1380575078164667
ndcg_5: 0.21995532512664795
ndcg_10: 0.25326016545295715
ndcg_20: 0.30270838737487793
hit_1: 0.1380575078164667
hit_5: 0.2968453542128751
hit_10: 0.40053713155714704
hit_20: 0.601346837337324
ap: 0.23328006267547607
no increase in recent 8 iters
#########################################################
################## epoch 71 ###########################
loss: 123.659, len_train_loader:1388
modified_target in every batch:50.9957
modified_hist in every batch :464.9467
########## current_metrics ##########
ndcg_1: 0.13668127521979637
ndcg_5: 0.21744243800640106
ndcg_10: 0.2504396438598633
ndcg_20: 0.29952937364578247
hit_1: 0.13668127521979637
hit_5: 0.29335132679511505
hit_10: 0.39616792709975684
hit_20: 0.5930560380534994
ap: 0.23102645576000214
########## best_metrics ##########
ndcg_1: 0.1380575078164667
ndcg_5: 0.21995532512664795
ndcg_10: 0.25326016545295715
ndcg_20: 0.30270838737487793
hit_1: 0.1380575078164667
hit_5: 0.2968453542128751
hit_10: 0.40053713155714704
hit_20: 0.601346837337324
ap: 0.23328006267547607
no increase in recent 9 iters
#########################################################
################## epoch 72 ###########################
loss: 123.2458, len_train_loader:1388
modified_target in every batch:50.9957
modified_hist in every batch :464.4193
########## current_metrics ##########
ndcg_1: 0.1371956922583576
ndcg_5: 0.21803255379199982
ndcg_10: 0.2510577440261841
ndcg_20: 0.2996891140937805
hit_1: 0.1371956922583576
hit_5: 0.2937388097592261
hit_10: 0.3966489404345154
hit_20: 0.5916464017530264
ap: 0.2316356897354126
########## best_metrics ##########
ndcg_1: 0.1380575078164667
ndcg_5: 0.21995532512664795
ndcg_10: 0.25326016545295715
ndcg_20: 0.30270838737487793
hit_1: 0.1380575078164667
hit_5: 0.2968453542128751
hit_10: 0.40053713155714704
hit_20: 0.601346837337324
ap: 0.23328006267547607
no increase in recent 10 iters
#########################################################
################## epoch 73 ###########################
loss: 123.5827, len_train_loader:1388
modified_target in every batch:50.9957
modified_hist in every batch :464.7803
########## current_metrics ##########
ndcg_1: 0.1377969589268058
ndcg_5: 0.21897564828395844
ndcg_10: 0.25204703211784363
ndcg_20: 0.30181387066841125
hit_1: 0.1377969589268058
hit_5: 0.2953154645787125
hit_10: 0.3983725715507335
hit_20: 0.5979463402902114
ap: 0.2325311303138733
########## best_metrics ##########
ndcg_1: 0.1380575078164667
ndcg_5: 0.21995532512664795
ndcg_10: 0.25326016545295715
ndcg_20: 0.30270838737487793
hit_1: 0.1380575078164667
hit_5: 0.2968453542128751
hit_10: 0.40053713155714704
hit_20: 0.601346837337324
ap: 0.23328006267547607
no increase in recent 11 iters
#########################################################
################## epoch 74 ###########################
loss: 117.0408, len_train_loader:1388
modified_target in every batch:50.9957
modified_hist in every batch :464.5151
########## current_metrics ##########
ndcg_1: 0.13799738114962187
ndcg_5: 0.21855580806732178
ndcg_10: 0.25204023718833923
ndcg_20: 0.3016241788864136
hit_1: 0.13799738114962187
hit_5: 0.2941931001309425
hit_10: 0.39849282488442317
hit_20: 0.5974386039924107
ap: 0.23252494633197784
########## best_metrics ##########
ndcg_1: 0.1380575078164667
ndcg_5: 0.21995532512664795
ndcg_10: 0.25326016545295715
ndcg_20: 0.30270838737487793
hit_1: 0.1380575078164667
hit_5: 0.2968453542128751
hit_10: 0.40053713155714704
hit_20: 0.601346837337324
ap: 0.23328006267547607
no increase in recent 12 iters
#########################################################
################## epoch 75 ###########################
loss: 114.7938, len_train_loader:1388
modified_target in every batch:50.9957
modified_hist in every batch :463.9899
########## current_metrics ##########
ndcg_1: 0.1381710804093958
ndcg_5: 0.21969322860240936
ndcg_10: 0.25281599164009094
ndcg_20: 0.30240267515182495
hit_1: 0.1381710804093958
hit_5: 0.2963175756927928
hit_10: 0.39959514710991156
hit_20: 0.5983805884396461
ap: 0.23310421407222748
########## best_metrics ##########
ndcg_1: 0.1381710804093958
ndcg_5: 0.21995532512664795
ndcg_10: 0.25326016545295715
ndcg_20: 0.30270838737487793
hit_1: 0.1381710804093958
hit_5: 0.2968453542128751
hit_10: 0.40053713155714704
hit_20: 0.601346837337324
ap: 0.23328006267547607
no increase in recent 0 iters
#########################################################
################## epoch 76 ###########################
loss: 116.4279, len_train_loader:1388
modified_target in every batch:50.9957
modified_hist in every batch :464.6816
########## current_metrics ##########
ndcg_1: 0.13889928115229416
ndcg_5: 0.21984942257404327
ndcg_10: 0.25319021940231323
ndcg_20: 0.30330467224121094
hit_1: 0.13889928115229416
hit_5: 0.29598353865476607
hit_10: 0.3998156115550092
hit_20: 0.6008324202987627
ap: 0.23359611630439758
########## best_metrics ##########
ndcg_1: 0.13889928115229416
ndcg_5: 0.21995532512664795
ndcg_10: 0.25326016545295715
ndcg_20: 0.30330467224121094
hit_1: 0.13889928115229416
hit_5: 0.2968453542128751
hit_10: 0.40053713155714704
hit_20: 0.601346837337324
ap: 0.23359611630439758
no increase in recent 0 iters
#########################################################
################## epoch 77 ###########################
loss: 116.8865, len_train_loader:1388
modified_target in every batch:50.9957
modified_hist in every batch :465.9143
########## current_metrics ##########
ndcg_1: 0.13799070040886133
ndcg_5: 0.2185785472393036
ndcg_10: 0.2517503499984741
ndcg_20: 0.30231794714927673
hit_1: 0.13799070040886133
hit_5: 0.2943400764276743
hit_10: 0.3976777745116378
hit_20: 0.6004315758531306
ap: 0.232539102435112
########## best_metrics ##########
ndcg_1: 0.13889928115229416
ndcg_5: 0.21995532512664795
ndcg_10: 0.25326016545295715
ndcg_20: 0.30330467224121094
hit_1: 0.13889928115229416
hit_5: 0.2968453542128751
hit_10: 0.40053713155714704
hit_20: 0.601346837337324
ap: 0.23359611630439758
no increase in recent 1 iters
#########################################################
################## epoch 78 ###########################
loss: 116.4661, len_train_loader:1388
modified_target in every batch:50.9957
modified_hist in every batch :464.8321
########## current_metrics ##########
ndcg_1: 0.13755645225942653
ndcg_5: 0.21865111589431763
ndcg_10: 0.2513662576675415
ndcg_20: 0.3008113205432892
hit_1: 0.13755645225942653
hit_5: 0.2948277705031934
hit_10: 0.39673579006440235
hit_20: 0.5949333262072098
ap: 0.23216909170150757
########## best_metrics ##########
ndcg_1: 0.13889928115229416
ndcg_5: 0.21995532512664795
ndcg_10: 0.25326016545295715
ndcg_20: 0.30330467224121094
hit_1: 0.13889928115229416
hit_5: 0.2968453542128751
hit_10: 0.40053713155714704
hit_20: 0.601346837337324
ap: 0.23359611630439758
no increase in recent 2 iters
#########################################################
################## epoch 79 ###########################
loss: 116.5675, len_train_loader:1388
modified_target in every batch:50.9957
modified_hist in every batch :465.2248
########## current_metrics ##########
ndcg_1: 0.13758317522246866
ndcg_5: 0.21872369945049286
ndcg_10: 0.25162631273269653
ndcg_20: 0.3019043505191803
hit_1: 0.13758317522246866
hit_5: 0.2948344512439539
hit_10: 0.39741722562197696
hit_20: 0.5989083669597285
ap: 0.23237301409244537
########## best_metrics ##########
ndcg_1: 0.13889928115229416
ndcg_5: 0.21995532512664795
ndcg_10: 0.25326016545295715
ndcg_20: 0.30330467224121094
hit_1: 0.13889928115229416
hit_5: 0.2968453542128751
hit_10: 0.40053713155714704
hit_20: 0.601346837337324
ap: 0.23359611630439758
no increase in recent 3 iters
#########################################################
################## epoch 80 ###########################
loss: 117.0735, len_train_loader:1388
modified_target in every batch:50.9957
modified_hist in every batch :465.5497
########## current_metrics ##########
ndcg_1: 0.13801742337190348
ndcg_5: 0.21882526576519012
ndcg_10: 0.2519005537033081
ndcg_20: 0.30114662647247314
hit_1: 0.13801742337190348
hit_5: 0.294934662355362
hit_10: 0.3978180700676091
hit_20: 0.5954878276903343
ap: 0.23240864276885986
########## best_metrics ##########
ndcg_1: 0.13889928115229416
ndcg_5: 0.21995532512664795
ndcg_10: 0.25326016545295715
ndcg_20: 0.30330467224121094
hit_1: 0.13889928115229416
hit_5: 0.2968453542128751
hit_10: 0.40053713155714704
hit_20: 0.601346837337324
ap: 0.23359611630439758
no increase in recent 4 iters
#########################################################
################## epoch 81 ###########################
loss: 116.9086, len_train_loader:1388
modified_target in every batch:50.9957
modified_hist in every batch :464.8379
########## current_metrics ##########
ndcg_1: 0.13818444189091686
ndcg_5: 0.21957428753376007
ndcg_10: 0.25288334488868713
ndcg_20: 0.3030674457550049
hit_1: 0.13818444189091686
hit_5: 0.2961973223591032
hit_10: 0.40000935303706475
hit_20: 0.6013802410411266
ap: 0.23315121233463287
########## best_metrics ##########
ndcg_1: 0.13889928115229416
ndcg_5: 0.21995532512664795
ndcg_10: 0.25326016545295715
ndcg_20: 0.30330467224121094
hit_1: 0.13889928115229416
hit_5: 0.2968453542128751
hit_10: 0.40053713155714704
hit_20: 0.6013802410411266
ap: 0.23359611630439758
no increase in recent 0 iters
#########################################################
################## epoch 82 ###########################
loss: 116.573, len_train_loader:1388
modified_target in every batch:50.9957
modified_hist in every batch :464.5958
########## current_metrics ##########
ndcg_1: 0.1378504048528901
ndcg_5: 0.21901457011699677
ndcg_10: 0.2523265779018402
ndcg_20: 0.3019685447216034
hit_1: 0.1378504048528901
hit_5: 0.2951885305042623
hit_10: 0.39903396488602655
hit_20: 0.5981534432537879
ap: 0.23264476656913757
########## best_metrics ##########
ndcg_1: 0.13889928115229416
ndcg_5: 0.21995532512664795
ndcg_10: 0.25326016545295715
ndcg_20: 0.30330467224121094
hit_1: 0.13889928115229416
hit_5: 0.2968453542128751
hit_10: 0.40053713155714704
hit_20: 0.6013802410411266
ap: 0.23359611630439758
no increase in recent 1 iters
#########################################################
################## epoch 83 ###########################
loss: 116.4599, len_train_loader:1388
modified_target in every batch:50.9957
modified_hist in every batch :464.9229
########## current_metrics ##########
ndcg_1: 0.13911974559739185
ndcg_5: 0.21934087574481964
ndcg_10: 0.2525385916233063
ndcg_20: 0.3024304509162903
hit_1: 0.13911974559739185
hit_5: 0.29465407124341947
hit_10: 0.3980318537719462
hit_20: 0.5980398706608588
ap: 0.23331914842128754
########## best_metrics ##########
ndcg_1: 0.13911974559739185
ndcg_5: 0.21995532512664795
ndcg_10: 0.25326016545295715
ndcg_20: 0.30330467224121094
hit_1: 0.13911974559739185
hit_5: 0.2968453542128751
hit_10: 0.40053713155714704
hit_20: 0.6013802410411266
ap: 0.23359611630439758
no increase in recent 0 iters
#########################################################
################## epoch 84 ###########################
loss: 116.7173, len_train_loader:1388
modified_target in every batch:50.9957
modified_hist in every batch :464.3934
########## current_metrics ##########
ndcg_1: 0.13926004115336307
ndcg_5: 0.2196863889694214
ndcg_10: 0.2525959312915802
ndcg_20: 0.3019871115684509
hit_1: 0.13926004115336307
hit_5: 0.2953021030971914
hit_10: 0.3978381122898907
hit_20: 0.59580850324684
ap: 0.23333968222141266
########## best_metrics ##########
ndcg_1: 0.13926004115336307
ndcg_5: 0.21995532512664795
ndcg_10: 0.25326016545295715
ndcg_20: 0.30330467224121094
hit_1: 0.13926004115336307
hit_5: 0.2968453542128751
hit_10: 0.40053713155714704
hit_20: 0.6013802410411266
ap: 0.23359611630439758
no increase in recent 0 iters
#########################################################
################## epoch 85 ###########################
loss: 110.6567, len_train_loader:1388
modified_target in every batch:50.9957
modified_hist in every batch :464.9661
########## current_metrics ##########
ndcg_1: 0.14155153523422678
ndcg_5: 0.22259925305843353
ndcg_10: 0.2552120089530945
ndcg_20: 0.30543044209480286
hit_1: 0.14155153523422678
hit_5: 0.29884957644103577
hit_10: 0.40040351674193636
hit_20: 0.6018946580796879
ap: 0.23602749407291412
########## best_metrics ##########
ndcg_1: 0.14155153523422678
ndcg_5: 0.22259925305843353
ndcg_10: 0.2552120089530945
ndcg_20: 0.30543044209480286
hit_1: 0.14155153523422678
hit_5: 0.29884957644103577
hit_10: 0.40053713155714704
hit_20: 0.6018946580796879
ap: 0.23602749407291412
no increase in recent 0 iters
#########################################################
################## epoch 86 ###########################
loss: 108.9355, len_train_loader:1388
modified_target in every batch:50.9957
modified_hist in every batch :464.58
########## current_metrics ##########
ndcg_1: 0.14033564041580932
ndcg_5: 0.2212832272052765
ndcg_10: 0.2541763186454773
ndcg_20: 0.3041468858718872
hit_1: 0.14033564041580932
hit_5: 0.2968787579166778
hit_10: 0.39922102562732154
hit_20: 0.599763501777077
ap: 0.2349856048822403
########## best_metrics ##########
ndcg_1: 0.14155153523422678
ndcg_5: 0.22259925305843353
ndcg_10: 0.2552120089530945
ndcg_20: 0.30543044209480286
hit_1: 0.14155153523422678
hit_5: 0.29884957644103577
hit_10: 0.40053713155714704
hit_20: 0.6018946580796879
ap: 0.23602749407291412
no increase in recent 1 iters
#########################################################
################## epoch 87 ###########################
loss: 110.2814, len_train_loader:1388
modified_target in every batch:50.9957
modified_hist in every batch :465.281
########## current_metrics ##########
ndcg_1: 0.14017530263755645
ndcg_5: 0.2206086814403534
ndcg_10: 0.25312718749046326
ndcg_20: 0.3027903437614441
hit_1: 0.14017530263755645
hit_5: 0.2958432430987948
hit_10: 0.39711659228775287
hit_20: 0.5965099810266963
ap: 0.23428720235824585
########## best_metrics ##########
ndcg_1: 0.14155153523422678
ndcg_5: 0.22259925305843353
ndcg_10: 0.2552120089530945
ndcg_20: 0.30543044209480286
hit_1: 0.14155153523422678
hit_5: 0.29884957644103577
hit_10: 0.40053713155714704
hit_20: 0.6018946580796879
ap: 0.23602749407291412
no increase in recent 2 iters
#########################################################
################## epoch 88 ###########################
loss: 110.6269, len_train_loader:1388
modified_target in every batch:50.9957
modified_hist in every batch :465.8321
########## current_metrics ##########
ndcg_1: 0.13895272707837844
ndcg_5: 0.22060228884220123
ndcg_10: 0.25336650013923645
ndcg_20: 0.302850604057312
hit_1: 0.13895272707837844
hit_5: 0.29703909569493064
hit_10: 0.3990540071083082
hit_20: 0.5974653269554528
ap: 0.2339823693037033
########## best_metrics ##########
ndcg_1: 0.14155153523422678
ndcg_5: 0.22259925305843353
ndcg_10: 0.2552120089530945
ndcg_20: 0.30543044209480286
hit_1: 0.14155153523422678
hit_5: 0.29884957644103577
hit_10: 0.40053713155714704
hit_20: 0.6018946580796879
ap: 0.23602749407291412
no increase in recent 3 iters
#########################################################
################## epoch 89 ###########################
loss: 110.52, len_train_loader:1388
modified_target in every batch:50.9957
modified_hist in every batch :464.0468
########## current_metrics ##########
ndcg_1: 0.13903289596750487
ndcg_5: 0.21967123448848724
ndcg_10: 0.25262588262557983
ndcg_20: 0.30229026079177856
hit_1: 0.13903289596750487
hit_5: 0.2954557601346837
hit_10: 0.398178830068678
hit_20: 0.5974118810293685
ap: 0.23331883549690247
########## best_metrics ##########
ndcg_1: 0.14155153523422678
ndcg_5: 0.22259925305843353
ndcg_10: 0.2552120089530945
ndcg_20: 0.30543044209480286
hit_1: 0.14155153523422678
hit_5: 0.29884957644103577
hit_10: 0.40053713155714704
hit_20: 0.6018946580796879
ap: 0.23602749407291412
no increase in recent 4 iters
#########################################################
################## epoch 90 ###########################
loss: 110.5435, len_train_loader:1388
modified_target in every batch:50.9957
modified_hist in every batch :464.7161
########## current_metrics ##########
ndcg_1: 0.14010849522995109
ndcg_5: 0.22072431445121765
ndcg_10: 0.2541380226612091
ndcg_20: 0.3044832944869995
hit_1: 0.14010849522995109
hit_5: 0.2964779134710457
hit_10: 0.40065070415007614
hit_20: 0.602382352155207
ap: 0.2346467673778534
########## best_metrics ##########
ndcg_1: 0.14155153523422678
ndcg_5: 0.22259925305843353
ndcg_10: 0.2552120089530945
ndcg_20: 0.30543044209480286
hit_1: 0.14155153523422678
hit_5: 0.29884957644103577
hit_10: 0.40065070415007614
hit_20: 0.602382352155207
ap: 0.23602749407291412
no increase in recent 0 iters
#########################################################
################## epoch 91 ###########################
loss: 110.4754, len_train_loader:1388
modified_target in every batch:50.9957
modified_hist in every batch :464.7068
########## current_metrics ##########
ndcg_1: 0.1387589855963229
ndcg_5: 0.21999575197696686
ndcg_10: 0.25310683250427246
ndcg_20: 0.3023349344730377
hit_1: 0.1387589855963229
hit_5: 0.29648459421180623
hit_10: 0.39966863525827745
hit_20: 0.5970978862136234
ap: 0.23342248797416687
########## best_metrics ##########
ndcg_1: 0.14155153523422678
ndcg_5: 0.22259925305843353
ndcg_10: 0.2552120089530945
ndcg_20: 0.30543044209480286
hit_1: 0.14155153523422678
hit_5: 0.29884957644103577
hit_10: 0.40065070415007614
hit_20: 0.602382352155207
ap: 0.23602749407291412
no increase in recent 1 iters
#########################################################
################## epoch 92 ###########################
loss: 111.0991, len_train_loader:1388
modified_target in every batch:50.9957
modified_hist in every batch :464.2392
########## current_metrics ##########
ndcg_1: 0.13991475374789555
ndcg_5: 0.220282182097435
ndcg_10: 0.25337013602256775
ndcg_20: 0.3032737374305725
hit_1: 0.13991475374789555
hit_5: 0.29589000828411854
hit_10: 0.39904732636754764
hit_20: 0.5992490847385158
ap: 0.23408496379852295
########## best_metrics ##########
ndcg_1: 0.14155153523422678
ndcg_5: 0.22259925305843353
ndcg_10: 0.2552120089530945
ndcg_20: 0.30543044209480286
hit_1: 0.14155153523422678
hit_5: 0.29884957644103577
hit_10: 0.40065070415007614
hit_20: 0.602382352155207
ap: 0.23602749407291412
no increase in recent 2 iters
#########################################################
################## epoch 93 ###########################
loss: 110.5861, len_train_loader:1388
modified_target in every batch:50.9957
modified_hist in every batch :464.884
########## current_metrics ##########
ndcg_1: 0.1378303626306085
ndcg_5: 0.2185051143169403
ndcg_10: 0.25142136216163635
ndcg_20: 0.30100899934768677
hit_1: 0.1378303626306085
hit_5: 0.29414633494561876
hit_10: 0.3967625130274445
hit_20: 0.5957216536169531
ap: 0.23217818140983582
########## best_metrics ##########
ndcg_1: 0.14155153523422678
ndcg_5: 0.22259925305843353
ndcg_10: 0.2552120089530945
ndcg_20: 0.30543044209480286
hit_1: 0.14155153523422678
hit_5: 0.29884957644103577
hit_10: 0.40065070415007614
hit_20: 0.602382352155207
ap: 0.23602749407291412
no increase in recent 3 iters
#########################################################
################## epoch 94 ###########################
loss: 110.6673, len_train_loader:1388
modified_target in every batch:50.9957
modified_hist in every batch :464.9769
########## current_metrics ##########
ndcg_1: 0.13884583522620988
ndcg_5: 0.21967464685440063
ndcg_10: 0.25291281938552856
ndcg_20: 0.3035477101802826
hit_1: 0.13884583522620988
hit_5: 0.2956829053205419
hit_10: 0.3993212367387296
hit_20: 0.6024491595628123
ap: 0.23349601030349731
########## best_metrics ##########
ndcg_1: 0.14155153523422678
ndcg_5: 0.22259925305843353
ndcg_10: 0.2552120089530945
ndcg_20: 0.30543044209480286
hit_1: 0.14155153523422678
hit_5: 0.29884957644103577
hit_10: 0.40065070415007614
hit_20: 0.6024491595628123
ap: 0.23602749407291412
no increase in recent 0 iters
#########################################################
################## epoch 95 ###########################
loss: 110.3588, len_train_loader:1388
modified_target in every batch:50.9957
modified_hist in every batch :464.5007
########## current_metrics ##########
ndcg_1: 0.13816439966863525
ndcg_5: 0.21922004222869873
ndcg_10: 0.2526529133319855
ndcg_20: 0.30329248309135437
hit_1: 0.13816439966863525
hit_5: 0.29540231420859947
hit_10: 0.3996485930359958
hit_20: 0.6026963469709521
ap: 0.23309382796287537
########## best_metrics ##########
ndcg_1: 0.14155153523422678
ndcg_5: 0.22259925305843353
ndcg_10: 0.2552120089530945
ndcg_20: 0.30543044209480286
hit_1: 0.14155153523422678
hit_5: 0.29884957644103577
hit_10: 0.40065070415007614
hit_20: 0.6026963469709521
ap: 0.23602749407291412
no increase in recent 0 iters
#########################################################
################## epoch 96 ###########################
loss: 110.4399, len_train_loader:1388
modified_target in every batch:50.9957
modified_hist in every batch :464.3429
########## current_metrics ##########
ndcg_1: 0.13785708559365062
ndcg_5: 0.2187594622373581
ndcg_10: 0.2515827417373657
ndcg_20: 0.30165186524391174
hit_1: 0.13785708559365062
hit_5: 0.29471419791026426
hit_10: 0.3968961278426552
hit_20: 0.5977191951043531
ap: 0.23243112862110138
########## best_metrics ##########
ndcg_1: 0.14155153523422678
ndcg_5: 0.22259925305843353
ndcg_10: 0.2552120089530945
ndcg_20: 0.30543044209480286
hit_1: 0.14155153523422678
hit_5: 0.29884957644103577
hit_10: 0.40065070415007614
hit_20: 0.6026963469709521
ap: 0.23602749407291412
no increase in recent 1 iters
#########################################################
################## epoch 97 ###########################
loss: 105.548, len_train_loader:1388
modified_target in every batch:50.9957
modified_hist in every batch :464.9207
########## current_metrics ##########
ndcg_1: 0.14181208412388766
ndcg_5: 0.22324612736701965
ndcg_10: 0.25590309500694275
ndcg_20: 0.3064478635787964
hit_1: 0.14181208412388766
hit_5: 0.299551054220892
hit_10: 0.40138558563373505
hit_20: 0.6042462788273963
ap: 0.23669812083244324
########## best_metrics ##########
ndcg_1: 0.14181208412388766
ndcg_5: 0.22324612736701965
ndcg_10: 0.25590309500694275
ndcg_20: 0.3064478635787964
hit_1: 0.14181208412388766
hit_5: 0.299551054220892
hit_10: 0.40138558563373505
hit_20: 0.6042462788273963
ap: 0.23669812083244324
no increase in recent 0 iters
#########################################################
################## epoch 98 ###########################
loss: 103.7024, len_train_loader:1388
modified_target in every batch:50.9957
modified_hist in every batch :464.2586
########## current_metrics ##########
ndcg_1: 0.14092354560273643
ndcg_5: 0.22164267301559448
ndcg_10: 0.2544958293437958
ndcg_20: 0.3046759366989136
hit_1: 0.14092354560273643
hit_5: 0.2972996445845915
hit_10: 0.39964191229523527
hit_20: 0.6010528847438604
ap: 0.235353022813797
########## best_metrics ##########
ndcg_1: 0.14181208412388766
ndcg_5: 0.22324612736701965
ndcg_10: 0.25590309500694275
ndcg_20: 0.3064478635787964
hit_1: 0.14181208412388766
hit_5: 0.299551054220892
hit_10: 0.40138558563373505
hit_20: 0.6042462788273963
ap: 0.23669812083244324
no increase in recent 1 iters
#########################################################
################## epoch 99 ###########################
loss: 104.7265, len_train_loader:1388
modified_target in every batch:50.9957
modified_hist in every batch :465.0548
########## current_metrics ##########
ndcg_1: 0.14018866411907752
ndcg_5: 0.221869096159935
ndcg_10: 0.2544173002243042
ndcg_20: 0.3037804067134857
hit_1: 0.14018866411907752
hit_5: 0.2983618823655167
hit_10: 0.3998356537772908
hit_20: 0.5979129365864086
ap: 0.23504041135311127
########## best_metrics ##########
ndcg_1: 0.14181208412388766
ndcg_5: 0.22324612736701965
ndcg_10: 0.25590309500694275
ndcg_20: 0.3064478635787964
hit_1: 0.14181208412388766
hit_5: 0.299551054220892
hit_10: 0.40138558563373505
hit_20: 0.6042462788273963
ap: 0.23669812083244324
no increase in recent 2 iters
#########################################################
################## epoch 100 ###########################
loss: 105.4181, len_train_loader:1388
modified_target in every batch:50.9957
modified_hist in every batch :466.1434
########## current_metrics ##########
ndcg_1: 0.14064295449079395
ndcg_5: 0.22120393812656403
ndcg_10: 0.2542675733566284
ndcg_20: 0.3054485619068146
hit_1: 0.14064295449079395
hit_5: 0.2969455653242832
hit_10: 0.399962587851741
hit_20: 0.6052483899414767
ap: 0.23520179092884064
########## best_metrics ##########
ndcg_1: 0.14181208412388766
ndcg_5: 0.22324612736701965
ndcg_10: 0.25590309500694275
ndcg_20: 0.3064478635787964
hit_1: 0.14181208412388766
hit_5: 0.299551054220892
hit_10: 0.40138558563373505
hit_20: 0.6052483899414767
ap: 0.23669812083244324
no increase in recent 0 iters
#########################################################
model saved at ./datasets/toys/model/SASRectoys-100-model.pkl
################## epoch 101 ###########################
loss: 105.0894, len_train_loader:1388
modified_target in every batch:50.9957
modified_hist in every batch :465.1902
########## current_metrics ##########
ndcg_1: 0.14036904411961199
ndcg_5: 0.22099101543426514
ndcg_10: 0.25420546531677246
ndcg_20: 0.3046726584434509
hit_1: 0.14036904411961199
hit_5: 0.29669837791614334
hit_10: 0.40016301007455707
hit_20: 0.6024090751182491
ap: 0.2349218726158142
########## best_metrics ##########
ndcg_1: 0.14181208412388766
ndcg_5: 0.22324612736701965
ndcg_10: 0.25590309500694275
ndcg_20: 0.3064478635787964
hit_1: 0.14181208412388766
hit_5: 0.299551054220892
hit_10: 0.40138558563373505
hit_20: 0.6052483899414767
ap: 0.23669812083244324
no increase in recent 1 iters
#########################################################
################## epoch 102 ###########################
loss: 104.6069, len_train_loader:1388
modified_target in every batch:50.9957
modified_hist in every batch :465.554
########## current_metrics ##########
ndcg_1: 0.13954063226530558
ndcg_5: 0.22075366973876953
ndcg_10: 0.2536022663116455
ndcg_20: 0.304374098777771
hit_1: 0.13954063226530558
hit_5: 0.2968787579166778
hit_10: 0.39928783303492693
hit_20: 0.602870046230726
ap: 0.23442943394184113
########## best_metrics ##########
ndcg_1: 0.14181208412388766
ndcg_5: 0.22324612736701965
ndcg_10: 0.25590309500694275
ndcg_20: 0.3064478635787964
hit_1: 0.14181208412388766
hit_5: 0.299551054220892
hit_10: 0.40138558563373505
hit_20: 0.6052483899414767
ap: 0.23669812083244324
no increase in recent 2 iters
#########################################################
################## epoch 103 ###########################
loss: 104.9959, len_train_loader:1388
modified_target in every batch:50.9957
modified_hist in every batch :464.6499
########## current_metrics ##########
ndcg_1: 0.14037572486037253
ndcg_5: 0.22094297409057617
ndcg_10: 0.25384360551834106
ndcg_20: 0.30396929383277893
hit_1: 0.14037572486037253
hit_5: 0.29661152828625637
hit_10: 0.399114133775153
hit_20: 0.6000507736297801
ap: 0.23472318053245544
########## best_metrics ##########
ndcg_1: 0.14181208412388766
ndcg_5: 0.22324612736701965
ndcg_10: 0.25590309500694275
ndcg_20: 0.3064478635787964
hit_1: 0.14181208412388766
hit_5: 0.299551054220892
hit_10: 0.40138558563373505
hit_20: 0.6052483899414767
ap: 0.23669812083244324
no increase in recent 3 iters
#########################################################
################## epoch 104 ###########################
loss: 105.4683, len_train_loader:1388
modified_target in every batch:50.9957
modified_hist in every batch :464.732
########## current_metrics ##########
ndcg_1: 0.1406162315277518
ndcg_5: 0.22110284864902496
ndcg_10: 0.2538534104824066
ndcg_20: 0.30382591485977173
hit_1: 0.1406162315277518
hit_5: 0.29655140161941157
hit_10: 0.39863312044039445
hit_20: 0.5991355121455867
ap: 0.23483693599700928
########## best_metrics ##########
ndcg_1: 0.14181208412388766
ndcg_5: 0.22324612736701965
ndcg_10: 0.25590309500694275
ndcg_20: 0.3064478635787964
hit_1: 0.14181208412388766
hit_5: 0.299551054220892
hit_10: 0.40138558563373505
hit_20: 0.6052483899414767
ap: 0.23669812083244324
no increase in recent 4 iters
#########################################################
################## epoch 105 ###########################
loss: 105.1715, len_train_loader:1388
modified_target in every batch:50.9957
modified_hist in every batch :464.495
########## current_metrics ##########
ndcg_1: 0.14000828411854307
ndcg_5: 0.22106947004795074
ndcg_10: 0.25374993681907654
ndcg_20: 0.3039385974407196
hit_1: 0.14000828411854307
hit_5: 0.2968587156943962
hit_10: 0.3986665241441971
hit_20: 0.6001710269634697
ap: 0.2346993237733841
########## best_metrics ##########
ndcg_1: 0.14181208412388766
ndcg_5: 0.22324612736701965
ndcg_10: 0.25590309500694275
ndcg_20: 0.3064478635787964
hit_1: 0.14181208412388766
hit_5: 0.299551054220892
hit_10: 0.40138558563373505
hit_20: 0.6052483899414767
ap: 0.23669812083244324
no increase in recent 5 iters
#########################################################
################## epoch 106 ###########################
loss: 105.3423, len_train_loader:1388
modified_target in every batch:50.9957
modified_hist in every batch :464.2738
########## current_metrics ##########
ndcg_1: 0.13964752411747414
ndcg_5: 0.22053490579128265
ndcg_10: 0.25321078300476074
ndcg_20: 0.3031787574291229
hit_1: 0.13964752411747414
hit_5: 0.296818631249833
hit_10: 0.39867988562571816
hit_20: 0.5990620239972209
ap: 0.23399288952350616
########## best_metrics ##########
ndcg_1: 0.14181208412388766
ndcg_5: 0.22324612736701965
ndcg_10: 0.25590309500694275
ndcg_20: 0.3064478635787964
hit_1: 0.14181208412388766
hit_5: 0.299551054220892
hit_10: 0.40138558563373505
hit_20: 0.6052483899414767
ap: 0.23669812083244324
no increase in recent 6 iters
#########################################################
################## epoch 107 ###########################
loss: 105.2321, len_train_loader:1388
modified_target in every batch:50.9957
modified_hist in every batch :464.4942
########## current_metrics ##########
ndcg_1: 0.14000828411854307
ndcg_5: 0.2208145260810852
ndcg_10: 0.2533242702484131
ndcg_20: 0.3028237819671631
hit_1: 0.14000828411854307
hit_5: 0.29685203495363566
hit_10: 0.39809198043879107
hit_20: 0.5966970417679912
ap: 0.23424182832241058
########## best_metrics ##########
ndcg_1: 0.14181208412388766
ndcg_5: 0.22324612736701965
ndcg_10: 0.25590309500694275
ndcg_20: 0.3064478635787964
hit_1: 0.14181208412388766
hit_5: 0.299551054220892
hit_10: 0.40138558563373505
hit_20: 0.6052483899414767
ap: 0.23669812083244324
no increase in recent 7 iters
#########################################################
################## epoch 108 ###########################
loss: 105.3173, len_train_loader:1388
modified_target in every batch:50.9957
modified_hist in every batch :464.4813
########## current_metrics ##########
ndcg_1: 0.13905293818978648
ndcg_5: 0.21970225870609283
ndcg_10: 0.2531057298183441
ndcg_20: 0.303969144821167
hit_1: 0.13905293818978648
hit_5: 0.29523529568958606
hit_10: 0.3993813634055744
hit_20: 0.6033042943801609
ap: 0.2338389754295349
########## best_metrics ##########
ndcg_1: 0.14181208412388766
ndcg_5: 0.22324612736701965
ndcg_10: 0.25590309500694275
ndcg_20: 0.3064478635787964
hit_1: 0.14181208412388766
hit_5: 0.299551054220892
hit_10: 0.40138558563373505
hit_20: 0.6052483899414767
ap: 0.23669812083244324
no increase in recent 8 iters
#########################################################
################## epoch 109 ###########################
loss: 100.4247, len_train_loader:1388
modified_target in every batch:50.9957
modified_hist in every batch :464.7305
########## current_metrics ##########
ndcg_1: 0.14139119745597392
ndcg_5: 0.2225988358259201
ndcg_10: 0.25520479679107666
ndcg_20: 0.30586743354797363
hit_1: 0.14139119745597392
hit_5: 0.29883621495951473
hit_10: 0.40050372785334437
hit_20: 0.6035448010475402
ap: 0.23609967529773712
########## best_metrics ##########
ndcg_1: 0.14181208412388766
ndcg_5: 0.22324612736701965
ndcg_10: 0.25590309500694275
ndcg_20: 0.3064478635787964
hit_1: 0.14181208412388766
hit_5: 0.299551054220892
hit_10: 0.40138558563373505
hit_20: 0.6052483899414767
ap: 0.23669812083244324
no increase in recent 9 iters
#########################################################
################## epoch 110 ###########################
loss: 98.6757, len_train_loader:1388
modified_target in every batch:50.9957
modified_hist in every batch :464.5987
########## current_metrics ##########
ndcg_1: 0.1417987226423666
ndcg_5: 0.22316837310791016
ndcg_10: 0.25581252574920654
ndcg_20: 0.3062262535095215
hit_1: 0.1417987226423666
hit_5: 0.2994708853317656
hit_10: 0.40123192859624274
hit_20: 0.6035848854921033
ap: 0.23660646378993988
########## best_metrics ##########
ndcg_1: 0.14181208412388766
ndcg_5: 0.22324612736701965
ndcg_10: 0.25590309500694275
ndcg_20: 0.3064478635787964
hit_1: 0.14181208412388766
hit_5: 0.299551054220892
hit_10: 0.40138558563373505
hit_20: 0.6052483899414767
ap: 0.23669812083244324
no increase in recent 10 iters
#########################################################
################## epoch 111 ###########################
loss: 99.5623, len_train_loader:1388
modified_target in every batch:50.9957
modified_hist in every batch :464.7896
########## current_metrics ##########
ndcg_1: 0.14161166190107158
ndcg_5: 0.22240547835826874
ndcg_10: 0.2547439634799957
ndcg_20: 0.3054032027721405
hit_1: 0.14161166190107158
hit_5: 0.29796103791988454
hit_10: 0.39882018118168944
hit_20: 0.602008230672617
ap: 0.2360679656267166
########## best_metrics ##########
ndcg_1: 0.14181208412388766
ndcg_5: 0.22324612736701965
ndcg_10: 0.25590309500694275
ndcg_20: 0.3064478635787964
hit_1: 0.14181208412388766
hit_5: 0.299551054220892
hit_10: 0.40138558563373505
hit_20: 0.6052483899414767
ap: 0.23669812083244324
no increase in recent 11 iters
#########################################################
################## epoch 112 ###########################
loss: 99.8303, len_train_loader:1388
modified_target in every batch:50.9957
modified_hist in every batch :464.8667
########## current_metrics ##########
ndcg_1: 0.14141123967825553
ndcg_5: 0.22164811193943024
ndcg_10: 0.25440582633018494
ndcg_20: 0.3048713207244873
hit_1: 0.14141123967825553
hit_5: 0.29673846236070656
hit_10: 0.39882018118168944
hit_20: 0.6013334758558029
ap: 0.23557622730731964
########## best_metrics ##########
ndcg_1: 0.14181208412388766
ndcg_5: 0.22324612736701965
ndcg_10: 0.25590309500694275
ndcg_20: 0.3064478635787964
hit_1: 0.14181208412388766
hit_5: 0.299551054220892
hit_10: 0.40138558563373505
hit_20: 0.6052483899414767
ap: 0.23669812083244324
no increase in recent 12 iters
#########################################################
