nohup: ignoring input
########## DataInfo ##########
reading seq.dat
numUser:149684
numItem:282221
########## config ##########
thread_num: 4
dataset: toys
eval_neg_num: 100
train_neg_num: 10
input_len: 5
rec_model: BERT
train_type: train
save_epochs: [100, 200, 300, 400]
epoch_num: 500
learning_rate: 0.001
train_batch_size: 1024
test_batch_size: 256
drop_ratio: 0.1
decay_factor: 0.9
hidden_size: 50
num_hidden_layers: 1
num_attention_heads: 2
intermediate_size: 100
hidden_act: gelu
hidden_dropout_prob: 0.1
attention_probs_dropout_prob: 0.1
type_vocab_size: 1
initializer_range: 0.1
loss_type: pairwise_sample
weight_decay: 0.01
device: cuda
max_seq_len: 5
layer_size: 1
threshold: 1
noise_ratio: 0.05
candidate_num: 4
high_loss_drop: 0.05
weight_drop: 0.5
encoder_loss: False
user_num: 149684
item_num: 282221
generating train samples
train_size: 1421202, time: 8.514264583587646
abandoned 0(0.0) samples
valid user num: 149684
valid item num: 246775
generating test samples
test_size: 149684, time: 1088.1714131832123
abandoned 0(0.0) samples
------------BERT ENCODER YES------------
============================================================
Start Training
============================================================
################## epoch 0 ###########################
loss: 500.7463, len_train_loader:1388
modified_target in every batch:0.0
modified_hist in every batch :0.0
########## current_metrics ##########
ndcg_1: 0.046978969028085835
ndcg_5: 0.10648909211158752
ndcg_10: 0.1397521197795868
ndcg_20: 0.18548038601875305
hit_1: 0.046978969028085835
hit_5: 0.1660030464177868
hit_10: 0.2697683119104246
hit_20: 0.4527404398599717
ap: 0.1279701143503189
########## best_metrics ##########
ndcg_1: 0.046978969028085835
ndcg_5: 0.10648909211158752
ndcg_10: 0.1397521197795868
ndcg_20: 0.18548038601875305
hit_1: 0.046978969028085835
hit_5: 0.1660030464177868
hit_10: 0.2697683119104246
hit_20: 0.4527404398599717
ap: 0.1279701143503189
no increase in recent 0 iters
#########################################################
################## epoch 1 ###########################
loss: 264.1192, len_train_loader:1388
modified_target in every batch:0.0
modified_hist in every batch :0.0
########## current_metrics ##########
ndcg_1: 0.07553245503861468
ndcg_5: 0.1533234417438507
ndcg_10: 0.19109751284122467
ndcg_20: 0.2404310554265976
hit_1: 0.07553245503861468
hit_5: 0.22913604660484754
hit_10: 0.34673044547179394
hit_20: 0.5439525934635633
ap: 0.17059707641601562
########## best_metrics ##########
ndcg_1: 0.07553245503861468
ndcg_5: 0.1533234417438507
ndcg_10: 0.19109751284122467
ndcg_20: 0.2404310554265976
hit_1: 0.07553245503861468
hit_5: 0.22913604660484754
hit_10: 0.34673044547179394
hit_20: 0.5439525934635633
ap: 0.17059707641601562
no increase in recent 0 iters
#########################################################
################## epoch 2 ###########################
loss: 185.2618, len_train_loader:1388
modified_target in every batch:0.0
modified_hist in every batch :0.0
########## current_metrics ##########
ndcg_1: 0.09412495657518506
ndcg_5: 0.17698322236537933
ndcg_10: 0.21451762318611145
ndcg_20: 0.26416078209877014
hit_1: 0.09412495657518506
hit_5: 0.25720851928061783
hit_10: 0.3740880788861869
hit_20: 0.5726730979931055
ap: 0.19202390313148499
########## best_metrics ##########
ndcg_1: 0.09412495657518506
ndcg_5: 0.17698322236537933
ndcg_10: 0.21451762318611145
ndcg_20: 0.26416078209877014
hit_1: 0.09412495657518506
hit_5: 0.25720851928061783
hit_10: 0.3740880788861869
hit_20: 0.5726730979931055
ap: 0.19202390313148499
no increase in recent 0 iters
#########################################################
################## epoch 3 ###########################
loss: 150.0318, len_train_loader:1388
modified_target in every batch:0.0
modified_hist in every batch :0.0
########## current_metrics ##########
ndcg_1: 0.10414606771598835
ndcg_5: 0.18907351791858673
ndcg_10: 0.22632457315921783
ndcg_20: 0.27615439891815186
hit_1: 0.10414606771598835
hit_5: 0.2709107185804762
hit_10: 0.3868549744795703
hit_20: 0.5861013869217819
ap: 0.20314517617225647
########## best_metrics ##########
ndcg_1: 0.10414606771598835
ndcg_5: 0.18907351791858673
ndcg_10: 0.22632457315921783
ndcg_20: 0.27615439891815186
hit_1: 0.10414606771598835
hit_5: 0.2709107185804762
hit_10: 0.3868549744795703
hit_20: 0.5861013869217819
ap: 0.20314517617225647
no increase in recent 0 iters
#########################################################
################## epoch 4 ###########################
loss: 130.3631, len_train_loader:1388
modified_target in every batch:0.0
modified_hist in every batch :0.0
########## current_metrics ##########
ndcg_1: 0.11103391144010048
ndcg_5: 0.19586510956287384
ndcg_10: 0.23255769908428192
ndcg_20: 0.28229132294654846
hit_1: 0.11103391144010048
hit_5: 0.27719729563614015
hit_10: 0.39143796264129765
hit_20: 0.5903837417492852
ap: 0.20964792370796204
########## best_metrics ##########
ndcg_1: 0.11103391144010048
ndcg_5: 0.19586510956287384
ndcg_10: 0.23255769908428192
ndcg_20: 0.28229132294654846
hit_1: 0.11103391144010048
hit_5: 0.27719729563614015
hit_10: 0.39143796264129765
hit_20: 0.5903837417492852
ap: 0.20964792370796204
no increase in recent 0 iters
#########################################################
################## epoch 5 ###########################
loss: 119.1733, len_train_loader:1388
modified_target in every batch:0.0
modified_hist in every batch :0.0
########## current_metrics ##########
ndcg_1: 0.1125237166296999
ndcg_5: 0.19758151471614838
ndcg_10: 0.23464548587799072
ndcg_20: 0.28530481457710266
hit_1: 0.1125237166296999
hit_5: 0.2786403356404158
hit_10: 0.3940033670933433
hit_20: 0.5965767884343016
ap: 0.211748868227005
########## best_metrics ##########
ndcg_1: 0.1125237166296999
ndcg_5: 0.19758151471614838
ndcg_10: 0.23464548587799072
ndcg_20: 0.28530481457710266
hit_1: 0.1125237166296999
hit_5: 0.2786403356404158
hit_10: 0.3940033670933433
hit_20: 0.5965767884343016
ap: 0.211748868227005
no increase in recent 0 iters
#########################################################
################## epoch 6 ###########################
loss: 111.8498, len_train_loader:1388
modified_target in every batch:0.0
modified_hist in every batch :0.0
########## current_metrics ##########
ndcg_1: 0.11459474626546591
ndcg_5: 0.19952908158302307
ndcg_10: 0.23615165054798126
ndcg_20: 0.2854442596435547
hit_1: 0.11459474626546591
hit_5: 0.2803840089789156
hit_10: 0.39441089227973597
hit_20: 0.5916864861975896
ap: 0.21321411430835724
########## best_metrics ##########
ndcg_1: 0.11459474626546591
ndcg_5: 0.19952908158302307
ndcg_10: 0.23615165054798126
ndcg_20: 0.2854442596435547
hit_1: 0.11459474626546591
hit_5: 0.2803840089789156
hit_10: 0.39441089227973597
hit_20: 0.5965767884343016
ap: 0.21321411430835724
no increase in recent 0 iters
#########################################################
################## epoch 7 ###########################
loss: 106.2281, len_train_loader:1388
modified_target in every batch:0.0
modified_hist in every batch :0.0
########## current_metrics ##########
ndcg_1: 0.11750086849629887
ndcg_5: 0.2027367800474167
ndcg_10: 0.2387208640575409
ndcg_20: 0.2881607115268707
hit_1: 0.11750086849629887
hit_5: 0.2843790919537158
hit_10: 0.3965353678415863
hit_20: 0.5944255899094092
ap: 0.21587303280830383
########## best_metrics ##########
ndcg_1: 0.11750086849629887
ndcg_5: 0.2027367800474167
ndcg_10: 0.2387208640575409
ndcg_20: 0.2881607115268707
hit_1: 0.11750086849629887
hit_5: 0.2843790919537158
hit_10: 0.3965353678415863
hit_20: 0.5965767884343016
ap: 0.21587303280830383
no increase in recent 0 iters
#########################################################
################## epoch 8 ###########################
loss: 103.1342, len_train_loader:1388
modified_target in every batch:0.0
modified_hist in every batch :0.0
########## current_metrics ##########
ndcg_1: 0.11971219368803612
ndcg_5: 0.20404662191867828
ndcg_10: 0.23961687088012695
ndcg_20: 0.28852757811546326
hit_1: 0.11971219368803612
hit_5: 0.28451270676892654
hit_10: 0.39533283450468987
hit_20: 0.5911319847144652
ap: 0.2173585444688797
########## best_metrics ##########
ndcg_1: 0.11971219368803612
ndcg_5: 0.20404662191867828
ndcg_10: 0.23961687088012695
ndcg_20: 0.28852757811546326
hit_1: 0.11971219368803612
hit_5: 0.28451270676892654
hit_10: 0.3965353678415863
hit_20: 0.5965767884343016
ap: 0.2173585444688797
no increase in recent 0 iters
#########################################################
################## epoch 9 ###########################
loss: 100.0504, len_train_loader:1388
modified_target in every batch:0.0
modified_hist in every batch :0.0
########## current_metrics ##########
ndcg_1: 0.11965874776195184
ndcg_5: 0.20402923226356506
ndcg_10: 0.23968662321567535
ndcg_20: 0.28829139471054077
hit_1: 0.11965874776195184
hit_5: 0.2842387963977446
hit_10: 0.39520590043023973
hit_20: 0.5897423906362738
ap: 0.21739834547042847
########## best_metrics ##########
ndcg_1: 0.11971219368803612
ndcg_5: 0.20404662191867828
ndcg_10: 0.23968662321567535
ndcg_20: 0.28852757811546326
hit_1: 0.11971219368803612
hit_5: 0.28451270676892654
hit_10: 0.3965353678415863
hit_20: 0.5965767884343016
ap: 0.21739834547042847
no increase in recent 0 iters
#########################################################
################## epoch 10 ###########################
loss: 98.0975, len_train_loader:1388
modified_target in every batch:0.0
modified_hist in every batch :0.0
########## current_metrics ##########
ndcg_1: 0.12040699072713182
ndcg_5: 0.20438742637634277
ndcg_10: 0.23940284550189972
ndcg_20: 0.2873104214668274
hit_1: 0.12040699072713182
hit_5: 0.2841920312124208
hit_10: 0.3931549130167553
hit_20: 0.584992383955533
ap: 0.2175283581018448
########## best_metrics ##########
ndcg_1: 0.12040699072713182
ndcg_5: 0.20438742637634277
ndcg_10: 0.23968662321567535
ndcg_20: 0.28852757811546326
hit_1: 0.12040699072713182
hit_5: 0.28451270676892654
hit_10: 0.3965353678415863
hit_20: 0.5965767884343016
ap: 0.2175283581018448
no increase in recent 0 iters
#########################################################
################## epoch 11 ###########################
loss: 96.4736, len_train_loader:1388
modified_target in every batch:0.0
modified_hist in every batch :0.0
########## current_metrics ##########
ndcg_1: 0.12148258998957805
ndcg_5: 0.20512954890727997
ndcg_10: 0.24049066007137299
ndcg_20: 0.2890189290046692
hit_1: 0.12148258998957805
hit_5: 0.28443921862056065
hit_10: 0.39465139894711526
hit_20: 0.5888939365596857
ap: 0.21859823167324066
########## best_metrics ##########
ndcg_1: 0.12148258998957805
ndcg_5: 0.20512954890727997
ndcg_10: 0.24049066007137299
ndcg_20: 0.2890189290046692
hit_1: 0.12148258998957805
hit_5: 0.28451270676892654
hit_10: 0.3965353678415863
hit_20: 0.5965767884343016
ap: 0.21859823167324066
no increase in recent 0 iters
#########################################################
################## epoch 12 ###########################
loss: 94.9871, len_train_loader:1388
modified_target in every batch:0.0
modified_hist in every batch :0.0
########## current_metrics ##########
ndcg_1: 0.12125544480371983
ndcg_5: 0.20458193123340607
ndcg_10: 0.23956039547920227
ndcg_20: 0.28812548518180847
hit_1: 0.12125544480371983
hit_5: 0.28333021565431177
hit_10: 0.3921394404211539
hit_20: 0.5865423158119772
ap: 0.2181936800479889
########## best_metrics ##########
ndcg_1: 0.12148258998957805
ndcg_5: 0.20512954890727997
ndcg_10: 0.24049066007137299
ndcg_20: 0.2890189290046692
hit_1: 0.12148258998957805
hit_5: 0.28451270676892654
hit_10: 0.3965353678415863
hit_20: 0.5965767884343016
ap: 0.21859823167324066
no increase in recent 1 iters
#########################################################
################## epoch 13 ###########################
loss: 94.0552, len_train_loader:1388
modified_target in every batch:0.0
modified_hist in every batch :0.0
########## current_metrics ##########
ndcg_1: 0.12008631517062612
ndcg_5: 0.20452159643173218
ndcg_10: 0.23982194066047668
ndcg_20: 0.2889595627784729
hit_1: 0.12008631517062612
hit_5: 0.28473985195478474
hit_10: 0.3947716522808049
hit_20: 0.591479383234013
ap: 0.21777485311031342
########## best_metrics ##########
ndcg_1: 0.12148258998957805
ndcg_5: 0.20512954890727997
ndcg_10: 0.24049066007137299
ndcg_20: 0.2890189290046692
hit_1: 0.12148258998957805
hit_5: 0.28473985195478474
hit_10: 0.3965353678415863
hit_20: 0.5965767884343016
ap: 0.21859823167324066
no increase in recent 0 iters
#########################################################
################## epoch 14 ###########################
loss: 93.0651, len_train_loader:1388
modified_target in every batch:0.0
modified_hist in every batch :0.0
########## current_metrics ##########
ndcg_1: 0.12209053739878678
ndcg_5: 0.20526501536369324
ndcg_10: 0.2404066026210785
ndcg_20: 0.28919899463653564
hit_1: 0.12209053739878678
hit_5: 0.2841051815825339
hit_10: 0.3935691189439085
hit_20: 0.5889206595227279
ap: 0.21891134977340698
########## best_metrics ##########
ndcg_1: 0.12209053739878678
ndcg_5: 0.20526501536369324
ndcg_10: 0.24049066007137299
ndcg_20: 0.28919899463653564
hit_1: 0.12209053739878678
hit_5: 0.28473985195478474
hit_10: 0.3965353678415863
hit_20: 0.5965767884343016
ap: 0.21891134977340698
no increase in recent 0 iters
#########################################################
################## epoch 15 ###########################
loss: 92.4016, len_train_loader:1388
modified_target in every batch:0.0
modified_hist in every batch :0.0
########## current_metrics ##########
ndcg_1: 0.12239117073301088
ndcg_5: 0.2060062736272812
ndcg_10: 0.24092084169387817
ndcg_20: 0.29008719325065613
hit_1: 0.12239117073301088
hit_5: 0.2850137623259667
hit_10: 0.39385639079661156
hit_20: 0.5907779054541568
ap: 0.21948370337486267
########## best_metrics ##########
ndcg_1: 0.12239117073301088
ndcg_5: 0.2060062736272812
ndcg_10: 0.24092084169387817
ndcg_20: 0.29008719325065613
hit_1: 0.12239117073301088
hit_5: 0.2850137623259667
hit_10: 0.3965353678415863
hit_20: 0.5965767884343016
ap: 0.21948370337486267
no increase in recent 0 iters
#########################################################
################## epoch 16 ###########################
loss: 91.8988, len_train_loader:1388
modified_target in every batch:0.0
modified_hist in every batch :0.0
########## current_metrics ##########
ndcg_1: 0.12191015739825233
ndcg_5: 0.20646259188652039
ndcg_10: 0.24168244004249573
ndcg_20: 0.2907923460006714
hit_1: 0.12191015739825233
hit_5: 0.28666390529381897
hit_10: 0.39634162635953074
hit_20: 0.5929424654605703
ap: 0.21969203650951385
########## best_metrics ##########
ndcg_1: 0.12239117073301088
ndcg_5: 0.20646259188652039
ndcg_10: 0.24168244004249573
ndcg_20: 0.2907923460006714
hit_1: 0.12239117073301088
hit_5: 0.28666390529381897
hit_10: 0.3965353678415863
hit_20: 0.5965767884343016
ap: 0.21969203650951385
no increase in recent 0 iters
#########################################################
################## epoch 17 ###########################
loss: 91.3572, len_train_loader:1388
modified_target in every batch:0.0
modified_hist in every batch :0.0
########## current_metrics ##########
ndcg_1: 0.1251970818524358
ndcg_5: 0.20763960480690002
ndcg_10: 0.24252603948116302
ndcg_20: 0.29061242938041687
hit_1: 0.1251970818524358
hit_5: 0.285728601587344
hit_10: 0.3943975307982149
hit_20: 0.5869097565538067
ap: 0.22127938270568848
########## best_metrics ##########
ndcg_1: 0.1251970818524358
ndcg_5: 0.20763960480690002
ndcg_10: 0.24252603948116302
ndcg_20: 0.2907923460006714
hit_1: 0.1251970818524358
hit_5: 0.28666390529381897
hit_10: 0.3965353678415863
hit_20: 0.5965767884343016
ap: 0.22127938270568848
no increase in recent 0 iters
#########################################################
################## epoch 18 ###########################
loss: 90.4674, len_train_loader:1388
modified_target in every batch:0.0
modified_hist in every batch :0.0
########## current_metrics ##########
ndcg_1: 0.12298575666069854
ndcg_5: 0.20686551928520203
ndcg_10: 0.24157561361789703
ndcg_20: 0.29093611240386963
hit_1: 0.12298575666069854
hit_5: 0.2865570134416504
hit_10: 0.3946580796878758
hit_20: 0.5923411987921221
ap: 0.22009190917015076
########## best_metrics ##########
ndcg_1: 0.1251970818524358
ndcg_5: 0.20763960480690002
ndcg_10: 0.24252603948116302
ndcg_20: 0.29093611240386963
hit_1: 0.1251970818524358
hit_5: 0.28666390529381897
hit_10: 0.3965353678415863
hit_20: 0.5965767884343016
ap: 0.22127938270568848
no increase in recent 0 iters
#########################################################
################## epoch 19 ###########################
loss: 90.254, len_train_loader:1388
modified_target in every batch:0.0
modified_hist in every batch :0.0
########## current_metrics ##########
ndcg_1: 0.12440207370193207
ndcg_5: 0.20835673809051514
ndcg_10: 0.24299657344818115
ndcg_20: 0.2910609543323517
hit_1: 0.12440207370193207
hit_5: 0.2879599690013629
hit_10: 0.39564682932043505
hit_20: 0.5881189706314636
ap: 0.22140146791934967
########## best_metrics ##########
ndcg_1: 0.1251970818524358
ndcg_5: 0.20835673809051514
ndcg_10: 0.24299657344818115
ndcg_20: 0.2910609543323517
hit_1: 0.1251970818524358
hit_5: 0.2879599690013629
hit_10: 0.3965353678415863
hit_20: 0.5965767884343016
ap: 0.22140146791934967
no increase in recent 0 iters
#########################################################
################## epoch 20 ###########################
loss: 89.7951, len_train_loader:1388
modified_target in every batch:0.0
modified_hist in every batch :0.0
########## current_metrics ##########
ndcg_1: 0.12442211592421368
ndcg_5: 0.2081994265317917
ndcg_10: 0.24251991510391235
ndcg_20: 0.29079094529151917
hit_1: 0.12442211592421368
hit_5: 0.2875524438149702
hit_10: 0.39449774190962295
hit_20: 0.5878316987787606
ap: 0.22119469940662384
########## best_metrics ##########
ndcg_1: 0.1251970818524358
ndcg_5: 0.20835673809051514
ndcg_10: 0.24299657344818115
ndcg_20: 0.2910609543323517
hit_1: 0.1251970818524358
hit_5: 0.2879599690013629
hit_10: 0.3965353678415863
hit_20: 0.5965767884343016
ap: 0.22140146791934967
no increase in recent 1 iters
#########################################################
################## epoch 21 ###########################
loss: 89.4826, len_train_loader:1388
modified_target in every batch:0.0
modified_hist in every batch :0.0
########## current_metrics ##########
ndcg_1: 0.12503674407418294
ndcg_5: 0.20816998183727264
ndcg_10: 0.24305494129657745
ndcg_20: 0.2922675311565399
hit_1: 0.12503674407418294
hit_5: 0.28675075492370594
hit_10: 0.39540632265305575
hit_20: 0.5924213676812485
ap: 0.22179408371448517
########## best_metrics ##########
ndcg_1: 0.1251970818524358
ndcg_5: 0.20835673809051514
ndcg_10: 0.24305494129657745
ndcg_20: 0.2922675311565399
hit_1: 0.1251970818524358
hit_5: 0.2879599690013629
hit_10: 0.3965353678415863
hit_20: 0.5965767884343016
ap: 0.22179408371448517
no increase in recent 0 iters
#########################################################
################## epoch 22 ###########################
loss: 89.2841, len_train_loader:1388
modified_target in every batch:0.0
modified_hist in every batch :0.0
########## current_metrics ##########
ndcg_1: 0.1250100211111408
ndcg_5: 0.20877839624881744
ndcg_10: 0.24338674545288086
ndcg_20: 0.29221177101135254
hit_1: 0.1250100211111408
hit_5: 0.2878931615937575
hit_10: 0.39574704043184306
hit_20: 0.5912321958258732
ap: 0.22203314304351807
########## best_metrics ##########
ndcg_1: 0.1251970818524358
ndcg_5: 0.20877839624881744
ndcg_10: 0.24338674545288086
ndcg_20: 0.2922675311565399
hit_1: 0.1251970818524358
hit_5: 0.2879599690013629
hit_10: 0.3965353678415863
hit_20: 0.5965767884343016
ap: 0.22203314304351807
no increase in recent 0 iters
#########################################################
################## epoch 23 ###########################
loss: 88.9065, len_train_loader:1388
modified_target in every batch:0.0
modified_hist in every batch :0.0
########## current_metrics ##########
ndcg_1: 0.12543758851981507
ndcg_5: 0.20846916735172272
ndcg_10: 0.2430744171142578
ndcg_20: 0.29246985912323
hit_1: 0.12543758851981507
hit_5: 0.28731861788835145
hit_10: 0.39527270783784507
hit_20: 0.5930359958312178
ap: 0.22189553081989288
########## best_metrics ##########
ndcg_1: 0.12543758851981507
ndcg_5: 0.20877839624881744
ndcg_10: 0.24338674545288086
ndcg_20: 0.29246985912323
hit_1: 0.12543758851981507
hit_5: 0.2879599690013629
hit_10: 0.3965353678415863
hit_20: 0.5965767884343016
ap: 0.22203314304351807
no increase in recent 0 iters
#########################################################
################## epoch 24 ###########################
loss: 88.6766, len_train_loader:1388
modified_target in every batch:0.0
modified_hist in every batch :0.0
########## current_metrics ##########
ndcg_1: 0.12674701370888003
ndcg_5: 0.2099810391664505
ndcg_10: 0.24449311196804047
ndcg_20: 0.29407304525375366
hit_1: 0.12674701370888003
hit_5: 0.2883741749285161
hit_10: 0.3958405708024906
hit_20: 0.5943921862056065
ap: 0.22356171905994415
########## best_metrics ##########
ndcg_1: 0.12674701370888003
ndcg_5: 0.2099810391664505
ndcg_10: 0.24449311196804047
ndcg_20: 0.29407304525375366
hit_1: 0.12674701370888003
hit_5: 0.2883741749285161
hit_10: 0.3965353678415863
hit_20: 0.5965767884343016
ap: 0.22356171905994415
no increase in recent 0 iters
#########################################################
################## epoch 25 ###########################
loss: 88.5543, len_train_loader:1388
modified_target in every batch:0.0
modified_hist in every batch :0.0
########## current_metrics ##########
ndcg_1: 0.1244087544426926
ndcg_5: 0.2095508575439453
ndcg_10: 0.24391353130340576
ndcg_20: 0.2932630479335785
hit_1: 0.1244087544426926
hit_5: 0.29002431789636834
hit_10: 0.39702306191710535
hit_20: 0.5948130728735203
ap: 0.22231951355934143
########## best_metrics ##########
ndcg_1: 0.12674701370888003
ndcg_5: 0.2099810391664505
ndcg_10: 0.24449311196804047
ndcg_20: 0.29407304525375366
hit_1: 0.12674701370888003
hit_5: 0.29002431789636834
hit_10: 0.39702306191710535
hit_20: 0.5965767884343016
ap: 0.22356171905994415
no increase in recent 0 iters
#########################################################
################## epoch 26 ###########################
loss: 88.1654, len_train_loader:1388
modified_target in every batch:0.0
modified_hist in every batch :0.0
########## current_metrics ##########
ndcg_1: 0.12666016407899308
ndcg_5: 0.20937104523181915
ndcg_10: 0.24383944272994995
ndcg_20: 0.2924642562866211
hit_1: 0.12666016407899308
hit_5: 0.28741214825899897
hit_10: 0.39482509820688916
hit_20: 0.5894417573020496
ap: 0.22291447222232819
########## best_metrics ##########
ndcg_1: 0.12674701370888003
ndcg_5: 0.2099810391664505
ndcg_10: 0.24449311196804047
ndcg_20: 0.29407304525375366
hit_1: 0.12674701370888003
hit_5: 0.29002431789636834
hit_10: 0.39702306191710535
hit_20: 0.5965767884343016
ap: 0.22356171905994415
no increase in recent 1 iters
#########################################################
################## epoch 27 ###########################
loss: 88.0381, len_train_loader:1388
modified_target in every batch:0.0
modified_hist in every batch :0.0
########## current_metrics ##########
ndcg_1: 0.12490980999973277
ndcg_5: 0.2083517163991928
ndcg_10: 0.24288858473300934
ndcg_20: 0.2922155559062958
hit_1: 0.12490980999973277
hit_5: 0.28716496085085913
hit_10: 0.39477833302156545
hit_20: 0.5924080061997274
ap: 0.2218053638935089
########## best_metrics ##########
ndcg_1: 0.12674701370888003
ndcg_5: 0.2099810391664505
ndcg_10: 0.24449311196804047
ndcg_20: 0.29407304525375366
hit_1: 0.12674701370888003
hit_5: 0.29002431789636834
hit_10: 0.39702306191710535
hit_20: 0.5965767884343016
ap: 0.22356171905994415
no increase in recent 2 iters
#########################################################
################## epoch 28 ###########################
loss: 87.6556, len_train_loader:1388
modified_target in every batch:0.0
modified_hist in every batch :0.0
########## current_metrics ##########
ndcg_1: 0.12650650704150077
ndcg_5: 0.21029500663280487
ndcg_10: 0.24487443268299103
ndcg_20: 0.2942885160446167
hit_1: 0.12650650704150077
hit_5: 0.2890956949306539
hit_10: 0.3968426819165709
hit_20: 0.5947863499104781
ap: 0.22370266914367676
########## best_metrics ##########
ndcg_1: 0.12674701370888003
ndcg_5: 0.21029500663280487
ndcg_10: 0.24487443268299103
ndcg_20: 0.2942885160446167
hit_1: 0.12674701370888003
hit_5: 0.29002431789636834
hit_10: 0.39702306191710535
hit_20: 0.5965767884343016
ap: 0.22370266914367676
no increase in recent 0 iters
#########################################################
################## epoch 29 ###########################
loss: 87.8831, len_train_loader:1388
modified_target in every batch:0.0
modified_hist in every batch :0.0
########## current_metrics ##########
ndcg_1: 0.1271745811175543
ndcg_5: 0.21066565811634064
ndcg_10: 0.24519865214824677
ndcg_20: 0.29460301995277405
hit_1: 0.1271745811175543
hit_5: 0.2896167927099757
hit_10: 0.39713663451003445
hit_20: 0.5950402180593785
ap: 0.22405731678009033
########## best_metrics ##########
ndcg_1: 0.1271745811175543
ndcg_5: 0.21066565811634064
ndcg_10: 0.24519865214824677
ndcg_20: 0.29460301995277405
hit_1: 0.1271745811175543
hit_5: 0.29002431789636834
hit_10: 0.39713663451003445
hit_20: 0.5965767884343016
ap: 0.22405731678009033
no increase in recent 0 iters
#########################################################
################## epoch 30 ###########################
loss: 87.4012, len_train_loader:1388
modified_target in every batch:0.0
modified_hist in every batch :0.0
########## current_metrics ##########
ndcg_1: 0.12684722482028807
ndcg_5: 0.21068038046360016
ndcg_10: 0.24576672911643982
ndcg_20: 0.2963232696056366
hit_1: 0.12684722482028807
hit_5: 0.289957510488763
hit_10: 0.39940140562785603
hit_20: 0.601908019561209
ap: 0.22428326308727264
########## best_metrics ##########
ndcg_1: 0.1271745811175543
ndcg_5: 0.21068038046360016
ndcg_10: 0.24576672911643982
ndcg_20: 0.2963232696056366
hit_1: 0.1271745811175543
hit_5: 0.29002431789636834
hit_10: 0.39940140562785603
hit_20: 0.601908019561209
ap: 0.22428326308727264
no increase in recent 0 iters
#########################################################
################## epoch 31 ###########################
loss: 87.416, len_train_loader:1388
modified_target in every batch:0.0
modified_hist in every batch :0.0
########## current_metrics ##########
ndcg_1: 0.1264196574116138
ndcg_5: 0.21016964316368103
ndcg_10: 0.2447291761636734
ndcg_20: 0.2938203811645508
hit_1: 0.1264196574116138
hit_5: 0.28916250233825924
hit_10: 0.39688944710189467
hit_20: 0.5933900750915262
ap: 0.2234615683555603
########## best_metrics ##########
ndcg_1: 0.1271745811175543
ndcg_5: 0.21068038046360016
ndcg_10: 0.24576672911643982
ndcg_20: 0.2963232696056366
hit_1: 0.1271745811175543
hit_5: 0.29002431789636834
hit_10: 0.39940140562785603
hit_20: 0.601908019561209
ap: 0.22428326308727264
no increase in recent 1 iters
#########################################################
################## epoch 32 ###########################
loss: 87.2231, len_train_loader:1388
modified_target in every batch:0.0
modified_hist in every batch :0.0
########## current_metrics ##########
ndcg_1: 0.12545095000133616
ndcg_5: 0.209823876619339
ndcg_10: 0.24438029527664185
ndcg_20: 0.2927323877811432
hit_1: 0.12545095000133616
hit_5: 0.28945645493172284
hit_10: 0.3969896582133027
hit_20: 0.5906042061943828
ap: 0.2228289544582367
########## best_metrics ##########
ndcg_1: 0.1271745811175543
ndcg_5: 0.21068038046360016
ndcg_10: 0.24576672911643982
ndcg_20: 0.2963232696056366
hit_1: 0.1271745811175543
hit_5: 0.29002431789636834
hit_10: 0.39940140562785603
hit_20: 0.601908019561209
ap: 0.22428326308727264
no increase in recent 2 iters
#########################################################
################## epoch 33 ###########################
loss: 87.0712, len_train_loader:1388
modified_target in every batch:0.0
modified_hist in every batch :0.0
########## current_metrics ##########
ndcg_1: 0.1262125544480372
ndcg_5: 0.21005913615226746
ndcg_10: 0.24468936026096344
ndcg_20: 0.2931402623653412
hit_1: 0.1262125544480372
hit_5: 0.2890756527083723
hit_10: 0.39706314636166856
hit_20: 0.5910518158253387
ap: 0.22326335310935974
########## best_metrics ##########
ndcg_1: 0.1271745811175543
ndcg_5: 0.21068038046360016
ndcg_10: 0.24576672911643982
ndcg_20: 0.2963232696056366
hit_1: 0.1271745811175543
hit_5: 0.29002431789636834
hit_10: 0.39940140562785603
hit_20: 0.601908019561209
ap: 0.22428326308727264
no increase in recent 3 iters
#########################################################
################## epoch 34 ###########################
loss: 86.9485, len_train_loader:1388
modified_target in every batch:0.0
modified_hist in every batch :0.0
########## current_metrics ##########
ndcg_1: 0.12729483445124395
ndcg_5: 0.21081708371639252
ndcg_10: 0.2457612007856369
ndcg_20: 0.2958718538284302
hit_1: 0.12729483445124395
hit_5: 0.28982389567355227
hit_10: 0.39865316266267603
hit_20: 0.5992824884423185
ap: 0.2244117707014084
########## best_metrics ##########
ndcg_1: 0.12729483445124395
ndcg_5: 0.21081708371639252
ndcg_10: 0.24576672911643982
ndcg_20: 0.2963232696056366
hit_1: 0.12729483445124395
hit_5: 0.29002431789636834
hit_10: 0.39940140562785603
hit_20: 0.601908019561209
ap: 0.2244117707014084
no increase in recent 0 iters
#########################################################
################## epoch 35 ###########################
loss: 87.0234, len_train_loader:1388
modified_target in every batch:0.0
modified_hist in every batch :0.0
########## current_metrics ##########
ndcg_1: 0.12722134630287807
ndcg_5: 0.21037399768829346
ndcg_10: 0.2446928322315216
ndcg_20: 0.29335716366767883
hit_1: 0.12722134630287807
hit_5: 0.2888284653002325
hit_10: 0.39559338339435074
hit_20: 0.5906643328612277
ap: 0.22374795377254486
########## best_metrics ##########
ndcg_1: 0.12729483445124395
ndcg_5: 0.21081708371639252
ndcg_10: 0.24576672911643982
ndcg_20: 0.2963232696056366
hit_1: 0.12729483445124395
hit_5: 0.29002431789636834
hit_10: 0.39940140562785603
hit_20: 0.601908019561209
ap: 0.2244117707014084
no increase in recent 1 iters
#########################################################
################## epoch 36 ###########################
loss: 86.6052, len_train_loader:1388
modified_target in every batch:0.0
modified_hist in every batch :0.0
########## current_metrics ##########
ndcg_1: 0.12688062852409074
ndcg_5: 0.2115991711616516
ndcg_10: 0.2462267130613327
ndcg_20: 0.2959531545639038
hit_1: 0.12688062852409074
hit_5: 0.2916343764196574
hit_10: 0.3995684241468694
hit_20: 0.5987881136260389
ap: 0.224605530500412
########## best_metrics ##########
ndcg_1: 0.12729483445124395
ndcg_5: 0.2115991711616516
ndcg_10: 0.2462267130613327
ndcg_20: 0.2963232696056366
hit_1: 0.12729483445124395
hit_5: 0.2916343764196574
hit_10: 0.3995684241468694
hit_20: 0.601908019561209
ap: 0.224605530500412
no increase in recent 0 iters
#########################################################
################## epoch 37 ###########################
loss: 86.6554, len_train_loader:1388
modified_target in every batch:0.0
modified_hist in every batch :0.0
########## current_metrics ##########
ndcg_1: 0.12827022260228213
ndcg_5: 0.2117566019296646
ndcg_10: 0.2461986243724823
ndcg_20: 0.2951735556125641
hit_1: 0.12827022260228213
hit_5: 0.2903115897490714
hit_10: 0.3974506293257796
hit_20: 0.5936907084257502
ap: 0.22514067590236664
########## best_metrics ##########
ndcg_1: 0.12827022260228213
ndcg_5: 0.2117566019296646
ndcg_10: 0.2462267130613327
ndcg_20: 0.2963232696056366
hit_1: 0.12827022260228213
hit_5: 0.2916343764196574
hit_10: 0.3995684241468694
hit_20: 0.601908019561209
ap: 0.22514067590236664
no increase in recent 0 iters
#########################################################
################## epoch 38 ###########################
loss: 86.4986, len_train_loader:1388
modified_target in every batch:0.0
modified_hist in every batch :0.0
########## current_metrics ##########
ndcg_1: 0.1272681114882018
ndcg_5: 0.21135054528713226
ndcg_10: 0.24600465595722198
ndcg_20: 0.2956744134426117
hit_1: 0.1272681114882018
hit_5: 0.2906255845648165
hit_10: 0.39863980118115494
hit_20: 0.5976523876967478
ap: 0.22464658319950104
########## best_metrics ##########
ndcg_1: 0.12827022260228213
ndcg_5: 0.2117566019296646
ndcg_10: 0.2462267130613327
ndcg_20: 0.2963232696056366
hit_1: 0.12827022260228213
hit_5: 0.2916343764196574
hit_10: 0.3995684241468694
hit_20: 0.601908019561209
ap: 0.22514067590236664
no increase in recent 1 iters
#########################################################
################## epoch 39 ###########################
loss: 86.4053, len_train_loader:1388
modified_target in every batch:0.0
modified_hist in every batch :0.0
########## current_metrics ##########
ndcg_1: 0.12710777370994897
ndcg_5: 0.21039405465126038
ndcg_10: 0.2447551190853119
ndcg_20: 0.2934047281742096
hit_1: 0.12710777370994897
hit_5: 0.289396328264878
hit_10: 0.3964084337671361
hit_20: 0.5911453461959862
ap: 0.22354820370674133
########## best_metrics ##########
ndcg_1: 0.12827022260228213
ndcg_5: 0.2117566019296646
ndcg_10: 0.2462267130613327
ndcg_20: 0.2963232696056366
hit_1: 0.12827022260228213
hit_5: 0.2916343764196574
hit_10: 0.3995684241468694
hit_20: 0.601908019561209
ap: 0.22514067590236664
no increase in recent 2 iters
#########################################################
################## epoch 40 ###########################
loss: 86.3628, len_train_loader:1388
modified_target in every batch:0.0
modified_hist in every batch :0.0
########## current_metrics ##########
ndcg_1: 0.12635953074476897
ndcg_5: 0.21039268374443054
ndcg_10: 0.24481119215488434
ndcg_20: 0.2942327857017517
hit_1: 0.12635953074476897
hit_5: 0.2895633467838914
hit_10: 0.3967625130274445
hit_20: 0.5945926084284225
ap: 0.22366808354854584
########## best_metrics ##########
ndcg_1: 0.12827022260228213
ndcg_5: 0.2117566019296646
ndcg_10: 0.2462267130613327
ndcg_20: 0.2963232696056366
hit_1: 0.12827022260228213
hit_5: 0.2916343764196574
hit_10: 0.3995684241468694
hit_20: 0.601908019561209
ap: 0.22514067590236664
no increase in recent 3 iters
#########################################################
################## epoch 41 ###########################
loss: 86.3622, len_train_loader:1388
modified_target in every batch:0.0
modified_hist in every batch :0.0
########## current_metrics ##########
ndcg_1: 0.12789610111969216
ndcg_5: 0.21222738921642303
ndcg_10: 0.24674725532531738
ndcg_20: 0.29606449604034424
hit_1: 0.12789610111969216
hit_5: 0.29216215493973974
hit_10: 0.39982229229576977
hit_20: 0.5972515432511157
ap: 0.22518378496170044
########## best_metrics ##########
ndcg_1: 0.12827022260228213
ndcg_5: 0.21222738921642303
ndcg_10: 0.24674725532531738
ndcg_20: 0.2963232696056366
hit_1: 0.12827022260228213
hit_5: 0.29216215493973974
hit_10: 0.39982229229576977
hit_20: 0.601908019561209
ap: 0.22518378496170044
no increase in recent 0 iters
#########################################################
################## epoch 42 ###########################
loss: 86.2306, len_train_loader:1388
modified_target in every batch:0.0
modified_hist in every batch :0.0
########## current_metrics ##########
ndcg_1: 0.12840383741749284
ndcg_5: 0.21245868504047394
ndcg_10: 0.2467312067747116
ndcg_20: 0.29552721977233887
hit_1: 0.12840383741749284
hit_5: 0.29175462975334704
hit_10: 0.3984995056251837
hit_20: 0.5939846610192138
ap: 0.22543221712112427
########## best_metrics ##########
ndcg_1: 0.12840383741749284
ndcg_5: 0.21245868504047394
ndcg_10: 0.24674725532531738
ndcg_20: 0.2963232696056366
hit_1: 0.12840383741749284
hit_5: 0.29216215493973974
hit_10: 0.39982229229576977
hit_20: 0.601908019561209
ap: 0.22543221712112427
no increase in recent 0 iters
#########################################################
################## epoch 43 ###########################
loss: 86.141, len_train_loader:1388
modified_target in every batch:0.0
modified_hist in every batch :0.0
########## current_metrics ##########
ndcg_1: 0.1280965233425082
ndcg_5: 0.21174019575119019
ndcg_10: 0.2465144693851471
ndcg_20: 0.2958970069885254
hit_1: 0.1280965233425082
hit_5: 0.29053205419416905
hit_10: 0.39884690414473156
hit_20: 0.5965767884343016
ap: 0.22520899772644043
########## best_metrics ##########
ndcg_1: 0.12840383741749284
ndcg_5: 0.21245868504047394
ndcg_10: 0.24674725532531738
ndcg_20: 0.2963232696056366
hit_1: 0.12840383741749284
hit_5: 0.29216215493973974
hit_10: 0.39982229229576977
hit_20: 0.601908019561209
ap: 0.22543221712112427
no increase in recent 1 iters
#########################################################
################## epoch 44 ###########################
loss: 86.2022, len_train_loader:1388
modified_target in every batch:0.0
modified_hist in every batch :0.0
########## current_metrics ##########
ndcg_1: 0.12829694556532428
ndcg_5: 0.21255001425743103
ndcg_10: 0.24696944653987885
ndcg_20: 0.29514166712760925
hit_1: 0.12829694556532428
hit_5: 0.291928329013121
hit_10: 0.3991408567381951
hit_20: 0.5920138424948558
ap: 0.2254735827445984
########## best_metrics ##########
ndcg_1: 0.12840383741749284
ndcg_5: 0.21255001425743103
ndcg_10: 0.24696944653987885
ndcg_20: 0.2963232696056366
hit_1: 0.12840383741749284
hit_5: 0.29216215493973974
hit_10: 0.39982229229576977
hit_20: 0.601908019561209
ap: 0.2254735827445984
no increase in recent 0 iters
#########################################################
################## epoch 45 ###########################
loss: 86.0931, len_train_loader:1388
modified_target in every batch:0.0
modified_hist in every batch :0.0
########## current_metrics ##########
ndcg_1: 0.1289583389006173
ndcg_5: 0.21324312686920166
ndcg_10: 0.24774052202701569
ndcg_20: 0.2973768711090088
hit_1: 0.1289583389006173
hit_5: 0.29287031346035647
hit_10: 0.40046364340878116
hit_20: 0.5991355121455867
ap: 0.22633937001228333
########## best_metrics ##########
ndcg_1: 0.1289583389006173
ndcg_5: 0.21324312686920166
ndcg_10: 0.24774052202701569
ndcg_20: 0.2973768711090088
hit_1: 0.1289583389006173
hit_5: 0.29287031346035647
hit_10: 0.40046364340878116
hit_20: 0.601908019561209
ap: 0.22633937001228333
no increase in recent 0 iters
#########################################################
################## epoch 46 ###########################
loss: 86.12, len_train_loader:1388
modified_target in every batch:0.0
modified_hist in every batch :0.0
########## current_metrics ##########
ndcg_1: 0.12866438630715374
ndcg_5: 0.21243147552013397
ndcg_10: 0.2472856342792511
ndcg_20: 0.29673653841018677
hit_1: 0.12866438630715374
hit_5: 0.291180086047941
hit_10: 0.3996953582213196
hit_20: 0.5977125143635926
ap: 0.2259325534105301
########## best_metrics ##########
ndcg_1: 0.1289583389006173
ndcg_5: 0.21324312686920166
ndcg_10: 0.24774052202701569
ndcg_20: 0.2973768711090088
hit_1: 0.1289583389006173
hit_5: 0.29287031346035647
hit_10: 0.40046364340878116
hit_20: 0.601908019561209
ap: 0.22633937001228333
no increase in recent 1 iters
#########################################################
################## epoch 47 ###########################
loss: 85.7537, len_train_loader:1388
modified_target in every batch:0.0
modified_hist in every batch :0.0
########## current_metrics ##########
ndcg_1: 0.12894497741909622
ndcg_5: 0.21277691423892975
ndcg_10: 0.24649670720100403
ndcg_20: 0.29486900568008423
hit_1: 0.12894497741909622
hit_5: 0.2917145453087838
hit_10: 0.39677587450896556
hit_20: 0.590457229897651
ap: 0.22563402354717255
########## best_metrics ##########
ndcg_1: 0.1289583389006173
ndcg_5: 0.21324312686920166
ndcg_10: 0.24774052202701569
ndcg_20: 0.2973768711090088
hit_1: 0.1289583389006173
hit_5: 0.29287031346035647
hit_10: 0.40046364340878116
hit_20: 0.601908019561209
ap: 0.22633937001228333
no increase in recent 2 iters
#########################################################
################## epoch 48 ###########################
loss: 85.8974, len_train_loader:1388
modified_target in every batch:0.0
modified_hist in every batch :0.0
########## current_metrics ##########
ndcg_1: 0.12825686112076107
ndcg_5: 0.21212878823280334
ndcg_10: 0.2466728240251541
ndcg_20: 0.2965860962867737
hit_1: 0.12825686112076107
hit_5: 0.2914272734560808
hit_10: 0.39906068784906873
hit_20: 0.599001897330376
ap: 0.2254205346107483
########## best_metrics ##########
ndcg_1: 0.1289583389006173
ndcg_5: 0.21324312686920166
ndcg_10: 0.24774052202701569
ndcg_20: 0.2973768711090088
hit_1: 0.1289583389006173
hit_5: 0.29287031346035647
hit_10: 0.40046364340878116
hit_20: 0.601908019561209
ap: 0.22633937001228333
no increase in recent 3 iters
#########################################################
################## epoch 49 ###########################
loss: 85.857, len_train_loader:1388
modified_target in every batch:0.0
modified_hist in every batch :0.0
########## current_metrics ##########
ndcg_1: 0.12898506186365943
ndcg_5: 0.21320733428001404
ndcg_10: 0.24757449328899384
ndcg_20: 0.2962701916694641
hit_1: 0.12898506186365943
hit_5: 0.29267657197830094
hit_10: 0.3997354426658828
hit_20: 0.5948397958365623
ap: 0.2261730283498764
########## best_metrics ##########
ndcg_1: 0.12898506186365943
ndcg_5: 0.21324312686920166
ndcg_10: 0.24774052202701569
ndcg_20: 0.2973768711090088
hit_1: 0.12898506186365943
hit_5: 0.29287031346035647
hit_10: 0.40046364340878116
hit_20: 0.601908019561209
ap: 0.22633937001228333
no increase in recent 0 iters
#########################################################
################## epoch 50 ###########################
loss: 85.6304, len_train_loader:1388
modified_target in every batch:0.0
modified_hist in every batch :0.0
########## current_metrics ##########
ndcg_1: 0.12883140482616712
ndcg_5: 0.21237842738628387
ndcg_10: 0.2467939406633377
ndcg_20: 0.29598018527030945
hit_1: 0.12883140482616712
hit_5: 0.29122685123326475
hit_10: 0.3984727826621416
hit_20: 0.5957016113946715
ap: 0.22563189268112183
########## best_metrics ##########
ndcg_1: 0.12898506186365943
ndcg_5: 0.21324312686920166
ndcg_10: 0.24774052202701569
ndcg_20: 0.2973768711090088
hit_1: 0.12898506186365943
hit_5: 0.29287031346035647
hit_10: 0.40046364340878116
hit_20: 0.601908019561209
ap: 0.22633937001228333
no increase in recent 1 iters
#########################################################
################## epoch 51 ###########################
loss: 85.8909, len_train_loader:1388
modified_target in every batch:0.0
modified_hist in every batch :0.0
########## current_metrics ##########
ndcg_1: 0.12898506186365943
ndcg_5: 0.21166233718395233
ndcg_10: 0.24615418910980225
ndcg_20: 0.2956826388835907
hit_1: 0.12898506186365943
hit_5: 0.28987066085887603
hit_10: 0.39726356858448464
hit_20: 0.595895352876727
ap: 0.22527019679546356
########## best_metrics ##########
ndcg_1: 0.12898506186365943
ndcg_5: 0.21324312686920166
ndcg_10: 0.24774052202701569
ndcg_20: 0.2973768711090088
hit_1: 0.12898506186365943
hit_5: 0.29287031346035647
hit_10: 0.40046364340878116
hit_20: 0.601908019561209
ap: 0.22633937001228333
no increase in recent 2 iters
#########################################################
################## epoch 52 ###########################
loss: 85.7014, len_train_loader:1388
modified_target in every batch:0.0
modified_hist in every batch :0.0
########## current_metrics ##########
ndcg_1: 0.12804975815718447
ndcg_5: 0.21199947595596313
ndcg_10: 0.24671755731105804
ndcg_20: 0.2960817515850067
hit_1: 0.12804975815718447
hit_5: 0.2912936586408701
hit_10: 0.39948825525774295
hit_20: 0.5970978862136234
ap: 0.22530534863471985
########## best_metrics ##########
ndcg_1: 0.12898506186365943
ndcg_5: 0.21324312686920166
ndcg_10: 0.24774052202701569
ndcg_20: 0.2973768711090088
hit_1: 0.12898506186365943
hit_5: 0.29287031346035647
hit_10: 0.40046364340878116
hit_20: 0.601908019561209
ap: 0.22633937001228333
no increase in recent 3 iters
#########################################################
################## epoch 53 ###########################
loss: 85.5221, len_train_loader:1388
modified_target in every batch:0.0
modified_hist in every batch :0.0
########## current_metrics ##########
ndcg_1: 0.12955292482830497
ndcg_5: 0.21328675746917725
ndcg_10: 0.24788422882556915
ndcg_20: 0.2977314591407776
hit_1: 0.12955292482830497
hit_5: 0.2924360653109217
hit_10: 0.40016301007455707
hit_20: 0.599836989925443
ap: 0.22661593556404114
########## best_metrics ##########
ndcg_1: 0.12955292482830497
ndcg_5: 0.21328675746917725
ndcg_10: 0.24788422882556915
ndcg_20: 0.2977314591407776
hit_1: 0.12955292482830497
hit_5: 0.29287031346035647
hit_10: 0.40046364340878116
hit_20: 0.601908019561209
ap: 0.22661593556404114
no increase in recent 0 iters
#########################################################
################## epoch 54 ###########################
loss: 85.5181, len_train_loader:1388
modified_target in every batch:0.0
modified_hist in every batch :0.0
########## current_metrics ##########
ndcg_1: 0.12806980037946608
ndcg_5: 0.21263664960861206
ndcg_10: 0.2468346804380417
ndcg_20: 0.2955912947654724
hit_1: 0.12806980037946608
hit_5: 0.29222228160658453
hit_10: 0.39860639747735227
hit_20: 0.5938911306485664
ap: 0.22552727162837982
########## best_metrics ##########
ndcg_1: 0.12955292482830497
ndcg_5: 0.21328675746917725
ndcg_10: 0.24788422882556915
ndcg_20: 0.2977314591407776
hit_1: 0.12955292482830497
hit_5: 0.29287031346035647
hit_10: 0.40046364340878116
hit_20: 0.601908019561209
ap: 0.22661593556404114
no increase in recent 1 iters
#########################################################
################## epoch 55 ###########################
loss: 85.6402, len_train_loader:1388
modified_target in every batch:0.0
modified_hist in every batch :0.0
########## current_metrics ##########
ndcg_1: 0.1276622751930734
ndcg_5: 0.21138416230678558
ndcg_10: 0.24587205052375793
ndcg_20: 0.29568591713905334
hit_1: 0.1276622751930734
hit_5: 0.29043184308276104
hit_10: 0.39781138932684856
hit_20: 0.5973049891772
ap: 0.2247852385044098
########## best_metrics ##########
ndcg_1: 0.12955292482830497
ndcg_5: 0.21328675746917725
ndcg_10: 0.24788422882556915
ndcg_20: 0.2977314591407776
hit_1: 0.12955292482830497
hit_5: 0.29287031346035647
hit_10: 0.40046364340878116
hit_20: 0.601908019561209
ap: 0.22661593556404114
no increase in recent 2 iters
#########################################################
################## epoch 56 ###########################
loss: 85.7086, len_train_loader:1388
modified_target in every batch:0.0
modified_hist in every batch :0.0
########## current_metrics ##########
ndcg_1: 0.12889153149301194
ndcg_5: 0.21326400339603424
ndcg_10: 0.24739763140678406
ndcg_20: 0.29643702507019043
hit_1: 0.12889153149301194
hit_5: 0.2928502712380749
hit_10: 0.39921434488656105
hit_20: 0.5957283343577136
ap: 0.2261488139629364
########## best_metrics ##########
ndcg_1: 0.12955292482830497
ndcg_5: 0.21328675746917725
ndcg_10: 0.24788422882556915
ndcg_20: 0.2977314591407776
hit_1: 0.12955292482830497
hit_5: 0.29287031346035647
hit_10: 0.40046364340878116
hit_20: 0.601908019561209
ap: 0.22661593556404114
no increase in recent 3 iters
#########################################################
################## epoch 57 ###########################
loss: 85.4842, len_train_loader:1388
modified_target in every batch:0.0
modified_hist in every batch :0.0
########## current_metrics ##########
ndcg_1: 0.1292389300125598
ndcg_5: 0.2131807655096054
ndcg_10: 0.24701179563999176
ndcg_20: 0.29710033535957336
hit_1: 0.1292389300125598
hit_5: 0.292589722348414
hit_10: 0.3979516848828198
hit_20: 0.598627775847786
ap: 0.22622501850128174
########## best_metrics ##########
ndcg_1: 0.12955292482830497
ndcg_5: 0.21328675746917725
ndcg_10: 0.24788422882556915
ndcg_20: 0.2977314591407776
hit_1: 0.12955292482830497
hit_5: 0.29287031346035647
hit_10: 0.40046364340878116
hit_20: 0.601908019561209
ap: 0.22661593556404114
no increase in recent 4 iters
#########################################################
################## epoch 58 ###########################
loss: 85.3322, len_train_loader:1388
modified_target in every batch:0.0
modified_hist in every batch :0.0
########## current_metrics ##########
ndcg_1: 0.12951284038374175
ndcg_5: 0.2133142650127411
ndcg_10: 0.24696993827819824
ndcg_20: 0.2963411211967468
hit_1: 0.12951284038374175
hit_5: 0.2924828304962454
hit_10: 0.3972168033991609
hit_20: 0.5949333262072098
ap: 0.22632881999015808
########## best_metrics ##########
ndcg_1: 0.12955292482830497
ndcg_5: 0.2133142650127411
ndcg_10: 0.24788422882556915
ndcg_20: 0.2977314591407776
hit_1: 0.12955292482830497
hit_5: 0.29287031346035647
hit_10: 0.40046364340878116
hit_20: 0.601908019561209
ap: 0.22661593556404114
no increase in recent 0 iters
#########################################################
################## epoch 59 ###########################
loss: 85.5065, len_train_loader:1388
modified_target in every batch:0.0
modified_hist in every batch :0.0
########## current_metrics ##########
ndcg_1: 0.13026776408968227
ndcg_5: 0.21499407291412354
ndcg_10: 0.24934598803520203
ndcg_20: 0.2987636923789978
hit_1: 0.13026776408968227
hit_5: 0.2953355068009941
hit_10: 0.4023943774885759
hit_20: 0.6003981721493279
ap: 0.2277187556028366
########## best_metrics ##########
ndcg_1: 0.13026776408968227
ndcg_5: 0.21499407291412354
ndcg_10: 0.24934598803520203
ndcg_20: 0.2987636923789978
hit_1: 0.13026776408968227
hit_5: 0.2953355068009941
hit_10: 0.4023943774885759
hit_20: 0.601908019561209
ap: 0.2277187556028366
no increase in recent 0 iters
#########################################################
################## epoch 60 ###########################
loss: 85.3578, len_train_loader:1388
modified_target in every batch:0.0
modified_hist in every batch :0.0
########## current_metrics ##########
ndcg_1: 0.12792950482349483
ndcg_5: 0.21229185163974762
ndcg_10: 0.24678435921669006
ndcg_20: 0.2952142059803009
hit_1: 0.12792950482349483
hit_5: 0.2917880334571497
hit_10: 0.3991208145159135
hit_20: 0.5931362069426258
ap: 0.2252083122730255
########## best_metrics ##########
ndcg_1: 0.13026776408968227
ndcg_5: 0.21499407291412354
ndcg_10: 0.24934598803520203
ndcg_20: 0.2987636923789978
hit_1: 0.13026776408968227
hit_5: 0.2953355068009941
hit_10: 0.4023943774885759
hit_20: 0.601908019561209
ap: 0.2277187556028366
no increase in recent 1 iters
#########################################################
################## epoch 61 ###########################
loss: 85.4238, len_train_loader:1388
modified_target in every batch:0.0
modified_hist in every batch :0.0
########## current_metrics ##########
ndcg_1: 0.130214318163598
ndcg_5: 0.2135474532842636
ndcg_10: 0.24762152135372162
ndcg_20: 0.2971222698688507
hit_1: 0.130214318163598
hit_5: 0.2925362764223297
hit_10: 0.3986999278479998
hit_20: 0.5970711632505812
ap: 0.2267080694437027
########## best_metrics ##########
ndcg_1: 0.13026776408968227
ndcg_5: 0.21499407291412354
ndcg_10: 0.24934598803520203
ndcg_20: 0.2987636923789978
hit_1: 0.13026776408968227
hit_5: 0.2953355068009941
hit_10: 0.4023943774885759
hit_20: 0.601908019561209
ap: 0.2277187556028366
no increase in recent 2 iters
#########################################################
################## epoch 62 ###########################
loss: 85.1837, len_train_loader:1388
modified_target in every batch:0.0
modified_hist in every batch :0.0
########## current_metrics ##########
ndcg_1: 0.12887817001149088
ndcg_5: 0.2126532644033432
ndcg_10: 0.24710921943187714
ndcg_20: 0.296220600605011
hit_1: 0.12887817001149088
hit_5: 0.29179471419791025
hit_10: 0.3990540071083082
hit_20: 0.5959888832473744
ap: 0.22584082186222076
########## best_metrics ##########
ndcg_1: 0.13026776408968227
ndcg_5: 0.21499407291412354
ndcg_10: 0.24934598803520203
ndcg_20: 0.2987636923789978
hit_1: 0.13026776408968227
hit_5: 0.2953355068009941
hit_10: 0.4023943774885759
hit_20: 0.601908019561209
ap: 0.2277187556028366
no increase in recent 3 iters
#########################################################
################## epoch 63 ###########################
loss: 85.1607, len_train_loader:1388
modified_target in every batch:0.0
modified_hist in every batch :0.0
########## current_metrics ##########
ndcg_1: 0.12969990112503674
ndcg_5: 0.21354743838310242
ndcg_10: 0.2481984943151474
ndcg_20: 0.2979484796524048
hit_1: 0.12969990112503674
hit_5: 0.2923492156810347
hit_10: 0.40023649822292295
hit_20: 0.5996165254803453
ap: 0.22698011994361877
########## best_metrics ##########
ndcg_1: 0.13026776408968227
ndcg_5: 0.21499407291412354
ndcg_10: 0.24934598803520203
ndcg_20: 0.2987636923789978
hit_1: 0.13026776408968227
hit_5: 0.2953355068009941
hit_10: 0.4023943774885759
hit_20: 0.601908019561209
ap: 0.2277187556028366
no increase in recent 4 iters
#########################################################
################## epoch 64 ###########################
loss: 85.2873, len_train_loader:1388
modified_target in every batch:0.0
modified_hist in every batch :0.0
########## current_metrics ##########
ndcg_1: 0.12746185297025733
ndcg_5: 0.2128368765115738
ndcg_10: 0.24749654531478882
ndcg_20: 0.2973243296146393
hit_1: 0.12746185297025733
hit_5: 0.29307073568317255
hit_10: 0.40103150637342666
hit_20: 0.6005852328906229
ap: 0.22580412030220032
########## best_metrics ##########
ndcg_1: 0.13026776408968227
ndcg_5: 0.21499407291412354
ndcg_10: 0.24934598803520203
ndcg_20: 0.2987636923789978
hit_1: 0.13026776408968227
hit_5: 0.2953355068009941
hit_10: 0.4023943774885759
hit_20: 0.601908019561209
ap: 0.2277187556028366
no increase in recent 5 iters
#########################################################
################## epoch 65 ###########################
loss: 85.2909, len_train_loader:1388
modified_target in every batch:0.0
modified_hist in every batch :0.0
########## current_metrics ##########
ndcg_1: 0.12969990112503674
ndcg_5: 0.21418286859989166
ndcg_10: 0.2476891428232193
ndcg_20: 0.2964995503425598
hit_1: 0.12969990112503674
hit_5: 0.2937388097592261
hit_10: 0.3981320648833543
hit_20: 0.5937641965741162
ap: 0.22679422795772552
########## best_metrics ##########
ndcg_1: 0.13026776408968227
ndcg_5: 0.21499407291412354
ndcg_10: 0.24934598803520203
ndcg_20: 0.2987636923789978
hit_1: 0.13026776408968227
hit_5: 0.2953355068009941
hit_10: 0.4023943774885759
hit_20: 0.601908019561209
ap: 0.2277187556028366
no increase in recent 6 iters
#########################################################
################## epoch 66 ###########################
loss: 85.0043, len_train_loader:1388
modified_target in every batch:0.0
modified_hist in every batch :0.0
########## current_metrics ##########
ndcg_1: 0.1280764811202266
ndcg_5: 0.21211673319339752
ndcg_10: 0.24637125432491302
ndcg_20: 0.295555055141449
hit_1: 0.1280764811202266
hit_5: 0.29135378530771494
hit_10: 0.3980585767349884
hit_20: 0.5950201758370968
ap: 0.22517961263656616
########## best_metrics ##########
ndcg_1: 0.13026776408968227
ndcg_5: 0.21499407291412354
ndcg_10: 0.24934598803520203
ndcg_20: 0.2987636923789978
hit_1: 0.13026776408968227
hit_5: 0.2953355068009941
hit_10: 0.4023943774885759
hit_20: 0.601908019561209
ap: 0.2277187556028366
no increase in recent 7 iters
#########################################################
################## epoch 67 ###########################
loss: 85.2636, len_train_loader:1388
modified_target in every batch:0.0
modified_hist in every batch :0.0
########## current_metrics ##########
ndcg_1: 0.12887148927073033
ndcg_5: 0.21349869668483734
ndcg_10: 0.247637540102005
ndcg_20: 0.2963218688964844
hit_1: 0.12887148927073033
hit_5: 0.2933312845728334
hit_10: 0.39964191229523527
hit_20: 0.5946527350952674
ap: 0.22626058757305145
########## best_metrics ##########
ndcg_1: 0.13026776408968227
ndcg_5: 0.21499407291412354
ndcg_10: 0.24934598803520203
ndcg_20: 0.2987636923789978
hit_1: 0.13026776408968227
hit_5: 0.2953355068009941
hit_10: 0.4023943774885759
hit_20: 0.601908019561209
ap: 0.2277187556028366
no increase in recent 8 iters
#########################################################
################## epoch 68 ###########################
loss: 85.1889, len_train_loader:1388
modified_target in every batch:0.0
modified_hist in every batch :0.0
########## current_metrics ##########
ndcg_1: 0.12899842334518052
ndcg_5: 0.2136395424604416
ndcg_10: 0.24791114032268524
ndcg_20: 0.2969798743724823
hit_1: 0.12899842334518052
hit_5: 0.2933446460543545
hit_10: 0.400149648593036
hit_20: 0.5967772106571176
ap: 0.22653555870056152
########## best_metrics ##########
ndcg_1: 0.13026776408968227
ndcg_5: 0.21499407291412354
ndcg_10: 0.24934598803520203
ndcg_20: 0.2987636923789978
hit_1: 0.13026776408968227
hit_5: 0.2953355068009941
hit_10: 0.4023943774885759
hit_20: 0.601908019561209
ap: 0.2277187556028366
no increase in recent 9 iters
#########################################################
################## epoch 69 ###########################
loss: 85.261, len_train_loader:1388
modified_target in every batch:0.0
modified_hist in every batch :0.0
########## current_metrics ##########
ndcg_1: 0.12990700408861336
ndcg_5: 0.21316836774349213
ndcg_10: 0.24759218096733093
ndcg_20: 0.2978949248790741
hit_1: 0.12990700408861336
hit_5: 0.2920018171614869
hit_10: 0.39925442933112426
hit_20: 0.6007789743726785
ap: 0.22666174173355103
########## best_metrics ##########
ndcg_1: 0.13026776408968227
ndcg_5: 0.21499407291412354
ndcg_10: 0.24934598803520203
ndcg_20: 0.2987636923789978
hit_1: 0.13026776408968227
hit_5: 0.2953355068009941
hit_10: 0.4023943774885759
hit_20: 0.601908019561209
ap: 0.2277187556028366
no increase in recent 10 iters
#########################################################
################## epoch 70 ###########################
loss: 84.959, len_train_loader:1388
modified_target in every batch:0.0
modified_hist in every batch :0.0
########## current_metrics ##########
ndcg_1: 0.1289249351968146
ndcg_5: 0.21328260004520416
ndcg_10: 0.24795973300933838
ndcg_20: 0.2971513271331787
hit_1: 0.1289249351968146
hit_5: 0.2928235482750327
hit_10: 0.4007509152614842
hit_20: 0.5977525988081559
ap: 0.22641807794570923
########## best_metrics ##########
ndcg_1: 0.13026776408968227
ndcg_5: 0.21499407291412354
ndcg_10: 0.24934598803520203
ndcg_20: 0.2987636923789978
hit_1: 0.13026776408968227
hit_5: 0.2953355068009941
hit_10: 0.4023943774885759
hit_20: 0.601908019561209
ap: 0.2277187556028366
no increase in recent 11 iters
#########################################################
################## epoch 71 ###########################
loss: 79.2652, len_train_loader:1388
modified_target in every batch:0.0
modified_hist in every batch :0.0
########## current_metrics ##########
ndcg_1: 0.13235215520696936
ndcg_5: 0.21659313142299652
ndcg_10: 0.2506626546382904
ndcg_20: 0.30043500661849976
hit_1: 0.13235215520696936
hit_5: 0.29562945939445767
hit_10: 0.40163945378263544
hit_20: 0.6009259506694102
ap: 0.22975172102451324
########## best_metrics ##########
ndcg_1: 0.13235215520696936
ndcg_5: 0.21659313142299652
ndcg_10: 0.2506626546382904
ndcg_20: 0.30043500661849976
hit_1: 0.13235215520696936
hit_5: 0.29562945939445767
hit_10: 0.4023943774885759
hit_20: 0.601908019561209
ap: 0.22975172102451324
no increase in recent 0 iters
#########################################################
################## epoch 72 ###########################
loss: 77.9705, len_train_loader:1388
modified_target in every batch:0.0
modified_hist in every batch :0.0
########## current_metrics ##########
ndcg_1: 0.13135672483364955
ndcg_5: 0.2162449061870575
ndcg_10: 0.2506527900695801
ndcg_20: 0.2998056709766388
hit_1: 0.13135672483364955
hit_5: 0.29613051495149784
hit_10: 0.40335640415809304
hit_20: 0.6003914914085674
ap: 0.22912564873695374
########## best_metrics ##########
ndcg_1: 0.13235215520696936
ndcg_5: 0.21659313142299652
ndcg_10: 0.2506626546382904
ndcg_20: 0.30043500661849976
hit_1: 0.13235215520696936
hit_5: 0.29613051495149784
hit_10: 0.40335640415809304
hit_20: 0.601908019561209
ap: 0.22975172102451324
no increase in recent 0 iters
#########################################################
################## epoch 73 ###########################
loss: 80.3175, len_train_loader:1388
modified_target in every batch:0.0
modified_hist in every batch :0.0
########## current_metrics ##########
ndcg_1: 0.13239223965153257
ndcg_5: 0.21646972000598907
ndcg_10: 0.25105199217796326
ndcg_20: 0.2997148633003235
hit_1: 0.13239223965153257
hit_5: 0.2953421875417546
hit_10: 0.4029154752678977
hit_20: 0.5979797439940141
ap: 0.22965162992477417
########## best_metrics ##########
ndcg_1: 0.13239223965153257
ndcg_5: 0.21659313142299652
ndcg_10: 0.25105199217796326
ndcg_20: 0.30043500661849976
hit_1: 0.13239223965153257
hit_5: 0.29613051495149784
hit_10: 0.40335640415809304
hit_20: 0.601908019561209
ap: 0.22975172102451324
no increase in recent 0 iters
#########################################################
################## epoch 74 ###########################
loss: 80.0993, len_train_loader:1388
modified_target in every batch:0.0
modified_hist in every batch :0.0
########## current_metrics ##########
ndcg_1: 0.1320782448357874
ndcg_5: 0.2170099914073944
ndcg_10: 0.2512434124946594
ndcg_20: 0.30091166496276855
hit_1: 0.1320782448357874
hit_5: 0.29673846236070656
hit_10: 0.40333636193581146
hit_20: 0.6023422677106438
ap: 0.2299317568540573
########## best_metrics ##########
ndcg_1: 0.13239223965153257
ndcg_5: 0.2170099914073944
ndcg_10: 0.2512434124946594
ndcg_20: 0.30091166496276855
hit_1: 0.13239223965153257
hit_5: 0.29673846236070656
hit_10: 0.40335640415809304
hit_20: 0.6023422677106438
ap: 0.2299317568540573
no increase in recent 0 iters
#########################################################
################## epoch 75 ###########################
loss: 79.9492, len_train_loader:1388
modified_target in every batch:0.0
modified_hist in every batch :0.0
########## current_metrics ##########
ndcg_1: 0.13096924186953848
ndcg_5: 0.215615376830101
ndcg_10: 0.2497408241033554
ndcg_20: 0.29861506819725037
hit_1: 0.13096924186953848
hit_5: 0.2952620186526282
hit_10: 0.4014924774859036
hit_20: 0.5974653269554528
ap: 0.2283778041601181
########## best_metrics ##########
ndcg_1: 0.13239223965153257
ndcg_5: 0.2170099914073944
ndcg_10: 0.2512434124946594
ndcg_20: 0.30091166496276855
hit_1: 0.13239223965153257
hit_5: 0.29673846236070656
hit_10: 0.40335640415809304
hit_20: 0.6023422677106438
ap: 0.2299317568540573
no increase in recent 1 iters
#########################################################
################## epoch 76 ###########################
loss: 80.0332, len_train_loader:1388
modified_target in every batch:0.0
modified_hist in every batch :0.0
########## current_metrics ##########
ndcg_1: 0.13152374335266295
ndcg_5: 0.21695514023303986
ndcg_10: 0.25092971324920654
ndcg_20: 0.29982808232307434
hit_1: 0.13152374335266295
hit_5: 0.2971793912509019
hit_10: 0.40298228267550307
hit_20: 0.5990219395526576
ap: 0.22945405542850494
########## best_metrics ##########
ndcg_1: 0.13239223965153257
ndcg_5: 0.2170099914073944
ndcg_10: 0.2512434124946594
ndcg_20: 0.30091166496276855
hit_1: 0.13239223965153257
hit_5: 0.2971793912509019
hit_10: 0.40335640415809304
hit_20: 0.6023422677106438
ap: 0.2299317568540573
no increase in recent 0 iters
#########################################################
################## epoch 77 ###########################
loss: 79.7673, len_train_loader:1388
modified_target in every batch:0.0
modified_hist in every batch :0.0
########## current_metrics ##########
ndcg_1: 0.13003393816306352
ndcg_5: 0.21598254144191742
ndcg_10: 0.25024738907814026
ndcg_20: 0.29863739013671875
hit_1: 0.13003393816306352
hit_5: 0.2969722882873253
hit_10: 0.4036436760107961
hit_20: 0.5976457069559873
ap: 0.22825519740581512
########## best_metrics ##########
ndcg_1: 0.13239223965153257
ndcg_5: 0.2170099914073944
ndcg_10: 0.2512434124946594
ndcg_20: 0.30091166496276855
hit_1: 0.13239223965153257
hit_5: 0.2971793912509019
hit_10: 0.4036436760107961
hit_20: 0.6023422677106438
ap: 0.2299317568540573
no increase in recent 0 iters
#########################################################
################## epoch 78 ###########################
loss: 79.7792, len_train_loader:1388
modified_target in every batch:0.0
modified_hist in every batch :0.0
########## current_metrics ##########
ndcg_1: 0.13158387001950778
ndcg_5: 0.21591249108314514
ndcg_10: 0.2501600682735443
ndcg_20: 0.29877105355262756
hit_1: 0.13158387001950778
hit_5: 0.29498142754068574
hit_10: 0.40166617674567756
hit_20: 0.5965099810266963
ap: 0.2288830578327179
########## best_metrics ##########
ndcg_1: 0.13239223965153257
ndcg_5: 0.2170099914073944
ndcg_10: 0.2512434124946594
ndcg_20: 0.30091166496276855
hit_1: 0.13239223965153257
hit_5: 0.2971793912509019
hit_10: 0.4036436760107961
hit_20: 0.6023422677106438
ap: 0.2299317568540573
no increase in recent 1 iters
#########################################################
################## epoch 79 ###########################
loss: 79.8388, len_train_loader:1388
modified_target in every batch:0.0
modified_hist in every batch :0.0
########## current_metrics ##########
ndcg_1: 0.1310293685363833
ndcg_5: 0.21572431921958923
ndcg_10: 0.2501707971096039
ndcg_20: 0.2994163930416107
hit_1: 0.1310293685363833
hit_5: 0.29538227198631783
hit_10: 0.4026682878597579
hit_20: 0.5999772854814142
ap: 0.22870638966560364
########## best_metrics ##########
ndcg_1: 0.13239223965153257
ndcg_5: 0.2170099914073944
ndcg_10: 0.2512434124946594
ndcg_20: 0.30091166496276855
hit_1: 0.13239223965153257
hit_5: 0.2971793912509019
hit_10: 0.4036436760107961
hit_20: 0.6023422677106438
ap: 0.2299317568540573
no increase in recent 2 iters
#########################################################
################## epoch 80 ###########################
loss: 80.1132, len_train_loader:1388
modified_target in every batch:0.0
modified_hist in every batch :0.0
########## current_metrics ##########
ndcg_1: 0.13020763742283745
ndcg_5: 0.2153087556362152
ndcg_10: 0.24976272881031036
ndcg_20: 0.29965823888778687
hit_1: 0.13020763742283745
hit_5: 0.2956027364314155
hit_10: 0.40284866786029233
hit_20: 0.6025961358595441
ap: 0.22818315029144287
########## best_metrics ##########
ndcg_1: 0.13239223965153257
ndcg_5: 0.2170099914073944
ndcg_10: 0.2512434124946594
ndcg_20: 0.30091166496276855
hit_1: 0.13239223965153257
hit_5: 0.2971793912509019
hit_10: 0.4036436760107961
hit_20: 0.6025961358595441
ap: 0.2299317568540573
no increase in recent 0 iters
#########################################################
################## epoch 81 ###########################
loss: 79.7214, len_train_loader:1388
modified_target in every batch:0.0
modified_hist in every batch :0.0
########## current_metrics ##########
ndcg_1: 0.13120974853691778
ndcg_5: 0.21624533832073212
ndcg_10: 0.2506018877029419
ndcg_20: 0.29973167181015015
hit_1: 0.13120974853691778
hit_5: 0.2961238342107373
hit_10: 0.4031359397129954
hit_20: 0.5998436706662035
ap: 0.22907093167304993
########## best_metrics ##########
ndcg_1: 0.13239223965153257
ndcg_5: 0.2170099914073944
ndcg_10: 0.2512434124946594
ndcg_20: 0.30091166496276855
hit_1: 0.13239223965153257
hit_5: 0.2971793912509019
hit_10: 0.4036436760107961
hit_20: 0.6025961358595441
ap: 0.2299317568540573
no increase in recent 1 iters
#########################################################
################## epoch 82 ###########################
loss: 79.8991, len_train_loader:1388
modified_target in every batch:0.0
modified_hist in every batch :0.0
########## current_metrics ##########
ndcg_1: 0.13165067742711312
ndcg_5: 0.2162194699048996
ndcg_10: 0.2503069341182709
ndcg_20: 0.29952266812324524
hit_1: 0.13165067742711312
hit_5: 0.2955826942091339
hit_10: 0.401659496004917
hit_20: 0.5988081558483205
ap: 0.2291359305381775
########## best_metrics ##########
ndcg_1: 0.13239223965153257
ndcg_5: 0.2170099914073944
ndcg_10: 0.2512434124946594
ndcg_20: 0.30091166496276855
hit_1: 0.13239223965153257
hit_5: 0.2971793912509019
hit_10: 0.4036436760107961
hit_20: 0.6025961358595441
ap: 0.2299317568540573
no increase in recent 2 iters
#########################################################
################## epoch 83 ###########################
loss: 80.1424, len_train_loader:1388
modified_target in every batch:0.0
modified_hist in every batch :0.0
########## current_metrics ##########
ndcg_1: 0.13320060928355737
ndcg_5: 0.21701394021511078
ndcg_10: 0.2508264482021332
ndcg_20: 0.2994038462638855
hit_1: 0.13320060928355737
hit_5: 0.2961973223591032
hit_10: 0.4015325619304668
hit_20: 0.596195986210951
ap: 0.22979816794395447
########## best_metrics ##########
ndcg_1: 0.13320060928355737
ndcg_5: 0.21701394021511078
ndcg_10: 0.2512434124946594
ndcg_20: 0.30091166496276855
hit_1: 0.13320060928355737
hit_5: 0.2971793912509019
hit_10: 0.4036436760107961
hit_20: 0.6025961358595441
ap: 0.2299317568540573
no increase in recent 0 iters
#########################################################
################## epoch 84 ###########################
loss: 79.7744, len_train_loader:1388
modified_target in every batch:0.0
modified_hist in every batch :0.0
########## current_metrics ##########
ndcg_1: 0.13111621816627028
ndcg_5: 0.21506032347679138
ndcg_10: 0.2497786432504654
ndcg_20: 0.3003585636615753
hit_1: 0.13111621816627028
hit_5: 0.2941129312418161
hit_10: 0.40228748563640737
hit_20: 0.60491435290345
ap: 0.2285219430923462
########## best_metrics ##########
ndcg_1: 0.13320060928355737
ndcg_5: 0.21701394021511078
ndcg_10: 0.2512434124946594
ndcg_20: 0.30091166496276855
hit_1: 0.13320060928355737
hit_5: 0.2971793912509019
hit_10: 0.4036436760107961
hit_20: 0.60491435290345
ap: 0.2299317568540573
no increase in recent 0 iters
#########################################################
################## epoch 85 ###########################
loss: 79.926, len_train_loader:1388
modified_target in every batch:0.0
modified_hist in every batch :0.0
########## current_metrics ##########
ndcg_1: 0.13039469816413243
ndcg_5: 0.21507364511489868
ndcg_10: 0.24924181401729584
ndcg_20: 0.29874512553215027
hit_1: 0.13039469816413243
hit_5: 0.29440020309451914
hit_10: 0.40080436118756846
hit_20: 0.5991421928863473
ap: 0.22810710966587067
########## best_metrics ##########
ndcg_1: 0.13320060928355737
ndcg_5: 0.21701394021511078
ndcg_10: 0.2512434124946594
ndcg_20: 0.30091166496276855
hit_1: 0.13320060928355737
hit_5: 0.2971793912509019
hit_10: 0.4036436760107961
hit_20: 0.60491435290345
ap: 0.2299317568540573
no increase in recent 1 iters
#########################################################
################## epoch 86 ###########################
loss: 74.3611, len_train_loader:1388
modified_target in every batch:0.0
modified_hist in every batch :0.0
########## current_metrics ##########
ndcg_1: 0.13428288928676413
ndcg_5: 0.21932680904865265
ndcg_10: 0.25340065360069275
ndcg_20: 0.30252760648727417
hit_1: 0.13428288928676413
hit_5: 0.29927714384971005
hit_10: 0.4053405841639721
hit_20: 0.6022420565992357
ap: 0.23199217021465302
########## best_metrics ##########
ndcg_1: 0.13428288928676413
ndcg_5: 0.21932680904865265
ndcg_10: 0.25340065360069275
ndcg_20: 0.30252760648727417
hit_1: 0.13428288928676413
hit_5: 0.29927714384971005
hit_10: 0.4053405841639721
hit_20: 0.60491435290345
ap: 0.23199217021465302
no increase in recent 0 iters
#########################################################
################## epoch 87 ###########################
loss: 73.0824, len_train_loader:1388
modified_target in every batch:0.0
modified_hist in every batch :0.0
########## current_metrics ##########
ndcg_1: 0.1341492744715534
ndcg_5: 0.21833086013793945
ndcg_10: 0.2524974048137665
ndcg_20: 0.3017911911010742
hit_1: 0.1341492744715534
hit_5: 0.2972862831030705
hit_10: 0.4036837604553593
hit_20: 0.601346837337324
ap: 0.23135362565517426
########## best_metrics ##########
ndcg_1: 0.13428288928676413
ndcg_5: 0.21932680904865265
ndcg_10: 0.25340065360069275
ndcg_20: 0.30252760648727417
hit_1: 0.13428288928676413
hit_5: 0.29927714384971005
hit_10: 0.4053405841639721
hit_20: 0.60491435290345
ap: 0.23199217021465302
no increase in recent 1 iters
#########################################################
