nohup: ignoring input
########## DataInfo ##########
reading seq.dat
numUser:22502
numItem:10649
########## config ##########
thread_num: 4
dataset: electronics
eval_neg_num: 100
train_neg_num: 30
input_len: 5
rec_model: SASRec
train_type: train
save_epochs: [100, 200, 300, 400]
epoch_num: 500
learning_rate: 0.01
train_batch_size: 1024
test_batch_size: 256
drop_ratio: 0.1
decay_factor: 0.9
hidden_size: 50
num_hidden_layers: 1
num_attention_heads: 2
intermediate_size: 100
hidden_act: gelu
hidden_dropout_prob: 0.1
attention_probs_dropout_prob: 0.1
type_vocab_size: 1
initializer_range: 0.1
loss_type: pairwise_sample
weight_decay: 0.01
device: cuda
max_seq_len: 6
layer_size: 1
threshold: 1
noise_ratio: 0.05
candidate_num: 3
high_loss_drop: 0.1
weight_drop: 0.2
encoder_loss: False
user_num: 22502
item_num: 10649
generating train samples
train_size: 201973, time: 0.8888516426086426
abandoned 0(0.0) samples
valid user num: 22502
valid item num: 10648
generating test samples
test_size: 22502, time: 12.257232427597046
abandoned 0(0.0) samples
------------SASREC ENCODER YES------------
============================================================
Start Training
============================================================
################## epoch 0 ###########################
loss: 1415.7334, len_train_loader:198
modified_target in every batch:0.0
modified_hist in every batch :0.0
########## current_metrics ##########
ndcg_1: 0.013243267265131989
ndcg_5: 0.04199131950736046
ndcg_10: 0.06721575558185577
ndcg_20: 0.09994123876094818
hit_1: 0.013243267265131989
hit_5: 0.07274908896986934
hit_10: 0.15154208514798684
hit_20: 0.2821526975379966
ap: 0.06635599583387375
########## best_metrics ##########
ndcg_1: 0.013243267265131989
ndcg_5: 0.04199131950736046
ndcg_10: 0.06721575558185577
ndcg_20: 0.09994123876094818
hit_1: 0.013243267265131989
hit_5: 0.07274908896986934
hit_10: 0.15154208514798684
hit_20: 0.2821526975379966
ap: 0.06635599583387375
no increase in recent 0 iters
#########################################################
################## epoch 1 ###########################
loss: 1219.436, len_train_loader:198
modified_target in every batch:4.9798
modified_hist in every batch :0.0
########## current_metrics ##########
ndcg_1: 0.01755399520042663
ndcg_5: 0.06040032580494881
ndcg_10: 0.0920659676194191
ndcg_20: 0.1359672248363495
hit_1: 0.01755399520042663
hit_5: 0.10656830503955204
hit_10: 0.205448404586259
hit_20: 0.38072171362545554
ap: 0.08552325516939163
########## best_metrics ##########
ndcg_1: 0.01755399520042663
ndcg_5: 0.06040032580494881
ndcg_10: 0.0920659676194191
ndcg_20: 0.1359672248363495
hit_1: 0.01755399520042663
hit_5: 0.10656830503955204
hit_10: 0.205448404586259
hit_20: 0.38072171362545554
ap: 0.08552325516939163
no increase in recent 0 iters
#########################################################
################## epoch 2 ###########################
loss: 1096.0756, len_train_loader:198
modified_target in every batch:9.9596
modified_hist in every batch :0.0
########## current_metrics ##########
ndcg_1: 0.022309128077504223
ndcg_5: 0.06987438350915909
ndcg_10: 0.1042758971452713
ndcg_20: 0.1466558277606964
hit_1: 0.022309128077504223
hit_5: 0.12034485823482358
hit_10: 0.2278464136521198
hit_20: 0.3967647320238201
ap: 0.09361180663108826
########## best_metrics ##########
ndcg_1: 0.022309128077504223
ndcg_5: 0.06987438350915909
ndcg_10: 0.1042758971452713
ndcg_20: 0.1466558277606964
hit_1: 0.022309128077504223
hit_5: 0.12034485823482358
hit_10: 0.2278464136521198
hit_20: 0.3967647320238201
ap: 0.09361180663108826
no increase in recent 0 iters
#########################################################
################## epoch 3 ###########################
loss: 994.1118, len_train_loader:198
modified_target in every batch:15.9343
modified_hist in every batch :0.0
########## current_metrics ##########
ndcg_1: 0.04581814949782242
ndcg_5: 0.12105622887611389
ndcg_10: 0.16372491419315338
ndcg_20: 0.20973899960517883
hit_1: 0.04581814949782242
hit_5: 0.19798240156430538
hit_10: 0.33077059816905163
hit_20: 0.5134210292418452
ap: 0.1386018842458725
########## best_metrics ##########
ndcg_1: 0.04581814949782242
ndcg_5: 0.12105622887611389
ndcg_10: 0.16372491419315338
ndcg_20: 0.20973899960517883
hit_1: 0.04581814949782242
hit_5: 0.19798240156430538
hit_10: 0.33077059816905163
hit_20: 0.5134210292418452
ap: 0.1386018842458725
no increase in recent 0 iters
#########################################################
################## epoch 4 ###########################
loss: 892.854, len_train_loader:198
modified_target in every batch:20.9192
modified_hist in every batch :0.0
########## current_metrics ##########
ndcg_1: 0.048840103101946496
ndcg_5: 0.12104404717683792
ndcg_10: 0.16418716311454773
ndcg_20: 0.20931217074394226
hit_1: 0.048840103101946496
hit_5: 0.19438272153586347
hit_10: 0.32894853790774153
hit_20: 0.5083992533996978
ap: 0.13953498005867004
########## best_metrics ##########
ndcg_1: 0.048840103101946496
ndcg_5: 0.12105622887611389
ndcg_10: 0.16418716311454773
ndcg_20: 0.20973899960517883
hit_1: 0.048840103101946496
hit_5: 0.19798240156430538
hit_10: 0.33077059816905163
hit_20: 0.5134210292418452
ap: 0.13953498005867004
no increase in recent 0 iters
#########################################################
################## epoch 5 ###########################
loss: 843.234, len_train_loader:198
modified_target in every batch:25.899
modified_hist in every batch :0.0
########## current_metrics ##########
ndcg_1: 0.0591058572571327
ndcg_5: 0.14172512292861938
ndcg_10: 0.18597614765167236
ndcg_20: 0.2307589203119278
hit_1: 0.0591058572571327
hit_5: 0.2250022220247089
hit_10: 0.36245667051817615
hit_20: 0.540485290196427
ap: 0.15680921077728271
########## best_metrics ##########
ndcg_1: 0.0591058572571327
ndcg_5: 0.14172512292861938
ndcg_10: 0.18597614765167236
ndcg_20: 0.2307589203119278
hit_1: 0.0591058572571327
hit_5: 0.2250022220247089
hit_10: 0.36245667051817615
hit_20: 0.540485290196427
ap: 0.15680921077728271
no increase in recent 0 iters
#########################################################
################## epoch 6 ###########################
loss: 802.0768, len_train_loader:198
modified_target in every batch:31.8737
modified_hist in every batch :0.0
########## current_metrics ##########
ndcg_1: 0.05621722513554351
ndcg_5: 0.13810165226459503
ndcg_10: 0.18132250010967255
ndcg_20: 0.22532163560390472
hit_1: 0.05621722513554351
hit_5: 0.22113589903119724
hit_10: 0.35574615589725356
hit_20: 0.5307972624655586
ap: 0.1526457816362381
########## best_metrics ##########
ndcg_1: 0.0591058572571327
ndcg_5: 0.14172512292861938
ndcg_10: 0.18597614765167236
ndcg_20: 0.2307589203119278
hit_1: 0.0591058572571327
hit_5: 0.2250022220247089
hit_10: 0.36245667051817615
hit_20: 0.540485290196427
ap: 0.15680921077728271
no increase in recent 1 iters
#########################################################
################## epoch 7 ###########################
loss: 771.1985, len_train_loader:198
modified_target in every batch:36.8586
modified_hist in every batch :0.0
########## current_metrics ##########
ndcg_1: 0.061505643942760646
ndcg_5: 0.1495356410741806
ndcg_10: 0.19298288226127625
ndcg_20: 0.23731230199337006
hit_1: 0.061505643942760646
hit_5: 0.23691227446449203
hit_10: 0.371611412318905
hit_20: 0.5479512932183805
ap: 0.16253364086151123
########## best_metrics ##########
ndcg_1: 0.061505643942760646
ndcg_5: 0.1495356410741806
ndcg_10: 0.19298288226127625
ndcg_20: 0.23731230199337006
hit_1: 0.061505643942760646
hit_5: 0.23691227446449203
hit_10: 0.371611412318905
hit_20: 0.5479512932183805
ap: 0.16253364086151123
no increase in recent 0 iters
#########################################################
################## epoch 8 ###########################
loss: 743.1882, len_train_loader:198
modified_target in every batch:42.8333
modified_hist in every batch :0.0
########## current_metrics ##########
ndcg_1: 0.05977246466980713
ndcg_5: 0.14290548861026764
ndcg_10: 0.18549878895282745
ndcg_20: 0.22931182384490967
hit_1: 0.05977246466980713
hit_5: 0.22580215091991823
hit_10: 0.3582792640654164
hit_20: 0.5319971558083726
ap: 0.15726660192012787
########## best_metrics ##########
ndcg_1: 0.061505643942760646
ndcg_5: 0.1495356410741806
ndcg_10: 0.19298288226127625
ndcg_20: 0.23731230199337006
hit_1: 0.061505643942760646
hit_5: 0.23691227446449203
hit_10: 0.371611412318905
hit_20: 0.5479512932183805
ap: 0.16253364086151123
no increase in recent 1 iters
#########################################################
################## epoch 9 ###########################
loss: 719.2249, len_train_loader:198
modified_target in every batch:47.8131
modified_hist in every batch :0.0
########## current_metrics ##########
ndcg_1: 0.0646609190294196
ndcg_5: 0.15132786333560944
ndcg_10: 0.19313554465770721
ndcg_20: 0.23540344834327698
hit_1: 0.0646609190294196
hit_5: 0.23704559594702693
hit_10: 0.3667673984534708
hit_20: 0.5344858234823571
ap: 0.16385282576084137
########## best_metrics ##########
ndcg_1: 0.0646609190294196
ndcg_5: 0.15132786333560944
ndcg_10: 0.19313554465770721
ndcg_20: 0.23731230199337006
hit_1: 0.0646609190294196
hit_5: 0.23704559594702693
hit_10: 0.371611412318905
hit_20: 0.5479512932183805
ap: 0.16385282576084137
no increase in recent 0 iters
#########################################################
################## epoch 10 ###########################
loss: 696.4254, len_train_loader:198
modified_target in every batch:52.7929
modified_hist in every batch :0.0
########## current_metrics ##########
ndcg_1: 0.06426095458181495
ndcg_5: 0.15094305574893951
ndcg_10: 0.19357265532016754
ndcg_20: 0.2359042465686798
hit_1: 0.06426095458181495
hit_5: 0.23700115545284864
hit_10: 0.36934494711581195
hit_20: 0.5373744556039464
ap: 0.16360440850257874
########## best_metrics ##########
ndcg_1: 0.0646609190294196
ndcg_5: 0.15132786333560944
ndcg_10: 0.19357265532016754
ndcg_20: 0.23731230199337006
hit_1: 0.0646609190294196
hit_5: 0.23704559594702693
hit_10: 0.371611412318905
hit_20: 0.5479512932183805
ap: 0.16385282576084137
no increase in recent 0 iters
#########################################################
################## epoch 11 ###########################
loss: 674.5656, len_train_loader:198
modified_target in every batch:58.7727
modified_hist in every batch :0.0
########## current_metrics ##########
ndcg_1: 0.06408319260510177
ndcg_5: 0.1495773196220398
ndcg_10: 0.19197866320610046
ndcg_20: 0.2345438003540039
hit_1: 0.06408319260510177
hit_5: 0.23522353568571683
hit_10: 0.36703404141854057
hit_20: 0.5361745622611324
ap: 0.16235069930553436
########## best_metrics ##########
ndcg_1: 0.0646609190294196
ndcg_5: 0.15132786333560944
ndcg_10: 0.19357265532016754
ndcg_20: 0.23731230199337006
hit_1: 0.0646609190294196
hit_5: 0.23704559594702693
hit_10: 0.371611412318905
hit_20: 0.5479512932183805
ap: 0.16385282576084137
no increase in recent 1 iters
#########################################################
################## epoch 12 ###########################
loss: 653.761, len_train_loader:198
modified_target in every batch:63.7525
modified_hist in every batch :0.0
########## current_metrics ##########
ndcg_1: 0.06537196693627233
ndcg_5: 0.14989417791366577
ndcg_10: 0.19173981249332428
ndcg_20: 0.23506046831607819
hit_1: 0.06537196693627233
hit_5: 0.23393476135454627
hit_10: 0.36418984979112967
hit_20: 0.5359968002844192
ap: 0.1630663126707077
########## best_metrics ##########
ndcg_1: 0.06537196693627233
ndcg_5: 0.15132786333560944
ndcg_10: 0.19357265532016754
ndcg_20: 0.23731230199337006
hit_1: 0.06537196693627233
hit_5: 0.23704559594702693
hit_10: 0.371611412318905
hit_20: 0.5479512932183805
ap: 0.16385282576084137
no increase in recent 0 iters
#########################################################
################## epoch 13 ###########################
loss: 637.3564, len_train_loader:198
modified_target in every batch:69.7273
modified_hist in every batch :0.0
########## current_metrics ##########
ndcg_1: 0.06626077681983823
ndcg_5: 0.14830219745635986
ndcg_10: 0.18828773498535156
ndcg_20: 0.23048168420791626
hit_1: 0.06626077681983823
hit_5: 0.22935739045418185
hit_10: 0.3537463336592303
hit_20: 0.5213314372055817
ap: 0.16156207025051117
########## best_metrics ##########
ndcg_1: 0.06626077681983823
ndcg_5: 0.15132786333560944
ndcg_10: 0.19357265532016754
ndcg_20: 0.23731230199337006
hit_1: 0.06626077681983823
hit_5: 0.23704559594702693
hit_10: 0.371611412318905
hit_20: 0.5479512932183805
ap: 0.16385282576084137
no increase in recent 0 iters
#########################################################
################## epoch 14 ###########################
loss: 620.4281, len_train_loader:198
modified_target in every batch:74.7121
modified_hist in every batch :0.0
########## current_metrics ##########
ndcg_1: 0.06977157585992357
ndcg_5: 0.1581355184316635
ndcg_10: 0.20079746842384338
ndcg_20: 0.24287712574005127
hit_1: 0.06977157585992357
hit_5: 0.24477824193405032
hit_10: 0.37738867656208336
hit_20: 0.5446182561550085
ap: 0.17018342018127441
########## best_metrics ##########
ndcg_1: 0.06977157585992357
ndcg_5: 0.1581355184316635
ndcg_10: 0.20079746842384338
ndcg_20: 0.24287712574005127
hit_1: 0.06977157585992357
hit_5: 0.24477824193405032
hit_10: 0.37738867656208336
hit_20: 0.5479512932183805
ap: 0.17018342018127441
no increase in recent 0 iters
#########################################################
################## epoch 15 ###########################
loss: 606.0141, len_train_loader:198
modified_target in every batch:79.6919
modified_hist in every batch :0.0
########## current_metrics ##########
ndcg_1: 0.06959381388321038
ndcg_5: 0.15584731101989746
ndcg_10: 0.19704802334308624
ndcg_20: 0.23976768553256989
hit_1: 0.06959381388321038
hit_5: 0.24037863301039908
hit_10: 0.36836725624388944
hit_20: 0.5376855390631944
ap: 0.16834576427936554
########## best_metrics ##########
ndcg_1: 0.06977157585992357
ndcg_5: 0.1581355184316635
ndcg_10: 0.20079746842384338
ndcg_20: 0.24287712574005127
hit_1: 0.06977157585992357
hit_5: 0.24477824193405032
hit_10: 0.37738867656208336
hit_20: 0.5479512932183805
ap: 0.17018342018127441
no increase in recent 1 iters
#########################################################
################## epoch 16 ###########################
loss: 594.2968, len_train_loader:198
modified_target in every batch:85.6667
modified_hist in every batch :0.0
########## current_metrics ##########
ndcg_1: 0.06892720647053595
ndcg_5: 0.15649425983428955
ndcg_10: 0.19858698546886444
ndcg_20: 0.24088887870311737
hit_1: 0.06892720647053595
hit_5: 0.2431783841436317
hit_10: 0.3741445204870678
hit_20: 0.5422184694693805
ap: 0.16838791966438293
########## best_metrics ##########
ndcg_1: 0.06977157585992357
ndcg_5: 0.1581355184316635
ndcg_10: 0.20079746842384338
ndcg_20: 0.24287712574005127
hit_1: 0.06977157585992357
hit_5: 0.24477824193405032
hit_10: 0.37738867656208336
hit_20: 0.5479512932183805
ap: 0.17018342018127441
no increase in recent 2 iters
#########################################################
################## epoch 17 ###########################
loss: 581.3566, len_train_loader:198
modified_target in every batch:90.6465
modified_hist in every batch :0.0
########## current_metrics ##########
ndcg_1: 0.06923828992978402
ndcg_5: 0.157205268740654
ndcg_10: 0.19844014942646027
ndcg_20: 0.24146781861782074
hit_1: 0.06923828992978402
hit_5: 0.2440671940271976
hit_10: 0.37218913874322285
hit_20: 0.5429739578704115
ap: 0.16885600984096527
########## best_metrics ##########
ndcg_1: 0.06977157585992357
ndcg_5: 0.1581355184316635
ndcg_10: 0.20079746842384338
ndcg_20: 0.24287712574005127
hit_1: 0.06977157585992357
hit_5: 0.24477824193405032
hit_10: 0.37738867656208336
hit_20: 0.5479512932183805
ap: 0.17018342018127441
no increase in recent 3 iters
#########################################################
################## epoch 18 ###########################
loss: 571.6003, len_train_loader:198
modified_target in every batch:96.6263
modified_hist in every batch :0.0
########## current_metrics ##########
ndcg_1: 0.0656386099013421
ndcg_5: 0.14918307960033417
ndcg_10: 0.19088499248027802
ndcg_20: 0.23267319798469543
hit_1: 0.0656386099013421
hit_5: 0.2318460581281664
hit_10: 0.36156786063461027
hit_20: 0.5275975468847214
ap: 0.16239184141159058
########## best_metrics ##########
ndcg_1: 0.06977157585992357
ndcg_5: 0.1581355184316635
ndcg_10: 0.20079746842384338
ndcg_20: 0.24287712574005127
hit_1: 0.06977157585992357
hit_5: 0.24477824193405032
hit_10: 0.37738867656208336
hit_20: 0.5479512932183805
ap: 0.17018342018127441
no increase in recent 4 iters
#########################################################
################## epoch 19 ###########################
loss: 562.4175, len_train_loader:198
modified_target in every batch:101.6061
modified_hist in every batch :0.0
########## current_metrics ##########
ndcg_1: 0.07279352946404764
ndcg_5: 0.16149985790252686
ndcg_10: 0.20181196928024292
ndcg_20: 0.24251821637153625
hit_1: 0.07279352946404764
hit_5: 0.24913341036352324
hit_10: 0.3745000444404942
hit_20: 0.5363967647320238
ap: 0.17203721404075623
########## best_metrics ##########
ndcg_1: 0.07279352946404764
ndcg_5: 0.16149985790252686
ndcg_10: 0.20181196928024292
ndcg_20: 0.24287712574005127
hit_1: 0.07279352946404764
hit_5: 0.24913341036352324
hit_10: 0.37738867656208336
hit_20: 0.5479512932183805
ap: 0.17203721404075623
no increase in recent 0 iters
#########################################################
################## epoch 20 ###########################
loss: 557.5175, len_train_loader:198
modified_target in every batch:101.6061
modified_hist in every batch :431.0303
########## current_metrics ##########
ndcg_1: 0.07337125588836547
ndcg_5: 0.16035149991512299
ndcg_10: 0.20010146498680115
ndcg_20: 0.242240309715271
hit_1: 0.07337125588836547
hit_5: 0.2456226113234379
hit_10: 0.36912274464492045
hit_20: 0.5364412052262021
ap: 0.17175622284412384
########## best_metrics ##########
ndcg_1: 0.07337125588836547
ndcg_5: 0.16149985790252686
ndcg_10: 0.20181196928024292
ndcg_20: 0.24287712574005127
hit_1: 0.07337125588836547
hit_5: 0.24913341036352324
hit_10: 0.37738867656208336
hit_20: 0.5479512932183805
ap: 0.17203721404075623
no increase in recent 0 iters
#########################################################
################## epoch 21 ###########################
loss: 551.8575, len_train_loader:198
modified_target in every batch:101.6061
modified_hist in every batch :430.1364
########## current_metrics ##########
ndcg_1: 0.07194916007466003
ndcg_5: 0.15608154237270355
ndcg_10: 0.19584402441978455
ndcg_20: 0.23714962601661682
hit_1: 0.07194916007466003
hit_5: 0.23806772731312772
hit_10: 0.36156786063461027
hit_20: 0.5257310461292329
ap: 0.16854020953178406
########## best_metrics ##########
ndcg_1: 0.07337125588836547
ndcg_5: 0.16149985790252686
ndcg_10: 0.20181196928024292
ndcg_20: 0.24287712574005127
hit_1: 0.07337125588836547
hit_5: 0.24913341036352324
hit_10: 0.37738867656208336
hit_20: 0.5479512932183805
ap: 0.17203721404075623
no increase in recent 1 iters
#########################################################
################## epoch 22 ###########################
loss: 543.6687, len_train_loader:198
modified_target in every batch:101.6061
modified_hist in every batch :431.4242
########## current_metrics ##########
ndcg_1: 0.07203804106301662
ndcg_5: 0.15769773721694946
ndcg_10: 0.198907732963562
ndcg_20: 0.23938022553920746
hit_1: 0.07203804106301662
hit_5: 0.24264509821349214
hit_10: 0.3706337214469825
hit_20: 0.5311083459248067
ap: 0.16966624557971954
########## best_metrics ##########
ndcg_1: 0.07337125588836547
ndcg_5: 0.16149985790252686
ndcg_10: 0.20181196928024292
ndcg_20: 0.24287712574005127
hit_1: 0.07337125588836547
hit_5: 0.24913341036352324
hit_10: 0.37738867656208336
hit_20: 0.5479512932183805
ap: 0.17203721404075623
no increase in recent 2 iters
#########################################################
################## epoch 23 ###########################
loss: 538.1726, len_train_loader:198
modified_target in every batch:101.6061
modified_hist in every batch :430.8283
########## current_metrics ##########
ndcg_1: 0.07101590969691583
ndcg_5: 0.1581650972366333
ndcg_10: 0.19910946488380432
ndcg_20: 0.2407037317752838
hit_1: 0.07101590969691583
hit_5: 0.24508932539329836
hit_10: 0.3721002577548662
hit_20: 0.537330015109768
ap: 0.16946960985660553
########## best_metrics ##########
ndcg_1: 0.07337125588836547
ndcg_5: 0.16149985790252686
ndcg_10: 0.20181196928024292
ndcg_20: 0.24287712574005127
hit_1: 0.07337125588836547
hit_5: 0.24913341036352324
hit_10: 0.37738867656208336
hit_20: 0.5479512932183805
ap: 0.17203721404075623
no increase in recent 3 iters
#########################################################
################## epoch 24 ###########################
loss: 531.8687, len_train_loader:198
modified_target in every batch:101.6061
modified_hist in every batch :430.0707
########## current_metrics ##########
ndcg_1: 0.07061594524931117
ndcg_5: 0.15668517351150513
ndcg_10: 0.19703222811222076
ndcg_20: 0.23825038969516754
hit_1: 0.07061594524931117
hit_5: 0.24046751399875566
hit_10: 0.36601191005243977
hit_20: 0.5299973335703493
ap: 0.1685589700937271
########## best_metrics ##########
ndcg_1: 0.07337125588836547
ndcg_5: 0.16149985790252686
ndcg_10: 0.20181196928024292
ndcg_20: 0.24287712574005127
hit_1: 0.07337125588836547
hit_5: 0.24913341036352324
hit_10: 0.37738867656208336
hit_20: 0.5479512932183805
ap: 0.17203721404075623
no increase in recent 4 iters
#########################################################
################## epoch 25 ###########################
loss: 527.1043, len_train_loader:198
modified_target in every batch:101.6061
modified_hist in every batch :430.1263
########## current_metrics ##########
ndcg_1: 0.068482801528753
ndcg_5: 0.15336020290851593
ndcg_10: 0.19281259179115295
ndcg_20: 0.23447121679782867
hit_1: 0.068482801528753
hit_5: 0.23615678606346102
hit_10: 0.3586792285130211
hit_20: 0.5243533908097058
ap: 0.16552357375621796
########## best_metrics ##########
ndcg_1: 0.07337125588836547
ndcg_5: 0.16149985790252686
ndcg_10: 0.20181196928024292
ndcg_20: 0.24287712574005127
hit_1: 0.07337125588836547
hit_5: 0.24913341036352324
hit_10: 0.37738867656208336
hit_20: 0.5479512932183805
ap: 0.17203721404075623
no increase in recent 5 iters
#########################################################
################## epoch 26 ###########################
loss: 522.7797, len_train_loader:198
modified_target in every batch:101.6061
modified_hist in every batch :430.0253
########## current_metrics ##########
ndcg_1: 0.0740823037952182
ndcg_5: 0.1600792109966278
ndcg_10: 0.19976453483104706
ndcg_20: 0.24084608256816864
hit_1: 0.0740823037952182
hit_5: 0.2450004444049418
hit_10: 0.3680117322904631
hit_20: 0.5312416674073416
ap: 0.17154526710510254
########## best_metrics ##########
ndcg_1: 0.0740823037952182
ndcg_5: 0.16149985790252686
ndcg_10: 0.20181196928024292
ndcg_20: 0.24287712574005127
hit_1: 0.0740823037952182
hit_5: 0.24913341036352324
hit_10: 0.37738867656208336
hit_20: 0.5479512932183805
ap: 0.17203721404075623
no increase in recent 0 iters
#########################################################
################## epoch 27 ###########################
loss: 518.7404, len_train_loader:198
modified_target in every batch:101.6061
modified_hist in every batch :430.4394
########## current_metrics ##########
ndcg_1: 0.07452670873700115
ndcg_5: 0.16177447140216827
ndcg_10: 0.20270079374313354
ndcg_20: 0.2439219206571579
hit_1: 0.07452670873700115
hit_5: 0.24833348146831394
hit_10: 0.37556661630077326
hit_20: 0.5394631588303261
ap: 0.17293773591518402
########## best_metrics ##########
ndcg_1: 0.07452670873700115
ndcg_5: 0.16177447140216827
ndcg_10: 0.20270079374313354
ndcg_20: 0.2439219206571579
hit_1: 0.07452670873700115
hit_5: 0.24913341036352324
hit_10: 0.37738867656208336
hit_20: 0.5479512932183805
ap: 0.17293773591518402
no increase in recent 0 iters
#########################################################
################## epoch 28 ###########################
loss: 511.8131, len_train_loader:198
modified_target in every batch:101.6061
modified_hist in every batch :432.4747
########## current_metrics ##########
ndcg_1: 0.0731934939116523
ndcg_5: 0.15900926291942596
ndcg_10: 0.19826439023017883
ndcg_20: 0.2385067343711853
hit_1: 0.0731934939116523
hit_5: 0.2419784908008177
hit_10: 0.3638787663318816
hit_20: 0.5236867833970313
ap: 0.17059549689292908
########## best_metrics ##########
ndcg_1: 0.07452670873700115
ndcg_5: 0.16177447140216827
ndcg_10: 0.20270079374313354
ndcg_20: 0.2439219206571579
hit_1: 0.07452670873700115
hit_5: 0.24913341036352324
hit_10: 0.37738867656208336
hit_20: 0.5479512932183805
ap: 0.17293773591518402
no increase in recent 1 iters
#########################################################
################## epoch 29 ###########################
loss: 511.2106, len_train_loader:198
modified_target in every batch:101.6061
modified_hist in every batch :430.3535
########## current_metrics ##########
ndcg_1: 0.07301573193493911
ndcg_5: 0.15922844409942627
ndcg_10: 0.20035140216350555
ndcg_20: 0.24061055481433868
hit_1: 0.07301573193493911
hit_5: 0.24340058661452316
hit_10: 0.3712558883654786
hit_20: 0.5314194293840547
ap: 0.17118221521377563
########## best_metrics ##########
ndcg_1: 0.07452670873700115
ndcg_5: 0.16177447140216827
ndcg_10: 0.20270079374313354
ndcg_20: 0.2439219206571579
hit_1: 0.07452670873700115
hit_5: 0.24913341036352324
hit_10: 0.37738867656208336
hit_20: 0.5479512932183805
ap: 0.17293773591518402
no increase in recent 2 iters
#########################################################
################## epoch 30 ###########################
loss: 506.5627, len_train_loader:198
modified_target in every batch:101.6061
modified_hist in every batch :428.2727
########## current_metrics ##########
ndcg_1: 0.06919384943560572
ndcg_5: 0.15366020798683167
ndcg_10: 0.1937008798122406
ndcg_20: 0.23420889675617218
hit_1: 0.06919384943560572
hit_5: 0.2363345480401742
hit_10: 0.3607679317394009
hit_20: 0.522131366100791
ap: 0.16573725640773773
########## best_metrics ##########
ndcg_1: 0.07452670873700115
ndcg_5: 0.16177447140216827
ndcg_10: 0.20270079374313354
ndcg_20: 0.2439219206571579
hit_1: 0.07452670873700115
hit_5: 0.24913341036352324
hit_10: 0.37738867656208336
hit_20: 0.5479512932183805
ap: 0.17293773591518402
no increase in recent 3 iters
#########################################################
################## epoch 31 ###########################
loss: 502.3543, len_train_loader:198
modified_target in every batch:101.6061
modified_hist in every batch :428.6717
########## current_metrics ##########
ndcg_1: 0.07354901786507866
ndcg_5: 0.15871839225292206
ndcg_10: 0.1985662430524826
ndcg_20: 0.2384212166070938
hit_1: 0.07354901786507866
hit_5: 0.24193405030663942
hit_10: 0.3656563860990134
hit_20: 0.5241311883388143
ap: 0.1703978031873703
########## best_metrics ##########
ndcg_1: 0.07452670873700115
ndcg_5: 0.16177447140216827
ndcg_10: 0.20270079374313354
ndcg_20: 0.2439219206571579
hit_1: 0.07452670873700115
hit_5: 0.24913341036352324
hit_10: 0.37738867656208336
hit_20: 0.5479512932183805
ap: 0.17293773591518402
no increase in recent 4 iters
#########################################################
################## epoch 32 ###########################
loss: 498.045, len_train_loader:198
modified_target in every batch:101.6061
modified_hist in every batch :430.5808
########## current_metrics ##########
ndcg_1: 0.0741267442893965
ndcg_5: 0.1578076183795929
ndcg_10: 0.19595564901828766
ndcg_20: 0.2356063723564148
hit_1: 0.0741267442893965
hit_5: 0.24046751399875566
hit_10: 0.3586792285130211
hit_20: 0.5162652208692561
ap: 0.16923388838768005
########## best_metrics ##########
ndcg_1: 0.07452670873700115
ndcg_5: 0.16177447140216827
ndcg_10: 0.20270079374313354
ndcg_20: 0.2439219206571579
hit_1: 0.07452670873700115
hit_5: 0.24913341036352324
hit_10: 0.37738867656208336
hit_20: 0.5479512932183805
ap: 0.17293773591518402
no increase in recent 5 iters
#########################################################
################## epoch 33 ###########################
loss: 495.9274, len_train_loader:198
modified_target in every batch:101.6061
modified_hist in every batch :429.8131
########## current_metrics ##########
ndcg_1: 0.07270464847569105
ndcg_5: 0.15856415033340454
ndcg_10: 0.19804617762565613
ndcg_20: 0.23767083883285522
hit_1: 0.07270464847569105
hit_5: 0.242778419696027
hit_10: 0.3650786596746956
hit_20: 0.5223980090658608
ap: 0.1698848009109497
########## best_metrics ##########
ndcg_1: 0.07452670873700115
ndcg_5: 0.16177447140216827
ndcg_10: 0.20270079374313354
ndcg_20: 0.2439219206571579
hit_1: 0.07452670873700115
hit_5: 0.24913341036352324
hit_10: 0.37738867656208336
hit_20: 0.5479512932183805
ap: 0.17293773591518402
no increase in recent 6 iters
#########################################################
################## epoch 34 ###########################
loss: 491.4965, len_train_loader:198
modified_target in every batch:101.6061
modified_hist in every batch :429.5808
########## current_metrics ##########
ndcg_1: 0.07514887565549729
ndcg_5: 0.1614850014448166
ndcg_10: 0.2011517882347107
ndcg_20: 0.2416566163301468
hit_1: 0.07514887565549729
hit_5: 0.246689183183717
hit_10: 0.3697004710692383
hit_20: 0.5307528219713803
ap: 0.1726536899805069
########## best_metrics ##########
ndcg_1: 0.07514887565549729
ndcg_5: 0.16177447140216827
ndcg_10: 0.20270079374313354
ndcg_20: 0.2439219206571579
hit_1: 0.07514887565549729
hit_5: 0.24913341036352324
hit_10: 0.37738867656208336
hit_20: 0.5479512932183805
ap: 0.17293773591518402
no increase in recent 0 iters
#########################################################
################## epoch 35 ###########################
loss: 489.9801, len_train_loader:198
modified_target in every batch:101.6061
modified_hist in every batch :430.9545
########## current_metrics ##########
ndcg_1: 0.07919296062572216
ndcg_5: 0.16571418941020966
ndcg_10: 0.2055099606513977
ndcg_20: 0.24582326412200928
hit_1: 0.07919296062572216
hit_5: 0.25104435161318994
hit_10: 0.3749000088880988
hit_20: 0.5351079904008532
ap: 0.1766522377729416
########## best_metrics ##########
ndcg_1: 0.07919296062572216
ndcg_5: 0.16571418941020966
ndcg_10: 0.2055099606513977
ndcg_20: 0.24582326412200928
hit_1: 0.07919296062572216
hit_5: 0.25104435161318994
hit_10: 0.37738867656208336
hit_20: 0.5479512932183805
ap: 0.1766522377729416
no increase in recent 0 iters
#########################################################
################## epoch 36 ###########################
loss: 487.5859, len_train_loader:198
modified_target in every batch:101.6061
modified_hist in every batch :431.0
########## current_metrics ##########
ndcg_1: 0.07297129144076082
ndcg_5: 0.15727943181991577
ndcg_10: 0.19619713723659515
ndcg_20: 0.23651832342147827
hit_1: 0.07297129144076082
hit_5: 0.24060083548129055
hit_10: 0.36183450359968
hit_20: 0.5221758065949693
ap: 0.1687394231557846
########## best_metrics ##########
ndcg_1: 0.07919296062572216
ndcg_5: 0.16571418941020966
ndcg_10: 0.2055099606513977
ndcg_20: 0.24582326412200928
hit_1: 0.07919296062572216
hit_5: 0.25104435161318994
hit_10: 0.37738867656208336
hit_20: 0.5479512932183805
ap: 0.1766522377729416
no increase in recent 1 iters
#########################################################
################## epoch 37 ###########################
loss: 482.8898, len_train_loader:198
modified_target in every batch:101.6061
modified_hist in every batch :429.0556
########## current_metrics ##########
ndcg_1: 0.07386010132432673
ndcg_5: 0.16044478118419647
ndcg_10: 0.19865331053733826
ndcg_20: 0.23913876712322235
hit_1: 0.07386010132432673
hit_5: 0.243978313038841
hit_10: 0.3629899564483157
hit_20: 0.5238201048795662
ap: 0.17146910727024078
########## best_metrics ##########
ndcg_1: 0.07919296062572216
ndcg_5: 0.16571418941020966
ndcg_10: 0.2055099606513977
ndcg_20: 0.24582326412200928
hit_1: 0.07919296062572216
hit_5: 0.25104435161318994
hit_10: 0.37738867656208336
hit_20: 0.5479512932183805
ap: 0.1766522377729416
no increase in recent 2 iters
#########################################################
################## epoch 38 ###########################
loss: 482.3061, len_train_loader:198
modified_target in every batch:101.6061
modified_hist in every batch :429.6919
########## current_metrics ##########
ndcg_1: 0.07163807661541197
ndcg_5: 0.15334638953208923
ndcg_10: 0.1920858919620514
ndcg_20: 0.23202253878116608
hit_1: 0.07163807661541197
hit_5: 0.2336236778952982
hit_10: 0.35414629810683496
hit_20: 0.5130655052884188
ap: 0.16571573913097382
########## best_metrics ##########
ndcg_1: 0.07919296062572216
ndcg_5: 0.16571418941020966
ndcg_10: 0.2055099606513977
ndcg_20: 0.24582326412200928
hit_1: 0.07919296062572216
hit_5: 0.25104435161318994
hit_10: 0.37738867656208336
hit_20: 0.5479512932183805
ap: 0.1766522377729416
no increase in recent 3 iters
#########################################################
################## epoch 39 ###########################
loss: 478.3884, len_train_loader:198
modified_target in every batch:101.6061
modified_hist in every batch :431.5253
########## current_metrics ##########
ndcg_1: 0.07252688649897787
ndcg_5: 0.15578506886959076
ndcg_10: 0.1951647847890854
ndcg_20: 0.23489201068878174
hit_1: 0.07252688649897787
hit_5: 0.23744556039463158
hit_10: 0.3597458003733002
hit_20: 0.5175539952004267
ap: 0.16787287592887878
########## best_metrics ##########
ndcg_1: 0.07919296062572216
ndcg_5: 0.16571418941020966
ndcg_10: 0.2055099606513977
ndcg_20: 0.24582326412200928
hit_1: 0.07919296062572216
hit_5: 0.25104435161318994
hit_10: 0.37738867656208336
hit_20: 0.5479512932183805
ap: 0.1766522377729416
no increase in recent 4 iters
#########################################################
################## epoch 40 ###########################
loss: 477.3149, len_train_loader:198
modified_target in every batch:101.6061
modified_hist in every batch :432.7576
########## current_metrics ##########
ndcg_1: 0.07394898231268332
ndcg_5: 0.15553733706474304
ndcg_10: 0.19398750364780426
ndcg_20: 0.23411211371421814
hit_1: 0.07394898231268332
hit_5: 0.23602346458092613
hit_10: 0.3553017509554706
hit_20: 0.5147098035730158
ap: 0.16776376962661743
########## best_metrics ##########
ndcg_1: 0.07919296062572216
ndcg_5: 0.16571418941020966
ndcg_10: 0.2055099606513977
ndcg_20: 0.24582326412200928
hit_1: 0.07919296062572216
hit_5: 0.25104435161318994
hit_10: 0.37738867656208336
hit_20: 0.5479512932183805
ap: 0.1766522377729416
no increase in recent 5 iters
#########################################################
################## epoch 41 ###########################
loss: 474.2074, len_train_loader:198
modified_target in every batch:101.6061
modified_hist in every batch :429.9949
########## current_metrics ##########
ndcg_1: 0.07372677984179184
ndcg_5: 0.15871119499206543
ndcg_10: 0.19901831448078156
ndcg_20: 0.23930414021015167
hit_1: 0.07372677984179184
hit_5: 0.24144520487067817
hit_10: 0.3668562794418274
hit_20: 0.5272864634254733
ap: 0.17061735689640045
########## best_metrics ##########
ndcg_1: 0.07919296062572216
ndcg_5: 0.16571418941020966
ndcg_10: 0.2055099606513977
ndcg_20: 0.24582326412200928
hit_1: 0.07919296062572216
hit_5: 0.25104435161318994
hit_10: 0.37738867656208336
hit_20: 0.5479512932183805
ap: 0.1766522377729416
no increase in recent 6 iters
#########################################################
################## epoch 42 ###########################
loss: 471.8281, len_train_loader:198
modified_target in every batch:101.6061
modified_hist in every batch :430.8939
########## current_metrics ##########
ndcg_1: 0.07763754332948182
ndcg_5: 0.16110847890377045
ndcg_10: 0.201267272233963
ndcg_20: 0.2412622570991516
hit_1: 0.07763754332948182
hit_5: 0.24224513376588747
hit_10: 0.3674340058661452
hit_20: 0.5259088081059461
ap: 0.1735997349023819
########## best_metrics ##########
ndcg_1: 0.07919296062572216
ndcg_5: 0.16571418941020966
ndcg_10: 0.2055099606513977
ndcg_20: 0.24582326412200928
hit_1: 0.07919296062572216
hit_5: 0.25104435161318994
hit_10: 0.37738867656208336
hit_20: 0.5479512932183805
ap: 0.1766522377729416
no increase in recent 7 iters
#########################################################
################## epoch 43 ###########################
loss: 469.9942, len_train_loader:198
modified_target in every batch:101.6061
modified_hist in every batch :431.096
########## current_metrics ##########
ndcg_1: 0.07492667318460582
ndcg_5: 0.15580587089061737
ndcg_10: 0.19455160200595856
ndcg_20: 0.23437067866325378
hit_1: 0.07492667318460582
hit_5: 0.2354457381566083
hit_10: 0.3556128344147187
hit_20: 0.513998755666163
ap: 0.16835789382457733
########## best_metrics ##########
ndcg_1: 0.07919296062572216
ndcg_5: 0.16571418941020966
ndcg_10: 0.2055099606513977
ndcg_20: 0.24582326412200928
hit_1: 0.07919296062572216
hit_5: 0.25104435161318994
hit_10: 0.37738867656208336
hit_20: 0.5479512932183805
ap: 0.1766522377729416
no increase in recent 8 iters
#########################################################
################## epoch 44 ###########################
loss: 468.6915, len_train_loader:198
modified_target in every batch:101.6061
modified_hist in every batch :429.6313
########## current_metrics ##########
ndcg_1: 0.07523775664385388
ndcg_5: 0.15757276117801666
ndcg_10: 0.19779010117053986
ndcg_20: 0.2372671514749527
hit_1: 0.07523775664385388
hit_5: 0.23820104879566262
hit_10: 0.3635676828726335
hit_20: 0.5204426273220158
ap: 0.17004679143428802
########## best_metrics ##########
ndcg_1: 0.07919296062572216
ndcg_5: 0.16571418941020966
ndcg_10: 0.2055099606513977
ndcg_20: 0.24582326412200928
hit_1: 0.07919296062572216
hit_5: 0.25104435161318994
hit_10: 0.37738867656208336
hit_20: 0.5479512932183805
ap: 0.1766522377729416
no increase in recent 9 iters
#########################################################
################## epoch 45 ###########################
loss: 465.6762, len_train_loader:198
modified_target in every batch:101.6061
modified_hist in every batch :430.5505
########## current_metrics ##########
ndcg_1: 0.07479335170207092
ndcg_5: 0.15719333291053772
ndcg_10: 0.19652703404426575
ndcg_20: 0.23604944348335266
hit_1: 0.07479335170207092
hit_5: 0.23757888187716647
hit_10: 0.35987912185583504
hit_20: 0.5171095902586437
ap: 0.1696176528930664
########## best_metrics ##########
ndcg_1: 0.07919296062572216
ndcg_5: 0.16571418941020966
ndcg_10: 0.2055099606513977
ndcg_20: 0.24582326412200928
hit_1: 0.07919296062572216
hit_5: 0.25104435161318994
hit_10: 0.37738867656208336
hit_20: 0.5479512932183805
ap: 0.1766522377729416
no increase in recent 10 iters
#########################################################
################## epoch 46 ###########################
loss: 464.1957, len_train_loader:198
modified_target in every batch:101.6061
modified_hist in every batch :432.0404
########## current_metrics ##########
ndcg_1: 0.0749711136787841
ndcg_5: 0.16009896993637085
ndcg_10: 0.19846950471401215
ndcg_20: 0.23984721302986145
hit_1: 0.0749711136787841
hit_5: 0.2430450626610968
hit_10: 0.3621455870589281
hit_20: 0.5267087370011555
ap: 0.1716470867395401
########## best_metrics ##########
ndcg_1: 0.07919296062572216
ndcg_5: 0.16571418941020966
ndcg_10: 0.2055099606513977
ndcg_20: 0.24582326412200928
hit_1: 0.07919296062572216
hit_5: 0.25104435161318994
hit_10: 0.37738867656208336
hit_20: 0.5479512932183805
ap: 0.1766522377729416
no increase in recent 11 iters
#########################################################
################## epoch 47 ###########################
loss: 447.437, len_train_loader:198
modified_target in every batch:101.6061
modified_hist in every batch :429.3788
########## current_metrics ##########
ndcg_1: 0.07434894676028797
ndcg_5: 0.1586294174194336
ndcg_10: 0.19659604132175446
ndcg_20: 0.2351560741662979
hit_1: 0.07434894676028797
hit_5: 0.2418896098124611
hit_10: 0.35987912185583504
hit_20: 0.513109945782597
ap: 0.1694129854440689
########## best_metrics ##########
ndcg_1: 0.07919296062572216
ndcg_5: 0.16571418941020966
ndcg_10: 0.2055099606513977
ndcg_20: 0.24582326412200928
hit_1: 0.07919296062572216
hit_5: 0.25104435161318994
hit_10: 0.37738867656208336
hit_20: 0.5479512932183805
ap: 0.1766522377729416
no increase in recent 12 iters
#########################################################
################## epoch 48 ###########################
loss: 441.8913, len_train_loader:198
modified_target in every batch:101.6061
modified_hist in every batch :431.2576
########## current_metrics ##########
ndcg_1: 0.07346013687672207
ndcg_5: 0.1562211513519287
ndcg_10: 0.19389708340168
ndcg_20: 0.23373718559741974
hit_1: 0.07346013687672207
hit_5: 0.23833437027819748
hit_10: 0.3553461914496489
hit_20: 0.5137321127010932
ap: 0.16761727631092072
########## best_metrics ##########
ndcg_1: 0.07919296062572216
ndcg_5: 0.16571418941020966
ndcg_10: 0.2055099606513977
ndcg_20: 0.24582326412200928
hit_1: 0.07919296062572216
hit_5: 0.25104435161318994
hit_10: 0.37738867656208336
hit_20: 0.5479512932183805
ap: 0.1766522377729416
no increase in recent 13 iters
#########################################################
################## epoch 49 ###########################
loss: 441.2678, len_train_loader:198
modified_target in every batch:101.6061
modified_hist in every batch :430.7222
########## current_metrics ##########
ndcg_1: 0.07466003021953604
ndcg_5: 0.158746138215065
ndcg_10: 0.19707955420017242
ndcg_20: 0.23696455359458923
hit_1: 0.07466003021953604
hit_5: 0.24166740734156963
hit_10: 0.36067905075104434
hit_20: 0.5193316149675584
ap: 0.17003899812698364
########## best_metrics ##########
ndcg_1: 0.07919296062572216
ndcg_5: 0.16571418941020966
ndcg_10: 0.2055099606513977
ndcg_20: 0.24582326412200928
hit_1: 0.07919296062572216
hit_5: 0.25104435161318994
hit_10: 0.37738867656208336
hit_20: 0.5479512932183805
ap: 0.1766522377729416
no increase in recent 14 iters
#########################################################
################## epoch 50 ###########################
loss: 442.0956, len_train_loader:198
modified_target in every batch:101.6061
modified_hist in every batch :432.4697
########## current_metrics ##########
ndcg_1: 0.07359345835925696
ndcg_5: 0.15761949121952057
ndcg_10: 0.19647452235221863
ndcg_20: 0.2377205640077591
hit_1: 0.07359345835925696
hit_5: 0.2399342280686161
hit_10: 0.36081237223357926
hit_20: 0.5246200337747756
ap: 0.16949127614498138
########## best_metrics ##########
ndcg_1: 0.07919296062572216
ndcg_5: 0.16571418941020966
ndcg_10: 0.2055099606513977
ndcg_20: 0.24582326412200928
hit_1: 0.07919296062572216
hit_5: 0.25104435161318994
hit_10: 0.37738867656208336
hit_20: 0.5479512932183805
ap: 0.1766522377729416
no increase in recent 15 iters
#########################################################
################## epoch 51 ###########################
loss: 441.7312, len_train_loader:198
modified_target in every batch:101.6061
modified_hist in every batch :432.3434
########## current_metrics ##########
ndcg_1: 0.07288241045240423
ndcg_5: 0.15268200635910034
ndcg_10: 0.190073624253273
ndcg_20: 0.2302769273519516
hit_1: 0.07288241045240423
hit_5: 0.23135721269220513
hit_10: 0.34756910496844723
hit_20: 0.5072438005510621
ap: 0.165207639336586
########## best_metrics ##########
ndcg_1: 0.07919296062572216
ndcg_5: 0.16571418941020966
ndcg_10: 0.2055099606513977
ndcg_20: 0.24582326412200928
hit_1: 0.07919296062572216
hit_5: 0.25104435161318994
hit_10: 0.37738867656208336
hit_20: 0.5479512932183805
ap: 0.1766522377729416
no increase in recent 16 iters
#########################################################
################## epoch 52 ###########################
loss: 439.6264, len_train_loader:198
modified_target in every batch:101.6061
modified_hist in every batch :430.2727
########## current_metrics ##########
ndcg_1: 0.07159363612123366
ndcg_5: 0.1514388769865036
ndcg_10: 0.18931442499160767
ndcg_20: 0.2297430783510208
hit_1: 0.07159363612123366
hit_5: 0.23015731934939115
hit_10: 0.3478801884276953
hit_20: 0.5086214558705893
ap: 0.16411253809928894
########## best_metrics ##########
ndcg_1: 0.07919296062572216
ndcg_5: 0.16571418941020966
ndcg_10: 0.2055099606513977
ndcg_20: 0.24582326412200928
hit_1: 0.07919296062572216
hit_5: 0.25104435161318994
hit_10: 0.37738867656208336
hit_20: 0.5479512932183805
ap: 0.1766522377729416
no increase in recent 17 iters
#########################################################
################## epoch 53 ###########################
loss: 438.2808, len_train_loader:198
modified_target in every batch:101.6061
modified_hist in every batch :433.2323
########## current_metrics ##########
ndcg_1: 0.07399342280686161
ndcg_5: 0.15475577116012573
ndcg_10: 0.19567789137363434
ndcg_20: 0.236745685338974
hit_1: 0.07399342280686161
hit_5: 0.23460136876722068
hit_10: 0.36187894409385835
hit_20: 0.5249755577282019
ap: 0.16828018426895142
########## best_metrics ##########
ndcg_1: 0.07919296062572216
ndcg_5: 0.16571418941020966
ndcg_10: 0.2055099606513977
ndcg_20: 0.24582326412200928
hit_1: 0.07919296062572216
hit_5: 0.25104435161318994
hit_10: 0.37738867656208336
hit_20: 0.5479512932183805
ap: 0.1766522377729416
no increase in recent 18 iters
#########################################################
################## epoch 54 ###########################
loss: 439.2777, len_train_loader:198
modified_target in every batch:101.6061
modified_hist in every batch :432.5354
########## current_metrics ##########
ndcg_1: 0.07030486179006311
ndcg_5: 0.1496327966451645
ndcg_10: 0.18911024928092957
ndcg_20: 0.22818055748939514
hit_1: 0.07030486179006311
hit_5: 0.22789085414629812
hit_10: 0.3506799395609279
hit_20: 0.5060439072082481
ap: 0.16287995874881744
########## best_metrics ##########
ndcg_1: 0.07919296062572216
ndcg_5: 0.16571418941020966
ndcg_10: 0.2055099606513977
ndcg_20: 0.24582326412200928
hit_1: 0.07919296062572216
hit_5: 0.25104435161318994
hit_10: 0.37738867656208336
hit_20: 0.5479512932183805
ap: 0.1766522377729416
no increase in recent 19 iters
#########################################################
################## epoch 55 ###########################
loss: 434.6968, len_train_loader:198
modified_target in every batch:101.6061
modified_hist in every batch :430.8283
########## current_metrics ##########
ndcg_1: 0.075104435161319
ndcg_5: 0.15802092850208282
ndcg_10: 0.19613337516784668
ndcg_20: 0.23634466528892517
hit_1: 0.075104435161319
hit_5: 0.2391787396675851
hit_10: 0.3577015376410986
hit_20: 0.5176428761887832
ap: 0.16984246671199799
########## best_metrics ##########
ndcg_1: 0.07919296062572216
ndcg_5: 0.16571418941020966
ndcg_10: 0.2055099606513977
ndcg_20: 0.24582326412200928
hit_1: 0.07919296062572216
hit_5: 0.25104435161318994
hit_10: 0.37738867656208336
hit_20: 0.5479512932183805
ap: 0.1766522377729416
no increase in recent 20 iters
#########################################################
################## epoch 56 ###########################
loss: 435.0741, len_train_loader:198
modified_target in every batch:101.6061
modified_hist in every batch :430.7475
########## current_metrics ##########
ndcg_1: 0.07288241045240423
ndcg_5: 0.15707381069660187
ndcg_10: 0.19624470174312592
ndcg_20: 0.23565521836280823
hit_1: 0.07288241045240423
hit_5: 0.2402008710336859
hit_10: 0.36183450359968
hit_20: 0.5187538885432406
ap: 0.16849102079868317
########## best_metrics ##########
ndcg_1: 0.07919296062572216
ndcg_5: 0.16571418941020966
ndcg_10: 0.2055099606513977
ndcg_20: 0.24582326412200928
hit_1: 0.07919296062572216
hit_5: 0.25104435161318994
hit_10: 0.37738867656208336
hit_20: 0.5479512932183805
ap: 0.1766522377729416
no increase in recent 21 iters
#########################################################
################## epoch 57 ###########################
loss: 432.5434, len_train_loader:198
modified_target in every batch:101.6061
modified_hist in every batch :431.8838
########## current_metrics ##########
ndcg_1: 0.07390454181850502
ndcg_5: 0.15578456223011017
ndcg_10: 0.1952325999736786
ndcg_20: 0.23487834632396698
hit_1: 0.07390454181850502
hit_5: 0.23709003644120522
hit_10: 0.3594347169140521
hit_20: 0.5172429117411785
ap: 0.16792310774326324
########## best_metrics ##########
ndcg_1: 0.07919296062572216
ndcg_5: 0.16571418941020966
ndcg_10: 0.2055099606513977
ndcg_20: 0.24582326412200928
hit_1: 0.07919296062572216
hit_5: 0.25104435161318994
hit_10: 0.37738867656208336
hit_20: 0.5479512932183805
ap: 0.1766522377729416
no increase in recent 22 iters
#########################################################
################## epoch 58 ###########################
loss: 416.0251, len_train_loader:198
modified_target in every batch:101.6061
modified_hist in every batch :430.0152
########## current_metrics ##########
ndcg_1: 0.07559328059728024
ndcg_5: 0.15755781531333923
ndcg_10: 0.19481560587882996
ndcg_20: 0.23592425882816315
hit_1: 0.07559328059728024
hit_5: 0.23793440583059283
hit_10: 0.3536130121766954
hit_20: 0.5169318282819305
ap: 0.16963741183280945
########## best_metrics ##########
ndcg_1: 0.07919296062572216
ndcg_5: 0.16571418941020966
ndcg_10: 0.2055099606513977
ndcg_20: 0.24582326412200928
hit_1: 0.07919296062572216
hit_5: 0.25104435161318994
hit_10: 0.37738867656208336
hit_20: 0.5479512932183805
ap: 0.1766522377729416
no increase in recent 23 iters
#########################################################
################## epoch 59 ###########################
loss: 410.7926, len_train_loader:198
modified_target in every batch:101.6061
modified_hist in every batch :429.6919
########## current_metrics ##########
ndcg_1: 0.0759932450448849
ndcg_5: 0.158010333776474
ndcg_10: 0.19598603248596191
ndcg_20: 0.2354588657617569
hit_1: 0.0759932450448849
hit_5: 0.23877877521998045
hit_10: 0.35672384676917607
hit_20: 0.5132877077593103
ap: 0.16991457343101501
########## best_metrics ##########
ndcg_1: 0.07919296062572216
ndcg_5: 0.16571418941020966
ndcg_10: 0.2055099606513977
ndcg_20: 0.24582326412200928
hit_1: 0.07919296062572216
hit_5: 0.25104435161318994
hit_10: 0.37738867656208336
hit_20: 0.5479512932183805
ap: 0.1766522377729416
no increase in recent 24 iters
#########################################################
################## epoch 60 ###########################
loss: 411.2232, len_train_loader:198
modified_target in every batch:101.6061
modified_hist in every batch :430.3333
########## current_metrics ##########
ndcg_1: 0.07554884010310195
ndcg_5: 0.15975742042064667
ndcg_10: 0.19743217527866364
ndcg_20: 0.23762911558151245
hit_1: 0.07554884010310195
hit_5: 0.2421562527775309
hit_10: 0.35890143098391253
hit_20: 0.518665007554884
ap: 0.1709233671426773
########## best_metrics ##########
ndcg_1: 0.07919296062572216
ndcg_5: 0.16571418941020966
ndcg_10: 0.2055099606513977
ndcg_20: 0.24582326412200928
hit_1: 0.07919296062572216
hit_5: 0.25104435161318994
hit_10: 0.37738867656208336
hit_20: 0.5479512932183805
ap: 0.1766522377729416
no increase in recent 25 iters
#########################################################
################## epoch 61 ###########################
loss: 412.1488, len_train_loader:198
modified_target in every batch:101.6061
modified_hist in every batch :429.7475
########## current_metrics ##########
ndcg_1: 0.07168251710959025
ndcg_5: 0.15250514447689056
ndcg_10: 0.18949612975120544
ndcg_20: 0.22911696135997772
hit_1: 0.07168251710959025
hit_5: 0.23122389120967024
hit_10: 0.34574704470713713
hit_20: 0.503021953604124
ap: 0.16486896574497223
########## best_metrics ##########
ndcg_1: 0.07919296062572216
ndcg_5: 0.16571418941020966
ndcg_10: 0.2055099606513977
ndcg_20: 0.24582326412200928
hit_1: 0.07919296062572216
hit_5: 0.25104435161318994
hit_10: 0.37738867656208336
hit_20: 0.5479512932183805
ap: 0.1766522377729416
no increase in recent 26 iters
#########################################################
################## epoch 62 ###########################
loss: 412.8415, len_train_loader:198
modified_target in every batch:101.6061
modified_hist in every batch :430.0859
########## current_metrics ##########
ndcg_1: 0.07434894676028797
ndcg_5: 0.15689319372177124
ndcg_10: 0.19349321722984314
ndcg_20: 0.23211339116096497
hit_1: 0.07434894676028797
hit_5: 0.23757888187716647
hit_10: 0.3514354279619589
hit_20: 0.5047106923828993
ap: 0.16804513335227966
########## best_metrics ##########
ndcg_1: 0.07919296062572216
ndcg_5: 0.16571418941020966
ndcg_10: 0.2055099606513977
ndcg_20: 0.24582326412200928
hit_1: 0.07919296062572216
hit_5: 0.25104435161318994
hit_10: 0.37738867656208336
hit_20: 0.5479512932183805
ap: 0.1766522377729416
no increase in recent 27 iters
#########################################################
################## epoch 63 ###########################
loss: 412.0078, len_train_loader:198
modified_target in every batch:101.6061
modified_hist in every batch :430.0556
########## current_metrics ##########
ndcg_1: 0.07217136254555151
ndcg_5: 0.1497689187526703
ndcg_10: 0.18647880852222443
ndcg_20: 0.22605536878108978
hit_1: 0.07217136254555151
hit_5: 0.22553550795484845
hit_10: 0.3395698160163541
hit_20: 0.4970669273842325
ap: 0.16290543973445892
########## best_metrics ##########
ndcg_1: 0.07919296062572216
ndcg_5: 0.16571418941020966
ndcg_10: 0.2055099606513977
ndcg_20: 0.24582326412200928
hit_1: 0.07919296062572216
hit_5: 0.25104435161318994
hit_10: 0.37738867656208336
hit_20: 0.5479512932183805
ap: 0.1766522377729416
no increase in recent 28 iters
#########################################################
################## epoch 64 ###########################
loss: 410.6131, len_train_loader:198
modified_target in every batch:101.6061
modified_hist in every batch :430.7929
########## current_metrics ##########
ndcg_1: 0.0732379344058306
ndcg_5: 0.15425363183021545
ndcg_10: 0.19159375131130219
ndcg_20: 0.23157772421836853
hit_1: 0.0732379344058306
hit_5: 0.23433472580215092
hit_10: 0.35032441560750155
hit_20: 0.5092436227890854
ap: 0.16631154716014862
########## best_metrics ##########
ndcg_1: 0.07919296062572216
ndcg_5: 0.16571418941020966
ndcg_10: 0.2055099606513977
ndcg_20: 0.24582326412200928
hit_1: 0.07919296062572216
hit_5: 0.25104435161318994
hit_10: 0.37738867656208336
hit_20: 0.5479512932183805
ap: 0.1766522377729416
no increase in recent 29 iters
#########################################################
################## epoch 65 ###########################
loss: 410.2611, len_train_loader:198
modified_target in every batch:101.6061
modified_hist in every batch :432.2828
########## current_metrics ##########
ndcg_1: 0.07217136254555151
ndcg_5: 0.15095169842243195
ndcg_10: 0.187052920460701
ndcg_20: 0.22585156559944153
hit_1: 0.07217136254555151
hit_5: 0.2290018665007555
hit_10: 0.3413918762776642
hit_20: 0.49595591502977515
ap: 0.16293561458587646
########## best_metrics ##########
ndcg_1: 0.07919296062572216
ndcg_5: 0.16571418941020966
ndcg_10: 0.2055099606513977
ndcg_20: 0.24582326412200928
hit_1: 0.07919296062572216
hit_5: 0.25104435161318994
hit_10: 0.37738867656208336
hit_20: 0.5479512932183805
ap: 0.1766522377729416
no increase in recent 30 iters
#########################################################
################## epoch 66 ###########################
loss: 408.4599, len_train_loader:198
modified_target in every batch:101.6061
modified_hist in every batch :430.5303
########## current_metrics ##########
ndcg_1: 0.0759488045507066
ndcg_5: 0.15497009456157684
ndcg_10: 0.19233110547065735
ndcg_20: 0.23277920484542847
hit_1: 0.0759488045507066
hit_5: 0.23317927295351523
hit_10: 0.3492134032530442
hit_20: 0.5101324326726513
ap: 0.1676226556301117
########## best_metrics ##########
ndcg_1: 0.07919296062572216
ndcg_5: 0.16571418941020966
ndcg_10: 0.2055099606513977
ndcg_20: 0.24582326412200928
hit_1: 0.07919296062572216
hit_5: 0.25104435161318994
hit_10: 0.37738867656208336
hit_20: 0.5479512932183805
ap: 0.1766522377729416
no increase in recent 31 iters
#########################################################
################## epoch 67 ###########################
loss: 407.5919, len_train_loader:198
modified_target in every batch:101.6061
modified_hist in every batch :432.8182
########## current_metrics ##########
ndcg_1: 0.07292685094658252
ndcg_5: 0.15255793929100037
ndcg_10: 0.19039501249790192
ndcg_20: 0.22914977371692657
hit_1: 0.07292685094658252
hit_5: 0.23095724824460048
hit_10: 0.34850235534619145
hit_20: 0.5025775486623412
ap: 0.16500571370124817
########## best_metrics ##########
ndcg_1: 0.07919296062572216
ndcg_5: 0.16571418941020966
ndcg_10: 0.2055099606513977
ndcg_20: 0.24582326412200928
hit_1: 0.07919296062572216
hit_5: 0.25104435161318994
hit_10: 0.37738867656208336
hit_20: 0.5479512932183805
ap: 0.1766522377729416
no increase in recent 32 iters
#########################################################
################## epoch 68 ###########################
loss: 406.8591, len_train_loader:198
modified_target in every batch:101.6061
modified_hist in every batch :429.202
########## current_metrics ##########
ndcg_1: 0.07292685094658252
ndcg_5: 0.1525820791721344
ndcg_10: 0.18980439007282257
ndcg_20: 0.22958245873451233
hit_1: 0.07292685094658252
hit_5: 0.23126833170384856
hit_10: 0.3469913785441294
hit_20: 0.5052439783130388
ap: 0.16494737565517426
########## best_metrics ##########
ndcg_1: 0.07919296062572216
ndcg_5: 0.16571418941020966
ndcg_10: 0.2055099606513977
ndcg_20: 0.24582326412200928
hit_1: 0.07919296062572216
hit_5: 0.25104435161318994
hit_10: 0.37738867656208336
hit_20: 0.5479512932183805
ap: 0.1766522377729416
no increase in recent 33 iters
#########################################################
################## epoch 69 ###########################
loss: 389.8961, len_train_loader:198
modified_target in every batch:101.6061
modified_hist in every batch :430.4343
########## current_metrics ##########
ndcg_1: 0.07488223269042751
ndcg_5: 0.15443918108940125
ndcg_10: 0.19194157421588898
ndcg_20: 0.23158757388591766
hit_1: 0.07488223269042751
hit_5: 0.23237934405830593
hit_10: 0.3491689627588659
hit_20: 0.5067549551151008
ap: 0.1670522540807724
########## best_metrics ##########
ndcg_1: 0.07919296062572216
ndcg_5: 0.16571418941020966
ndcg_10: 0.2055099606513977
ndcg_20: 0.24582326412200928
hit_1: 0.07919296062572216
hit_5: 0.25104435161318994
hit_10: 0.37738867656208336
hit_20: 0.5479512932183805
ap: 0.1766522377729416
no increase in recent 34 iters
#########################################################
################## epoch 70 ###########################
loss: 386.6708, len_train_loader:198
modified_target in every batch:101.6061
modified_hist in every batch :431.2222
########## current_metrics ##########
ndcg_1: 0.07283796995822593
ndcg_5: 0.15321730077266693
ndcg_10: 0.19053423404693604
ndcg_20: 0.22963330149650574
hit_1: 0.07283796995822593
hit_5: 0.23175717713980978
hit_10: 0.3481023908985868
hit_20: 0.5037330015109768
ap: 0.16544249653816223
########## best_metrics ##########
ndcg_1: 0.07919296062572216
ndcg_5: 0.16571418941020966
ndcg_10: 0.2055099606513977
ndcg_20: 0.24582326412200928
hit_1: 0.07919296062572216
hit_5: 0.25104435161318994
hit_10: 0.37738867656208336
hit_20: 0.5479512932183805
ap: 0.1766522377729416
no increase in recent 35 iters
#########################################################
################## epoch 71 ###########################
loss: 388.2351, len_train_loader:198
modified_target in every batch:101.6061
modified_hist in every batch :430.9848
########## current_metrics ##########
ndcg_1: 0.07292685094658252
ndcg_5: 0.1519237458705902
ndcg_10: 0.1902586668729782
ndcg_20: 0.22986455261707306
hit_1: 0.07292685094658252
hit_5: 0.2290018665007555
hit_10: 0.34850235534619145
hit_20: 0.5055550617722869
ap: 0.165174201130867
########## best_metrics ##########
ndcg_1: 0.07919296062572216
ndcg_5: 0.16571418941020966
ndcg_10: 0.2055099606513977
ndcg_20: 0.24582326412200928
hit_1: 0.07919296062572216
hit_5: 0.25104435161318994
hit_10: 0.37738867656208336
hit_20: 0.5479512932183805
ap: 0.1766522377729416
no increase in recent 36 iters
#########################################################
################## epoch 72 ###########################
loss: 387.05, len_train_loader:198
modified_target in every batch:101.6061
modified_hist in every batch :431.0556
########## current_metrics ##########
ndcg_1: 0.07390454181850502
ndcg_5: 0.15298807621002197
ndcg_10: 0.19000869989395142
ndcg_20: 0.2296685129404068
hit_1: 0.07390454181850502
hit_5: 0.23051284330281752
hit_10: 0.345569282730424
hit_20: 0.5031997155808372
ap: 0.165596142411232
########## best_metrics ##########
ndcg_1: 0.07919296062572216
ndcg_5: 0.16571418941020966
ndcg_10: 0.2055099606513977
ndcg_20: 0.24582326412200928
hit_1: 0.07919296062572216
hit_5: 0.25104435161318994
hit_10: 0.37738867656208336
hit_20: 0.5479512932183805
ap: 0.1766522377729416
no increase in recent 37 iters
#########################################################
################## epoch 73 ###########################
loss: 389.2495, len_train_loader:198
modified_target in every batch:101.6061
modified_hist in every batch :429.8535
########## current_metrics ##########
ndcg_1: 0.07328237490000888
ndcg_5: 0.15269751846790314
ndcg_10: 0.19008184969425201
ndcg_20: 0.2291094958782196
hit_1: 0.07328237490000888
hit_5: 0.2298462358901431
hit_10: 0.3462803306372767
hit_20: 0.501955381743845
ap: 0.16527672111988068
########## best_metrics ##########
ndcg_1: 0.07919296062572216
ndcg_5: 0.16571418941020966
ndcg_10: 0.2055099606513977
ndcg_20: 0.24582326412200928
hit_1: 0.07919296062572216
hit_5: 0.25104435161318994
hit_10: 0.37738867656208336
hit_20: 0.5479512932183805
ap: 0.1766522377729416
no increase in recent 38 iters
#########################################################
################## epoch 74 ###########################
loss: 387.9354, len_train_loader:198
modified_target in every batch:101.6061
modified_hist in every batch :431.3485
########## current_metrics ##########
ndcg_1: 0.07652653097502445
ndcg_5: 0.15745583176612854
ndcg_10: 0.19391191005706787
ndcg_20: 0.2328653484582901
hit_1: 0.07652653097502445
hit_5: 0.23664563149942228
hit_10: 0.35050217758421476
hit_20: 0.5052884188072171
ap: 0.16903328895568848
########## best_metrics ##########
ndcg_1: 0.07919296062572216
ndcg_5: 0.16571418941020966
ndcg_10: 0.2055099606513977
ndcg_20: 0.24582326412200928
hit_1: 0.07919296062572216
hit_5: 0.25104435161318994
hit_10: 0.37738867656208336
hit_20: 0.5479512932183805
ap: 0.1766522377729416
no increase in recent 39 iters
#########################################################
################## epoch 75 ###########################
loss: 388.5181, len_train_loader:198
modified_target in every batch:101.6061
modified_hist in every batch :431.9646
########## current_metrics ##########
ndcg_1: 0.07612656652741978
ndcg_5: 0.15897710621356964
ndcg_10: 0.1976832151412964
ndcg_20: 0.23667077720165253
hit_1: 0.07612656652741978
hit_5: 0.23877877521998045
hit_10: 0.3589458714780908
hit_20: 0.5142653986312328
ap: 0.1711769998073578
########## best_metrics ##########
ndcg_1: 0.07919296062572216
ndcg_5: 0.16571418941020966
ndcg_10: 0.2055099606513977
ndcg_20: 0.24582326412200928
hit_1: 0.07919296062572216
hit_5: 0.25104435161318994
hit_10: 0.37738867656208336
hit_20: 0.5479512932183805
ap: 0.1766522377729416
no increase in recent 40 iters
#########################################################
################## epoch 76 ###########################
loss: 386.8061, len_train_loader:198
modified_target in every batch:101.6061
modified_hist in every batch :429.3232
########## current_metrics ##########
ndcg_1: 0.07563772109145854
ndcg_5: 0.1558564454317093
ndcg_10: 0.19373555481433868
ndcg_20: 0.23281747102737427
hit_1: 0.07563772109145854
hit_5: 0.23397920184872456
hit_10: 0.3519687138920985
hit_20: 0.5074660030219535
ap: 0.16841427981853485
########## best_metrics ##########
ndcg_1: 0.07919296062572216
ndcg_5: 0.16571418941020966
ndcg_10: 0.2055099606513977
ndcg_20: 0.24582326412200928
hit_1: 0.07919296062572216
hit_5: 0.25104435161318994
hit_10: 0.37738867656208336
hit_20: 0.5479512932183805
ap: 0.1766522377729416
early stop
#########################################################
