nohup: ignoring input
########## DataInfo ##########
reading seq.dat
numUser:22502
numItem:10649
########## config ##########
thread_num: 4
dataset: electronics
eval_neg_num: 100
train_neg_num: 10
input_len: 5
rec_model: SASRec
train_type: train
save_epochs: [100, 200, 300, 400]
epoch_num: 500
learning_rate: 0.001
train_batch_size: 1024
test_batch_size: 256
drop_ratio: 0.1
decay_factor: 0.9
hidden_size: 50
num_hidden_layers: 1
num_attention_heads: 2
intermediate_size: 100
hidden_act: gelu
hidden_dropout_prob: 0.1
attention_probs_dropout_prob: 0.1
type_vocab_size: 1
initializer_range: 0.1
loss_type: pairwise_sample
weight_decay: 0.01
device: cuda
max_seq_len: 6
layer_size: 1
threshold: 1
noise_ratio: 0.05
candidate_num: 3
high_loss_drop: 0.05
weight_drop: 0.5
encoder_loss: False
user_num: 22502
item_num: 10649
generating train samples
train_size: 201973, time: 1.1316473484039307
abandoned 0(0.0) samples
valid user num: 22502
valid item num: 10648
generating test samples
test_size: 22502, time: 13.75946855545044
abandoned 0(0.0) samples
------------SASREC ENCODER YES------------
============================================================
Start Training
============================================================
################## epoch 0 ###########################
loss: 1408.0115, len_train_loader:198
modified_target in every batch:0.0
modified_hist in every batch :0.0
########## current_metrics ##########
ndcg_1: 0.01933161496755844
ndcg_5: 0.05436945706605911
ndcg_10: 0.08139802515506744
ndcg_20: 0.11826511472463608
hit_1: 0.01933161496755844
hit_5: 0.09119189405386188
hit_10: 0.17585103546351435
hit_20: 0.32330459514709803
ap: 0.07876788824796677
########## best_metrics ##########
ndcg_1: 0.01933161496755844
ndcg_5: 0.05436945706605911
ndcg_10: 0.08139802515506744
ndcg_20: 0.11826511472463608
hit_1: 0.01933161496755844
hit_5: 0.09119189405386188
hit_10: 0.17585103546351435
hit_20: 0.32330459514709803
ap: 0.07876788824796677
no increase in recent 0 iters
#########################################################
################## epoch 1 ###########################
loss: 1307.1577, len_train_loader:198
modified_target in every batch:1.9899
modified_hist in every batch :0.0
########## current_metrics ##########
ndcg_1: 0.016265220869256067
ndcg_5: 0.05134973302483559
ndcg_10: 0.08155471086502075
ndcg_20: 0.12218072265386581
hit_1: 0.016265220869256067
hit_5: 0.08865878588569905
hit_10: 0.18322815749711135
hit_20: 0.3452581992711759
ap: 0.07797548919916153
########## best_metrics ##########
ndcg_1: 0.01933161496755844
ndcg_5: 0.05436945706605911
ndcg_10: 0.08155471086502075
ndcg_20: 0.12218072265386581
hit_1: 0.01933161496755844
hit_5: 0.09119189405386188
hit_10: 0.18322815749711135
hit_20: 0.3452581992711759
ap: 0.07876788824796677
no increase in recent 0 iters
#########################################################
################## epoch 2 ###########################
loss: 1116.9698, len_train_loader:198
modified_target in every batch:4.9798
modified_hist in every batch :0.0
########## current_metrics ##########
ndcg_1: 0.02128699671140343
ndcg_5: 0.06672492623329163
ndcg_10: 0.09964614361524582
ndcg_20: 0.14110936224460602
hit_1: 0.02128699671140343
hit_5: 0.11416762954404053
hit_10: 0.21722513554350725
hit_20: 0.3827659763576571
ap: 0.0908944383263588
########## best_metrics ##########
ndcg_1: 0.02128699671140343
ndcg_5: 0.06672492623329163
ndcg_10: 0.09964614361524582
ndcg_20: 0.14110936224460602
hit_1: 0.02128699671140343
hit_5: 0.11416762954404053
hit_10: 0.21722513554350725
hit_20: 0.3827659763576571
ap: 0.0908944383263588
no increase in recent 0 iters
#########################################################
################## epoch 3 ###########################
loss: 1016.2143, len_train_loader:198
modified_target in every batch:7.9646
modified_hist in every batch :0.0
########## current_metrics ##########
ndcg_1: 0.03221935827926407
ndcg_5: 0.09499169886112213
ndcg_10: 0.13453654944896698
ndcg_20: 0.17808222770690918
hit_1: 0.03221935827926407
hit_5: 0.15994133854768466
hit_10: 0.2833970313749889
hit_20: 0.4568927206470536
ap: 0.11536455154418945
########## best_metrics ##########
ndcg_1: 0.03221935827926407
ndcg_5: 0.09499169886112213
ndcg_10: 0.13453654944896698
ndcg_20: 0.17808222770690918
hit_1: 0.03221935827926407
hit_5: 0.15994133854768466
hit_10: 0.2833970313749889
hit_20: 0.4568927206470536
ap: 0.11536455154418945
no increase in recent 0 iters
#########################################################
################## epoch 4 ###########################
loss: 899.3073, len_train_loader:198
modified_target in every batch:9.9596
modified_hist in every batch :0.0
########## current_metrics ##########
ndcg_1: 0.049595591502977515
ndcg_5: 0.12676990032196045
ndcg_10: 0.1684604436159134
ndcg_20: 0.21321576833724976
hit_1: 0.049595591502977515
hit_5: 0.20473735667940626
hit_10: 0.33450359968002846
hit_20: 0.512354457381566
ap: 0.14301232993602753
########## best_metrics ##########
ndcg_1: 0.049595591502977515
ndcg_5: 0.12676990032196045
ndcg_10: 0.1684604436159134
ndcg_20: 0.21321576833724976
hit_1: 0.049595591502977515
hit_5: 0.20473735667940626
hit_10: 0.33450359968002846
hit_20: 0.512354457381566
ap: 0.14301232993602753
no increase in recent 0 iters
#########################################################
################## epoch 5 ###########################
loss: 808.031, len_train_loader:198
modified_target in every batch:12.9495
modified_hist in every batch :0.0
########## current_metrics ##########
ndcg_1: 0.05901697626877611
ndcg_5: 0.13997125625610352
ndcg_10: 0.1821175068616867
ndcg_20: 0.22711652517318726
hit_1: 0.05901697626877611
hit_5: 0.22086925606612745
hit_10: 0.3519242733979202
hit_20: 0.5305306195004889
ap: 0.15508680045604706
########## best_metrics ##########
ndcg_1: 0.05901697626877611
ndcg_5: 0.13997125625610352
ndcg_10: 0.1821175068616867
ndcg_20: 0.22711652517318726
hit_1: 0.05901697626877611
hit_5: 0.22086925606612745
hit_10: 0.3519242733979202
hit_20: 0.5305306195004889
ap: 0.15508680045604706
no increase in recent 0 iters
#########################################################
################## epoch 6 ###########################
loss: 732.6714, len_train_loader:198
modified_target in every batch:15.9343
modified_hist in every batch :0.0
########## current_metrics ##########
ndcg_1: 0.06363878766331882
ndcg_5: 0.14713208377361298
ndcg_10: 0.18934787809848785
ndcg_20: 0.23250676691532135
hit_1: 0.06363878766331882
hit_5: 0.23011287885521287
hit_10: 0.36161230112878856
hit_20: 0.5329304061861168
ap: 0.16097137331962585
########## best_metrics ##########
ndcg_1: 0.06363878766331882
ndcg_5: 0.14713208377361298
ndcg_10: 0.18934787809848785
ndcg_20: 0.23250676691532135
hit_1: 0.06363878766331882
hit_5: 0.23011287885521287
hit_10: 0.36161230112878856
hit_20: 0.5329304061861168
ap: 0.16097137331962585
no increase in recent 0 iters
#########################################################
################## epoch 7 ###########################
loss: 667.5732, len_train_loader:198
modified_target in every batch:17.9293
modified_hist in every batch :0.0
########## current_metrics ##########
ndcg_1: 0.06417207359345836
ndcg_5: 0.14765214920043945
ndcg_10: 0.18913297355175018
ndcg_20: 0.23240166902542114
hit_1: 0.06417207359345836
hit_5: 0.2306461647853524
hit_10: 0.3595235979024087
hit_20: 0.5314194293840547
ap: 0.1612498015165329
########## best_metrics ##########
ndcg_1: 0.06417207359345836
ndcg_5: 0.14765214920043945
ndcg_10: 0.18934787809848785
ndcg_20: 0.23250676691532135
hit_1: 0.06417207359345836
hit_5: 0.2306461647853524
hit_10: 0.36161230112878856
hit_20: 0.5329304061861168
ap: 0.1612498015165329
no increase in recent 0 iters
#########################################################
################## epoch 8 ###########################
loss: 609.1855, len_train_loader:198
modified_target in every batch:20.9192
modified_hist in every batch :0.0
########## current_metrics ##########
ndcg_1: 0.06928273042396231
ndcg_5: 0.15379531681537628
ndcg_10: 0.19394154846668243
ndcg_20: 0.23633995652198792
hit_1: 0.06928273042396231
hit_5: 0.23757888187716647
hit_10: 0.3623677895298196
hit_20: 0.5306195004888454
ap: 0.16628798842430115
########## best_metrics ##########
ndcg_1: 0.06928273042396231
ndcg_5: 0.15379531681537628
ndcg_10: 0.19394154846668243
ndcg_20: 0.23633995652198792
hit_1: 0.06928273042396231
hit_5: 0.23757888187716647
hit_10: 0.3623677895298196
hit_20: 0.5329304061861168
ap: 0.16628798842430115
no increase in recent 0 iters
#########################################################
################## epoch 9 ###########################
loss: 560.3604, len_train_loader:198
modified_target in every batch:23.904
modified_hist in every batch :0.0
########## current_metrics ##########
ndcg_1: 0.07021598080170652
ndcg_5: 0.15413983166217804
ndcg_10: 0.19423994421958923
ndcg_20: 0.23621730506420135
hit_1: 0.07021598080170652
hit_5: 0.23669007199360056
hit_10: 0.3612567771753622
hit_20: 0.5280419518265043
ap: 0.16687504947185516
########## best_metrics ##########
ndcg_1: 0.07021598080170652
ndcg_5: 0.15413983166217804
ndcg_10: 0.19423994421958923
ndcg_20: 0.23633995652198792
hit_1: 0.07021598080170652
hit_5: 0.23757888187716647
hit_10: 0.3623677895298196
hit_20: 0.5329304061861168
ap: 0.16687504947185516
no increase in recent 0 iters
#########################################################
################## epoch 10 ###########################
loss: 518.7919, len_train_loader:198
modified_target in every batch:25.899
modified_hist in every batch :0.0
########## current_metrics ##########
ndcg_1: 0.06768287263354368
ndcg_5: 0.14722798764705658
ndcg_10: 0.18625128269195557
ndcg_20: 0.22753150761127472
hit_1: 0.06768287263354368
hit_5: 0.22593547240245312
hit_10: 0.347080259532486
hit_20: 0.5111545640387521
ap: 0.16088226437568665
########## best_metrics ##########
ndcg_1: 0.07021598080170652
ndcg_5: 0.15413983166217804
ndcg_10: 0.19423994421958923
ndcg_20: 0.23633995652198792
hit_1: 0.07021598080170652
hit_5: 0.23757888187716647
hit_10: 0.3623677895298196
hit_20: 0.5329304061861168
ap: 0.16687504947185516
no increase in recent 1 iters
#########################################################
################## epoch 11 ###########################
loss: 483.3067, len_train_loader:198
modified_target in every batch:28.8889
modified_hist in every batch :0.0
########## current_metrics ##########
ndcg_1: 0.07097146920273753
ndcg_5: 0.15167230367660522
ndcg_10: 0.1906195729970932
ndcg_20: 0.2307848483324051
hit_1: 0.07097146920273753
hit_5: 0.23113501022131366
hit_10: 0.3522353568571682
hit_20: 0.5118211714514266
ap: 0.1647058129310608
########## best_metrics ##########
ndcg_1: 0.07097146920273753
ndcg_5: 0.15413983166217804
ndcg_10: 0.19423994421958923
ndcg_20: 0.23633995652198792
hit_1: 0.07097146920273753
hit_5: 0.23757888187716647
hit_10: 0.3623677895298196
hit_20: 0.5329304061861168
ap: 0.16687504947185516
no increase in recent 0 iters
#########################################################
################## epoch 12 ###########################
loss: 453.7869, len_train_loader:198
modified_target in every batch:31.8737
modified_hist in every batch :0.0
########## current_metrics ##########
ndcg_1: 0.0703493022842414
ndcg_5: 0.1485833376646042
ndcg_10: 0.18659617006778717
ndcg_20: 0.2269393503665924
hit_1: 0.0703493022842414
hit_5: 0.22624655586170117
hit_10: 0.34436938938760997
hit_20: 0.5047106923828993
ap: 0.16202040016651154
########## best_metrics ##########
ndcg_1: 0.07097146920273753
ndcg_5: 0.15413983166217804
ndcg_10: 0.19423994421958923
ndcg_20: 0.23633995652198792
hit_1: 0.07097146920273753
hit_5: 0.23757888187716647
hit_10: 0.3623677895298196
hit_20: 0.5329304061861168
ap: 0.16687504947185516
no increase in recent 1 iters
#########################################################
################## epoch 13 ###########################
loss: 429.754, len_train_loader:198
modified_target in every batch:34.8636
modified_hist in every batch :0.0
########## current_metrics ##########
ndcg_1: 0.07403786330103991
ndcg_5: 0.15474623441696167
ndcg_10: 0.19286587834358215
ndcg_20: 0.23344893753528595
hit_1: 0.07403786330103991
hit_5: 0.23460136876722068
hit_10: 0.35290196426984266
hit_20: 0.5143542796195893
ap: 0.16733211278915405
########## best_metrics ##########
ndcg_1: 0.07403786330103991
ndcg_5: 0.15474623441696167
ndcg_10: 0.19423994421958923
ndcg_20: 0.23633995652198792
hit_1: 0.07403786330103991
hit_5: 0.23757888187716647
hit_10: 0.3623677895298196
hit_20: 0.5329304061861168
ap: 0.16733211278915405
no increase in recent 0 iters
#########################################################
################## epoch 14 ###########################
loss: 408.2445, len_train_loader:198
modified_target in every batch:36.8586
modified_hist in every batch :0.0
########## current_metrics ##########
ndcg_1: 0.07448226824282286
ndcg_5: 0.15520498156547546
ndcg_10: 0.19289860129356384
ndcg_20: 0.23408947885036469
hit_1: 0.07448226824282286
hit_5: 0.2345124877788641
hit_10: 0.3515243089503155
hit_20: 0.5154652919740468
ap: 0.16789577901363373
########## best_metrics ##########
ndcg_1: 0.07448226824282286
ndcg_5: 0.15520498156547546
ndcg_10: 0.19423994421958923
ndcg_20: 0.23633995652198792
hit_1: 0.07448226824282286
hit_5: 0.23757888187716647
hit_10: 0.3623677895298196
hit_20: 0.5329304061861168
ap: 0.16789577901363373
no increase in recent 0 iters
#########################################################
################## epoch 15 ###########################
loss: 390.5851, len_train_loader:198
modified_target in every batch:39.8434
modified_hist in every batch :0.0
########## current_metrics ##########
ndcg_1: 0.07381566083014843
ndcg_5: 0.15414457023143768
ndcg_10: 0.19214299321174622
ndcg_20: 0.23100689053535461
hit_1: 0.07381566083014843
hit_5: 0.23304595147098037
hit_10: 0.3514354279619589
hit_20: 0.5059105857257132
ap: 0.16647876799106598
########## best_metrics ##########
ndcg_1: 0.07448226824282286
ndcg_5: 0.15520498156547546
ndcg_10: 0.19423994421958923
ndcg_20: 0.23633995652198792
hit_1: 0.07448226824282286
hit_5: 0.23757888187716647
hit_10: 0.3623677895298196
hit_20: 0.5329304061861168
ap: 0.16789577901363373
no increase in recent 1 iters
#########################################################
################## epoch 16 ###########################
loss: 377.6179, len_train_loader:198
modified_target in every batch:42.8333
modified_hist in every batch :0.0
########## current_metrics ##########
ndcg_1: 0.07074926673184606
ndcg_5: 0.14869333803653717
ndcg_10: 0.18695805966854095
ndcg_20: 0.22763679921627045
hit_1: 0.07074926673184606
hit_5: 0.22540218647231358
hit_10: 0.3442360679050751
hit_20: 0.5061772286907831
ap: 0.1623963713645935
########## best_metrics ##########
ndcg_1: 0.07448226824282286
ndcg_5: 0.15520498156547546
ndcg_10: 0.19423994421958923
ndcg_20: 0.23633995652198792
hit_1: 0.07448226824282286
hit_5: 0.23757888187716647
hit_10: 0.3623677895298196
hit_20: 0.5329304061861168
ap: 0.16789577901363373
no increase in recent 2 iters
#########################################################
################## epoch 17 ###########################
loss: 364.9773, len_train_loader:198
modified_target in every batch:44.8232
modified_hist in every batch :0.0
########## current_metrics ##########
ndcg_1: 0.07083814772020265
ndcg_5: 0.14833487570285797
ndcg_10: 0.18517716228961945
ndcg_20: 0.22475096583366394
hit_1: 0.07083814772020265
hit_5: 0.2243356146120345
hit_10: 0.3388143276153231
hit_20: 0.4964003199715581
ap: 0.16155856847763062
########## best_metrics ##########
ndcg_1: 0.07448226824282286
ndcg_5: 0.15520498156547546
ndcg_10: 0.19423994421958923
ndcg_20: 0.23633995652198792
hit_1: 0.07448226824282286
hit_5: 0.23757888187716647
hit_10: 0.3623677895298196
hit_20: 0.5329304061861168
ap: 0.16789577901363373
no increase in recent 3 iters
#########################################################
################## epoch 18 ###########################
loss: 353.7503, len_train_loader:198
modified_target in every batch:47.8131
modified_hist in every batch :0.0
########## current_metrics ##########
ndcg_1: 0.06919384943560572
ndcg_5: 0.14583353698253632
ndcg_10: 0.18242745101451874
ndcg_20: 0.22175873816013336
hit_1: 0.06919384943560572
hit_5: 0.2212247800195538
hit_10: 0.33517020709270284
hit_20: 0.4916896275886588
ap: 0.15910744667053223
########## best_metrics ##########
ndcg_1: 0.07448226824282286
ndcg_5: 0.15520498156547546
ndcg_10: 0.19423994421958923
ndcg_20: 0.23633995652198792
hit_1: 0.07448226824282286
hit_5: 0.23757888187716647
hit_10: 0.3623677895298196
hit_20: 0.5329304061861168
ap: 0.16789577901363373
no increase in recent 4 iters
#########################################################
################## epoch 19 ###########################
loss: 344.9446, len_train_loader:198
modified_target in every batch:50.803
modified_hist in every batch :0.0
########## current_metrics ##########
ndcg_1: 0.07239356501644298
ndcg_5: 0.14925773441791534
ndcg_10: 0.1861451119184494
ndcg_20: 0.22504915297031403
hit_1: 0.07239356501644298
hit_5: 0.22580215091991823
hit_10: 0.34045862589992
hit_20: 0.49502266465203093
ap: 0.1622401624917984
########## best_metrics ##########
ndcg_1: 0.07448226824282286
ndcg_5: 0.15520498156547546
ndcg_10: 0.19423994421958923
ndcg_20: 0.23633995652198792
hit_1: 0.07448226824282286
hit_5: 0.23757888187716647
hit_10: 0.3623677895298196
hit_20: 0.5329304061861168
ap: 0.16789577901363373
no increase in recent 5 iters
#########################################################
################## epoch 20 ###########################
loss: 340.7033, len_train_loader:198
modified_target in every batch:50.803
modified_hist in every batch :463.8131
########## current_metrics ##########
ndcg_1: 0.073149053417474
ndcg_5: 0.15083694458007812
ndcg_10: 0.18758079409599304
ndcg_20: 0.2271922379732132
hit_1: 0.073149053417474
hit_5: 0.22753533019287175
hit_10: 0.34156963825437736
hit_20: 0.4989778686338992
ap: 0.16380620002746582
########## best_metrics ##########
ndcg_1: 0.07448226824282286
ndcg_5: 0.15520498156547546
ndcg_10: 0.19423994421958923
ndcg_20: 0.23633995652198792
hit_1: 0.07448226824282286
hit_5: 0.23757888187716647
hit_10: 0.3623677895298196
hit_20: 0.5329304061861168
ap: 0.16789577901363373
no increase in recent 6 iters
#########################################################
################## epoch 21 ###########################
loss: 330.3075, len_train_loader:198
modified_target in every batch:50.803
modified_hist in every batch :462.8333
########## current_metrics ##########
ndcg_1: 0.07261576748733446
ndcg_5: 0.1495915800333023
ndcg_10: 0.18593446910381317
ndcg_20: 0.2248430997133255
hit_1: 0.07261576748733446
hit_5: 0.22575771042573994
hit_10: 0.3389032086036797
hit_20: 0.4936005688383255
ap: 0.16242505609989166
########## best_metrics ##########
ndcg_1: 0.07448226824282286
ndcg_5: 0.15520498156547546
ndcg_10: 0.19423994421958923
ndcg_20: 0.23633995652198792
hit_1: 0.07448226824282286
hit_5: 0.23757888187716647
hit_10: 0.3623677895298196
hit_20: 0.5329304061861168
ap: 0.16789577901363373
no increase in recent 7 iters
#########################################################
################## epoch 22 ###########################
loss: 325.2087, len_train_loader:198
modified_target in every batch:50.803
modified_hist in every batch :461.6869
########## current_metrics ##########
ndcg_1: 0.07177139809794685
ndcg_5: 0.14924761652946472
ndcg_10: 0.18584606051445007
ndcg_20: 0.22447842359542847
hit_1: 0.07177139809794685
hit_5: 0.2252688649897787
hit_10: 0.33903653008621454
hit_20: 0.49293396142565105
ap: 0.16207408905029297
########## best_metrics ##########
ndcg_1: 0.07448226824282286
ndcg_5: 0.15520498156547546
ndcg_10: 0.19423994421958923
ndcg_20: 0.23633995652198792
hit_1: 0.07448226824282286
hit_5: 0.23757888187716647
hit_10: 0.3623677895298196
hit_20: 0.5329304061861168
ap: 0.16789577901363373
no increase in recent 8 iters
#########################################################
################## epoch 23 ###########################
loss: 319.2003, len_train_loader:198
modified_target in every batch:50.803
modified_hist in every batch :462.5556
########## current_metrics ##########
ndcg_1: 0.07274908896986934
ndcg_5: 0.149668887257576
ndcg_10: 0.18604177236557007
ndcg_20: 0.22576852142810822
hit_1: 0.07274908896986934
hit_5: 0.22517998400142208
hit_10: 0.3386365656386099
hit_20: 0.49675584392498445
ap: 0.1627039611339569
########## best_metrics ##########
ndcg_1: 0.07448226824282286
ndcg_5: 0.15520498156547546
ndcg_10: 0.19423994421958923
ndcg_20: 0.23633995652198792
hit_1: 0.07448226824282286
hit_5: 0.23757888187716647
hit_10: 0.3623677895298196
hit_20: 0.5329304061861168
ap: 0.16789577901363373
no increase in recent 9 iters
#########################################################
################## epoch 24 ###########################
loss: 312.8947, len_train_loader:198
modified_target in every batch:50.803
modified_hist in every batch :463.904
########## current_metrics ##########
ndcg_1: 0.07239356501644298
ndcg_5: 0.1478121131658554
ndcg_10: 0.1834283173084259
ndcg_20: 0.22194044291973114
hit_1: 0.07239356501644298
hit_5: 0.22278019731579415
hit_10: 0.3338814327615323
hit_20: 0.48724557817082925
ap: 0.16054388880729675
########## best_metrics ##########
ndcg_1: 0.07448226824282286
ndcg_5: 0.15520498156547546
ndcg_10: 0.19423994421958923
ndcg_20: 0.23633995652198792
hit_1: 0.07448226824282286
hit_5: 0.23757888187716647
hit_10: 0.3623677895298196
hit_20: 0.5329304061861168
ap: 0.16789577901363373
no increase in recent 10 iters
#########################################################
################## epoch 25 ###########################
loss: 308.0204, len_train_loader:198
modified_target in every batch:50.803
modified_hist in every batch :462.404
########## current_metrics ##########
ndcg_1: 0.07279352946404764
ndcg_5: 0.14782267808914185
ndcg_10: 0.18446658551692963
ndcg_20: 0.22328844666481018
hit_1: 0.07279352946404764
hit_5: 0.22189138743222825
hit_10: 0.335792374011199
hit_20: 0.49035641276330993
ap: 0.16139818727970123
########## best_metrics ##########
ndcg_1: 0.07448226824282286
ndcg_5: 0.15520498156547546
ndcg_10: 0.19423994421958923
ndcg_20: 0.23633995652198792
hit_1: 0.07448226824282286
hit_5: 0.23757888187716647
hit_10: 0.3623677895298196
hit_20: 0.5329304061861168
ap: 0.16789577901363373
no increase in recent 11 iters
#########################################################
################## epoch 26 ###########################
loss: 305.3406, len_train_loader:198
modified_target in every batch:50.803
modified_hist in every batch :460.7879
########## current_metrics ##########
ndcg_1: 0.07212692205137321
ndcg_5: 0.1476905345916748
ndcg_10: 0.1837816834449768
ndcg_20: 0.2224540114402771
hit_1: 0.07212692205137321
hit_5: 0.22202470891476314
hit_10: 0.3346813616567416
hit_20: 0.48844547151364326
ap: 0.16089552640914917
########## best_metrics ##########
ndcg_1: 0.07448226824282286
ndcg_5: 0.15520498156547546
ndcg_10: 0.19423994421958923
ndcg_20: 0.23633995652198792
hit_1: 0.07448226824282286
hit_5: 0.23757888187716647
hit_10: 0.3623677895298196
hit_20: 0.5329304061861168
ap: 0.16789577901363373
no increase in recent 12 iters
#########################################################
################## epoch 27 ###########################
loss: 302.9933, len_train_loader:198
modified_target in every batch:50.803
modified_hist in every batch :461.4242
########## current_metrics ##########
ndcg_1: 0.07110479068527242
ndcg_5: 0.1466563642024994
ndcg_10: 0.18300122022628784
ndcg_20: 0.2216050624847412
hit_1: 0.07110479068527242
hit_5: 0.22073593458359256
hit_10: 0.3336592302906408
hit_20: 0.4871566971824727
ap: 0.16014668345451355
########## best_metrics ##########
ndcg_1: 0.07448226824282286
ndcg_5: 0.15520498156547546
ndcg_10: 0.19423994421958923
ndcg_20: 0.23633995652198792
hit_1: 0.07448226824282286
hit_5: 0.23757888187716647
hit_10: 0.3623677895298196
hit_20: 0.5329304061861168
ap: 0.16789577901363373
no increase in recent 13 iters
#########################################################
################## epoch 28 ###########################
loss: 299.1329, len_train_loader:198
modified_target in every batch:50.803
modified_hist in every batch :463.5606
########## current_metrics ##########
ndcg_1: 0.0703937427784197
ndcg_5: 0.14502869546413422
ndcg_10: 0.1803361028432846
ndcg_20: 0.21963848173618317
hit_1: 0.0703937427784197
hit_5: 0.21829170740378634
hit_10: 0.32810416851835394
hit_20: 0.48444582703759664
ap: 0.15860287845134735
########## best_metrics ##########
ndcg_1: 0.07448226824282286
ndcg_5: 0.15520498156547546
ndcg_10: 0.19423994421958923
ndcg_20: 0.23633995652198792
hit_1: 0.07448226824282286
hit_5: 0.23757888187716647
hit_10: 0.3623677895298196
hit_20: 0.5329304061861168
ap: 0.16789577901363373
no increase in recent 14 iters
#########################################################
################## epoch 29 ###########################
loss: 295.5056, len_train_loader:198
modified_target in every batch:50.803
modified_hist in every batch :462.9394
########## current_metrics ##########
ndcg_1: 0.07181583859212515
ndcg_5: 0.147481307387352
ndcg_10: 0.18368946015834808
ndcg_20: 0.2227192223072052
hit_1: 0.07181583859212515
hit_5: 0.22206914940894143
hit_10: 0.33454804017420675
hit_20: 0.4897342458448138
ap: 0.16086585819721222
########## best_metrics ##########
ndcg_1: 0.07448226824282286
ndcg_5: 0.15520498156547546
ndcg_10: 0.19423994421958923
ndcg_20: 0.23633995652198792
hit_1: 0.07448226824282286
hit_5: 0.23757888187716647
hit_10: 0.3623677895298196
hit_20: 0.5329304061861168
ap: 0.16789577901363373
no increase in recent 15 iters
#########################################################
################## epoch 30 ###########################
loss: 293.4488, len_train_loader:198
modified_target in every batch:50.803
modified_hist in every batch :464.4697
########## current_metrics ##########
ndcg_1: 0.07403786330103991
ndcg_5: 0.14911167323589325
ndcg_10: 0.18576709926128387
ndcg_20: 0.22463856637477875
hit_1: 0.07403786330103991
hit_5: 0.22278019731579415
hit_10: 0.3367700648831215
hit_20: 0.491422984623589
ap: 0.16283483803272247
########## best_metrics ##########
ndcg_1: 0.07448226824282286
ndcg_5: 0.15520498156547546
ndcg_10: 0.19423994421958923
ndcg_20: 0.23633995652198792
hit_1: 0.07448226824282286
hit_5: 0.23757888187716647
hit_10: 0.3623677895298196
hit_20: 0.5329304061861168
ap: 0.16789577901363373
no increase in recent 16 iters
#########################################################
################## epoch 31 ###########################
loss: 290.9677, len_train_loader:198
modified_target in every batch:50.803
modified_hist in every batch :463.0202
########## current_metrics ##########
ndcg_1: 0.07110479068527242
ndcg_5: 0.14580941200256348
ndcg_10: 0.18156860768795013
ndcg_20: 0.22020839154720306
hit_1: 0.07110479068527242
hit_5: 0.21886943382810417
hit_10: 0.3301484312505555
hit_20: 0.4840014220958137
ap: 0.15936757624149323
########## best_metrics ##########
ndcg_1: 0.07448226824282286
ndcg_5: 0.15520498156547546
ndcg_10: 0.19423994421958923
ndcg_20: 0.23633995652198792
hit_1: 0.07448226824282286
hit_5: 0.23757888187716647
hit_10: 0.3623677895298196
hit_20: 0.5329304061861168
ap: 0.16789577901363373
no increase in recent 17 iters
#########################################################
################## epoch 32 ###########################
loss: 284.8536, len_train_loader:198
modified_target in every batch:50.803
modified_hist in every batch :461.8333
########## current_metrics ##########
ndcg_1: 0.07239356501644298
ndcg_5: 0.14746522903442383
ndcg_10: 0.18402518332004547
ndcg_20: 0.2226416915655136
hit_1: 0.07239356501644298
hit_5: 0.2205137321127011
hit_10: 0.3341925162207804
hit_20: 0.4878233045951471
ap: 0.16131463646888733
########## best_metrics ##########
ndcg_1: 0.07448226824282286
ndcg_5: 0.15520498156547546
ndcg_10: 0.19423994421958923
ndcg_20: 0.23633995652198792
hit_1: 0.07448226824282286
hit_5: 0.23757888187716647
hit_10: 0.3623677895298196
hit_20: 0.5329304061861168
ap: 0.16789577901363373
no increase in recent 18 iters
#########################################################
################## epoch 33 ###########################
loss: 281.8543, len_train_loader:198
modified_target in every batch:50.803
modified_hist in every batch :462.0707
########## current_metrics ##########
ndcg_1: 0.07252688649897787
ndcg_5: 0.14786404371261597
ndcg_10: 0.1826491355895996
ndcg_20: 0.221841961145401
hit_1: 0.07252688649897787
hit_5: 0.22171362545551507
hit_10: 0.3301039907563772
hit_20: 0.4859568038396587
ap: 0.1609458029270172
########## best_metrics ##########
ndcg_1: 0.07448226824282286
ndcg_5: 0.15520498156547546
ndcg_10: 0.19423994421958923
ndcg_20: 0.23633995652198792
hit_1: 0.07448226824282286
hit_5: 0.23757888187716647
hit_10: 0.3623677895298196
hit_20: 0.5329304061861168
ap: 0.16789577901363373
no increase in recent 19 iters
#########################################################
################## epoch 34 ###########################
loss: 278.3324, len_train_loader:198
modified_target in every batch:50.803
modified_hist in every batch :461.2374
########## current_metrics ##########
ndcg_1: 0.07243800551062128
ndcg_5: 0.14746838808059692
ndcg_10: 0.18296338617801666
ndcg_20: 0.22110436856746674
hit_1: 0.07243800551062128
hit_5: 0.22073593458359256
hit_10: 0.3313038840991912
hit_20: 0.4829348502355346
ap: 0.1608077883720398
########## best_metrics ##########
ndcg_1: 0.07448226824282286
ndcg_5: 0.15520498156547546
ndcg_10: 0.19423994421958923
ndcg_20: 0.23633995652198792
hit_1: 0.07448226824282286
hit_5: 0.23757888187716647
hit_10: 0.3623677895298196
hit_20: 0.5329304061861168
ap: 0.16789577901363373
no increase in recent 20 iters
#########################################################
################## epoch 35 ###########################
loss: 277.2373, len_train_loader:198
modified_target in every batch:50.803
modified_hist in every batch :463.8434
########## current_metrics ##########
ndcg_1: 0.07341569638254378
ndcg_5: 0.1454688012599945
ndcg_10: 0.1810755431652069
ndcg_20: 0.219795823097229
hit_1: 0.07341569638254378
hit_5: 0.21682517109590257
hit_10: 0.32734868011732293
hit_20: 0.4812461114567594
ap: 0.1597844958305359
########## best_metrics ##########
ndcg_1: 0.07448226824282286
ndcg_5: 0.15520498156547546
ndcg_10: 0.19423994421958923
ndcg_20: 0.23633995652198792
hit_1: 0.07448226824282286
hit_5: 0.23757888187716647
hit_10: 0.3623677895298196
hit_20: 0.5329304061861168
ap: 0.16789577901363373
no increase in recent 21 iters
#########################################################
################## epoch 36 ###########################
loss: 276.0586, len_train_loader:198
modified_target in every batch:50.803
modified_hist in every batch :461.6616
########## current_metrics ##########
ndcg_1: 0.07159363612123366
ndcg_5: 0.14391273260116577
ndcg_10: 0.1788647472858429
ndcg_20: 0.21735736727714539
hit_1: 0.07159363612123366
hit_5: 0.21473646786952272
hit_10: 0.3233490356412763
hit_20: 0.4762687761087903
ap: 0.15812619030475616
########## best_metrics ##########
ndcg_1: 0.07448226824282286
ndcg_5: 0.15520498156547546
ndcg_10: 0.19423994421958923
ndcg_20: 0.23633995652198792
hit_1: 0.07448226824282286
hit_5: 0.23757888187716647
hit_10: 0.3623677895298196
hit_20: 0.5329304061861168
ap: 0.16789577901363373
no increase in recent 22 iters
#########################################################
################## epoch 37 ###########################
loss: 274.9941, len_train_loader:198
modified_target in every batch:50.803
modified_hist in every batch :461.5152
########## current_metrics ##########
ndcg_1: 0.0731046129232957
ndcg_5: 0.14592112600803375
ndcg_10: 0.1811913698911667
ndcg_20: 0.21989162266254425
hit_1: 0.0731046129232957
hit_5: 0.2166918496133677
hit_10: 0.3263709892454004
hit_20: 0.4804017420673718
ap: 0.16016456484794617
########## best_metrics ##########
ndcg_1: 0.07448226824282286
ndcg_5: 0.15520498156547546
ndcg_10: 0.19423994421958923
ndcg_20: 0.23633995652198792
hit_1: 0.07448226824282286
hit_5: 0.23757888187716647
hit_10: 0.3623677895298196
hit_20: 0.5329304061861168
ap: 0.16789577901363373
no increase in recent 23 iters
#########################################################
################## epoch 38 ###########################
loss: 272.6232, len_train_loader:198
modified_target in every batch:50.803
modified_hist in every batch :463.5707
########## current_metrics ##########
ndcg_1: 0.07057150475513288
ndcg_5: 0.14525490999221802
ndcg_10: 0.17995040118694305
ndcg_20: 0.2187293916940689
hit_1: 0.07057150475513288
hit_5: 0.21824726690960802
hit_10: 0.3262376677628655
hit_20: 0.48057950404408495
ap: 0.15857577323913574
########## best_metrics ##########
ndcg_1: 0.07448226824282286
ndcg_5: 0.15520498156547546
ndcg_10: 0.19423994421958923
ndcg_20: 0.23633995652198792
hit_1: 0.07448226824282286
hit_5: 0.23757888187716647
hit_10: 0.3623677895298196
hit_20: 0.5329304061861168
ap: 0.16789577901363373
no increase in recent 24 iters
#########################################################
################## epoch 39 ###########################
loss: 270.2687, len_train_loader:198
modified_target in every batch:50.803
modified_hist in every batch :464.0909
########## current_metrics ##########
ndcg_1: 0.07243800551062128
ndcg_5: 0.14543184638023376
ndcg_10: 0.1802479475736618
ndcg_20: 0.21850748360157013
hit_1: 0.07243800551062128
hit_5: 0.21731401653186383
hit_10: 0.325704381832726
hit_20: 0.4777797529108524
ap: 0.15918421745300293
########## best_metrics ##########
ndcg_1: 0.07448226824282286
ndcg_5: 0.15520498156547546
ndcg_10: 0.19423994421958923
ndcg_20: 0.23633995652198792
hit_1: 0.07448226824282286
hit_5: 0.23757888187716647
hit_10: 0.3623677895298196
hit_20: 0.5329304061861168
ap: 0.16789577901363373
no increase in recent 25 iters
#########################################################
################## epoch 40 ###########################
loss: 270.1483, len_train_loader:198
modified_target in every batch:50.803
modified_hist in every batch :463.5404
########## current_metrics ##########
ndcg_1: 0.07203804106301662
ndcg_5: 0.1457156538963318
ndcg_10: 0.18082205951213837
ndcg_20: 0.21928812563419342
hit_1: 0.07203804106301662
hit_5: 0.2185139098746778
hit_10: 0.32783752555328416
hit_20: 0.48080170651497645
ap: 0.15922774374485016
########## best_metrics ##########
ndcg_1: 0.07448226824282286
ndcg_5: 0.15520498156547546
ndcg_10: 0.19423994421958923
ndcg_20: 0.23633995652198792
hit_1: 0.07448226824282286
hit_5: 0.23757888187716647
hit_10: 0.3623677895298196
hit_20: 0.5329304061861168
ap: 0.16789577901363373
no increase in recent 26 iters
#########################################################
################## epoch 41 ###########################
loss: 269.3912, len_train_loader:198
modified_target in every batch:50.803
modified_hist in every batch :463.4697
########## current_metrics ##########
ndcg_1: 0.07150475513287707
ndcg_5: 0.14320047199726105
ndcg_10: 0.17856937646865845
ndcg_20: 0.21634283661842346
hit_1: 0.07150475513287707
hit_5: 0.2138920984801351
hit_10: 0.3238378810772376
hit_20: 0.47431339436494535
ap: 0.1574324667453766
########## best_metrics ##########
ndcg_1: 0.07448226824282286
ndcg_5: 0.15520498156547546
ndcg_10: 0.19423994421958923
ndcg_20: 0.23633995652198792
hit_1: 0.07448226824282286
hit_5: 0.23757888187716647
hit_10: 0.3623677895298196
hit_20: 0.5329304061861168
ap: 0.16789577901363373
no increase in recent 27 iters
#########################################################
################## epoch 42 ###########################
loss: 266.6688, len_train_loader:198
modified_target in every batch:50.803
modified_hist in every batch :462.1869
########## current_metrics ##########
ndcg_1: 0.0712825526619856
ndcg_5: 0.14449666440486908
ndcg_10: 0.17976896464824677
ndcg_20: 0.21868284046649933
hit_1: 0.0712825526619856
hit_5: 0.21620300417740645
hit_10: 0.3259265843036175
hit_20: 0.48102390898586794
ap: 0.15842707455158234
########## best_metrics ##########
ndcg_1: 0.07448226824282286
ndcg_5: 0.15520498156547546
ndcg_10: 0.19423994421958923
ndcg_20: 0.23633995652198792
hit_1: 0.07448226824282286
hit_5: 0.23757888187716647
hit_10: 0.3623677895298196
hit_20: 0.5329304061861168
ap: 0.16789577901363373
no increase in recent 28 iters
#########################################################
################## epoch 43 ###########################
loss: 262.3432, len_train_loader:198
modified_target in every batch:50.803
modified_hist in every batch :462.5354
########## current_metrics ##########
ndcg_1: 0.07363789885343525
ndcg_5: 0.14631369709968567
ndcg_10: 0.18120062351226807
ndcg_20: 0.22049745917320251
hit_1: 0.07363789885343525
hit_5: 0.21802506443871655
hit_10: 0.3264154297395787
hit_20: 0.48253488578792997
ap: 0.16029280424118042
########## best_metrics ##########
ndcg_1: 0.07448226824282286
ndcg_5: 0.15520498156547546
ndcg_10: 0.19423994421958923
ndcg_20: 0.23633995652198792
hit_1: 0.07448226824282286
hit_5: 0.23757888187716647
hit_10: 0.3623677895298196
hit_20: 0.5329304061861168
ap: 0.16789577901363373
no increase in recent 29 iters
#########################################################
################## epoch 44 ###########################
loss: 260.9895, len_train_loader:198
modified_target in every batch:50.803
modified_hist in every batch :462.4091
########## current_metrics ##########
ndcg_1: 0.07288241045240423
ndcg_5: 0.14570237696170807
ndcg_10: 0.18158183991909027
ndcg_20: 0.22049400210380554
hit_1: 0.07288241045240423
hit_5: 0.2166918496133677
hit_10: 0.32863745444849346
hit_20: 0.48360145764820905
ap: 0.15996287763118744
########## best_metrics ##########
ndcg_1: 0.07448226824282286
ndcg_5: 0.15520498156547546
ndcg_10: 0.19423994421958923
ndcg_20: 0.23633995652198792
hit_1: 0.07448226824282286
hit_5: 0.23757888187716647
hit_10: 0.3623677895298196
hit_20: 0.5329304061861168
ap: 0.16789577901363373
no increase in recent 30 iters
#########################################################
################## epoch 45 ###########################
loss: 258.8995, len_train_loader:198
modified_target in every batch:50.803
modified_hist in every batch :460.8434
########## current_metrics ##########
ndcg_1: 0.07177139809794685
ndcg_5: 0.14576053619384766
ndcg_10: 0.18163160979747772
ndcg_20: 0.2203790694475174
hit_1: 0.07177139809794685
hit_5: 0.2185139098746778
hit_10: 0.3302373122389121
hit_20: 0.48440138654341836
ap: 0.15945233404636383
########## best_metrics ##########
ndcg_1: 0.07448226824282286
ndcg_5: 0.15520498156547546
ndcg_10: 0.19423994421958923
ndcg_20: 0.23633995652198792
hit_1: 0.07448226824282286
hit_5: 0.23757888187716647
hit_10: 0.3623677895298196
hit_20: 0.5329304061861168
ap: 0.16789577901363373
no increase in recent 31 iters
#########################################################
################## epoch 46 ###########################
loss: 257.1088, len_train_loader:198
modified_target in every batch:50.803
modified_hist in every batch :462.197
########## current_metrics ##########
ndcg_1: 0.07168251710959025
ndcg_5: 0.1428433358669281
ndcg_10: 0.1787625551223755
ndcg_20: 0.21715758740901947
hit_1: 0.07168251710959025
hit_5: 0.2129588481023909
hit_10: 0.3247266909608035
hit_20: 0.4776464314283175
ap: 0.15748150646686554
########## best_metrics ##########
ndcg_1: 0.07448226824282286
ndcg_5: 0.15520498156547546
ndcg_10: 0.19423994421958923
ndcg_20: 0.23633995652198792
hit_1: 0.07448226824282286
hit_5: 0.23757888187716647
hit_10: 0.3623677895298196
hit_20: 0.5329304061861168
ap: 0.16789577901363373
no increase in recent 32 iters
#########################################################
################## epoch 47 ###########################
loss: 257.5677, len_train_loader:198
modified_target in every batch:50.803
modified_hist in every batch :461.1768
########## current_metrics ##########
ndcg_1: 0.07181583859212515
ndcg_5: 0.14354975521564484
ndcg_10: 0.1784001737833023
ndcg_20: 0.21730659902095795
hit_1: 0.07181583859212515
hit_5: 0.2138476579859568
hit_10: 0.3220602613101058
hit_20: 0.4767131810505733
ap: 0.15787045657634735
########## best_metrics ##########
ndcg_1: 0.07448226824282286
ndcg_5: 0.15520498156547546
ndcg_10: 0.19423994421958923
ndcg_20: 0.23633995652198792
hit_1: 0.07448226824282286
hit_5: 0.23757888187716647
hit_10: 0.3623677895298196
hit_20: 0.5329304061861168
ap: 0.16789577901363373
no increase in recent 33 iters
#########################################################
################## epoch 48 ###########################
loss: 256.9662, len_train_loader:198
modified_target in every batch:50.803
modified_hist in every batch :464.3939
########## current_metrics ##########
ndcg_1: 0.07372677984179184
ndcg_5: 0.14687658846378326
ndcg_10: 0.18231308460235596
ndcg_20: 0.22012928128242493
hit_1: 0.07372677984179184
hit_5: 0.21918051728735224
hit_10: 0.3293485023553462
hit_20: 0.4796018131721625
ap: 0.16056589782238007
########## best_metrics ##########
ndcg_1: 0.07448226824282286
ndcg_5: 0.15520498156547546
ndcg_10: 0.19423994421958923
ndcg_20: 0.23633995652198792
hit_1: 0.07448226824282286
hit_5: 0.23757888187716647
hit_10: 0.3623677895298196
hit_20: 0.5329304061861168
ap: 0.16789577901363373
no increase in recent 34 iters
#########################################################
################## epoch 49 ###########################
loss: 255.8416, len_train_loader:198
modified_target in every batch:50.803
modified_hist in every batch :462.7071
########## current_metrics ##########
ndcg_1: 0.07097146920273753
ndcg_5: 0.14438167214393616
ndcg_10: 0.17971795797348022
ndcg_20: 0.21750709414482117
hit_1: 0.07097146920273753
hit_5: 0.21691405208425918
hit_10: 0.32681539418718336
hit_20: 0.47720202648653454
ap: 0.15791229903697968
########## best_metrics ##########
ndcg_1: 0.07448226824282286
ndcg_5: 0.15520498156547546
ndcg_10: 0.19423994421958923
ndcg_20: 0.23633995652198792
hit_1: 0.07448226824282286
hit_5: 0.23757888187716647
hit_10: 0.3623677895298196
hit_20: 0.5329304061861168
ap: 0.16789577901363373
no increase in recent 35 iters
#########################################################
################## epoch 50 ###########################
loss: 254.4911, len_train_loader:198
modified_target in every batch:50.803
modified_hist in every batch :461.298
########## current_metrics ##########
ndcg_1: 0.07079370722602435
ndcg_5: 0.14440205693244934
ndcg_10: 0.17989379167556763
ndcg_20: 0.21821041405200958
hit_1: 0.07079370722602435
hit_5: 0.216736290107546
hit_10: 0.3273042396231446
hit_20: 0.47969069416051907
ap: 0.15810133516788483
########## best_metrics ##########
ndcg_1: 0.07448226824282286
ndcg_5: 0.15520498156547546
ndcg_10: 0.19423994421958923
ndcg_20: 0.23633995652198792
hit_1: 0.07448226824282286
hit_5: 0.23757888187716647
hit_10: 0.3623677895298196
hit_20: 0.5329304061861168
ap: 0.16789577901363373
no increase in recent 36 iters
#########################################################
################## epoch 51 ###########################
loss: 254.2585, len_train_loader:198
modified_target in every batch:50.803
modified_hist in every batch :463.5152
########## current_metrics ##########
ndcg_1: 0.07279352946404764
ndcg_5: 0.145059734582901
ndcg_10: 0.18098589777946472
ndcg_20: 0.21917513012886047
hit_1: 0.07279352946404764
hit_5: 0.21629188516576303
hit_10: 0.3280152875299973
hit_20: 0.47982401564305394
ap: 0.15933793783187866
########## best_metrics ##########
ndcg_1: 0.07448226824282286
ndcg_5: 0.15520498156547546
ndcg_10: 0.19423994421958923
ndcg_20: 0.23633995652198792
hit_1: 0.07448226824282286
hit_5: 0.23757888187716647
hit_10: 0.3623677895298196
hit_20: 0.5329304061861168
ap: 0.16789577901363373
no increase in recent 37 iters
#########################################################
################## epoch 52 ###########################
loss: 252.9115, len_train_loader:198
modified_target in every batch:50.803
modified_hist in every batch :462.6566
########## current_metrics ##########
ndcg_1: 0.07132699315616389
ndcg_5: 0.14440138638019562
ndcg_10: 0.17935509979724884
ndcg_20: 0.217355415225029
hit_1: 0.07132699315616389
hit_5: 0.21602524220069327
hit_10: 0.324948893431695
hit_20: 0.4762687761087903
ap: 0.1580873727798462
########## best_metrics ##########
ndcg_1: 0.07448226824282286
ndcg_5: 0.15520498156547546
ndcg_10: 0.19423994421958923
ndcg_20: 0.23633995652198792
hit_1: 0.07448226824282286
hit_5: 0.23757888187716647
hit_10: 0.3623677895298196
hit_20: 0.5329304061861168
ap: 0.16789577901363373
no increase in recent 38 iters
#########################################################
################## epoch 53 ###########################
loss: 252.4476, len_train_loader:198
modified_target in every batch:50.803
modified_hist in every batch :463.2172
########## current_metrics ##########
ndcg_1: 0.07159363612123366
ndcg_5: 0.14601391553878784
ndcg_10: 0.18169228732585907
ndcg_20: 0.21965792775154114
hit_1: 0.07159363612123366
hit_5: 0.2186472313572127
hit_10: 0.3297929072971291
hit_20: 0.4806683850324416
ap: 0.15963086485862732
########## best_metrics ##########
ndcg_1: 0.07448226824282286
ndcg_5: 0.15520498156547546
ndcg_10: 0.19423994421958923
ndcg_20: 0.23633995652198792
hit_1: 0.07448226824282286
hit_5: 0.23757888187716647
hit_10: 0.3623677895298196
hit_20: 0.5329304061861168
ap: 0.16789577901363373
no increase in recent 39 iters
#########################################################
################## epoch 54 ###########################
loss: 248.1939, len_train_loader:198
modified_target in every batch:50.803
modified_hist in every batch :460.8737
########## current_metrics ##########
ndcg_1: 0.07017154030752822
ndcg_5: 0.14308279752731323
ndcg_10: 0.17821137607097626
ndcg_20: 0.21700842678546906
hit_1: 0.07017154030752822
hit_5: 0.21442538441027464
hit_10: 0.32374900008888097
hit_20: 0.47813527686427876
ap: 0.15705573558807373
########## best_metrics ##########
ndcg_1: 0.07448226824282286
ndcg_5: 0.15520498156547546
ndcg_10: 0.19423994421958923
ndcg_20: 0.23633995652198792
hit_1: 0.07448226824282286
hit_5: 0.23757888187716647
hit_10: 0.3623677895298196
hit_20: 0.5329304061861168
ap: 0.16789577901363373
no increase in recent 40 iters
#########################################################
################## epoch 55 ###########################
loss: 248.9397, len_train_loader:198
modified_target in every batch:50.803
modified_hist in every batch :465.0152
########## current_metrics ##########
ndcg_1: 0.07368233934761355
ndcg_5: 0.14619186520576477
ndcg_10: 0.18231098353862762
ndcg_20: 0.22054322063922882
hit_1: 0.07368233934761355
hit_5: 0.21713625455515065
hit_10: 0.32943738334370276
hit_20: 0.4816905163985424
ap: 0.1605396568775177
########## best_metrics ##########
ndcg_1: 0.07448226824282286
ndcg_5: 0.15520498156547546
ndcg_10: 0.19423994421958923
ndcg_20: 0.23633995652198792
hit_1: 0.07448226824282286
hit_5: 0.23757888187716647
hit_10: 0.3623677895298196
hit_20: 0.5329304061861168
ap: 0.16789577901363373
early stop
#########################################################
