nohup: ignoring input
########## DataInfo ##########
reading seq.dat
numUser:22502
numItem:10649
########## config ##########
thread_num: 4
dataset: electronics
eval_neg_num: 100
train_neg_num: 10
input_len: 5
rec_model: SASRec
train_type: train
save_epochs: [100, 200, 300, 400]
epoch_num: 500
learning_rate: 0.01
train_batch_size: 1024
test_batch_size: 256
drop_ratio: 0.1
decay_factor: 0.9
hidden_size: 50
num_hidden_layers: 1
num_attention_heads: 2
intermediate_size: 100
hidden_act: gelu
hidden_dropout_prob: 0.1
attention_probs_dropout_prob: 0.1
type_vocab_size: 1
initializer_range: 0.1
loss_type: pairwise_sample
weight_decay: 0.01
device: cuda
max_seq_len: 6
layer_size: 1
threshold: 1
noise_ratio: 0.05
candidate_num: 3
high_loss_drop: 0.05
weight_drop: 0.5
encoder_loss: False
user_num: 22502
item_num: 10649
generating train samples
train_size: 201973, time: 0.8909304141998291
abandoned 0(0.0) samples
valid user num: 22502
valid item num: 10648
generating test samples
test_size: 22502, time: 11.600133895874023
abandoned 0(0.0) samples
------------SASREC ENCODER YES------------
============================================================
Start Training
============================================================
################## epoch 0 ###########################
loss: 1443.0727, len_train_loader:198
modified_target in every batch:0.0
modified_hist in every batch :0.0
########## current_metrics ##########
ndcg_1: 0.014709803573015733
ndcg_5: 0.039091166108846664
ndcg_10: 0.056737031787633896
ndcg_20: 0.08526968955993652
hit_1: 0.014709803573015733
hit_5: 0.06394987112256688
hit_10: 0.11923384588036619
hit_20: 0.23309039196515866
ap: 0.061537764966487885
########## best_metrics ##########
ndcg_1: 0.014709803573015733
ndcg_5: 0.039091166108846664
ndcg_10: 0.056737031787633896
ndcg_20: 0.08526968955993652
hit_1: 0.014709803573015733
hit_5: 0.06394987112256688
hit_10: 0.11923384588036619
hit_20: 0.23309039196515866
ap: 0.061537764966487885
no increase in recent 0 iters
#########################################################
################## epoch 1 ###########################
loss: 1408.7551, len_train_loader:198
modified_target in every batch:1.9899
modified_hist in every batch :0.0
########## current_metrics ##########
ndcg_1: 0.009332503777442006
ndcg_5: 0.03621462360024452
ndcg_10: 0.06069833040237427
ndcg_20: 0.09781451523303986
hit_1: 0.009332503777442006
hit_5: 0.0647942405119545
hit_10: 0.1416762954404053
hit_20: 0.2898409030308417
ap: 0.06300012022256851
########## best_metrics ##########
ndcg_1: 0.014709803573015733
ndcg_5: 0.039091166108846664
ndcg_10: 0.06069833040237427
ndcg_20: 0.09781451523303986
hit_1: 0.014709803573015733
hit_5: 0.0647942405119545
hit_10: 0.1416762954404053
hit_20: 0.2898409030308417
ap: 0.06300012022256851
no increase in recent 0 iters
#########################################################
################## epoch 2 ###########################
loss: 1206.2896, len_train_loader:198
modified_target in every batch:4.9798
modified_hist in every batch :0.0
########## current_metrics ##########
ndcg_1: 0.019109412496666964
ndcg_5: 0.06337624788284302
ndcg_10: 0.09688765555620193
ndcg_20: 0.14057661592960358
hit_1: 0.019109412496666964
hit_5: 0.11052350902142032
hit_10: 0.21522531330548395
hit_20: 0.38947649097857967
ap: 0.08859509974718094
########## best_metrics ##########
ndcg_1: 0.019109412496666964
ndcg_5: 0.06337624788284302
ndcg_10: 0.09688765555620193
ndcg_20: 0.14057661592960358
hit_1: 0.019109412496666964
hit_5: 0.11052350902142032
hit_10: 0.21522531330548395
hit_20: 0.38947649097857967
ap: 0.08859509974718094
no increase in recent 0 iters
#########################################################
################## epoch 3 ###########################
loss: 1102.1653, len_train_loader:198
modified_target in every batch:7.9646
modified_hist in every batch :0.0
########## current_metrics ##########
ndcg_1: 0.021464758688116613
ndcg_5: 0.06803510338068008
ndcg_10: 0.10050634294748306
ndcg_20: 0.1427004486322403
hit_1: 0.021464758688116613
hit_5: 0.1163007732645987
hit_10: 0.2175362190027553
hit_20: 0.3857879299617812
ap: 0.09213005006313324
########## best_metrics ##########
ndcg_1: 0.021464758688116613
ndcg_5: 0.06803510338068008
ndcg_10: 0.10050634294748306
ndcg_20: 0.1427004486322403
hit_1: 0.021464758688116613
hit_5: 0.1163007732645987
hit_10: 0.2175362190027553
hit_20: 0.38947649097857967
ap: 0.09213005006313324
no increase in recent 0 iters
#########################################################
################## epoch 4 ###########################
loss: 1042.8912, len_train_loader:198
modified_target in every batch:9.9596
modified_hist in every batch :0.0
########## current_metrics ##########
ndcg_1: 0.03519687138920985
ndcg_5: 0.09650679677724838
ndcg_10: 0.13418377935886383
ndcg_20: 0.17695748805999756
hit_1: 0.03519687138920985
hit_5: 0.1595858145942583
hit_10: 0.2767753977424229
hit_20: 0.4468491689627589
ap: 0.11674607545137405
########## best_metrics ##########
ndcg_1: 0.03519687138920985
ndcg_5: 0.09650679677724838
ndcg_10: 0.13418377935886383
ndcg_20: 0.17695748805999756
hit_1: 0.03519687138920985
hit_5: 0.1595858145942583
hit_10: 0.2767753977424229
hit_20: 0.4468491689627589
ap: 0.11674607545137405
no increase in recent 0 iters
#########################################################
################## epoch 5 ###########################
loss: 959.5051, len_train_loader:198
modified_target in every batch:12.9495
modified_hist in every batch :0.0
########## current_metrics ##########
ndcg_1: 0.04195182650431073
ndcg_5: 0.10799837857484818
ndcg_10: 0.14660973846912384
ndcg_20: 0.18972821533679962
hit_1: 0.04195182650431073
hit_5: 0.1744289396498089
hit_10: 0.2946849168962759
hit_20: 0.4662252244244956
ap: 0.1270957887172699
########## best_metrics ##########
ndcg_1: 0.04195182650431073
ndcg_5: 0.10799837857484818
ndcg_10: 0.14660973846912384
ndcg_20: 0.18972821533679962
hit_1: 0.04195182650431073
hit_5: 0.1744289396498089
hit_10: 0.2946849168962759
hit_20: 0.4662252244244956
ap: 0.1270957887172699
no increase in recent 0 iters
#########################################################
################## epoch 6 ###########################
loss: 883.8893, len_train_loader:198
modified_target in every batch:15.9343
modified_hist in every batch :0.0
########## current_metrics ##########
ndcg_1: 0.05319527153141943
ndcg_5: 0.13133211433887482
ndcg_10: 0.1744653284549713
ndcg_20: 0.2192794233560562
hit_1: 0.05319527153141943
hit_5: 0.20998133499244512
hit_10: 0.3442360679050751
hit_20: 0.5220424851124345
ap: 0.14766977727413177
########## best_metrics ##########
ndcg_1: 0.05319527153141943
ndcg_5: 0.13133211433887482
ndcg_10: 0.1744653284549713
ndcg_20: 0.2192794233560562
hit_1: 0.05319527153141943
hit_5: 0.20998133499244512
hit_10: 0.3442360679050751
hit_20: 0.5220424851124345
ap: 0.14766977727413177
no increase in recent 0 iters
#########################################################
################## epoch 7 ###########################
loss: 836.37, len_train_loader:198
modified_target in every batch:17.9293
modified_hist in every batch :0.0
########## current_metrics ##########
ndcg_1: 0.05768376144342725
ndcg_5: 0.14109282195568085
ndcg_10: 0.18427710235118866
ndcg_20: 0.22938008606433868
hit_1: 0.05768376144342725
hit_5: 0.22469113856546086
hit_10: 0.3587236690071994
hit_20: 0.5381299440049774
ap: 0.15553578734397888
########## best_metrics ##########
ndcg_1: 0.05768376144342725
ndcg_5: 0.14109282195568085
ndcg_10: 0.18427710235118866
ndcg_20: 0.22938008606433868
hit_1: 0.05768376144342725
hit_5: 0.22469113856546086
hit_10: 0.3587236690071994
hit_20: 0.5381299440049774
ap: 0.15553578734397888
no increase in recent 0 iters
#########################################################
################## epoch 8 ###########################
loss: 803.5295, len_train_loader:198
modified_target in every batch:20.9192
modified_hist in every batch :0.0
########## current_metrics ##########
ndcg_1: 0.058705892809528044
ndcg_5: 0.14205490052700043
ndcg_10: 0.18384522199630737
ndcg_20: 0.22769486904144287
hit_1: 0.058705892809528044
hit_5: 0.2251355435072438
hit_10: 0.3550795484845791
hit_20: 0.5289752022042485
ap: 0.15602253377437592
########## best_metrics ##########
ndcg_1: 0.058705892809528044
ndcg_5: 0.14205490052700043
ndcg_10: 0.18427710235118866
ndcg_20: 0.22938008606433868
hit_1: 0.058705892809528044
hit_5: 0.2251355435072438
hit_10: 0.3587236690071994
hit_20: 0.5381299440049774
ap: 0.15602253377437592
no increase in recent 0 iters
#########################################################
################## epoch 9 ###########################
loss: 776.6249, len_train_loader:198
modified_target in every batch:23.904
modified_hist in every batch :0.0
########## current_metrics ##########
ndcg_1: 0.057283796995822596
ndcg_5: 0.1371014416217804
ndcg_10: 0.1788122057914734
ndcg_20: 0.2214832454919815
hit_1: 0.057283796995822596
hit_5: 0.21704737356679407
hit_10: 0.34694693804995114
hit_20: 0.5162207803750778
ap: 0.15196837484836578
########## best_metrics ##########
ndcg_1: 0.058705892809528044
ndcg_5: 0.14205490052700043
ndcg_10: 0.18427710235118866
ndcg_20: 0.22938008606433868
hit_1: 0.058705892809528044
hit_5: 0.2251355435072438
hit_10: 0.3587236690071994
hit_20: 0.5381299440049774
ap: 0.15602253377437592
no increase in recent 1 iters
#########################################################
################## epoch 10 ###########################
loss: 751.5945, len_train_loader:198
modified_target in every batch:25.899
modified_hist in every batch :0.0
########## current_metrics ##########
ndcg_1: 0.06297218025064438
ndcg_5: 0.15046611428260803
ndcg_10: 0.1939346343278885
ndcg_20: 0.2376973181962967
hit_1: 0.06297218025064438
hit_5: 0.23691227446449203
hit_10: 0.3720558172606879
hit_20: 0.5461292329570705
ap: 0.16342495381832123
########## best_metrics ##########
ndcg_1: 0.06297218025064438
ndcg_5: 0.15046611428260803
ndcg_10: 0.1939346343278885
ndcg_20: 0.2376973181962967
hit_1: 0.06297218025064438
hit_5: 0.23691227446449203
hit_10: 0.3720558172606879
hit_20: 0.5461292329570705
ap: 0.16342495381832123
no increase in recent 0 iters
#########################################################
################## epoch 11 ###########################
loss: 727.3068, len_train_loader:198
modified_target in every batch:28.8889
modified_hist in every batch :0.0
########## current_metrics ##########
ndcg_1: 0.06203892987290019
ndcg_5: 0.1461360901594162
ndcg_10: 0.186722069978714
ndcg_20: 0.2300102412700653
hit_1: 0.06203892987290019
hit_5: 0.22949071193671675
hit_10: 0.3554795129321838
hit_20: 0.5273753444138298
ap: 0.1591998040676117
########## best_metrics ##########
ndcg_1: 0.06297218025064438
ndcg_5: 0.15046611428260803
ndcg_10: 0.1939346343278885
ndcg_20: 0.2376973181962967
hit_1: 0.06297218025064438
hit_5: 0.23691227446449203
hit_10: 0.3720558172606879
hit_20: 0.5461292329570705
ap: 0.16342495381832123
no increase in recent 1 iters
#########################################################
################## epoch 12 ###########################
loss: 706.1499, len_train_loader:198
modified_target in every batch:31.8737
modified_hist in every batch :0.0
########## current_metrics ##########
ndcg_1: 0.06670518176162119
ndcg_5: 0.15382419526576996
ndcg_10: 0.19580866396427155
ndcg_20: 0.23860281705856323
hit_1: 0.06670518176162119
hit_5: 0.2399342280686161
hit_10: 0.37067816194116077
hit_20: 0.5407074926673184
ap: 0.16619913280010223
########## best_metrics ##########
ndcg_1: 0.06670518176162119
ndcg_5: 0.15382419526576996
ndcg_10: 0.19580866396427155
ndcg_20: 0.23860281705856323
hit_1: 0.06670518176162119
hit_5: 0.2399342280686161
hit_10: 0.3720558172606879
hit_20: 0.5461292329570705
ap: 0.16619913280010223
no increase in recent 0 iters
#########################################################
################## epoch 13 ###########################
loss: 684.1841, len_train_loader:198
modified_target in every batch:34.8636
modified_hist in every batch :0.0
########## current_metrics ##########
ndcg_1: 0.06110567949515599
ndcg_5: 0.1395568698644638
ndcg_10: 0.18006490170955658
ndcg_20: 0.22208914160728455
hit_1: 0.06110567949515599
hit_5: 0.21811394542707316
hit_10: 0.34383610345747045
hit_20: 0.5111545640387521
ap: 0.1541740447282791
########## best_metrics ##########
ndcg_1: 0.06670518176162119
ndcg_5: 0.15382419526576996
ndcg_10: 0.19580866396427155
ndcg_20: 0.23860281705856323
hit_1: 0.06670518176162119
hit_5: 0.2399342280686161
hit_10: 0.3720558172606879
hit_20: 0.5461292329570705
ap: 0.16619913280010223
no increase in recent 1 iters
#########################################################
################## epoch 14 ###########################
loss: 666.4681, len_train_loader:198
modified_target in every batch:36.8586
modified_hist in every batch :0.0
########## current_metrics ##########
ndcg_1: 0.06417207359345836
ndcg_5: 0.14564697444438934
ndcg_10: 0.1863536536693573
ndcg_20: 0.2284730076789856
hit_1: 0.06417207359345836
hit_5: 0.22620211536752288
hit_10: 0.3525464403164163
hit_20: 0.5200871033685894
ap: 0.1595022976398468
########## best_metrics ##########
ndcg_1: 0.06670518176162119
ndcg_5: 0.15382419526576996
ndcg_10: 0.19580866396427155
ndcg_20: 0.23860281705856323
hit_1: 0.06670518176162119
hit_5: 0.2399342280686161
hit_10: 0.3720558172606879
hit_20: 0.5461292329570705
ap: 0.16619913280010223
no increase in recent 2 iters
#########################################################
################## epoch 15 ###########################
loss: 646.7805, len_train_loader:198
modified_target in every batch:39.8434
modified_hist in every batch :0.0
########## current_metrics ##########
ndcg_1: 0.06674962225579949
ndcg_5: 0.15269343554973602
ndcg_10: 0.19415909051895142
ndcg_20: 0.23656171560287476
hit_1: 0.06674962225579949
hit_5: 0.23651231001688738
hit_10: 0.36534530263976533
hit_20: 0.5339525375522176
ap: 0.16553865373134613
########## best_metrics ##########
ndcg_1: 0.06674962225579949
ndcg_5: 0.15382419526576996
ndcg_10: 0.19580866396427155
ndcg_20: 0.23860281705856323
hit_1: 0.06674962225579949
hit_5: 0.2399342280686161
hit_10: 0.3720558172606879
hit_20: 0.5461292329570705
ap: 0.16619913280010223
no increase in recent 0 iters
#########################################################
################## epoch 16 ###########################
loss: 632.5082, len_train_loader:198
modified_target in every batch:42.8333
modified_hist in every batch :0.0
########## current_metrics ##########
ndcg_1: 0.06714958670340414
ndcg_5: 0.15022149682044983
ndcg_10: 0.1903837025165558
ndcg_20: 0.2323794811964035
hit_1: 0.06714958670340414
hit_5: 0.2324682250466625
hit_10: 0.3574348946760288
hit_20: 0.5241311883388143
ap: 0.1631832867860794
########## best_metrics ##########
ndcg_1: 0.06714958670340414
ndcg_5: 0.15382419526576996
ndcg_10: 0.19580866396427155
ndcg_20: 0.23860281705856323
hit_1: 0.06714958670340414
hit_5: 0.2399342280686161
hit_10: 0.3720558172606879
hit_20: 0.5461292329570705
ap: 0.16619913280010223
no increase in recent 0 iters
#########################################################
################## epoch 17 ###########################
loss: 619.8747, len_train_loader:198
modified_target in every batch:44.8232
modified_hist in every batch :0.0
########## current_metrics ##########
ndcg_1: 0.06919384943560572
ndcg_5: 0.1509864628314972
ndcg_10: 0.19008366763591766
ndcg_20: 0.23138363659381866
hit_1: 0.06919384943560572
hit_5: 0.23233490356412764
hit_10: 0.35401297662430004
hit_20: 0.518353924095636
ap: 0.16353242099285126
########## best_metrics ##########
ndcg_1: 0.06919384943560572
ndcg_5: 0.15382419526576996
ndcg_10: 0.19580866396427155
ndcg_20: 0.23860281705856323
hit_1: 0.06919384943560572
hit_5: 0.2399342280686161
hit_10: 0.3720558172606879
hit_20: 0.5461292329570705
ap: 0.16619913280010223
no increase in recent 0 iters
#########################################################
################## epoch 18 ###########################
loss: 607.5473, len_train_loader:198
modified_target in every batch:47.8131
modified_hist in every batch :0.0
########## current_metrics ##########
ndcg_1: 0.06777175362190027
ndcg_5: 0.15093667805194855
ndcg_10: 0.1903439462184906
ndcg_20: 0.23228265345096588
hit_1: 0.06777175362190027
hit_5: 0.23295707048262376
hit_10: 0.3555683939205404
hit_20: 0.5223535685716825
ap: 0.16367532312870026
########## best_metrics ##########
ndcg_1: 0.06919384943560572
ndcg_5: 0.15382419526576996
ndcg_10: 0.19580866396427155
ndcg_20: 0.23860281705856323
hit_1: 0.06919384943560572
hit_5: 0.2399342280686161
hit_10: 0.3720558172606879
hit_20: 0.5461292329570705
ap: 0.16619913280010223
no increase in recent 1 iters
#########################################################
################## epoch 19 ###########################
loss: 596.9187, len_train_loader:198
modified_target in every batch:50.803
modified_hist in every batch :0.0
########## current_metrics ##########
ndcg_1: 0.06897164696471425
ndcg_5: 0.15252050757408142
ndcg_10: 0.1931922882795334
ndcg_20: 0.23534218966960907
hit_1: 0.06897164696471425
hit_5: 0.23469024975557728
hit_10: 0.3611678961870056
hit_20: 0.5288418807217137
ap: 0.16546295583248138
########## best_metrics ##########
ndcg_1: 0.06919384943560572
ndcg_5: 0.15382419526576996
ndcg_10: 0.19580866396427155
ndcg_20: 0.23860281705856323
hit_1: 0.06919384943560572
hit_5: 0.2399342280686161
hit_10: 0.3720558172606879
hit_20: 0.5461292329570705
ap: 0.16619913280010223
no increase in recent 2 iters
#########################################################
################## epoch 20 ###########################
loss: 586.8539, len_train_loader:198
modified_target in every batch:50.803
modified_hist in every batch :462.4596
########## current_metrics ##########
ndcg_1: 0.07097146920273753
ndcg_5: 0.15505807101726532
ndcg_10: 0.19574353098869324
ndcg_20: 0.23745059967041016
hit_1: 0.07097146920273753
hit_5: 0.23780108434805794
hit_10: 0.36418984979112967
hit_20: 0.529952893076171
ap: 0.16779422760009766
########## best_metrics ##########
ndcg_1: 0.07097146920273753
ndcg_5: 0.15505807101726532
ndcg_10: 0.19580866396427155
ndcg_20: 0.23860281705856323
hit_1: 0.07097146920273753
hit_5: 0.2399342280686161
hit_10: 0.3720558172606879
hit_20: 0.5461292329570705
ap: 0.16779422760009766
no increase in recent 0 iters
#########################################################
################## epoch 21 ###########################
loss: 582.7407, len_train_loader:198
modified_target in every batch:50.803
modified_hist in every batch :463.2424
########## current_metrics ##########
ndcg_1: 0.07079370722602435
ndcg_5: 0.15536710619926453
ndcg_10: 0.19512633979320526
ndcg_20: 0.23649463057518005
hit_1: 0.07079370722602435
hit_5: 0.23873433472580216
hit_10: 0.3623233490356413
hit_20: 0.526486534530264
ap: 0.16744637489318848
########## best_metrics ##########
ndcg_1: 0.07097146920273753
ndcg_5: 0.15536710619926453
ndcg_10: 0.19580866396427155
ndcg_20: 0.23860281705856323
hit_1: 0.07097146920273753
hit_5: 0.2399342280686161
hit_10: 0.3720558172606879
hit_20: 0.5461292329570705
ap: 0.16779422760009766
no increase in recent 0 iters
#########################################################
################## epoch 22 ###########################
loss: 574.8456, len_train_loader:198
modified_target in every batch:50.803
modified_hist in every batch :462.1717
########## current_metrics ##########
ndcg_1: 0.06990489734245844
ndcg_5: 0.1542443037033081
ndcg_10: 0.19433237612247467
ndcg_20: 0.23506927490234375
hit_1: 0.06990489734245844
hit_5: 0.23704559594702693
hit_10: 0.3617456226113234
hit_20: 0.5239089858679229
ap: 0.16651122272014618
########## best_metrics ##########
ndcg_1: 0.07097146920273753
ndcg_5: 0.15536710619926453
ndcg_10: 0.19580866396427155
ndcg_20: 0.23860281705856323
hit_1: 0.07097146920273753
hit_5: 0.2399342280686161
hit_10: 0.3720558172606879
hit_20: 0.5461292329570705
ap: 0.16779422760009766
no increase in recent 1 iters
#########################################################
################## epoch 23 ###########################
loss: 566.5456, len_train_loader:198
modified_target in every batch:50.803
modified_hist in every batch :461.4545
########## current_metrics ##########
ndcg_1: 0.06932717091814061
ndcg_5: 0.154195174574852
ndcg_10: 0.19326962530612946
ndcg_20: 0.23564131557941437
hit_1: 0.06932717091814061
hit_5: 0.2372677984179184
hit_10: 0.3589903119722691
hit_20: 0.5274642254021865
ap: 0.16634301841259003
########## best_metrics ##########
ndcg_1: 0.07097146920273753
ndcg_5: 0.15536710619926453
ndcg_10: 0.19580866396427155
ndcg_20: 0.23860281705856323
hit_1: 0.07097146920273753
hit_5: 0.2399342280686161
hit_10: 0.3720558172606879
hit_20: 0.5461292329570705
ap: 0.16779422760009766
no increase in recent 2 iters
#########################################################
################## epoch 24 ###########################
loss: 546.1498, len_train_loader:198
modified_target in every batch:50.803
modified_hist in every batch :462.5051
########## current_metrics ##########
ndcg_1: 0.06532752644209404
ndcg_5: 0.1468178629875183
ndcg_10: 0.18708033859729767
ndcg_20: 0.22803494334220886
hit_1: 0.06532752644209404
hit_5: 0.22740200871033686
hit_10: 0.35236867833970315
hit_20: 0.5149320060439072
ap: 0.1602231115102768
########## best_metrics ##########
ndcg_1: 0.07097146920273753
ndcg_5: 0.15536710619926453
ndcg_10: 0.19580866396427155
ndcg_20: 0.23860281705856323
hit_1: 0.07097146920273753
hit_5: 0.2399342280686161
hit_10: 0.3720558172606879
hit_20: 0.5461292329570705
ap: 0.16779422760009766
no increase in recent 3 iters
#########################################################
################## epoch 25 ###########################
loss: 538.4192, len_train_loader:198
modified_target in every batch:50.803
modified_hist in every batch :463.0354
########## current_metrics ##########
ndcg_1: 0.06812727757532663
ndcg_5: 0.15164689719676971
ndcg_10: 0.19119444489479065
ndcg_20: 0.23340195417404175
hit_1: 0.06812727757532663
hit_5: 0.23446804728468582
hit_10: 0.3573904541818505
hit_20: 0.5250644387165585
ap: 0.16413141787052155
########## best_metrics ##########
ndcg_1: 0.07097146920273753
ndcg_5: 0.15536710619926453
ndcg_10: 0.19580866396427155
ndcg_20: 0.23860281705856323
hit_1: 0.07097146920273753
hit_5: 0.2399342280686161
hit_10: 0.3720558172606879
hit_20: 0.5461292329570705
ap: 0.16779422760009766
no increase in recent 4 iters
#########################################################
################## epoch 26 ###########################
loss: 533.876, len_train_loader:198
modified_target in every batch:50.803
modified_hist in every batch :462.5808
########## current_metrics ##########
ndcg_1: 0.06910496844724913
ndcg_5: 0.1523331105709076
ndcg_10: 0.19158735871315002
ndcg_20: 0.23377029597759247
hit_1: 0.06910496844724913
hit_5: 0.23429028530797263
hit_10: 0.35623500133321484
hit_20: 0.5237756643853879
ap: 0.16495396196842194
########## best_metrics ##########
ndcg_1: 0.07097146920273753
ndcg_5: 0.15536710619926453
ndcg_10: 0.19580866396427155
ndcg_20: 0.23860281705856323
hit_1: 0.07097146920273753
hit_5: 0.2399342280686161
hit_10: 0.3720558172606879
hit_20: 0.5461292329570705
ap: 0.16779422760009766
no increase in recent 5 iters
#########################################################
################## epoch 27 ###########################
loss: 528.6629, len_train_loader:198
modified_target in every batch:50.803
modified_hist in every batch :461.1616
########## current_metrics ##########
ndcg_1: 0.06906052795307084
ndcg_5: 0.15150879323482513
ndcg_10: 0.1911049783229828
ndcg_20: 0.23252062499523163
hit_1: 0.06906052795307084
hit_5: 0.23237934405830593
hit_10: 0.3556128344147187
hit_20: 0.5202648653453026
ap: 0.16446034610271454
########## best_metrics ##########
ndcg_1: 0.07097146920273753
ndcg_5: 0.15536710619926453
ndcg_10: 0.19580866396427155
ndcg_20: 0.23860281705856323
hit_1: 0.07097146920273753
hit_5: 0.2399342280686161
hit_10: 0.3720558172606879
hit_20: 0.5461292329570705
ap: 0.16779422760009766
no increase in recent 6 iters
#########################################################
################## epoch 28 ###########################
loss: 524.825, len_train_loader:198
modified_target in every batch:50.803
modified_hist in every batch :465.3081
########## current_metrics ##########
ndcg_1: 0.07386010132432673
ndcg_5: 0.15898437798023224
ndcg_10: 0.2005583494901657
ndcg_20: 0.24229933321475983
hit_1: 0.07386010132432673
hit_5: 0.2421118122833526
hit_10: 0.3714336503421918
hit_20: 0.5371966936272331
ap: 0.17175628244876862
########## best_metrics ##########
ndcg_1: 0.07386010132432673
ndcg_5: 0.15898437798023224
ndcg_10: 0.2005583494901657
ndcg_20: 0.24229933321475983
hit_1: 0.07386010132432673
hit_5: 0.2421118122833526
hit_10: 0.3720558172606879
hit_20: 0.5461292329570705
ap: 0.17175628244876862
no increase in recent 0 iters
#########################################################
################## epoch 29 ###########################
loss: 519.2653, len_train_loader:198
modified_target in every batch:50.803
modified_hist in every batch :460.6212
########## current_metrics ##########
ndcg_1: 0.07061594524931117
ndcg_5: 0.15447081625461578
ndcg_10: 0.19370205700397491
ndcg_20: 0.23550629615783691
hit_1: 0.07061594524931117
hit_5: 0.23682339347613546
hit_10: 0.3586792285130211
hit_20: 0.5247533552573105
ap: 0.1667363941669464
########## best_metrics ##########
ndcg_1: 0.07386010132432673
ndcg_5: 0.15898437798023224
ndcg_10: 0.2005583494901657
ndcg_20: 0.24229933321475983
hit_1: 0.07386010132432673
hit_5: 0.2421118122833526
hit_10: 0.3720558172606879
hit_20: 0.5461292329570705
ap: 0.17175628244876862
no increase in recent 1 iters
#########################################################
################## epoch 30 ###########################
loss: 515.4559, len_train_loader:198
modified_target in every batch:50.803
modified_hist in every batch :462.7172
########## current_metrics ##########
ndcg_1: 0.06986045684828016
ndcg_5: 0.15237796306610107
ndcg_10: 0.19244860112667084
ndcg_20: 0.23283930122852325
hit_1: 0.06986045684828016
hit_5: 0.23433472580215092
hit_10: 0.35885699048973424
hit_20: 0.5194649364500933
ap: 0.16487577557563782
########## best_metrics ##########
ndcg_1: 0.07386010132432673
ndcg_5: 0.15898437798023224
ndcg_10: 0.2005583494901657
ndcg_20: 0.24229933321475983
hit_1: 0.07386010132432673
hit_5: 0.2421118122833526
hit_10: 0.3720558172606879
hit_20: 0.5461292329570705
ap: 0.17175628244876862
no increase in recent 2 iters
#########################################################
################## epoch 31 ###########################
loss: 510.5921, len_train_loader:198
modified_target in every batch:50.803
modified_hist in every batch :464.8939
########## current_metrics ##########
ndcg_1: 0.07017154030752822
ndcg_5: 0.15368178486824036
ndcg_10: 0.1926991492509842
ndcg_20: 0.23364898562431335
hit_1: 0.07017154030752822
hit_5: 0.23606790507510444
hit_10: 0.3576570971469203
hit_20: 0.520309305839481
ap: 0.16572582721710205
########## best_metrics ##########
ndcg_1: 0.07386010132432673
ndcg_5: 0.15898437798023224
ndcg_10: 0.2005583494901657
ndcg_20: 0.24229933321475983
hit_1: 0.07386010132432673
hit_5: 0.2421118122833526
hit_10: 0.3720558172606879
hit_20: 0.5461292329570705
ap: 0.17175628244876862
no increase in recent 3 iters
#########################################################
################## epoch 32 ###########################
loss: 507.5662, len_train_loader:198
modified_target in every batch:50.803
modified_hist in every batch :461.0657
########## current_metrics ##########
ndcg_1: 0.07110479068527242
ndcg_5: 0.15457896888256073
ndcg_10: 0.19462797045707703
ndcg_20: 0.2361026406288147
hit_1: 0.07110479068527242
hit_5: 0.2372233579237401
hit_10: 0.36170118211714514
hit_20: 0.5269309394720469
ap: 0.16710366308689117
########## best_metrics ##########
ndcg_1: 0.07386010132432673
ndcg_5: 0.15898437798023224
ndcg_10: 0.2005583494901657
ndcg_20: 0.24229933321475983
hit_1: 0.07386010132432673
hit_5: 0.2421118122833526
hit_10: 0.3720558172606879
hit_20: 0.5461292329570705
ap: 0.17175628244876862
no increase in recent 4 iters
#########################################################
################## epoch 33 ###########################
loss: 503.0716, len_train_loader:198
modified_target in every batch:50.803
modified_hist in every batch :460.1717
########## current_metrics ##########
ndcg_1: 0.07199360056883833
ndcg_5: 0.15390487015247345
ndcg_10: 0.1921292543411255
ndcg_20: 0.23327915370464325
hit_1: 0.07199360056883833
hit_5: 0.23380143987201138
hit_10: 0.35236867833970315
hit_20: 0.5159096969158297
ap: 0.16665814816951752
########## best_metrics ##########
ndcg_1: 0.07386010132432673
ndcg_5: 0.15898437798023224
ndcg_10: 0.2005583494901657
ndcg_20: 0.24229933321475983
hit_1: 0.07386010132432673
hit_5: 0.2421118122833526
hit_10: 0.3720558172606879
hit_20: 0.5461292329570705
ap: 0.17175628244876862
no increase in recent 5 iters
#########################################################
################## epoch 34 ###########################
loss: 500.8443, len_train_loader:198
modified_target in every batch:50.803
modified_hist in every batch :461.8788
########## current_metrics ##########
ndcg_1: 0.07181583859212515
ndcg_5: 0.15622389316558838
ndcg_10: 0.19628305733203888
ndcg_20: 0.23726783692836761
hit_1: 0.07181583859212515
hit_5: 0.23931206115012
hit_10: 0.36374544484934673
hit_20: 0.5268420584836904
ap: 0.16845466196537018
########## best_metrics ##########
ndcg_1: 0.07386010132432673
ndcg_5: 0.15898437798023224
ndcg_10: 0.2005583494901657
ndcg_20: 0.24229933321475983
hit_1: 0.07386010132432673
hit_5: 0.2421118122833526
hit_10: 0.3720558172606879
hit_20: 0.5461292329570705
ap: 0.17175628244876862
no increase in recent 6 iters
#########################################################
################## epoch 35 ###########################
loss: 496.8157, len_train_loader:198
modified_target in every batch:50.803
modified_hist in every batch :462.7071
########## current_metrics ##########
ndcg_1: 0.0712381121678073
ndcg_5: 0.1560414731502533
ndcg_10: 0.19527308642864227
ndcg_20: 0.23799531161785126
hit_1: 0.0712381121678073
hit_5: 0.23908985867922852
hit_10: 0.3609456937161141
hit_20: 0.5305306195004889
ap: 0.16827251017093658
########## best_metrics ##########
ndcg_1: 0.07386010132432673
ndcg_5: 0.15898437798023224
ndcg_10: 0.2005583494901657
ndcg_20: 0.24229933321475983
hit_1: 0.07386010132432673
hit_5: 0.2421118122833526
hit_10: 0.3720558172606879
hit_20: 0.5461292329570705
ap: 0.17175628244876862
no increase in recent 7 iters
#########################################################
################## epoch 36 ###########################
loss: 491.2224, len_train_loader:198
modified_target in every batch:50.803
modified_hist in every batch :463.7323
########## current_metrics ##########
ndcg_1: 0.06830503955203981
ndcg_5: 0.1519964188337326
ndcg_10: 0.19196416437625885
ndcg_20: 0.23175793886184692
hit_1: 0.06830503955203981
hit_5: 0.23420140431961603
hit_10: 0.3584570260421296
hit_20: 0.516398542351791
ap: 0.16427214443683624
########## best_metrics ##########
ndcg_1: 0.07386010132432673
ndcg_5: 0.15898437798023224
ndcg_10: 0.2005583494901657
ndcg_20: 0.24229933321475983
hit_1: 0.07386010132432673
hit_5: 0.2421118122833526
hit_10: 0.3720558172606879
hit_20: 0.5461292329570705
ap: 0.17175628244876862
no increase in recent 8 iters
#########################################################
################## epoch 37 ###########################
loss: 490.3501, len_train_loader:198
modified_target in every batch:50.803
modified_hist in every batch :463.6919
########## current_metrics ##########
ndcg_1: 0.06537196693627233
ndcg_5: 0.1436084657907486
ndcg_10: 0.18203026056289673
ndcg_20: 0.22239261865615845
hit_1: 0.06537196693627233
hit_5: 0.21993600568838326
hit_10: 0.33925873255710604
hit_20: 0.49964447604657364
ap: 0.15760162472724915
########## best_metrics ##########
ndcg_1: 0.07386010132432673
ndcg_5: 0.15898437798023224
ndcg_10: 0.2005583494901657
ndcg_20: 0.24229933321475983
hit_1: 0.07386010132432673
hit_5: 0.2421118122833526
hit_10: 0.3720558172606879
hit_20: 0.5461292329570705
ap: 0.17175628244876862
no increase in recent 9 iters
#########################################################
################## epoch 38 ###########################
loss: 488.0373, len_train_loader:198
modified_target in every batch:50.803
modified_hist in every batch :462.7424
########## current_metrics ##########
ndcg_1: 0.0731934939116523
ndcg_5: 0.15401361882686615
ndcg_10: 0.19355614483356476
ndcg_20: 0.2345995008945465
hit_1: 0.0731934939116523
hit_5: 0.23393476135454627
hit_10: 0.3565460847924629
hit_20: 0.5194649364500933
ap: 0.16728557646274567
########## best_metrics ##########
ndcg_1: 0.07386010132432673
ndcg_5: 0.15898437798023224
ndcg_10: 0.2005583494901657
ndcg_20: 0.24229933321475983
hit_1: 0.07386010132432673
hit_5: 0.2421118122833526
hit_10: 0.3720558172606879
hit_20: 0.5461292329570705
ap: 0.17175628244876862
no increase in recent 10 iters
#########################################################
################## epoch 39 ###########################
loss: 484.3378, len_train_loader:198
modified_target in every batch:50.803
modified_hist in every batch :462.2677
########## current_metrics ##########
ndcg_1: 0.07243800551062128
ndcg_5: 0.15294823050498962
ndcg_10: 0.192824587225914
ndcg_20: 0.23305723071098328
hit_1: 0.07243800551062128
hit_5: 0.2324682250466625
hit_10: 0.3564572038041063
hit_20: 0.5163096613634344
ap: 0.16611331701278687
########## best_metrics ##########
ndcg_1: 0.07386010132432673
ndcg_5: 0.15898437798023224
ndcg_10: 0.2005583494901657
ndcg_20: 0.24229933321475983
hit_1: 0.07386010132432673
hit_5: 0.2421118122833526
hit_10: 0.3720558172606879
hit_20: 0.5461292329570705
ap: 0.17175628244876862
no increase in recent 11 iters
#########################################################
################## epoch 40 ###########################
loss: 464.775, len_train_loader:198
modified_target in every batch:50.803
modified_hist in every batch :463.0657
########## current_metrics ##########
ndcg_1: 0.06817171806950494
ndcg_5: 0.15143771469593048
ndcg_10: 0.1900700032711029
ndcg_20: 0.2305392026901245
hit_1: 0.06817171806950494
hit_5: 0.23380143987201138
hit_10: 0.35392409563594346
hit_20: 0.5147542440671941
ap: 0.16334772109985352
########## best_metrics ##########
ndcg_1: 0.07386010132432673
ndcg_5: 0.15898437798023224
ndcg_10: 0.2005583494901657
ndcg_20: 0.24229933321475983
hit_1: 0.07386010132432673
hit_5: 0.2421118122833526
hit_10: 0.3720558172606879
hit_20: 0.5461292329570705
ap: 0.17175628244876862
no increase in recent 12 iters
#########################################################
################## epoch 41 ###########################
loss: 461.9076, len_train_loader:198
modified_target in every batch:50.803
modified_hist in every batch :459.3434
########## current_metrics ##########
ndcg_1: 0.07079370722602435
ndcg_5: 0.1501816213130951
ndcg_10: 0.18879957497119904
ndcg_20: 0.22952258586883545
hit_1: 0.07079370722602435
hit_5: 0.22869078304150742
hit_10: 0.3488578792996178
hit_20: 0.5107101590969692
ap: 0.16344749927520752
########## best_metrics ##########
ndcg_1: 0.07386010132432673
ndcg_5: 0.15898437798023224
ndcg_10: 0.2005583494901657
ndcg_20: 0.24229933321475983
hit_1: 0.07386010132432673
hit_5: 0.2421118122833526
hit_10: 0.3720558172606879
hit_20: 0.5461292329570705
ap: 0.17175628244876862
no increase in recent 13 iters
#########################################################
################## epoch 42 ###########################
loss: 459.7691, len_train_loader:198
modified_target in every batch:50.803
modified_hist in every batch :463.6566
########## current_metrics ##########
ndcg_1: 0.07154919562705538
ndcg_5: 0.15261384844779968
ndcg_10: 0.19169723987579346
ndcg_20: 0.2331371158361435
hit_1: 0.07154919562705538
hit_5: 0.23215714158741446
hit_10: 0.3534796906941605
hit_20: 0.517909519153853
ap: 0.16593249142169952
########## best_metrics ##########
ndcg_1: 0.07386010132432673
ndcg_5: 0.15898437798023224
ndcg_10: 0.2005583494901657
ndcg_20: 0.24229933321475983
hit_1: 0.07386010132432673
hit_5: 0.2421118122833526
hit_10: 0.3720558172606879
hit_20: 0.5461292329570705
ap: 0.17175628244876862
no increase in recent 14 iters
#########################################################
################## epoch 43 ###########################
loss: 459.0136, len_train_loader:198
modified_target in every batch:50.803
modified_hist in every batch :462.1616
########## current_metrics ##########
ndcg_1: 0.06697182472669096
ndcg_5: 0.14882615208625793
ndcg_10: 0.18729852139949799
ndcg_20: 0.22792498767375946
hit_1: 0.06697182472669096
hit_5: 0.2289574260065772
hit_10: 0.34850235534619145
hit_20: 0.5098213492134033
ap: 0.16146612167358398
########## best_metrics ##########
ndcg_1: 0.07386010132432673
ndcg_5: 0.15898437798023224
ndcg_10: 0.2005583494901657
ndcg_20: 0.24229933321475983
hit_1: 0.07386010132432673
hit_5: 0.2421118122833526
hit_10: 0.3720558172606879
hit_20: 0.5461292329570705
ap: 0.17175628244876862
no increase in recent 15 iters
#########################################################
################## epoch 44 ###########################
loss: 455.0197, len_train_loader:198
modified_target in every batch:50.803
modified_hist in every batch :462.202
########## current_metrics ##########
ndcg_1: 0.0731934939116523
ndcg_5: 0.15593701601028442
ndcg_10: 0.19472676515579224
ndcg_20: 0.23510009050369263
hit_1: 0.0731934939116523
hit_5: 0.2372677984179184
hit_10: 0.35787929961781173
hit_20: 0.5180428406363878
ap: 0.1681268811225891
########## best_metrics ##########
ndcg_1: 0.07386010132432673
ndcg_5: 0.15898437798023224
ndcg_10: 0.2005583494901657
ndcg_20: 0.24229933321475983
hit_1: 0.07386010132432673
hit_5: 0.2421118122833526
hit_10: 0.3720558172606879
hit_20: 0.5461292329570705
ap: 0.17175628244876862
no increase in recent 16 iters
#########################################################
################## epoch 45 ###########################
loss: 456.0455, len_train_loader:198
modified_target in every batch:50.803
modified_hist in every batch :462.5202
########## current_metrics ##########
ndcg_1: 0.06981601635410185
ndcg_5: 0.15111178159713745
ndcg_10: 0.18961502611637115
ndcg_20: 0.2297385185956955
hit_1: 0.06981601635410185
hit_5: 0.2307794862678873
hit_10: 0.3504577370900364
hit_20: 0.5099102302017599
ap: 0.16385285556316376
########## best_metrics ##########
ndcg_1: 0.07386010132432673
ndcg_5: 0.15898437798023224
ndcg_10: 0.2005583494901657
ndcg_20: 0.24229933321475983
hit_1: 0.07386010132432673
hit_5: 0.2421118122833526
hit_10: 0.3720558172606879
hit_20: 0.5461292329570705
ap: 0.17175628244876862
no increase in recent 17 iters
#########################################################
################## epoch 46 ###########################
loss: 453.4445, len_train_loader:198
modified_target in every batch:50.803
modified_hist in every batch :461.5101
########## current_metrics ##########
ndcg_1: 0.07190471958048174
ndcg_5: 0.15282762050628662
ndcg_10: 0.19201330840587616
ndcg_20: 0.23235365748405457
hit_1: 0.07190471958048174
hit_5: 0.23229046306994933
hit_10: 0.35410185761265667
hit_20: 0.5143987201137676
ap: 0.16585519909858704
########## best_metrics ##########
ndcg_1: 0.07386010132432673
ndcg_5: 0.15898437798023224
ndcg_10: 0.2005583494901657
ndcg_20: 0.24229933321475983
hit_1: 0.07386010132432673
hit_5: 0.2421118122833526
hit_10: 0.3720558172606879
hit_20: 0.5461292329570705
ap: 0.17175628244876862
no increase in recent 18 iters
#########################################################
################## epoch 47 ###########################
loss: 450.3532, len_train_loader:198
modified_target in every batch:50.803
modified_hist in every batch :461.7525
########## current_metrics ##########
ndcg_1: 0.07030486179006311
ndcg_5: 0.15561480820178986
ndcg_10: 0.1936335265636444
ndcg_20: 0.23505575954914093
hit_1: 0.07030486179006311
hit_5: 0.23966758510354635
hit_10: 0.35756821615856366
hit_20: 0.5220869256066127
ap: 0.16688044369220734
########## best_metrics ##########
ndcg_1: 0.07386010132432673
ndcg_5: 0.15898437798023224
ndcg_10: 0.2005583494901657
ndcg_20: 0.24229933321475983
hit_1: 0.07386010132432673
hit_5: 0.2421118122833526
hit_10: 0.3720558172606879
hit_20: 0.5461292329570705
ap: 0.17175628244876862
no increase in recent 19 iters
#########################################################
################## epoch 48 ###########################
loss: 449.4791, len_train_loader:198
modified_target in every batch:50.803
modified_hist in every batch :464.899
########## current_metrics ##########
ndcg_1: 0.07430450626610968
ndcg_5: 0.158555269241333
ndcg_10: 0.19789497554302216
ndcg_20: 0.23951783776283264
hit_1: 0.07430450626610968
hit_5: 0.2410007999288952
hit_10: 0.36338992089592037
hit_20: 0.5289752022042485
ap: 0.17064456641674042
########## best_metrics ##########
ndcg_1: 0.07430450626610968
ndcg_5: 0.15898437798023224
ndcg_10: 0.2005583494901657
ndcg_20: 0.24229933321475983
hit_1: 0.07430450626610968
hit_5: 0.2421118122833526
hit_10: 0.3720558172606879
hit_20: 0.5461292329570705
ap: 0.17175628244876862
no increase in recent 0 iters
#########################################################
################## epoch 49 ###########################
loss: 448.7885, len_train_loader:198
modified_target in every batch:50.803
modified_hist in every batch :462.6364
########## current_metrics ##########
ndcg_1: 0.07088258821438094
ndcg_5: 0.15227241814136505
ndcg_10: 0.19085462391376495
ndcg_20: 0.23086847364902496
hit_1: 0.07088258821438094
hit_5: 0.23211270109323615
hit_10: 0.35227979735134657
hit_20: 0.5112434450271087
ap: 0.1649240404367447
########## best_metrics ##########
ndcg_1: 0.07430450626610968
ndcg_5: 0.15898437798023224
ndcg_10: 0.2005583494901657
ndcg_20: 0.24229933321475983
hit_1: 0.07430450626610968
hit_5: 0.2421118122833526
hit_10: 0.3720558172606879
hit_20: 0.5461292329570705
ap: 0.17175628244876862
no increase in recent 1 iters
#########################################################
################## epoch 50 ###########################
loss: 447.1306, len_train_loader:198
modified_target in every batch:50.803
modified_hist in every batch :462.9293
########## current_metrics ##########
ndcg_1: 0.06972713536574526
ndcg_5: 0.14837507903575897
ndcg_10: 0.18578669428825378
ndcg_20: 0.22624191641807556
hit_1: 0.06972713536574526
hit_5: 0.22486890054217404
hit_10: 0.34108079281841613
hit_20: 0.5015998577904186
ap: 0.16189606487751007
########## best_metrics ##########
ndcg_1: 0.07430450626610968
ndcg_5: 0.15898437798023224
ndcg_10: 0.2005583494901657
ndcg_20: 0.24229933321475983
hit_1: 0.07430450626610968
hit_5: 0.2421118122833526
hit_10: 0.3720558172606879
hit_20: 0.5461292329570705
ap: 0.17175628244876862
no increase in recent 2 iters
#########################################################
################## epoch 51 ###########################
loss: 429.6854, len_train_loader:198
modified_target in every batch:50.803
modified_hist in every batch :463.1869
########## current_metrics ##########
ndcg_1: 0.07368233934761355
ndcg_5: 0.15328258275985718
ndcg_10: 0.19162079691886902
ndcg_20: 0.23183438181877136
hit_1: 0.07368233934761355
hit_5: 0.2316682961514532
hit_10: 0.3510354635143543
hit_20: 0.5109323615678606
ap: 0.16635064780712128
########## best_metrics ##########
ndcg_1: 0.07430450626610968
ndcg_5: 0.15898437798023224
ndcg_10: 0.2005583494901657
ndcg_20: 0.24229933321475983
hit_1: 0.07430450626610968
hit_5: 0.2421118122833526
hit_10: 0.3720558172606879
hit_20: 0.5461292329570705
ap: 0.17175628244876862
no increase in recent 3 iters
#########################################################
################## epoch 52 ###########################
loss: 425.2066, len_train_loader:198
modified_target in every batch:50.803
modified_hist in every batch :462.3283
########## current_metrics ##########
ndcg_1: 0.07301573193493911
ndcg_5: 0.1531008929014206
ndcg_10: 0.1926424205303192
ndcg_20: 0.23300908505916595
hit_1: 0.07301573193493911
hit_5: 0.23149053417474003
hit_10: 0.35441294107190474
hit_20: 0.5147542440671941
ap: 0.16648653149604797
########## best_metrics ##########
ndcg_1: 0.07430450626610968
ndcg_5: 0.15898437798023224
ndcg_10: 0.2005583494901657
ndcg_20: 0.24229933321475983
hit_1: 0.07430450626610968
hit_5: 0.2421118122833526
hit_10: 0.3720558172606879
hit_20: 0.5461292329570705
ap: 0.17175628244876862
no increase in recent 4 iters
#########################################################
################## epoch 53 ###########################
loss: 426.8571, len_train_loader:198
modified_target in every batch:50.803
modified_hist in every batch :461.202
########## current_metrics ##########
ndcg_1: 0.06946049240067549
ndcg_5: 0.1487397998571396
ndcg_10: 0.1867973953485489
ndcg_20: 0.22683390974998474
hit_1: 0.06946049240067549
hit_5: 0.22682428228601903
hit_10: 0.34490267531774954
hit_20: 0.5041329659585815
ap: 0.16185827553272247
########## best_metrics ##########
ndcg_1: 0.07430450626610968
ndcg_5: 0.15898437798023224
ndcg_10: 0.2005583494901657
ndcg_20: 0.24229933321475983
hit_1: 0.07430450626610968
hit_5: 0.2421118122833526
hit_10: 0.3720558172606879
hit_20: 0.5461292329570705
ap: 0.17175628244876862
no increase in recent 5 iters
#########################################################
################## epoch 54 ###########################
loss: 424.254, len_train_loader:198
modified_target in every batch:50.803
modified_hist in every batch :463.3586
########## current_metrics ##########
ndcg_1: 0.068482801528753
ndcg_5: 0.14634302258491516
ndcg_10: 0.18512023985385895
ndcg_20: 0.22436341643333435
hit_1: 0.068482801528753
hit_5: 0.22264687583325926
hit_10: 0.3429917340680828
hit_20: 0.499244511598969
ap: 0.16017714142799377
########## best_metrics ##########
ndcg_1: 0.07430450626610968
ndcg_5: 0.15898437798023224
ndcg_10: 0.2005583494901657
ndcg_20: 0.24229933321475983
hit_1: 0.07430450626610968
hit_5: 0.2421118122833526
hit_10: 0.3720558172606879
hit_20: 0.5461292329570705
ap: 0.17175628244876862
no increase in recent 6 iters
#########################################################
################## epoch 55 ###########################
loss: 424.1739, len_train_loader:198
modified_target in every batch:50.803
modified_hist in every batch :462.1364
########## current_metrics ##########
ndcg_1: 0.06892720647053595
ndcg_5: 0.14844956994056702
ndcg_10: 0.18666400015354156
ndcg_20: 0.2259509265422821
hit_1: 0.06892720647053595
hit_5: 0.22677984179184071
hit_10: 0.34588036618967205
hit_20: 0.5022220247089147
ap: 0.16125114262104034
########## best_metrics ##########
ndcg_1: 0.07430450626610968
ndcg_5: 0.15898437798023224
ndcg_10: 0.2005583494901657
ndcg_20: 0.24229933321475983
hit_1: 0.07430450626610968
hit_5: 0.2421118122833526
hit_10: 0.3720558172606879
hit_20: 0.5461292329570705
ap: 0.17175628244876862
no increase in recent 7 iters
#########################################################
################## epoch 56 ###########################
loss: 424.02, len_train_loader:198
modified_target in every batch:50.803
modified_hist in every batch :464.1061
########## current_metrics ##########
ndcg_1: 0.07177139809794685
ndcg_5: 0.1570373922586441
ndcg_10: 0.1952527016401291
ndcg_20: 0.2366265207529068
hit_1: 0.07177139809794685
hit_5: 0.2401564305395076
hit_10: 0.3589903119722691
hit_20: 0.5234645809261399
ap: 0.1683785319328308
########## best_metrics ##########
ndcg_1: 0.07430450626610968
ndcg_5: 0.15898437798023224
ndcg_10: 0.2005583494901657
ndcg_20: 0.24229933321475983
hit_1: 0.07430450626610968
hit_5: 0.2421118122833526
hit_10: 0.3720558172606879
hit_20: 0.5461292329570705
ap: 0.17175628244876862
no increase in recent 8 iters
#########################################################
################## epoch 57 ###########################
loss: 421.7247, len_train_loader:198
modified_target in every batch:50.803
modified_hist in every batch :464.404
########## current_metrics ##########
ndcg_1: 0.0685272420229313
ndcg_5: 0.1474877893924713
ndcg_10: 0.18595285713672638
ndcg_20: 0.2253471314907074
hit_1: 0.0685272420229313
hit_5: 0.22495778153053061
hit_10: 0.3444582703759666
hit_20: 0.5011110123544574
ap: 0.1607738882303238
########## best_metrics ##########
ndcg_1: 0.07430450626610968
ndcg_5: 0.15898437798023224
ndcg_10: 0.2005583494901657
ndcg_20: 0.24229933321475983
hit_1: 0.07430450626610968
hit_5: 0.2421118122833526
hit_10: 0.3720558172606879
hit_20: 0.5461292329570705
ap: 0.17175628244876862
no increase in recent 9 iters
#########################################################
################## epoch 58 ###########################
loss: 420.9913, len_train_loader:198
modified_target in every batch:50.803
modified_hist in every batch :462.4848
########## current_metrics ##########
ndcg_1: 0.06857168251710959
ndcg_5: 0.1491897702217102
ndcg_10: 0.18702219426631927
ndcg_20: 0.22688403725624084
hit_1: 0.06857168251710959
hit_5: 0.22762421118122833
hit_10: 0.3451693182828193
hit_20: 0.5042218469469381
ap: 0.16178235411643982
########## best_metrics ##########
ndcg_1: 0.07430450626610968
ndcg_5: 0.15898437798023224
ndcg_10: 0.2005583494901657
ndcg_20: 0.24229933321475983
hit_1: 0.07430450626610968
hit_5: 0.2421118122833526
hit_10: 0.3720558172606879
hit_20: 0.5461292329570705
ap: 0.17175628244876862
no increase in recent 10 iters
#########################################################
################## epoch 59 ###########################
loss: 418.6845, len_train_loader:198
modified_target in every batch:50.803
modified_hist in every batch :462.5859
########## current_metrics ##########
ndcg_1: 0.06794951559861345
ndcg_5: 0.1477668732404709
ndcg_10: 0.18683816492557526
ndcg_20: 0.22605785727500916
hit_1: 0.06794951559861345
hit_5: 0.22544662696649187
hit_10: 0.347080259532486
hit_20: 0.5029775131099458
ap: 0.16112083196640015
########## best_metrics ##########
ndcg_1: 0.07430450626610968
ndcg_5: 0.15898437798023224
ndcg_10: 0.2005583494901657
ndcg_20: 0.24229933321475983
hit_1: 0.07430450626610968
hit_5: 0.2421118122833526
hit_10: 0.3720558172606879
hit_20: 0.5461292329570705
ap: 0.17175628244876862
no increase in recent 11 iters
#########################################################
################## epoch 60 ###########################
loss: 420.0305, len_train_loader:198
modified_target in every batch:50.803
modified_hist in every batch :463.6313
########## current_metrics ##########
ndcg_1: 0.07332681539418719
ndcg_5: 0.15489354729652405
ndcg_10: 0.19386179745197296
ndcg_20: 0.23415373265743256
hit_1: 0.07332681539418719
hit_5: 0.23486801173229047
hit_10: 0.355657274908897
hit_20: 0.5158208159274731
ap: 0.16764262318611145
########## best_metrics ##########
ndcg_1: 0.07430450626610968
ndcg_5: 0.15898437798023224
ndcg_10: 0.2005583494901657
ndcg_20: 0.24229933321475983
hit_1: 0.07430450626610968
hit_5: 0.2421118122833526
hit_10: 0.3720558172606879
hit_20: 0.5461292329570705
ap: 0.17175628244876862
no increase in recent 12 iters
#########################################################
################## epoch 61 ###########################
loss: 418.0889, len_train_loader:198
modified_target in every batch:50.803
modified_hist in every batch :461.3838
########## current_metrics ##########
ndcg_1: 0.0693716114123189
ndcg_5: 0.1519734412431717
ndcg_10: 0.18875783681869507
ndcg_20: 0.22875459492206573
hit_1: 0.0693716114123189
hit_5: 0.23313483245933694
hit_10: 0.3473469024975558
hit_20: 0.5063994311616745
ap: 0.16351164877414703
########## best_metrics ##########
ndcg_1: 0.07430450626610968
ndcg_5: 0.15898437798023224
ndcg_10: 0.2005583494901657
ndcg_20: 0.24229933321475983
hit_1: 0.07430450626610968
hit_5: 0.2421118122833526
hit_10: 0.3720558172606879
hit_20: 0.5461292329570705
ap: 0.17175628244876862
no increase in recent 13 iters
#########################################################
################## epoch 62 ###########################
loss: 403.5705, len_train_loader:198
modified_target in every batch:50.803
modified_hist in every batch :464.2879
########## current_metrics ##########
ndcg_1: 0.06861612301128789
ndcg_5: 0.14558133482933044
ndcg_10: 0.18283064663410187
ndcg_20: 0.2228095829486847
hit_1: 0.06861612301128789
hit_5: 0.22086925606612745
hit_10: 0.3365923029064083
hit_20: 0.4953781886054573
ap: 0.15940995514392853
########## best_metrics ##########
ndcg_1: 0.07430450626610968
ndcg_5: 0.15898437798023224
ndcg_10: 0.2005583494901657
ndcg_20: 0.24229933321475983
hit_1: 0.07430450626610968
hit_5: 0.2421118122833526
hit_10: 0.3720558172606879
hit_20: 0.5461292329570705
ap: 0.17175628244876862
no increase in recent 14 iters
#########################################################
################## epoch 63 ###########################
loss: 397.4483, len_train_loader:198
modified_target in every batch:50.803
modified_hist in every batch :462.3737
########## current_metrics ##########
ndcg_1: 0.07457114923117945
ndcg_5: 0.15610039234161377
ndcg_10: 0.1935342252254486
ndcg_20: 0.23421084880828857
hit_1: 0.07457114923117945
hit_5: 0.2364678695227091
hit_10: 0.3528130832814861
hit_20: 0.5146209225846592
ap: 0.16815941035747528
########## best_metrics ##########
ndcg_1: 0.07457114923117945
ndcg_5: 0.15898437798023224
ndcg_10: 0.2005583494901657
ndcg_20: 0.24229933321475983
hit_1: 0.07457114923117945
hit_5: 0.2421118122833526
hit_10: 0.3720558172606879
hit_20: 0.5461292329570705
ap: 0.17175628244876862
no increase in recent 0 iters
#########################################################
################## epoch 64 ###########################
loss: 399.1425, len_train_loader:198
modified_target in every batch:50.803
modified_hist in every batch :461.7222
########## current_metrics ##########
ndcg_1: 0.07306017242911741
ndcg_5: 0.1515849232673645
ndcg_10: 0.1905822604894638
ndcg_20: 0.23079459369182587
hit_1: 0.07306017242911741
hit_5: 0.22833525908808106
hit_10: 0.34939116522975733
hit_20: 0.509021420318194
ap: 0.16552448272705078
########## best_metrics ##########
ndcg_1: 0.07457114923117945
ndcg_5: 0.15898437798023224
ndcg_10: 0.2005583494901657
ndcg_20: 0.24229933321475983
hit_1: 0.07457114923117945
hit_5: 0.2421118122833526
hit_10: 0.3720558172606879
hit_20: 0.5461292329570705
ap: 0.17175628244876862
no increase in recent 1 iters
#########################################################
################## epoch 65 ###########################
loss: 399.4254, len_train_loader:198
modified_target in every batch:50.803
modified_hist in every batch :461.702
########## current_metrics ##########
ndcg_1: 0.07017154030752822
ndcg_5: 0.14856816828250885
ndcg_10: 0.18705151975154877
ndcg_20: 0.2267608344554901
hit_1: 0.07017154030752822
hit_5: 0.22478001955381743
hit_10: 0.3444582703759666
hit_20: 0.5025331081681629
ap: 0.16236554086208344
########## best_metrics ##########
ndcg_1: 0.07457114923117945
ndcg_5: 0.15898437798023224
ndcg_10: 0.2005583494901657
ndcg_20: 0.24229933321475983
hit_1: 0.07457114923117945
hit_5: 0.2421118122833526
hit_10: 0.3720558172606879
hit_20: 0.5461292329570705
ap: 0.17175628244876862
no increase in recent 2 iters
#########################################################
################## epoch 66 ###########################
loss: 399.1431, len_train_loader:198
modified_target in every batch:50.803
modified_hist in every batch :461.3788
########## current_metrics ##########
ndcg_1: 0.07003821882499334
ndcg_5: 0.14950376749038696
ndcg_10: 0.1882183998823166
ndcg_20: 0.2278875708580017
hit_1: 0.07003821882499334
hit_5: 0.2280686161230113
hit_10: 0.348591236334548
hit_20: 0.5062216691849614
ap: 0.1625993698835373
########## best_metrics ##########
ndcg_1: 0.07457114923117945
ndcg_5: 0.15898437798023224
ndcg_10: 0.2005583494901657
ndcg_20: 0.24229933321475983
hit_1: 0.07457114923117945
hit_5: 0.2421118122833526
hit_10: 0.3720558172606879
hit_20: 0.5461292329570705
ap: 0.17175628244876862
no increase in recent 3 iters
#########################################################
################## epoch 67 ###########################
loss: 397.3608, len_train_loader:198
modified_target in every batch:50.803
modified_hist in every batch :463.0556
########## current_metrics ##########
ndcg_1: 0.0656386099013421
ndcg_5: 0.14364342391490936
ndcg_10: 0.18068888783454895
ndcg_20: 0.22110390663146973
hit_1: 0.0656386099013421
hit_5: 0.22029152964180962
hit_10: 0.33557017154030755
hit_20: 0.4963114389832015
ap: 0.1570466011762619
########## best_metrics ##########
ndcg_1: 0.07457114923117945
ndcg_5: 0.15898437798023224
ndcg_10: 0.2005583494901657
ndcg_20: 0.24229933321475983
hit_1: 0.07457114923117945
hit_5: 0.2421118122833526
hit_10: 0.3720558172606879
hit_20: 0.5461292329570705
ap: 0.17175628244876862
no increase in recent 4 iters
#########################################################
################## epoch 68 ###########################
loss: 395.8379, len_train_loader:198
modified_target in every batch:50.803
modified_hist in every batch :464.2273
########## current_metrics ##########
ndcg_1: 0.06910496844724913
ndcg_5: 0.1472741812467575
ndcg_10: 0.18348434567451477
ndcg_20: 0.22319428622722626
hit_1: 0.06910496844724913
hit_5: 0.22438005510621278
hit_10: 0.33694782685983465
hit_20: 0.49497822415785264
ap: 0.159944087266922
########## best_metrics ##########
ndcg_1: 0.07457114923117945
ndcg_5: 0.15898437798023224
ndcg_10: 0.2005583494901657
ndcg_20: 0.24229933321475983
hit_1: 0.07457114923117945
hit_5: 0.2421118122833526
hit_10: 0.3720558172606879
hit_20: 0.5461292329570705
ap: 0.17175628244876862
no increase in recent 5 iters
#########################################################
################## epoch 69 ###########################
loss: 396.499, len_train_loader:198
modified_target in every batch:50.803
modified_hist in every batch :463.5657
########## current_metrics ##########
ndcg_1: 0.07008265931917163
ndcg_5: 0.15031398832798004
ndcg_10: 0.18676792085170746
ndcg_20: 0.22630959749221802
hit_1: 0.07008265931917163
hit_5: 0.2288241045240423
hit_10: 0.34205848369033864
hit_20: 0.4991111901164341
ap: 0.162608802318573
########## best_metrics ##########
ndcg_1: 0.07457114923117945
ndcg_5: 0.15898437798023224
ndcg_10: 0.2005583494901657
ndcg_20: 0.24229933321475983
hit_1: 0.07457114923117945
hit_5: 0.2421118122833526
hit_10: 0.3720558172606879
hit_20: 0.5461292329570705
ap: 0.17175628244876862
no increase in recent 6 iters
#########################################################
################## epoch 70 ###########################
loss: 396.6363, len_train_loader:198
modified_target in every batch:50.803
modified_hist in every batch :462.2273
########## current_metrics ##########
ndcg_1: 0.07190471958048174
ndcg_5: 0.15096569061279297
ndcg_10: 0.1888621598482132
ndcg_20: 0.22877031564712524
hit_1: 0.07190471958048174
hit_5: 0.22837969958225934
hit_10: 0.3462358901430984
hit_20: 0.5050662163363256
ap: 0.1640971302986145
########## best_metrics ##########
ndcg_1: 0.07457114923117945
ndcg_5: 0.15898437798023224
ndcg_10: 0.2005583494901657
ndcg_20: 0.24229933321475983
hit_1: 0.07457114923117945
hit_5: 0.2421118122833526
hit_10: 0.3720558172606879
hit_20: 0.5461292329570705
ap: 0.17175628244876862
no increase in recent 7 iters
#########################################################
################## epoch 71 ###########################
loss: 394.4352, len_train_loader:198
modified_target in every batch:50.803
modified_hist in every batch :464.1919
########## current_metrics ##########
ndcg_1: 0.07106035019109412
ndcg_5: 0.14864668250083923
ndcg_10: 0.18644994497299194
ndcg_20: 0.226926788687706
hit_1: 0.07106035019109412
hit_5: 0.22482446004799572
hit_10: 0.3424584481379433
hit_20: 0.5031997155808372
ap: 0.16237817704677582
########## best_metrics ##########
ndcg_1: 0.07457114923117945
ndcg_5: 0.15898437798023224
ndcg_10: 0.2005583494901657
ndcg_20: 0.24229933321475983
hit_1: 0.07457114923117945
hit_5: 0.2421118122833526
hit_10: 0.3720558172606879
hit_20: 0.5461292329570705
ap: 0.17175628244876862
no increase in recent 8 iters
#########################################################
################## epoch 72 ###########################
loss: 393.4518, len_train_loader:198
modified_target in every batch:50.803
modified_hist in every batch :463.3889
########## current_metrics ##########
ndcg_1: 0.06892720647053595
ndcg_5: 0.14790542423725128
ndcg_10: 0.18487484753131866
ndcg_20: 0.22534061968326569
hit_1: 0.06892720647053595
hit_5: 0.2243356146120345
hit_10: 0.33921429206292775
hit_20: 0.500311083459248
ap: 0.16111114621162415
########## best_metrics ##########
ndcg_1: 0.07457114923117945
ndcg_5: 0.15898437798023224
ndcg_10: 0.2005583494901657
ndcg_20: 0.24229933321475983
hit_1: 0.07457114923117945
hit_5: 0.2421118122833526
hit_10: 0.3720558172606879
hit_20: 0.5461292329570705
ap: 0.17175628244876862
no increase in recent 9 iters
#########################################################
################## epoch 73 ###########################
loss: 380.6661, len_train_loader:198
modified_target in every batch:50.803
modified_hist in every batch :460.6162
########## current_metrics ##########
ndcg_1: 0.07181583859212515
ndcg_5: 0.15160849690437317
ndcg_10: 0.18920056521892548
ndcg_20: 0.22897584736347198
hit_1: 0.07181583859212515
hit_5: 0.23042396231446094
hit_10: 0.34743578348591236
hit_20: 0.5055550617722869
ap: 0.16416239738464355
########## best_metrics ##########
ndcg_1: 0.07457114923117945
ndcg_5: 0.15898437798023224
ndcg_10: 0.2005583494901657
ndcg_20: 0.24229933321475983
hit_1: 0.07457114923117945
hit_5: 0.2421118122833526
hit_10: 0.3720558172606879
hit_20: 0.5461292329570705
ap: 0.17175628244876862
no increase in recent 10 iters
#########################################################
################## epoch 74 ###########################
loss: 374.6918, len_train_loader:198
modified_target in every batch:50.803
modified_hist in every batch :462.3283
########## current_metrics ##########
ndcg_1: 0.07070482623766776
ndcg_5: 0.1485949605703354
ndcg_10: 0.184957817196846
ndcg_20: 0.22568510472774506
hit_1: 0.07070482623766776
hit_5: 0.22575771042573994
hit_10: 0.3389032086036797
hit_20: 0.5009776908719225
ap: 0.16152267158031464
########## best_metrics ##########
ndcg_1: 0.07457114923117945
ndcg_5: 0.15898437798023224
ndcg_10: 0.2005583494901657
ndcg_20: 0.24229933321475983
hit_1: 0.07457114923117945
hit_5: 0.2421118122833526
hit_10: 0.3720558172606879
hit_20: 0.5461292329570705
ap: 0.17175628244876862
no increase in recent 11 iters
#########################################################
################## epoch 75 ###########################
loss: 375.2343, len_train_loader:198
modified_target in every batch:50.803
modified_hist in every batch :463.0253
########## current_metrics ##########
ndcg_1: 0.07066038574348947
ndcg_5: 0.1486540585756302
ndcg_10: 0.1862572282552719
ndcg_20: 0.22732019424438477
hit_1: 0.07066038574348947
hit_5: 0.22442449560039107
hit_10: 0.3411696738067727
hit_20: 0.5046218113945427
ap: 0.16256393492221832
########## best_metrics ##########
ndcg_1: 0.07457114923117945
ndcg_5: 0.15898437798023224
ndcg_10: 0.2005583494901657
ndcg_20: 0.24229933321475983
hit_1: 0.07457114923117945
hit_5: 0.2421118122833526
hit_10: 0.3720558172606879
hit_20: 0.5461292329570705
ap: 0.17175628244876862
no increase in recent 12 iters
#########################################################
################## epoch 76 ###########################
loss: 376.3425, len_train_loader:198
modified_target in every batch:50.803
modified_hist in every batch :462.0152
########## current_metrics ##########
ndcg_1: 0.07066038574348947
ndcg_5: 0.14903110265731812
ndcg_10: 0.18652957677841187
ndcg_20: 0.2264435589313507
hit_1: 0.07066038574348947
hit_5: 0.22553550795484845
hit_10: 0.3422362456670518
hit_20: 0.5009776908719225
ap: 0.16232995688915253
########## best_metrics ##########
ndcg_1: 0.07457114923117945
ndcg_5: 0.15898437798023224
ndcg_10: 0.2005583494901657
ndcg_20: 0.24229933321475983
hit_1: 0.07457114923117945
hit_5: 0.2421118122833526
hit_10: 0.3720558172606879
hit_20: 0.5461292329570705
ap: 0.17175628244876862
no increase in recent 13 iters
#########################################################
################## epoch 77 ###########################
loss: 376.864, len_train_loader:198
modified_target in every batch:50.803
modified_hist in every batch :461.8838
########## current_metrics ##########
ndcg_1: 0.06874944449382277
ndcg_5: 0.14902763068675995
ndcg_10: 0.18677937984466553
ndcg_20: 0.22751210629940033
hit_1: 0.06874944449382277
hit_5: 0.22731312772198026
hit_10: 0.34459159185850147
hit_20: 0.5067105146209225
ap: 0.16203895211219788
########## best_metrics ##########
ndcg_1: 0.07457114923117945
ndcg_5: 0.15898437798023224
ndcg_10: 0.2005583494901657
ndcg_20: 0.24229933321475983
hit_1: 0.07457114923117945
hit_5: 0.2421118122833526
hit_10: 0.3720558172606879
hit_20: 0.5461292329570705
ap: 0.17175628244876862
no increase in recent 14 iters
#########################################################
################## epoch 78 ###########################
loss: 376.5253, len_train_loader:198
modified_target in every batch:50.803
modified_hist in every batch :463.8636
########## current_metrics ##########
ndcg_1: 0.0712825526619856
ndcg_5: 0.15193603932857513
ndcg_10: 0.18997445702552795
ndcg_20: 0.22961756587028503
hit_1: 0.0712825526619856
hit_5: 0.23162385565727492
hit_10: 0.34948004621811396
hit_20: 0.507066038574349
ap: 0.16449376940727234
########## best_metrics ##########
ndcg_1: 0.07457114923117945
ndcg_5: 0.15898437798023224
ndcg_10: 0.2005583494901657
ndcg_20: 0.24229933321475983
hit_1: 0.07457114923117945
hit_5: 0.2421118122833526
hit_10: 0.3720558172606879
hit_20: 0.5461292329570705
ap: 0.17175628244876862
no increase in recent 15 iters
#########################################################
################## epoch 79 ###########################
loss: 374.818, len_train_loader:198
modified_target in every batch:50.803
modified_hist in every batch :464.2727
########## current_metrics ##########
ndcg_1: 0.07066038574348947
ndcg_5: 0.1509559005498886
ndcg_10: 0.1883268505334854
ndcg_20: 0.22853198647499084
hit_1: 0.07066038574348947
hit_5: 0.2298462358901431
hit_10: 0.3461025686605635
hit_20: 0.5060883477024265
ap: 0.1634383499622345
########## best_metrics ##########
ndcg_1: 0.07457114923117945
ndcg_5: 0.15898437798023224
ndcg_10: 0.2005583494901657
ndcg_20: 0.24229933321475983
hit_1: 0.07457114923117945
hit_5: 0.2421118122833526
hit_10: 0.3720558172606879
hit_20: 0.5461292329570705
ap: 0.17175628244876862
no increase in recent 16 iters
#########################################################
################## epoch 80 ###########################
loss: 375.9633, len_train_loader:198
modified_target in every batch:50.803
modified_hist in every batch :463.4697
########## current_metrics ##########
ndcg_1: 0.07239356501644298
ndcg_5: 0.1526729017496109
ndcg_10: 0.19036865234375
ndcg_20: 0.23130053281784058
hit_1: 0.07239356501644298
hit_5: 0.23126833170384856
hit_10: 0.34845791485201316
hit_20: 0.511287885521287
ap: 0.16549478471279144
########## best_metrics ##########
ndcg_1: 0.07457114923117945
ndcg_5: 0.15898437798023224
ndcg_10: 0.2005583494901657
ndcg_20: 0.24229933321475983
hit_1: 0.07457114923117945
hit_5: 0.2421118122833526
hit_10: 0.3720558172606879
hit_20: 0.5461292329570705
ap: 0.17175628244876862
no increase in recent 17 iters
#########################################################
################## epoch 81 ###########################
loss: 374.8621, len_train_loader:198
modified_target in every batch:50.803
modified_hist in every batch :461.404
########## current_metrics ##########
ndcg_1: 0.07017154030752822
ndcg_5: 0.15194007754325867
ndcg_10: 0.18854601681232452
ndcg_20: 0.2289101481437683
hit_1: 0.07017154030752822
hit_5: 0.23211270109323615
hit_10: 0.3460581281663852
hit_20: 0.5067105146209225
ap: 0.16369207203388214
########## best_metrics ##########
ndcg_1: 0.07457114923117945
ndcg_5: 0.15898437798023224
ndcg_10: 0.2005583494901657
ndcg_20: 0.24229933321475983
hit_1: 0.07457114923117945
hit_5: 0.2421118122833526
hit_10: 0.3720558172606879
hit_20: 0.5461292329570705
ap: 0.17175628244876862
no increase in recent 18 iters
#########################################################
################## epoch 82 ###########################
loss: 375.048, len_train_loader:198
modified_target in every batch:50.803
modified_hist in every batch :463.5404
########## current_metrics ##########
ndcg_1: 0.07350457737090037
ndcg_5: 0.15105167031288147
ndcg_10: 0.1886773258447647
ndcg_20: 0.22886189818382263
hit_1: 0.07350457737090037
hit_5: 0.22749088969869344
hit_10: 0.3445027108701449
hit_20: 0.5046218113945427
ap: 0.16442912817001343
########## best_metrics ##########
ndcg_1: 0.07457114923117945
ndcg_5: 0.15898437798023224
ndcg_10: 0.2005583494901657
ndcg_20: 0.24229933321475983
hit_1: 0.07457114923117945
hit_5: 0.2421118122833526
hit_10: 0.3720558172606879
hit_20: 0.5461292329570705
ap: 0.17175628244876862
no increase in recent 19 iters
#########################################################
################## epoch 83 ###########################
loss: 373.8346, len_train_loader:198
modified_target in every batch:50.803
modified_hist in every batch :462.5808
########## current_metrics ##########
ndcg_1: 0.07208248155719492
ndcg_5: 0.14942976832389832
ndcg_10: 0.18598729372024536
ndcg_20: 0.225494384765625
hit_1: 0.07208248155719492
hit_5: 0.2252244244956004
hit_10: 0.3388587681095014
hit_20: 0.4962669984890232
ap: 0.16253402829170227
########## best_metrics ##########
ndcg_1: 0.07457114923117945
ndcg_5: 0.15898437798023224
ndcg_10: 0.2005583494901657
ndcg_20: 0.24229933321475983
hit_1: 0.07457114923117945
hit_5: 0.2421118122833526
hit_10: 0.3720558172606879
hit_20: 0.5461292329570705
ap: 0.17175628244876862
no increase in recent 20 iters
#########################################################
################## epoch 84 ###########################
loss: 361.1754, len_train_loader:198
modified_target in every batch:50.803
modified_hist in every batch :463.7121
########## current_metrics ##########
ndcg_1: 0.07168251710959025
ndcg_5: 0.1521303951740265
ndcg_10: 0.18915976583957672
ndcg_20: 0.22947736084461212
hit_1: 0.07168251710959025
hit_5: 0.23104612923295706
hit_10: 0.3463692116256333
hit_20: 0.5068438361034575
ap: 0.16440865397453308
########## best_metrics ##########
ndcg_1: 0.07457114923117945
ndcg_5: 0.15898437798023224
ndcg_10: 0.2005583494901657
ndcg_20: 0.24229933321475983
hit_1: 0.07457114923117945
hit_5: 0.2421118122833526
hit_10: 0.3720558172606879
hit_20: 0.5461292329570705
ap: 0.17175628244876862
no increase in recent 21 iters
#########################################################
################## epoch 85 ###########################
loss: 358.0983, len_train_loader:198
modified_target in every batch:50.803
modified_hist in every batch :461.7828
########## current_metrics ##########
ndcg_1: 0.07154919562705538
ndcg_5: 0.14997214078903198
ndcg_10: 0.18739627301692963
ndcg_20: 0.2267964631319046
hit_1: 0.07154919562705538
hit_5: 0.2270464847569105
hit_10: 0.3433916985156875
hit_20: 0.5001777619767132
ap: 0.16299006342887878
########## best_metrics ##########
ndcg_1: 0.07457114923117945
ndcg_5: 0.15898437798023224
ndcg_10: 0.2005583494901657
ndcg_20: 0.24229933321475983
hit_1: 0.07457114923117945
hit_5: 0.2421118122833526
hit_10: 0.3720558172606879
hit_20: 0.5461292329570705
ap: 0.17175628244876862
no increase in recent 22 iters
#########################################################
################## epoch 86 ###########################
loss: 358.2323, len_train_loader:198
modified_target in every batch:50.803
modified_hist in every batch :462.8333
########## current_metrics ##########
ndcg_1: 0.06843836103457471
ndcg_5: 0.14701204001903534
ndcg_10: 0.18327683210372925
ndcg_20: 0.22240601480007172
hit_1: 0.06843836103457471
hit_5: 0.224113412141143
hit_10: 0.3367256243889432
hit_20: 0.4924451159896898
ap: 0.1596875786781311
########## best_metrics ##########
ndcg_1: 0.07457114923117945
ndcg_5: 0.15898437798023224
ndcg_10: 0.2005583494901657
ndcg_20: 0.24229933321475983
hit_1: 0.07457114923117945
hit_5: 0.2421118122833526
hit_10: 0.3720558172606879
hit_20: 0.5461292329570705
ap: 0.17175628244876862
no increase in recent 23 iters
#########################################################
################## epoch 87 ###########################
loss: 358.2392, len_train_loader:198
modified_target in every batch:50.803
modified_hist in every batch :460.2374
########## current_metrics ##########
ndcg_1: 0.07203804106301662
ndcg_5: 0.15122760832309723
ndcg_10: 0.18722304701805115
ndcg_20: 0.22711879014968872
hit_1: 0.07203804106301662
hit_5: 0.22851302106479424
hit_10: 0.3401475424406719
hit_20: 0.49884454715136434
ap: 0.1637791097164154
########## best_metrics ##########
ndcg_1: 0.07457114923117945
ndcg_5: 0.15898437798023224
ndcg_10: 0.2005583494901657
ndcg_20: 0.24229933321475983
hit_1: 0.07457114923117945
hit_5: 0.2421118122833526
hit_10: 0.3720558172606879
hit_20: 0.5461292329570705
ap: 0.17175628244876862
no increase in recent 24 iters
#########################################################
################## epoch 88 ###########################
loss: 359.8625, len_train_loader:198
modified_target in every batch:50.803
modified_hist in every batch :462.9697
########## current_metrics ##########
ndcg_1: 0.07052706426095458
ndcg_5: 0.14903031289577484
ndcg_10: 0.1861143559217453
ndcg_20: 0.2260715514421463
hit_1: 0.07052706426095458
hit_5: 0.22553550795484845
hit_10: 0.34103635232423785
hit_20: 0.49986667851746514
ap: 0.16224530339241028
########## best_metrics ##########
ndcg_1: 0.07457114923117945
ndcg_5: 0.15898437798023224
ndcg_10: 0.2005583494901657
ndcg_20: 0.24229933321475983
hit_1: 0.07457114923117945
hit_5: 0.2421118122833526
hit_10: 0.3720558172606879
hit_20: 0.5461292329570705
ap: 0.17175628244876862
no increase in recent 25 iters
#########################################################
################## epoch 89 ###########################
loss: 357.4491, len_train_loader:198
modified_target in every batch:50.803
modified_hist in every batch :463.8788
########## current_metrics ##########
ndcg_1: 0.07292685094658252
ndcg_5: 0.1525408774614334
ndcg_10: 0.18922105431556702
ndcg_20: 0.22911906242370605
hit_1: 0.07292685094658252
hit_5: 0.22949071193671675
hit_10: 0.34379166296329217
hit_20: 0.5023997866856279
ap: 0.16524197161197662
########## best_metrics ##########
ndcg_1: 0.07457114923117945
ndcg_5: 0.15898437798023224
ndcg_10: 0.2005583494901657
ndcg_20: 0.24229933321475983
hit_1: 0.07457114923117945
hit_5: 0.2421118122833526
hit_10: 0.3720558172606879
hit_20: 0.5461292329570705
ap: 0.17175628244876862
no increase in recent 26 iters
#########################################################
################## epoch 90 ###########################
loss: 358.3346, len_train_loader:198
modified_target in every batch:50.803
modified_hist in every batch :461.6818
########## current_metrics ##########
ndcg_1: 0.07154919562705538
ndcg_5: 0.15012383460998535
ndcg_10: 0.1858604997396469
ndcg_20: 0.22580483555793762
hit_1: 0.07154919562705538
hit_5: 0.22686872278019732
hit_10: 0.3378366367434006
hit_20: 0.49680028441916274
ap: 0.16275711357593536
########## best_metrics ##########
ndcg_1: 0.07457114923117945
ndcg_5: 0.15898437798023224
ndcg_10: 0.2005583494901657
ndcg_20: 0.24229933321475983
hit_1: 0.07457114923117945
hit_5: 0.2421118122833526
hit_10: 0.3720558172606879
hit_20: 0.5461292329570705
ap: 0.17175628244876862
no increase in recent 27 iters
#########################################################
################## epoch 91 ###########################
loss: 357.312, len_train_loader:198
modified_target in every batch:50.803
modified_hist in every batch :462.904
########## current_metrics ##########
ndcg_1: 0.0703493022842414
ndcg_5: 0.14695866405963898
ndcg_10: 0.1846240609884262
ndcg_20: 0.22403903305530548
hit_1: 0.0703493022842414
hit_5: 0.2212692205137321
hit_10: 0.338503244156075
hit_20: 0.49520042662874414
ap: 0.16107049584388733
########## best_metrics ##########
ndcg_1: 0.07457114923117945
ndcg_5: 0.15898437798023224
ndcg_10: 0.2005583494901657
ndcg_20: 0.24229933321475983
hit_1: 0.07457114923117945
hit_5: 0.2421118122833526
hit_10: 0.3720558172606879
hit_20: 0.5461292329570705
ap: 0.17175628244876862
no increase in recent 28 iters
#########################################################
################## epoch 92 ###########################
loss: 357.5699, len_train_loader:198
modified_target in every batch:50.803
modified_hist in every batch :464.9495
########## current_metrics ##########
ndcg_1: 0.07061594524931117
ndcg_5: 0.14915478229522705
ndcg_10: 0.18571753799915314
ndcg_20: 0.2248319387435913
hit_1: 0.07061594524931117
hit_5: 0.2259799128966314
hit_10: 0.3396586970047107
hit_20: 0.4950671051462092
ap: 0.1619221568107605
########## best_metrics ##########
ndcg_1: 0.07457114923117945
ndcg_5: 0.15898437798023224
ndcg_10: 0.2005583494901657
ndcg_20: 0.24229933321475983
hit_1: 0.07457114923117945
hit_5: 0.2421118122833526
hit_10: 0.3720558172606879
hit_20: 0.5461292329570705
ap: 0.17175628244876862
no increase in recent 29 iters
#########################################################
################## epoch 93 ###########################
loss: 357.0827, len_train_loader:198
modified_target in every batch:50.803
modified_hist in every batch :462.0455
########## current_metrics ##########
ndcg_1: 0.06897164696471425
ndcg_5: 0.1460697054862976
ndcg_10: 0.18221110105514526
ndcg_20: 0.2221165895462036
hit_1: 0.06897164696471425
hit_5: 0.2215358634788019
hit_10: 0.33379255177317574
hit_20: 0.49240067549551153
ap: 0.1594800502061844
########## best_metrics ##########
ndcg_1: 0.07457114923117945
ndcg_5: 0.15898437798023224
ndcg_10: 0.2005583494901657
ndcg_20: 0.24229933321475983
hit_1: 0.07457114923117945
hit_5: 0.2421118122833526
hit_10: 0.3720558172606879
hit_20: 0.5461292329570705
ap: 0.17175628244876862
no increase in recent 30 iters
#########################################################
################## epoch 94 ###########################
loss: 356.0688, len_train_loader:198
modified_target in every batch:50.803
modified_hist in every batch :463.1061
########## current_metrics ##########
ndcg_1: 0.0694160519064972
ndcg_5: 0.14730703830718994
ndcg_10: 0.18414346873760223
ndcg_20: 0.22296470403671265
hit_1: 0.0694160519064972
hit_5: 0.2234468047284686
hit_10: 0.3381032797084704
hit_20: 0.4925339969780464
ap: 0.16033700108528137
########## best_metrics ##########
ndcg_1: 0.07457114923117945
ndcg_5: 0.15898437798023224
ndcg_10: 0.2005583494901657
ndcg_20: 0.24229933321475983
hit_1: 0.07457114923117945
hit_5: 0.2421118122833526
hit_10: 0.3720558172606879
hit_20: 0.5461292329570705
ap: 0.17175628244876862
no increase in recent 31 iters
#########################################################
################## epoch 95 ###########################
loss: 345.6903, len_train_loader:198
modified_target in every batch:50.803
modified_hist in every batch :460.7828
########## current_metrics ##########
ndcg_1: 0.07043818327259799
ndcg_5: 0.14923281967639923
ndcg_10: 0.18583141267299652
ndcg_20: 0.22565220296382904
hit_1: 0.07043818327259799
hit_5: 0.2269131632743756
hit_10: 0.34081414985334635
hit_20: 0.4992889520931473
ap: 0.16180244088172913
########## best_metrics ##########
ndcg_1: 0.07457114923117945
ndcg_5: 0.15898437798023224
ndcg_10: 0.2005583494901657
ndcg_20: 0.24229933321475983
hit_1: 0.07457114923117945
hit_5: 0.2421118122833526
hit_10: 0.3720558172606879
hit_20: 0.5461292329570705
ap: 0.17175628244876862
no increase in recent 32 iters
#########################################################
################## epoch 96 ###########################
loss: 340.9242, len_train_loader:198
modified_target in every batch:50.803
modified_hist in every batch :461.5505
########## current_metrics ##########
ndcg_1: 0.07163807661541197
ndcg_5: 0.1481008529663086
ndcg_10: 0.18419115245342255
ndcg_20: 0.2230530083179474
hit_1: 0.07163807661541197
hit_5: 0.22313572126922052
hit_10: 0.3357034930228424
hit_20: 0.4904452937516665
ap: 0.16119803488254547
########## best_metrics ##########
ndcg_1: 0.07457114923117945
ndcg_5: 0.15898437798023224
ndcg_10: 0.2005583494901657
ndcg_20: 0.24229933321475983
hit_1: 0.07457114923117945
hit_5: 0.2421118122833526
hit_10: 0.3720558172606879
hit_20: 0.5461292329570705
ap: 0.17175628244876862
no increase in recent 33 iters
#########################################################
################## epoch 97 ###########################
loss: 341.4431, len_train_loader:198
modified_target in every batch:50.803
modified_hist in every batch :463.6061
########## current_metrics ##########
ndcg_1: 0.07021598080170652
ndcg_5: 0.14812228083610535
ndcg_10: 0.18585604429244995
ndcg_20: 0.22434034943580627
hit_1: 0.07021598080170652
hit_5: 0.2234468047284686
hit_10: 0.3406808283708115
hit_20: 0.4937783308150387
ap: 0.16170231997966766
########## best_metrics ##########
ndcg_1: 0.07457114923117945
ndcg_5: 0.15898437798023224
ndcg_10: 0.2005583494901657
ndcg_20: 0.24229933321475983
hit_1: 0.07457114923117945
hit_5: 0.2421118122833526
hit_10: 0.3720558172606879
hit_20: 0.5461292329570705
ap: 0.17175628244876862
no increase in recent 34 iters
#########################################################
################## epoch 98 ###########################
loss: 341.3947, len_train_loader:198
modified_target in every batch:50.803
modified_hist in every batch :462.8939
########## current_metrics ##########
ndcg_1: 0.07079370722602435
ndcg_5: 0.14910756051540375
ndcg_10: 0.18545517325401306
ndcg_20: 0.22478905320167542
hit_1: 0.07079370722602435
hit_5: 0.22580215091991823
hit_10: 0.3388143276153231
hit_20: 0.4955559505821705
ap: 0.16182631254196167
########## best_metrics ##########
ndcg_1: 0.07457114923117945
ndcg_5: 0.15898437798023224
ndcg_10: 0.2005583494901657
ndcg_20: 0.24229933321475983
hit_1: 0.07457114923117945
hit_5: 0.2421118122833526
hit_10: 0.3720558172606879
hit_20: 0.5461292329570705
ap: 0.17175628244876862
no increase in recent 35 iters
#########################################################
################## epoch 99 ###########################
loss: 342.5414, len_train_loader:198
modified_target in every batch:50.803
modified_hist in every batch :462.0354
########## current_metrics ##########
ndcg_1: 0.07132699315616389
ndcg_5: 0.1483086347579956
ndcg_10: 0.18374620378017426
ndcg_20: 0.22385631501674652
hit_1: 0.07132699315616389
hit_5: 0.22446893609456936
hit_10: 0.33454804017420675
hit_20: 0.49391165229757356
ap: 0.16123315691947937
########## best_metrics ##########
ndcg_1: 0.07457114923117945
ndcg_5: 0.15898437798023224
ndcg_10: 0.2005583494901657
ndcg_20: 0.24229933321475983
hit_1: 0.07457114923117945
hit_5: 0.2421118122833526
hit_10: 0.3720558172606879
hit_20: 0.5461292329570705
ap: 0.17175628244876862
no increase in recent 36 iters
#########################################################
################## epoch 100 ###########################
loss: 341.8352, len_train_loader:198
modified_target in every batch:50.803
modified_hist in every batch :464.4848
########## current_metrics ##########
ndcg_1: 0.06968269487156697
ndcg_5: 0.14625760912895203
ndcg_10: 0.1820160299539566
ndcg_20: 0.22161199152469635
hit_1: 0.06968269487156697
hit_5: 0.22193582792640654
hit_10: 0.3332148253488579
hit_20: 0.4907563772109146
ap: 0.15931835770606995
########## best_metrics ##########
ndcg_1: 0.07457114923117945
ndcg_5: 0.15898437798023224
ndcg_10: 0.2005583494901657
ndcg_20: 0.24229933321475983
hit_1: 0.07457114923117945
hit_5: 0.2421118122833526
hit_10: 0.3720558172606879
hit_20: 0.5461292329570705
ap: 0.17175628244876862
no increase in recent 37 iters
#########################################################
model saved at ./datasets/electronics/model/SASRecelectronics-100-model.pkl
################## epoch 101 ###########################
loss: 342.0039, len_train_loader:198
modified_target in every batch:50.803
modified_hist in every batch :461.2677
########## current_metrics ##########
ndcg_1: 0.06977157585992357
ndcg_5: 0.1449144333600998
ndcg_10: 0.18111266195774078
ndcg_20: 0.2202470451593399
hit_1: 0.06977157585992357
hit_5: 0.21815838592125145
hit_10: 0.33099280063994313
hit_20: 0.48697893520575947
ap: 0.15864214301109314
########## best_metrics ##########
ndcg_1: 0.07457114923117945
ndcg_5: 0.15898437798023224
ndcg_10: 0.2005583494901657
ndcg_20: 0.24229933321475983
hit_1: 0.07457114923117945
hit_5: 0.2421118122833526
hit_10: 0.3720558172606879
hit_20: 0.5461292329570705
ap: 0.17175628244876862
no increase in recent 38 iters
#########################################################
################## epoch 102 ###########################
loss: 342.7737, len_train_loader:198
modified_target in every batch:50.803
modified_hist in every batch :464.096
########## current_metrics ##########
ndcg_1: 0.06768287263354368
ndcg_5: 0.14426358044147491
ndcg_10: 0.18087275326251984
ndcg_20: 0.21984918415546417
hit_1: 0.06768287263354368
hit_5: 0.21922495778153053
hit_10: 0.33281486090125323
hit_20: 0.4878233045951471
ap: 0.1579190194606781
########## best_metrics ##########
ndcg_1: 0.07457114923117945
ndcg_5: 0.15898437798023224
ndcg_10: 0.2005583494901657
ndcg_20: 0.24229933321475983
hit_1: 0.07457114923117945
hit_5: 0.2421118122833526
hit_10: 0.3720558172606879
hit_20: 0.5461292329570705
ap: 0.17175628244876862
no increase in recent 39 iters
#########################################################
################## epoch 103 ###########################
loss: 344.047, len_train_loader:198
modified_target in every batch:50.803
modified_hist in every batch :462.3838
########## current_metrics ##########
ndcg_1: 0.07301573193493911
ndcg_5: 0.14902935922145844
ndcg_10: 0.18598639965057373
ndcg_20: 0.22580528259277344
hit_1: 0.07301573193493911
hit_5: 0.22366900719936006
hit_10: 0.3386810061327882
hit_20: 0.4969336059016976
ap: 0.16284045577049255
########## best_metrics ##########
ndcg_1: 0.07457114923117945
ndcg_5: 0.15898437798023224
ndcg_10: 0.2005583494901657
ndcg_20: 0.24229933321475983
hit_1: 0.07457114923117945
hit_5: 0.2421118122833526
hit_10: 0.3720558172606879
hit_20: 0.5461292329570705
ap: 0.17175628244876862
no increase in recent 40 iters
#########################################################
################## epoch 104 ###########################
loss: 341.4621, len_train_loader:198
modified_target in every batch:50.803
modified_hist in every batch :463.7576
########## current_metrics ##########
ndcg_1: 0.068482801528753
ndcg_5: 0.1428748369216919
ndcg_10: 0.1783931851387024
ndcg_20: 0.21889330446720123
hit_1: 0.068482801528753
hit_5: 0.21589192071815838
hit_10: 0.3263709892454004
hit_20: 0.4876011021242556
ap: 0.1569167822599411
########## best_metrics ##########
ndcg_1: 0.07457114923117945
ndcg_5: 0.15898437798023224
ndcg_10: 0.2005583494901657
ndcg_20: 0.24229933321475983
hit_1: 0.07457114923117945
hit_5: 0.2421118122833526
hit_10: 0.3720558172606879
hit_20: 0.5461292329570705
ap: 0.17175628244876862
early stop
#########################################################
