nohup: ignoring input
########## DataInfo ##########
reading seq.dat
numUser:22502
numItem:10649
########## config ##########
thread_num: 4
dataset: electronics
eval_neg_num: 100
train_neg_num: 10
input_len: 5
rec_model: SASRec
train_type: train
save_epochs: [100, 200, 300, 400]
epoch_num: 500
learning_rate: 0.01
train_batch_size: 1024
test_batch_size: 256
drop_ratio: 0.1
decay_factor: 0.9
hidden_size: 50
num_hidden_layers: 1
num_attention_heads: 2
intermediate_size: 100
hidden_act: gelu
hidden_dropout_prob: 0.1
attention_probs_dropout_prob: 0.1
type_vocab_size: 1
initializer_range: 0.1
loss_type: pairwise_sample
weight_decay: 0.01
device: cuda
max_seq_len: 6
layer_size: 1
threshold: 1
noise_ratio: 0.05
candidate_num: 3
high_loss_drop: 0.1
weight_drop: 0.2
encoder_loss: False
user_num: 22502
item_num: 10649
generating train samples
train_size: 201973, time: 1.0585854053497314
abandoned 0(0.0) samples
valid user num: 22502
valid item num: 10648
generating test samples
test_size: 22502, time: 12.26765513420105
abandoned 0(0.0) samples
------------SASREC ENCODER YES------------
============================================================
Start Training
============================================================
################## epoch 0 ###########################
loss: 1440.7082, len_train_loader:198
modified_target in every batch:0.0
modified_hist in every batch :0.0
########## current_metrics ##########
ndcg_1: 0.017287352235356858
ndcg_5: 0.047903094440698624
ndcg_10: 0.06767457723617554
ndcg_20: 0.0966312438249588
hit_1: 0.017287352235356858
hit_5: 0.07861523420140432
hit_10: 0.1405208425917696
hit_20: 0.25619944893787217
ap: 0.06907346844673157
########## best_metrics ##########
ndcg_1: 0.017287352235356858
ndcg_5: 0.047903094440698624
ndcg_10: 0.06767457723617554
ndcg_20: 0.0966312438249588
hit_1: 0.017287352235356858
hit_5: 0.07861523420140432
hit_10: 0.1405208425917696
hit_20: 0.25619944893787217
ap: 0.06907346844673157
no increase in recent 0 iters
#########################################################
################## epoch 1 ###########################
loss: 1415.2843, len_train_loader:198
modified_target in every batch:4.9798
modified_hist in every batch :0.0
########## current_metrics ##########
ndcg_1: 0.00928806328326371
ndcg_5: 0.027364647015929222
ndcg_10: 0.04291412606835365
ndcg_20: 0.06955002248287201
hit_1: 0.00928806328326371
hit_5: 0.0459959114745356
hit_10: 0.09505821704737356
hit_20: 0.2016709625811039
ap: 0.05053849145770073
########## best_metrics ##########
ndcg_1: 0.017287352235356858
ndcg_5: 0.047903094440698624
ndcg_10: 0.06767457723617554
ndcg_20: 0.0966312438249588
hit_1: 0.017287352235356858
hit_5: 0.07861523420140432
hit_10: 0.1405208425917696
hit_20: 0.25619944893787217
ap: 0.06907346844673157
no increase in recent 1 iters
#########################################################
################## epoch 2 ###########################
loss: 1411.3864, len_train_loader:198
modified_target in every batch:9.9596
modified_hist in every batch :0.0
########## current_metrics ##########
ndcg_1: 0.01106568305039552
ndcg_5: 0.041568439453840256
ndcg_10: 0.06574403494596481
ndcg_20: 0.10000940412282944
hit_1: 0.01106568305039552
hit_5: 0.07474891120789263
hit_10: 0.15047551328770775
hit_20: 0.28748555683939203
ap: 0.06558100134134293
########## best_metrics ##########
ndcg_1: 0.017287352235356858
ndcg_5: 0.047903094440698624
ndcg_10: 0.06767457723617554
ndcg_20: 0.10000940412282944
hit_1: 0.017287352235356858
hit_5: 0.07861523420140432
hit_10: 0.15047551328770775
hit_20: 0.28748555683939203
ap: 0.06907346844673157
no increase in recent 0 iters
#########################################################
################## epoch 3 ###########################
loss: 1258.6178, len_train_loader:198
modified_target in every batch:15.9343
modified_hist in every batch :0.0
########## current_metrics ##########
ndcg_1: 0.019287174473380145
ndcg_5: 0.056646522134542465
ndcg_10: 0.08551234006881714
ndcg_20: 0.12331318110227585
hit_1: 0.019287174473380145
hit_5: 0.09608034841347436
hit_10: 0.18598346813616567
hit_20: 0.3366811838947649
ap: 0.08157331496477127
########## best_metrics ##########
ndcg_1: 0.019287174473380145
ndcg_5: 0.056646522134542465
ndcg_10: 0.08551234006881714
ndcg_20: 0.12331318110227585
hit_1: 0.019287174473380145
hit_5: 0.09608034841347436
hit_10: 0.18598346813616567
hit_20: 0.3366811838947649
ap: 0.08157331496477127
no increase in recent 0 iters
#########################################################
################## epoch 4 ###########################
loss: 1106.4828, len_train_loader:198
modified_target in every batch:20.9192
modified_hist in every batch :0.0
########## current_metrics ##########
ndcg_1: 0.024175628832992624
ndcg_5: 0.0739830955862999
ndcg_10: 0.10735851526260376
ndcg_20: 0.1500755101442337
hit_1: 0.024175628832992624
hit_5: 0.12629988445471513
hit_10: 0.23060172429117412
hit_20: 0.40080881699404497
ap: 0.0968218520283699
########## best_metrics ##########
ndcg_1: 0.024175628832992624
ndcg_5: 0.0739830955862999
ndcg_10: 0.10735851526260376
ndcg_20: 0.1500755101442337
hit_1: 0.024175628832992624
hit_5: 0.12629988445471513
hit_10: 0.23060172429117412
hit_20: 0.40080881699404497
ap: 0.0968218520283699
no increase in recent 0 iters
#########################################################
################## epoch 5 ###########################
loss: 1013.4086, len_train_loader:198
modified_target in every batch:25.899
modified_hist in every batch :0.0
########## current_metrics ##########
ndcg_1: 0.037685539063194384
ndcg_5: 0.09973177313804626
ndcg_10: 0.13861195743083954
ndcg_20: 0.1821098029613495
hit_1: 0.037685539063194384
hit_5: 0.16269664918673896
hit_10: 0.28397475779930675
hit_20: 0.4570260421295885
ap: 0.12044285237789154
########## best_metrics ##########
ndcg_1: 0.037685539063194384
ndcg_5: 0.09973177313804626
ndcg_10: 0.13861195743083954
ndcg_20: 0.1821098029613495
hit_1: 0.037685539063194384
hit_5: 0.16269664918673896
hit_10: 0.28397475779930675
hit_20: 0.4570260421295885
ap: 0.12044285237789154
no increase in recent 0 iters
#########################################################
################## epoch 6 ###########################
loss: 928.2963, len_train_loader:198
modified_target in every batch:31.8737
modified_hist in every batch :0.0
########## current_metrics ##########
ndcg_1: 0.0469291618522798
ndcg_5: 0.11952491849660873
ndcg_10: 0.158939391374588
ndcg_20: 0.2032964527606964
hit_1: 0.0469291618522798
hit_5: 0.19344947115811928
hit_10: 0.3160607945960359
hit_20: 0.4924451159896898
ap: 0.13649334013462067
########## best_metrics ##########
ndcg_1: 0.0469291618522798
ndcg_5: 0.11952491849660873
ndcg_10: 0.158939391374588
ndcg_20: 0.2032964527606964
hit_1: 0.0469291618522798
hit_5: 0.19344947115811928
hit_10: 0.3160607945960359
hit_20: 0.4924451159896898
ap: 0.13649334013462067
no increase in recent 0 iters
#########################################################
################## epoch 7 ###########################
loss: 875.9552, len_train_loader:198
modified_target in every batch:36.8586
modified_hist in every batch :0.0
########## current_metrics ##########
ndcg_1: 0.04999555595058217
ndcg_5: 0.12315896153450012
ndcg_10: 0.16582676768302917
ndcg_20: 0.21123723685741425
hit_1: 0.04999555595058217
hit_5: 0.19744911563416584
hit_10: 0.3305483956981602
hit_20: 0.5110212425562172
ap: 0.1411067247390747
########## best_metrics ##########
ndcg_1: 0.04999555595058217
ndcg_5: 0.12315896153450012
ndcg_10: 0.16582676768302917
ndcg_20: 0.21123723685741425
hit_1: 0.04999555595058217
hit_5: 0.19744911563416584
hit_10: 0.3305483956981602
hit_20: 0.5110212425562172
ap: 0.1411067247390747
no increase in recent 0 iters
#########################################################
################## epoch 8 ###########################
loss: 837.4852, len_train_loader:198
modified_target in every batch:42.8333
modified_hist in every batch :0.0
########## current_metrics ##########
ndcg_1: 0.05421740289752022
ndcg_5: 0.13163289427757263
ndcg_10: 0.17306962609291077
ndcg_20: 0.21703839302062988
hit_1: 0.05421740289752022
hit_5: 0.20882588214380943
hit_10: 0.33739223180161765
hit_20: 0.5120878144164963
ap: 0.14781910181045532
########## best_metrics ##########
ndcg_1: 0.05421740289752022
ndcg_5: 0.13163289427757263
ndcg_10: 0.17306962609291077
ndcg_20: 0.21703839302062988
hit_1: 0.05421740289752022
hit_5: 0.20882588214380943
hit_10: 0.33739223180161765
hit_20: 0.5120878144164963
ap: 0.14781910181045532
no increase in recent 0 iters
#########################################################
################## epoch 9 ###########################
loss: 807.6127, len_train_loader:198
modified_target in every batch:47.8131
modified_hist in every batch :0.0
########## current_metrics ##########
ndcg_1: 0.058039285396853615
ndcg_5: 0.13931113481521606
ndcg_10: 0.18177300691604614
ndcg_20: 0.22611261904239655
hit_1: 0.058039285396853615
hit_5: 0.22109145853701892
hit_10: 0.35294640476402095
hit_20: 0.5290640831926051
ap: 0.15414182841777802
########## best_metrics ##########
ndcg_1: 0.058039285396853615
ndcg_5: 0.13931113481521606
ndcg_10: 0.18177300691604614
ndcg_20: 0.22611261904239655
hit_1: 0.058039285396853615
hit_5: 0.22109145853701892
hit_10: 0.35294640476402095
hit_20: 0.5290640831926051
ap: 0.15414182841777802
no increase in recent 0 iters
#########################################################
################## epoch 10 ###########################
loss: 782.4268, len_train_loader:198
modified_target in every batch:52.7929
modified_hist in every batch :0.0
########## current_metrics ##########
ndcg_1: 0.057861523420140434
ndcg_5: 0.13387325406074524
ndcg_10: 0.17514070868492126
ndcg_20: 0.2180815041065216
hit_1: 0.057861523420140434
hit_5: 0.2101590969691583
hit_10: 0.3385476846502533
hit_20: 0.5092436227890854
ap: 0.14982888102531433
########## best_metrics ##########
ndcg_1: 0.058039285396853615
ndcg_5: 0.13931113481521606
ndcg_10: 0.18177300691604614
ndcg_20: 0.22611261904239655
hit_1: 0.058039285396853615
hit_5: 0.22109145853701892
hit_10: 0.35294640476402095
hit_20: 0.5290640831926051
ap: 0.15414182841777802
no increase in recent 1 iters
#########################################################
################## epoch 11 ###########################
loss: 760.8343, len_train_loader:198
modified_target in every batch:58.7727
modified_hist in every batch :0.0
########## current_metrics ##########
ndcg_1: 0.05746155897253578
ndcg_5: 0.13960041105747223
ndcg_10: 0.18042747676372528
ndcg_20: 0.2225874364376068
hit_1: 0.05746155897253578
hit_5: 0.22206914940894143
hit_10: 0.34903564127633097
hit_20: 0.5166207448226824
ap: 0.15310882031917572
########## best_metrics ##########
ndcg_1: 0.058039285396853615
ndcg_5: 0.13960041105747223
ndcg_10: 0.18177300691604614
ndcg_20: 0.22611261904239655
hit_1: 0.058039285396853615
hit_5: 0.22206914940894143
hit_10: 0.35294640476402095
hit_20: 0.5290640831926051
ap: 0.15414182841777802
no increase in recent 0 iters
#########################################################
################## epoch 12 ###########################
loss: 734.8168, len_train_loader:198
modified_target in every batch:63.7525
modified_hist in every batch :0.0
########## current_metrics ##########
ndcg_1: 0.06119456048351258
ndcg_5: 0.14409410953521729
ndcg_10: 0.18548381328582764
ndcg_20: 0.22773826122283936
hit_1: 0.06119456048351258
hit_5: 0.22682428228601903
hit_10: 0.3553461914496489
hit_20: 0.5233756999377833
ap: 0.1576099842786789
########## best_metrics ##########
ndcg_1: 0.06119456048351258
ndcg_5: 0.14409410953521729
ndcg_10: 0.18548381328582764
ndcg_20: 0.22773826122283936
hit_1: 0.06119456048351258
hit_5: 0.22682428228601903
hit_10: 0.3553461914496489
hit_20: 0.5290640831926051
ap: 0.1576099842786789
no increase in recent 0 iters
#########################################################
################## epoch 13 ###########################
loss: 714.6674, len_train_loader:198
modified_target in every batch:69.7273
modified_hist in every batch :0.0
########## current_metrics ##########
ndcg_1: 0.06159452493111724
ndcg_5: 0.14161157608032227
ndcg_10: 0.18291442096233368
ndcg_20: 0.22536548972129822
hit_1: 0.06159452493111724
hit_5: 0.22100257754866234
hit_10: 0.3492134032530442
hit_20: 0.517909519153853
ap: 0.1562875658273697
########## best_metrics ##########
ndcg_1: 0.06159452493111724
ndcg_5: 0.14409410953521729
ndcg_10: 0.18548381328582764
ndcg_20: 0.22773826122283936
hit_1: 0.06159452493111724
hit_5: 0.22682428228601903
hit_10: 0.3553461914496489
hit_20: 0.5290640831926051
ap: 0.1576099842786789
no increase in recent 0 iters
#########################################################
################## epoch 14 ###########################
loss: 697.3154, len_train_loader:198
modified_target in every batch:74.7121
modified_hist in every batch :0.0
########## current_metrics ##########
ndcg_1: 0.060483512576659855
ndcg_5: 0.14347730576992035
ndcg_10: 0.1842566281557083
ndcg_20: 0.22677358984947205
hit_1: 0.060483512576659855
hit_5: 0.22642431783841435
hit_10: 0.3530352857523776
hit_20: 0.5221758065949693
ap: 0.15660348534584045
########## best_metrics ##########
ndcg_1: 0.06159452493111724
ndcg_5: 0.14409410953521729
ndcg_10: 0.18548381328582764
ndcg_20: 0.22773826122283936
hit_1: 0.06159452493111724
hit_5: 0.22682428228601903
hit_10: 0.3553461914496489
hit_20: 0.5290640831926051
ap: 0.1576099842786789
no increase in recent 1 iters
#########################################################
################## epoch 15 ###########################
loss: 682.2041, len_train_loader:198
modified_target in every batch:79.6919
modified_hist in every batch :0.0
########## current_metrics ##########
ndcg_1: 0.056350546618078395
ndcg_5: 0.1391899436712265
ndcg_10: 0.17937394976615906
ndcg_20: 0.2217874675989151
hit_1: 0.056350546618078395
hit_5: 0.22144698249044528
hit_10: 0.346324771131455
hit_20: 0.5152875299973335
ap: 0.15234895050525665
########## best_metrics ##########
ndcg_1: 0.06159452493111724
ndcg_5: 0.14409410953521729
ndcg_10: 0.18548381328582764
ndcg_20: 0.22773826122283936
hit_1: 0.06159452493111724
hit_5: 0.22682428228601903
hit_10: 0.3553461914496489
hit_20: 0.5290640831926051
ap: 0.1576099842786789
no increase in recent 2 iters
#########################################################
################## epoch 16 ###########################
loss: 665.4165, len_train_loader:198
modified_target in every batch:85.6667
modified_hist in every batch :0.0
########## current_metrics ##########
ndcg_1: 0.062083370367078484
ndcg_5: 0.14435532689094543
ndcg_10: 0.1849367320537567
ndcg_20: 0.2274324893951416
hit_1: 0.062083370367078484
hit_5: 0.2261132343791663
hit_10: 0.35227979735134657
hit_20: 0.520620389298729
ap: 0.1578361690044403
########## best_metrics ##########
ndcg_1: 0.062083370367078484
ndcg_5: 0.14435532689094543
ndcg_10: 0.18548381328582764
ndcg_20: 0.22773826122283936
hit_1: 0.062083370367078484
hit_5: 0.22682428228601903
hit_10: 0.3553461914496489
hit_20: 0.5290640831926051
ap: 0.1578361690044403
no increase in recent 0 iters
#########################################################
################## epoch 17 ###########################
loss: 651.0178, len_train_loader:198
modified_target in every batch:90.6465
modified_hist in every batch :0.0
########## current_metrics ##########
ndcg_1: 0.06172784641365212
ndcg_5: 0.13800421357154846
ndcg_10: 0.17738880217075348
ndcg_20: 0.21832802891731262
hit_1: 0.06172784641365212
hit_5: 0.21438094391609636
hit_10: 0.33694782685983465
hit_20: 0.49960003555239535
ap: 0.15261691808700562
########## best_metrics ##########
ndcg_1: 0.062083370367078484
ndcg_5: 0.14435532689094543
ndcg_10: 0.18548381328582764
ndcg_20: 0.22773826122283936
hit_1: 0.062083370367078484
hit_5: 0.22682428228601903
hit_10: 0.3553461914496489
hit_20: 0.5290640831926051
ap: 0.1578361690044403
no increase in recent 1 iters
#########################################################
################## epoch 18 ###########################
loss: 639.9172, len_train_loader:198
modified_target in every batch:96.6263
modified_hist in every batch :0.0
########## current_metrics ##########
ndcg_1: 0.06421651408763665
ndcg_5: 0.14260093867778778
ndcg_10: 0.18303509056568146
ndcg_20: 0.22521936893463135
hit_1: 0.06421651408763665
hit_5: 0.2204692916185228
hit_10: 0.34619144964892007
hit_20: 0.5141765176428762
ap: 0.15723268687725067
########## best_metrics ##########
ndcg_1: 0.06421651408763665
ndcg_5: 0.14435532689094543
ndcg_10: 0.18548381328582764
ndcg_20: 0.22773826122283936
hit_1: 0.06421651408763665
hit_5: 0.22682428228601903
hit_10: 0.3553461914496489
hit_20: 0.5290640831926051
ap: 0.1578361690044403
no increase in recent 0 iters
#########################################################
################## epoch 19 ###########################
loss: 628.68, len_train_loader:198
modified_target in every batch:101.6061
modified_hist in every batch :0.0
########## current_metrics ##########
ndcg_1: 0.06168340591947383
ndcg_5: 0.14178363978862762
ndcg_10: 0.18167239427566528
ndcg_20: 0.22310534119606018
hit_1: 0.06168340591947383
hit_5: 0.22171362545551507
hit_10: 0.3457914852013154
hit_20: 0.5103990756377211
ap: 0.15548256039619446
########## best_metrics ##########
ndcg_1: 0.06421651408763665
ndcg_5: 0.14435532689094543
ndcg_10: 0.18548381328582764
ndcg_20: 0.22773826122283936
hit_1: 0.06421651408763665
hit_5: 0.22682428228601903
hit_10: 0.3553461914496489
hit_20: 0.5290640831926051
ap: 0.1578361690044403
no increase in recent 1 iters
#########################################################
################## epoch 20 ###########################
loss: 623.9182, len_train_loader:198
modified_target in every batch:101.6061
modified_hist in every batch :430.1162
########## current_metrics ##########
ndcg_1: 0.05990578615234202
ndcg_5: 0.13774362206459045
ndcg_10: 0.17762361466884613
ndcg_20: 0.21927256882190704
hit_1: 0.05990578615234202
hit_5: 0.21504755132877076
hit_10: 0.3389032086036797
hit_20: 0.5045773709003644
ap: 0.15243470668792725
########## best_metrics ##########
ndcg_1: 0.06421651408763665
ndcg_5: 0.14435532689094543
ndcg_10: 0.18548381328582764
ndcg_20: 0.22773826122283936
hit_1: 0.06421651408763665
hit_5: 0.22682428228601903
hit_10: 0.3553461914496489
hit_20: 0.5290640831926051
ap: 0.1578361690044403
no increase in recent 2 iters
#########################################################
################## epoch 21 ###########################
loss: 618.5853, len_train_loader:198
modified_target in every batch:101.6061
modified_hist in every batch :431.1667
########## current_metrics ##########
ndcg_1: 0.06186116789618701
ndcg_5: 0.1420094519853592
ndcg_10: 0.18073894083499908
ndcg_20: 0.22307300567626953
hit_1: 0.06186116789618701
hit_5: 0.22175806594969336
hit_10: 0.34232512665540843
hit_20: 0.5106212781086126
ap: 0.15547659993171692
########## best_metrics ##########
ndcg_1: 0.06421651408763665
ndcg_5: 0.14435532689094543
ndcg_10: 0.18548381328582764
ndcg_20: 0.22773826122283936
hit_1: 0.06421651408763665
hit_5: 0.22682428228601903
hit_10: 0.3553461914496489
hit_20: 0.5290640831926051
ap: 0.1578361690044403
no increase in recent 3 iters
#########################################################
################## epoch 22 ###########################
loss: 611.5598, len_train_loader:198
modified_target in every batch:101.6061
modified_hist in every batch :429.8737
########## current_metrics ##########
ndcg_1: 0.06221669184961337
ndcg_5: 0.14230141043663025
ndcg_10: 0.1831376552581787
ndcg_20: 0.2263864129781723
hit_1: 0.06221669184961337
hit_5: 0.2212692205137321
hit_10: 0.34823571238112166
hit_20: 0.5200871033685894
ap: 0.15689273178577423
########## best_metrics ##########
ndcg_1: 0.06421651408763665
ndcg_5: 0.14435532689094543
ndcg_10: 0.18548381328582764
ndcg_20: 0.22773826122283936
hit_1: 0.06421651408763665
hit_5: 0.22682428228601903
hit_10: 0.3553461914496489
hit_20: 0.5290640831926051
ap: 0.1578361690044403
no increase in recent 4 iters
#########################################################
################## epoch 23 ###########################
loss: 604.699, len_train_loader:198
modified_target in every batch:101.6061
modified_hist in every batch :429.9141
########## current_metrics ##########
ndcg_1: 0.06577193138387699
ndcg_5: 0.14938530325889587
ndcg_10: 0.18906205892562866
ndcg_20: 0.2304583489894867
hit_1: 0.06577193138387699
hit_5: 0.23211270109323615
hit_10: 0.3554795129321838
hit_20: 0.5199537818860546
ap: 0.16185536980628967
########## best_metrics ##########
ndcg_1: 0.06577193138387699
ndcg_5: 0.14938530325889587
ndcg_10: 0.18906205892562866
ndcg_20: 0.2304583489894867
hit_1: 0.06577193138387699
hit_5: 0.23211270109323615
hit_10: 0.3554795129321838
hit_20: 0.5290640831926051
ap: 0.16185536980628967
no increase in recent 0 iters
#########################################################
################## epoch 24 ###########################
loss: 592.8946, len_train_loader:198
modified_target in every batch:101.6061
modified_hist in every batch :432.404
########## current_metrics ##########
ndcg_1: 0.06541640743045063
ndcg_5: 0.14724157750606537
ndcg_10: 0.18706221878528595
ndcg_20: 0.22828327119350433
hit_1: 0.06541640743045063
hit_5: 0.22789085414629812
hit_10: 0.35187983290374186
hit_20: 0.5156430539507599
ap: 0.16043533384799957
########## best_metrics ##########
ndcg_1: 0.06577193138387699
ndcg_5: 0.14938530325889587
ndcg_10: 0.18906205892562866
ndcg_20: 0.2304583489894867
hit_1: 0.06577193138387699
hit_5: 0.23211270109323615
hit_10: 0.3554795129321838
hit_20: 0.5290640831926051
ap: 0.16185536980628967
no increase in recent 1 iters
#########################################################
################## epoch 25 ###########################
loss: 586.2915, len_train_loader:198
modified_target in every batch:101.6061
modified_hist in every batch :431.2424
########## current_metrics ##########
ndcg_1: 0.06817171806950494
ndcg_5: 0.15042975544929504
ndcg_10: 0.19110266864299774
ndcg_20: 0.23296776413917542
hit_1: 0.06817171806950494
hit_5: 0.23135721269220513
hit_10: 0.35787929961781173
hit_20: 0.5243533908097058
ap: 0.16378207504749298
########## best_metrics ##########
ndcg_1: 0.06817171806950494
ndcg_5: 0.15042975544929504
ndcg_10: 0.19110266864299774
ndcg_20: 0.23296776413917542
hit_1: 0.06817171806950494
hit_5: 0.23211270109323615
hit_10: 0.35787929961781173
hit_20: 0.5290640831926051
ap: 0.16378207504749298
no increase in recent 0 iters
#########################################################
################## epoch 26 ###########################
loss: 578.05, len_train_loader:198
modified_target in every batch:101.6061
modified_hist in every batch :428.4949
########## current_metrics ##########
ndcg_1: 0.06923828992978402
ndcg_5: 0.15119020640850067
ndcg_10: 0.1908072829246521
ndcg_20: 0.23241905868053436
hit_1: 0.06923828992978402
hit_5: 0.23277930850591058
hit_10: 0.35592391787396677
hit_20: 0.5212869967114034
ap: 0.16400600969791412
########## best_metrics ##########
ndcg_1: 0.06923828992978402
ndcg_5: 0.15119020640850067
ndcg_10: 0.19110266864299774
ndcg_20: 0.23296776413917542
hit_1: 0.06923828992978402
hit_5: 0.23277930850591058
hit_10: 0.35787929961781173
hit_20: 0.5290640831926051
ap: 0.16400600969791412
no increase in recent 0 iters
#########################################################
################## epoch 27 ###########################
loss: 572.244, len_train_loader:198
modified_target in every batch:101.6061
modified_hist in every batch :430.4697
########## current_metrics ##########
ndcg_1: 0.06697182472669096
ndcg_5: 0.148762047290802
ndcg_10: 0.18955183029174805
ndcg_20: 0.23152679204940796
hit_1: 0.06697182472669096
hit_5: 0.22971291440760822
hit_10: 0.35650164429828457
hit_20: 0.5231979379610702
ap: 0.16236655414104462
########## best_metrics ##########
ndcg_1: 0.06923828992978402
ndcg_5: 0.15119020640850067
ndcg_10: 0.19110266864299774
ndcg_20: 0.23296776413917542
hit_1: 0.06923828992978402
hit_5: 0.23277930850591058
hit_10: 0.35787929961781173
hit_20: 0.5290640831926051
ap: 0.16400600969791412
no increase in recent 1 iters
#########################################################
################## epoch 28 ###########################
loss: 567.3057, len_train_loader:198
modified_target in every batch:101.6061
modified_hist in every batch :430.1768
########## current_metrics ##########
ndcg_1: 0.06559416940716381
ndcg_5: 0.14934508502483368
ndcg_10: 0.19082403182983398
ndcg_20: 0.23381666839122772
hit_1: 0.06559416940716381
hit_5: 0.23224602257577104
hit_10: 0.3609456937161141
hit_20: 0.5319971558083726
ap: 0.1626185178756714
########## best_metrics ##########
ndcg_1: 0.06923828992978402
ndcg_5: 0.15119020640850067
ndcg_10: 0.19110266864299774
ndcg_20: 0.23381666839122772
hit_1: 0.06923828992978402
hit_5: 0.23277930850591058
hit_10: 0.3609456937161141
hit_20: 0.5319971558083726
ap: 0.16400600969791412
no increase in recent 0 iters
#########################################################
################## epoch 29 ###########################
loss: 563.6057, len_train_loader:198
modified_target in every batch:101.6061
modified_hist in every batch :433.3384
########## current_metrics ##########
ndcg_1: 0.06870500399964448
ndcg_5: 0.1508634090423584
ndcg_10: 0.19089275598526
ndcg_20: 0.23268452286720276
hit_1: 0.06870500399964448
hit_5: 0.23162385565727492
hit_10: 0.35596835836814505
hit_20: 0.5222646875833259
ap: 0.16409096121788025
########## best_metrics ##########
ndcg_1: 0.06923828992978402
ndcg_5: 0.15119020640850067
ndcg_10: 0.19110266864299774
ndcg_20: 0.23381666839122772
hit_1: 0.06923828992978402
hit_5: 0.23277930850591058
hit_10: 0.3609456937161141
hit_20: 0.5319971558083726
ap: 0.16409096121788025
no increase in recent 0 iters
#########################################################
################## epoch 30 ###########################
loss: 558.3461, len_train_loader:198
modified_target in every batch:101.6061
modified_hist in every batch :431.3384
########## current_metrics ##########
ndcg_1: 0.06461647853524131
ndcg_5: 0.1462377905845642
ndcg_10: 0.18554192781448364
ndcg_20: 0.22706803679466248
hit_1: 0.06461647853524131
hit_5: 0.22673540129766243
hit_10: 0.3488134388054395
hit_20: 0.5141320771486979
ap: 0.1594235748052597
########## best_metrics ##########
ndcg_1: 0.06923828992978402
ndcg_5: 0.15119020640850067
ndcg_10: 0.19110266864299774
ndcg_20: 0.23381666839122772
hit_1: 0.06923828992978402
hit_5: 0.23277930850591058
hit_10: 0.3609456937161141
hit_20: 0.5319971558083726
ap: 0.16409096121788025
no increase in recent 1 iters
#########################################################
################## epoch 31 ###########################
loss: 555.5389, len_train_loader:198
modified_target in every batch:101.6061
modified_hist in every batch :429.7626
########## current_metrics ##########
ndcg_1: 0.06359434716914052
ndcg_5: 0.14563074707984924
ndcg_10: 0.1854923665523529
ndcg_20: 0.2266882061958313
hit_1: 0.06359434716914052
hit_5: 0.22571326993156163
hit_10: 0.34934672473557904
hit_20: 0.5131988267709537
ap: 0.15898174047470093
########## best_metrics ##########
ndcg_1: 0.06923828992978402
ndcg_5: 0.15119020640850067
ndcg_10: 0.19110266864299774
ndcg_20: 0.23381666839122772
hit_1: 0.06923828992978402
hit_5: 0.23277930850591058
hit_10: 0.3609456937161141
hit_20: 0.5319971558083726
ap: 0.16409096121788025
no increase in recent 2 iters
#########################################################
################## epoch 32 ###########################
loss: 550.2858, len_train_loader:198
modified_target in every batch:101.6061
modified_hist in every batch :431.2172
########## current_metrics ##########
ndcg_1: 0.06857168251710959
ndcg_5: 0.15084296464920044
ndcg_10: 0.19143755733966827
ndcg_20: 0.23287545144557953
hit_1: 0.06857168251710959
hit_5: 0.2324682250466625
hit_10: 0.35859034752466445
hit_20: 0.5231090569727135
ap: 0.16395203769207
########## best_metrics ##########
ndcg_1: 0.06923828992978402
ndcg_5: 0.15119020640850067
ndcg_10: 0.19143755733966827
ndcg_20: 0.23381666839122772
hit_1: 0.06923828992978402
hit_5: 0.23277930850591058
hit_10: 0.3609456937161141
hit_20: 0.5319971558083726
ap: 0.16409096121788025
no increase in recent 0 iters
#########################################################
################## epoch 33 ###########################
loss: 543.9282, len_train_loader:198
modified_target in every batch:101.6061
modified_hist in every batch :431.0758
########## current_metrics ##########
ndcg_1: 0.06777175362190027
ndcg_5: 0.14865081012248993
ndcg_10: 0.18875665962696075
ndcg_20: 0.22936758399009705
hit_1: 0.06777175362190027
hit_5: 0.22820193760554616
hit_10: 0.35290196426984266
hit_20: 0.5142209581370545
ap: 0.16213704645633698
########## best_metrics ##########
ndcg_1: 0.06923828992978402
ndcg_5: 0.15119020640850067
ndcg_10: 0.19143755733966827
ndcg_20: 0.23381666839122772
hit_1: 0.06923828992978402
hit_5: 0.23277930850591058
hit_10: 0.3609456937161141
hit_20: 0.5319971558083726
ap: 0.16409096121788025
no increase in recent 1 iters
#########################################################
################## epoch 34 ###########################
loss: 541.797, len_train_loader:198
modified_target in every batch:101.6061
modified_hist in every batch :430.3384
########## current_metrics ##########
ndcg_1: 0.07159363612123366
ndcg_5: 0.15451472997665405
ndcg_10: 0.19498832523822784
ndcg_20: 0.23558244109153748
hit_1: 0.07159363612123366
hit_5: 0.23655675051106567
hit_10: 0.3621011465647498
hit_20: 0.5233756999377833
ap: 0.16709639132022858
########## best_metrics ##########
ndcg_1: 0.07159363612123366
ndcg_5: 0.15451472997665405
ndcg_10: 0.19498832523822784
ndcg_20: 0.23558244109153748
hit_1: 0.07159363612123366
hit_5: 0.23655675051106567
hit_10: 0.3621011465647498
hit_20: 0.5319971558083726
ap: 0.16709639132022858
no increase in recent 0 iters
#########################################################
################## epoch 35 ###########################
loss: 538.6845, len_train_loader:198
modified_target in every batch:101.6061
modified_hist in every batch :430.2222
########## current_metrics ##########
ndcg_1: 0.07106035019109412
ndcg_5: 0.15716233849525452
ndcg_10: 0.19925075769424438
ndcg_20: 0.24001482129096985
hit_1: 0.07106035019109412
hit_5: 0.2421118122833526
hit_10: 0.37281130566171894
hit_20: 0.5347080259532486
ap: 0.1692943125963211
########## best_metrics ##########
ndcg_1: 0.07159363612123366
ndcg_5: 0.15716233849525452
ndcg_10: 0.19925075769424438
ndcg_20: 0.24001482129096985
hit_1: 0.07159363612123366
hit_5: 0.2421118122833526
hit_10: 0.37281130566171894
hit_20: 0.5347080259532486
ap: 0.1692943125963211
no increase in recent 0 iters
#########################################################
################## epoch 36 ###########################
loss: 534.6567, len_train_loader:198
modified_target in every batch:101.6061
modified_hist in every batch :432.6061
########## current_metrics ##########
ndcg_1: 0.073149053417474
ndcg_5: 0.16086727380752563
ndcg_10: 0.2016935795545578
ndcg_20: 0.24325478076934814
hit_1: 0.073149053417474
hit_5: 0.24611145675939916
hit_10: 0.3730779486267887
hit_20: 0.5383077059816905
ap: 0.17254990339279175
########## best_metrics ##########
ndcg_1: 0.073149053417474
ndcg_5: 0.16086727380752563
ndcg_10: 0.2016935795545578
ndcg_20: 0.24325478076934814
hit_1: 0.073149053417474
hit_5: 0.24611145675939916
hit_10: 0.3730779486267887
hit_20: 0.5383077059816905
ap: 0.17254990339279175
no increase in recent 0 iters
#########################################################
################## epoch 37 ###########################
loss: 530.2956, len_train_loader:198
modified_target in every batch:101.6061
modified_hist in every batch :429.3434
########## current_metrics ##########
ndcg_1: 0.07421562527775309
ndcg_5: 0.1591137945652008
ndcg_10: 0.19955278933048248
ndcg_20: 0.2405754029750824
hit_1: 0.07421562527775309
hit_5: 0.24366722957959291
hit_10: 0.36938938760999024
hit_20: 0.5324860012443339
ap: 0.17092087864875793
########## best_metrics ##########
ndcg_1: 0.07421562527775309
ndcg_5: 0.16086727380752563
ndcg_10: 0.2016935795545578
ndcg_20: 0.24325478076934814
hit_1: 0.07421562527775309
hit_5: 0.24611145675939916
hit_10: 0.3730779486267887
hit_20: 0.5383077059816905
ap: 0.17254990339279175
no increase in recent 0 iters
#########################################################
################## epoch 38 ###########################
loss: 528.7854, len_train_loader:198
modified_target in every batch:101.6061
modified_hist in every batch :431.9293
########## current_metrics ##########
ndcg_1: 0.07048262376677629
ndcg_5: 0.15842679142951965
ndcg_10: 0.19868339598178864
ndcg_20: 0.2399301677942276
hit_1: 0.07048262376677629
hit_5: 0.24526708737001154
hit_10: 0.37018931650519954
hit_20: 0.5339525375522176
ap: 0.16943864524364471
########## best_metrics ##########
ndcg_1: 0.07421562527775309
ndcg_5: 0.16086727380752563
ndcg_10: 0.2016935795545578
ndcg_20: 0.24325478076934814
hit_1: 0.07421562527775309
hit_5: 0.24611145675939916
hit_10: 0.3730779486267887
hit_20: 0.5383077059816905
ap: 0.17254990339279175
no increase in recent 1 iters
#########################################################
################## epoch 39 ###########################
loss: 524.9979, len_train_loader:198
modified_target in every batch:101.6061
modified_hist in every batch :429.4949
########## current_metrics ##########
ndcg_1: 0.07119367167362901
ndcg_5: 0.1559380739927292
ndcg_10: 0.1953403651714325
ndcg_20: 0.23789337277412415
hit_1: 0.07119367167362901
hit_5: 0.23962314460936807
hit_10: 0.3620122655763932
hit_20: 0.5313749888898764
ap: 0.16800640523433685
########## best_metrics ##########
ndcg_1: 0.07421562527775309
ndcg_5: 0.16086727380752563
ndcg_10: 0.2016935795545578
ndcg_20: 0.24325478076934814
hit_1: 0.07421562527775309
hit_5: 0.24611145675939916
hit_10: 0.3730779486267887
hit_20: 0.5383077059816905
ap: 0.17254990339279175
no increase in recent 2 iters
#########################################################
################## epoch 40 ###########################
loss: 522.2179, len_train_loader:198
modified_target in every batch:101.6061
modified_hist in every batch :431.3485
########## current_metrics ##########
ndcg_1: 0.07101590969691583
ndcg_5: 0.154643252491951
ndcg_10: 0.19481350481510162
ndcg_20: 0.23572292923927307
hit_1: 0.07101590969691583
hit_5: 0.2363789885343525
hit_10: 0.36139009865789706
hit_20: 0.5240423073504578
ap: 0.16716474294662476
########## best_metrics ##########
ndcg_1: 0.07421562527775309
ndcg_5: 0.16086727380752563
ndcg_10: 0.2016935795545578
ndcg_20: 0.24325478076934814
hit_1: 0.07421562527775309
hit_5: 0.24611145675939916
hit_10: 0.3730779486267887
hit_20: 0.5383077059816905
ap: 0.17254990339279175
no increase in recent 3 iters
#########################################################
################## epoch 41 ###########################
loss: 520.53, len_train_loader:198
modified_target in every batch:101.6061
modified_hist in every batch :430.1566
########## current_metrics ##########
ndcg_1: 0.07154919562705538
ndcg_5: 0.157590851187706
ndcg_10: 0.19887857139110565
ndcg_20: 0.24131035804748535
hit_1: 0.07154919562705538
hit_5: 0.24237845524842236
hit_10: 0.3706337214469825
hit_20: 0.5391520753710781
ap: 0.16989398002624512
########## best_metrics ##########
ndcg_1: 0.07421562527775309
ndcg_5: 0.16086727380752563
ndcg_10: 0.2016935795545578
ndcg_20: 0.24325478076934814
hit_1: 0.07421562527775309
hit_5: 0.24611145675939916
hit_10: 0.3730779486267887
hit_20: 0.5391520753710781
ap: 0.17254990339279175
no increase in recent 0 iters
#########################################################
################## epoch 42 ###########################
loss: 517.4351, len_train_loader:198
modified_target in every batch:101.6061
modified_hist in every batch :431.899
########## current_metrics ##########
ndcg_1: 0.06857168251710959
ndcg_5: 0.1503327339887619
ndcg_10: 0.1909448504447937
ndcg_20: 0.23193791508674622
hit_1: 0.06857168251710959
hit_5: 0.23104612923295706
hit_10: 0.3574793351702071
hit_20: 0.5205315083103724
ap: 0.16357551515102386
########## best_metrics ##########
ndcg_1: 0.07421562527775309
ndcg_5: 0.16086727380752563
ndcg_10: 0.2016935795545578
ndcg_20: 0.24325478076934814
hit_1: 0.07421562527775309
hit_5: 0.24611145675939916
hit_10: 0.3730779486267887
hit_20: 0.5391520753710781
ap: 0.17254990339279175
no increase in recent 1 iters
#########################################################
################## epoch 43 ###########################
loss: 512.4514, len_train_loader:198
modified_target in every batch:101.6061
modified_hist in every batch :430.5657
########## current_metrics ##########
ndcg_1: 0.07177139809794685
ndcg_5: 0.15724334120750427
ndcg_10: 0.19773529469966888
ndcg_20: 0.2389502078294754
hit_1: 0.07177139809794685
hit_5: 0.24148964536485645
hit_10: 0.36712292240689715
hit_20: 0.5310194649364501
ap: 0.1693103015422821
########## best_metrics ##########
ndcg_1: 0.07421562527775309
ndcg_5: 0.16086727380752563
ndcg_10: 0.2016935795545578
ndcg_20: 0.24325478076934814
hit_1: 0.07421562527775309
hit_5: 0.24611145675939916
hit_10: 0.3730779486267887
hit_20: 0.5391520753710781
ap: 0.17254990339279175
no increase in recent 2 iters
#########################################################
################## epoch 44 ###########################
loss: 512.0847, len_train_loader:198
modified_target in every batch:101.6061
modified_hist in every batch :430.4596
########## current_metrics ##########
ndcg_1: 0.07492667318460582
ndcg_5: 0.16217373311519623
ndcg_10: 0.20081207156181335
ndcg_20: 0.24231164157390594
hit_1: 0.07492667318460582
hit_5: 0.24842236245667051
hit_10: 0.3686783397031375
hit_20: 0.5335970135987912
ap: 0.17275725305080414
########## best_metrics ##########
ndcg_1: 0.07492667318460582
ndcg_5: 0.16217373311519623
ndcg_10: 0.2016935795545578
ndcg_20: 0.24325478076934814
hit_1: 0.07492667318460582
hit_5: 0.24842236245667051
hit_10: 0.3730779486267887
hit_20: 0.5391520753710781
ap: 0.17275725305080414
no increase in recent 0 iters
#########################################################
################## epoch 45 ###########################
loss: 508.9476, len_train_loader:198
modified_target in every batch:101.6061
modified_hist in every batch :431.1364
########## current_metrics ##########
ndcg_1: 0.07194916007466003
ndcg_5: 0.154348686337471
ndcg_10: 0.1938338577747345
ndcg_20: 0.2353641837835312
hit_1: 0.07194916007466003
hit_5: 0.23486801173229047
hit_10: 0.35756821615856366
hit_20: 0.5227535330192872
ap: 0.1672590672969818
########## best_metrics ##########
ndcg_1: 0.07492667318460582
ndcg_5: 0.16217373311519623
ndcg_10: 0.2016935795545578
ndcg_20: 0.24325478076934814
hit_1: 0.07492667318460582
hit_5: 0.24842236245667051
hit_10: 0.3730779486267887
hit_20: 0.5391520753710781
ap: 0.17275725305080414
no increase in recent 1 iters
#########################################################
################## epoch 46 ###########################
loss: 504.1168, len_train_loader:198
modified_target in every batch:101.6061
modified_hist in every batch :430.8485
########## current_metrics ##########
ndcg_1: 0.0703937427784197
ndcg_5: 0.1489473134279251
ndcg_10: 0.187155082821846
ndcg_20: 0.2274819314479828
hit_1: 0.0703937427784197
hit_5: 0.2262909963558795
hit_10: 0.3451693182828193
hit_20: 0.5051995378188605
ap: 0.16252277791500092
########## best_metrics ##########
ndcg_1: 0.07492667318460582
ndcg_5: 0.16217373311519623
ndcg_10: 0.2016935795545578
ndcg_20: 0.24325478076934814
hit_1: 0.07492667318460582
hit_5: 0.24842236245667051
hit_10: 0.3730779486267887
hit_20: 0.5391520753710781
ap: 0.17275725305080414
no increase in recent 2 iters
#########################################################
################## epoch 47 ###########################
loss: 502.9218, len_train_loader:198
modified_target in every batch:101.6061
modified_hist in every batch :431.5202
########## current_metrics ##########
ndcg_1: 0.07585992356235001
ndcg_5: 0.1600281000137329
ndcg_10: 0.20038053393363953
ndcg_20: 0.24035389721393585
hit_1: 0.07585992356235001
hit_5: 0.24246733623677896
hit_10: 0.367700648831215
hit_20: 0.5267531774953338
ap: 0.1722627729177475
########## best_metrics ##########
ndcg_1: 0.07585992356235001
ndcg_5: 0.16217373311519623
ndcg_10: 0.2016935795545578
ndcg_20: 0.24325478076934814
hit_1: 0.07585992356235001
hit_5: 0.24842236245667051
hit_10: 0.3730779486267887
hit_20: 0.5391520753710781
ap: 0.17275725305080414
no increase in recent 0 iters
#########################################################
################## epoch 48 ###########################
loss: 484.4006, len_train_loader:198
modified_target in every batch:101.6061
modified_hist in every batch :430.1162
########## current_metrics ##########
ndcg_1: 0.0722602435339081
ndcg_5: 0.15308065712451935
ndcg_10: 0.19155104458332062
ndcg_20: 0.23232081532478333
hit_1: 0.0722602435339081
hit_5: 0.23233490356412764
hit_10: 0.3519242733979202
hit_20: 0.5140876366545196
ap: 0.16593992710113525
########## best_metrics ##########
ndcg_1: 0.07585992356235001
ndcg_5: 0.16217373311519623
ndcg_10: 0.2016935795545578
ndcg_20: 0.24325478076934814
hit_1: 0.07585992356235001
hit_5: 0.24842236245667051
hit_10: 0.3730779486267887
hit_20: 0.5391520753710781
ap: 0.17275725305080414
no increase in recent 1 iters
#########################################################
################## epoch 49 ###########################
loss: 478.4966, len_train_loader:198
modified_target in every batch:101.6061
modified_hist in every batch :430.0354
########## current_metrics ##########
ndcg_1: 0.07074926673184606
ndcg_5: 0.15229085087776184
ndcg_10: 0.19199946522712708
ndcg_20: 0.2338528037071228
hit_1: 0.07074926673184606
hit_5: 0.23202382010487957
hit_10: 0.3554350724380055
hit_20: 0.5216425206648297
ap: 0.16588284075260162
########## best_metrics ##########
ndcg_1: 0.07585992356235001
ndcg_5: 0.16217373311519623
ndcg_10: 0.2016935795545578
ndcg_20: 0.24325478076934814
hit_1: 0.07585992356235001
hit_5: 0.24842236245667051
hit_10: 0.3730779486267887
hit_20: 0.5391520753710781
ap: 0.17275725305080414
no increase in recent 2 iters
#########################################################
################## epoch 50 ###########################
loss: 478.269, len_train_loader:198
modified_target in every batch:101.6061
modified_hist in every batch :431.3333
########## current_metrics ##########
ndcg_1: 0.07208248155719492
ndcg_5: 0.15497663617134094
ndcg_10: 0.1944199502468109
ndcg_20: 0.23553498089313507
hit_1: 0.07208248155719492
hit_5: 0.2362012265576393
hit_10: 0.35907919296062574
hit_20: 0.522575771042574
ap: 0.16757749021053314
########## best_metrics ##########
ndcg_1: 0.07585992356235001
ndcg_5: 0.16217373311519623
ndcg_10: 0.2016935795545578
ndcg_20: 0.24325478076934814
hit_1: 0.07585992356235001
hit_5: 0.24842236245667051
hit_10: 0.3730779486267887
hit_20: 0.5391520753710781
ap: 0.17275725305080414
no increase in recent 3 iters
#########################################################
################## epoch 51 ###########################
loss: 477.4516, len_train_loader:198
modified_target in every batch:101.6061
modified_hist in every batch :431.8939
########## current_metrics ##########
ndcg_1: 0.07421562527775309
ndcg_5: 0.15837350487709045
ndcg_10: 0.19730909168720245
ndcg_20: 0.23881308734416962
hit_1: 0.07421562527775309
hit_5: 0.24086747844636033
hit_10: 0.36187894409385835
hit_20: 0.5268864989778687
ap: 0.17029201984405518
########## best_metrics ##########
ndcg_1: 0.07585992356235001
ndcg_5: 0.16217373311519623
ndcg_10: 0.2016935795545578
ndcg_20: 0.24325478076934814
hit_1: 0.07585992356235001
hit_5: 0.24842236245667051
hit_10: 0.3730779486267887
hit_20: 0.5391520753710781
ap: 0.17275725305080414
no increase in recent 4 iters
#########################################################
################## epoch 52 ###########################
loss: 473.3249, len_train_loader:198
modified_target in every batch:101.6061
modified_hist in every batch :429.798
########## current_metrics ##########
ndcg_1: 0.07381566083014843
ndcg_5: 0.15684226155281067
ndcg_10: 0.19549952447414398
ndcg_20: 0.23681829869747162
hit_1: 0.07381566083014843
hit_5: 0.23744556039463158
hit_10: 0.35792374011199
hit_20: 0.5219980446182562
ap: 0.16932953894138336
########## best_metrics ##########
ndcg_1: 0.07585992356235001
ndcg_5: 0.16217373311519623
ndcg_10: 0.2016935795545578
ndcg_20: 0.24325478076934814
hit_1: 0.07585992356235001
hit_5: 0.24842236245667051
hit_10: 0.3730779486267887
hit_20: 0.5391520753710781
ap: 0.17275725305080414
no increase in recent 5 iters
#########################################################
################## epoch 53 ###########################
loss: 472.3303, len_train_loader:198
modified_target in every batch:101.6061
modified_hist in every batch :431.303
########## current_metrics ##########
ndcg_1: 0.07430450626610968
ndcg_5: 0.15634463727474213
ndcg_10: 0.19459693133831024
ndcg_20: 0.23628400266170502
hit_1: 0.07430450626610968
hit_5: 0.23717891742956182
hit_10: 0.356412763309928
hit_20: 0.5225313305483957
ap: 0.16858921945095062
########## best_metrics ##########
ndcg_1: 0.07585992356235001
ndcg_5: 0.16217373311519623
ndcg_10: 0.2016935795545578
ndcg_20: 0.24325478076934814
hit_1: 0.07585992356235001
hit_5: 0.24842236245667051
hit_10: 0.3730779486267887
hit_20: 0.5391520753710781
ap: 0.17275725305080414
no increase in recent 6 iters
#########################################################
################## epoch 54 ###########################
loss: 469.4069, len_train_loader:198
modified_target in every batch:101.6061
modified_hist in every batch :430.1364
########## current_metrics ##########
ndcg_1: 0.07417118478357479
ndcg_5: 0.15730690956115723
ndcg_10: 0.19585458934307098
ndcg_20: 0.23697088658809662
hit_1: 0.07417118478357479
hit_5: 0.23820104879566262
hit_10: 0.35792374011199
hit_20: 0.5214647586881166
ap: 0.1696477085351944
########## best_metrics ##########
ndcg_1: 0.07585992356235001
ndcg_5: 0.16217373311519623
ndcg_10: 0.2016935795545578
ndcg_20: 0.24325478076934814
hit_1: 0.07585992356235001
hit_5: 0.24842236245667051
hit_10: 0.3730779486267887
hit_20: 0.5391520753710781
ap: 0.17275725305080414
no increase in recent 7 iters
#########################################################
################## epoch 55 ###########################
loss: 467.5352, len_train_loader:198
modified_target in every batch:101.6061
modified_hist in every batch :431.1313
########## current_metrics ##########
ndcg_1: 0.07417118478357479
ndcg_5: 0.1553541123867035
ndcg_10: 0.19270363450050354
ndcg_20: 0.23380376398563385
hit_1: 0.07417118478357479
hit_5: 0.23522353568571683
hit_10: 0.3514354279619589
hit_20: 0.5150653275264421
ap: 0.16756486892700195
########## best_metrics ##########
ndcg_1: 0.07585992356235001
ndcg_5: 0.16217373311519623
ndcg_10: 0.2016935795545578
ndcg_20: 0.24325478076934814
hit_1: 0.07585992356235001
hit_5: 0.24842236245667051
hit_10: 0.3730779486267887
hit_20: 0.5391520753710781
ap: 0.17275725305080414
no increase in recent 8 iters
#########################################################
################## epoch 56 ###########################
loss: 464.0293, len_train_loader:198
modified_target in every batch:101.6061
modified_hist in every batch :428.6515
########## current_metrics ##########
ndcg_1: 0.07172695760376856
ndcg_5: 0.15445341169834137
ndcg_10: 0.19345596432685852
ndcg_20: 0.23571118712425232
hit_1: 0.07172695760376856
hit_5: 0.23535685716825172
hit_10: 0.35650164429828457
hit_20: 0.5243089503155275
ap: 0.1673073023557663
########## best_metrics ##########
ndcg_1: 0.07585992356235001
ndcg_5: 0.16217373311519623
ndcg_10: 0.2016935795545578
ndcg_20: 0.24325478076934814
hit_1: 0.07585992356235001
hit_5: 0.24842236245667051
hit_10: 0.3730779486267887
hit_20: 0.5391520753710781
ap: 0.17275725305080414
no increase in recent 9 iters
#########################################################
################## epoch 57 ###########################
loss: 464.3233, len_train_loader:198
modified_target in every batch:101.6061
modified_hist in every batch :427.5051
########## current_metrics ##########
ndcg_1: 0.07470447071371433
ndcg_5: 0.1587224006652832
ndcg_10: 0.19872808456420898
ndcg_20: 0.2383251041173935
hit_1: 0.07470447071371433
hit_5: 0.24060083548129055
hit_10: 0.364989778686339
hit_20: 0.5223980090658608
ap: 0.17093676328659058
########## best_metrics ##########
ndcg_1: 0.07585992356235001
ndcg_5: 0.16217373311519623
ndcg_10: 0.2016935795545578
ndcg_20: 0.24325478076934814
hit_1: 0.07585992356235001
hit_5: 0.24842236245667051
hit_10: 0.3730779486267887
hit_20: 0.5391520753710781
ap: 0.17275725305080414
no increase in recent 10 iters
#########################################################
################## epoch 58 ###########################
loss: 460.8937, len_train_loader:198
modified_target in every batch:101.6061
modified_hist in every batch :432.6111
########## current_metrics ##########
ndcg_1: 0.07354901786507866
ndcg_5: 0.15776732563972473
ndcg_10: 0.19603285193443298
ndcg_20: 0.2368975132703781
hit_1: 0.07354901786507866
hit_5: 0.23957870411518975
hit_10: 0.35859034752466445
hit_20: 0.5210203537463337
ap: 0.16964592039585114
########## best_metrics ##########
ndcg_1: 0.07585992356235001
ndcg_5: 0.16217373311519623
ndcg_10: 0.2016935795545578
ndcg_20: 0.24325478076934814
hit_1: 0.07585992356235001
hit_5: 0.24842236245667051
hit_10: 0.3730779486267887
hit_20: 0.5391520753710781
ap: 0.17275725305080414
no increase in recent 11 iters
#########################################################
################## epoch 59 ###########################
loss: 444.417, len_train_loader:198
modified_target in every batch:101.6061
modified_hist in every batch :430.1515
########## current_metrics ##########
ndcg_1: 0.07514887565549729
ndcg_5: 0.15738248825073242
ndcg_10: 0.195628359913826
ndcg_20: 0.23626910150051117
hit_1: 0.07514887565549729
hit_5: 0.23793440583059283
hit_10: 0.35672384676917607
hit_20: 0.5182206026131011
ap: 0.16977199912071228
########## best_metrics ##########
ndcg_1: 0.07585992356235001
ndcg_5: 0.16217373311519623
ndcg_10: 0.2016935795545578
ndcg_20: 0.24325478076934814
hit_1: 0.07585992356235001
hit_5: 0.24842236245667051
hit_10: 0.3730779486267887
hit_20: 0.5391520753710781
ap: 0.17275725305080414
no increase in recent 12 iters
#########################################################
################## epoch 60 ###########################
loss: 440.6008, len_train_loader:198
modified_target in every batch:101.6061
modified_hist in every batch :430.7374
########## current_metrics ##########
ndcg_1: 0.07577104257399342
ndcg_5: 0.1582116335630417
ndcg_10: 0.19644738733768463
ndcg_20: 0.23667095601558685
hit_1: 0.07577104257399342
hit_5: 0.23900097769087192
hit_10: 0.35783485912363344
hit_20: 0.5176873166829615
ap: 0.17028683423995972
########## best_metrics ##########
ndcg_1: 0.07585992356235001
ndcg_5: 0.16217373311519623
ndcg_10: 0.2016935795545578
ndcg_20: 0.24325478076934814
hit_1: 0.07585992356235001
hit_5: 0.24842236245667051
hit_10: 0.3730779486267887
hit_20: 0.5391520753710781
ap: 0.17275725305080414
no increase in recent 13 iters
#########################################################
################## epoch 61 ###########################
loss: 440.0238, len_train_loader:198
modified_target in every batch:101.6061
modified_hist in every batch :430.7727
########## current_metrics ##########
ndcg_1: 0.07110479068527242
ndcg_5: 0.15349723398685455
ndcg_10: 0.19186446070671082
ndcg_20: 0.2333267629146576
hit_1: 0.07110479068527242
hit_5: 0.23420140431961603
hit_10: 0.3534796906941605
hit_20: 0.518353924095636
ap: 0.16604265570640564
########## best_metrics ##########
ndcg_1: 0.07585992356235001
ndcg_5: 0.16217373311519623
ndcg_10: 0.2016935795545578
ndcg_20: 0.24325478076934814
hit_1: 0.07585992356235001
hit_5: 0.24842236245667051
hit_10: 0.3730779486267887
hit_20: 0.5391520753710781
ap: 0.17275725305080414
no increase in recent 14 iters
#########################################################
################## epoch 62 ###########################
loss: 438.135, len_train_loader:198
modified_target in every batch:101.6061
modified_hist in every batch :431.5758
########## current_metrics ##########
ndcg_1: 0.07394898231268332
ndcg_5: 0.15638825297355652
ndcg_10: 0.19576947391033173
ndcg_20: 0.2358533889055252
hit_1: 0.07394898231268332
hit_5: 0.23629010754599591
hit_10: 0.35890143098391253
hit_20: 0.5183983645898143
ap: 0.16902218759059906
########## best_metrics ##########
ndcg_1: 0.07585992356235001
ndcg_5: 0.16217373311519623
ndcg_10: 0.2016935795545578
ndcg_20: 0.24325478076934814
hit_1: 0.07585992356235001
hit_5: 0.24842236245667051
hit_10: 0.3730779486267887
hit_20: 0.5391520753710781
ap: 0.17275725305080414
no increase in recent 15 iters
#########################################################
################## epoch 63 ###########################
loss: 437.4248, len_train_loader:198
modified_target in every batch:101.6061
modified_hist in every batch :429.1717
########## current_metrics ##########
ndcg_1: 0.07394898231268332
ndcg_5: 0.1589680016040802
ndcg_10: 0.1979285627603531
ndcg_20: 0.23844343423843384
hit_1: 0.07394898231268332
hit_5: 0.24184516931828282
hit_10: 0.3628121944716025
hit_20: 0.5235090214203182
ap: 0.17074701189994812
########## best_metrics ##########
ndcg_1: 0.07585992356235001
ndcg_5: 0.16217373311519623
ndcg_10: 0.2016935795545578
ndcg_20: 0.24325478076934814
hit_1: 0.07585992356235001
hit_5: 0.24842236245667051
hit_10: 0.3730779486267887
hit_20: 0.5391520753710781
ap: 0.17275725305080414
no increase in recent 16 iters
#########################################################
################## epoch 64 ###########################
loss: 437.6387, len_train_loader:198
modified_target in every batch:101.6061
modified_hist in every batch :430.6919
########## current_metrics ##########
ndcg_1: 0.0722158030397298
ndcg_5: 0.15267089009284973
ndcg_10: 0.19306272268295288
ndcg_20: 0.23240390419960022
hit_1: 0.0722158030397298
hit_5: 0.23113501022131366
hit_10: 0.3565905252866412
hit_20: 0.5133321482534886
ap: 0.16615623235702515
########## best_metrics ##########
ndcg_1: 0.07585992356235001
ndcg_5: 0.16217373311519623
ndcg_10: 0.2016935795545578
ndcg_20: 0.24325478076934814
hit_1: 0.07585992356235001
hit_5: 0.24842236245667051
hit_10: 0.3730779486267887
hit_20: 0.5391520753710781
ap: 0.17275725305080414
no increase in recent 17 iters
#########################################################
################## epoch 65 ###########################
loss: 434.6363, len_train_loader:198
modified_target in every batch:101.6061
modified_hist in every batch :430.6414
########## current_metrics ##########
ndcg_1: 0.07328237490000888
ndcg_5: 0.15609224140644073
ndcg_10: 0.194473534822464
ndcg_20: 0.23476292192935944
hit_1: 0.07328237490000888
hit_5: 0.23686783397031375
hit_10: 0.3565460847924629
hit_20: 0.5167540663052174
ap: 0.16812096536159515
########## best_metrics ##########
ndcg_1: 0.07585992356235001
ndcg_5: 0.16217373311519623
ndcg_10: 0.2016935795545578
ndcg_20: 0.24325478076934814
hit_1: 0.07585992356235001
hit_5: 0.24842236245667051
hit_10: 0.3730779486267887
hit_20: 0.5391520753710781
ap: 0.17275725305080414
no increase in recent 18 iters
#########################################################
################## epoch 66 ###########################
loss: 434.7608, len_train_loader:198
modified_target in every batch:101.6061
modified_hist in every batch :430.7727
########## current_metrics ##########
ndcg_1: 0.06746067016265221
ndcg_5: 0.15034939348697662
ndcg_10: 0.18887047469615936
ndcg_20: 0.2291042059659958
hit_1: 0.06746067016265221
hit_5: 0.23042396231446094
hit_10: 0.35027997511332326
hit_20: 0.5105768376144343
ap: 0.16274484992027283
########## best_metrics ##########
ndcg_1: 0.07585992356235001
ndcg_5: 0.16217373311519623
ndcg_10: 0.2016935795545578
ndcg_20: 0.24325478076934814
hit_1: 0.07585992356235001
hit_5: 0.24842236245667051
hit_10: 0.3730779486267887
hit_20: 0.5391520753710781
ap: 0.17275725305080414
no increase in recent 19 iters
#########################################################
################## epoch 67 ###########################
loss: 431.8912, len_train_loader:198
modified_target in every batch:101.6061
modified_hist in every batch :429.899
########## current_metrics ##########
ndcg_1: 0.07403786330103991
ndcg_5: 0.15741975605487823
ndcg_10: 0.19585418701171875
ndcg_20: 0.23642092943191528
hit_1: 0.07403786330103991
hit_5: 0.2390454181850502
hit_10: 0.3585014665363079
hit_20: 0.5197315794151631
ap: 0.1692894697189331
########## best_metrics ##########
ndcg_1: 0.07585992356235001
ndcg_5: 0.16217373311519623
ndcg_10: 0.2016935795545578
ndcg_20: 0.24325478076934814
hit_1: 0.07585992356235001
hit_5: 0.24842236245667051
hit_10: 0.3730779486267887
hit_20: 0.5391520753710781
ap: 0.17275725305080414
no increase in recent 20 iters
#########################################################
################## epoch 68 ###########################
loss: 431.136, len_train_loader:198
modified_target in every batch:101.6061
modified_hist in every batch :431.8737
########## current_metrics ##########
ndcg_1: 0.07617100702159808
ndcg_5: 0.15918761491775513
ndcg_10: 0.1959153562784195
ndcg_20: 0.23638863861560822
hit_1: 0.07617100702159808
hit_5: 0.24064527597546884
hit_10: 0.3548129055195094
hit_20: 0.5157763754332948
ap: 0.17046542465686798
########## best_metrics ##########
ndcg_1: 0.07617100702159808
ndcg_5: 0.16217373311519623
ndcg_10: 0.2016935795545578
ndcg_20: 0.24325478076934814
hit_1: 0.07617100702159808
hit_5: 0.24842236245667051
hit_10: 0.3730779486267887
hit_20: 0.5391520753710781
ap: 0.17275725305080414
no increase in recent 0 iters
#########################################################
################## epoch 69 ###########################
loss: 430.3584, len_train_loader:198
modified_target in every batch:101.6061
modified_hist in every batch :431.9646
########## current_metrics ##########
ndcg_1: 0.07114923117945071
ndcg_5: 0.15362077951431274
ndcg_10: 0.1932263970375061
ndcg_20: 0.2332032471895218
hit_1: 0.07114923117945071
hit_5: 0.23495689272064704
hit_10: 0.3581459425828815
hit_20: 0.5171095902586437
ap: 0.1660534143447876
########## best_metrics ##########
ndcg_1: 0.07617100702159808
ndcg_5: 0.16217373311519623
ndcg_10: 0.2016935795545578
ndcg_20: 0.24325478076934814
hit_1: 0.07617100702159808
hit_5: 0.24842236245667051
hit_10: 0.3730779486267887
hit_20: 0.5391520753710781
ap: 0.17275725305080414
no increase in recent 1 iters
#########################################################
################## epoch 70 ###########################
loss: 414.4551, len_train_loader:198
modified_target in every batch:101.6061
modified_hist in every batch :429.5909
########## current_metrics ##########
ndcg_1: 0.07634876899831126
ndcg_5: 0.15807276964187622
ndcg_10: 0.19575996696949005
ndcg_20: 0.23642459511756897
hit_1: 0.07634876899831126
hit_5: 0.2373122389120967
hit_10: 0.35467958403697447
hit_20: 0.5162652208692561
ap: 0.17044590413570404
########## best_metrics ##########
ndcg_1: 0.07634876899831126
ndcg_5: 0.16217373311519623
ndcg_10: 0.2016935795545578
ndcg_20: 0.24325478076934814
hit_1: 0.07634876899831126
hit_5: 0.24842236245667051
hit_10: 0.3730779486267887
hit_20: 0.5391520753710781
ap: 0.17275725305080414
no increase in recent 0 iters
#########################################################
################## epoch 71 ###########################
loss: 410.8435, len_train_loader:198
modified_target in every batch:101.6061
modified_hist in every batch :432.4293
########## current_metrics ##########
ndcg_1: 0.07199360056883833
ndcg_5: 0.15480054914951324
ndcg_10: 0.19294339418411255
ndcg_20: 0.23326151072978973
hit_1: 0.07199360056883833
hit_5: 0.23491245222646875
hit_10: 0.3536130121766954
hit_20: 0.5136432317127366
ap: 0.16701115667819977
########## best_metrics ##########
ndcg_1: 0.07634876899831126
ndcg_5: 0.16217373311519623
ndcg_10: 0.2016935795545578
ndcg_20: 0.24325478076934814
hit_1: 0.07634876899831126
hit_5: 0.24842236245667051
hit_10: 0.3730779486267887
hit_20: 0.5391520753710781
ap: 0.17275725305080414
no increase in recent 1 iters
#########################################################
################## epoch 72 ###########################
loss: 410.9466, len_train_loader:198
modified_target in every batch:101.6061
modified_hist in every batch :430.9242
########## current_metrics ##########
ndcg_1: 0.07257132699315616
ndcg_5: 0.15437525510787964
ndcg_10: 0.19295752048492432
ndcg_20: 0.23262643814086914
hit_1: 0.07257132699315616
hit_5: 0.23420140431961603
hit_10: 0.35423517909519153
hit_20: 0.5120878144164963
ap: 0.16682258248329163
########## best_metrics ##########
ndcg_1: 0.07634876899831126
ndcg_5: 0.16217373311519623
ndcg_10: 0.2016935795545578
ndcg_20: 0.24325478076934814
hit_1: 0.07634876899831126
hit_5: 0.24842236245667051
hit_10: 0.3730779486267887
hit_20: 0.5391520753710781
ap: 0.17275725305080414
no increase in recent 2 iters
#########################################################
################## epoch 73 ###########################
loss: 410.9851, len_train_loader:198
modified_target in every batch:101.6061
modified_hist in every batch :430.8687
########## current_metrics ##########
ndcg_1: 0.0741267442893965
ndcg_5: 0.1556505411863327
ndcg_10: 0.1938457489013672
ndcg_20: 0.23402461409568787
hit_1: 0.0741267442893965
hit_5: 0.23526797617989512
hit_10: 0.35414629810683496
hit_20: 0.5139543151719848
ap: 0.16806194186210632
########## best_metrics ##########
ndcg_1: 0.07634876899831126
ndcg_5: 0.16217373311519623
ndcg_10: 0.2016935795545578
ndcg_20: 0.24325478076934814
hit_1: 0.07634876899831126
hit_5: 0.24842236245667051
hit_10: 0.3730779486267887
hit_20: 0.5391520753710781
ap: 0.17275725305080414
no increase in recent 3 iters
#########################################################
################## epoch 74 ###########################
loss: 409.7832, len_train_loader:198
modified_target in every batch:101.6061
modified_hist in every batch :430.399
########## current_metrics ##########
ndcg_1: 0.0695049328948538
ndcg_5: 0.1508449912071228
ndcg_10: 0.18916332721710205
ndcg_20: 0.22855344414710999
hit_1: 0.0695049328948538
hit_5: 0.23037952182028265
hit_10: 0.34948004621811396
hit_20: 0.5060883477024265
ap: 0.16336770355701447
########## best_metrics ##########
ndcg_1: 0.07634876899831126
ndcg_5: 0.16217373311519623
ndcg_10: 0.2016935795545578
ndcg_20: 0.24325478076934814
hit_1: 0.07634876899831126
hit_5: 0.24842236245667051
hit_10: 0.3730779486267887
hit_20: 0.5391520753710781
ap: 0.17275725305080414
no increase in recent 4 iters
#########################################################
################## epoch 75 ###########################
loss: 408.5544, len_train_loader:198
modified_target in every batch:101.6061
modified_hist in every batch :431.8687
########## current_metrics ##########
ndcg_1: 0.07363789885343525
ndcg_5: 0.1559859663248062
ndcg_10: 0.19455024600028992
ndcg_20: 0.23398666083812714
hit_1: 0.07363789885343525
hit_5: 0.23673451248777885
hit_10: 0.35685716825171093
hit_20: 0.5136876722069149
ap: 0.1679762899875641
########## best_metrics ##########
ndcg_1: 0.07634876899831126
ndcg_5: 0.16217373311519623
ndcg_10: 0.2016935795545578
ndcg_20: 0.24325478076934814
hit_1: 0.07634876899831126
hit_5: 0.24842236245667051
hit_10: 0.3730779486267887
hit_20: 0.5391520753710781
ap: 0.17275725305080414
no increase in recent 5 iters
#########################################################
################## epoch 76 ###########################
loss: 407.1247, len_train_loader:198
modified_target in every batch:101.6061
modified_hist in every batch :431.9747
########## current_metrics ##########
ndcg_1: 0.07479335170207092
ndcg_5: 0.15306101739406586
ndcg_10: 0.18977849185466766
ndcg_20: 0.22964614629745483
hit_1: 0.07479335170207092
hit_5: 0.2296240334192516
hit_10: 0.34383610345747045
hit_20: 0.5021775842147365
ap: 0.16597400605678558
########## best_metrics ##########
ndcg_1: 0.07634876899831126
ndcg_5: 0.16217373311519623
ndcg_10: 0.2016935795545578
ndcg_20: 0.24325478076934814
hit_1: 0.07634876899831126
hit_5: 0.24842236245667051
hit_10: 0.3730779486267887
hit_20: 0.5391520753710781
ap: 0.17275725305080414
no increase in recent 6 iters
#########################################################
################## epoch 77 ###########################
loss: 407.0306, len_train_loader:198
modified_target in every batch:101.6061
modified_hist in every batch :429.5707
########## current_metrics ##########
ndcg_1: 0.07421562527775309
ndcg_5: 0.15285511314868927
ndcg_10: 0.19106237590312958
ndcg_20: 0.23121210932731628
hit_1: 0.07421562527775309
hit_5: 0.22931294996000356
hit_10: 0.347835747933517
hit_20: 0.5072882410452404
ap: 0.16650216281414032
########## best_metrics ##########
ndcg_1: 0.07634876899831126
ndcg_5: 0.16217373311519623
ndcg_10: 0.2016935795545578
ndcg_20: 0.24325478076934814
hit_1: 0.07634876899831126
hit_5: 0.24842236245667051
hit_10: 0.3730779486267887
hit_20: 0.5391520753710781
ap: 0.17275725305080414
no increase in recent 7 iters
#########################################################
################## epoch 78 ###########################
loss: 405.079, len_train_loader:198
modified_target in every batch:101.6061
modified_hist in every batch :430.8232
########## current_metrics ##########
ndcg_1: 0.0703493022842414
ndcg_5: 0.14966131746768951
ndcg_10: 0.1873929351568222
ndcg_20: 0.22643332183361053
hit_1: 0.0703493022842414
hit_5: 0.22682428228601903
hit_10: 0.3440138654341836
hit_20: 0.4988889876455426
ap: 0.16279424726963043
########## best_metrics ##########
ndcg_1: 0.07634876899831126
ndcg_5: 0.16217373311519623
ndcg_10: 0.2016935795545578
ndcg_20: 0.24325478076934814
hit_1: 0.07634876899831126
hit_5: 0.24842236245667051
hit_10: 0.3730779486267887
hit_20: 0.5391520753710781
ap: 0.17275725305080414
no increase in recent 8 iters
#########################################################
################## epoch 79 ###########################
loss: 406.4939, len_train_loader:198
modified_target in every batch:101.6061
modified_hist in every batch :430.1616
########## current_metrics ##########
ndcg_1: 0.07177139809794685
ndcg_5: 0.15201342105865479
ndcg_10: 0.18991097807884216
ndcg_20: 0.22972092032432556
hit_1: 0.07177139809794685
hit_5: 0.23055728379699583
hit_10: 0.34828015287529995
hit_20: 0.5067105146209225
ap: 0.16466368734836578
########## best_metrics ##########
ndcg_1: 0.07634876899831126
ndcg_5: 0.16217373311519623
ndcg_10: 0.2016935795545578
ndcg_20: 0.24325478076934814
hit_1: 0.07634876899831126
hit_5: 0.24842236245667051
hit_10: 0.3730779486267887
hit_20: 0.5391520753710781
ap: 0.17275725305080414
no increase in recent 9 iters
#########################################################
################## epoch 80 ###########################
loss: 405.8044, len_train_loader:198
modified_target in every batch:101.6061
modified_hist in every batch :432.2121
########## current_metrics ##########
ndcg_1: 0.07186027908630344
ndcg_5: 0.15265251696109772
ndcg_10: 0.19100157916545868
ndcg_20: 0.23129573464393616
hit_1: 0.07186027908630344
hit_5: 0.2316682961514532
hit_10: 0.3508132610434628
hit_20: 0.5110656830503956
ap: 0.1654060035943985
########## best_metrics ##########
ndcg_1: 0.07634876899831126
ndcg_5: 0.16217373311519623
ndcg_10: 0.2016935795545578
ndcg_20: 0.24325478076934814
hit_1: 0.07634876899831126
hit_5: 0.24842236245667051
hit_10: 0.3730779486267887
hit_20: 0.5391520753710781
ap: 0.17275725305080414
no increase in recent 10 iters
#########################################################
################## epoch 81 ###########################
loss: 388.2134, len_train_loader:198
modified_target in every batch:101.6061
modified_hist in every batch :429.5657
########## current_metrics ##########
ndcg_1: 0.0722158030397298
ndcg_5: 0.15498805046081543
ndcg_10: 0.19311261177062988
ndcg_20: 0.2323157787322998
hit_1: 0.0722158030397298
hit_5: 0.2363345480401742
hit_10: 0.3547684650253311
hit_20: 0.5106212781086126
ap: 0.1666661500930786
########## best_metrics ##########
ndcg_1: 0.07634876899831126
ndcg_5: 0.16217373311519623
ndcg_10: 0.2016935795545578
ndcg_20: 0.24325478076934814
hit_1: 0.07634876899831126
hit_5: 0.24842236245667051
hit_10: 0.3730779486267887
hit_20: 0.5391520753710781
ap: 0.17275725305080414
no increase in recent 11 iters
#########################################################
################## epoch 82 ###########################
loss: 386.4316, len_train_loader:198
modified_target in every batch:101.6061
modified_hist in every batch :430.9091
########## current_metrics ##########
ndcg_1: 0.07052706426095458
ndcg_5: 0.1525975465774536
ndcg_10: 0.19081176817417145
ndcg_20: 0.23181936144828796
hit_1: 0.07052706426095458
hit_5: 0.23197937961070128
hit_10: 0.3506354990667496
hit_20: 0.5139098746778065
ap: 0.16524918377399445
########## best_metrics ##########
ndcg_1: 0.07634876899831126
ndcg_5: 0.16217373311519623
ndcg_10: 0.2016935795545578
ndcg_20: 0.24325478076934814
hit_1: 0.07634876899831126
hit_5: 0.24842236245667051
hit_10: 0.3730779486267887
hit_20: 0.5391520753710781
ap: 0.17275725305080414
no increase in recent 12 iters
#########################################################
################## epoch 83 ###########################
loss: 386.449, len_train_loader:198
modified_target in every batch:101.6061
modified_hist in every batch :431.6667
########## current_metrics ##########
ndcg_1: 0.07274908896986934
ndcg_5: 0.15414929389953613
ndcg_10: 0.191941037774086
ndcg_20: 0.23218415677547455
hit_1: 0.07274908896986934
hit_5: 0.23393476135454627
hit_10: 0.35130210647942406
hit_20: 0.5112434450271087
ap: 0.1664019674062729
########## best_metrics ##########
ndcg_1: 0.07634876899831126
ndcg_5: 0.16217373311519623
ndcg_10: 0.2016935795545578
ndcg_20: 0.24325478076934814
hit_1: 0.07634876899831126
hit_5: 0.24842236245667051
hit_10: 0.3730779486267887
hit_20: 0.5391520753710781
ap: 0.17275725305080414
no increase in recent 13 iters
#########################################################
################## epoch 84 ###########################
loss: 388.3659, len_train_loader:198
modified_target in every batch:101.6061
modified_hist in every batch :429.3535
########## current_metrics ##########
ndcg_1: 0.07479335170207092
ndcg_5: 0.1539507955312729
ndcg_10: 0.19193071126937866
ndcg_20: 0.23295247554779053
hit_1: 0.07479335170207092
hit_5: 0.23051284330281752
hit_10: 0.34876899831126124
hit_20: 0.5119544929339614
ap: 0.16751350462436676
########## best_metrics ##########
ndcg_1: 0.07634876899831126
ndcg_5: 0.16217373311519623
ndcg_10: 0.2016935795545578
ndcg_20: 0.24325478076934814
hit_1: 0.07634876899831126
hit_5: 0.24842236245667051
hit_10: 0.3730779486267887
hit_20: 0.5391520753710781
ap: 0.17275725305080414
no increase in recent 14 iters
#########################################################
################## epoch 85 ###########################
loss: 387.4188, len_train_loader:198
modified_target in every batch:101.6061
modified_hist in every batch :429.404
########## current_metrics ##########
ndcg_1: 0.07283796995822593
ndcg_5: 0.1531909853219986
ndcg_10: 0.19061324000358582
ndcg_20: 0.22933968901634216
hit_1: 0.07283796995822593
hit_5: 0.23162385565727492
hit_10: 0.3478801884276953
hit_20: 0.5019109412496667
ap: 0.1655714213848114
########## best_metrics ##########
ndcg_1: 0.07634876899831126
ndcg_5: 0.16217373311519623
ndcg_10: 0.2016935795545578
ndcg_20: 0.24325478076934814
hit_1: 0.07634876899831126
hit_5: 0.24842236245667051
hit_10: 0.3730779486267887
hit_20: 0.5391520753710781
ap: 0.17275725305080414
no increase in recent 15 iters
#########################################################
################## epoch 86 ###########################
loss: 385.0657, len_train_loader:198
modified_target in every batch:101.6061
modified_hist in every batch :429.6818
########## current_metrics ##########
ndcg_1: 0.07181583859212515
ndcg_5: 0.15387633442878723
ndcg_10: 0.19082364439964294
ndcg_20: 0.2304852157831192
hit_1: 0.07181583859212515
hit_5: 0.23340147542440673
hit_10: 0.34832459336947824
hit_20: 0.5059550262198915
ap: 0.1658216416835785
########## best_metrics ##########
ndcg_1: 0.07634876899831126
ndcg_5: 0.16217373311519623
ndcg_10: 0.2016935795545578
ndcg_20: 0.24325478076934814
hit_1: 0.07634876899831126
hit_5: 0.24842236245667051
hit_10: 0.3730779486267887
hit_20: 0.5391520753710781
ap: 0.17275725305080414
no increase in recent 16 iters
#########################################################
################## epoch 87 ###########################
loss: 386.6941, len_train_loader:198
modified_target in every batch:101.6061
modified_hist in every batch :430.5909
########## current_metrics ##########
ndcg_1: 0.07390454181850502
ndcg_5: 0.15594470500946045
ndcg_10: 0.1948329210281372
ndcg_20: 0.23519784212112427
hit_1: 0.07390454181850502
hit_5: 0.2363345480401742
hit_10: 0.3569016087458893
hit_20: 0.517154030752822
ap: 0.16859830915927887
########## best_metrics ##########
ndcg_1: 0.07634876899831126
ndcg_5: 0.16217373311519623
ndcg_10: 0.2016935795545578
ndcg_20: 0.24325478076934814
hit_1: 0.07634876899831126
hit_5: 0.24842236245667051
hit_10: 0.3730779486267887
hit_20: 0.5391520753710781
ap: 0.17275725305080414
no increase in recent 17 iters
#########################################################
################## epoch 88 ###########################
loss: 386.3806, len_train_loader:198
modified_target in every batch:101.6061
modified_hist in every batch :432.1919
########## current_metrics ##########
ndcg_1: 0.07079370722602435
ndcg_5: 0.15309901535511017
ndcg_10: 0.19090382754802704
ndcg_20: 0.23034751415252686
hit_1: 0.07079370722602435
hit_5: 0.23406808283708114
hit_10: 0.35156874944449384
hit_20: 0.508577015376411
ap: 0.16485759615898132
########## best_metrics ##########
ndcg_1: 0.07634876899831126
ndcg_5: 0.16217373311519623
ndcg_10: 0.2016935795545578
ndcg_20: 0.24325478076934814
hit_1: 0.07634876899831126
hit_5: 0.24842236245667051
hit_10: 0.3730779486267887
hit_20: 0.5391520753710781
ap: 0.17275725305080414
no increase in recent 18 iters
#########################################################
################## epoch 89 ###########################
loss: 384.5675, len_train_loader:198
modified_target in every batch:101.6061
modified_hist in every batch :430.9747
########## current_metrics ##########
ndcg_1: 0.07337125588836547
ndcg_5: 0.15272660553455353
ndcg_10: 0.18900179862976074
ndcg_20: 0.22867275774478912
hit_1: 0.07337125588836547
hit_5: 0.23051284330281752
hit_10: 0.34312505555061773
hit_20: 0.5010221313661007
ap: 0.1650306135416031
########## best_metrics ##########
ndcg_1: 0.07634876899831126
ndcg_5: 0.16217373311519623
ndcg_10: 0.2016935795545578
ndcg_20: 0.24325478076934814
hit_1: 0.07634876899831126
hit_5: 0.24842236245667051
hit_10: 0.3730779486267887
hit_20: 0.5391520753710781
ap: 0.17275725305080414
no increase in recent 19 iters
#########################################################
################## epoch 90 ###########################
loss: 385.7607, len_train_loader:198
modified_target in every batch:101.6061
modified_hist in every batch :428.6869
########## current_metrics ##########
ndcg_1: 0.0685272420229313
ndcg_5: 0.1453297883272171
ndcg_10: 0.18343161046504974
ndcg_20: 0.22342117130756378
hit_1: 0.0685272420229313
hit_5: 0.2203359701359879
hit_10: 0.338503244156075
hit_20: 0.49764465380855033
ap: 0.15943466126918793
########## best_metrics ##########
ndcg_1: 0.07634876899831126
ndcg_5: 0.16217373311519623
ndcg_10: 0.2016935795545578
ndcg_20: 0.24325478076934814
hit_1: 0.07634876899831126
hit_5: 0.24842236245667051
hit_10: 0.3730779486267887
hit_20: 0.5391520753710781
ap: 0.17275725305080414
no increase in recent 20 iters
#########################################################
################## epoch 91 ###########################
loss: 383.8264, len_train_loader:198
modified_target in every batch:101.6061
modified_hist in every batch :430.8889
########## current_metrics ##########
ndcg_1: 0.07297129144076082
ndcg_5: 0.15552903711795807
ndcg_10: 0.19287964701652527
ndcg_20: 0.23268231749534607
hit_1: 0.07297129144076082
hit_5: 0.2354457381566083
hit_10: 0.3515243089503155
hit_20: 0.5098657897075816
ap: 0.1674424111843109
########## best_metrics ##########
ndcg_1: 0.07634876899831126
ndcg_5: 0.16217373311519623
ndcg_10: 0.2016935795545578
ndcg_20: 0.24325478076934814
hit_1: 0.07634876899831126
hit_5: 0.24842236245667051
hit_10: 0.3730779486267887
hit_20: 0.5391520753710781
ap: 0.17275725305080414
no increase in recent 21 iters
#########################################################
################## epoch 92 ###########################
loss: 369.1414, len_train_loader:198
modified_target in every batch:101.6061
modified_hist in every batch :429.0707
########## current_metrics ##########
ndcg_1: 0.07208248155719492
ndcg_5: 0.15393544733524323
ndcg_10: 0.1906808763742447
ndcg_20: 0.23057064414024353
hit_1: 0.07208248155719492
hit_5: 0.23402364234290285
hit_10: 0.3481912718869434
hit_20: 0.5067993956092792
ap: 0.16560514271259308
########## best_metrics ##########
ndcg_1: 0.07634876899831126
ndcg_5: 0.16217373311519623
ndcg_10: 0.2016935795545578
ndcg_20: 0.24325478076934814
hit_1: 0.07634876899831126
hit_5: 0.24842236245667051
hit_10: 0.3730779486267887
hit_20: 0.5391520753710781
ap: 0.17275725305080414
no increase in recent 22 iters
#########################################################
################## epoch 93 ###########################
loss: 367.4532, len_train_loader:198
modified_target in every batch:101.6061
modified_hist in every batch :430.697
########## current_metrics ##########
ndcg_1: 0.0722158030397298
ndcg_5: 0.15266923606395721
ndcg_10: 0.18959181010723114
ndcg_20: 0.22842897474765778
hit_1: 0.0722158030397298
hit_5: 0.2306906052795307
hit_10: 0.34574704470713713
hit_20: 0.5001777619767132
ap: 0.16487720608711243
########## best_metrics ##########
ndcg_1: 0.07634876899831126
ndcg_5: 0.16217373311519623
ndcg_10: 0.2016935795545578
ndcg_20: 0.24325478076934814
hit_1: 0.07634876899831126
hit_5: 0.24842236245667051
hit_10: 0.3730779486267887
hit_20: 0.5391520753710781
ap: 0.17275725305080414
no increase in recent 23 iters
#########################################################
################## epoch 94 ###########################
loss: 368.288, len_train_loader:198
modified_target in every batch:101.6061
modified_hist in every batch :429.5859
########## current_metrics ##########
ndcg_1: 0.07346013687672207
ndcg_5: 0.1526041328907013
ndcg_10: 0.19049938023090363
ndcg_20: 0.22960980236530304
hit_1: 0.07346013687672207
hit_5: 0.23029064083192605
hit_10: 0.3479246289218736
hit_20: 0.5037774420051551
ap: 0.16543525457382202
########## best_metrics ##########
ndcg_1: 0.07634876899831126
ndcg_5: 0.16217373311519623
ndcg_10: 0.2016935795545578
ndcg_20: 0.24325478076934814
hit_1: 0.07634876899831126
hit_5: 0.24842236245667051
hit_10: 0.3730779486267887
hit_20: 0.5391520753710781
ap: 0.17275725305080414
no increase in recent 24 iters
#########################################################
################## epoch 95 ###########################
loss: 367.1831, len_train_loader:198
modified_target in every batch:101.6061
modified_hist in every batch :428.9747
########## current_metrics ##########
ndcg_1: 0.07359345835925696
ndcg_5: 0.15263596177101135
ndcg_10: 0.18815647065639496
ndcg_20: 0.22907958924770355
hit_1: 0.07359345835925696
hit_5: 0.22971291440760822
hit_10: 0.34023642342902854
hit_20: 0.5031997155808372
ap: 0.16507762670516968
########## best_metrics ##########
ndcg_1: 0.07634876899831126
ndcg_5: 0.16217373311519623
ndcg_10: 0.2016935795545578
ndcg_20: 0.24325478076934814
hit_1: 0.07634876899831126
hit_5: 0.24842236245667051
hit_10: 0.3730779486267887
hit_20: 0.5391520753710781
ap: 0.17275725305080414
no increase in recent 25 iters
#########################################################
################## epoch 96 ###########################
loss: 368.7809, len_train_loader:198
modified_target in every batch:101.6061
modified_hist in every batch :429.9899
########## current_metrics ##########
ndcg_1: 0.07234912452226469
ndcg_5: 0.1532643884420395
ndcg_10: 0.19154033064842224
ndcg_20: 0.23048357665538788
hit_1: 0.07234912452226469
hit_5: 0.23233490356412764
hit_10: 0.35130210647942406
hit_20: 0.5064438716558528
ap: 0.16563454270362854
########## best_metrics ##########
ndcg_1: 0.07634876899831126
ndcg_5: 0.16217373311519623
ndcg_10: 0.2016935795545578
ndcg_20: 0.24325478076934814
hit_1: 0.07634876899831126
hit_5: 0.24842236245667051
hit_10: 0.3730779486267887
hit_20: 0.5391520753710781
ap: 0.17275725305080414
no increase in recent 26 iters
#########################################################
################## epoch 97 ###########################
loss: 368.77, len_train_loader:198
modified_target in every batch:101.6061
modified_hist in every batch :433.0051
########## current_metrics ##########
ndcg_1: 0.07283796995822593
ndcg_5: 0.15381890535354614
ndcg_10: 0.19241781532764435
ndcg_20: 0.2326863706111908
hit_1: 0.07283796995822593
hit_5: 0.23326815394187184
hit_10: 0.35343525019998223
hit_20: 0.51355435072438
ap: 0.16640038788318634
########## best_metrics ##########
ndcg_1: 0.07634876899831126
ndcg_5: 0.16217373311519623
ndcg_10: 0.2016935795545578
ndcg_20: 0.24325478076934814
hit_1: 0.07634876899831126
hit_5: 0.24842236245667051
hit_10: 0.3730779486267887
hit_20: 0.5391520753710781
ap: 0.17275725305080414
no increase in recent 27 iters
#########################################################
################## epoch 98 ###########################
loss: 367.9162, len_train_loader:198
modified_target in every batch:101.6061
modified_hist in every batch :429.0909
########## current_metrics ##########
ndcg_1: 0.0694160519064972
ndcg_5: 0.14719222486019135
ndcg_10: 0.18406428396701813
ndcg_20: 0.22405515611171722
hit_1: 0.0694160519064972
hit_5: 0.22251355435072437
hit_10: 0.33721446982490444
hit_20: 0.49648920095991467
ap: 0.16063430905342102
########## best_metrics ##########
ndcg_1: 0.07634876899831126
ndcg_5: 0.16217373311519623
ndcg_10: 0.2016935795545578
ndcg_20: 0.24325478076934814
hit_1: 0.07634876899831126
hit_5: 0.24842236245667051
hit_10: 0.3730779486267887
hit_20: 0.5391520753710781
ap: 0.17275725305080414
no increase in recent 28 iters
#########################################################
################## epoch 99 ###########################
loss: 369.694, len_train_loader:198
modified_target in every batch:101.6061
modified_hist in every batch :428.5404
########## current_metrics ##########
ndcg_1: 0.07337125588836547
ndcg_5: 0.15310579538345337
ndcg_10: 0.19013851881027222
ndcg_20: 0.22978879511356354
hit_1: 0.07337125588836547
hit_5: 0.23100168873877877
hit_10: 0.34592480668385034
hit_20: 0.5035996800284419
ap: 0.16574445366859436
########## best_metrics ##########
ndcg_1: 0.07634876899831126
ndcg_5: 0.16217373311519623
ndcg_10: 0.2016935795545578
ndcg_20: 0.24325478076934814
hit_1: 0.07634876899831126
hit_5: 0.24842236245667051
hit_10: 0.3730779486267887
hit_20: 0.5391520753710781
ap: 0.17275725305080414
no increase in recent 29 iters
#########################################################
################## epoch 100 ###########################
loss: 368.4233, len_train_loader:198
modified_target in every batch:101.6061
modified_hist in every batch :430.803
########## current_metrics ##########
ndcg_1: 0.07092702870855924
ndcg_5: 0.15077582001686096
ndcg_10: 0.1882525533437729
ndcg_20: 0.22827596962451935
hit_1: 0.07092702870855924
hit_5: 0.22842414007643766
hit_10: 0.34468047284685804
hit_20: 0.5039996444760466
ap: 0.16367284953594208
########## best_metrics ##########
ndcg_1: 0.07634876899831126
ndcg_5: 0.16217373311519623
ndcg_10: 0.2016935795545578
ndcg_20: 0.24325478076934814
hit_1: 0.07634876899831126
hit_5: 0.24842236245667051
hit_10: 0.3730779486267887
hit_20: 0.5391520753710781
ap: 0.17275725305080414
no increase in recent 30 iters
#########################################################
model saved at ./datasets/electronics/model/SASRecelectronics-100-model.pkl
################## epoch 101 ###########################
loss: 365.5775, len_train_loader:198
modified_target in every batch:101.6061
modified_hist in every batch :430.2121
########## current_metrics ##########
ndcg_1: 0.07297129144076082
ndcg_5: 0.15250767767429352
ndcg_10: 0.19035634398460388
ndcg_20: 0.22976164519786835
hit_1: 0.07297129144076082
hit_5: 0.22949071193671675
hit_10: 0.34721358101502087
hit_20: 0.5037774420051551
ap: 0.16558890044689178
########## best_metrics ##########
ndcg_1: 0.07634876899831126
ndcg_5: 0.16217373311519623
ndcg_10: 0.2016935795545578
ndcg_20: 0.24325478076934814
hit_1: 0.07634876899831126
hit_5: 0.24842236245667051
hit_10: 0.3730779486267887
hit_20: 0.5391520753710781
ap: 0.17275725305080414
no increase in recent 31 iters
#########################################################
################## epoch 102 ###########################
loss: 366.5928, len_train_loader:198
modified_target in every batch:101.6061
modified_hist in every batch :430.0253
########## current_metrics ##########
ndcg_1: 0.07154919562705538
ndcg_5: 0.1504793018102646
ndcg_10: 0.18786834180355072
ndcg_20: 0.22775733470916748
hit_1: 0.07154919562705538
hit_5: 0.22744644920451515
hit_10: 0.34379166296329217
hit_20: 0.502266465203093
ap: 0.1635006219148636
########## best_metrics ##########
ndcg_1: 0.07634876899831126
ndcg_5: 0.16217373311519623
ndcg_10: 0.2016935795545578
ndcg_20: 0.24325478076934814
hit_1: 0.07634876899831126
hit_5: 0.24842236245667051
hit_10: 0.3730779486267887
hit_20: 0.5391520753710781
ap: 0.17275725305080414
no increase in recent 32 iters
#########################################################
################## epoch 103 ###########################
loss: 354.6366, len_train_loader:198
modified_target in every batch:101.6061
modified_hist in every batch :430.6919
########## current_metrics ##########
ndcg_1: 0.07266020798151275
ndcg_5: 0.15162958204746246
ndcg_10: 0.18839436769485474
ndcg_20: 0.22820375859737396
hit_1: 0.07266020798151275
hit_5: 0.22913518798329038
hit_10: 0.3433028175273309
hit_20: 0.5016887387787752
ap: 0.1643042266368866
########## best_metrics ##########
ndcg_1: 0.07634876899831126
ndcg_5: 0.16217373311519623
ndcg_10: 0.2016935795545578
ndcg_20: 0.24325478076934814
hit_1: 0.07634876899831126
hit_5: 0.24842236245667051
hit_10: 0.3730779486267887
hit_20: 0.5391520753710781
ap: 0.17275725305080414
no increase in recent 33 iters
#########################################################
################## epoch 104 ###########################
loss: 349.803, len_train_loader:198
modified_target in every batch:101.6061
modified_hist in every batch :429.4242
########## current_metrics ##########
ndcg_1: 0.07346013687672207
ndcg_5: 0.15102197229862213
ndcg_10: 0.18685752153396606
ndcg_20: 0.2268057018518448
hit_1: 0.07346013687672207
hit_5: 0.2271798062394454
hit_10: 0.3387698871211448
hit_20: 0.49777797529108525
ap: 0.16378706693649292
########## best_metrics ##########
ndcg_1: 0.07634876899831126
ndcg_5: 0.16217373311519623
ndcg_10: 0.2016935795545578
ndcg_20: 0.24325478076934814
hit_1: 0.07634876899831126
hit_5: 0.24842236245667051
hit_10: 0.3730779486267887
hit_20: 0.5391520753710781
ap: 0.17275725305080414
no increase in recent 34 iters
#########################################################
################## epoch 105 ###########################
loss: 351.7359, len_train_loader:198
modified_target in every batch:101.6061
modified_hist in every batch :431.7929
########## current_metrics ##########
ndcg_1: 0.07003821882499334
ndcg_5: 0.14942292869091034
ndcg_10: 0.18618255853652954
ndcg_20: 0.2260621041059494
hit_1: 0.07003821882499334
hit_5: 0.22651319882677096
hit_10: 0.3406808283708115
hit_20: 0.4988889876455426
ap: 0.16232213377952576
########## best_metrics ##########
ndcg_1: 0.07634876899831126
ndcg_5: 0.16217373311519623
ndcg_10: 0.2016935795545578
ndcg_20: 0.24325478076934814
hit_1: 0.07634876899831126
hit_5: 0.24842236245667051
hit_10: 0.3730779486267887
hit_20: 0.5391520753710781
ap: 0.17275725305080414
no increase in recent 35 iters
#########################################################
################## epoch 106 ###########################
loss: 350.6776, len_train_loader:198
modified_target in every batch:101.6061
modified_hist in every batch :430.1212
########## current_metrics ##########
ndcg_1: 0.07545995911474536
ndcg_5: 0.15309873223304749
ndcg_10: 0.1911020427942276
ndcg_20: 0.23028604686260223
hit_1: 0.07545995911474536
hit_5: 0.22909074748911207
hit_10: 0.3471247000266643
hit_20: 0.5027553106390543
ap: 0.1666482836008072
########## best_metrics ##########
ndcg_1: 0.07634876899831126
ndcg_5: 0.16217373311519623
ndcg_10: 0.2016935795545578
ndcg_20: 0.24325478076934814
hit_1: 0.07634876899831126
hit_5: 0.24842236245667051
hit_10: 0.3730779486267887
hit_20: 0.5391520753710781
ap: 0.17275725305080414
no increase in recent 36 iters
#########################################################
################## epoch 107 ###########################
loss: 351.2788, len_train_loader:198
modified_target in every batch:101.6061
modified_hist in every batch :431.9747
########## current_metrics ##########
ndcg_1: 0.07003821882499334
ndcg_5: 0.1472322642803192
ndcg_10: 0.18403148651123047
ndcg_20: 0.22401311993598938
hit_1: 0.07003821882499334
hit_5: 0.22300239978668562
hit_10: 0.33739223180161765
hit_20: 0.4966225224424496
ap: 0.16058725118637085
########## best_metrics ##########
ndcg_1: 0.07634876899831126
ndcg_5: 0.16217373311519623
ndcg_10: 0.2016935795545578
ndcg_20: 0.24325478076934814
hit_1: 0.07634876899831126
hit_5: 0.24842236245667051
hit_10: 0.3730779486267887
hit_20: 0.5391520753710781
ap: 0.17275725305080414
no increase in recent 37 iters
#########################################################
################## epoch 108 ###########################
loss: 353.4726, len_train_loader:198
modified_target in every batch:101.6061
modified_hist in every batch :429.7828
########## current_metrics ##########
ndcg_1: 0.07132699315616389
ndcg_5: 0.14746703207492828
ndcg_10: 0.18551979959011078
ndcg_20: 0.22433821856975555
hit_1: 0.07132699315616389
hit_5: 0.222158030397298
hit_10: 0.3405475068882766
hit_20: 0.4951115456403875
ap: 0.16149573028087616
########## best_metrics ##########
ndcg_1: 0.07634876899831126
ndcg_5: 0.16217373311519623
ndcg_10: 0.2016935795545578
ndcg_20: 0.24325478076934814
hit_1: 0.07634876899831126
hit_5: 0.24842236245667051
hit_10: 0.3730779486267887
hit_20: 0.5391520753710781
ap: 0.17275725305080414
no increase in recent 38 iters
#########################################################
################## epoch 109 ###########################
loss: 352.0703, len_train_loader:198
modified_target in every batch:101.6061
modified_hist in every batch :430.0707
########## current_metrics ##########
ndcg_1: 0.07043818327259799
ndcg_5: 0.14946891367435455
ndcg_10: 0.18648791313171387
ndcg_20: 0.22599013149738312
hit_1: 0.07043818327259799
hit_5: 0.22753533019287175
hit_10: 0.3426806506088348
hit_20: 0.4992889520931473
ap: 0.16218282282352448
########## best_metrics ##########
ndcg_1: 0.07634876899831126
ndcg_5: 0.16217373311519623
ndcg_10: 0.2016935795545578
ndcg_20: 0.24325478076934814
hit_1: 0.07634876899831126
hit_5: 0.24842236245667051
hit_10: 0.3730779486267887
hit_20: 0.5391520753710781
ap: 0.17275725305080414
no increase in recent 39 iters
#########################################################
################## epoch 110 ###########################
loss: 350.9701, len_train_loader:198
modified_target in every batch:101.6061
modified_hist in every batch :431.4141
########## current_metrics ##########
ndcg_1: 0.07261576748733446
ndcg_5: 0.15032799541950226
ndcg_10: 0.18845048546791077
ndcg_20: 0.22703728079795837
hit_1: 0.07261576748733446
hit_5: 0.22624655586170117
hit_10: 0.34481379432939296
hit_20: 0.498489023197938
ap: 0.16381016373634338
########## best_metrics ##########
ndcg_1: 0.07634876899831126
ndcg_5: 0.16217373311519623
ndcg_10: 0.2016935795545578
ndcg_20: 0.24325478076934814
hit_1: 0.07634876899831126
hit_5: 0.24842236245667051
hit_10: 0.3730779486267887
hit_20: 0.5391520753710781
ap: 0.17275725305080414
no increase in recent 40 iters
#########################################################
################## epoch 111 ###########################
loss: 351.7964, len_train_loader:198
modified_target in every batch:101.6061
modified_hist in every batch :430.4293
########## current_metrics ##########
ndcg_1: 0.07110479068527242
ndcg_5: 0.14781391620635986
ndcg_10: 0.18428879976272583
ndcg_20: 0.2234489470720291
hit_1: 0.07110479068527242
hit_5: 0.22309128077504223
hit_10: 0.33641454092969514
hit_20: 0.49240067549551153
ap: 0.16100282967090607
########## best_metrics ##########
ndcg_1: 0.07634876899831126
ndcg_5: 0.16217373311519623
ndcg_10: 0.2016935795545578
ndcg_20: 0.24325478076934814
hit_1: 0.07634876899831126
hit_5: 0.24842236245667051
hit_10: 0.3730779486267887
hit_20: 0.5391520753710781
ap: 0.17275725305080414
early stop
#########################################################
