nohup: ignoring input
########## DataInfo ##########
reading seq.dat
numUser:22502
numItem:10649
########## config ##########
thread_num: 4
dataset: electronics
eval_neg_num: 100
train_neg_num: 30
input_len: 5
rec_model: SASRec
train_type: train
save_epochs: [100, 200, 300, 400]
epoch_num: 500
learning_rate: 0.01
train_batch_size: 1024
test_batch_size: 256
drop_ratio: 0.1
decay_factor: 0.9
hidden_size: 50
num_hidden_layers: 1
num_attention_heads: 2
intermediate_size: 100
hidden_act: gelu
hidden_dropout_prob: 0.1
attention_probs_dropout_prob: 0.1
type_vocab_size: 1
initializer_range: 0.1
loss_type: pairwise_sample
weight_decay: 0.01
device: cuda
max_seq_len: 6
layer_size: 1
threshold: 1
noise_ratio: 0.05
candidate_num: 3
high_loss_drop: 0.1
weight_drop: 0.2
encoder_loss: False
user_num: 22502
item_num: 10649
generating train samples
train_size: 201973, time: 1.1314504146575928
abandoned 0(0.0) samples
valid user num: 22502
valid item num: 10648
generating test samples
test_size: 22502, time: 13.048659324645996
abandoned 0(0.0) samples
------------SASREC ENCODER YES------------
============================================================
Start Training
============================================================
################## epoch 0 ###########################
loss: 1441.5187, len_train_loader:198
modified_target in every batch:0.0
modified_hist in every batch :0.0
########## current_metrics ##########
ndcg_1: 0.010354635143542797
ndcg_5: 0.032499633729457855
ndcg_10: 0.050038356333971024
ndcg_20: 0.07764037698507309
hit_1: 0.010354635143542797
hit_5: 0.05590614167629544
hit_10: 0.11079015198649009
hit_20: 0.2212692205137321
ap: 0.055159542709589005
########## best_metrics ##########
ndcg_1: 0.010354635143542797
ndcg_5: 0.032499633729457855
ndcg_10: 0.050038356333971024
ndcg_20: 0.07764037698507309
hit_1: 0.010354635143542797
hit_5: 0.05590614167629544
hit_10: 0.11079015198649009
hit_20: 0.2212692205137321
ap: 0.055159542709589005
no increase in recent 0 iters
#########################################################
################## epoch 1 ###########################
loss: 1356.3081, len_train_loader:198
modified_target in every batch:4.9798
modified_hist in every batch :0.0
########## current_metrics ##########
ndcg_1: 0.017154030752821972
ndcg_5: 0.050822485238313675
ndcg_10: 0.07704347372055054
ndcg_20: 0.11666885763406754
hit_1: 0.017154030752821972
hit_5: 0.08643676117678428
hit_10: 0.16860723491245222
hit_20: 0.32681539418718336
ap: 0.07638880610466003
########## best_metrics ##########
ndcg_1: 0.017154030752821972
ndcg_5: 0.050822485238313675
ndcg_10: 0.07704347372055054
ndcg_20: 0.11666885763406754
hit_1: 0.017154030752821972
hit_5: 0.08643676117678428
hit_10: 0.16860723491245222
hit_20: 0.32681539418718336
ap: 0.07638880610466003
no increase in recent 0 iters
#########################################################
################## epoch 2 ###########################
loss: 1142.1756, len_train_loader:198
modified_target in every batch:9.9596
modified_hist in every batch :0.0
########## current_metrics ##########
ndcg_1: 0.0215980801706515
ndcg_5: 0.06573928892612457
ndcg_10: 0.10050182044506073
ndcg_20: 0.14411161839962006
hit_1: 0.0215980801706515
hit_5: 0.11225668829437384
hit_10: 0.22078037507777087
hit_20: 0.39467602879744024
ap: 0.09148229658603668
########## best_metrics ##########
ndcg_1: 0.0215980801706515
ndcg_5: 0.06573928892612457
ndcg_10: 0.10050182044506073
ndcg_20: 0.14411161839962006
hit_1: 0.0215980801706515
hit_5: 0.11225668829437384
hit_10: 0.22078037507777087
hit_20: 0.39467602879744024
ap: 0.09148229658603668
no increase in recent 0 iters
#########################################################
################## epoch 3 ###########################
loss: 1080.4202, len_train_loader:198
modified_target in every batch:15.9343
modified_hist in every batch :0.0
########## current_metrics ##########
ndcg_1: 0.020620389298729003
ndcg_5: 0.06841873377561569
ndcg_10: 0.10462886095046997
ndcg_20: 0.15011648833751678
hit_1: 0.020620389298729003
hit_5: 0.119056083903653
hit_10: 0.23197937961070128
hit_20: 0.41329659585814593
ap: 0.09381216019392014
########## best_metrics ##########
ndcg_1: 0.0215980801706515
ndcg_5: 0.06841873377561569
ndcg_10: 0.10462886095046997
ndcg_20: 0.15011648833751678
hit_1: 0.0215980801706515
hit_5: 0.119056083903653
hit_10: 0.23197937961070128
hit_20: 0.41329659585814593
ap: 0.09381216019392014
no increase in recent 0 iters
#########################################################
################## epoch 4 ###########################
loss: 1033.5937, len_train_loader:198
modified_target in every batch:20.9192
modified_hist in every batch :0.0
########## current_metrics ##########
ndcg_1: 0.029330726157674875
ndcg_5: 0.0845739096403122
ndcg_10: 0.12082136422395706
ndcg_20: 0.16548612713813782
hit_1: 0.029330726157674875
hit_5: 0.1416762954404053
hit_10: 0.25539952004266286
hit_20: 0.43307261576748735
ap: 0.10694705694913864
########## best_metrics ##########
ndcg_1: 0.029330726157674875
ndcg_5: 0.0845739096403122
ndcg_10: 0.12082136422395706
ndcg_20: 0.16548612713813782
hit_1: 0.029330726157674875
hit_5: 0.1416762954404053
hit_10: 0.25539952004266286
hit_20: 0.43307261576748735
ap: 0.10694705694913864
no increase in recent 0 iters
#########################################################
################## epoch 5 ###########################
loss: 955.0806, len_train_loader:198
modified_target in every batch:25.899
modified_hist in every batch :0.0
########## current_metrics ##########
ndcg_1: 0.04146298106834948
ndcg_5: 0.1129235327243805
ndcg_10: 0.151645228266716
ndcg_20: 0.19517061114311218
hit_1: 0.04146298106834948
hit_5: 0.18505021775842148
hit_10: 0.30597280241756286
hit_20: 0.47889076526530977
ap: 0.12991151213645935
########## best_metrics ##########
ndcg_1: 0.04146298106834948
ndcg_5: 0.1129235327243805
ndcg_10: 0.151645228266716
ndcg_20: 0.19517061114311218
hit_1: 0.04146298106834948
hit_5: 0.18505021775842148
hit_10: 0.30597280241756286
hit_20: 0.47889076526530977
ap: 0.12991151213645935
no increase in recent 0 iters
#########################################################
################## epoch 6 ###########################
loss: 876.0514, len_train_loader:198
modified_target in every batch:31.8737
modified_hist in every batch :0.0
########## current_metrics ##########
ndcg_1: 0.052306461647853526
ndcg_5: 0.12869779765605927
ndcg_10: 0.17198751866817474
ndcg_20: 0.2150575816631317
hit_1: 0.052306461647853526
hit_5: 0.20598169051639853
hit_10: 0.34045862589992
hit_20: 0.5114212070038219
ap: 0.1454278975725174
########## best_metrics ##########
ndcg_1: 0.052306461647853526
ndcg_5: 0.12869779765605927
ndcg_10: 0.17198751866817474
ndcg_20: 0.2150575816631317
hit_1: 0.052306461647853526
hit_5: 0.20598169051639853
hit_10: 0.34045862589992
hit_20: 0.5114212070038219
ap: 0.1454278975725174
no increase in recent 0 iters
#########################################################
################## epoch 7 ###########################
loss: 834.8781, len_train_loader:198
modified_target in every batch:36.8586
modified_hist in every batch :0.0
########## current_metrics ##########
ndcg_1: 0.05412852190916363
ndcg_5: 0.13253459334373474
ndcg_10: 0.1735517382621765
ndcg_20: 0.217088520526886
hit_1: 0.05412852190916363
hit_5: 0.21131454981779396
hit_10: 0.3386810061327882
hit_20: 0.511598968980535
ap: 0.14794550836086273
########## best_metrics ##########
ndcg_1: 0.05412852190916363
ndcg_5: 0.13253459334373474
ndcg_10: 0.1735517382621765
ndcg_20: 0.217088520526886
hit_1: 0.05412852190916363
hit_5: 0.21131454981779396
hit_10: 0.34045862589992
hit_20: 0.511598968980535
ap: 0.14794550836086273
no increase in recent 0 iters
#########################################################
################## epoch 8 ###########################
loss: 803.354, len_train_loader:198
modified_target in every batch:42.8333
modified_hist in every batch :0.0
########## current_metrics ##########
ndcg_1: 0.05999466714069861
ndcg_5: 0.14748230576515198
ndcg_10: 0.1904916614294052
ndcg_20: 0.23490943014621735
hit_1: 0.05999466714069861
hit_5: 0.23415696382543774
hit_10: 0.367700648831215
hit_20: 0.5442182917074038
ap: 0.16064684092998505
########## best_metrics ##########
ndcg_1: 0.05999466714069861
ndcg_5: 0.14748230576515198
ndcg_10: 0.1904916614294052
ndcg_20: 0.23490943014621735
hit_1: 0.05999466714069861
hit_5: 0.23415696382543774
hit_10: 0.367700648831215
hit_20: 0.5442182917074038
ap: 0.16064684092998505
no increase in recent 0 iters
#########################################################
################## epoch 9 ###########################
loss: 782.5898, len_train_loader:198
modified_target in every batch:47.8131
modified_hist in every batch :0.0
########## current_metrics ##########
ndcg_1: 0.058705892809528044
ndcg_5: 0.1422826051712036
ndcg_10: 0.1867275834083557
ndcg_20: 0.23054571449756622
hit_1: 0.058705892809528044
hit_5: 0.22575771042573994
hit_10: 0.36370100435516844
hit_20: 0.5378188605457292
ap: 0.15707506239414215
########## best_metrics ##########
ndcg_1: 0.05999466714069861
ndcg_5: 0.14748230576515198
ndcg_10: 0.1904916614294052
ndcg_20: 0.23490943014621735
hit_1: 0.05999466714069861
hit_5: 0.23415696382543774
hit_10: 0.367700648831215
hit_20: 0.5442182917074038
ap: 0.16064684092998505
no increase in recent 1 iters
#########################################################
################## epoch 10 ###########################
loss: 762.1627, len_train_loader:198
modified_target in every batch:52.7929
modified_hist in every batch :0.0
########## current_metrics ##########
ndcg_1: 0.05857257132699316
ndcg_5: 0.1402484029531479
ndcg_10: 0.1829608678817749
ndcg_20: 0.22611792385578156
hit_1: 0.05857257132699316
hit_5: 0.2222913518798329
hit_10: 0.35503510799040083
hit_20: 0.5263976535419074
ap: 0.15480956435203552
########## best_metrics ##########
ndcg_1: 0.05999466714069861
ndcg_5: 0.14748230576515198
ndcg_10: 0.1904916614294052
ndcg_20: 0.23490943014621735
hit_1: 0.05999466714069861
hit_5: 0.23415696382543774
hit_10: 0.367700648831215
hit_20: 0.5442182917074038
ap: 0.16064684092998505
no increase in recent 2 iters
#########################################################
################## epoch 11 ###########################
loss: 741.7672, len_train_loader:198
modified_target in every batch:58.7727
modified_hist in every batch :0.0
########## current_metrics ##########
ndcg_1: 0.062172251355435075
ndcg_5: 0.14837846159934998
ndcg_10: 0.1921546459197998
ndcg_20: 0.23603247106075287
hit_1: 0.062172251355435075
hit_5: 0.23473469024975557
hit_10: 0.3708114834236957
hit_20: 0.5449737801084348
ap: 0.16172362864017487
########## best_metrics ##########
ndcg_1: 0.062172251355435075
ndcg_5: 0.14837846159934998
ndcg_10: 0.1921546459197998
ndcg_20: 0.23603247106075287
hit_1: 0.062172251355435075
hit_5: 0.23473469024975557
hit_10: 0.3708114834236957
hit_20: 0.5449737801084348
ap: 0.16172362864017487
no increase in recent 0 iters
#########################################################
################## epoch 12 ###########################
loss: 723.1671, len_train_loader:198
modified_target in every batch:63.7525
modified_hist in every batch :0.0
########## current_metrics ##########
ndcg_1: 0.06337214469824905
ndcg_5: 0.14767681062221527
ndcg_10: 0.18867136538028717
ndcg_20: 0.23203660547733307
hit_1: 0.06337214469824905
hit_5: 0.23055728379699583
hit_10: 0.35805706159452494
hit_20: 0.5305306195004889
ap: 0.16096161305904388
########## best_metrics ##########
ndcg_1: 0.06337214469824905
ndcg_5: 0.14837846159934998
ndcg_10: 0.1921546459197998
ndcg_20: 0.23603247106075287
hit_1: 0.06337214469824905
hit_5: 0.23473469024975557
hit_10: 0.3708114834236957
hit_20: 0.5449737801084348
ap: 0.16172362864017487
no increase in recent 0 iters
#########################################################
################## epoch 13 ###########################
loss: 705.2685, len_train_loader:198
modified_target in every batch:69.7273
modified_hist in every batch :0.0
########## current_metrics ##########
ndcg_1: 0.06061683405919474
ndcg_5: 0.1450071483850479
ndcg_10: 0.18674379587173462
ndcg_20: 0.23056796193122864
hit_1: 0.06061683405919474
hit_5: 0.22846858057061595
hit_10: 0.3581459425828815
hit_20: 0.5320860367967292
ap: 0.15858368575572968
########## best_metrics ##########
ndcg_1: 0.06337214469824905
ndcg_5: 0.14837846159934998
ndcg_10: 0.1921546459197998
ndcg_20: 0.23603247106075287
hit_1: 0.06337214469824905
hit_5: 0.23473469024975557
hit_10: 0.3708114834236957
hit_20: 0.5449737801084348
ap: 0.16172362864017487
no increase in recent 1 iters
#########################################################
################## epoch 14 ###########################
loss: 687.9089, len_train_loader:198
modified_target in every batch:74.7121
modified_hist in every batch :0.0
########## current_metrics ##########
ndcg_1: 0.068482801528753
ndcg_5: 0.1553686112165451
ndcg_10: 0.19709424674510956
ndcg_20: 0.24078430235385895
hit_1: 0.068482801528753
hit_5: 0.24082303795218202
hit_10: 0.3702337569993778
hit_20: 0.5437294462714425
ap: 0.16793280839920044
########## best_metrics ##########
ndcg_1: 0.068482801528753
ndcg_5: 0.1553686112165451
ndcg_10: 0.19709424674510956
ndcg_20: 0.24078430235385895
hit_1: 0.068482801528753
hit_5: 0.24082303795218202
hit_10: 0.3708114834236957
hit_20: 0.5449737801084348
ap: 0.16793280839920044
no increase in recent 0 iters
#########################################################
################## epoch 15 ###########################
loss: 670.9893, len_train_loader:198
modified_target in every batch:79.6919
modified_hist in every batch :0.0
########## current_metrics ##########
ndcg_1: 0.06919384943560572
ndcg_5: 0.1587318331003189
ndcg_10: 0.2009129375219345
ndcg_20: 0.24418172240257263
hit_1: 0.06919384943560572
hit_5: 0.24624477824193405
hit_10: 0.37734423606790507
hit_20: 0.5491511865611945
ap: 0.17057885229587555
########## best_metrics ##########
ndcg_1: 0.06919384943560572
ndcg_5: 0.1587318331003189
ndcg_10: 0.2009129375219345
ndcg_20: 0.24418172240257263
hit_1: 0.06919384943560572
hit_5: 0.24624477824193405
hit_10: 0.37734423606790507
hit_20: 0.5491511865611945
ap: 0.17057885229587555
no increase in recent 0 iters
#########################################################
################## epoch 16 ###########################
loss: 653.8304, len_train_loader:198
modified_target in every batch:85.6667
modified_hist in every batch :0.0
########## current_metrics ##########
ndcg_1: 0.06639409830237313
ndcg_5: 0.15399011969566345
ndcg_10: 0.19627735018730164
ndcg_20: 0.23893781006336212
hit_1: 0.06639409830237313
hit_5: 0.24051195449293397
hit_10: 0.37196693627233135
hit_20: 0.5414629810683494
ap: 0.1663232296705246
########## best_metrics ##########
ndcg_1: 0.06919384943560572
ndcg_5: 0.1587318331003189
ndcg_10: 0.2009129375219345
ndcg_20: 0.24418172240257263
hit_1: 0.06919384943560572
hit_5: 0.24624477824193405
hit_10: 0.37734423606790507
hit_20: 0.5491511865611945
ap: 0.17057885229587555
no increase in recent 1 iters
#########################################################
################## epoch 17 ###########################
loss: 639.1477, len_train_loader:198
modified_target in every batch:90.6465
modified_hist in every batch :0.0
########## current_metrics ##########
ndcg_1: 0.06394987112256688
ndcg_5: 0.14874249696731567
ndcg_10: 0.19019857048988342
ndcg_20: 0.23392197489738464
hit_1: 0.06394987112256688
hit_5: 0.23215714158741446
hit_10: 0.3609456937161141
hit_20: 0.5345747044707138
ap: 0.16199500858783722
########## best_metrics ##########
ndcg_1: 0.06919384943560572
ndcg_5: 0.1587318331003189
ndcg_10: 0.2009129375219345
ndcg_20: 0.24418172240257263
hit_1: 0.06919384943560572
hit_5: 0.24624477824193405
hit_10: 0.37734423606790507
hit_20: 0.5491511865611945
ap: 0.17057885229587555
no increase in recent 2 iters
#########################################################
################## epoch 18 ###########################
loss: 625.5792, len_train_loader:198
modified_target in every batch:96.6263
modified_hist in every batch :0.0
########## current_metrics ##########
ndcg_1: 0.07177139809794685
ndcg_5: 0.1550106257200241
ndcg_10: 0.19679798185825348
ndcg_20: 0.23824192583560944
hit_1: 0.07177139809794685
hit_5: 0.23669007199360056
hit_10: 0.3664563149942227
hit_20: 0.5311083459248067
ap: 0.1683659851551056
########## best_metrics ##########
ndcg_1: 0.07177139809794685
ndcg_5: 0.1587318331003189
ndcg_10: 0.2009129375219345
ndcg_20: 0.24418172240257263
hit_1: 0.07177139809794685
hit_5: 0.24624477824193405
hit_10: 0.37734423606790507
hit_20: 0.5491511865611945
ap: 0.17057885229587555
no increase in recent 0 iters
#########################################################
################## epoch 19 ###########################
loss: 612.231, len_train_loader:198
modified_target in every batch:101.6061
modified_hist in every batch :0.0
########## current_metrics ##########
ndcg_1: 0.07097146920273753
ndcg_5: 0.15603706240653992
ndcg_10: 0.19658029079437256
ndcg_20: 0.2378620207309723
hit_1: 0.07097146920273753
hit_5: 0.24060083548129055
hit_10: 0.3664118745000444
hit_20: 0.5304417385121323
ap: 0.168025404214859
########## best_metrics ##########
ndcg_1: 0.07177139809794685
ndcg_5: 0.1587318331003189
ndcg_10: 0.2009129375219345
ndcg_20: 0.24418172240257263
hit_1: 0.07177139809794685
hit_5: 0.24624477824193405
hit_10: 0.37734423606790507
hit_20: 0.5491511865611945
ap: 0.17057885229587555
no increase in recent 1 iters
#########################################################
################## epoch 20 ###########################
loss: 605.0407, len_train_loader:198
modified_target in every batch:101.6061
modified_hist in every batch :431.7778
########## current_metrics ##########
ndcg_1: 0.07386010132432673
ndcg_5: 0.16381953656673431
ndcg_10: 0.20625729858875275
ndcg_20: 0.24901939928531647
hit_1: 0.07386010132432673
hit_5: 0.2521998044618256
hit_10: 0.38405475068882766
hit_20: 0.5540840814149853
ap: 0.17527219653129578
########## best_metrics ##########
ndcg_1: 0.07386010132432673
ndcg_5: 0.16381953656673431
ndcg_10: 0.20625729858875275
ndcg_20: 0.24901939928531647
hit_1: 0.07386010132432673
hit_5: 0.2521998044618256
hit_10: 0.38405475068882766
hit_20: 0.5540840814149853
ap: 0.17527219653129578
no increase in recent 0 iters
#########################################################
################## epoch 21 ###########################
loss: 596.4172, len_train_loader:198
modified_target in every batch:101.6061
modified_hist in every batch :430.5253
########## current_metrics ##########
ndcg_1: 0.07048262376677629
ndcg_5: 0.15827356278896332
ndcg_10: 0.19883529841899872
ndcg_20: 0.2411537766456604
hit_1: 0.07048262376677629
hit_5: 0.24428939649808906
hit_10: 0.37041151897609104
hit_20: 0.5386187894409386
ap: 0.16985951364040375
########## best_metrics ##########
ndcg_1: 0.07386010132432673
ndcg_5: 0.16381953656673431
ndcg_10: 0.20625729858875275
ndcg_20: 0.24901939928531647
hit_1: 0.07386010132432673
hit_5: 0.2521998044618256
hit_10: 0.38405475068882766
hit_20: 0.5540840814149853
ap: 0.17527219653129578
no increase in recent 1 iters
#########################################################
################## epoch 22 ###########################
loss: 587.1219, len_train_loader:198
modified_target in every batch:101.6061
modified_hist in every batch :430.5859
########## current_metrics ##########
ndcg_1: 0.07572660207981513
ndcg_5: 0.16250711679458618
ndcg_10: 0.20364700257778168
ndcg_20: 0.2452511191368103
hit_1: 0.07572660207981513
hit_5: 0.24731135010221314
hit_10: 0.3749888898764554
hit_20: 0.5401742067371789
ap: 0.17462006211280823
########## best_metrics ##########
ndcg_1: 0.07572660207981513
ndcg_5: 0.16381953656673431
ndcg_10: 0.20625729858875275
ndcg_20: 0.24901939928531647
hit_1: 0.07572660207981513
hit_5: 0.2521998044618256
hit_10: 0.38405475068882766
hit_20: 0.5540840814149853
ap: 0.17527219653129578
no increase in recent 0 iters
#########################################################
################## epoch 23 ###########################
loss: 579.3792, len_train_loader:198
modified_target in every batch:101.6061
modified_hist in every batch :429.404
########## current_metrics ##########
ndcg_1: 0.07181583859212515
ndcg_5: 0.15713778138160706
ndcg_10: 0.19799338281154633
ndcg_20: 0.23979294300079346
hit_1: 0.07181583859212515
hit_5: 0.24135632388232156
hit_10: 0.36841169673806773
hit_20: 0.5347969069416052
ap: 0.16932326555252075
########## best_metrics ##########
ndcg_1: 0.07572660207981513
ndcg_5: 0.16381953656673431
ndcg_10: 0.20625729858875275
ndcg_20: 0.24901939928531647
hit_1: 0.07572660207981513
hit_5: 0.2521998044618256
hit_10: 0.38405475068882766
hit_20: 0.5540840814149853
ap: 0.17527219653129578
no increase in recent 1 iters
#########################################################
################## epoch 24 ###########################
loss: 572.7359, len_train_loader:198
modified_target in every batch:101.6061
modified_hist in every batch :430.0303
########## current_metrics ##########
ndcg_1: 0.06914940894142743
ndcg_5: 0.15965992212295532
ndcg_10: 0.20050403475761414
ndcg_20: 0.24271239340305328
hit_1: 0.06914940894142743
hit_5: 0.2476668740556395
hit_10: 0.3745000444404942
hit_20: 0.5419518265043107
ap: 0.17061272263526917
########## best_metrics ##########
ndcg_1: 0.07572660207981513
ndcg_5: 0.16381953656673431
ndcg_10: 0.20625729858875275
ndcg_20: 0.24901939928531647
hit_1: 0.07572660207981513
hit_5: 0.2521998044618256
hit_10: 0.38405475068882766
hit_20: 0.5540840814149853
ap: 0.17527219653129578
no increase in recent 2 iters
#########################################################
################## epoch 25 ###########################
loss: 564.455, len_train_loader:198
modified_target in every batch:101.6061
modified_hist in every batch :433.5253
########## current_metrics ##########
ndcg_1: 0.07470447071371433
ndcg_5: 0.1628405749797821
ndcg_10: 0.20340164005756378
ndcg_20: 0.2442391812801361
hit_1: 0.07470447071371433
hit_5: 0.2495333748111279
hit_10: 0.3752999733357035
hit_20: 0.5375522175806595
ap: 0.1738390177488327
########## best_metrics ##########
ndcg_1: 0.07572660207981513
ndcg_5: 0.16381953656673431
ndcg_10: 0.20625729858875275
ndcg_20: 0.24901939928531647
hit_1: 0.07572660207981513
hit_5: 0.2521998044618256
hit_10: 0.38405475068882766
hit_20: 0.5540840814149853
ap: 0.17527219653129578
no increase in recent 3 iters
#########################################################
################## epoch 26 ###########################
loss: 555.3828, len_train_loader:198
modified_target in every batch:101.6061
modified_hist in every batch :429.5152
########## current_metrics ##########
ndcg_1: 0.073149053417474
ndcg_5: 0.15535546839237213
ndcg_10: 0.19401508569717407
ndcg_20: 0.23533077538013458
hit_1: 0.073149053417474
hit_5: 0.23629010754599591
hit_10: 0.3565460847924629
hit_20: 0.5205759488045507
ap: 0.16776995360851288
########## best_metrics ##########
ndcg_1: 0.07572660207981513
ndcg_5: 0.16381953656673431
ndcg_10: 0.20625729858875275
ndcg_20: 0.24901939928531647
hit_1: 0.07572660207981513
hit_5: 0.2521998044618256
hit_10: 0.38405475068882766
hit_20: 0.5540840814149853
ap: 0.17527219653129578
no increase in recent 4 iters
#########################################################
################## epoch 27 ###########################
loss: 548.7926, len_train_loader:198
modified_target in every batch:101.6061
modified_hist in every batch :430.8182
########## current_metrics ##########
ndcg_1: 0.06932717091814061
ndcg_5: 0.1566266119480133
ndcg_10: 0.19586823880672455
ndcg_20: 0.23699918389320374
hit_1: 0.06932717091814061
hit_5: 0.242778419696027
hit_10: 0.3646786952270909
hit_20: 0.528130832814861
ap: 0.16744820773601532
########## best_metrics ##########
ndcg_1: 0.07572660207981513
ndcg_5: 0.16381953656673431
ndcg_10: 0.20625729858875275
ndcg_20: 0.24901939928531647
hit_1: 0.07572660207981513
hit_5: 0.2521998044618256
hit_10: 0.38405475068882766
hit_20: 0.5540840814149853
ap: 0.17527219653129578
no increase in recent 5 iters
#########################################################
################## epoch 28 ###########################
loss: 544.3058, len_train_loader:198
modified_target in every batch:101.6061
modified_hist in every batch :431.1616
########## current_metrics ##########
ndcg_1: 0.07390454181850502
ndcg_5: 0.15931743383407593
ndcg_10: 0.20007546246051788
ndcg_20: 0.24146074056625366
hit_1: 0.07390454181850502
hit_5: 0.24424495600391077
hit_10: 0.3708114834236957
hit_20: 0.5349302284241401
ap: 0.1712629646062851
########## best_metrics ##########
ndcg_1: 0.07572660207981513
ndcg_5: 0.16381953656673431
ndcg_10: 0.20625729858875275
ndcg_20: 0.24901939928531647
hit_1: 0.07572660207981513
hit_5: 0.2521998044618256
hit_10: 0.38405475068882766
hit_20: 0.5540840814149853
ap: 0.17527219653129578
no increase in recent 6 iters
#########################################################
################## epoch 29 ###########################
loss: 538.6014, len_train_loader:198
modified_target in every batch:101.6061
modified_hist in every batch :431.8889
########## current_metrics ##########
ndcg_1: 0.07634876899831126
ndcg_5: 0.1630278378725052
ndcg_10: 0.20367738604545593
ndcg_20: 0.24475742876529694
hit_1: 0.07634876899831126
hit_5: 0.2486890054217403
hit_10: 0.3749444493822771
hit_20: 0.5383077059816905
ap: 0.17433463037014008
########## best_metrics ##########
ndcg_1: 0.07634876899831126
ndcg_5: 0.16381953656673431
ndcg_10: 0.20625729858875275
ndcg_20: 0.24901939928531647
hit_1: 0.07634876899831126
hit_5: 0.2521998044618256
hit_10: 0.38405475068882766
hit_20: 0.5540840814149853
ap: 0.17527219653129578
no increase in recent 0 iters
#########################################################
################## epoch 30 ###########################
loss: 532.7262, len_train_loader:198
modified_target in every batch:101.6061
modified_hist in every batch :431.4545
########## current_metrics ##########
ndcg_1: 0.08043729446271443
ndcg_5: 0.1680305451154709
ndcg_10: 0.20952916145324707
ndcg_20: 0.25206586718559265
hit_1: 0.08043729446271443
hit_5: 0.2543329481823838
hit_10: 0.38312150031108344
hit_20: 0.5519953781886054
ap: 0.17966888844966888
########## best_metrics ##########
ndcg_1: 0.08043729446271443
ndcg_5: 0.1680305451154709
ndcg_10: 0.20952916145324707
ndcg_20: 0.25206586718559265
hit_1: 0.08043729446271443
hit_5: 0.2543329481823838
hit_10: 0.38405475068882766
hit_20: 0.5540840814149853
ap: 0.17966888844966888
no increase in recent 0 iters
#########################################################
################## epoch 31 ###########################
loss: 526.1681, len_train_loader:198
modified_target in every batch:101.6061
modified_hist in every batch :432.1414
########## current_metrics ##########
ndcg_1: 0.07434894676028797
ndcg_5: 0.1589757204055786
ndcg_10: 0.19914712011814117
ndcg_20: 0.24055786430835724
hit_1: 0.07434894676028797
hit_5: 0.24224513376588747
hit_10: 0.36712292240689715
hit_20: 0.5312416674073416
ap: 0.17117875814437866
########## best_metrics ##########
ndcg_1: 0.08043729446271443
ndcg_5: 0.1680305451154709
ndcg_10: 0.20952916145324707
ndcg_20: 0.25206586718559265
hit_1: 0.08043729446271443
hit_5: 0.2543329481823838
hit_10: 0.38405475068882766
hit_20: 0.5540840814149853
ap: 0.17966888844966888
no increase in recent 1 iters
#########################################################
################## epoch 32 ###########################
loss: 521.7806, len_train_loader:198
modified_target in every batch:101.6061
modified_hist in every batch :431.6061
########## current_metrics ##########
ndcg_1: 0.07577104257399342
ndcg_5: 0.1622077375650406
ndcg_10: 0.20297831296920776
ndcg_20: 0.24422529339790344
hit_1: 0.07577104257399342
hit_5: 0.24748911207892632
hit_10: 0.3745000444404942
hit_20: 0.538218824993334
ap: 0.17375816404819489
########## best_metrics ##########
ndcg_1: 0.08043729446271443
ndcg_5: 0.1680305451154709
ndcg_10: 0.20952916145324707
ndcg_20: 0.25206586718559265
hit_1: 0.08043729446271443
hit_5: 0.2543329481823838
hit_10: 0.38405475068882766
hit_20: 0.5540840814149853
ap: 0.17966888844966888
no increase in recent 2 iters
#########################################################
################## epoch 33 ###########################
loss: 517.2729, len_train_loader:198
modified_target in every batch:101.6061
modified_hist in every batch :431.2576
########## current_metrics ##########
ndcg_1: 0.07545995911474536
ndcg_5: 0.16131284832954407
ndcg_10: 0.2007768601179123
ndcg_20: 0.2426435351371765
hit_1: 0.07545995911474536
hit_5: 0.24540040885254644
hit_10: 0.3679672917962848
hit_20: 0.5345747044707138
ap: 0.17294961214065552
########## best_metrics ##########
ndcg_1: 0.08043729446271443
ndcg_5: 0.1680305451154709
ndcg_10: 0.20952916145324707
ndcg_20: 0.25206586718559265
hit_1: 0.08043729446271443
hit_5: 0.2543329481823838
hit_10: 0.38405475068882766
hit_20: 0.5540840814149853
ap: 0.17966888844966888
no increase in recent 3 iters
#########################################################
################## epoch 34 ###########################
loss: 511.7336, len_train_loader:198
modified_target in every batch:101.6061
modified_hist in every batch :430.4394
########## current_metrics ##########
ndcg_1: 0.07581548306817172
ndcg_5: 0.16428765654563904
ndcg_10: 0.20652925968170166
ndcg_20: 0.24841226637363434
hit_1: 0.07581548306817172
hit_5: 0.25077770864812016
hit_10: 0.382143809439161
hit_20: 0.5486623411252333
ap: 0.17593082785606384
########## best_metrics ##########
ndcg_1: 0.08043729446271443
ndcg_5: 0.1680305451154709
ndcg_10: 0.20952916145324707
ndcg_20: 0.25206586718559265
hit_1: 0.08043729446271443
hit_5: 0.2543329481823838
hit_10: 0.38405475068882766
hit_20: 0.5540840814149853
ap: 0.17966888844966888
no increase in recent 4 iters
#########################################################
################## epoch 35 ###########################
loss: 510.4012, len_train_loader:198
modified_target in every batch:101.6061
modified_hist in every batch :430.4545
########## current_metrics ##########
ndcg_1: 0.07643764998666785
ndcg_5: 0.1634765863418579
ndcg_10: 0.20290617644786835
ndcg_20: 0.24332880973815918
hit_1: 0.07643764998666785
hit_5: 0.2487334459159186
hit_10: 0.37116700737712205
hit_20: 0.5319527153141943
ap: 0.17434349656105042
########## best_metrics ##########
ndcg_1: 0.08043729446271443
ndcg_5: 0.1680305451154709
ndcg_10: 0.20952916145324707
ndcg_20: 0.25206586718559265
hit_1: 0.08043729446271443
hit_5: 0.2543329481823838
hit_10: 0.38405475068882766
hit_20: 0.5540840814149853
ap: 0.17966888844966888
no increase in recent 5 iters
#########################################################
################## epoch 36 ###########################
loss: 505.2736, len_train_loader:198
modified_target in every batch:101.6061
modified_hist in every batch :429.6263
########## current_metrics ##########
ndcg_1: 0.07701537641098569
ndcg_5: 0.16387563943862915
ndcg_10: 0.2029036581516266
ndcg_20: 0.24439676105976105
hit_1: 0.07701537641098569
hit_5: 0.24837792196249223
hit_10: 0.3695227090925251
hit_20: 0.5342191805172873
ap: 0.17521071434020996
########## best_metrics ##########
ndcg_1: 0.08043729446271443
ndcg_5: 0.1680305451154709
ndcg_10: 0.20952916145324707
ndcg_20: 0.25206586718559265
hit_1: 0.08043729446271443
hit_5: 0.2543329481823838
hit_10: 0.38405475068882766
hit_20: 0.5540840814149853
ap: 0.17966888844966888
no increase in recent 6 iters
#########################################################
################## epoch 37 ###########################
loss: 500.3283, len_train_loader:198
modified_target in every batch:101.6061
modified_hist in every batch :432.0303
########## current_metrics ##########
ndcg_1: 0.07550439960892365
ndcg_5: 0.16227315366268158
ndcg_10: 0.2021317034959793
ndcg_20: 0.24304768443107605
hit_1: 0.07550439960892365
hit_5: 0.24740023109056972
hit_10: 0.37121144787130034
hit_20: 0.5337747755755043
ap: 0.17345750331878662
########## best_metrics ##########
ndcg_1: 0.08043729446271443
ndcg_5: 0.1680305451154709
ndcg_10: 0.20952916145324707
ndcg_20: 0.25206586718559265
hit_1: 0.08043729446271443
hit_5: 0.2543329481823838
hit_10: 0.38405475068882766
hit_20: 0.5540840814149853
ap: 0.17966888844966888
no increase in recent 7 iters
#########################################################
################## epoch 38 ###########################
loss: 496.038, len_train_loader:198
modified_target in every batch:101.6061
modified_hist in every batch :428.8333
########## current_metrics ##########
ndcg_1: 0.0769264954226291
ndcg_5: 0.16145417094230652
ndcg_10: 0.2004447728395462
ndcg_20: 0.24177499115467072
hit_1: 0.0769264954226291
hit_5: 0.24464492045151542
hit_10: 0.36578970758154833
hit_20: 0.5300417740645276
ap: 0.17317922413349152
########## best_metrics ##########
ndcg_1: 0.08043729446271443
ndcg_5: 0.1680305451154709
ndcg_10: 0.20952916145324707
ndcg_20: 0.25206586718559265
hit_1: 0.08043729446271443
hit_5: 0.2543329481823838
hit_10: 0.38405475068882766
hit_20: 0.5540840814149853
ap: 0.17966888844966888
no increase in recent 8 iters
#########################################################
################## epoch 39 ###########################
loss: 496.2966, len_train_loader:198
modified_target in every batch:101.6061
modified_hist in every batch :431.4949
########## current_metrics ##########
ndcg_1: 0.07243800551062128
ndcg_5: 0.16021080315113068
ndcg_10: 0.1996283084154129
ndcg_20: 0.2401314526796341
hit_1: 0.07243800551062128
hit_5: 0.2465114212070038
hit_10: 0.36907830415074216
hit_20: 0.5302639765354191
ap: 0.17077498137950897
########## best_metrics ##########
ndcg_1: 0.08043729446271443
ndcg_5: 0.1680305451154709
ndcg_10: 0.20952916145324707
ndcg_20: 0.25206586718559265
hit_1: 0.08043729446271443
hit_5: 0.2543329481823838
hit_10: 0.38405475068882766
hit_20: 0.5540840814149853
ap: 0.17966888844966888
no increase in recent 9 iters
#########################################################
################## epoch 40 ###########################
loss: 491.7777, len_train_loader:198
modified_target in every batch:101.6061
modified_hist in every batch :430.4192
########## current_metrics ##########
ndcg_1: 0.0722602435339081
ndcg_5: 0.15854603052139282
ndcg_10: 0.19654414057731628
ndcg_20: 0.23764601349830627
hit_1: 0.0722602435339081
hit_5: 0.24251177673095725
hit_10: 0.3604568482801529
hit_20: 0.5239534263621012
ap: 0.169648215174675
########## best_metrics ##########
ndcg_1: 0.08043729446271443
ndcg_5: 0.1680305451154709
ndcg_10: 0.20952916145324707
ndcg_20: 0.25206586718559265
hit_1: 0.08043729446271443
hit_5: 0.2543329481823838
hit_10: 0.38405475068882766
hit_20: 0.5540840814149853
ap: 0.17966888844966888
no increase in recent 10 iters
#########################################################
################## epoch 41 ###########################
loss: 488.6163, len_train_loader:198
modified_target in every batch:101.6061
modified_hist in every batch :431.3889
########## current_metrics ##########
ndcg_1: 0.07545995911474536
ndcg_5: 0.15886372327804565
ndcg_10: 0.1979150027036667
ndcg_20: 0.238064706325531
hit_1: 0.07545995911474536
hit_5: 0.2410007999288952
hit_10: 0.36241223002399786
hit_20: 0.5219091636298996
ap: 0.1707507222890854
########## best_metrics ##########
ndcg_1: 0.08043729446271443
ndcg_5: 0.1680305451154709
ndcg_10: 0.20952916145324707
ndcg_20: 0.25206586718559265
hit_1: 0.08043729446271443
hit_5: 0.2543329481823838
hit_10: 0.38405475068882766
hit_20: 0.5540840814149853
ap: 0.17966888844966888
no increase in recent 11 iters
#########################################################
################## epoch 42 ###########################
loss: 468.8235, len_train_loader:198
modified_target in every batch:101.6061
modified_hist in every batch :430.7475
########## current_metrics ##########
ndcg_1: 0.07808194827126477
ndcg_5: 0.16127945482730865
ndcg_10: 0.200637087225914
ndcg_20: 0.24092493951320648
hit_1: 0.07808194827126477
hit_5: 0.24357834859123634
hit_10: 0.36534530263976533
hit_20: 0.5255088436583415
ap: 0.1732722669839859
########## best_metrics ##########
ndcg_1: 0.08043729446271443
ndcg_5: 0.1680305451154709
ndcg_10: 0.20952916145324707
ndcg_20: 0.25206586718559265
hit_1: 0.08043729446271443
hit_5: 0.2543329481823838
hit_10: 0.38405475068882766
hit_20: 0.5540840814149853
ap: 0.17966888844966888
no increase in recent 12 iters
#########################################################
################## epoch 43 ###########################
loss: 463.5266, len_train_loader:198
modified_target in every batch:101.6061
modified_hist in every batch :430.2929
########## current_metrics ##########
ndcg_1: 0.07372677984179184
ndcg_5: 0.15663093328475952
ndcg_10: 0.19588603079319
ndcg_20: 0.23613029718399048
hit_1: 0.07372677984179184
hit_5: 0.23780108434805794
hit_10: 0.3599235623500133
hit_20: 0.5199982223802329
ap: 0.16890878975391388
########## best_metrics ##########
ndcg_1: 0.08043729446271443
ndcg_5: 0.1680305451154709
ndcg_10: 0.20952916145324707
ndcg_20: 0.25206586718559265
hit_1: 0.08043729446271443
hit_5: 0.2543329481823838
hit_10: 0.38405475068882766
hit_20: 0.5540840814149853
ap: 0.17966888844966888
no increase in recent 13 iters
#########################################################
################## epoch 44 ###########################
loss: 463.7684, len_train_loader:198
modified_target in every batch:101.6061
modified_hist in every batch :431.3384
########## current_metrics ##########
ndcg_1: 0.0741267442893965
ndcg_5: 0.15902109444141388
ndcg_10: 0.19799605011940002
ndcg_20: 0.2387334406375885
hit_1: 0.0741267442893965
hit_5: 0.24126744289396498
hit_10: 0.3623677895298196
hit_20: 0.5243533908097058
ap: 0.17082098126411438
########## best_metrics ##########
ndcg_1: 0.08043729446271443
ndcg_5: 0.1680305451154709
ndcg_10: 0.20952916145324707
ndcg_20: 0.25206586718559265
hit_1: 0.08043729446271443
hit_5: 0.2543329481823838
hit_10: 0.38405475068882766
hit_20: 0.5540840814149853
ap: 0.17966888844966888
no increase in recent 14 iters
#########################################################
################## epoch 45 ###########################
loss: 460.9153, len_train_loader:198
modified_target in every batch:101.6061
modified_hist in every batch :430.8586
########## current_metrics ##########
ndcg_1: 0.07945960359079193
ndcg_5: 0.16446258127689362
ndcg_10: 0.20299069583415985
ndcg_20: 0.2438259869813919
hit_1: 0.07945960359079193
hit_5: 0.2477113145498178
hit_10: 0.36756732734868014
hit_20: 0.5297751310994578
ap: 0.17572565376758575
########## best_metrics ##########
ndcg_1: 0.08043729446271443
ndcg_5: 0.1680305451154709
ndcg_10: 0.20952916145324707
ndcg_20: 0.25206586718559265
hit_1: 0.08043729446271443
hit_5: 0.2543329481823838
hit_10: 0.38405475068882766
hit_20: 0.5540840814149853
ap: 0.17966888844966888
no increase in recent 15 iters
#########################################################
################## epoch 46 ###########################
loss: 460.2015, len_train_loader:198
modified_target in every batch:101.6061
modified_hist in every batch :430.2273
########## current_metrics ##########
ndcg_1: 0.07559328059728024
ndcg_5: 0.1606418639421463
ndcg_10: 0.2011200338602066
ndcg_20: 0.24136224389076233
hit_1: 0.07559328059728024
hit_5: 0.2440671940271976
hit_10: 0.3694338281041685
hit_20: 0.5292862856634966
ap: 0.17264848947525024
########## best_metrics ##########
ndcg_1: 0.08043729446271443
ndcg_5: 0.1680305451154709
ndcg_10: 0.20952916145324707
ndcg_20: 0.25206586718559265
hit_1: 0.08043729446271443
hit_5: 0.2543329481823838
hit_10: 0.38405475068882766
hit_20: 0.5540840814149853
ap: 0.17966888844966888
no increase in recent 16 iters
#########################################################
################## epoch 47 ###########################
loss: 457.1614, len_train_loader:198
modified_target in every batch:101.6061
modified_hist in every batch :430.3434
########## current_metrics ##########
ndcg_1: 0.07808194827126477
ndcg_5: 0.16298168897628784
ndcg_10: 0.1995275914669037
ndcg_20: 0.24009810388088226
hit_1: 0.07808194827126477
hit_5: 0.2457559328059728
hit_10: 0.35956803839658696
hit_20: 0.5210203537463337
ap: 0.17355960607528687
########## best_metrics ##########
ndcg_1: 0.08043729446271443
ndcg_5: 0.1680305451154709
ndcg_10: 0.20952916145324707
ndcg_20: 0.25206586718559265
hit_1: 0.08043729446271443
hit_5: 0.2543329481823838
hit_10: 0.38405475068882766
hit_20: 0.5540840814149853
ap: 0.17966888844966888
no increase in recent 17 iters
#########################################################
################## epoch 48 ###########################
loss: 456.135, len_train_loader:198
modified_target in every batch:101.6061
modified_hist in every batch :430.601
########## current_metrics ##########
ndcg_1: 0.07590436405652831
ndcg_5: 0.1589134931564331
ndcg_10: 0.19850420951843262
ndcg_20: 0.23887032270431519
hit_1: 0.07590436405652831
hit_5: 0.2399342280686161
hit_10: 0.3628121944716025
hit_20: 0.5231979379610702
ap: 0.17137202620506287
########## best_metrics ##########
ndcg_1: 0.08043729446271443
ndcg_5: 0.1680305451154709
ndcg_10: 0.20952916145324707
ndcg_20: 0.25206586718559265
hit_1: 0.08043729446271443
hit_5: 0.2543329481823838
hit_10: 0.38405475068882766
hit_20: 0.5540840814149853
ap: 0.17966888844966888
no increase in recent 18 iters
#########################################################
################## epoch 49 ###########################
loss: 453.621, len_train_loader:198
modified_target in every batch:101.6061
modified_hist in every batch :431.4545
########## current_metrics ##########
ndcg_1: 0.07679317394009422
ndcg_5: 0.1627720445394516
ndcg_10: 0.2018759548664093
ndcg_20: 0.24284657835960388
hit_1: 0.07679317394009422
hit_5: 0.2458003733001511
hit_10: 0.3677450893253933
hit_20: 0.5307528219713803
ap: 0.17418180406093597
########## best_metrics ##########
ndcg_1: 0.08043729446271443
ndcg_5: 0.1680305451154709
ndcg_10: 0.20952916145324707
ndcg_20: 0.25206586718559265
hit_1: 0.08043729446271443
hit_5: 0.2543329481823838
hit_10: 0.38405475068882766
hit_20: 0.5540840814149853
ap: 0.17966888844966888
no increase in recent 19 iters
#########################################################
################## epoch 50 ###########################
loss: 452.8394, len_train_loader:198
modified_target in every batch:101.6061
modified_hist in every batch :430.3182
########## current_metrics ##########
ndcg_1: 0.0769709359168074
ndcg_5: 0.16073055565357208
ndcg_10: 0.19933761656284332
ndcg_20: 0.2390689253807068
hit_1: 0.0769709359168074
hit_5: 0.2430450626610968
hit_10: 0.3628566349657808
hit_20: 0.5207981512754422
ap: 0.17231817543506622
########## best_metrics ##########
ndcg_1: 0.08043729446271443
ndcg_5: 0.1680305451154709
ndcg_10: 0.20952916145324707
ndcg_20: 0.25206586718559265
hit_1: 0.08043729446271443
hit_5: 0.2543329481823838
hit_10: 0.38405475068882766
hit_20: 0.5540840814149853
ap: 0.17966888844966888
no increase in recent 20 iters
#########################################################
################## epoch 51 ###########################
loss: 449.7815, len_train_loader:198
modified_target in every batch:101.6061
modified_hist in every batch :430.2475
########## current_metrics ##########
ndcg_1: 0.07359345835925696
ndcg_5: 0.15692010521888733
ndcg_10: 0.1968703418970108
ndcg_20: 0.23687109351158142
hit_1: 0.07359345835925696
hit_5: 0.23931206115012
hit_10: 0.36352324237845524
hit_20: 0.5226202115367523
ap: 0.16904444992542267
########## best_metrics ##########
ndcg_1: 0.08043729446271443
ndcg_5: 0.1680305451154709
ndcg_10: 0.20952916145324707
ndcg_20: 0.25206586718559265
hit_1: 0.08043729446271443
hit_5: 0.2543329481823838
hit_10: 0.38405475068882766
hit_20: 0.5540840814149853
ap: 0.17966888844966888
no increase in recent 21 iters
#########################################################
################## epoch 52 ###########################
loss: 448.7327, len_train_loader:198
modified_target in every batch:101.6061
modified_hist in every batch :430.5758
########## current_metrics ##########
ndcg_1: 0.07670429295173763
ndcg_5: 0.15877436101436615
ndcg_10: 0.19638176262378693
ndcg_20: 0.23677895963191986
hit_1: 0.07670429295173763
hit_5: 0.2390454181850502
hit_10: 0.35601279886232334
hit_20: 0.5164874233401475
ap: 0.17079907655715942
########## best_metrics ##########
ndcg_1: 0.08043729446271443
ndcg_5: 0.1680305451154709
ndcg_10: 0.20952916145324707
ndcg_20: 0.25206586718559265
hit_1: 0.08043729446271443
hit_5: 0.2543329481823838
hit_10: 0.38405475068882766
hit_20: 0.5540840814149853
ap: 0.17966888844966888
no increase in recent 22 iters
#########################################################
################## epoch 53 ###########################
loss: 429.369, len_train_loader:198
modified_target in every batch:101.6061
modified_hist in every batch :431.4091
########## current_metrics ##########
ndcg_1: 0.0759488045507066
ndcg_5: 0.16032221913337708
ndcg_10: 0.1982811540365219
ndcg_20: 0.2379932999610901
hit_1: 0.0759488045507066
hit_5: 0.2428673006843836
hit_10: 0.36063461025686605
hit_20: 0.5185316860723491
ap: 0.17153601348400116
########## best_metrics ##########
ndcg_1: 0.08043729446271443
ndcg_5: 0.1680305451154709
ndcg_10: 0.20952916145324707
ndcg_20: 0.25206586718559265
hit_1: 0.08043729446271443
hit_5: 0.2543329481823838
hit_10: 0.38405475068882766
hit_20: 0.5540840814149853
ap: 0.17966888844966888
no increase in recent 23 iters
#########################################################
################## epoch 54 ###########################
loss: 426.4612, len_train_loader:198
modified_target in every batch:101.6061
modified_hist in every batch :430.6667
########## current_metrics ##########
ndcg_1: 0.0741267442893965
ndcg_5: 0.15779367089271545
ndcg_10: 0.1967102438211441
ndcg_20: 0.23604492843151093
hit_1: 0.0741267442893965
hit_5: 0.23953426362101146
hit_10: 0.36063461025686605
hit_20: 0.5170207092702871
ap: 0.16960075497627258
########## best_metrics ##########
ndcg_1: 0.08043729446271443
ndcg_5: 0.1680305451154709
ndcg_10: 0.20952916145324707
ndcg_20: 0.25206586718559265
hit_1: 0.08043729446271443
hit_5: 0.2543329481823838
hit_10: 0.38405475068882766
hit_20: 0.5540840814149853
ap: 0.17966888844966888
no increase in recent 24 iters
#########################################################
################## epoch 55 ###########################
loss: 427.2115, len_train_loader:198
modified_target in every batch:101.6061
modified_hist in every batch :432.101
########## current_metrics ##########
ndcg_1: 0.07665985245755932
ndcg_5: 0.15961304306983948
ndcg_10: 0.19781342148780823
ndcg_20: 0.23843936622142792
hit_1: 0.07665985245755932
hit_5: 0.24135632388232156
hit_10: 0.3601902053150831
hit_20: 0.521820282641543
ap: 0.1713208556175232
########## best_metrics ##########
ndcg_1: 0.08043729446271443
ndcg_5: 0.1680305451154709
ndcg_10: 0.20952916145324707
ndcg_20: 0.25206586718559265
hit_1: 0.08043729446271443
hit_5: 0.2543329481823838
hit_10: 0.38405475068882766
hit_20: 0.5540840814149853
ap: 0.17966888844966888
no increase in recent 25 iters
#########################################################
################## epoch 56 ###########################
loss: 426.7734, len_train_loader:198
modified_target in every batch:101.6061
modified_hist in every batch :429.8131
########## current_metrics ##########
ndcg_1: 0.07426006577193138
ndcg_5: 0.15549537539482117
ndcg_10: 0.19190865755081177
ndcg_20: 0.23186258971691132
hit_1: 0.07426006577193138
hit_5: 0.23491245222646875
hit_10: 0.3480579504044085
hit_20: 0.5071104790685272
ap: 0.16736604273319244
########## best_metrics ##########
ndcg_1: 0.08043729446271443
ndcg_5: 0.1680305451154709
ndcg_10: 0.20952916145324707
ndcg_20: 0.25206586718559265
hit_1: 0.08043729446271443
hit_5: 0.2543329481823838
hit_10: 0.38405475068882766
hit_20: 0.5540840814149853
ap: 0.17966888844966888
no increase in recent 26 iters
#########################################################
################## epoch 57 ###########################
loss: 426.1507, len_train_loader:198
modified_target in every batch:101.6061
modified_hist in every batch :430.9394
########## current_metrics ##########
ndcg_1: 0.07390454181850502
ndcg_5: 0.15617862343788147
ndcg_10: 0.19466902315616608
ndcg_20: 0.23472630977630615
hit_1: 0.07390454181850502
hit_5: 0.23526797617989512
hit_10: 0.35467958403697447
hit_20: 0.5138209936894498
ap: 0.1688578873872757
########## best_metrics ##########
ndcg_1: 0.08043729446271443
ndcg_5: 0.1680305451154709
ndcg_10: 0.20952916145324707
ndcg_20: 0.25206586718559265
hit_1: 0.08043729446271443
hit_5: 0.2543329481823838
hit_10: 0.38405475068882766
hit_20: 0.5540840814149853
ap: 0.17966888844966888
no increase in recent 27 iters
#########################################################
################## epoch 58 ###########################
loss: 426.9141, len_train_loader:198
modified_target in every batch:101.6061
modified_hist in every batch :430.6616
########## current_metrics ##########
ndcg_1: 0.07350457737090037
ndcg_5: 0.15471845865249634
ndcg_10: 0.19147539138793945
ndcg_20: 0.23109935224056244
hit_1: 0.07350457737090037
hit_5: 0.23469024975557728
hit_10: 0.3491245222646876
hit_20: 0.5064883121500311
ap: 0.16642385721206665
########## best_metrics ##########
ndcg_1: 0.08043729446271443
ndcg_5: 0.1680305451154709
ndcg_10: 0.20952916145324707
ndcg_20: 0.25206586718559265
hit_1: 0.08043729446271443
hit_5: 0.2543329481823838
hit_10: 0.38405475068882766
hit_20: 0.5540840814149853
ap: 0.17966888844966888
no increase in recent 28 iters
#########################################################
################## epoch 59 ###########################
loss: 424.7505, len_train_loader:198
modified_target in every batch:101.6061
modified_hist in every batch :429.8485
########## current_metrics ##########
ndcg_1: 0.07728201937605546
ndcg_5: 0.16400569677352905
ndcg_10: 0.2024383246898651
ndcg_20: 0.24168661236763
hit_1: 0.07728201937605546
hit_5: 0.24891120789263177
hit_10: 0.36832281574971115
hit_20: 0.5247089147631322
ap: 0.174251988530159
########## best_metrics ##########
ndcg_1: 0.08043729446271443
ndcg_5: 0.1680305451154709
ndcg_10: 0.20952916145324707
ndcg_20: 0.25206586718559265
hit_1: 0.08043729446271443
hit_5: 0.2543329481823838
hit_10: 0.38405475068882766
hit_20: 0.5540840814149853
ap: 0.17966888844966888
no increase in recent 29 iters
#########################################################
################## epoch 60 ###########################
loss: 424.2519, len_train_loader:198
modified_target in every batch:101.6061
modified_hist in every batch :430.6566
########## current_metrics ##########
ndcg_1: 0.07590436405652831
ndcg_5: 0.15993191301822662
ndcg_10: 0.19770225882530212
ndcg_20: 0.23652516305446625
hit_1: 0.07590436405652831
hit_5: 0.24171184783574792
hit_10: 0.35903475246644745
hit_20: 0.5131988267709537
ap: 0.1711297482252121
########## best_metrics ##########
ndcg_1: 0.08043729446271443
ndcg_5: 0.1680305451154709
ndcg_10: 0.20952916145324707
ndcg_20: 0.25206586718559265
hit_1: 0.08043729446271443
hit_5: 0.2543329481823838
hit_10: 0.38405475068882766
hit_20: 0.5540840814149853
ap: 0.17966888844966888
no increase in recent 30 iters
#########################################################
################## epoch 61 ###########################
loss: 422.8494, len_train_loader:198
modified_target in every batch:101.6061
modified_hist in every batch :429.6869
########## current_metrics ##########
ndcg_1: 0.07710425739934228
ndcg_5: 0.15793080627918243
ndcg_10: 0.1952604353427887
ndcg_20: 0.23322707414627075
hit_1: 0.07710425739934228
hit_5: 0.23700115545284864
hit_10: 0.3529908452581993
hit_20: 0.5039996444760466
ap: 0.16975203156471252
########## best_metrics ##########
ndcg_1: 0.08043729446271443
ndcg_5: 0.1680305451154709
ndcg_10: 0.20952916145324707
ndcg_20: 0.25206586718559265
hit_1: 0.08043729446271443
hit_5: 0.2543329481823838
hit_10: 0.38405475068882766
hit_20: 0.5540840814149853
ap: 0.17966888844966888
no increase in recent 31 iters
#########################################################
################## epoch 62 ###########################
loss: 420.5343, len_train_loader:198
modified_target in every batch:101.6061
modified_hist in every batch :431.5152
########## current_metrics ##########
ndcg_1: 0.07843747222469113
ndcg_5: 0.16523142158985138
ndcg_10: 0.2036641240119934
ndcg_20: 0.24304284155368805
hit_1: 0.07843747222469113
hit_5: 0.2494444938227713
hit_10: 0.36907830415074216
hit_20: 0.5256866056350546
ap: 0.17576979100704193
########## best_metrics ##########
ndcg_1: 0.08043729446271443
ndcg_5: 0.1680305451154709
ndcg_10: 0.20952916145324707
ndcg_20: 0.25206586718559265
hit_1: 0.08043729446271443
hit_5: 0.2543329481823838
hit_10: 0.38405475068882766
hit_20: 0.5540840814149853
ap: 0.17966888844966888
no increase in recent 32 iters
#########################################################
################## epoch 63 ###########################
loss: 419.7005, len_train_loader:198
modified_target in every batch:101.6061
modified_hist in every batch :431.904
########## current_metrics ##########
ndcg_1: 0.07705981690516399
ndcg_5: 0.1595899760723114
ndcg_10: 0.19693854451179504
ndcg_20: 0.23522627353668213
hit_1: 0.07705981690516399
hit_5: 0.23962314460936807
hit_10: 0.35570171540307527
hit_20: 0.508132610434628
ap: 0.17100822925567627
########## best_metrics ##########
ndcg_1: 0.08043729446271443
ndcg_5: 0.1680305451154709
ndcg_10: 0.20952916145324707
ndcg_20: 0.25206586718559265
hit_1: 0.08043729446271443
hit_5: 0.2543329481823838
hit_10: 0.38405475068882766
hit_20: 0.5540840814149853
ap: 0.17966888844966888
no increase in recent 33 iters
#########################################################
################## epoch 64 ###########################
loss: 403.2037, len_train_loader:198
modified_target in every batch:101.6061
modified_hist in every batch :432.9596
########## current_metrics ##########
ndcg_1: 0.07821526975379967
ndcg_5: 0.16082997620105743
ndcg_10: 0.1970619559288025
ndcg_20: 0.23662930727005005
hit_1: 0.07821526975379967
hit_5: 0.24184516931828282
hit_10: 0.3545018220602613
hit_20: 0.5121766954048529
ap: 0.17175328731536865
########## best_metrics ##########
ndcg_1: 0.08043729446271443
ndcg_5: 0.1680305451154709
ndcg_10: 0.20952916145324707
ndcg_20: 0.25206586718559265
hit_1: 0.08043729446271443
hit_5: 0.2543329481823838
hit_10: 0.38405475068882766
hit_20: 0.5540840814149853
ap: 0.17966888844966888
no increase in recent 34 iters
#########################################################
################## epoch 65 ###########################
loss: 398.4259, len_train_loader:198
modified_target in every batch:101.6061
modified_hist in every batch :430.7424
########## current_metrics ##########
ndcg_1: 0.07568216158563683
ndcg_5: 0.156340092420578
ndcg_10: 0.1928889900445938
ndcg_20: 0.23354506492614746
hit_1: 0.07568216158563683
hit_5: 0.2344236067905075
hit_10: 0.3478801884276953
hit_20: 0.5095991467425117
ap: 0.1688411384820938
########## best_metrics ##########
ndcg_1: 0.08043729446271443
ndcg_5: 0.1680305451154709
ndcg_10: 0.20952916145324707
ndcg_20: 0.25206586718559265
hit_1: 0.08043729446271443
hit_5: 0.2543329481823838
hit_10: 0.38405475068882766
hit_20: 0.5540840814149853
ap: 0.17966888844966888
no increase in recent 35 iters
#########################################################
################## epoch 66 ###########################
loss: 400.1543, len_train_loader:198
modified_target in every batch:101.6061
modified_hist in every batch :430.6566
########## current_metrics ##########
ndcg_1: 0.07777086481201671
ndcg_5: 0.15908804535865784
ndcg_10: 0.1972036361694336
ndcg_20: 0.23727752268314362
hit_1: 0.07777086481201671
hit_5: 0.23855657274908898
hit_10: 0.35703493022842414
hit_20: 0.5164429828459692
ap: 0.17136237025260925
########## best_metrics ##########
ndcg_1: 0.08043729446271443
ndcg_5: 0.1680305451154709
ndcg_10: 0.20952916145324707
ndcg_20: 0.25206586718559265
hit_1: 0.08043729446271443
hit_5: 0.2543329481823838
hit_10: 0.38405475068882766
hit_20: 0.5540840814149853
ap: 0.17966888844966888
no increase in recent 36 iters
#########################################################
################## epoch 67 ###########################
loss: 399.4143, len_train_loader:198
modified_target in every batch:101.6061
modified_hist in every batch :429.2374
########## current_metrics ##########
ndcg_1: 0.07612656652741978
ndcg_5: 0.15824246406555176
ndcg_10: 0.1964838206768036
ndcg_20: 0.23640227317810059
hit_1: 0.07612656652741978
hit_5: 0.2384232512665541
hit_10: 0.3572126922051373
hit_20: 0.5158208159274731
ap: 0.170509934425354
########## best_metrics ##########
ndcg_1: 0.08043729446271443
ndcg_5: 0.1680305451154709
ndcg_10: 0.20952916145324707
ndcg_20: 0.25206586718559265
hit_1: 0.08043729446271443
hit_5: 0.2543329481823838
hit_10: 0.38405475068882766
hit_20: 0.5540840814149853
ap: 0.17966888844966888
no increase in recent 37 iters
#########################################################
################## epoch 68 ###########################
loss: 400.8235, len_train_loader:198
modified_target in every batch:101.6061
modified_hist in every batch :432.0859
########## current_metrics ##########
ndcg_1: 0.07714869789352058
ndcg_5: 0.15915325284004211
ndcg_10: 0.19718419015407562
ndcg_20: 0.23660053312778473
hit_1: 0.07714869789352058
hit_5: 0.2392231801617634
hit_10: 0.357168251710959
hit_20: 0.5139543151719848
ap: 0.17108245193958282
########## best_metrics ##########
ndcg_1: 0.08043729446271443
ndcg_5: 0.1680305451154709
ndcg_10: 0.20952916145324707
ndcg_20: 0.25206586718559265
hit_1: 0.08043729446271443
hit_5: 0.2543329481823838
hit_10: 0.38405475068882766
hit_20: 0.5540840814149853
ap: 0.17966888844966888
no increase in recent 38 iters
#########################################################
################## epoch 69 ###########################
loss: 398.3234, len_train_loader:198
modified_target in every batch:101.6061
modified_hist in every batch :430.3131
########## current_metrics ##########
ndcg_1: 0.07461558972535774
ndcg_5: 0.15426473319530487
ndcg_10: 0.19266468286514282
ndcg_20: 0.23191788792610168
hit_1: 0.07461558972535774
hit_5: 0.23233490356412764
hit_10: 0.35161318993867213
hit_20: 0.5076437649986668
ap: 0.16713538765907288
########## best_metrics ##########
ndcg_1: 0.08043729446271443
ndcg_5: 0.1680305451154709
ndcg_10: 0.20952916145324707
ndcg_20: 0.25206586718559265
hit_1: 0.08043729446271443
hit_5: 0.2543329481823838
hit_10: 0.38405475068882766
hit_20: 0.5540840814149853
ap: 0.17966888844966888
no increase in recent 39 iters
#########################################################
################## epoch 70 ###########################
loss: 400.0778, len_train_loader:198
modified_target in every batch:101.6061
modified_hist in every batch :429.8636
########## current_metrics ##########
ndcg_1: 0.07461558972535774
ndcg_5: 0.15326857566833496
ndcg_10: 0.19052329659461975
ndcg_20: 0.22969171404838562
hit_1: 0.07461558972535774
hit_5: 0.23086836725624388
hit_10: 0.34694693804995114
hit_20: 0.5027997511332326
ap: 0.16581596434116364
########## best_metrics ##########
ndcg_1: 0.08043729446271443
ndcg_5: 0.1680305451154709
ndcg_10: 0.20952916145324707
ndcg_20: 0.25206586718559265
hit_1: 0.08043729446271443
hit_5: 0.2543329481823838
hit_10: 0.38405475068882766
hit_20: 0.5540840814149853
ap: 0.17966888844966888
no increase in recent 40 iters
#########################################################
################## epoch 71 ###########################
loss: 396.8507, len_train_loader:198
modified_target in every batch:101.6061
modified_hist in every batch :431.4394
########## current_metrics ##########
ndcg_1: 0.07808194827126477
ndcg_5: 0.1611146181821823
ndcg_10: 0.19769412279129028
ndcg_20: 0.2376200258731842
hit_1: 0.07808194827126477
hit_5: 0.24126744289396498
hit_10: 0.35525731046129233
hit_20: 0.5141320771486979
ap: 0.17243964970111847
########## best_metrics ##########
ndcg_1: 0.08043729446271443
ndcg_5: 0.1680305451154709
ndcg_10: 0.20952916145324707
ndcg_20: 0.25206586718559265
hit_1: 0.08043729446271443
hit_5: 0.2543329481823838
hit_10: 0.38405475068882766
hit_20: 0.5540840814149853
ap: 0.17966888844966888
early stop
#########################################################
