nohup: ignoring input
########## DataInfo ##########
reading seq.dat
numUser:22844
numItem:16553
########## config ##########
thread_num: 4
dataset: yelp
eval_neg_num: 99
train_neg_num: 15
input_len: 50
rec_model: SASRec
train_type: train
save_epochs: [100, 200, 300, 400]
epoch_num: 500
learning_rate: 0.01
train_batch_size: 256
test_batch_size: 256
drop_ratio: 0.1
decay_factor: 0.9
hidden_size: 50
num_hidden_layers: 1
num_attention_heads: 2
intermediate_size: 100
hidden_act: gelu
hidden_dropout_prob: 0.1
attention_probs_dropout_prob: 0.1
type_vocab_size: 1
initializer_range: 0.1
loss_type: pairwise_sample
weight_decay: 0.01
device: cuda
max_seq_len: 50
layer_size: 1
threshold: 1
noise_ratio: 0.05
candidate_num: 3
high_loss_drop: 0.15
weight_drop: 0.5
encoder_loss: False
user_num: 22844
item_num: 16553
generating train samples
train_size: 158492, time: 18.473925828933716
abandoned 0(0.0) samples
valid user num: 13179
valid item num: 16524
generating test samples
test_size: 13179, time: 13.318536281585693
abandoned 0(0.0) samples
------------SASREC ENCODER YES------------
============================================================
Start Training
============================================================
nohup: ignoring input
########## DataInfo ##########
reading seq.dat
numUser:22844
numItem:16553
########## config ##########
thread_num: 4
dataset: yelp
eval_neg_num: 99
train_neg_num: 15
input_len: 5
rec_model: SASRec
train_type: train
save_epochs: [100, 200, 300, 400]
epoch_num: 500
learning_rate: 0.01
train_batch_size: 256
test_batch_size: 256
drop_ratio: 0.1
decay_factor: 0.9
hidden_size: 50
num_hidden_layers: 1
num_attention_heads: 2
intermediate_size: 100
hidden_act: gelu
hidden_dropout_prob: 0.1
attention_probs_dropout_prob: 0.1
type_vocab_size: 1
initializer_range: 0.1
loss_type: pairwise_sample
weight_decay: 0.01
device: cuda
max_seq_len: 50
layer_size: 1
threshold: 1
noise_ratio: 0.05
candidate_num: 3
high_loss_drop: 0.15
weight_drop: 0.5
encoder_loss: False
user_num: 22844
item_num: 16553
generating train samples
train_size: 158492, time: 14.461036682128906
abandoned 0(0.0) samples
valid user num: 13179
valid item num: 16524
generating test samples
test_size: 13179, time: 10.120220422744751
abandoned 0(0.0) samples
------------SASREC ENCODER YES------------
============================================================
Start Training
============================================================
