nohup: ignoring input
########## DataInfo ##########
reading seq.dat
numUser:22502
numItem:10649
########## config ##########
thread_num: 4
dataset: electronics
eval_neg_num: 99
train_neg_num: 30
input_len: 10
rec_model: SASRec
train_type: train
save_epochs: [100, 200, 300, 400]
epoch_num: 500
learning_rate: 0.01
train_batch_size: 1024
test_batch_size: 256
drop_ratio: 0.1
decay_factor: 0.9
hidden_size: 50
num_hidden_layers: 1
num_attention_heads: 2
intermediate_size: 100
hidden_act: gelu
hidden_dropout_prob: 0.1
attention_probs_dropout_prob: 0.1
type_vocab_size: 1
initializer_range: 0.1
loss_type: pairwise_sample
weight_decay: 0.01
device: cuda
max_seq_len: 10
layer_size: 1
threshold: 1
noise_ratio: 0.05
candidate_num: 1
high_loss_drop: 0
weight_drop: 0
encoder_loss: False
user_num: 22502
item_num: 10649
generating train samples
train_size: 200144, time: 9.043548583984375
abandoned 0(0.0) samples
valid user num: 22032
valid item num: 10647
generating test samples
test_size: 22032, time: 14.540048122406006
abandoned 0(0.0) samples
------------SASREC ENCODER YES------------
============================================================
Start Training
============================================================
################## epoch 0 ###########################
loss: 2055.102, len_train_loader:196
modified_target in every batch:0.0
modified_hist in every batch :0.0
########## current_metrics ##########
ndcg_1: 0.01919934640522876
ndcg_5: 0.058400578796863556
ndcg_10: 0.08925046026706696
ndcg_20: 0.13202576339244843
hit_1: 0.01919934640522876
hit_5: 0.09967320261437909
hit_10: 0.19598765432098766
hit_20: 0.3666031227305737
ap: 0.08464334905147552
########## best_metrics ##########
ndcg_1: 0.01919934640522876
ndcg_5: 0.058400578796863556
ndcg_10: 0.08925046026706696
ndcg_20: 0.13202576339244843
hit_1: 0.01919934640522876
hit_5: 0.09967320261437909
hit_10: 0.19598765432098766
hit_20: 0.3666031227305737
ap: 0.08464334905147552
no increase in recent 0 iters
this epoch costs 111.25243473052979 s
#########################################################
################## epoch 1 ###########################
loss: 1704.4496, len_train_loader:196
modified_target in every batch:0.0
modified_hist in every batch :0.0
########## current_metrics ##########
ndcg_1: 0.022603485838779955
ndcg_5: 0.06942543387413025
ndcg_10: 0.103425532579422
ndcg_20: 0.14727431535720825
hit_1: 0.022603485838779955
hit_5: 0.11823710965867829
hit_10: 0.22421931735657225
hit_20: 0.3991013071895425
ap: 0.09424635767936707
########## best_metrics ##########
ndcg_1: 0.022603485838779955
ndcg_5: 0.06942543387413025
ndcg_10: 0.103425532579422
ndcg_20: 0.14727431535720825
hit_1: 0.022603485838779955
hit_5: 0.11823710965867829
hit_10: 0.22421931735657225
hit_20: 0.3991013071895425
ap: 0.09424635767936707
no increase in recent 0 iters
this epoch costs 231.4702911376953 s
#########################################################
################## epoch 2 ###########################
loss: 1549.1261, len_train_loader:196
modified_target in every batch:0.0
modified_hist in every batch :0.0
########## current_metrics ##########
ndcg_1: 0.040804284676833696
ndcg_5: 0.10916078090667725
ndcg_10: 0.1479073166847229
ndcg_20: 0.19142645597457886
hit_1: 0.040804284676833696
hit_5: 0.17819535221496005
hit_10: 0.29879266521423387
hit_20: 0.47194989106753815
ap: 0.12768559157848358
########## best_metrics ##########
ndcg_1: 0.040804284676833696
ndcg_5: 0.10916078090667725
ndcg_10: 0.1479073166847229
ndcg_20: 0.19142645597457886
hit_1: 0.040804284676833696
hit_5: 0.17819535221496005
hit_10: 0.29879266521423387
hit_20: 0.47194989106753815
ap: 0.12768559157848358
no increase in recent 0 iters
this epoch costs 222.90751481056213 s
#########################################################
################## epoch 3 ###########################
loss: 1432.8785, len_train_loader:196
modified_target in every batch:0.0
modified_hist in every batch :0.0
########## current_metrics ##########
ndcg_1: 0.04702251270878722
ndcg_5: 0.12036895006895065
ndcg_10: 0.1629435271024704
ndcg_20: 0.20985305309295654
hit_1: 0.04702251270878722
hit_5: 0.19471677559912853
hit_10: 0.3272058823529412
hit_20: 0.5135257806826434
ap: 0.13878963887691498
########## best_metrics ##########
ndcg_1: 0.04702251270878722
ndcg_5: 0.12036895006895065
ndcg_10: 0.1629435271024704
ndcg_20: 0.20985305309295654
hit_1: 0.04702251270878722
hit_5: 0.19471677559912853
hit_10: 0.3272058823529412
hit_20: 0.5135257806826434
ap: 0.13878963887691498
no increase in recent 0 iters
this epoch costs 97.43566727638245 s
#########################################################
################## epoch 4 ###########################
loss: 1351.9868, len_train_loader:196
modified_target in every batch:0.0
modified_hist in every batch :0.0
########## current_metrics ##########
ndcg_1: 0.05591866376180102
ndcg_5: 0.13482077419757843
ndcg_10: 0.17668387293815613
ndcg_20: 0.22152076661586761
hit_1: 0.05591866376180102
hit_5: 0.21427923021060277
hit_10: 0.34458968772694265
hit_20: 0.5230573710965868
ap: 0.15051239728927612
########## best_metrics ##########
ndcg_1: 0.05591866376180102
ndcg_5: 0.13482077419757843
ndcg_10: 0.17668387293815613
ndcg_20: 0.22152076661586761
hit_1: 0.05591866376180102
hit_5: 0.21427923021060277
hit_10: 0.34458968772694265
hit_20: 0.5230573710965868
ap: 0.15051239728927612
no increase in recent 0 iters
this epoch costs 87.24994587898254 s
#########################################################
################## epoch 5 ###########################
loss: 1305.8909, len_train_loader:196
modified_target in every batch:0.0
modified_hist in every batch :0.0
########## current_metrics ##########
ndcg_1: 0.06309005083514888
ndcg_5: 0.14762263000011444
ndcg_10: 0.1918172538280487
ndcg_20: 0.23610858619213104
hit_1: 0.06309005083514888
hit_5: 0.2327069716775599
hit_10: 0.370279593318809
hit_20: 0.5463870733478576
ap: 0.16178908944129944
########## best_metrics ##########
ndcg_1: 0.06309005083514888
ndcg_5: 0.14762263000011444
ndcg_10: 0.1918172538280487
ndcg_20: 0.23610858619213104
hit_1: 0.06309005083514888
hit_5: 0.2327069716775599
hit_10: 0.370279593318809
hit_20: 0.5463870733478576
ap: 0.16178908944129944
no increase in recent 0 iters
this epoch costs 105.16911911964417 s
#########################################################
################## epoch 6 ###########################
loss: 1265.9686, len_train_loader:196
modified_target in every batch:0.0
modified_hist in every batch :0.0
########## current_metrics ##########
ndcg_1: 0.0606844589687727
ndcg_5: 0.14581596851348877
ndcg_10: 0.1906343400478363
ndcg_20: 0.23436123132705688
hit_1: 0.0606844589687727
hit_5: 0.23134531590413943
hit_10: 0.3705519244734931
hit_20: 0.5439814814814815
ap: 0.15993383526802063
########## best_metrics ##########
ndcg_1: 0.06309005083514888
ndcg_5: 0.14762263000011444
ndcg_10: 0.1918172538280487
ndcg_20: 0.23610858619213104
hit_1: 0.06309005083514888
hit_5: 0.2327069716775599
hit_10: 0.3705519244734931
hit_20: 0.5463870733478576
ap: 0.16178908944129944
no increase in recent 0 iters
this epoch costs 97.59075808525085 s
#########################################################
################## epoch 7 ###########################
loss: 1237.1696, len_train_loader:196
modified_target in every batch:0.0
modified_hist in every batch :0.0
########## current_metrics ##########
ndcg_1: 0.06263616557734204
ndcg_5: 0.14708039164543152
ndcg_10: 0.19301468133926392
ndcg_20: 0.2378677874803543
hit_1: 0.06263616557734204
hit_5: 0.23229847494553377
hit_10: 0.37490922294843865
hit_20: 0.5530137981118374
ap: 0.16195861995220184
########## best_metrics ##########
ndcg_1: 0.06309005083514888
ndcg_5: 0.14762263000011444
ndcg_10: 0.19301468133926392
ndcg_20: 0.2378677874803543
hit_1: 0.06309005083514888
hit_5: 0.2327069716775599
hit_10: 0.37490922294843865
hit_20: 0.5530137981118374
ap: 0.16195861995220184
no increase in recent 0 iters
this epoch costs 111.41459512710571 s
#########################################################
################## epoch 8 ###########################
loss: 1206.5394, len_train_loader:196
modified_target in every batch:0.0
modified_hist in every batch :0.0
########## current_metrics ##########
ndcg_1: 0.06209150326797386
ndcg_5: 0.14585593342781067
ndcg_10: 0.18854181468486786
ndcg_20: 0.23259197175502777
hit_1: 0.06209150326797386
hit_5: 0.22993827160493827
hit_10: 0.362699709513435
hit_20: 0.5376270878721859
ap: 0.15956760942935944
########## best_metrics ##########
ndcg_1: 0.06309005083514888
ndcg_5: 0.14762263000011444
ndcg_10: 0.19301468133926392
ndcg_20: 0.2378677874803543
hit_1: 0.06309005083514888
hit_5: 0.2327069716775599
hit_10: 0.37490922294843865
hit_20: 0.5530137981118374
ap: 0.16195861995220184
no increase in recent 1 iters
this epoch costs 223.7522678375244 s
#########################################################
################## epoch 9 ###########################
loss: 1184.3168, len_train_loader:196
modified_target in every batch:0.0
modified_hist in every batch :0.0
########## current_metrics ##########
ndcg_1: 0.06545025417574438
ndcg_5: 0.15589313209056854
ndcg_10: 0.19911767542362213
ndcg_20: 0.24148978292942047
hit_1: 0.06545025417574438
hit_5: 0.2455519244734931
hit_10: 0.3799927378358751
hit_20: 0.5484295570079883
ap: 0.16750375926494598
########## best_metrics ##########
ndcg_1: 0.06545025417574438
ndcg_5: 0.15589313209056854
ndcg_10: 0.19911767542362213
ndcg_20: 0.24148978292942047
hit_1: 0.06545025417574438
hit_5: 0.2455519244734931
hit_10: 0.3799927378358751
hit_20: 0.5530137981118374
ap: 0.16750375926494598
no increase in recent 0 iters
this epoch costs 202.0094096660614 s
#########################################################
################## epoch 10 ###########################
loss: 1161.0052, len_train_loader:196
modified_target in every batch:0.0
modified_hist in every batch :0.0
########## current_metrics ##########
ndcg_1: 0.06740196078431372
ndcg_5: 0.15761999785900116
ndcg_10: 0.20126841962337494
ndcg_20: 0.24453388154506683
hit_1: 0.06740196078431372
hit_5: 0.2481844589687727
hit_10: 0.3838053740014524
hit_20: 0.5556009440813362
ap: 0.169275164604187
########## best_metrics ##########
ndcg_1: 0.06740196078431372
ndcg_5: 0.15761999785900116
ndcg_10: 0.20126841962337494
ndcg_20: 0.24453388154506683
hit_1: 0.06740196078431372
hit_5: 0.2481844589687727
hit_10: 0.3838053740014524
hit_20: 0.5556009440813362
ap: 0.169275164604187
no increase in recent 0 iters
this epoch costs 149.6222596168518 s
#########################################################
################## epoch 11 ###########################
loss: 1144.2468, len_train_loader:196
modified_target in every batch:0.0
modified_hist in every batch :0.0
########## current_metrics ##########
ndcg_1: 0.06395243282498185
ndcg_5: 0.15477192401885986
ndcg_10: 0.1972704827785492
ndcg_20: 0.2416648417711258
hit_1: 0.06395243282498185
hit_5: 0.24355482933914308
hit_10: 0.37568082788671026
hit_20: 0.5516975308641975
ap: 0.1667037159204483
########## best_metrics ##########
ndcg_1: 0.06740196078431372
ndcg_5: 0.15761999785900116
ndcg_10: 0.20126841962337494
ndcg_20: 0.24453388154506683
hit_1: 0.06740196078431372
hit_5: 0.2481844589687727
hit_10: 0.3838053740014524
hit_20: 0.5556009440813362
ap: 0.169275164604187
no increase in recent 1 iters
this epoch costs 194.5761969089508 s
#########################################################
################## epoch 12 ###########################
loss: 1127.7041, len_train_loader:196
modified_target in every batch:0.0
modified_hist in every batch :0.0
########## current_metrics ##########
ndcg_1: 0.0706245461147422
ndcg_5: 0.15989410877227783
ndcg_10: 0.2022404968738556
ndcg_20: 0.24467068910598755
hit_1: 0.0706245461147422
hit_5: 0.2492283950617284
hit_10: 0.3806735657225853
hit_20: 0.549337327523602
ap: 0.1713082492351532
########## best_metrics ##########
ndcg_1: 0.0706245461147422
ndcg_5: 0.15989410877227783
ndcg_10: 0.2022404968738556
ndcg_20: 0.24467068910598755
hit_1: 0.0706245461147422
hit_5: 0.2492283950617284
hit_10: 0.3838053740014524
hit_20: 0.5556009440813362
ap: 0.1713082492351532
no increase in recent 0 iters
this epoch costs 148.46929025650024 s
#########################################################
################## epoch 13 ###########################
loss: 1109.552, len_train_loader:196
modified_target in every batch:0.0
modified_hist in every batch :0.0
########## current_metrics ##########
ndcg_1: 0.07248547567175018
ndcg_5: 0.16084173321723938
ndcg_10: 0.204656183719635
ndcg_20: 0.24734005331993103
hit_1: 0.07248547567175018
hit_5: 0.24940994916485112
hit_10: 0.38562091503267976
hit_20: 0.5552378358750908
ap: 0.1729675829410553
########## best_metrics ##########
ndcg_1: 0.07248547567175018
ndcg_5: 0.16084173321723938
ndcg_10: 0.204656183719635
ndcg_20: 0.24734005331993103
hit_1: 0.07248547567175018
hit_5: 0.24940994916485112
hit_10: 0.38562091503267976
hit_20: 0.5556009440813362
ap: 0.1729675829410553
no increase in recent 0 iters
this epoch costs 96.6882700920105 s
#########################################################
################## epoch 14 ###########################
loss: 1094.9443, len_train_loader:196
modified_target in every batch:0.0
modified_hist in every batch :0.0
########## current_metrics ##########
ndcg_1: 0.06808278867102396
ndcg_5: 0.15481629967689514
ndcg_10: 0.1964820921421051
ndcg_20: 0.24062804877758026
hit_1: 0.06808278867102396
hit_5: 0.24046840958605664
hit_10: 0.3697349310094408
hit_20: 0.5449346405228758
ap: 0.16763006150722504
########## best_metrics ##########
ndcg_1: 0.07248547567175018
ndcg_5: 0.16084173321723938
ndcg_10: 0.204656183719635
ndcg_20: 0.24734005331993103
hit_1: 0.07248547567175018
hit_5: 0.24940994916485112
hit_10: 0.38562091503267976
hit_20: 0.5556009440813362
ap: 0.1729675829410553
no increase in recent 1 iters
this epoch costs 164.1268332004547 s
#########################################################
################## epoch 15 ###########################
loss: 1075.9891, len_train_loader:196
modified_target in every batch:0.0
modified_hist in every batch :0.0
########## current_metrics ##########
ndcg_1: 0.07552650689905592
ndcg_5: 0.16585370898246765
ndcg_10: 0.20880304276943207
ndcg_20: 0.25015902519226074
hit_1: 0.07552650689905592
hit_5: 0.25431190994916486
hit_10: 0.3875726216412491
hit_20: 0.5518336964415396
ap: 0.17727841436862946
########## best_metrics ##########
ndcg_1: 0.07552650689905592
ndcg_5: 0.16585370898246765
ndcg_10: 0.20880304276943207
ndcg_20: 0.25015902519226074
hit_1: 0.07552650689905592
hit_5: 0.25431190994916486
hit_10: 0.3875726216412491
hit_20: 0.5556009440813362
ap: 0.17727841436862946
no increase in recent 0 iters
this epoch costs 240.5719165802002 s
#########################################################
################## epoch 16 ###########################
loss: 1062.0778, len_train_loader:196
modified_target in every batch:0.0
modified_hist in every batch :0.0
########## current_metrics ##########
ndcg_1: 0.06658496732026144
ndcg_5: 0.1538878083229065
ndcg_10: 0.19788426160812378
ndcg_20: 0.24017497897148132
hit_1: 0.06658496732026144
hit_5: 0.24033224400871459
hit_10: 0.37717864923747274
hit_20: 0.5454339143064634
ap: 0.1666771024465561
########## best_metrics ##########
ndcg_1: 0.07552650689905592
ndcg_5: 0.16585370898246765
ndcg_10: 0.20880304276943207
ndcg_20: 0.25015902519226074
hit_1: 0.07552650689905592
hit_5: 0.25431190994916486
hit_10: 0.3875726216412491
hit_20: 0.5556009440813362
ap: 0.17727841436862946
no increase in recent 1 iters
this epoch costs 162.15766978263855 s
#########################################################
################## epoch 17 ###########################
loss: 1050.3772, len_train_loader:196
modified_target in every batch:0.0
modified_hist in every batch :0.0
########## current_metrics ##########
ndcg_1: 0.0666757443718228
ndcg_5: 0.15479904413223267
ndcg_10: 0.19682413339614868
ndcg_20: 0.24030105769634247
hit_1: 0.0666757443718228
hit_5: 0.24278322440087147
hit_10: 0.37300290486564996
hit_20: 0.5453431372549019
ap: 0.16686813533306122
########## best_metrics ##########
ndcg_1: 0.07552650689905592
ndcg_5: 0.16585370898246765
ndcg_10: 0.20880304276943207
ndcg_20: 0.25015902519226074
hit_1: 0.07552650689905592
hit_5: 0.25431190994916486
hit_10: 0.3875726216412491
hit_20: 0.5556009440813362
ap: 0.17727841436862946
no increase in recent 2 iters
this epoch costs 101.30222821235657 s
#########################################################
################## epoch 18 ###########################
loss: 1039.8312, len_train_loader:196
modified_target in every batch:0.0
modified_hist in every batch :0.0
########## current_metrics ##########
ndcg_1: 0.07362018881626725
ndcg_5: 0.16587752103805542
ndcg_10: 0.20864790678024292
ndcg_20: 0.25127652287483215
hit_1: 0.07362018881626725
hit_5: 0.2570806100217865
hit_10: 0.3901143790849673
hit_20: 0.5594589687726943
ap: 0.17641539871692657
########## best_metrics ##########
ndcg_1: 0.07552650689905592
ndcg_5: 0.16587752103805542
ndcg_10: 0.20880304276943207
ndcg_20: 0.25127652287483215
hit_1: 0.07552650689905592
hit_5: 0.2570806100217865
hit_10: 0.3901143790849673
hit_20: 0.5594589687726943
ap: 0.17727841436862946
no increase in recent 0 iters
this epoch costs 97.22111535072327 s
#########################################################
################## epoch 19 ###########################
loss: 1027.0065, len_train_loader:196
modified_target in every batch:0.0
modified_hist in every batch :0.0
########## current_metrics ##########
ndcg_1: 0.07702432824981845
ndcg_5: 0.16961684823036194
ndcg_10: 0.21322159469127655
ndcg_20: 0.25585636496543884
hit_1: 0.07702432824981845
hit_5: 0.26053013798111835
hit_10: 0.3961964415395788
hit_20: 0.5655410312273057
ap: 0.18045011162757874
########## best_metrics ##########
ndcg_1: 0.07702432824981845
ndcg_5: 0.16961684823036194
ndcg_10: 0.21322159469127655
ndcg_20: 0.25585636496543884
hit_1: 0.07702432824981845
hit_5: 0.26053013798111835
hit_10: 0.3961964415395788
hit_20: 0.5655410312273057
ap: 0.18045011162757874
no increase in recent 0 iters
this epoch costs 103.66034197807312 s
#########################################################
################## epoch 20 ###########################
loss: 1016.9182, len_train_loader:196
modified_target in every batch:0.0
modified_hist in every batch :0.0
########## current_metrics ##########
ndcg_1: 0.07362018881626725
ndcg_5: 0.16498897969722748
ndcg_10: 0.20768532156944275
ndcg_20: 0.24964551627635956
hit_1: 0.07362018881626725
hit_5: 0.25590050835148875
hit_10: 0.38848039215686275
hit_20: 0.5549655047204067
ap: 0.17555896937847137
########## best_metrics ##########
ndcg_1: 0.07702432824981845
ndcg_5: 0.16961684823036194
ndcg_10: 0.21322159469127655
ndcg_20: 0.25585636496543884
hit_1: 0.07702432824981845
hit_5: 0.26053013798111835
hit_10: 0.3961964415395788
hit_20: 0.5655410312273057
ap: 0.18045011162757874
no increase in recent 1 iters
this epoch costs 100.15578103065491 s
#########################################################
################## epoch 21 ###########################
loss: 1004.1892, len_train_loader:196
modified_target in every batch:0.0
modified_hist in every batch :0.0
########## current_metrics ##########
ndcg_1: 0.06889978213507625
ndcg_5: 0.15797699987888336
ndcg_10: 0.19979190826416016
ndcg_20: 0.24228788912296295
hit_1: 0.06889978213507625
hit_5: 0.24586964415395787
hit_10: 0.3759531590413943
hit_20: 0.5448438634713144
ap: 0.16944505274295807
########## best_metrics ##########
ndcg_1: 0.07702432824981845
ndcg_5: 0.16961684823036194
ndcg_10: 0.21322159469127655
ndcg_20: 0.25585636496543884
hit_1: 0.07702432824981845
hit_5: 0.26053013798111835
hit_10: 0.3961964415395788
hit_20: 0.5655410312273057
ap: 0.18045011162757874
no increase in recent 2 iters
this epoch costs 218.08459973335266 s
#########################################################
################## epoch 22 ###########################
loss: 991.3955, len_train_loader:196
modified_target in every batch:0.0
modified_hist in every batch :0.0
########## current_metrics ##########
ndcg_1: 0.07289397240377632
ndcg_5: 0.16225367784500122
ndcg_10: 0.20358677208423615
ndcg_20: 0.24493730068206787
hit_1: 0.07289397240377632
hit_5: 0.2504992737835875
hit_10: 0.3791303558460421
hit_20: 0.5434368191721133
ap: 0.17309032380580902
########## best_metrics ##########
ndcg_1: 0.07702432824981845
ndcg_5: 0.16961684823036194
ndcg_10: 0.21322159469127655
ndcg_20: 0.25585636496543884
hit_1: 0.07702432824981845
hit_5: 0.26053013798111835
hit_10: 0.3961964415395788
hit_20: 0.5655410312273057
ap: 0.18045011162757874
no increase in recent 3 iters
this epoch costs 238.33702564239502 s
#########################################################
################## epoch 23 ###########################
loss: 979.9222, len_train_loader:196
modified_target in every batch:0.0
modified_hist in every batch :0.0
########## current_metrics ##########
ndcg_1: 0.07779593318809006
ndcg_5: 0.16951072216033936
ndcg_10: 0.20874838531017303
ndcg_20: 0.25148528814315796
hit_1: 0.07779593318809006
hit_5: 0.26003086419753085
hit_10: 0.38235294117647056
hit_20: 0.5519698620188817
ap: 0.178960382938385
########## best_metrics ##########
ndcg_1: 0.07779593318809006
ndcg_5: 0.16961684823036194
ndcg_10: 0.21322159469127655
ndcg_20: 0.25585636496543884
hit_1: 0.07779593318809006
hit_5: 0.26053013798111835
hit_10: 0.3961964415395788
hit_20: 0.5655410312273057
ap: 0.18045011162757874
no increase in recent 0 iters
this epoch costs 115.69088125228882 s
#########################################################
################## epoch 24 ###########################
loss: 967.2612, len_train_loader:196
modified_target in every batch:0.0
modified_hist in every batch :0.0
########## current_metrics ##########
ndcg_1: 0.07625272331154684
ndcg_5: 0.1683163046836853
ndcg_10: 0.2101411670446396
ndcg_20: 0.25214529037475586
hit_1: 0.07625272331154684
hit_5: 0.2586238198983297
hit_10: 0.38870733478576613
hit_20: 0.5555555555555556
ap: 0.17862452566623688
########## best_metrics ##########
ndcg_1: 0.07779593318809006
ndcg_5: 0.16961684823036194
ndcg_10: 0.21322159469127655
ndcg_20: 0.25585636496543884
hit_1: 0.07779593318809006
hit_5: 0.26053013798111835
hit_10: 0.3961964415395788
hit_20: 0.5655410312273057
ap: 0.18045011162757874
no increase in recent 1 iters
this epoch costs 102.67377662658691 s
#########################################################
################## epoch 25 ###########################
loss: 953.6595, len_train_loader:196
modified_target in every batch:0.0
modified_hist in every batch :0.0
########## current_metrics ##########
ndcg_1: 0.07838598402323893
ndcg_5: 0.16752538084983826
ndcg_10: 0.2085006982088089
ndcg_20: 0.2510787844657898
hit_1: 0.07838598402323893
hit_5: 0.25540123456790126
hit_10: 0.38294299201161947
hit_20: 0.5523329702251271
ap: 0.17837469279766083
########## best_metrics ##########
ndcg_1: 0.07838598402323893
ndcg_5: 0.16961684823036194
ndcg_10: 0.21322159469127655
ndcg_20: 0.25585636496543884
hit_1: 0.07838598402323893
hit_5: 0.26053013798111835
hit_10: 0.3961964415395788
hit_20: 0.5655410312273057
ap: 0.18045011162757874
no increase in recent 0 iters
this epoch costs 108.2252881526947 s
#########################################################
################## epoch 26 ###########################
loss: 939.9405, len_train_loader:196
modified_target in every batch:0.0
modified_hist in every batch :0.0
########## current_metrics ##########
ndcg_1: 0.074800290486565
ndcg_5: 0.16305169463157654
ndcg_10: 0.20429129898548126
ndcg_20: 0.24725769460201263
hit_1: 0.074800290486565
hit_5: 0.2497730573710966
hit_10: 0.37826797385620914
hit_20: 0.5489288307915758
ap: 0.17465952038764954
########## best_metrics ##########
ndcg_1: 0.07838598402323893
ndcg_5: 0.16961684823036194
ndcg_10: 0.21322159469127655
ndcg_20: 0.25585636496543884
hit_1: 0.07838598402323893
hit_5: 0.26053013798111835
hit_10: 0.3961964415395788
hit_20: 0.5655410312273057
ap: 0.18045011162757874
no increase in recent 1 iters
this epoch costs 123.88803815841675 s
#########################################################
################## epoch 27 ###########################
loss: 932.2725, len_train_loader:196
modified_target in every batch:0.0
modified_hist in every batch :0.0
########## current_metrics ##########
ndcg_1: 0.074800290486565
ndcg_5: 0.16785487532615662
ndcg_10: 0.20720495283603668
ndcg_20: 0.24980907142162323
hit_1: 0.074800290486565
hit_5: 0.2591230936819172
hit_10: 0.38135439360929557
hit_20: 0.5507897603485838
ap: 0.1770579069852829
########## best_metrics ##########
ndcg_1: 0.07838598402323893
ndcg_5: 0.16961684823036194
ndcg_10: 0.21322159469127655
ndcg_20: 0.25585636496543884
hit_1: 0.07838598402323893
hit_5: 0.26053013798111835
hit_10: 0.3961964415395788
hit_20: 0.5655410312273057
ap: 0.18045011162757874
no increase in recent 2 iters
this epoch costs 206.41577529907227 s
#########################################################
################## epoch 28 ###########################
loss: 919.8304, len_train_loader:196
modified_target in every batch:0.0
modified_hist in every batch :0.0
########## current_metrics ##########
ndcg_1: 0.07561728395061729
ndcg_5: 0.16528362035751343
ndcg_10: 0.20599369704723358
ndcg_20: 0.24805468320846558
hit_1: 0.07561728395061729
hit_5: 0.2533133623819898
hit_10: 0.37985657225853303
hit_20: 0.5468409586056645
ap: 0.17607943713665009
########## best_metrics ##########
ndcg_1: 0.07838598402323893
ndcg_5: 0.16961684823036194
ndcg_10: 0.21322159469127655
ndcg_20: 0.25585636496543884
hit_1: 0.07838598402323893
hit_5: 0.26053013798111835
hit_10: 0.3961964415395788
hit_20: 0.5655410312273057
ap: 0.18045011162757874
no increase in recent 3 iters
this epoch costs 219.05772709846497 s
#########################################################
################## epoch 29 ###########################
loss: 906.6181, len_train_loader:196
modified_target in every batch:0.0
modified_hist in every batch :0.0
########## current_metrics ##########
ndcg_1: 0.07684277414669571
ndcg_5: 0.16428297758102417
ndcg_10: 0.20467904210090637
ndcg_20: 0.2471896857023239
hit_1: 0.07684277414669571
hit_5: 0.25040849673202614
hit_10: 0.37559005083514885
hit_20: 0.5443899782135077
ap: 0.1758580505847931
########## best_metrics ##########
ndcg_1: 0.07838598402323893
ndcg_5: 0.16961684823036194
ndcg_10: 0.21322159469127655
ndcg_20: 0.25585636496543884
hit_1: 0.07838598402323893
hit_5: 0.26053013798111835
hit_10: 0.3961964415395788
hit_20: 0.5655410312273057
ap: 0.18045011162757874
no increase in recent 4 iters
this epoch costs 250.48546075820923 s
#########################################################
################## epoch 30 ###########################
loss: 896.5853, len_train_loader:196
modified_target in every batch:0.0
modified_hist in every batch :0.0
########## current_metrics ##########
ndcg_1: 0.07747821350762528
ndcg_5: 0.16640444099903107
ndcg_10: 0.20831531286239624
ndcg_20: 0.2507181167602539
hit_1: 0.07747821350762528
hit_5: 0.2534495279593319
hit_10: 0.38344226579520696
hit_20: 0.552060639070443
ap: 0.1780378818511963
########## best_metrics ##########
ndcg_1: 0.07838598402323893
ndcg_5: 0.16961684823036194
ndcg_10: 0.21322159469127655
ndcg_20: 0.25585636496543884
hit_1: 0.07838598402323893
hit_5: 0.26053013798111835
hit_10: 0.3961964415395788
hit_20: 0.5655410312273057
ap: 0.18045011162757874
no increase in recent 5 iters
this epoch costs 173.22021317481995 s
#########################################################
################## epoch 31 ###########################
loss: 866.2972, len_train_loader:196
modified_target in every batch:0.0
modified_hist in every batch :0.0
########## current_metrics ##########
ndcg_1: 0.08101851851851852
ndcg_5: 0.17369849979877472
ndcg_10: 0.21417103707790375
ndcg_20: 0.25511202216148376
hit_1: 0.08101851851851852
hit_5: 0.2638888888888889
hit_10: 0.3898874364560639
hit_20: 0.5526960784313726
ap: 0.1830964833498001
########## best_metrics ##########
ndcg_1: 0.08101851851851852
ndcg_5: 0.17369849979877472
ndcg_10: 0.21417103707790375
ndcg_20: 0.25585636496543884
hit_1: 0.08101851851851852
hit_5: 0.2638888888888889
hit_10: 0.3961964415395788
hit_20: 0.5655410312273057
ap: 0.1830964833498001
no increase in recent 0 iters
this epoch costs 101.53661346435547 s
#########################################################
################## epoch 32 ###########################
loss: 854.1046, len_train_loader:196
modified_target in every batch:0.0
modified_hist in every batch :0.0
########## current_metrics ##########
ndcg_1: 0.07983841684822077
ndcg_5: 0.16885849833488464
ndcg_10: 0.20885857939720154
ndcg_20: 0.24998804926872253
hit_1: 0.07983841684822077
hit_5: 0.2564451706608569
hit_10: 0.38040123456790126
hit_20: 0.5436637618010167
ap: 0.1793178915977478
########## best_metrics ##########
ndcg_1: 0.08101851851851852
ndcg_5: 0.17369849979877472
ndcg_10: 0.21417103707790375
ndcg_20: 0.25585636496543884
hit_1: 0.08101851851851852
hit_5: 0.2638888888888889
hit_10: 0.3961964415395788
hit_20: 0.5655410312273057
ap: 0.1830964833498001
no increase in recent 1 iters
this epoch costs 104.83361458778381 s
#########################################################
################## epoch 33 ###########################
loss: 851.2665, len_train_loader:196
modified_target in every batch:0.0
modified_hist in every batch :0.0
########## current_metrics ##########
ndcg_1: 0.07702432824981845
ndcg_5: 0.1647695004940033
ndcg_10: 0.20630864799022675
ndcg_20: 0.24854160845279694
hit_1: 0.07702432824981845
hit_5: 0.25022694262890344
hit_10: 0.3789034132171387
hit_20: 0.5467047930283224
ap: 0.17684338986873627
########## best_metrics ##########
ndcg_1: 0.08101851851851852
ndcg_5: 0.17369849979877472
ndcg_10: 0.21417103707790375
ndcg_20: 0.25585636496543884
hit_1: 0.08101851851851852
hit_5: 0.2638888888888889
hit_10: 0.3961964415395788
hit_20: 0.5655410312273057
ap: 0.1830964833498001
no increase in recent 2 iters
this epoch costs 141.1225802898407 s
#########################################################
################## epoch 34 ###########################
loss: 839.5907, len_train_loader:196
modified_target in every batch:0.0
modified_hist in every batch :0.0
########## current_metrics ##########
ndcg_1: 0.07979302832244009
ndcg_5: 0.16937901079654694
ndcg_10: 0.21015946567058563
ndcg_20: 0.251095175743103
hit_1: 0.07979302832244009
hit_5: 0.25780682643427744
hit_10: 0.38457697893972403
hit_20: 0.5472040668119099
ap: 0.1797281950712204
########## best_metrics ##########
ndcg_1: 0.08101851851851852
ndcg_5: 0.17369849979877472
ndcg_10: 0.21417103707790375
ndcg_20: 0.25585636496543884
hit_1: 0.08101851851851852
hit_5: 0.2638888888888889
hit_10: 0.3961964415395788
hit_20: 0.5655410312273057
ap: 0.1830964833498001
no increase in recent 3 iters
this epoch costs 220.88997220993042 s
#########################################################
################## epoch 35 ###########################
loss: 832.8342, len_train_loader:196
modified_target in every batch:0.0
modified_hist in every batch :0.0
########## current_metrics ##########
ndcg_1: 0.0763888888888889
ndcg_5: 0.16354858875274658
ndcg_10: 0.20303994417190552
ndcg_20: 0.24465350806713104
hit_1: 0.0763888888888889
hit_5: 0.24909222948438633
hit_10: 0.3718228031953522
hit_20: 0.5369916485112564
ap: 0.17458173632621765
########## best_metrics ##########
ndcg_1: 0.08101851851851852
ndcg_5: 0.17369849979877472
ndcg_10: 0.21417103707790375
ndcg_20: 0.25585636496543884
hit_1: 0.08101851851851852
hit_5: 0.2638888888888889
hit_10: 0.3961964415395788
hit_20: 0.5655410312273057
ap: 0.1830964833498001
no increase in recent 4 iters
this epoch costs 167.62868857383728 s
#########################################################
################## epoch 36 ###########################
loss: 827.2437, len_train_loader:196
modified_target in every batch:0.0
modified_hist in every batch :0.0
########## current_metrics ##########
ndcg_1: 0.08083696441539578
ndcg_5: 0.1684279590845108
ndcg_10: 0.20841635763645172
ndcg_20: 0.2488267719745636
hit_1: 0.08083696441539578
hit_5: 0.25372185911401596
hit_10: 0.37795025417574435
hit_20: 0.5384894698620188
ap: 0.1795216053724289
########## best_metrics ##########
ndcg_1: 0.08101851851851852
ndcg_5: 0.17369849979877472
ndcg_10: 0.21417103707790375
ndcg_20: 0.25585636496543884
hit_1: 0.08101851851851852
hit_5: 0.2638888888888889
hit_10: 0.3961964415395788
hit_20: 0.5655410312273057
ap: 0.1830964833498001
no increase in recent 5 iters
this epoch costs 104.45402073860168 s
#########################################################
################## epoch 37 ###########################
loss: 818.4951, len_train_loader:196
modified_target in every batch:0.0
modified_hist in every batch :0.0
########## current_metrics ##########
ndcg_1: 0.07979302832244009
ndcg_5: 0.16752272844314575
ndcg_10: 0.2091660350561142
ndcg_20: 0.24971486628055573
hit_1: 0.07979302832244009
hit_5: 0.2525417574437182
hit_10: 0.3822621641249092
hit_20: 0.5431644880174292
ap: 0.1792045384645462
########## best_metrics ##########
ndcg_1: 0.08101851851851852
ndcg_5: 0.17369849979877472
ndcg_10: 0.21417103707790375
ndcg_20: 0.25585636496543884
hit_1: 0.08101851851851852
hit_5: 0.2638888888888889
hit_10: 0.3961964415395788
hit_20: 0.5655410312273057
ap: 0.1830964833498001
no increase in recent 6 iters
this epoch costs 190.96186518669128 s
#########################################################
################## epoch 38 ###########################
loss: 812.4588, len_train_loader:196
modified_target in every batch:0.0
modified_hist in every batch :0.0
########## current_metrics ##########
ndcg_1: 0.07929375453885258
ndcg_5: 0.16515175998210907
ndcg_10: 0.20516382157802582
ndcg_20: 0.24640552699565887
hit_1: 0.07929375453885258
hit_5: 0.25009077705156135
hit_10: 0.3740468409586057
hit_20: 0.5380809731299927
ap: 0.17661087214946747
########## best_metrics ##########
ndcg_1: 0.08101851851851852
ndcg_5: 0.17369849979877472
ndcg_10: 0.21417103707790375
ndcg_20: 0.25585636496543884
hit_1: 0.08101851851851852
hit_5: 0.2638888888888889
hit_10: 0.3961964415395788
hit_20: 0.5655410312273057
ap: 0.1830964833498001
no increase in recent 7 iters
this epoch costs 159.78315496444702 s
#########################################################
################## epoch 39 ###########################
loss: 806.1099, len_train_loader:196
modified_target in every batch:0.0
modified_hist in every batch :0.0
########## current_metrics ##########
ndcg_1: 0.08151779230210603
ndcg_5: 0.1686306595802307
ndcg_10: 0.2076864093542099
ndcg_20: 0.24916428327560425
hit_1: 0.08151779230210603
hit_5: 0.2534041394335512
hit_10: 0.37459150326797386
hit_20: 0.5394426289034132
ap: 0.17969483137130737
########## best_metrics ##########
ndcg_1: 0.08151779230210603
ndcg_5: 0.17369849979877472
ndcg_10: 0.21417103707790375
ndcg_20: 0.25585636496543884
hit_1: 0.08151779230210603
hit_5: 0.2638888888888889
hit_10: 0.3961964415395788
hit_20: 0.5655410312273057
ap: 0.1830964833498001
no increase in recent 0 iters
this epoch costs 103.23468327522278 s
#########################################################
################## epoch 40 ###########################
loss: 799.1085, len_train_loader:196
modified_target in every batch:0.0
modified_hist in every batch :0.0
########## current_metrics ##########
ndcg_1: 0.08474037763253449
ndcg_5: 0.17480920255184174
ndcg_10: 0.2134086936712265
ndcg_20: 0.2534123361110687
hit_1: 0.08474037763253449
hit_5: 0.26270878721859114
hit_10: 0.3826252723311547
hit_20: 0.5413489469862018
ap: 0.18440012633800507
########## best_metrics ##########
ndcg_1: 0.08474037763253449
ndcg_5: 0.17480920255184174
ndcg_10: 0.21417103707790375
ndcg_20: 0.25585636496543884
hit_1: 0.08474037763253449
hit_5: 0.2638888888888889
hit_10: 0.3961964415395788
hit_20: 0.5655410312273057
ap: 0.18440012633800507
no increase in recent 0 iters
this epoch costs 210.38230109214783 s
#########################################################
################## epoch 41 ###########################
loss: 797.0165, len_train_loader:196
modified_target in every batch:0.0
modified_hist in every batch :0.0
########## current_metrics ##########
ndcg_1: 0.08165395787944807
ndcg_5: 0.1695384532213211
ndcg_10: 0.20793332159519196
ndcg_20: 0.24905277788639069
hit_1: 0.08165395787944807
hit_5: 0.25512890341321715
hit_10: 0.37463689179375453
hit_20: 0.5384440813362382
ap: 0.17988504469394684
########## best_metrics ##########
ndcg_1: 0.08474037763253449
ndcg_5: 0.17480920255184174
ndcg_10: 0.21417103707790375
ndcg_20: 0.25585636496543884
hit_1: 0.08474037763253449
hit_5: 0.2638888888888889
hit_10: 0.3961964415395788
hit_20: 0.5655410312273057
ap: 0.18440012633800507
no increase in recent 1 iters
this epoch costs 221.4369113445282 s
#########################################################
################## epoch 42 ###########################
loss: 794.1921, len_train_loader:196
modified_target in every batch:0.0
modified_hist in every batch :0.0
########## current_metrics ##########
ndcg_1: 0.07838598402323893
ndcg_5: 0.16630125045776367
ndcg_10: 0.20638461410999298
ndcg_20: 0.24676866829395294
hit_1: 0.07838598402323893
hit_5: 0.25136165577342046
hit_10: 0.37586238198983296
hit_20: 0.5364923747276689
ap: 0.1774131953716278
########## best_metrics ##########
ndcg_1: 0.08474037763253449
ndcg_5: 0.17480920255184174
ndcg_10: 0.21417103707790375
ndcg_20: 0.25585636496543884
hit_1: 0.08474037763253449
hit_5: 0.2638888888888889
hit_10: 0.3961964415395788
hit_20: 0.5655410312273057
ap: 0.18440012633800507
no increase in recent 2 iters
this epoch costs 98.4498028755188 s
#########################################################
################## epoch 43 ###########################
loss: 767.7072, len_train_loader:196
modified_target in every batch:0.0
modified_hist in every batch :0.0
########## current_metrics ##########
ndcg_1: 0.0782044299201162
ndcg_5: 0.16108335554599762
ndcg_10: 0.19985225796699524
ndcg_20: 0.2412070333957672
hit_1: 0.0782044299201162
hit_5: 0.24205700798838053
hit_10: 0.3624727668845316
hit_20: 0.5268246187363834
ap: 0.17351898550987244
########## best_metrics ##########
ndcg_1: 0.08474037763253449
ndcg_5: 0.17480920255184174
ndcg_10: 0.21417103707790375
ndcg_20: 0.25585636496543884
hit_1: 0.08474037763253449
hit_5: 0.2638888888888889
hit_10: 0.3961964415395788
hit_20: 0.5655410312273057
ap: 0.18440012633800507
no increase in recent 3 iters
this epoch costs 104.84713220596313 s
#########################################################
################## epoch 44 ###########################
loss: 760.6393, len_train_loader:196
modified_target in every batch:0.0
modified_hist in every batch :0.0
########## current_metrics ##########
ndcg_1: 0.08006535947712418
ndcg_5: 0.16360929608345032
ndcg_10: 0.20378674566745758
ndcg_20: 0.2445458024740219
hit_1: 0.08006535947712418
hit_5: 0.24546114742193173
hit_10: 0.3703249818445897
hit_20: 0.5324527959331881
ap: 0.17610743641853333
########## best_metrics ##########
ndcg_1: 0.08474037763253449
ndcg_5: 0.17480920255184174
ndcg_10: 0.21417103707790375
ndcg_20: 0.25585636496543884
hit_1: 0.08474037763253449
hit_5: 0.2638888888888889
hit_10: 0.3961964415395788
hit_20: 0.5655410312273057
ap: 0.18440012633800507
no increase in recent 4 iters
this epoch costs 90.36187243461609 s
#########################################################
################## epoch 45 ###########################
loss: 754.97, len_train_loader:196
modified_target in every batch:0.0
modified_hist in every batch :0.0
########## current_metrics ##########
ndcg_1: 0.07924836601307189
ndcg_5: 0.16636735200881958
ndcg_10: 0.20543114840984344
ndcg_20: 0.24699749052524567
hit_1: 0.07924836601307189
hit_5: 0.25118010167029775
hit_10: 0.37250363108206247
hit_20: 0.5374909222948439
ap: 0.1775469183921814
########## best_metrics ##########
ndcg_1: 0.08474037763253449
ndcg_5: 0.17480920255184174
ndcg_10: 0.21417103707790375
ndcg_20: 0.25585636496543884
hit_1: 0.08474037763253449
hit_5: 0.2638888888888889
hit_10: 0.3961964415395788
hit_20: 0.5655410312273057
ap: 0.18440012633800507
no increase in recent 5 iters
this epoch costs 208.67032766342163 s
#########################################################
################## epoch 46 ###########################
loss: 751.8138, len_train_loader:196
modified_target in every batch:0.0
modified_hist in every batch :0.0
########## current_metrics ##########
ndcg_1: 0.07893064633260712
ndcg_5: 0.16403569281101227
ndcg_10: 0.202422097325325
ndcg_20: 0.24450364708900452
hit_1: 0.07893064633260712
hit_5: 0.24718591140159768
hit_10: 0.3664669571532317
hit_20: 0.5336328976034859
ap: 0.1757155805826187
########## best_metrics ##########
ndcg_1: 0.08474037763253449
ndcg_5: 0.17480920255184174
ndcg_10: 0.21417103707790375
ndcg_20: 0.25585636496543884
hit_1: 0.08474037763253449
hit_5: 0.2638888888888889
hit_10: 0.3961964415395788
hit_20: 0.5655410312273057
ap: 0.18440012633800507
no increase in recent 6 iters
this epoch costs 160.4998972415924 s
#########################################################
################## epoch 47 ###########################
loss: 746.7603, len_train_loader:196
modified_target in every batch:0.0
modified_hist in every batch :0.0
########## current_metrics ##########
ndcg_1: 0.08138162672476398
ndcg_5: 0.1677730232477188
ndcg_10: 0.20752426981925964
ndcg_20: 0.24789798259735107
hit_1: 0.08138162672476398
hit_5: 0.25149782135076254
hit_10: 0.37509077705156135
hit_20: 0.5359931009440814
ap: 0.17914456129074097
########## best_metrics ##########
ndcg_1: 0.08474037763253449
ndcg_5: 0.17480920255184174
ndcg_10: 0.21417103707790375
ndcg_20: 0.25585636496543884
hit_1: 0.08474037763253449
hit_5: 0.2638888888888889
hit_10: 0.3961964415395788
hit_20: 0.5655410312273057
ap: 0.18440012633800507
no increase in recent 7 iters
this epoch costs 237.5679054260254 s
#########################################################
################## epoch 48 ###########################
loss: 744.8467, len_train_loader:196
modified_target in every batch:0.0
modified_hist in every batch :0.0
########## current_metrics ##########
ndcg_1: 0.08110929557007988
ndcg_5: 0.1674203872680664
ndcg_10: 0.20582659542560577
ndcg_20: 0.24654023349285126
hit_1: 0.08110929557007988
hit_5: 0.25163398692810457
hit_10: 0.3708696441539579
hit_20: 0.5329974582425563
ap: 0.1783895343542099
########## best_metrics ##########
ndcg_1: 0.08474037763253449
ndcg_5: 0.17480920255184174
ndcg_10: 0.21417103707790375
ndcg_20: 0.25585636496543884
hit_1: 0.08474037763253449
hit_5: 0.2638888888888889
hit_10: 0.3961964415395788
hit_20: 0.5655410312273057
ap: 0.18440012633800507
no increase in recent 8 iters
this epoch costs 204.8786427974701 s
#########################################################
################## epoch 49 ###########################
loss: 745.2439, len_train_loader:196
modified_target in every batch:0.0
modified_hist in every batch :0.0
########## current_metrics ##########
ndcg_1: 0.07720588235294118
ndcg_5: 0.16274847090244293
ndcg_10: 0.2008511871099472
ndcg_20: 0.2418547123670578
hit_1: 0.07720588235294118
hit_5: 0.24618736383442266
hit_10: 0.36451525054466233
hit_20: 0.5275508351488744
ap: 0.1739473193883896
########## best_metrics ##########
ndcg_1: 0.08474037763253449
ndcg_5: 0.17480920255184174
ndcg_10: 0.21417103707790375
ndcg_20: 0.25585636496543884
hit_1: 0.08474037763253449
hit_5: 0.2638888888888889
hit_10: 0.3961964415395788
hit_20: 0.5655410312273057
ap: 0.18440012633800507
no increase in recent 9 iters
this epoch costs 98.45008087158203 s
#########################################################
################## epoch 50 ###########################
loss: 740.6008, len_train_loader:196
modified_target in every batch:0.0
modified_hist in every batch :0.0
########## current_metrics ##########
ndcg_1: 0.07906681190994916
ndcg_5: 0.16386963427066803
ndcg_10: 0.20270508527755737
ndcg_20: 0.243544340133667
hit_1: 0.07906681190994916
hit_5: 0.24700435729847495
hit_10: 0.3676924473493101
hit_20: 0.5302741466957154
ap: 0.17537879943847656
########## best_metrics ##########
ndcg_1: 0.08474037763253449
ndcg_5: 0.17480920255184174
ndcg_10: 0.21417103707790375
ndcg_20: 0.25585636496543884
hit_1: 0.08474037763253449
hit_5: 0.2638888888888889
hit_10: 0.3961964415395788
hit_20: 0.5655410312273057
ap: 0.18440012633800507
no increase in recent 10 iters
this epoch costs 108.71439337730408 s
#########################################################
################## epoch 51 ###########################
loss: 738.547, len_train_loader:196
modified_target in every batch:0.0
modified_hist in every batch :0.0
########## current_metrics ##########
ndcg_1: 0.07593500363108206
ndcg_5: 0.1595911681652069
ndcg_10: 0.1984696239233017
ndcg_20: 0.23854418098926544
hit_1: 0.07593500363108206
hit_5: 0.2413307915758896
hit_10: 0.3621550472040668
hit_20: 0.5216049382716049
ap: 0.17155958712100983
########## best_metrics ##########
ndcg_1: 0.08474037763253449
ndcg_5: 0.17480920255184174
ndcg_10: 0.21417103707790375
ndcg_20: 0.25585636496543884
hit_1: 0.08474037763253449
hit_5: 0.2638888888888889
hit_10: 0.3961964415395788
hit_20: 0.5655410312273057
ap: 0.18440012633800507
no increase in recent 11 iters
this epoch costs 101.21016359329224 s
#########################################################
################## epoch 52 ###########################
loss: 734.9094, len_train_loader:196
modified_target in every batch:0.0
modified_hist in every batch :0.0
########## current_metrics ##########
ndcg_1: 0.07983841684822077
ndcg_5: 0.1642673760652542
ndcg_10: 0.2041960209608078
ndcg_20: 0.2445429116487503
hit_1: 0.07983841684822077
hit_5: 0.24627814088598401
hit_10: 0.36991648511256353
hit_20: 0.530319535221496
ap: 0.17653417587280273
########## best_metrics ##########
ndcg_1: 0.08474037763253449
ndcg_5: 0.17480920255184174
ndcg_10: 0.21417103707790375
ndcg_20: 0.25585636496543884
hit_1: 0.08474037763253449
hit_5: 0.2638888888888889
hit_10: 0.3961964415395788
hit_20: 0.5655410312273057
ap: 0.18440012633800507
no increase in recent 12 iters
this epoch costs 95.03506636619568 s
#########################################################
################## epoch 53 ###########################
loss: 731.8808, len_train_loader:196
modified_target in every batch:0.0
modified_hist in every batch :0.0
########## current_metrics ##########
ndcg_1: 0.07666122004357298
ndcg_5: 0.15979169309139252
ndcg_10: 0.1981888860464096
ndcg_20: 0.23789414763450623
hit_1: 0.07666122004357298
hit_5: 0.24069535221496005
hit_10: 0.36024872912127814
hit_20: 0.518019244734931
ap: 0.17173723876476288
########## best_metrics ##########
ndcg_1: 0.08474037763253449
ndcg_5: 0.17480920255184174
ndcg_10: 0.21417103707790375
ndcg_20: 0.25585636496543884
hit_1: 0.08474037763253449
hit_5: 0.2638888888888889
hit_10: 0.3961964415395788
hit_20: 0.5655410312273057
ap: 0.18440012633800507
no increase in recent 13 iters
this epoch costs 226.9803056716919 s
#########################################################
################## epoch 54 ###########################
loss: 708.7365, len_train_loader:196
modified_target in every batch:0.0
modified_hist in every batch :0.0
########## current_metrics ##########
ndcg_1: 0.0782044299201162
ndcg_5: 0.1642962396144867
ndcg_10: 0.20275293290615082
ndcg_20: 0.24268092215061188
hit_1: 0.0782044299201162
hit_5: 0.2476397966594045
hit_10: 0.3669662309368192
hit_20: 0.5256445170660857
ap: 0.17546440660953522
########## best_metrics ##########
ndcg_1: 0.08474037763253449
ndcg_5: 0.17480920255184174
ndcg_10: 0.21417103707790375
ndcg_20: 0.25585636496543884
hit_1: 0.08474037763253449
hit_5: 0.2638888888888889
hit_10: 0.3961964415395788
hit_20: 0.5655410312273057
ap: 0.18440012633800507
no increase in recent 14 iters
this epoch costs 213.23268747329712 s
#########################################################
################## epoch 55 ###########################
loss: 700.5422, len_train_loader:196
modified_target in every batch:0.0
modified_hist in every batch :0.0
########## current_metrics ##########
ndcg_1: 0.07725127087872186
ndcg_5: 0.16142205893993378
ndcg_10: 0.19931338727474213
ndcg_20: 0.239385187625885
hit_1: 0.07725127087872186
hit_5: 0.24360021786492375
hit_10: 0.36151960784313725
hit_20: 0.5209694989106753
ap: 0.17260996997356415
########## best_metrics ##########
ndcg_1: 0.08474037763253449
ndcg_5: 0.17480920255184174
ndcg_10: 0.21417103707790375
ndcg_20: 0.25585636496543884
hit_1: 0.08474037763253449
hit_5: 0.2638888888888889
hit_10: 0.3961964415395788
hit_20: 0.5655410312273057
ap: 0.18440012633800507
no increase in recent 15 iters
this epoch costs 105.94930839538574 s
#########################################################
################## epoch 56 ###########################
loss: 701.7732, len_train_loader:196
modified_target in every batch:0.0
modified_hist in every batch :0.0
########## current_metrics ##########
ndcg_1: 0.08015613652868554
ndcg_5: 0.16718371212482452
ndcg_10: 0.20660895109176636
ndcg_20: 0.24779917299747467
hit_1: 0.08015613652868554
hit_5: 0.25217864923747274
hit_10: 0.37477305737109656
hit_20: 0.5384440813362382
ap: 0.17825652658939362
########## best_metrics ##########
ndcg_1: 0.08474037763253449
ndcg_5: 0.17480920255184174
ndcg_10: 0.21417103707790375
ndcg_20: 0.25585636496543884
hit_1: 0.08474037763253449
hit_5: 0.2638888888888889
hit_10: 0.3961964415395788
hit_20: 0.5655410312273057
ap: 0.18440012633800507
no increase in recent 16 iters
this epoch costs 95.5352954864502 s
#########################################################
################## epoch 57 ###########################
loss: 701.4095, len_train_loader:196
modified_target in every batch:0.0
modified_hist in every batch :0.0
########## current_metrics ##########
ndcg_1: 0.07520878721859114
ndcg_5: 0.158525750041008
ndcg_10: 0.1960352659225464
ndcg_20: 0.2376784086227417
hit_1: 0.07520878721859114
hit_5: 0.24024146695715323
hit_10: 0.3566630355846042
hit_20: 0.5221949891067538
ap: 0.17043563723564148
########## best_metrics ##########
ndcg_1: 0.08474037763253449
ndcg_5: 0.17480920255184174
ndcg_10: 0.21417103707790375
ndcg_20: 0.25585636496543884
hit_1: 0.08474037763253449
hit_5: 0.2638888888888889
hit_10: 0.3961964415395788
hit_20: 0.5655410312273057
ap: 0.18440012633800507
no increase in recent 17 iters
this epoch costs 205.61777424812317 s
#########################################################
################## epoch 58 ###########################
loss: 698.7385, len_train_loader:196
modified_target in every batch:0.0
modified_hist in every batch :0.0
########## current_metrics ##########
ndcg_1: 0.07942992011619462
ndcg_5: 0.16153497993946075
ndcg_10: 0.19842402637004852
ndcg_20: 0.23917171359062195
hit_1: 0.07942992011619462
hit_5: 0.24201161946259986
hit_10: 0.35688997821350765
hit_20: 0.5186092955700798
ap: 0.17321883141994476
########## best_metrics ##########
ndcg_1: 0.08474037763253449
ndcg_5: 0.17480920255184174
ndcg_10: 0.21417103707790375
ndcg_20: 0.25585636496543884
hit_1: 0.08474037763253449
hit_5: 0.2638888888888889
hit_10: 0.3961964415395788
hit_20: 0.5655410312273057
ap: 0.18440012633800507
no increase in recent 18 iters
this epoch costs 161.6222221851349 s
#########################################################
################## epoch 59 ###########################
loss: 696.6961, len_train_loader:196
modified_target in every batch:0.0
modified_hist in every batch :0.0
########## current_metrics ##########
ndcg_1: 0.07806826434277414
ndcg_5: 0.1597217172384262
ndcg_10: 0.19865411520004272
ndcg_20: 0.2385663241147995
hit_1: 0.07806826434277414
hit_5: 0.2400599128540305
hit_10: 0.360838779956427
hit_20: 0.5195624546114742
ap: 0.1721613109111786
########## best_metrics ##########
ndcg_1: 0.08474037763253449
ndcg_5: 0.17480920255184174
ndcg_10: 0.21417103707790375
ndcg_20: 0.25585636496543884
hit_1: 0.08474037763253449
hit_5: 0.2638888888888889
hit_10: 0.3961964415395788
hit_20: 0.5655410312273057
ap: 0.18440012633800507
no increase in recent 19 iters
this epoch costs 180.10533833503723 s
#########################################################
################## epoch 60 ###########################
loss: 698.4802, len_train_loader:196
modified_target in every batch:0.0
modified_hist in every batch :0.0
########## current_metrics ##########
ndcg_1: 0.08074618736383442
ndcg_5: 0.16540001332759857
ndcg_10: 0.20328259468078613
ndcg_20: 0.24379800260066986
hit_1: 0.08074618736383442
hit_5: 0.2479575163398693
hit_10: 0.36578612926652143
hit_20: 0.5269607843137255
ap: 0.17660951614379883
########## best_metrics ##########
ndcg_1: 0.08474037763253449
ndcg_5: 0.17480920255184174
ndcg_10: 0.21417103707790375
ndcg_20: 0.25585636496543884
hit_1: 0.08474037763253449
hit_5: 0.2638888888888889
hit_10: 0.3961964415395788
hit_20: 0.5655410312273057
ap: 0.18440012633800507
no increase in recent 20 iters
this epoch costs 223.12032461166382 s
#########################################################
################## epoch 61 ###########################
loss: 699.6961, len_train_loader:196
modified_target in every batch:0.0
modified_hist in every batch :0.0
########## current_metrics ##########
ndcg_1: 0.07815904139433551
ndcg_5: 0.16015072166919708
ndcg_10: 0.1971808522939682
ndcg_20: 0.23723624646663666
hit_1: 0.07815904139433551
hit_5: 0.24173928830791575
hit_10: 0.3563907044299201
hit_20: 0.5157952069716776
ap: 0.17156271636486053
########## best_metrics ##########
ndcg_1: 0.08474037763253449
ndcg_5: 0.17480920255184174
ndcg_10: 0.21417103707790375
ndcg_20: 0.25585636496543884
hit_1: 0.08474037763253449
hit_5: 0.2638888888888889
hit_10: 0.3961964415395788
hit_20: 0.5655410312273057
ap: 0.18440012633800507
no increase in recent 21 iters
this epoch costs 124.48968482017517 s
#########################################################
################## epoch 62 ###########################
loss: 697.0095, len_train_loader:196
modified_target in every batch:0.0
modified_hist in every batch :0.0
########## current_metrics ##########
ndcg_1: 0.07652505446623094
ndcg_5: 0.15771611034870148
ndcg_10: 0.19691097736358643
ndcg_20: 0.23775555193424225
hit_1: 0.07652505446623094
hit_5: 0.23756354393609297
hit_10: 0.35943173565722586
hit_20: 0.5215595497458243
ap: 0.170639768242836
########## best_metrics ##########
ndcg_1: 0.08474037763253449
ndcg_5: 0.17480920255184174
ndcg_10: 0.21417103707790375
ndcg_20: 0.25585636496543884
hit_1: 0.08474037763253449
hit_5: 0.2638888888888889
hit_10: 0.3961964415395788
hit_20: 0.5655410312273057
ap: 0.18440012633800507
no increase in recent 22 iters
this epoch costs 102.5590808391571 s
#########################################################
################## epoch 63 ###########################
loss: 696.0211, len_train_loader:196
modified_target in every batch:0.0
modified_hist in every batch :0.0
########## current_metrics ##########
ndcg_1: 0.08097312999273784
ndcg_5: 0.16692931950092316
ndcg_10: 0.20460836589336395
ndcg_20: 0.24564671516418457
hit_1: 0.08097312999273784
hit_5: 0.2519063180827887
hit_10: 0.36937182280319536
hit_20: 0.5327251270878722
ap: 0.17724937200546265
########## best_metrics ##########
ndcg_1: 0.08474037763253449
ndcg_5: 0.17480920255184174
ndcg_10: 0.21417103707790375
ndcg_20: 0.25585636496543884
hit_1: 0.08474037763253449
hit_5: 0.2638888888888889
hit_10: 0.3961964415395788
hit_20: 0.5655410312273057
ap: 0.18440012633800507
no increase in recent 23 iters
this epoch costs 103.07416677474976 s
#########################################################
################## epoch 64 ###########################
loss: 691.8223, len_train_loader:196
modified_target in every batch:0.0
modified_hist in every batch :0.0
########## current_metrics ##########
ndcg_1: 0.07911220043572985
ndcg_5: 0.16166360676288605
ndcg_10: 0.19890914857387543
ndcg_20: 0.2396501749753952
hit_1: 0.07911220043572985
hit_5: 0.24251089324618735
hit_10: 0.35834241103848946
hit_20: 0.5202886710239651
ap: 0.17334342002868652
########## best_metrics ##########
ndcg_1: 0.08474037763253449
ndcg_5: 0.17480920255184174
ndcg_10: 0.21417103707790375
ndcg_20: 0.25585636496543884
hit_1: 0.08474037763253449
hit_5: 0.2638888888888889
hit_10: 0.3961964415395788
hit_20: 0.5655410312273057
ap: 0.18440012633800507
no increase in recent 24 iters
this epoch costs 99.1605372428894 s
#########################################################
################## epoch 65 ###########################
loss: 668.4812, len_train_loader:196
modified_target in every batch:0.0
modified_hist in every batch :0.0
########## current_metrics ##########
ndcg_1: 0.0784767610748003
ndcg_5: 0.16138266026973724
ndcg_10: 0.19965609908103943
ndcg_20: 0.23986917734146118
hit_1: 0.0784767610748003
hit_5: 0.24223856209150327
hit_10: 0.3614288307915759
hit_20: 0.5215141612200436
ap: 0.17341451346874237
########## best_metrics ##########
ndcg_1: 0.08474037763253449
ndcg_5: 0.17480920255184174
ndcg_10: 0.21417103707790375
ndcg_20: 0.25585636496543884
hit_1: 0.08474037763253449
hit_5: 0.2638888888888889
hit_10: 0.3961964415395788
hit_20: 0.5655410312273057
ap: 0.18440012633800507
no increase in recent 25 iters
this epoch costs 114.91927099227905 s
#########################################################
################## epoch 66 ###########################
loss: 663.4464, len_train_loader:196
modified_target in every batch:0.0
modified_hist in every batch :0.0
########## current_metrics ##########
ndcg_1: 0.08079157588961511
ndcg_5: 0.1624288409948349
ndcg_10: 0.19938765466213226
ndcg_20: 0.24033166468143463
hit_1: 0.08079157588961511
hit_5: 0.2421023965141612
hit_10: 0.35693536673928833
hit_20: 0.5195624546114742
ap: 0.17453525960445404
########## best_metrics ##########
ndcg_1: 0.08474037763253449
ndcg_5: 0.17480920255184174
ndcg_10: 0.21417103707790375
ndcg_20: 0.25585636496543884
hit_1: 0.08474037763253449
hit_5: 0.2638888888888889
hit_10: 0.3961964415395788
hit_20: 0.5655410312273057
ap: 0.18440012633800507
no increase in recent 26 iters
this epoch costs 217.10103011131287 s
#########################################################
################## epoch 67 ###########################
loss: 665.5859, len_train_loader:196
modified_target in every batch:0.0
modified_hist in every batch :0.0
########## current_metrics ##########
ndcg_1: 0.08306100217864924
ndcg_5: 0.16794529557228088
ndcg_10: 0.2059168815612793
ndcg_20: 0.24599522352218628
hit_1: 0.08306100217864924
hit_5: 0.2507716049382716
hit_10: 0.36864560639070443
hit_20: 0.5279139433551199
ap: 0.17903003096580505
########## best_metrics ##########
ndcg_1: 0.08474037763253449
ndcg_5: 0.17480920255184174
ndcg_10: 0.21417103707790375
ndcg_20: 0.25585636496543884
hit_1: 0.08474037763253449
hit_5: 0.2638888888888889
hit_10: 0.3961964415395788
hit_20: 0.5655410312273057
ap: 0.18440012633800507
no increase in recent 27 iters
this epoch costs 191.30191850662231 s
#########################################################
################## epoch 68 ###########################
loss: 666.1291, len_train_loader:196
modified_target in every batch:0.0
modified_hist in every batch :0.0
########## current_metrics ##########
ndcg_1: 0.08020152505446623
ndcg_5: 0.16391535103321075
ndcg_10: 0.20404011011123657
ndcg_20: 0.24422402679920197
hit_1: 0.08020152505446623
hit_5: 0.24537037037037038
hit_10: 0.3700072621641249
hit_20: 0.5298656499636892
ap: 0.17628538608551025
########## best_metrics ##########
ndcg_1: 0.08474037763253449
ndcg_5: 0.17480920255184174
ndcg_10: 0.21417103707790375
ndcg_20: 0.25585636496543884
hit_1: 0.08474037763253449
hit_5: 0.2638888888888889
hit_10: 0.3961964415395788
hit_20: 0.5655410312273057
ap: 0.18440012633800507
no increase in recent 28 iters
this epoch costs 211.32027459144592 s
#########################################################
################## epoch 69 ###########################
loss: 664.8827, len_train_loader:196
modified_target in every batch:0.0
modified_hist in every batch :0.0
########## current_metrics ##########
ndcg_1: 0.08061002178649238
ndcg_5: 0.16541770100593567
ndcg_10: 0.20340456068515778
ndcg_20: 0.2433798611164093
hit_1: 0.08061002178649238
hit_5: 0.24827523602033405
hit_10: 0.3661492374727669
hit_20: 0.52460058097313
ap: 0.17672550678253174
########## best_metrics ##########
ndcg_1: 0.08474037763253449
ndcg_5: 0.17480920255184174
ndcg_10: 0.21417103707790375
ndcg_20: 0.25585636496543884
hit_1: 0.08474037763253449
hit_5: 0.2638888888888889
hit_10: 0.3961964415395788
hit_20: 0.5655410312273057
ap: 0.18440012633800507
no increase in recent 29 iters
this epoch costs 149.63325762748718 s
#########################################################
################## epoch 70 ###########################
loss: 664.4998, len_train_loader:196
modified_target in every batch:0.0
modified_hist in every batch :0.0
########## current_metrics ##########
ndcg_1: 0.08083696441539578
ndcg_5: 0.16149993240833282
ndcg_10: 0.200226828455925
ndcg_20: 0.2403734028339386
hit_1: 0.08083696441539578
hit_5: 0.2403776325344953
hit_10: 0.36070261437908496
hit_20: 0.5204702251270878
ap: 0.17430879175662994
########## best_metrics ##########
ndcg_1: 0.08474037763253449
ndcg_5: 0.17480920255184174
ndcg_10: 0.21417103707790375
ndcg_20: 0.25585636496543884
hit_1: 0.08474037763253449
hit_5: 0.2638888888888889
hit_10: 0.3961964415395788
hit_20: 0.5655410312273057
ap: 0.18440012633800507
no increase in recent 30 iters
this epoch costs 113.48260259628296 s
#########################################################
################## epoch 71 ###########################
loss: 664.3066, len_train_loader:196
modified_target in every batch:0.0
modified_hist in every batch :0.0
########## current_metrics ##########
ndcg_1: 0.08174473493100944
ndcg_5: 0.16403399407863617
ndcg_10: 0.20015355944633484
ndcg_20: 0.24079027771949768
hit_1: 0.08174473493100944
hit_5: 0.245279593318809
hit_10: 0.35738925199709515
hit_20: 0.5189724037763254
ap: 0.1752646565437317
########## best_metrics ##########
ndcg_1: 0.08474037763253449
ndcg_5: 0.17480920255184174
ndcg_10: 0.21417103707790375
ndcg_20: 0.25585636496543884
hit_1: 0.08474037763253449
hit_5: 0.2638888888888889
hit_10: 0.3961964415395788
hit_20: 0.5655410312273057
ap: 0.18440012633800507
no increase in recent 31 iters
this epoch costs 96.81500959396362 s
#########################################################
################## epoch 72 ###########################
loss: 663.4597, len_train_loader:196
modified_target in every batch:0.0
modified_hist in every batch :0.0
########## current_metrics ##########
ndcg_1: 0.08079157588961511
ndcg_5: 0.16466858983039856
ndcg_10: 0.2017238736152649
ndcg_20: 0.241915762424469
hit_1: 0.08079157588961511
hit_5: 0.24641430646332607
hit_10: 0.3617465504720407
hit_20: 0.5214687726942628
ap: 0.17593148350715637
########## best_metrics ##########
ndcg_1: 0.08474037763253449
ndcg_5: 0.17480920255184174
ndcg_10: 0.21417103707790375
ndcg_20: 0.25585636496543884
hit_1: 0.08474037763253449
hit_5: 0.2638888888888889
hit_10: 0.3961964415395788
hit_20: 0.5655410312273057
ap: 0.18440012633800507
no increase in recent 32 iters
this epoch costs 287.8843548297882 s
#########################################################
################## epoch 73 ###########################
loss: 665.2063, len_train_loader:196
modified_target in every batch:0.0
modified_hist in every batch :0.0
########## current_metrics ##########
ndcg_1: 0.07883986928104575
ndcg_5: 0.1607029139995575
ndcg_10: 0.19882898032665253
ndcg_20: 0.2394533008337021
hit_1: 0.07883986928104575
hit_5: 0.24146695715323166
hit_10: 0.3601579520697168
hit_20: 0.5217864923747276
ap: 0.17283739149570465
########## best_metrics ##########
ndcg_1: 0.08474037763253449
ndcg_5: 0.17480920255184174
ndcg_10: 0.21417103707790375
ndcg_20: 0.25585636496543884
hit_1: 0.08474037763253449
hit_5: 0.2638888888888889
hit_10: 0.3961964415395788
hit_20: 0.5655410312273057
ap: 0.18440012633800507
no increase in recent 33 iters
this epoch costs 272.8765230178833 s
#########################################################
################## epoch 74 ###########################
loss: 662.799, len_train_loader:196
modified_target in every batch:0.0
modified_hist in every batch :0.0
########## current_metrics ##########
ndcg_1: 0.07797748729121279
ndcg_5: 0.15820381045341492
ndcg_10: 0.19590891897678375
ndcg_20: 0.23610027134418488
hit_1: 0.07797748729121279
hit_5: 0.23683732752360204
hit_10: 0.3540758896151053
hit_20: 0.5139342774146696
ap: 0.17083406448364258
########## best_metrics ##########
ndcg_1: 0.08474037763253449
ndcg_5: 0.17480920255184174
ndcg_10: 0.21417103707790375
ndcg_20: 0.25585636496543884
hit_1: 0.08474037763253449
hit_5: 0.2638888888888889
hit_10: 0.3961964415395788
hit_20: 0.5655410312273057
ap: 0.18440012633800507
no increase in recent 34 iters
this epoch costs 152.1375069618225 s
#########################################################
################## epoch 75 ###########################
loss: 661.8793, len_train_loader:196
modified_target in every batch:0.0
modified_hist in every batch :0.0
########## current_metrics ##########
ndcg_1: 0.07952069716775599
ndcg_5: 0.1623864471912384
ndcg_10: 0.20051205158233643
ndcg_20: 0.2401890605688095
hit_1: 0.07952069716775599
hit_5: 0.24323710965867829
hit_10: 0.3618827160493827
hit_20: 0.5197893972403776
ap: 0.17414936423301697
########## best_metrics ##########
ndcg_1: 0.08474037763253449
ndcg_5: 0.17480920255184174
ndcg_10: 0.21417103707790375
ndcg_20: 0.25585636496543884
hit_1: 0.08474037763253449
hit_5: 0.2638888888888889
hit_10: 0.3961964415395788
hit_20: 0.5655410312273057
ap: 0.18440012633800507
no increase in recent 35 iters
this epoch costs 104.58235836029053 s
#########################################################
################## epoch 76 ###########################
loss: 643.1846, len_train_loader:196
modified_target in every batch:0.0
modified_hist in every batch :0.0
########## current_metrics ##########
ndcg_1: 0.07716049382716049
ndcg_5: 0.1568048745393753
ndcg_10: 0.19504162669181824
ndcg_20: 0.23502768576145172
hit_1: 0.07716049382716049
hit_5: 0.2340686274509804
hit_10: 0.35294117647058826
hit_20: 0.5119371822803195
ap: 0.16997461020946503
########## best_metrics ##########
ndcg_1: 0.08474037763253449
ndcg_5: 0.17480920255184174
ndcg_10: 0.21417103707790375
ndcg_20: 0.25585636496543884
hit_1: 0.08474037763253449
hit_5: 0.2638888888888889
hit_10: 0.3961964415395788
hit_20: 0.5655410312273057
ap: 0.18440012633800507
no increase in recent 36 iters
this epoch costs 98.50690698623657 s
#########################################################
################## epoch 77 ###########################
loss: 638.0276, len_train_loader:196
modified_target in every batch:0.0
modified_hist in every batch :0.0
########## current_metrics ##########
ndcg_1: 0.07802287581699346
ndcg_5: 0.16030359268188477
ndcg_10: 0.19749270379543304
ndcg_20: 0.2383282631635666
hit_1: 0.07802287581699346
hit_5: 0.24124001452432825
hit_10: 0.35675381263616557
hit_20: 0.5189724037763254
ap: 0.17198921740055084
########## best_metrics ##########
ndcg_1: 0.08474037763253449
ndcg_5: 0.17480920255184174
ndcg_10: 0.21417103707790375
ndcg_20: 0.25585636496543884
hit_1: 0.08474037763253449
hit_5: 0.2638888888888889
hit_10: 0.3961964415395788
hit_20: 0.5655410312273057
ap: 0.18440012633800507
no increase in recent 37 iters
this epoch costs 105.29543662071228 s
#########################################################
################## epoch 78 ###########################
loss: 639.5962, len_train_loader:196
modified_target in every batch:0.0
modified_hist in every batch :0.0
########## current_metrics ##########
ndcg_1: 0.07883986928104575
ndcg_5: 0.16088427603244781
ndcg_10: 0.19886186718940735
ndcg_20: 0.23920419812202454
hit_1: 0.07883986928104575
hit_5: 0.24142156862745098
hit_10: 0.35970406681191
hit_20: 0.5199709513435004
ap: 0.17287886142730713
########## best_metrics ##########
ndcg_1: 0.08474037763253449
ndcg_5: 0.17480920255184174
ndcg_10: 0.21417103707790375
ndcg_20: 0.25585636496543884
hit_1: 0.08474037763253449
hit_5: 0.2638888888888889
hit_10: 0.3961964415395788
hit_20: 0.5655410312273057
ap: 0.18440012633800507
no increase in recent 38 iters
this epoch costs 126.93595504760742 s
#########################################################
################## epoch 79 ###########################
loss: 640.8275, len_train_loader:196
modified_target in every batch:0.0
modified_hist in every batch :0.0
########## current_metrics ##########
ndcg_1: 0.07924836601307189
ndcg_5: 0.16275334358215332
ndcg_10: 0.2010013610124588
ndcg_20: 0.24169288575649261
hit_1: 0.07924836601307189
hit_5: 0.24441721132897604
hit_10: 0.36306281771968046
hit_20: 0.5250544662309368
ap: 0.1745159775018692
########## best_metrics ##########
ndcg_1: 0.08474037763253449
ndcg_5: 0.17480920255184174
ndcg_10: 0.21417103707790375
ndcg_20: 0.25585636496543884
hit_1: 0.08474037763253449
hit_5: 0.2638888888888889
hit_10: 0.3961964415395788
hit_20: 0.5655410312273057
ap: 0.18440012633800507
no increase in recent 39 iters
this epoch costs 223.58110690116882 s
#########################################################
################## epoch 80 ###########################
loss: 640.8114, len_train_loader:196
modified_target in every batch:0.0
modified_hist in every batch :0.0
########## current_metrics ##########
ndcg_1: 0.07947530864197531
ndcg_5: 0.161980539560318
ndcg_10: 0.19951556622982025
ndcg_20: 0.24006806313991547
hit_1: 0.07947530864197531
hit_5: 0.2429193899782135
hit_10: 0.35970406681191
hit_20: 0.5207879448075526
ap: 0.17376424372196198
########## best_metrics ##########
ndcg_1: 0.08474037763253449
ndcg_5: 0.17480920255184174
ndcg_10: 0.21417103707790375
ndcg_20: 0.25585636496543884
hit_1: 0.08474037763253449
hit_5: 0.2638888888888889
hit_10: 0.3961964415395788
hit_20: 0.5655410312273057
ap: 0.18440012633800507
no increase in recent 40 iters
this epoch costs 179.3270525932312 s
#########################################################
################## epoch 81 ###########################
loss: 640.3062, len_train_loader:196
modified_target in every batch:0.0
modified_hist in every batch :0.0
########## current_metrics ##########
ndcg_1: 0.08083696441539578
ndcg_5: 0.16216827929019928
ndcg_10: 0.20062579214572906
ndcg_20: 0.2409818172454834
hit_1: 0.08083696441539578
hit_5: 0.24142156862745098
hit_10: 0.360838779956427
hit_20: 0.5212418300653595
ap: 0.17482160031795502
########## best_metrics ##########
ndcg_1: 0.08474037763253449
ndcg_5: 0.17480920255184174
ndcg_10: 0.21417103707790375
ndcg_20: 0.25585636496543884
hit_1: 0.08474037763253449
hit_5: 0.2638888888888889
hit_10: 0.3961964415395788
hit_20: 0.5655410312273057
ap: 0.18440012633800507
no increase in recent 41 iters
this epoch costs 94.00783085823059 s
#########################################################
################## epoch 82 ###########################
loss: 640.5744, len_train_loader:196
modified_target in every batch:0.0
modified_hist in every batch :0.0
########## current_metrics ##########
ndcg_1: 0.0766158315177923
ndcg_5: 0.15447954833507538
ndcg_10: 0.19318373501300812
ndcg_20: 0.2330685555934906
hit_1: 0.0766158315177923
hit_5: 0.23070987654320987
hit_10: 0.35080791575889614
hit_20: 0.5095315904139434
ap: 0.168361097574234
########## best_metrics ##########
ndcg_1: 0.08474037763253449
ndcg_5: 0.17480920255184174
ndcg_10: 0.21417103707790375
ndcg_20: 0.25585636496543884
hit_1: 0.08474037763253449
hit_5: 0.2638888888888889
hit_10: 0.3961964415395788
hit_20: 0.5655410312273057
ap: 0.18440012633800507
no increase in recent 42 iters
this epoch costs 114.86280965805054 s
#########################################################
################## epoch 83 ###########################
loss: 639.0415, len_train_loader:196
modified_target in every batch:0.0
modified_hist in every batch :0.0
########## current_metrics ##########
ndcg_1: 0.07643427741466957
ndcg_5: 0.15666936337947845
ndcg_10: 0.1951279491186142
ndcg_20: 0.23395735025405884
hit_1: 0.07643427741466957
hit_5: 0.23474945533769062
hit_10: 0.35425744371822804
hit_20: 0.5083968772694263
ap: 0.1696057915687561
########## best_metrics ##########
ndcg_1: 0.08474037763253449
ndcg_5: 0.17480920255184174
ndcg_10: 0.21417103707790375
ndcg_20: 0.25585636496543884
hit_1: 0.08474037763253449
hit_5: 0.2638888888888889
hit_10: 0.3961964415395788
hit_20: 0.5655410312273057
ap: 0.18440012633800507
no increase in recent 43 iters
this epoch costs 107.5429458618164 s
#########################################################
################## epoch 84 ###########################
loss: 637.6411, len_train_loader:196
modified_target in every batch:0.0
modified_hist in every batch :0.0
########## current_metrics ##########
ndcg_1: 0.07657044299201161
ndcg_5: 0.1574876606464386
ndcg_10: 0.19576838612556458
ndcg_20: 0.23593516647815704
hit_1: 0.07657044299201161
hit_5: 0.23683732752360204
hit_10: 0.35611837327523604
hit_20: 0.5156136528685549
ap: 0.17008134722709656
########## best_metrics ##########
ndcg_1: 0.08474037763253449
ndcg_5: 0.17480920255184174
ndcg_10: 0.21417103707790375
ndcg_20: 0.25585636496543884
hit_1: 0.08474037763253449
hit_5: 0.2638888888888889
hit_10: 0.3961964415395788
hit_20: 0.5655410312273057
ap: 0.18440012633800507
no increase in recent 44 iters
this epoch costs 199.63936924934387 s
#########################################################
################## epoch 85 ###########################
loss: 637.9859, len_train_loader:196
modified_target in every batch:0.0
modified_hist in every batch :0.0
########## current_metrics ##########
ndcg_1: 0.0766158315177923
ndcg_5: 0.1570531576871872
ndcg_10: 0.1934814453125
ndcg_20: 0.2339669018983841
hit_1: 0.0766158315177923
hit_5: 0.2353848946986202
hit_10: 0.34853848946986205
hit_20: 0.5095769789397241
ap: 0.1693650633096695
########## best_metrics ##########
ndcg_1: 0.08474037763253449
ndcg_5: 0.17480920255184174
ndcg_10: 0.21417103707790375
ndcg_20: 0.25585636496543884
hit_1: 0.08474037763253449
hit_5: 0.2638888888888889
hit_10: 0.3961964415395788
hit_20: 0.5655410312273057
ap: 0.18440012633800507
no increase in recent 45 iters
this epoch costs 229.47241187095642 s
#########################################################
################## epoch 86 ###########################
loss: 639.2343, len_train_loader:196
modified_target in every batch:0.0
modified_hist in every batch :0.0
########## current_metrics ##########
ndcg_1: 0.07834059549745824
ndcg_5: 0.16078366339206696
ndcg_10: 0.19910027086734772
ndcg_20: 0.23922505974769592
hit_1: 0.07834059549745824
hit_5: 0.24101307189542484
hit_10: 0.35997639796659403
hit_20: 0.5198347857661583
ap: 0.17292262613773346
########## best_metrics ##########
ndcg_1: 0.08474037763253449
ndcg_5: 0.17480920255184174
ndcg_10: 0.21417103707790375
ndcg_20: 0.25585636496543884
hit_1: 0.08474037763253449
hit_5: 0.2638888888888889
hit_10: 0.3961964415395788
hit_20: 0.5655410312273057
ap: 0.18440012633800507
no increase in recent 46 iters
this epoch costs 217.9138994216919 s
#########################################################
################## epoch 87 ###########################
loss: 619.4206, len_train_loader:196
modified_target in every batch:0.0
modified_hist in every batch :0.0
########## current_metrics ##########
ndcg_1: 0.0818355119825708
ndcg_5: 0.16282857954502106
ndcg_10: 0.19997692108154297
ndcg_20: 0.24066512286663055
hit_1: 0.0818355119825708
hit_5: 0.24178467683369645
hit_10: 0.35688997821350765
hit_20: 0.5185185185185185
ap: 0.17522279918193817
########## best_metrics ##########
ndcg_1: 0.08474037763253449
ndcg_5: 0.17480920255184174
ndcg_10: 0.21417103707790375
ndcg_20: 0.25585636496543884
hit_1: 0.08474037763253449
hit_5: 0.2638888888888889
hit_10: 0.3961964415395788
hit_20: 0.5655410312273057
ap: 0.18440012633800507
no increase in recent 47 iters
this epoch costs 140.80815744400024 s
#########################################################
################## epoch 88 ###########################
loss: 618.1786, len_train_loader:196
modified_target in every batch:0.0
modified_hist in every batch :0.0
########## current_metrics ##########
ndcg_1: 0.08038307915758897
ndcg_5: 0.16054993867874146
ndcg_10: 0.1975499838590622
ndcg_20: 0.23818659782409668
hit_1: 0.08038307915758897
hit_5: 0.23897058823529413
hit_10: 0.3543028322440087
hit_20: 0.5158405954974582
ap: 0.17297056317329407
########## best_metrics ##########
ndcg_1: 0.08474037763253449
ndcg_5: 0.17480920255184174
ndcg_10: 0.21417103707790375
ndcg_20: 0.25585636496543884
hit_1: 0.08474037763253449
hit_5: 0.2638888888888889
hit_10: 0.3961964415395788
hit_20: 0.5655410312273057
ap: 0.18440012633800507
no increase in recent 48 iters
this epoch costs 93.6329140663147 s
#########################################################
################## epoch 89 ###########################
loss: 617.0856, len_train_loader:196
modified_target in every batch:0.0
modified_hist in every batch :0.0
########## current_metrics ##########
ndcg_1: 0.07779593318809006
ndcg_5: 0.15731821954250336
ndcg_10: 0.1947210133075714
ndcg_20: 0.23555494844913483
hit_1: 0.07779593318809006
hit_5: 0.23488562091503268
hit_10: 0.3511710239651416
hit_20: 0.5133896151053013
ap: 0.17019560933113098
########## best_metrics ##########
ndcg_1: 0.08474037763253449
ndcg_5: 0.17480920255184174
ndcg_10: 0.21417103707790375
ndcg_20: 0.25585636496543884
hit_1: 0.08474037763253449
hit_5: 0.2638888888888889
hit_10: 0.3961964415395788
hit_20: 0.5655410312273057
ap: 0.18440012633800507
no increase in recent 49 iters
this epoch costs 108.6684193611145 s
#########################################################
################## epoch 90 ###########################
loss: 616.8491, len_train_loader:196
modified_target in every batch:0.0
modified_hist in every batch :0.0
########## current_metrics ##########
ndcg_1: 0.07952069716775599
ndcg_5: 0.1586066037416458
ndcg_10: 0.1960299164056778
ndcg_20: 0.2365277260541916
hit_1: 0.07952069716775599
hit_5: 0.23597494553376908
hit_10: 0.35207879448075524
hit_20: 0.5129811183732752
ap: 0.17160890996456146
########## best_metrics ##########
ndcg_1: 0.08474037763253449
ndcg_5: 0.17480920255184174
ndcg_10: 0.21417103707790375
ndcg_20: 0.25585636496543884
hit_1: 0.08474037763253449
hit_5: 0.2638888888888889
hit_10: 0.3961964415395788
hit_20: 0.5655410312273057
ap: 0.18440012633800507
no increase in recent 50 iters
this epoch costs 94.97277903556824 s
#########################################################
################## epoch 91 ###########################
loss: 617.6355, len_train_loader:196
modified_target in every batch:0.0
modified_hist in every batch :0.0
########## current_metrics ##########
ndcg_1: 0.0782044299201162
ndcg_5: 0.1582728624343872
ndcg_10: 0.19670547544956207
ndcg_20: 0.23700100183486938
hit_1: 0.0782044299201162
hit_5: 0.2369734931009441
hit_10: 0.3563907044299201
hit_20: 0.5167029774872912
ap: 0.17121243476867676
########## best_metrics ##########
ndcg_1: 0.08474037763253449
ndcg_5: 0.17480920255184174
ndcg_10: 0.21417103707790375
ndcg_20: 0.25585636496543884
hit_1: 0.08474037763253449
hit_5: 0.2638888888888889
hit_10: 0.3961964415395788
hit_20: 0.5655410312273057
ap: 0.18440012633800507
early stop
this epoch costs 115.06186032295227 s
#########################################################
