nohup: ignoring input
########## DataInfo ##########
reading seq.dat
numUser:22502
numItem:10649
########## config ##########
thread_num: 4
dataset: electronics
eval_neg_num: 99
train_neg_num: 30
input_len: 10
rec_model: SASRec
train_type: train
save_epochs: [100, 200, 300, 400]
epoch_num: 500
learning_rate: 0.01
train_batch_size: 1024
test_batch_size: 256
drop_ratio: 0.1
decay_factor: 0.9
hidden_size: 50
num_hidden_layers: 1
num_attention_heads: 2
intermediate_size: 100
hidden_act: gelu
hidden_dropout_prob: 0.1
attention_probs_dropout_prob: 0.1
type_vocab_size: 1
initializer_range: 0.1
loss_type: pairwise_sample
weight_decay: 0.01
device: cuda
max_seq_len: 10
layer_size: 1
threshold: 1
noise_ratio: 0.05
candidate_num: 3
high_loss_drop: 0
weight_drop: 0.5
encoder_loss: False
user_num: 22502
item_num: 10649
generating train samples
train_size: 200144, time: 18.97913384437561
abandoned 0(0.0) samples
valid user num: 22032
valid item num: 10647
generating test samples
test_size: 22032, time: 14.277560472488403
abandoned 0(0.0) samples
------------SASREC ENCODER YES------------
============================================================
Start Training
============================================================
################## epoch 0 ###########################
loss: 2082.9466, len_train_loader:196
modified_target in every batch:0.0
modified_hist in every batch :0.0
########## current_metrics ##########
ndcg_1: 0.016748366013071895
ndcg_5: 0.054641563445329666
ndcg_10: 0.08358501642942429
ndcg_20: 0.12398158758878708
hit_1: 0.016748366013071895
hit_5: 0.09522512708787219
hit_10: 0.18572984749455337
hit_20: 0.34740377632534497
ap: 0.07945004105567932
########## best_metrics ##########
ndcg_1: 0.016748366013071895
ndcg_5: 0.054641563445329666
ndcg_10: 0.08358501642942429
ndcg_20: 0.12398158758878708
hit_1: 0.016748366013071895
hit_5: 0.09522512708787219
hit_10: 0.18572984749455337
hit_20: 0.34740377632534497
ap: 0.07945004105567932
no increase in recent 0 iters
this epoch costs 216.9974386692047 s
#########################################################
################## epoch 1 ###########################
loss: 1720.3718, len_train_loader:196
modified_target in every batch:0.0
modified_hist in every batch :0.0
########## current_metrics ##########
ndcg_1: 0.021105664488017428
ndcg_5: 0.07130000740289688
ndcg_10: 0.10857665538787842
ndcg_20: 0.15386834740638733
hit_1: 0.021105664488017428
hit_5: 0.12400145243282498
hit_10: 0.24046840958605664
hit_20: 0.4211147421931736
ap: 0.0964602455496788
########## best_metrics ##########
ndcg_1: 0.021105664488017428
ndcg_5: 0.07130000740289688
ndcg_10: 0.10857665538787842
ndcg_20: 0.15386834740638733
hit_1: 0.021105664488017428
hit_5: 0.12400145243282498
hit_10: 0.24046840958605664
hit_20: 0.4211147421931736
ap: 0.0964602455496788
no increase in recent 0 iters
this epoch costs 287.2693943977356 s
#########################################################
################## epoch 2 ###########################
loss: 1562.5343, len_train_loader:196
modified_target in every batch:0.0
modified_hist in every batch :0.0
########## current_metrics ##########
ndcg_1: 0.03926107480029049
ndcg_5: 0.10843691229820251
ndcg_10: 0.14740431308746338
ndcg_20: 0.1925826072692871
hit_1: 0.03926107480029049
hit_5: 0.17892156862745098
hit_10: 0.300199709513435
hit_20: 0.4799382716049383
ap: 0.1269356608390808
########## best_metrics ##########
ndcg_1: 0.03926107480029049
ndcg_5: 0.10843691229820251
ndcg_10: 0.14740431308746338
ndcg_20: 0.1925826072692871
hit_1: 0.03926107480029049
hit_5: 0.17892156862745098
hit_10: 0.300199709513435
hit_20: 0.4799382716049383
ap: 0.1269356608390808
no increase in recent 0 iters
this epoch costs 271.41735005378723 s
#########################################################
################## epoch 3 ###########################
loss: 1435.2325, len_train_loader:196
modified_target in every batch:0.0
modified_hist in every batch :0.0
########## current_metrics ##########
ndcg_1: 0.04202977487291213
ndcg_5: 0.11398335546255112
ndcg_10: 0.15636257827281952
ndcg_20: 0.2031560093164444
hit_1: 0.04202977487291213
hit_5: 0.18777233115468409
hit_10: 0.31953522149600583
hit_20: 0.505718954248366
ap: 0.13277588784694672
########## best_metrics ##########
ndcg_1: 0.04202977487291213
ndcg_5: 0.11398335546255112
ndcg_10: 0.15636257827281952
ndcg_20: 0.2031560093164444
hit_1: 0.04202977487291213
hit_5: 0.18777233115468409
hit_10: 0.31953522149600583
hit_20: 0.505718954248366
ap: 0.13277588784694672
no increase in recent 0 iters
this epoch costs 265.20114636421204 s
#########################################################
################## epoch 4 ###########################
loss: 1348.0874, len_train_loader:196
modified_target in every batch:0.0
modified_hist in every batch :0.0
########## current_metrics ##########
ndcg_1: 0.06281771968046478
ndcg_5: 0.1451159119606018
ndcg_10: 0.1888057142496109
ndcg_20: 0.2339494377374649
hit_1: 0.06281771968046478
hit_5: 0.2280319535221496
hit_10: 0.3639705882352941
hit_20: 0.5429375453885258
ap: 0.16012084484100342
########## best_metrics ##########
ndcg_1: 0.06281771968046478
ndcg_5: 0.1451159119606018
ndcg_10: 0.1888057142496109
ndcg_20: 0.2339494377374649
hit_1: 0.06281771968046478
hit_5: 0.2280319535221496
hit_10: 0.3639705882352941
hit_20: 0.5429375453885258
ap: 0.16012084484100342
no increase in recent 0 iters
this epoch costs 335.8675043582916 s
#########################################################
################## epoch 5 ###########################
loss: 1297.704, len_train_loader:196
modified_target in every batch:0.0
modified_hist in every batch :0.0
########## current_metrics ##########
ndcg_1: 0.06045751633986928
ndcg_5: 0.14322908222675323
ndcg_10: 0.18691357970237732
ndcg_20: 0.22999678552150726
hit_1: 0.06045751633986928
hit_5: 0.22635257806826434
hit_10: 0.36210965867828615
hit_20: 0.5334059549745824
ap: 0.15776348114013672
########## best_metrics ##########
ndcg_1: 0.06281771968046478
ndcg_5: 0.1451159119606018
ndcg_10: 0.1888057142496109
ndcg_20: 0.2339494377374649
hit_1: 0.06281771968046478
hit_5: 0.2280319535221496
hit_10: 0.3639705882352941
hit_20: 0.5429375453885258
ap: 0.16012084484100342
no increase in recent 1 iters
this epoch costs 353.02627539634705 s
#########################################################
################## epoch 6 ###########################
loss: 1259.0491, len_train_loader:196
modified_target in every batch:0.0
modified_hist in every batch :0.0
########## current_metrics ##########
ndcg_1: 0.061546840958605666
ndcg_5: 0.1476300060749054
ndcg_10: 0.19281023740768433
ndcg_20: 0.23724700510501862
hit_1: 0.061546840958605666
hit_5: 0.2337509077705156
hit_10: 0.3741830065359477
hit_20: 0.5505628177196805
ap: 0.16189496219158173
########## best_metrics ##########
ndcg_1: 0.06281771968046478
ndcg_5: 0.1476300060749054
ndcg_10: 0.19281023740768433
ndcg_20: 0.23724700510501862
hit_1: 0.06281771968046478
hit_5: 0.2337509077705156
hit_10: 0.3741830065359477
hit_20: 0.5505628177196805
ap: 0.16189496219158173
no increase in recent 0 iters
this epoch costs 329.3035809993744 s
#########################################################
################## epoch 7 ###########################
loss: 1227.3594, len_train_loader:196
modified_target in every batch:0.0
modified_hist in every batch :0.0
########## current_metrics ##########
ndcg_1: 0.06377087872185912
ndcg_5: 0.15171654522418976
ndcg_10: 0.19508859515190125
ndcg_20: 0.23938356339931488
hit_1: 0.06377087872185912
hit_5: 0.23887981118373275
hit_10: 0.37363834422657954
hit_20: 0.5494281045751634
ap: 0.1647290736436844
########## best_metrics ##########
ndcg_1: 0.06377087872185912
ndcg_5: 0.15171654522418976
ndcg_10: 0.19508859515190125
ndcg_20: 0.23938356339931488
hit_1: 0.06377087872185912
hit_5: 0.23887981118373275
hit_10: 0.3741830065359477
hit_20: 0.5505628177196805
ap: 0.1647290736436844
no increase in recent 0 iters
this epoch costs 374.5086009502411 s
#########################################################
################## epoch 8 ###########################
loss: 1199.5309, len_train_loader:196
modified_target in every batch:0.0
modified_hist in every batch :0.0
########## current_metrics ##########
ndcg_1: 0.06499636891793754
ndcg_5: 0.1519872099161148
ndcg_10: 0.19481220841407776
ndcg_20: 0.2388501614332199
hit_1: 0.06499636891793754
hit_5: 0.23815359477124182
hit_10: 0.37100580973129993
hit_20: 0.5458877995642701
ap: 0.16502432525157928
########## best_metrics ##########
ndcg_1: 0.06499636891793754
ndcg_5: 0.1519872099161148
ndcg_10: 0.19508859515190125
ndcg_20: 0.23938356339931488
hit_1: 0.06499636891793754
hit_5: 0.23887981118373275
hit_10: 0.3741830065359477
hit_20: 0.5505628177196805
ap: 0.16502432525157928
no increase in recent 0 iters
this epoch costs 288.6301522254944 s
#########################################################
################## epoch 9 ###########################
loss: 1171.4145, len_train_loader:196
modified_target in every batch:0.0
modified_hist in every batch :0.0
########## current_metrics ##########
ndcg_1: 0.06495098039215687
ndcg_5: 0.15208368003368378
ndcg_10: 0.19509805738925934
ndcg_20: 0.23850691318511963
hit_1: 0.06495098039215687
hit_5: 0.23865286855482934
hit_10: 0.3724582425562818
hit_20: 0.5448892519970951
ap: 0.16485711932182312
########## best_metrics ##########
ndcg_1: 0.06499636891793754
ndcg_5: 0.15208368003368378
ndcg_10: 0.19509805738925934
ndcg_20: 0.23938356339931488
hit_1: 0.06499636891793754
hit_5: 0.23887981118373275
hit_10: 0.3741830065359477
hit_20: 0.5505628177196805
ap: 0.16502432525157928
no increase in recent 0 iters
this epoch costs 294.4346363544464 s
#########################################################
################## epoch 10 ###########################
loss: 1151.514, len_train_loader:196
modified_target in every batch:0.0
modified_hist in every batch :0.0
########## current_metrics ##########
ndcg_1: 0.0669480755265069
ndcg_5: 0.15554459393024445
ndcg_10: 0.1985359936952591
ndcg_20: 0.24223096668720245
hit_1: 0.0669480755265069
hit_5: 0.2437363834422658
hit_10: 0.37726942628903415
hit_20: 0.5508805374001452
ap: 0.16786304116249084
########## best_metrics ##########
ndcg_1: 0.0669480755265069
ndcg_5: 0.15554459393024445
ndcg_10: 0.1985359936952591
ndcg_20: 0.24223096668720245
hit_1: 0.0669480755265069
hit_5: 0.2437363834422658
hit_10: 0.37726942628903415
hit_20: 0.5508805374001452
ap: 0.16786304116249084
no increase in recent 0 iters
this epoch costs 506.7671024799347 s
#########################################################
################## epoch 11 ###########################
loss: 1128.9678, len_train_loader:196
modified_target in every batch:0.0
modified_hist in every batch :0.0
########## current_metrics ##########
ndcg_1: 0.06753812636165578
ndcg_5: 0.1568954735994339
ndcg_10: 0.20028604567050934
ndcg_20: 0.24265266954898834
hit_1: 0.06753812636165578
hit_5: 0.24546114742193173
hit_10: 0.3801742919389978
hit_20: 0.548202614379085
ap: 0.16887518763542175
########## best_metrics ##########
ndcg_1: 0.06753812636165578
ndcg_5: 0.1568954735994339
ndcg_10: 0.20028604567050934
ndcg_20: 0.24265266954898834
hit_1: 0.06753812636165578
hit_5: 0.24546114742193173
hit_10: 0.3801742919389978
hit_20: 0.5508805374001452
ap: 0.16887518763542175
no increase in recent 0 iters
this epoch costs 375.8782784938812 s
#########################################################
################## epoch 12 ###########################
loss: 1108.6745, len_train_loader:196
modified_target in every batch:0.0
modified_hist in every batch :0.0
########## current_metrics ##########
ndcg_1: 0.07643427741466957
ndcg_5: 0.1674879640340805
ndcg_10: 0.21075843274593353
ndcg_20: 0.2530551254749298
hit_1: 0.07643427741466957
hit_5: 0.2577614379084967
hit_10: 0.3923384168482208
hit_20: 0.5603667392883079
ap: 0.1786145567893982
########## best_metrics ##########
ndcg_1: 0.07643427741466957
ndcg_5: 0.1674879640340805
ndcg_10: 0.21075843274593353
ndcg_20: 0.2530551254749298
hit_1: 0.07643427741466957
hit_5: 0.2577614379084967
hit_10: 0.3923384168482208
hit_20: 0.5603667392883079
ap: 0.1786145567893982
no increase in recent 0 iters
this epoch costs 239.66457176208496 s
#########################################################
################## epoch 13 ###########################
loss: 1089.1135, len_train_loader:196
modified_target in every batch:0.0
modified_hist in every batch :0.0
########## current_metrics ##########
ndcg_1: 0.07116920842411038
ndcg_5: 0.1605186015367508
ndcg_10: 0.20331765711307526
ndcg_20: 0.24641470611095428
hit_1: 0.07116920842411038
hit_5: 0.2492283950617284
hit_10: 0.3821259985475672
hit_20: 0.5531953522149601
ap: 0.17230236530303955
########## best_metrics ##########
ndcg_1: 0.07643427741466957
ndcg_5: 0.1674879640340805
ndcg_10: 0.21075843274593353
ndcg_20: 0.2530551254749298
hit_1: 0.07643427741466957
hit_5: 0.2577614379084967
hit_10: 0.3923384168482208
hit_20: 0.5603667392883079
ap: 0.1786145567893982
no increase in recent 1 iters
this epoch costs 320.3769841194153 s
#########################################################
################## epoch 14 ###########################
loss: 1069.0372, len_train_loader:196
modified_target in every batch:0.0
modified_hist in every batch :0.0
########## current_metrics ##########
ndcg_1: 0.0745279593318809
ndcg_5: 0.16516289114952087
ndcg_10: 0.20778591930866241
ndcg_20: 0.25130710005760193
hit_1: 0.0745279593318809
hit_5: 0.25544662309368193
hit_10: 0.3875726216412491
hit_20: 0.5602305737109659
ap: 0.17647559940814972
########## best_metrics ##########
ndcg_1: 0.07643427741466957
ndcg_5: 0.1674879640340805
ndcg_10: 0.21075843274593353
ndcg_20: 0.2530551254749298
hit_1: 0.07643427741466957
hit_5: 0.2577614379084967
hit_10: 0.3923384168482208
hit_20: 0.5603667392883079
ap: 0.1786145567893982
no increase in recent 2 iters
this epoch costs 274.6596963405609 s
#########################################################
################## epoch 15 ###########################
loss: 1051.5311, len_train_loader:196
modified_target in every batch:0.0
modified_hist in every batch :0.0
########## current_metrics ##########
ndcg_1: 0.07670660856935367
ndcg_5: 0.16693943738937378
ndcg_10: 0.20772923529148102
ndcg_20: 0.24995973706245422
hit_1: 0.07670660856935367
hit_5: 0.25639978213507625
hit_10: 0.38294299201161947
hit_20: 0.5507443718228032
ap: 0.17751874029636383
########## best_metrics ##########
ndcg_1: 0.07670660856935367
ndcg_5: 0.1674879640340805
ndcg_10: 0.21075843274593353
ndcg_20: 0.2530551254749298
hit_1: 0.07670660856935367
hit_5: 0.2577614379084967
hit_10: 0.3923384168482208
hit_20: 0.5603667392883079
ap: 0.1786145567893982
no increase in recent 0 iters
this epoch costs 429.795166015625 s
#########################################################
################## epoch 16 ###########################
loss: 1033.3332, len_train_loader:196
modified_target in every batch:0.0
modified_hist in every batch :0.0
########## current_metrics ##########
ndcg_1: 0.07384713144517066
ndcg_5: 0.16255855560302734
ndcg_10: 0.20484943687915802
ndcg_20: 0.2477084994316101
hit_1: 0.07384713144517066
hit_5: 0.25086238198983296
hit_10: 0.3821259985475672
hit_20: 0.5519244734931009
ap: 0.17419986426830292
########## best_metrics ##########
ndcg_1: 0.07670660856935367
ndcg_5: 0.1674879640340805
ndcg_10: 0.21075843274593353
ndcg_20: 0.2530551254749298
hit_1: 0.07670660856935367
hit_5: 0.2577614379084967
hit_10: 0.3923384168482208
hit_20: 0.5603667392883079
ap: 0.1786145567893982
no increase in recent 1 iters
this epoch costs 243.22495412826538 s
#########################################################
################## epoch 17 ###########################
loss: 1021.6534, len_train_loader:196
modified_target in every batch:0.0
modified_hist in every batch :0.0
########## current_metrics ##########
ndcg_1: 0.07303013798111838
ndcg_5: 0.15893596410751343
ndcg_10: 0.20006433129310608
ndcg_20: 0.24106058478355408
hit_1: 0.07303013798111838
hit_5: 0.2444625998547567
hit_10: 0.37223129992737836
hit_20: 0.535039941902687
ap: 0.17080019414424896
########## best_metrics ##########
ndcg_1: 0.07670660856935367
ndcg_5: 0.1674879640340805
ndcg_10: 0.21075843274593353
ndcg_20: 0.2530551254749298
hit_1: 0.07670660856935367
hit_5: 0.2577614379084967
hit_10: 0.3923384168482208
hit_20: 0.5603667392883079
ap: 0.1786145567893982
no increase in recent 2 iters
this epoch costs 296.96684193611145 s
#########################################################
################## epoch 18 ###########################
loss: 1008.0163, len_train_loader:196
modified_target in every batch:0.0
modified_hist in every batch :0.0
########## current_metrics ##########
ndcg_1: 0.07702432824981845
ndcg_5: 0.16592669486999512
ndcg_10: 0.20850245654582977
ndcg_20: 0.2498774379491806
hit_1: 0.07702432824981845
hit_5: 0.25295025417574435
hit_10: 0.38480392156862747
hit_20: 0.54920116194626
ap: 0.17771394550800323
########## best_metrics ##########
ndcg_1: 0.07702432824981845
ndcg_5: 0.1674879640340805
ndcg_10: 0.21075843274593353
ndcg_20: 0.2530551254749298
hit_1: 0.07702432824981845
hit_5: 0.2577614379084967
hit_10: 0.3923384168482208
hit_20: 0.5603667392883079
ap: 0.1786145567893982
no increase in recent 0 iters
this epoch costs 273.8545958995819 s
#########################################################
################## epoch 19 ###########################
loss: 992.6068, len_train_loader:196
modified_target in every batch:0.0
modified_hist in every batch :0.0
########## current_metrics ##########
ndcg_1: 0.07511801016702978
ndcg_5: 0.16687683761119843
ndcg_10: 0.20890909433364868
ndcg_20: 0.2503155469894409
hit_1: 0.07511801016702978
hit_5: 0.25689905591866374
hit_10: 0.38743645606390703
hit_20: 0.5514705882352942
ap: 0.17743051052093506
########## best_metrics ##########
ndcg_1: 0.07702432824981845
ndcg_5: 0.1674879640340805
ndcg_10: 0.21075843274593353
ndcg_20: 0.2530551254749298
hit_1: 0.07702432824981845
hit_5: 0.2577614379084967
hit_10: 0.3923384168482208
hit_20: 0.5603667392883079
ap: 0.1786145567893982
no increase in recent 1 iters
this epoch costs 355.40185141563416 s
#########################################################
################## epoch 20 ###########################
loss: 989.7255, len_train_loader:196
modified_target in every batch:0.0
modified_hist in every batch :508.8469
########## current_metrics ##########
ndcg_1: 0.0763435003631082
ndcg_5: 0.16442039608955383
ndcg_10: 0.20736749470233917
ndcg_20: 0.2500787079334259
hit_1: 0.0763435003631082
hit_5: 0.25167937545388525
hit_10: 0.3849400871459695
hit_20: 0.5546023965141612
ap: 0.17647068202495575
########## best_metrics ##########
ndcg_1: 0.07702432824981845
ndcg_5: 0.1674879640340805
ndcg_10: 0.21075843274593353
ndcg_20: 0.2530551254749298
hit_1: 0.07702432824981845
hit_5: 0.2577614379084967
hit_10: 0.3923384168482208
hit_20: 0.5603667392883079
ap: 0.1786145567893982
no increase in recent 2 iters
this epoch costs 281.09774017333984 s
#########################################################
################## epoch 21 ###########################
loss: 971.0132, len_train_loader:196
modified_target in every batch:0.0
modified_hist in every batch :510.0867
########## current_metrics ##########
ndcg_1: 0.07357480029048656
ndcg_5: 0.15793035924434662
ndcg_10: 0.19828233122825623
ndcg_20: 0.23971594870090485
hit_1: 0.07357480029048656
hit_5: 0.24223856209150327
hit_10: 0.3677378358750908
hit_20: 0.5321350762527233
ap: 0.17006929218769073
########## best_metrics ##########
ndcg_1: 0.07702432824981845
ndcg_5: 0.1674879640340805
ndcg_10: 0.21075843274593353
ndcg_20: 0.2530551254749298
hit_1: 0.07702432824981845
hit_5: 0.2577614379084967
hit_10: 0.3923384168482208
hit_20: 0.5603667392883079
ap: 0.1786145567893982
no increase in recent 3 iters
this epoch costs 416.8280539512634 s
#########################################################
################## epoch 22 ###########################
loss: 959.959, len_train_loader:196
modified_target in every batch:0.0
modified_hist in every batch :508.0255
########## current_metrics ##########
ndcg_1: 0.0755718954248366
ndcg_5: 0.16176193952560425
ndcg_10: 0.2030343860387802
ndcg_20: 0.24376605451107025
hit_1: 0.0755718954248366
hit_5: 0.24700435729847495
hit_10: 0.37513616557734203
hit_20: 0.5369462599854756
ap: 0.17356716096401215
########## best_metrics ##########
ndcg_1: 0.07702432824981845
ndcg_5: 0.1674879640340805
ndcg_10: 0.21075843274593353
ndcg_20: 0.2530551254749298
hit_1: 0.07702432824981845
hit_5: 0.2577614379084967
hit_10: 0.3923384168482208
hit_20: 0.5603667392883079
ap: 0.1786145567893982
no increase in recent 4 iters
this epoch costs 355.18623399734497 s
#########################################################
################## epoch 23 ###########################
loss: 946.963, len_train_loader:196
modified_target in every batch:0.0
modified_hist in every batch :509.8214
########## current_metrics ##########
ndcg_1: 0.07566267247639796
ndcg_5: 0.16303476691246033
ndcg_10: 0.20345863699913025
ndcg_20: 0.24485743045806885
hit_1: 0.07566267247639796
hit_5: 0.24859295570079884
hit_10: 0.3742283950617284
hit_20: 0.5384440813362382
ap: 0.17444705963134766
########## best_metrics ##########
ndcg_1: 0.07702432824981845
ndcg_5: 0.1674879640340805
ndcg_10: 0.21075843274593353
ndcg_20: 0.2530551254749298
hit_1: 0.07702432824981845
hit_5: 0.2577614379084967
hit_10: 0.3923384168482208
hit_20: 0.5603667392883079
ap: 0.1786145567893982
no increase in recent 5 iters
this epoch costs 350.26846408843994 s
#########################################################
################## epoch 24 ###########################
loss: 913.2555, len_train_loader:196
modified_target in every batch:0.0
modified_hist in every batch :509.2857
########## current_metrics ##########
ndcg_1: 0.0789760348583878
ndcg_5: 0.16615314781665802
ndcg_10: 0.20704840123653412
ndcg_20: 0.24847859144210815
hit_1: 0.0789760348583878
hit_5: 0.25195170660856936
hit_10: 0.37899419026870007
hit_20: 0.543618373275236
ap: 0.17764422297477722
########## best_metrics ##########
ndcg_1: 0.0789760348583878
ndcg_5: 0.1674879640340805
ndcg_10: 0.21075843274593353
ndcg_20: 0.2530551254749298
hit_1: 0.0789760348583878
hit_5: 0.2577614379084967
hit_10: 0.3923384168482208
hit_20: 0.5603667392883079
ap: 0.1786145567893982
no increase in recent 0 iters
this epoch costs 286.87781167030334 s
#########################################################
################## epoch 25 ###########################
loss: 898.0383, len_train_loader:196
modified_target in every batch:0.0
modified_hist in every batch :510.4439
########## current_metrics ##########
ndcg_1: 0.07965686274509803
ndcg_5: 0.16459640860557556
ndcg_10: 0.2060798853635788
ndcg_20: 0.24735647439956665
hit_1: 0.07965686274509803
hit_5: 0.24813907044299202
hit_10: 0.3770878721859114
hit_20: 0.5410312273057372
ap: 0.17707459628582
########## best_metrics ##########
ndcg_1: 0.07965686274509803
ndcg_5: 0.1674879640340805
ndcg_10: 0.21075843274593353
ndcg_20: 0.2530551254749298
hit_1: 0.07965686274509803
hit_5: 0.2577614379084967
hit_10: 0.3923384168482208
hit_20: 0.5603667392883079
ap: 0.1786145567893982
no increase in recent 0 iters
this epoch costs 349.33439683914185 s
#########################################################
################## epoch 26 ###########################
loss: 887.5911, len_train_loader:196
modified_target in every batch:0.0
modified_hist in every batch :510.7092
########## current_metrics ##########
ndcg_1: 0.07824981844589687
ndcg_5: 0.1641162484884262
ndcg_10: 0.2043720930814743
ndcg_20: 0.2466381937265396
hit_1: 0.07824981844589687
hit_5: 0.24773057371096588
hit_10: 0.37282135076252726
hit_20: 0.5409858387799564
ap: 0.17624521255493164
########## best_metrics ##########
ndcg_1: 0.07965686274509803
ndcg_5: 0.1674879640340805
ndcg_10: 0.21075843274593353
ndcg_20: 0.2530551254749298
hit_1: 0.07965686274509803
hit_5: 0.2577614379084967
hit_10: 0.3923384168482208
hit_20: 0.5603667392883079
ap: 0.1786145567893982
no increase in recent 1 iters
this epoch costs 331.2853980064392 s
#########################################################
################## epoch 27 ###########################
loss: 878.6591, len_train_loader:196
modified_target in every batch:0.0
modified_hist in every batch :507.7449
########## current_metrics ##########
ndcg_1: 0.08142701525054466
ndcg_5: 0.16857267916202545
ndcg_10: 0.2085113376379013
ndcg_20: 0.24961526691913605
hit_1: 0.08142701525054466
hit_5: 0.25403957879448075
hit_10: 0.37808641975308643
hit_20: 0.5416666666666666
ap: 0.1797008216381073
########## best_metrics ##########
ndcg_1: 0.08142701525054466
ndcg_5: 0.16857267916202545
ndcg_10: 0.21075843274593353
ndcg_20: 0.2530551254749298
hit_1: 0.08142701525054466
hit_5: 0.2577614379084967
hit_10: 0.3923384168482208
hit_20: 0.5603667392883079
ap: 0.1797008216381073
no increase in recent 0 iters
this epoch costs 287.8217227458954 s
#########################################################
################## epoch 28 ###########################
loss: 871.6032, len_train_loader:196
modified_target in every batch:0.0
modified_hist in every batch :510.0051
########## current_metrics ##########
ndcg_1: 0.08061002178649238
ndcg_5: 0.1706191748380661
ndcg_10: 0.21234500408172607
ndcg_20: 0.255231112241745
hit_1: 0.08061002178649238
hit_5: 0.25875998547567175
hit_10: 0.38829883805374
hit_20: 0.5587327523602034
ap: 0.18178482353687286
########## best_metrics ##########
ndcg_1: 0.08142701525054466
ndcg_5: 0.1706191748380661
ndcg_10: 0.21234500408172607
ndcg_20: 0.255231112241745
hit_1: 0.08142701525054466
hit_5: 0.25875998547567175
hit_10: 0.3923384168482208
hit_20: 0.5603667392883079
ap: 0.18178482353687286
no increase in recent 0 iters
this epoch costs 347.1190059185028 s
#########################################################
################## epoch 29 ###########################
loss: 858.6659, len_train_loader:196
modified_target in every batch:0.0
modified_hist in every batch :508.3571
########## current_metrics ##########
ndcg_1: 0.07802287581699346
ndcg_5: 0.16556215286254883
ndcg_10: 0.2068275809288025
ndcg_20: 0.2486414760351181
hit_1: 0.07802287581699346
hit_5: 0.2512708787218591
hit_10: 0.3794480755265069
hit_20: 0.5452977487291213
ap: 0.17734850943088531
########## best_metrics ##########
ndcg_1: 0.08142701525054466
ndcg_5: 0.1706191748380661
ndcg_10: 0.21234500408172607
ndcg_20: 0.255231112241745
hit_1: 0.08142701525054466
hit_5: 0.25875998547567175
hit_10: 0.3923384168482208
hit_20: 0.5603667392883079
ap: 0.18178482353687286
no increase in recent 1 iters
this epoch costs 286.7291011810303 s
#########################################################
################## epoch 30 ###########################
loss: 852.4089, len_train_loader:196
modified_target in every batch:0.0
modified_hist in every batch :508.3112
########## current_metrics ##########
ndcg_1: 0.08169934640522876
ndcg_5: 0.16954897344112396
ndcg_10: 0.20918063819408417
ndcg_20: 0.24991604685783386
hit_1: 0.08169934640522876
hit_5: 0.2547657952069717
hit_10: 0.37795025417574435
hit_20: 0.5399872912127814
ap: 0.18051151931285858
########## best_metrics ##########
ndcg_1: 0.08169934640522876
ndcg_5: 0.1706191748380661
ndcg_10: 0.21234500408172607
ndcg_20: 0.255231112241745
hit_1: 0.08169934640522876
hit_5: 0.25875998547567175
hit_10: 0.3923384168482208
hit_20: 0.5603667392883079
ap: 0.18178482353687286
no increase in recent 0 iters
this epoch costs 331.0947847366333 s
#########################################################
################## epoch 31 ###########################
loss: 843.2111, len_train_loader:196
modified_target in every batch:0.0
modified_hist in every batch :510.0408
########## current_metrics ##########
ndcg_1: 0.08129084967320262
ndcg_5: 0.1690664291381836
ndcg_10: 0.20971274375915527
ndcg_20: 0.2503812909126282
hit_1: 0.08129084967320262
hit_5: 0.2546750181554103
hit_10: 0.3808551198257081
hit_20: 0.5427106027596224
ap: 0.18030886352062225
########## best_metrics ##########
ndcg_1: 0.08169934640522876
ndcg_5: 0.1706191748380661
ndcg_10: 0.21234500408172607
ndcg_20: 0.255231112241745
hit_1: 0.08169934640522876
hit_5: 0.25875998547567175
hit_10: 0.3923384168482208
hit_20: 0.5603667392883079
ap: 0.18178482353687286
no increase in recent 1 iters
this epoch costs 271.1280291080475 s
#########################################################
################## epoch 32 ###########################
loss: 837.0166, len_train_loader:196
modified_target in every batch:0.0
modified_hist in every batch :510.9031
########## current_metrics ##########
ndcg_1: 0.07952069716775599
ndcg_5: 0.16672098636627197
ndcg_10: 0.20673327147960663
ndcg_20: 0.24831147491931915
hit_1: 0.07952069716775599
hit_5: 0.2520424836601307
hit_10: 0.3760439360929557
hit_20: 0.5413489469862018
ap: 0.1781228631734848
########## best_metrics ##########
ndcg_1: 0.08169934640522876
ndcg_5: 0.1706191748380661
ndcg_10: 0.21234500408172607
ndcg_20: 0.255231112241745
hit_1: 0.08169934640522876
hit_5: 0.25875998547567175
hit_10: 0.3923384168482208
hit_20: 0.5603667392883079
ap: 0.18178482353687286
no increase in recent 2 iters
this epoch costs 337.5601873397827 s
#########################################################
################## epoch 33 ###########################
loss: 830.1361, len_train_loader:196
modified_target in every batch:0.0
modified_hist in every batch :508.7602
########## current_metrics ##########
ndcg_1: 0.07938453159041395
ndcg_5: 0.16759273409843445
ndcg_10: 0.207460418343544
ndcg_20: 0.24818851053714752
hit_1: 0.07938453159041395
hit_5: 0.25403957879448075
hit_10: 0.3778140885984023
hit_20: 0.5394426289034132
ap: 0.17830808460712433
########## best_metrics ##########
ndcg_1: 0.08169934640522876
ndcg_5: 0.1706191748380661
ndcg_10: 0.21234500408172607
ndcg_20: 0.255231112241745
hit_1: 0.08169934640522876
hit_5: 0.25875998547567175
hit_10: 0.3923384168482208
hit_20: 0.5603667392883079
ap: 0.18178482353687286
no increase in recent 3 iters
this epoch costs 427.25918412208557 s
#########################################################
################## epoch 34 ###########################
loss: 827.2384, len_train_loader:196
modified_target in every batch:0.0
modified_hist in every batch :509.8418
########## current_metrics ##########
ndcg_1: 0.07775054466230936
ndcg_5: 0.1674150824546814
ndcg_10: 0.20763938128948212
ndcg_20: 0.2482968270778656
hit_1: 0.07775054466230936
hit_5: 0.2555374001452433
hit_10: 0.38031045751633985
hit_20: 0.5418028322440087
ap: 0.17767220735549927
########## best_metrics ##########
ndcg_1: 0.08169934640522876
ndcg_5: 0.1706191748380661
ndcg_10: 0.21234500408172607
ndcg_20: 0.255231112241745
hit_1: 0.08169934640522876
hit_5: 0.25875998547567175
hit_10: 0.3923384168482208
hit_20: 0.5603667392883079
ap: 0.18178482353687286
no increase in recent 4 iters
this epoch costs 436.3913486003876 s
#########################################################
################## epoch 35 ###########################
loss: 822.3485, len_train_loader:196
modified_target in every batch:0.0
modified_hist in every batch :510.7194
########## current_metrics ##########
ndcg_1: 0.08224400871459694
ndcg_5: 0.16854465007781982
ndcg_10: 0.20974630117416382
ndcg_20: 0.2513188123703003
hit_1: 0.08224400871459694
hit_5: 0.2529048656499637
hit_10: 0.38117283950617287
hit_20: 0.5461601307189542
ap: 0.1804843693971634
########## best_metrics ##########
ndcg_1: 0.08224400871459694
ndcg_5: 0.1706191748380661
ndcg_10: 0.21234500408172607
ndcg_20: 0.255231112241745
hit_1: 0.08224400871459694
hit_5: 0.25875998547567175
hit_10: 0.3923384168482208
hit_20: 0.5603667392883079
ap: 0.18178482353687286
no increase in recent 0 iters
this epoch costs 225.55095720291138 s
#########################################################
################## epoch 36 ###########################
loss: 815.9509, len_train_loader:196
modified_target in every batch:0.0
modified_hist in every batch :508.9694
########## current_metrics ##########
ndcg_1: 0.07952069716775599
ndcg_5: 0.1650361865758896
ndcg_10: 0.20598269999027252
ndcg_20: 0.246245339512825
hit_1: 0.07952069716775599
hit_5: 0.2503177196804648
hit_10: 0.37745098039215685
hit_20: 0.5373093681917211
ap: 0.17651794850826263
########## best_metrics ##########
ndcg_1: 0.08224400871459694
ndcg_5: 0.1706191748380661
ndcg_10: 0.21234500408172607
ndcg_20: 0.255231112241745
hit_1: 0.08224400871459694
hit_5: 0.25875998547567175
hit_10: 0.3923384168482208
hit_20: 0.5603667392883079
ap: 0.18178482353687286
no increase in recent 1 iters
this epoch costs 290.423611164093 s
#########################################################
################## epoch 37 ###########################
loss: 808.3249, len_train_loader:196
modified_target in every batch:0.0
modified_hist in every batch :509.2143
########## current_metrics ##########
ndcg_1: 0.07915758896151052
ndcg_5: 0.1633969247341156
ndcg_10: 0.20297355949878693
ndcg_20: 0.24471895396709442
hit_1: 0.07915758896151052
hit_5: 0.2465958605664488
hit_10: 0.3697349310094408
hit_20: 0.5356299927378358
ap: 0.17526310682296753
########## best_metrics ##########
ndcg_1: 0.08224400871459694
ndcg_5: 0.1706191748380661
ndcg_10: 0.21234500408172607
ndcg_20: 0.255231112241745
hit_1: 0.08224400871459694
hit_5: 0.25875998547567175
hit_10: 0.3923384168482208
hit_20: 0.5603667392883079
ap: 0.18178482353687286
no increase in recent 2 iters
this epoch costs 347.35966753959656 s
#########################################################
################## epoch 38 ###########################
loss: 803.496, len_train_loader:196
modified_target in every batch:0.0
modified_hist in every batch :510.199
########## current_metrics ##########
ndcg_1: 0.07861292665214234
ndcg_5: 0.16678297519683838
ndcg_10: 0.2095993161201477
ndcg_20: 0.2501450479030609
hit_1: 0.07861292665214234
hit_5: 0.2533587509077705
hit_10: 0.3863471314451707
hit_20: 0.547340232389252
ap: 0.17845460772514343
########## best_metrics ##########
ndcg_1: 0.08224400871459694
ndcg_5: 0.1706191748380661
ndcg_10: 0.21234500408172607
ndcg_20: 0.255231112241745
hit_1: 0.08224400871459694
hit_5: 0.25875998547567175
hit_10: 0.3923384168482208
hit_20: 0.5603667392883079
ap: 0.18178482353687286
no increase in recent 3 iters
this epoch costs 378.62178015708923 s
#########################################################
################## epoch 39 ###########################
loss: 801.7465, len_train_loader:196
modified_target in every batch:0.0
modified_hist in every batch :510.2653
########## current_metrics ##########
ndcg_1: 0.077659767610748
ndcg_5: 0.16382746398448944
ndcg_10: 0.20442141592502594
ndcg_20: 0.2450956404209137
hit_1: 0.077659767610748
hit_5: 0.2486837327523602
hit_10: 0.3748184458968773
hit_20: 0.5365377632534495
ap: 0.17533254623413086
########## best_metrics ##########
ndcg_1: 0.08224400871459694
ndcg_5: 0.1706191748380661
ndcg_10: 0.21234500408172607
ndcg_20: 0.255231112241745
hit_1: 0.08224400871459694
hit_5: 0.25875998547567175
hit_10: 0.3923384168482208
hit_20: 0.5603667392883079
ap: 0.18178482353687286
no increase in recent 4 iters
this epoch costs 403.83227157592773 s
#########################################################
################## epoch 40 ###########################
loss: 778.2935, len_train_loader:196
modified_target in every batch:0.0
modified_hist in every batch :510.1224
########## current_metrics ##########
ndcg_1: 0.07693355119825708
ndcg_5: 0.1648557037115097
ndcg_10: 0.20468604564666748
ndcg_20: 0.24565212428569794
hit_1: 0.07693355119825708
hit_5: 0.25181554103122733
hit_10: 0.37590777051561364
hit_20: 0.538897966594045
ap: 0.17522519826889038
########## best_metrics ##########
ndcg_1: 0.08224400871459694
ndcg_5: 0.1706191748380661
ndcg_10: 0.21234500408172607
ndcg_20: 0.255231112241745
hit_1: 0.08224400871459694
hit_5: 0.25875998547567175
hit_10: 0.3923384168482208
hit_20: 0.5603667392883079
ap: 0.18178482353687286
no increase in recent 5 iters
this epoch costs 317.6080687046051 s
#########################################################
################## epoch 41 ###########################
loss: 772.3593, len_train_loader:196
modified_target in every batch:0.0
modified_hist in every batch :509.4847
########## current_metrics ##########
ndcg_1: 0.07679738562091504
ndcg_5: 0.161508247256279
ndcg_10: 0.2009848654270172
ndcg_20: 0.24215589463710785
hit_1: 0.07679738562091504
hit_5: 0.24487109658678285
hit_10: 0.36764705882352944
hit_20: 0.5310911401597677
ap: 0.1733434796333313
########## best_metrics ##########
ndcg_1: 0.08224400871459694
ndcg_5: 0.1706191748380661
ndcg_10: 0.21234500408172607
ndcg_20: 0.255231112241745
hit_1: 0.08224400871459694
hit_5: 0.25875998547567175
hit_10: 0.3923384168482208
hit_20: 0.5603667392883079
ap: 0.18178482353687286
no increase in recent 6 iters
this epoch costs 236.0335304737091 s
#########################################################
################## epoch 42 ###########################
loss: 769.9158, len_train_loader:196
modified_target in every batch:0.0
modified_hist in every batch :509.0204
########## current_metrics ##########
ndcg_1: 0.07784132171387073
ndcg_5: 0.16481168568134308
ndcg_10: 0.20579108595848083
ndcg_20: 0.24641451239585876
hit_1: 0.07784132171387073
hit_5: 0.24981844589687727
hit_10: 0.37699709513435004
hit_20: 0.5380355846042121
ap: 0.1764402538537979
########## best_metrics ##########
ndcg_1: 0.08224400871459694
ndcg_5: 0.1706191748380661
ndcg_10: 0.21234500408172607
ndcg_20: 0.255231112241745
hit_1: 0.08224400871459694
hit_5: 0.25875998547567175
hit_10: 0.3923384168482208
hit_20: 0.5603667392883079
ap: 0.18178482353687286
no increase in recent 7 iters
this epoch costs 373.08211946487427 s
#########################################################
################## epoch 43 ###########################
loss: 767.353, len_train_loader:196
modified_target in every batch:0.0
modified_hist in every batch :510.5663
########## current_metrics ##########
ndcg_1: 0.0805646332607117
ndcg_5: 0.1672256737947464
ndcg_10: 0.20652945339679718
ndcg_20: 0.24625693261623383
hit_1: 0.0805646332607117
hit_5: 0.2517701525054466
hit_10: 0.37409222948438636
hit_20: 0.5320896877269427
ap: 0.1782170534133911
########## best_metrics ##########
ndcg_1: 0.08224400871459694
ndcg_5: 0.1706191748380661
ndcg_10: 0.21234500408172607
ndcg_20: 0.255231112241745
hit_1: 0.08224400871459694
hit_5: 0.25875998547567175
hit_10: 0.3923384168482208
hit_20: 0.5603667392883079
ap: 0.18178482353687286
no increase in recent 8 iters
this epoch costs 343.9762625694275 s
#########################################################
################## epoch 44 ###########################
loss: 765.8228, len_train_loader:196
modified_target in every batch:0.0
modified_hist in every batch :510.1582
########## current_metrics ##########
ndcg_1: 0.08424110384894698
ndcg_5: 0.16883836686611176
ndcg_10: 0.20855526626110077
ndcg_20: 0.25069087743759155
hit_1: 0.08424110384894698
hit_5: 0.25195170660856936
hit_10: 0.3754992737835875
hit_20: 0.5429375453885258
ap: 0.1808486133813858
########## best_metrics ##########
ndcg_1: 0.08424110384894698
ndcg_5: 0.1706191748380661
ndcg_10: 0.21234500408172607
ndcg_20: 0.255231112241745
hit_1: 0.08424110384894698
hit_5: 0.25875998547567175
hit_10: 0.3923384168482208
hit_20: 0.5603667392883079
ap: 0.18178482353687286
no increase in recent 0 iters
this epoch costs 314.3183355331421 s
#########################################################
################## epoch 45 ###########################
loss: 762.3918, len_train_loader:196
modified_target in every batch:0.0
modified_hist in every batch :511.1735
########## current_metrics ##########
ndcg_1: 0.07693355119825708
ndcg_5: 0.16264410316944122
ndcg_10: 0.2026854306459427
ndcg_20: 0.24269750714302063
hit_1: 0.07693355119825708
hit_5: 0.24614197530864199
hit_10: 0.37050653594771243
hit_20: 0.5294117647058824
ap: 0.17423494160175323
########## best_metrics ##########
ndcg_1: 0.08424110384894698
ndcg_5: 0.1706191748380661
ndcg_10: 0.21234500408172607
ndcg_20: 0.255231112241745
hit_1: 0.08424110384894698
hit_5: 0.25875998547567175
hit_10: 0.3923384168482208
hit_20: 0.5603667392883079
ap: 0.18178482353687286
no increase in recent 1 iters
this epoch costs 244.9480164051056 s
#########################################################
################## epoch 46 ###########################
loss: 756.6163, len_train_loader:196
modified_target in every batch:0.0
modified_hist in every batch :507.9796
########## current_metrics ##########
ndcg_1: 0.08042846768336964
ndcg_5: 0.16646450757980347
ndcg_10: 0.2040121853351593
ndcg_20: 0.24457715451717377
hit_1: 0.08042846768336964
hit_5: 0.25054466230936817
hit_10: 0.36732933914306465
hit_20: 0.5286401597676107
ap: 0.17710690200328827
########## best_metrics ##########
ndcg_1: 0.08424110384894698
ndcg_5: 0.1706191748380661
ndcg_10: 0.21234500408172607
ndcg_20: 0.255231112241745
hit_1: 0.08424110384894698
hit_5: 0.25875998547567175
hit_10: 0.3923384168482208
hit_20: 0.5603667392883079
ap: 0.18178482353687286
no increase in recent 2 iters
this epoch costs 319.83113622665405 s
#########################################################
################## epoch 47 ###########################
loss: 757.5995, len_train_loader:196
modified_target in every batch:0.0
modified_hist in every batch :511.2653
########## current_metrics ##########
ndcg_1: 0.07965686274509803
ndcg_5: 0.16481611132621765
ndcg_10: 0.2038554549217224
ndcg_20: 0.24504147469997406
hit_1: 0.07965686274509803
hit_5: 0.2474128540305011
hit_10: 0.36878177196804646
hit_20: 0.5324074074074074
ap: 0.17650814354419708
########## best_metrics ##########
ndcg_1: 0.08424110384894698
ndcg_5: 0.1706191748380661
ndcg_10: 0.21234500408172607
ndcg_20: 0.255231112241745
hit_1: 0.08424110384894698
hit_5: 0.25875998547567175
hit_10: 0.3923384168482208
hit_20: 0.5603667392883079
ap: 0.18178482353687286
no increase in recent 3 iters
this epoch costs 396.2202727794647 s
#########################################################
################## epoch 48 ###########################
loss: 756.1509, len_train_loader:196
modified_target in every batch:0.0
modified_hist in every batch :510.7653
########## current_metrics ##########
ndcg_1: 0.08156318082788672
ndcg_5: 0.16548430919647217
ndcg_10: 0.20414263010025024
ndcg_20: 0.24459734559059143
hit_1: 0.08156318082788672
hit_5: 0.24759440813362382
hit_10: 0.3677378358750908
hit_20: 0.5287309368191722
ap: 0.17706909775733948
########## best_metrics ##########
ndcg_1: 0.08424110384894698
ndcg_5: 0.1706191748380661
ndcg_10: 0.21234500408172607
ndcg_20: 0.255231112241745
hit_1: 0.08424110384894698
hit_5: 0.25875998547567175
hit_10: 0.3923384168482208
hit_20: 0.5603667392883079
ap: 0.18178482353687286
no increase in recent 4 iters
this epoch costs 500.997111082077 s
#########################################################
################## epoch 49 ###########################
loss: 755.1212, len_train_loader:196
modified_target in every batch:0.0
modified_hist in every batch :508.3061
########## current_metrics ##########
ndcg_1: 0.08015613652868554
ndcg_5: 0.16742216050624847
ndcg_10: 0.20788611471652985
ndcg_20: 0.2498811036348343
hit_1: 0.08015613652868554
hit_5: 0.2526779230210603
hit_10: 0.3784495279593319
hit_20: 0.5453885257806826
ap: 0.17883947491645813
########## best_metrics ##########
ndcg_1: 0.08424110384894698
ndcg_5: 0.1706191748380661
ndcg_10: 0.21234500408172607
ndcg_20: 0.255231112241745
hit_1: 0.08424110384894698
hit_5: 0.25875998547567175
hit_10: 0.3923384168482208
hit_20: 0.5603667392883079
ap: 0.18178482353687286
no increase in recent 5 iters
this epoch costs 281.96627378463745 s
#########################################################
################## epoch 50 ###########################
loss: 749.8699, len_train_loader:196
modified_target in every batch:0.0
modified_hist in every batch :509.7755
########## current_metrics ##########
ndcg_1: 0.07920297748729122
ndcg_5: 0.16395631432533264
ndcg_10: 0.20277398824691772
ndcg_20: 0.24412088096141815
hit_1: 0.07920297748729122
hit_5: 0.24704974582425562
hit_10: 0.3679193899782135
hit_20: 0.5323166303558461
ap: 0.1754961907863617
########## best_metrics ##########
ndcg_1: 0.08424110384894698
ndcg_5: 0.1706191748380661
ndcg_10: 0.21234500408172607
ndcg_20: 0.255231112241745
hit_1: 0.08424110384894698
hit_5: 0.25875998547567175
hit_10: 0.3923384168482208
hit_20: 0.5603667392883079
ap: 0.18178482353687286
no increase in recent 6 iters
this epoch costs 264.1278703212738 s
#########################################################
################## epoch 51 ###########################
loss: 726.0026, len_train_loader:196
modified_target in every batch:0.0
modified_hist in every batch :509.9694
########## current_metrics ##########
ndcg_1: 0.08065541031227305
ndcg_5: 0.1659676730632782
ndcg_10: 0.20392709970474243
ndcg_20: 0.2440342754125595
hit_1: 0.08065541031227305
hit_5: 0.24927378358750907
hit_10: 0.3671023965141612
hit_20: 0.5264161220043573
ap: 0.17688041925430298
########## best_metrics ##########
ndcg_1: 0.08424110384894698
ndcg_5: 0.1706191748380661
ndcg_10: 0.21234500408172607
ndcg_20: 0.255231112241745
hit_1: 0.08424110384894698
hit_5: 0.25875998547567175
hit_10: 0.3923384168482208
hit_20: 0.5603667392883079
ap: 0.18178482353687286
no increase in recent 7 iters
this epoch costs 359.13423252105713 s
#########################################################
################## epoch 52 ###########################
loss: 718.5375, len_train_loader:196
modified_target in every batch:0.0
modified_hist in every batch :509.2449
########## current_metrics ##########
ndcg_1: 0.08169934640522876
ndcg_5: 0.16713738441467285
ndcg_10: 0.20586812496185303
ndcg_20: 0.24620985984802246
hit_1: 0.08169934640522876
hit_5: 0.2515885984023239
hit_10: 0.3723220769789397
hit_20: 0.5328159041394336
ap: 0.17792247235774994
########## best_metrics ##########
ndcg_1: 0.08424110384894698
ndcg_5: 0.1706191748380661
ndcg_10: 0.21234500408172607
ndcg_20: 0.255231112241745
hit_1: 0.08424110384894698
hit_5: 0.25875998547567175
hit_10: 0.3923384168482208
hit_20: 0.5603667392883079
ap: 0.18178482353687286
no increase in recent 8 iters
this epoch costs 283.08153343200684 s
#########################################################
################## epoch 53 ###########################
loss: 719.19, len_train_loader:196
modified_target in every batch:0.0
modified_hist in every batch :507.2857
########## current_metrics ##########
ndcg_1: 0.08011074800290487
ndcg_5: 0.16542282700538635
ndcg_10: 0.20430044829845428
ndcg_20: 0.24552859365940094
hit_1: 0.08011074800290487
hit_5: 0.24927378358750907
hit_10: 0.3699618736383442
hit_20: 0.5339506172839507
ap: 0.17670030891895294
########## best_metrics ##########
ndcg_1: 0.08424110384894698
ndcg_5: 0.1706191748380661
ndcg_10: 0.21234500408172607
ndcg_20: 0.255231112241745
hit_1: 0.08424110384894698
hit_5: 0.25875998547567175
hit_10: 0.3923384168482208
hit_20: 0.5603667392883079
ap: 0.18178482353687286
no increase in recent 9 iters
this epoch costs 365.48495149612427 s
#########################################################
################## epoch 54 ###########################
loss: 719.2539, len_train_loader:196
modified_target in every batch:0.0
modified_hist in every batch :508.8929
########## current_metrics ##########
ndcg_1: 0.07738743645606391
ndcg_5: 0.16213271021842957
ndcg_10: 0.20189157128334045
ndcg_20: 0.2425154745578766
hit_1: 0.07738743645606391
hit_5: 0.24468954248366012
hit_10: 0.36796477850399417
hit_20: 0.5296840958605664
ap: 0.17416924238204956
########## best_metrics ##########
ndcg_1: 0.08424110384894698
ndcg_5: 0.1706191748380661
ndcg_10: 0.21234500408172607
ndcg_20: 0.255231112241745
hit_1: 0.08424110384894698
hit_5: 0.25875998547567175
hit_10: 0.3923384168482208
hit_20: 0.5603667392883079
ap: 0.18178482353687286
no increase in recent 10 iters
this epoch costs 262.8891005516052 s
#########################################################
################## epoch 55 ###########################
loss: 721.127, len_train_loader:196
modified_target in every batch:0.0
modified_hist in every batch :508.051
########## current_metrics ##########
ndcg_1: 0.07729665940450255
ndcg_5: 0.1628531813621521
ndcg_10: 0.20140960812568665
ndcg_20: 0.24267947673797607
hit_1: 0.07729665940450255
hit_5: 0.24691358024691357
hit_10: 0.36673928830791575
hit_20: 0.5306372549019608
ap: 0.17406301200389862
########## best_metrics ##########
ndcg_1: 0.08424110384894698
ndcg_5: 0.1706191748380661
ndcg_10: 0.21234500408172607
ndcg_20: 0.255231112241745
hit_1: 0.08424110384894698
hit_5: 0.25875998547567175
hit_10: 0.3923384168482208
hit_20: 0.5603667392883079
ap: 0.18178482353687286
no increase in recent 11 iters
this epoch costs 310.3301410675049 s
#########################################################
################## epoch 56 ###########################
loss: 720.4837, len_train_loader:196
modified_target in every batch:0.0
modified_hist in every batch :511.0204
########## current_metrics ##########
ndcg_1: 0.0789760348583878
ndcg_5: 0.1614164561033249
ndcg_10: 0.20171718299388885
ndcg_20: 0.24234655499458313
hit_1: 0.0789760348583878
hit_5: 0.2418754538852578
hit_10: 0.3668300653594771
hit_20: 0.5282316630355846
ap: 0.17442026734352112
########## best_metrics ##########
ndcg_1: 0.08424110384894698
ndcg_5: 0.1706191748380661
ndcg_10: 0.21234500408172607
ndcg_20: 0.255231112241745
hit_1: 0.08424110384894698
hit_5: 0.25875998547567175
hit_10: 0.3923384168482208
hit_20: 0.5603667392883079
ap: 0.18178482353687286
no increase in recent 12 iters
this epoch costs 303.6878752708435 s
#########################################################
################## epoch 57 ###########################
loss: 716.4385, len_train_loader:196
modified_target in every batch:0.0
modified_hist in every batch :508.3673
########## current_metrics ##########
ndcg_1: 0.0763435003631082
ndcg_5: 0.15867385268211365
ndcg_10: 0.19704830646514893
ndcg_20: 0.2370496690273285
hit_1: 0.0763435003631082
hit_5: 0.2397875816993464
hit_10: 0.3590686274509804
hit_20: 0.5181100217864923
ap: 0.17062382400035858
########## best_metrics ##########
ndcg_1: 0.08424110384894698
ndcg_5: 0.1706191748380661
ndcg_10: 0.21234500408172607
ndcg_20: 0.255231112241745
hit_1: 0.08424110384894698
hit_5: 0.25875998547567175
hit_10: 0.3923384168482208
hit_20: 0.5603667392883079
ap: 0.18178482353687286
no increase in recent 13 iters
this epoch costs 332.08832025527954 s
#########################################################
################## epoch 58 ###########################
loss: 717.9709, len_train_loader:196
modified_target in every batch:0.0
modified_hist in every batch :509.4031
########## current_metrics ##########
ndcg_1: 0.07448257080610021
ndcg_5: 0.15585283935070038
ndcg_10: 0.19313237071037292
ndcg_20: 0.23368465900421143
hit_1: 0.07448257080610021
hit_5: 0.23552106027596223
hit_10: 0.35135257806826437
hit_20: 0.5125726216412491
ap: 0.16792082786560059
########## best_metrics ##########
ndcg_1: 0.08424110384894698
ndcg_5: 0.1706191748380661
ndcg_10: 0.21234500408172607
ndcg_20: 0.255231112241745
hit_1: 0.08424110384894698
hit_5: 0.25875998547567175
hit_10: 0.3923384168482208
hit_20: 0.5603667392883079
ap: 0.18178482353687286
no increase in recent 14 iters
this epoch costs 282.5200912952423 s
#########################################################
################## epoch 59 ###########################
loss: 713.9741, len_train_loader:196
modified_target in every batch:0.0
modified_hist in every batch :511.1582
########## current_metrics ##########
ndcg_1: 0.07697893972403776
ndcg_5: 0.15757423639297485
ndcg_10: 0.19650454819202423
ndcg_20: 0.23789747059345245
hit_1: 0.07697893972403776
hit_5: 0.2366557734204793
hit_10: 0.35770697167755994
hit_20: 0.5221949891067538
ap: 0.17062972486019135
########## best_metrics ##########
ndcg_1: 0.08424110384894698
ndcg_5: 0.1706191748380661
ndcg_10: 0.21234500408172607
ndcg_20: 0.255231112241745
hit_1: 0.08424110384894698
hit_5: 0.25875998547567175
hit_10: 0.3923384168482208
hit_20: 0.5603667392883079
ap: 0.18178482353687286
no increase in recent 15 iters
this epoch costs 492.53479051589966 s
#########################################################
################## epoch 60 ###########################
loss: 712.6779, len_train_loader:196
modified_target in every batch:0.0
modified_hist in every batch :510.7296
########## current_metrics ##########
ndcg_1: 0.07929375453885258
ndcg_5: 0.16349466145038605
ndcg_10: 0.20378422737121582
ndcg_20: 0.24317306280136108
hit_1: 0.07929375453885258
hit_5: 0.24568809005083514
hit_10: 0.3708696441539579
hit_20: 0.5273238925199709
ap: 0.17558082938194275
########## best_metrics ##########
ndcg_1: 0.08424110384894698
ndcg_5: 0.1706191748380661
ndcg_10: 0.21234500408172607
ndcg_20: 0.255231112241745
hit_1: 0.08424110384894698
hit_5: 0.25875998547567175
hit_10: 0.3923384168482208
hit_20: 0.5603667392883079
ap: 0.18178482353687286
no increase in recent 16 iters
this epoch costs 276.0758092403412 s
#########################################################
################## epoch 61 ###########################
loss: 710.5398, len_train_loader:196
modified_target in every batch:0.0
modified_hist in every batch :509.4745
########## current_metrics ##########
ndcg_1: 0.08197167755991286
ndcg_5: 0.16268974542617798
ndcg_10: 0.20146246254444122
ndcg_20: 0.2424558699131012
hit_1: 0.08197167755991286
hit_5: 0.24142156862745098
hit_10: 0.36197349310094407
hit_20: 0.5252360203340596
ap: 0.17553915083408356
########## best_metrics ##########
ndcg_1: 0.08424110384894698
ndcg_5: 0.1706191748380661
ndcg_10: 0.21234500408172607
ndcg_20: 0.255231112241745
hit_1: 0.08424110384894698
hit_5: 0.25875998547567175
hit_10: 0.3923384168482208
hit_20: 0.5603667392883079
ap: 0.18178482353687286
no increase in recent 17 iters
this epoch costs 335.4909529685974 s
#########################################################
################## epoch 62 ###########################
loss: 690.4337, len_train_loader:196
modified_target in every batch:0.0
modified_hist in every batch :509.0765
########## current_metrics ##########
ndcg_1: 0.07788671023965142
ndcg_5: 0.15705829858779907
ndcg_10: 0.1960565596818924
ndcg_20: 0.23718585073947906
hit_1: 0.07788671023965142
hit_5: 0.2350671750181554
hit_10: 0.3562091503267974
hit_20: 0.5197440087145969
ap: 0.17059190571308136
########## best_metrics ##########
ndcg_1: 0.08424110384894698
ndcg_5: 0.1706191748380661
ndcg_10: 0.21234500408172607
ndcg_20: 0.255231112241745
hit_1: 0.08424110384894698
hit_5: 0.25875998547567175
hit_10: 0.3923384168482208
hit_20: 0.5603667392883079
ap: 0.18178482353687286
no increase in recent 18 iters
this epoch costs 300.7559359073639 s
#########################################################
################## epoch 63 ###########################
loss: 689.1537, len_train_loader:196
modified_target in every batch:0.0
modified_hist in every batch :508.6888
########## current_metrics ##########
ndcg_1: 0.0800199709513435
ndcg_5: 0.16499920189380646
ndcg_10: 0.2043844610452652
ndcg_20: 0.24493727087974548
hit_1: 0.0800199709513435
hit_5: 0.24800290486564996
hit_10: 0.3705973129992738
hit_20: 0.5316358024691358
ap: 0.17660345137119293
########## best_metrics ##########
ndcg_1: 0.08424110384894698
ndcg_5: 0.1706191748380661
ndcg_10: 0.21234500408172607
ndcg_20: 0.255231112241745
hit_1: 0.08424110384894698
hit_5: 0.25875998547567175
hit_10: 0.3923384168482208
hit_20: 0.5603667392883079
ap: 0.18178482353687286
no increase in recent 19 iters
this epoch costs 323.63804507255554 s
#########################################################
################## epoch 64 ###########################
loss: 686.0826, len_train_loader:196
modified_target in every batch:0.0
modified_hist in every batch :509.6122
########## current_metrics ##########
ndcg_1: 0.07947530864197531
ndcg_5: 0.1624884456396103
ndcg_10: 0.2017257809638977
ndcg_20: 0.24336540699005127
hit_1: 0.07947530864197531
hit_5: 0.24482570806100218
hit_10: 0.3669208424110385
hit_20: 0.5325889615105301
ap: 0.1745852530002594
########## best_metrics ##########
ndcg_1: 0.08424110384894698
ndcg_5: 0.1706191748380661
ndcg_10: 0.21234500408172607
ndcg_20: 0.255231112241745
hit_1: 0.08424110384894698
hit_5: 0.25875998547567175
hit_10: 0.3923384168482208
hit_20: 0.5603667392883079
ap: 0.18178482353687286
no increase in recent 20 iters
this epoch costs 299.614422082901 s
#########################################################
################## epoch 65 ###########################
loss: 688.7835, len_train_loader:196
modified_target in every batch:0.0
modified_hist in every batch :508.3214
########## current_metrics ##########
ndcg_1: 0.07779593318809006
ndcg_5: 0.16158847510814667
ndcg_10: 0.20090338587760925
ndcg_20: 0.24127815663814545
hit_1: 0.07779593318809006
hit_5: 0.2445079883805374
hit_10: 0.3667846768336964
hit_20: 0.5272331154684096
ap: 0.17318427562713623
########## best_metrics ##########
ndcg_1: 0.08424110384894698
ndcg_5: 0.1706191748380661
ndcg_10: 0.21234500408172607
ndcg_20: 0.255231112241745
hit_1: 0.08424110384894698
hit_5: 0.25875998547567175
hit_10: 0.3923384168482208
hit_20: 0.5603667392883079
ap: 0.18178482353687286
no increase in recent 21 iters
this epoch costs 324.86902618408203 s
#########################################################
################## epoch 66 ###########################
loss: 688.2132, len_train_loader:196
modified_target in every batch:0.0
modified_hist in every batch :508.5051
########## current_metrics ##########
ndcg_1: 0.0763888888888889
ndcg_5: 0.15624192357063293
ndcg_10: 0.19474749267101288
ndcg_20: 0.23403558135032654
hit_1: 0.0763888888888889
hit_5: 0.2355664488017429
hit_10: 0.3553921568627451
hit_20: 0.5114832970225127
ap: 0.1687675416469574
########## best_metrics ##########
ndcg_1: 0.08424110384894698
ndcg_5: 0.1706191748380661
ndcg_10: 0.21234500408172607
ndcg_20: 0.255231112241745
hit_1: 0.08424110384894698
hit_5: 0.25875998547567175
hit_10: 0.3923384168482208
hit_20: 0.5603667392883079
ap: 0.18178482353687286
no increase in recent 22 iters
this epoch costs 377.0840268135071 s
#########################################################
################## epoch 67 ###########################
loss: 688.82, len_train_loader:196
modified_target in every batch:0.0
modified_hist in every batch :509.699
########## current_metrics ##########
ndcg_1: 0.07666122004357298
ndcg_5: 0.157554030418396
ndcg_10: 0.19612590968608856
ndcg_20: 0.23585297167301178
hit_1: 0.07666122004357298
hit_5: 0.23729121278140886
hit_10: 0.35725308641975306
hit_20: 0.5153867102396514
ap: 0.17001651227474213
########## best_metrics ##########
ndcg_1: 0.08424110384894698
ndcg_5: 0.1706191748380661
ndcg_10: 0.21234500408172607
ndcg_20: 0.255231112241745
hit_1: 0.08424110384894698
hit_5: 0.25875998547567175
hit_10: 0.3923384168482208
hit_20: 0.5603667392883079
ap: 0.18178482353687286
no increase in recent 23 iters
this epoch costs 452.5249619483948 s
#########################################################
################## epoch 68 ###########################
loss: 685.5996, len_train_loader:196
modified_target in every batch:0.0
modified_hist in every batch :510.0
########## current_metrics ##########
ndcg_1: 0.07893064633260712
ndcg_5: 0.162198007106781
ndcg_10: 0.201242133975029
ndcg_20: 0.24082262814044952
hit_1: 0.07893064633260712
hit_5: 0.2444625998547567
hit_10: 0.36596768336964414
hit_20: 0.5234658678286129
ap: 0.17374666035175323
########## best_metrics ##########
ndcg_1: 0.08424110384894698
ndcg_5: 0.1706191748380661
ndcg_10: 0.21234500408172607
ndcg_20: 0.255231112241745
hit_1: 0.08424110384894698
hit_5: 0.25875998547567175
hit_10: 0.3923384168482208
hit_20: 0.5603667392883079
ap: 0.18178482353687286
no increase in recent 24 iters
this epoch costs 243.4238519668579 s
#########################################################
################## epoch 69 ###########################
loss: 686.3652, len_train_loader:196
modified_target in every batch:0.0
modified_hist in every batch :511.4592
########## current_metrics ##########
ndcg_1: 0.0797476397966594
ndcg_5: 0.16178205609321594
ndcg_10: 0.20095807313919067
ndcg_20: 0.2413376122713089
hit_1: 0.0797476397966594
hit_5: 0.2421023965141612
hit_10: 0.36415214233841686
hit_20: 0.5246459694989106
ap: 0.17418920993804932
########## best_metrics ##########
ndcg_1: 0.08424110384894698
ndcg_5: 0.1706191748380661
ndcg_10: 0.21234500408172607
ndcg_20: 0.255231112241745
hit_1: 0.08424110384894698
hit_5: 0.25875998547567175
hit_10: 0.3923384168482208
hit_20: 0.5603667392883079
ap: 0.18178482353687286
no increase in recent 25 iters
this epoch costs 287.3001797199249 s
#########################################################
################## epoch 70 ###########################
loss: 686.9993, len_train_loader:196
modified_target in every batch:0.0
modified_hist in every batch :511.2143
########## current_metrics ##########
ndcg_1: 0.07797748729121279
ndcg_5: 0.16322270035743713
ndcg_10: 0.20259757339954376
ndcg_20: 0.2428692877292633
hit_1: 0.07797748729121279
hit_5: 0.24568809005083514
hit_10: 0.36796477850399417
hit_20: 0.5278231663035584
ap: 0.17502492666244507
########## best_metrics ##########
ndcg_1: 0.08424110384894698
ndcg_5: 0.1706191748380661
ndcg_10: 0.21234500408172607
ndcg_20: 0.255231112241745
hit_1: 0.08424110384894698
hit_5: 0.25875998547567175
hit_10: 0.3923384168482208
hit_20: 0.5603667392883079
ap: 0.18178482353687286
no increase in recent 26 iters
this epoch costs 390.90451669692993 s
#########################################################
################## epoch 71 ###########################
loss: 685.4153, len_train_loader:196
modified_target in every batch:0.0
modified_hist in every batch :508.8112
########## current_metrics ##########
ndcg_1: 0.07915758896151052
ndcg_5: 0.16029143333435059
ndcg_10: 0.19723550975322723
ndcg_20: 0.2360222339630127
hit_1: 0.07915758896151052
hit_5: 0.2406045751633987
hit_10: 0.3556190994916485
hit_20: 0.5098493100944081
ap: 0.1717309206724167
########## best_metrics ##########
ndcg_1: 0.08424110384894698
ndcg_5: 0.1706191748380661
ndcg_10: 0.21234500408172607
ndcg_20: 0.255231112241745
hit_1: 0.08424110384894698
hit_5: 0.25875998547567175
hit_10: 0.3923384168482208
hit_20: 0.5603667392883079
ap: 0.18178482353687286
no increase in recent 27 iters
this epoch costs 329.52292132377625 s
#########################################################
################## epoch 72 ###########################
loss: 684.3349, len_train_loader:196
modified_target in every batch:0.0
modified_hist in every batch :509.1429
########## current_metrics ##########
ndcg_1: 0.0787037037037037
ndcg_5: 0.16302858293056488
ndcg_10: 0.20086942613124847
ndcg_20: 0.2413276880979538
hit_1: 0.0787037037037037
hit_5: 0.2453249818445897
hit_10: 0.36310820624546114
hit_20: 0.5239651416122004
ap: 0.17426002025604248
########## best_metrics ##########
ndcg_1: 0.08424110384894698
ndcg_5: 0.1706191748380661
ndcg_10: 0.21234500408172607
ndcg_20: 0.255231112241745
hit_1: 0.08424110384894698
hit_5: 0.25875998547567175
hit_10: 0.3923384168482208
hit_20: 0.5603667392883079
ap: 0.18178482353687286
no increase in recent 28 iters
this epoch costs 352.4279844760895 s
#########################################################
################## epoch 73 ###########################
loss: 665.8613, len_train_loader:196
modified_target in every batch:0.0
modified_hist in every batch :509.0408
########## current_metrics ##########
ndcg_1: 0.07883986928104575
ndcg_5: 0.16008107364177704
ndcg_10: 0.19744987785816193
ndcg_20: 0.23758912086486816
hit_1: 0.07883986928104575
hit_5: 0.23915214233841686
hit_10: 0.35502904865649965
hit_20: 0.5145243282498184
ap: 0.17237800359725952
########## best_metrics ##########
ndcg_1: 0.08424110384894698
ndcg_5: 0.1706191748380661
ndcg_10: 0.21234500408172607
ndcg_20: 0.255231112241745
hit_1: 0.08424110384894698
hit_5: 0.25875998547567175
hit_10: 0.3923384168482208
hit_20: 0.5603667392883079
ap: 0.18178482353687286
no increase in recent 29 iters
this epoch costs 368.62691855430603 s
#########################################################
################## epoch 74 ###########################
loss: 661.6635, len_train_loader:196
modified_target in every batch:0.0
modified_hist in every batch :511.7602
########## current_metrics ##########
ndcg_1: 0.07539034132171388
ndcg_5: 0.1573207676410675
ndcg_10: 0.19430437684059143
ndcg_20: 0.23449894785881042
hit_1: 0.07539034132171388
hit_5: 0.23751815541031226
hit_10: 0.3523057371096587
hit_20: 0.5121187363834423
ap: 0.16923213005065918
########## best_metrics ##########
ndcg_1: 0.08424110384894698
ndcg_5: 0.1706191748380661
ndcg_10: 0.21234500408172607
ndcg_20: 0.255231112241745
hit_1: 0.08424110384894698
hit_5: 0.25875998547567175
hit_10: 0.3923384168482208
hit_20: 0.5603667392883079
ap: 0.18178482353687286
no increase in recent 30 iters
this epoch costs 260.1052417755127 s
#########################################################
################## epoch 75 ###########################
loss: 660.3019, len_train_loader:196
modified_target in every batch:0.0
modified_hist in every batch :510.0816
########## current_metrics ##########
ndcg_1: 0.07507262164124909
ndcg_5: 0.15639691054821014
ndcg_10: 0.1947246640920639
ndcg_20: 0.23437096178531647
hit_1: 0.07507262164124909
hit_5: 0.23597494553376908
hit_10: 0.35502904865649965
hit_20: 0.5126180101670298
ap: 0.16887956857681274
########## best_metrics ##########
ndcg_1: 0.08424110384894698
ndcg_5: 0.1706191748380661
ndcg_10: 0.21234500408172607
ndcg_20: 0.255231112241745
hit_1: 0.08424110384894698
hit_5: 0.25875998547567175
hit_10: 0.3923384168482208
hit_20: 0.5603667392883079
ap: 0.18178482353687286
no increase in recent 31 iters
this epoch costs 394.32480120658875 s
#########################################################
################## epoch 76 ###########################
loss: 661.9686, len_train_loader:196
modified_target in every batch:0.0
modified_hist in every batch :510.9031
########## current_metrics ##########
ndcg_1: 0.08051924473493101
ndcg_5: 0.15977519750595093
ndcg_10: 0.19798672199249268
ndcg_20: 0.23794247210025787
hit_1: 0.08051924473493101
hit_5: 0.23756354393609297
hit_10: 0.3561637618010167
hit_20: 0.5151143790849673
ap: 0.17285409569740295
########## best_metrics ##########
ndcg_1: 0.08424110384894698
ndcg_5: 0.1706191748380661
ndcg_10: 0.21234500408172607
ndcg_20: 0.255231112241745
hit_1: 0.08424110384894698
hit_5: 0.25875998547567175
hit_10: 0.3923384168482208
hit_20: 0.5603667392883079
ap: 0.18178482353687286
no increase in recent 32 iters
this epoch costs 306.46204566955566 s
#########################################################
################## epoch 77 ###########################
loss: 662.7744, len_train_loader:196
modified_target in every batch:0.0
modified_hist in every batch :509.3061
########## current_metrics ##########
ndcg_1: 0.07797748729121279
ndcg_5: 0.15868815779685974
ndcg_10: 0.1964380145072937
ndcg_20: 0.2367621809244156
hit_1: 0.07797748729121279
hit_5: 0.23810820624546114
hit_10: 0.3554375453885258
hit_20: 0.5156136528685549
ap: 0.1711016744375229
########## best_metrics ##########
ndcg_1: 0.08424110384894698
ndcg_5: 0.1706191748380661
ndcg_10: 0.21234500408172607
ndcg_20: 0.255231112241745
hit_1: 0.08424110384894698
hit_5: 0.25875998547567175
hit_10: 0.3923384168482208
hit_20: 0.5603667392883079
ap: 0.18178482353687286
no increase in recent 33 iters
this epoch costs 307.84040451049805 s
#########################################################
################## epoch 78 ###########################
loss: 662.5993, len_train_loader:196
modified_target in every batch:0.0
modified_hist in every batch :507.3622
########## current_metrics ##########
ndcg_1: 0.0805646332607117
ndcg_5: 0.16293367743492126
ndcg_10: 0.2008342146873474
ndcg_20: 0.24199062585830688
hit_1: 0.0805646332607117
hit_5: 0.2440087145969499
hit_10: 0.3620642701525055
hit_20: 0.5258260711692084
ap: 0.17479127645492554
########## best_metrics ##########
ndcg_1: 0.08424110384894698
ndcg_5: 0.1706191748380661
ndcg_10: 0.21234500408172607
ndcg_20: 0.255231112241745
hit_1: 0.08424110384894698
hit_5: 0.25875998547567175
hit_10: 0.3923384168482208
hit_20: 0.5603667392883079
ap: 0.18178482353687286
no increase in recent 34 iters
this epoch costs 304.3085825443268 s
#########################################################
################## epoch 79 ###########################
loss: 663.4651, len_train_loader:196
modified_target in every batch:0.0
modified_hist in every batch :511.199
########## current_metrics ##########
ndcg_1: 0.08061002178649238
ndcg_5: 0.1614481657743454
ndcg_10: 0.200114905834198
ndcg_20: 0.23979425430297852
hit_1: 0.08061002178649238
hit_5: 0.2403776325344953
hit_10: 0.3606118373275236
hit_20: 0.5182461873638344
ap: 0.17421527206897736
########## best_metrics ##########
ndcg_1: 0.08424110384894698
ndcg_5: 0.1706191748380661
ndcg_10: 0.21234500408172607
ndcg_20: 0.255231112241745
hit_1: 0.08424110384894698
hit_5: 0.25875998547567175
hit_10: 0.3923384168482208
hit_20: 0.5603667392883079
ap: 0.18178482353687286
no increase in recent 35 iters
this epoch costs 256.9400944709778 s
#########################################################
################## epoch 80 ###########################
loss: 661.9637, len_train_loader:196
modified_target in every batch:0.0
modified_hist in every batch :510.0051
########## current_metrics ##########
ndcg_1: 0.07902142338416848
ndcg_5: 0.1621709167957306
ndcg_10: 0.20048637688159943
ndcg_20: 0.24112775921821594
hit_1: 0.07902142338416848
hit_5: 0.24314633260711693
hit_10: 0.3625181554103123
hit_20: 0.5240105301379812
ap: 0.17411573231220245
########## best_metrics ##########
ndcg_1: 0.08424110384894698
ndcg_5: 0.1706191748380661
ndcg_10: 0.21234500408172607
ndcg_20: 0.255231112241745
hit_1: 0.08424110384894698
hit_5: 0.25875998547567175
hit_10: 0.3923384168482208
hit_20: 0.5603667392883079
ap: 0.18178482353687286
no increase in recent 36 iters
this epoch costs 369.5580551624298 s
#########################################################
################## epoch 81 ###########################
loss: 661.704, len_train_loader:196
modified_target in every batch:0.0
modified_hist in every batch :509.3929
########## current_metrics ##########
ndcg_1: 0.08079157588961511
ndcg_5: 0.16116361320018768
ndcg_10: 0.198698490858078
ndcg_20: 0.23956240713596344
hit_1: 0.08079157588961511
hit_5: 0.24078612926652143
hit_10: 0.3574346405228758
hit_20: 0.5199709513435004
ap: 0.17350053787231445
########## best_metrics ##########
ndcg_1: 0.08424110384894698
ndcg_5: 0.1706191748380661
ndcg_10: 0.21234500408172607
ndcg_20: 0.255231112241745
hit_1: 0.08424110384894698
hit_5: 0.25875998547567175
hit_10: 0.3923384168482208
hit_20: 0.5603667392883079
ap: 0.18178482353687286
no increase in recent 37 iters
this epoch costs 352.62143898010254 s
#########################################################
################## epoch 82 ###########################
loss: 660.4407, len_train_loader:196
modified_target in every batch:0.0
modified_hist in every batch :506.9847
########## current_metrics ##########
ndcg_1: 0.07865831517792302
ndcg_5: 0.1587134748697281
ndcg_10: 0.19589845836162567
ndcg_20: 0.23599347472190857
hit_1: 0.07865831517792302
hit_5: 0.2369281045751634
hit_10: 0.3527142338416848
hit_20: 0.5122095134350036
ap: 0.17118628323078156
########## best_metrics ##########
ndcg_1: 0.08424110384894698
ndcg_5: 0.1706191748380661
ndcg_10: 0.21234500408172607
ndcg_20: 0.255231112241745
hit_1: 0.08424110384894698
hit_5: 0.25875998547567175
hit_10: 0.3923384168482208
hit_20: 0.5603667392883079
ap: 0.18178482353687286
no increase in recent 38 iters
this epoch costs 304.40647983551025 s
#########################################################
################## epoch 83 ###########################
loss: 661.6641, len_train_loader:196
modified_target in every batch:0.0
modified_hist in every batch :510.1684
########## current_metrics ##########
ndcg_1: 0.08006535947712418
ndcg_5: 0.16081832349300385
ndcg_10: 0.19987918436527252
ndcg_20: 0.23993314802646637
hit_1: 0.08006535947712418
hit_5: 0.24001452432824982
hit_10: 0.36147421931735657
hit_20: 0.5205610021786492
ap: 0.17373789846897125
########## best_metrics ##########
ndcg_1: 0.08424110384894698
ndcg_5: 0.1706191748380661
ndcg_10: 0.21234500408172607
ndcg_20: 0.255231112241745
hit_1: 0.08424110384894698
hit_5: 0.25875998547567175
hit_10: 0.3923384168482208
hit_20: 0.5603667392883079
ap: 0.18178482353687286
no increase in recent 39 iters
this epoch costs 263.2994313240051 s
#########################################################
################## epoch 84 ###########################
loss: 645.0863, len_train_loader:196
modified_target in every batch:0.0
modified_hist in every batch :511.5714
########## current_metrics ##########
ndcg_1: 0.08142701525054466
ndcg_5: 0.16272340714931488
ndcg_10: 0.20272427797317505
ndcg_20: 0.2425694465637207
hit_1: 0.08142701525054466
hit_5: 0.24228395061728394
hit_10: 0.3661946259985476
hit_20: 0.5244190268700073
ap: 0.17580173909664154
########## best_metrics ##########
ndcg_1: 0.08424110384894698
ndcg_5: 0.1706191748380661
ndcg_10: 0.21234500408172607
ndcg_20: 0.255231112241745
hit_1: 0.08424110384894698
hit_5: 0.25875998547567175
hit_10: 0.3923384168482208
hit_20: 0.5603667392883079
ap: 0.18178482353687286
no increase in recent 40 iters
this epoch costs 441.3904068470001 s
#########################################################
################## epoch 85 ###########################
loss: 639.902, len_train_loader:196
modified_target in every batch:0.0
modified_hist in every batch :508.1633
########## current_metrics ##########
ndcg_1: 0.08024691358024691
ndcg_5: 0.1599636971950531
ndcg_10: 0.19881674647331238
ndcg_20: 0.2387235462665558
hit_1: 0.08024691358024691
hit_5: 0.23833514887436455
hit_10: 0.35893246187363836
hit_20: 0.5177015250544662
ap: 0.17301994562149048
########## best_metrics ##########
ndcg_1: 0.08424110384894698
ndcg_5: 0.1706191748380661
ndcg_10: 0.21234500408172607
ndcg_20: 0.255231112241745
hit_1: 0.08424110384894698
hit_5: 0.25875998547567175
hit_10: 0.3923384168482208
hit_20: 0.5603667392883079
ap: 0.18178482353687286
no increase in recent 41 iters
this epoch costs 340.9064202308655 s
#########################################################
################## epoch 86 ###########################
loss: 639.5855, len_train_loader:196
modified_target in every batch:0.0
modified_hist in every batch :509.2092
########## current_metrics ##########
ndcg_1: 0.0797476397966594
ndcg_5: 0.16064870357513428
ndcg_10: 0.19955889880657196
ndcg_20: 0.2397642284631729
hit_1: 0.0797476397966594
hit_5: 0.23946986201888162
hit_10: 0.3601579520697168
hit_20: 0.519880174291939
ap: 0.17365536093711853
########## best_metrics ##########
ndcg_1: 0.08424110384894698
ndcg_5: 0.1706191748380661
ndcg_10: 0.21234500408172607
ndcg_20: 0.255231112241745
hit_1: 0.08424110384894698
hit_5: 0.25875998547567175
hit_10: 0.3923384168482208
hit_20: 0.5603667392883079
ap: 0.18178482353687286
no increase in recent 42 iters
this epoch costs 423.2025246620178 s
#########################################################
################## epoch 87 ###########################
loss: 640.7984, len_train_loader:196
modified_target in every batch:0.0
modified_hist in every batch :507.2347
########## current_metrics ##########
ndcg_1: 0.08047385620915033
ndcg_5: 0.16204027831554413
ndcg_10: 0.19980937242507935
ndcg_20: 0.2391977161169052
hit_1: 0.08047385620915033
hit_5: 0.24160312273057372
hit_10: 0.3592047930283224
hit_20: 0.5159313725490197
ap: 0.17409561574459076
########## best_metrics ##########
ndcg_1: 0.08424110384894698
ndcg_5: 0.1706191748380661
ndcg_10: 0.21234500408172607
ndcg_20: 0.255231112241745
hit_1: 0.08424110384894698
hit_5: 0.25875998547567175
hit_10: 0.3923384168482208
hit_20: 0.5603667392883079
ap: 0.18178482353687286
no increase in recent 43 iters
this epoch costs 234.05589699745178 s
#########################################################
################## epoch 88 ###########################
loss: 639.974, len_train_loader:196
modified_target in every batch:0.0
modified_hist in every batch :511.0918
########## current_metrics ##########
ndcg_1: 0.08033769063180828
ndcg_5: 0.16032089293003082
ndcg_10: 0.19801723957061768
ndcg_20: 0.23888938128948212
hit_1: 0.08033769063180828
hit_5: 0.23887981118373275
hit_10: 0.3562545388525781
hit_20: 0.5187000726216412
ap: 0.17310236394405365
########## best_metrics ##########
ndcg_1: 0.08424110384894698
ndcg_5: 0.1706191748380661
ndcg_10: 0.21234500408172607
ndcg_20: 0.255231112241745
hit_1: 0.08424110384894698
hit_5: 0.25875998547567175
hit_10: 0.3923384168482208
hit_20: 0.5603667392883079
ap: 0.18178482353687286
no increase in recent 44 iters
this epoch costs 285.84038734436035 s
#########################################################
################## epoch 89 ###########################
loss: 642.0512, len_train_loader:196
modified_target in every batch:0.0
modified_hist in every batch :510.9235
########## current_metrics ##########
ndcg_1: 0.07970225127087872
ndcg_5: 0.16192641854286194
ndcg_10: 0.1994907259941101
ndcg_20: 0.23968732357025146
hit_1: 0.07970225127087872
hit_5: 0.2426924473493101
hit_10: 0.35947712418300654
hit_20: 0.5194262890341321
ap: 0.1736750453710556
########## best_metrics ##########
ndcg_1: 0.08424110384894698
ndcg_5: 0.1706191748380661
ndcg_10: 0.21234500408172607
ndcg_20: 0.255231112241745
hit_1: 0.08424110384894698
hit_5: 0.25875998547567175
hit_10: 0.3923384168482208
hit_20: 0.5603667392883079
ap: 0.18178482353687286
no increase in recent 45 iters
this epoch costs 265.6472375392914 s
#########################################################
################## epoch 90 ###########################
loss: 642.0949, len_train_loader:196
modified_target in every batch:0.0
modified_hist in every batch :508.1071
########## current_metrics ##########
ndcg_1: 0.07933914306463326
ndcg_5: 0.15907128155231476
ndcg_10: 0.196953684091568
ndcg_20: 0.2370152473449707
hit_1: 0.07933914306463326
hit_5: 0.23724582425562818
hit_10: 0.3550744371822803
hit_20: 0.5143881626724764
ap: 0.17182129621505737
########## best_metrics ##########
ndcg_1: 0.08424110384894698
ndcg_5: 0.1706191748380661
ndcg_10: 0.21234500408172607
ndcg_20: 0.255231112241745
hit_1: 0.08424110384894698
hit_5: 0.25875998547567175
hit_10: 0.3923384168482208
hit_20: 0.5603667392883079
ap: 0.18178482353687286
no increase in recent 46 iters
this epoch costs 360.65083837509155 s
#########################################################
################## epoch 91 ###########################
loss: 640.7833, len_train_loader:196
modified_target in every batch:0.0
modified_hist in every batch :507.7755
########## current_metrics ##########
ndcg_1: 0.0789760348583878
ndcg_5: 0.15987834334373474
ndcg_10: 0.1973688155412674
ndcg_20: 0.23671084642410278
hit_1: 0.0789760348583878
hit_5: 0.238562091503268
hit_10: 0.35502904865649965
hit_20: 0.5115740740740741
ap: 0.17218056321144104
########## best_metrics ##########
ndcg_1: 0.08424110384894698
ndcg_5: 0.1706191748380661
ndcg_10: 0.21234500408172607
ndcg_20: 0.255231112241745
hit_1: 0.08424110384894698
hit_5: 0.25875998547567175
hit_10: 0.3923384168482208
hit_20: 0.5603667392883079
ap: 0.18178482353687286
no increase in recent 47 iters
this epoch costs 294.94716477394104 s
#########################################################
################## epoch 92 ###########################
loss: 640.3207, len_train_loader:196
modified_target in every batch:0.0
modified_hist in every batch :508.4337
########## current_metrics ##########
ndcg_1: 0.07883986928104575
ndcg_5: 0.15718521177768707
ndcg_10: 0.19497135281562805
ndcg_20: 0.2351771742105484
hit_1: 0.07883986928104575
hit_5: 0.23370551924473493
hit_10: 0.3511710239651416
hit_20: 0.5108932461873639
ap: 0.17046277225017548
########## best_metrics ##########
ndcg_1: 0.08424110384894698
ndcg_5: 0.1706191748380661
ndcg_10: 0.21234500408172607
ndcg_20: 0.255231112241745
hit_1: 0.08424110384894698
hit_5: 0.25875998547567175
hit_10: 0.3923384168482208
hit_20: 0.5603667392883079
ap: 0.18178482353687286
no increase in recent 48 iters
this epoch costs 355.2548887729645 s
#########################################################
################## epoch 93 ###########################
loss: 640.9413, len_train_loader:196
modified_target in every batch:0.0
modified_hist in every batch :511.0051
########## current_metrics ##########
ndcg_1: 0.07784132171387073
ndcg_5: 0.15892216563224792
ndcg_10: 0.1960221230983734
ndcg_20: 0.23637555539608002
hit_1: 0.07784132171387073
hit_5: 0.23779048656499638
hit_10: 0.35294117647058826
hit_20: 0.5132534495279594
ap: 0.17128325998783112
########## best_metrics ##########
ndcg_1: 0.08424110384894698
ndcg_5: 0.1706191748380661
ndcg_10: 0.21234500408172607
ndcg_20: 0.255231112241745
hit_1: 0.08424110384894698
hit_5: 0.25875998547567175
hit_10: 0.3923384168482208
hit_20: 0.5603667392883079
ap: 0.18178482353687286
no increase in recent 49 iters
this epoch costs 225.76483178138733 s
#########################################################
################## epoch 94 ###########################
loss: 640.0537, len_train_loader:196
modified_target in every batch:0.0
modified_hist in every batch :510.7092
########## current_metrics ##########
ndcg_1: 0.08070079883805374
ndcg_5: 0.15925154089927673
ndcg_10: 0.19804438948631287
ndcg_20: 0.23761723935604095
hit_1: 0.08070079883805374
hit_5: 0.2374273783587509
hit_10: 0.3581154684095861
hit_20: 0.5153867102396514
ap: 0.17227785289287567
########## best_metrics ##########
ndcg_1: 0.08424110384894698
ndcg_5: 0.1706191748380661
ndcg_10: 0.21234500408172607
ndcg_20: 0.255231112241745
hit_1: 0.08424110384894698
hit_5: 0.25875998547567175
hit_10: 0.3923384168482208
hit_20: 0.5603667392883079
ap: 0.18178482353687286
no increase in recent 50 iters
this epoch costs 445.04428815841675 s
#########################################################
################## epoch 95 ###########################
loss: 624.9605, len_train_loader:196
modified_target in every batch:0.0
modified_hist in every batch :509.648
########## current_metrics ##########
ndcg_1: 0.0789760348583878
ndcg_5: 0.15735019743442535
ndcg_10: 0.19565123319625854
ndcg_20: 0.23454545438289642
hit_1: 0.0789760348583878
hit_5: 0.2342955700798838
hit_10: 0.3535766158315178
hit_20: 0.5080337690631809
ap: 0.1705404669046402
########## best_metrics ##########
ndcg_1: 0.08424110384894698
ndcg_5: 0.1706191748380661
ndcg_10: 0.21234500408172607
ndcg_20: 0.255231112241745
hit_1: 0.08424110384894698
hit_5: 0.25875998547567175
hit_10: 0.3923384168482208
hit_20: 0.5603667392883079
ap: 0.18178482353687286
early stop
this epoch costs 395.0002326965332 s
#########################################################
