nohup: ignoring input
########## DataInfo ##########
reading seq.dat
numUser:6040
numItem:3417
########## config ##########
thread_num: 4
dataset: ml1m
eval_neg_num: 100
train_neg_num: 10
input_len: 5
rec_model: SASRec
train_type: train
save_epochs: [100, 200, 300, 400]
epoch_num: 500
learning_rate: 0.001
train_batch_size: 1024
test_batch_size: 256
drop_ratio: 0.1
decay_factor: 0.9
hidden_size: 50
num_hidden_layers: 1
num_attention_heads: 2
intermediate_size: 100
hidden_act: gelu
hidden_dropout_prob: 0.1
attention_probs_dropout_prob: 0.1
type_vocab_size: 1
initializer_range: 0.1
loss_type: pairwise_sample
weight_decay: 0.01
device: cuda
max_seq_len: 5
layer_size: 1
threshold: 1
noise_ratio: 0.05
candidate_num: 4
high_loss_drop: 0.05
weight_drop: 0.5
encoder_loss: False
user_num: 6040
item_num: 3417
generating train samples
train_size: 987531, time: 4.418486595153809
abandoned 0(0.0) samples
valid user num: 6040
valid item num: 3416
generating test samples
test_size: 6040, time: 2.2372069358825684
abandoned 0(0.0) samples
------------SASREC ENCODER YES------------
============================================================
Start Training
============================================================
################## epoch 0 ###########################
loss: 914.0212, len_train_loader:965
modified_target in every batch:0.0
modified_hist in every batch :0.0
########## current_metrics ##########
ndcg_1: 0.15678807947019868
ndcg_5: tensor([0.2937], device='cuda:0')
ndcg_10: tensor([0.3447], device='cuda:0')
ndcg_20: tensor([0.3806], device='cuda:0')
hit_1: 0.15678807947019868
hit_5: 0.4251655629139073
hit_10: 0.5829470198675497
hit_20: 0.7243377483443708
ap: tensor([0.2884], device='cuda:0')
########## best_metrics ##########
ndcg_1: 0.15678807947019868
ndcg_5: tensor([0.2937], device='cuda:0')
ndcg_10: tensor([0.3447], device='cuda:0')
ndcg_20: tensor([0.3806], device='cuda:0')
hit_1: 0.15678807947019868
hit_5: 0.4251655629139073
hit_10: 0.5829470198675497
hit_20: 0.7243377483443708
ap: tensor([0.2884], device='cuda:0')
no increase in recent 0 iters
#########################################################
################## epoch 1 ###########################
loss: 518.6808, len_train_loader:965
modified_target in every batch:1.999
modified_hist in every batch :0.0
########## current_metrics ##########
ndcg_1: 0.19983443708609272
ndcg_5: tensor([0.3604], device='cuda:0')
ndcg_10: tensor([0.4051], device='cuda:0')
ndcg_20: tensor([0.4361], device='cuda:0')
hit_1: 0.19983443708609272
hit_5: 0.5076158940397351
hit_10: 0.6448675496688742
hit_20: 0.7667218543046358
ap: tensor([0.3449], device='cuda:0')
########## best_metrics ##########
ndcg_1: 0.19983443708609272
ndcg_5: tensor([0.3604], device='cuda:0')
ndcg_10: tensor([0.4051], device='cuda:0')
ndcg_20: tensor([0.4361], device='cuda:0')
hit_1: 0.19983443708609272
hit_5: 0.5076158940397351
hit_10: 0.6448675496688742
hit_20: 0.7667218543046358
ap: tensor([0.3449], device='cuda:0')
no increase in recent 0 iters
#########################################################
################## epoch 2 ###########################
loss: 451.6549, len_train_loader:965
modified_target in every batch:4.9969
modified_hist in every batch :0.0
########## current_metrics ##########
ndcg_1: 0.22119205298013245
ndcg_5: tensor([0.3843], device='cuda:0')
ndcg_10: tensor([0.4279], device='cuda:0')
ndcg_20: tensor([0.4560], device='cuda:0')
hit_1: 0.22119205298013245
hit_5: 0.5316225165562913
hit_10: 0.6655629139072847
hit_20: 0.7763245033112582
ap: tensor([0.3671], device='cuda:0')
########## best_metrics ##########
ndcg_1: 0.22119205298013245
ndcg_5: tensor([0.3843], device='cuda:0')
ndcg_10: tensor([0.4279], device='cuda:0')
ndcg_20: tensor([0.4560], device='cuda:0')
hit_1: 0.22119205298013245
hit_5: 0.5316225165562913
hit_10: 0.6655629139072847
hit_20: 0.7763245033112582
ap: tensor([0.3671], device='cuda:0')
no increase in recent 0 iters
#########################################################
################## epoch 3 ###########################
loss: 419.631, len_train_loader:965
modified_target in every batch:7.9948
modified_hist in every batch :0.0
########## current_metrics ##########
ndcg_1: 0.23609271523178807
ndcg_5: tensor([0.3993], device='cuda:0')
ndcg_10: tensor([0.4413], device='cuda:0')
ndcg_20: tensor([0.4689], device='cuda:0')
hit_1: 0.23609271523178807
hit_5: 0.5496688741721855
hit_10: 0.6788079470198676
hit_20: 0.7879139072847682
ap: tensor([0.3800], device='cuda:0')
########## best_metrics ##########
ndcg_1: 0.23609271523178807
ndcg_5: tensor([0.3993], device='cuda:0')
ndcg_10: tensor([0.4413], device='cuda:0')
ndcg_20: tensor([0.4689], device='cuda:0')
hit_1: 0.23609271523178807
hit_5: 0.5496688741721855
hit_10: 0.6788079470198676
hit_20: 0.7879139072847682
ap: tensor([0.3800], device='cuda:0')
no increase in recent 0 iters
#########################################################
################## epoch 4 ###########################
loss: 401.1074, len_train_loader:965
modified_target in every batch:9.9938
modified_hist in every batch :0.0
########## current_metrics ##########
ndcg_1: 0.2392384105960265
ndcg_5: tensor([0.4064], device='cuda:0')
ndcg_10: tensor([0.4473], device='cuda:0')
ndcg_20: tensor([0.4729], device='cuda:0')
hit_1: 0.2392384105960265
hit_5: 0.5596026490066225
hit_10: 0.6862582781456954
hit_20: 0.78658940397351
ap: tensor([0.3852], device='cuda:0')
########## best_metrics ##########
ndcg_1: 0.2392384105960265
ndcg_5: tensor([0.4064], device='cuda:0')
ndcg_10: tensor([0.4473], device='cuda:0')
ndcg_20: tensor([0.4729], device='cuda:0')
hit_1: 0.2392384105960265
hit_5: 0.5596026490066225
hit_10: 0.6862582781456954
hit_20: 0.7879139072847682
ap: tensor([0.3852], device='cuda:0')
no increase in recent 0 iters
#########################################################
################## epoch 5 ###########################
loss: 388.6021, len_train_loader:965
modified_target in every batch:12.9917
modified_hist in every batch :0.0
########## current_metrics ##########
ndcg_1: 0.24668874172185432
ndcg_5: tensor([0.4142], device='cuda:0')
ndcg_10: tensor([0.4549], device='cuda:0')
ndcg_20: tensor([0.4809], device='cuda:0')
hit_1: 0.24668874172185432
hit_5: 0.5672185430463577
hit_10: 0.6925496688741721
hit_20: 0.7955298013245033
ap: tensor([0.3928], device='cuda:0')
########## best_metrics ##########
ndcg_1: 0.24668874172185432
ndcg_5: tensor([0.4142], device='cuda:0')
ndcg_10: tensor([0.4549], device='cuda:0')
ndcg_20: tensor([0.4809], device='cuda:0')
hit_1: 0.24668874172185432
hit_5: 0.5672185430463577
hit_10: 0.6925496688741721
hit_20: 0.7955298013245033
ap: tensor([0.3928], device='cuda:0')
no increase in recent 0 iters
#########################################################
################## epoch 6 ###########################
loss: 379.7915, len_train_loader:965
modified_target in every batch:15.9896
modified_hist in every batch :0.0
########## current_metrics ##########
ndcg_1: 0.2531456953642384
ndcg_5: tensor([0.4146], device='cuda:0')
ndcg_10: tensor([0.4563], device='cuda:0')
ndcg_20: tensor([0.4819], device='cuda:0')
hit_1: 0.2531456953642384
hit_5: 0.5640728476821192
hit_10: 0.6922185430463577
hit_20: 0.7933774834437086
ap: tensor([0.3949], device='cuda:0')
########## best_metrics ##########
ndcg_1: 0.2531456953642384
ndcg_5: tensor([0.4146], device='cuda:0')
ndcg_10: tensor([0.4563], device='cuda:0')
ndcg_20: tensor([0.4819], device='cuda:0')
hit_1: 0.2531456953642384
hit_5: 0.5672185430463577
hit_10: 0.6925496688741721
hit_20: 0.7955298013245033
ap: tensor([0.3949], device='cuda:0')
no increase in recent 0 iters
#########################################################
################## epoch 7 ###########################
loss: 373.7711, len_train_loader:965
modified_target in every batch:17.9886
modified_hist in every batch :0.0
########## current_metrics ##########
ndcg_1: 0.2576158940397351
ndcg_5: tensor([0.4217], device='cuda:0')
ndcg_10: tensor([0.4630], device='cuda:0')
ndcg_20: tensor([0.4875], device='cuda:0')
hit_1: 0.2576158940397351
hit_5: 0.5708609271523178
hit_10: 0.6981788079470199
hit_20: 0.7951986754966888
ap: tensor([0.4014], device='cuda:0')
########## best_metrics ##########
ndcg_1: 0.2576158940397351
ndcg_5: tensor([0.4217], device='cuda:0')
ndcg_10: tensor([0.4630], device='cuda:0')
ndcg_20: tensor([0.4875], device='cuda:0')
hit_1: 0.2576158940397351
hit_5: 0.5708609271523178
hit_10: 0.6981788079470199
hit_20: 0.7955298013245033
ap: tensor([0.4014], device='cuda:0')
no increase in recent 0 iters
#########################################################
################## epoch 8 ###########################
loss: 368.4976, len_train_loader:965
modified_target in every batch:20.9865
modified_hist in every batch :0.0
########## current_metrics ##########
ndcg_1: 0.25629139072847684
ndcg_5: tensor([0.4214], device='cuda:0')
ndcg_10: tensor([0.4629], device='cuda:0')
ndcg_20: tensor([0.4874], device='cuda:0')
hit_1: 0.25629139072847684
hit_5: 0.5718543046357616
hit_10: 0.6996688741721855
hit_20: 0.7968543046357616
ap: tensor([0.4007], device='cuda:0')
########## best_metrics ##########
ndcg_1: 0.2576158940397351
ndcg_5: tensor([0.4217], device='cuda:0')
ndcg_10: tensor([0.4630], device='cuda:0')
ndcg_20: tensor([0.4875], device='cuda:0')
hit_1: 0.2576158940397351
hit_5: 0.5718543046357616
hit_10: 0.6996688741721855
hit_20: 0.7968543046357616
ap: tensor([0.4014], device='cuda:0')
no increase in recent 0 iters
#########################################################
################## epoch 9 ###########################
loss: 364.002, len_train_loader:965
modified_target in every batch:23.9845
modified_hist in every batch :0.0
########## current_metrics ##########
ndcg_1: 0.25794701986754964
ndcg_5: tensor([0.4220], device='cuda:0')
ndcg_10: tensor([0.4629], device='cuda:0')
ndcg_20: tensor([0.4890], device='cuda:0')
hit_1: 0.25794701986754964
hit_5: 0.5687086092715232
hit_10: 0.6943708609271523
hit_20: 0.7971854304635762
ap: tensor([0.4028], device='cuda:0')
########## best_metrics ##########
ndcg_1: 0.25794701986754964
ndcg_5: tensor([0.4220], device='cuda:0')
ndcg_10: tensor([0.4630], device='cuda:0')
ndcg_20: tensor([0.4890], device='cuda:0')
hit_1: 0.25794701986754964
hit_5: 0.5718543046357616
hit_10: 0.6996688741721855
hit_20: 0.7971854304635762
ap: tensor([0.4028], device='cuda:0')
no increase in recent 0 iters
#########################################################
################## epoch 10 ###########################
loss: 360.4135, len_train_loader:965
modified_target in every batch:25.9834
modified_hist in every batch :0.0
########## current_metrics ##########
ndcg_1: 0.2552980132450331
ndcg_5: tensor([0.4232], device='cuda:0')
ndcg_10: tensor([0.4638], device='cuda:0')
ndcg_20: tensor([0.4886], device='cuda:0')
hit_1: 0.2552980132450331
hit_5: 0.5731788079470199
hit_10: 0.6978476821192053
hit_20: 0.7956953642384106
ap: tensor([0.4025], device='cuda:0')
########## best_metrics ##########
ndcg_1: 0.25794701986754964
ndcg_5: tensor([0.4232], device='cuda:0')
ndcg_10: tensor([0.4638], device='cuda:0')
ndcg_20: tensor([0.4890], device='cuda:0')
hit_1: 0.25794701986754964
hit_5: 0.5731788079470199
hit_10: 0.6996688741721855
hit_20: 0.7971854304635762
ap: tensor([0.4028], device='cuda:0')
no increase in recent 0 iters
#########################################################
################## epoch 11 ###########################
loss: 357.6642, len_train_loader:965
modified_target in every batch:28.9813
modified_hist in every batch :0.0
########## current_metrics ##########
ndcg_1: 0.2672185430463576
ndcg_5: tensor([0.4318], device='cuda:0')
ndcg_10: tensor([0.4704], device='cuda:0')
ndcg_20: tensor([0.4953], device='cuda:0')
hit_1: 0.2672185430463576
hit_5: 0.5806291390728476
hit_10: 0.6990066225165563
hit_20: 0.7973509933774835
ap: tensor([0.4107], device='cuda:0')
########## best_metrics ##########
ndcg_1: 0.2672185430463576
ndcg_5: tensor([0.4318], device='cuda:0')
ndcg_10: tensor([0.4704], device='cuda:0')
ndcg_20: tensor([0.4953], device='cuda:0')
hit_1: 0.2672185430463576
hit_5: 0.5806291390728476
hit_10: 0.6996688741721855
hit_20: 0.7973509933774835
ap: tensor([0.4107], device='cuda:0')
no increase in recent 0 iters
#########################################################
################## epoch 12 ###########################
loss: 354.9503, len_train_loader:965
modified_target in every batch:31.9793
modified_hist in every batch :0.0
########## current_metrics ##########
ndcg_1: 0.26655629139072845
ndcg_5: tensor([0.4310], device='cuda:0')
ndcg_10: tensor([0.4712], device='cuda:0')
ndcg_20: tensor([0.4951], device='cuda:0')
hit_1: 0.26655629139072845
hit_5: 0.578476821192053
hit_10: 0.702317880794702
hit_20: 0.7961920529801324
ap: tensor([0.4107], device='cuda:0')
########## best_metrics ##########
ndcg_1: 0.2672185430463576
ndcg_5: tensor([0.4318], device='cuda:0')
ndcg_10: tensor([0.4712], device='cuda:0')
ndcg_20: tensor([0.4953], device='cuda:0')
hit_1: 0.2672185430463576
hit_5: 0.5806291390728476
hit_10: 0.702317880794702
hit_20: 0.7973509933774835
ap: tensor([0.4107], device='cuda:0')
no increase in recent 0 iters
#########################################################
################## epoch 13 ###########################
loss: 352.4712, len_train_loader:965
modified_target in every batch:34.9772
modified_hist in every batch :0.0
########## current_metrics ##########
ndcg_1: 0.26142384105960265
ndcg_5: tensor([0.4284], device='cuda:0')
ndcg_10: tensor([0.4692], device='cuda:0')
ndcg_20: tensor([0.4926], device='cuda:0')
hit_1: 0.26142384105960265
hit_5: 0.577317880794702
hit_10: 0.7026490066225165
hit_20: 0.7951986754966888
ap: tensor([0.4077], device='cuda:0')
########## best_metrics ##########
ndcg_1: 0.2672185430463576
ndcg_5: tensor([0.4318], device='cuda:0')
ndcg_10: tensor([0.4712], device='cuda:0')
ndcg_20: tensor([0.4953], device='cuda:0')
hit_1: 0.2672185430463576
hit_5: 0.5806291390728476
hit_10: 0.7026490066225165
hit_20: 0.7973509933774835
ap: tensor([0.4107], device='cuda:0')
no increase in recent 0 iters
#########################################################
################## epoch 14 ###########################
loss: 350.527, len_train_loader:965
modified_target in every batch:36.9762
modified_hist in every batch :0.0
########## current_metrics ##########
ndcg_1: 0.26490066225165565
ndcg_5: tensor([0.4295], device='cuda:0')
ndcg_10: tensor([0.4701], device='cuda:0')
ndcg_20: tensor([0.4944], device='cuda:0')
hit_1: 0.26490066225165565
hit_5: 0.5764900662251655
hit_10: 0.7013245033112583
hit_20: 0.7966887417218543
ap: tensor([0.4097], device='cuda:0')
########## best_metrics ##########
ndcg_1: 0.2672185430463576
ndcg_5: tensor([0.4318], device='cuda:0')
ndcg_10: tensor([0.4712], device='cuda:0')
ndcg_20: tensor([0.4953], device='cuda:0')
hit_1: 0.2672185430463576
hit_5: 0.5806291390728476
hit_10: 0.7026490066225165
hit_20: 0.7973509933774835
ap: tensor([0.4107], device='cuda:0')
no increase in recent 1 iters
#########################################################
################## epoch 15 ###########################
loss: 348.6333, len_train_loader:965
modified_target in every batch:39.9741
modified_hist in every batch :0.0
########## current_metrics ##########
ndcg_1: 0.2673841059602649
ndcg_5: tensor([0.4323], device='cuda:0')
ndcg_10: tensor([0.4731], device='cuda:0')
ndcg_20: tensor([0.4971], device='cuda:0')
hit_1: 0.2673841059602649
hit_5: 0.5788079470198676
hit_10: 0.7041390728476821
hit_20: 0.7985099337748345
ap: tensor([0.4125], device='cuda:0')
########## best_metrics ##########
ndcg_1: 0.2673841059602649
ndcg_5: tensor([0.4323], device='cuda:0')
ndcg_10: tensor([0.4731], device='cuda:0')
ndcg_20: tensor([0.4971], device='cuda:0')
hit_1: 0.2673841059602649
hit_5: 0.5806291390728476
hit_10: 0.7041390728476821
hit_20: 0.7985099337748345
ap: tensor([0.4125], device='cuda:0')
no increase in recent 0 iters
#########################################################
################## epoch 16 ###########################
loss: 346.6704, len_train_loader:965
modified_target in every batch:42.972
modified_hist in every batch :0.0
########## current_metrics ##########
ndcg_1: 0.2706953642384106
ndcg_5: tensor([0.4338], device='cuda:0')
ndcg_10: tensor([0.4739], device='cuda:0')
ndcg_20: tensor([0.4985], device='cuda:0')
hit_1: 0.2706953642384106
hit_5: 0.5806291390728476
hit_10: 0.703476821192053
hit_20: 0.8009933774834437
ap: tensor([0.4137], device='cuda:0')
########## best_metrics ##########
ndcg_1: 0.2706953642384106
ndcg_5: tensor([0.4338], device='cuda:0')
ndcg_10: tensor([0.4739], device='cuda:0')
ndcg_20: tensor([0.4985], device='cuda:0')
hit_1: 0.2706953642384106
hit_5: 0.5806291390728476
hit_10: 0.7041390728476821
hit_20: 0.8009933774834437
ap: tensor([0.4137], device='cuda:0')
no increase in recent 0 iters
#########################################################
################## epoch 17 ###########################
loss: 345.6065, len_train_loader:965
modified_target in every batch:44.971
modified_hist in every batch :0.0
########## current_metrics ##########
ndcg_1: 0.26672185430463574
ndcg_5: tensor([0.4296], device='cuda:0')
ndcg_10: tensor([0.4712], device='cuda:0')
ndcg_20: tensor([0.4942], device='cuda:0')
hit_1: 0.26672185430463574
hit_5: 0.5768211920529801
hit_10: 0.7044701986754967
hit_20: 0.7950331125827814
ap: tensor([0.4098], device='cuda:0')
########## best_metrics ##########
ndcg_1: 0.2706953642384106
ndcg_5: tensor([0.4338], device='cuda:0')
ndcg_10: tensor([0.4739], device='cuda:0')
ndcg_20: tensor([0.4985], device='cuda:0')
hit_1: 0.2706953642384106
hit_5: 0.5806291390728476
hit_10: 0.7044701986754967
hit_20: 0.8009933774834437
ap: tensor([0.4137], device='cuda:0')
no increase in recent 0 iters
#########################################################
################## epoch 18 ###########################
loss: 344.1349, len_train_loader:965
modified_target in every batch:47.9689
modified_hist in every batch :0.0
########## current_metrics ##########
ndcg_1: 0.26142384105960265
ndcg_5: tensor([0.4286], device='cuda:0')
ndcg_10: tensor([0.4682], device='cuda:0')
ndcg_20: tensor([0.4931], device='cuda:0')
hit_1: 0.26142384105960265
hit_5: 0.5789735099337748
hit_10: 0.7004966887417219
hit_20: 0.7990066225165563
ap: tensor([0.4073], device='cuda:0')
########## best_metrics ##########
ndcg_1: 0.2706953642384106
ndcg_5: tensor([0.4338], device='cuda:0')
ndcg_10: tensor([0.4739], device='cuda:0')
ndcg_20: tensor([0.4985], device='cuda:0')
hit_1: 0.2706953642384106
hit_5: 0.5806291390728476
hit_10: 0.7044701986754967
hit_20: 0.8009933774834437
ap: tensor([0.4137], device='cuda:0')
no increase in recent 1 iters
#########################################################
################## epoch 19 ###########################
loss: 342.2168, len_train_loader:965
modified_target in every batch:50.9668
modified_hist in every batch :0.0
########## current_metrics ##########
ndcg_1: 0.2682119205298013
ndcg_5: tensor([0.4317], device='cuda:0')
ndcg_10: tensor([0.4725], device='cuda:0')
ndcg_20: tensor([0.4967], device='cuda:0')
hit_1: 0.2682119205298013
hit_5: 0.577317880794702
hit_10: 0.7024834437086093
hit_20: 0.7973509933774835
ap: tensor([0.4123], device='cuda:0')
########## best_metrics ##########
ndcg_1: 0.2706953642384106
ndcg_5: tensor([0.4338], device='cuda:0')
ndcg_10: tensor([0.4739], device='cuda:0')
ndcg_20: tensor([0.4985], device='cuda:0')
hit_1: 0.2706953642384106
hit_5: 0.5806291390728476
hit_10: 0.7044701986754967
hit_20: 0.8009933774834437
ap: tensor([0.4137], device='cuda:0')
no increase in recent 2 iters
#########################################################
################## epoch 20 ###########################
loss: 328.3407, len_train_loader:965
modified_target in every batch:50.9668
modified_hist in every batch :466.7585
########## current_metrics ##########
ndcg_1: 0.26970198675496687
ndcg_5: tensor([0.4348], device='cuda:0')
ndcg_10: tensor([0.4747], device='cuda:0')
ndcg_20: tensor([0.4974], device='cuda:0')
hit_1: 0.26970198675496687
hit_5: 0.5829470198675497
hit_10: 0.7061258278145696
hit_20: 0.7955298013245033
ap: tensor([0.4138], device='cuda:0')
########## best_metrics ##########
ndcg_1: 0.2706953642384106
ndcg_5: tensor([0.4348], device='cuda:0')
ndcg_10: tensor([0.4747], device='cuda:0')
ndcg_20: tensor([0.4985], device='cuda:0')
hit_1: 0.2706953642384106
hit_5: 0.5829470198675497
hit_10: 0.7061258278145696
hit_20: 0.8009933774834437
ap: tensor([0.4138], device='cuda:0')
no increase in recent 0 iters
#########################################################
################## epoch 21 ###########################
loss: 328.2508, len_train_loader:965
modified_target in every batch:50.9668
modified_hist in every batch :467.171
########## current_metrics ##########
ndcg_1: 0.2670529801324503
ndcg_5: tensor([0.4312], device='cuda:0')
ndcg_10: tensor([0.4729], device='cuda:0')
ndcg_20: tensor([0.4965], device='cuda:0')
hit_1: 0.2670529801324503
hit_5: 0.5764900662251655
hit_10: 0.7048013245033112
hit_20: 0.7980132450331126
ap: tensor([0.4119], device='cuda:0')
########## best_metrics ##########
ndcg_1: 0.2706953642384106
ndcg_5: tensor([0.4348], device='cuda:0')
ndcg_10: tensor([0.4747], device='cuda:0')
ndcg_20: tensor([0.4985], device='cuda:0')
hit_1: 0.2706953642384106
hit_5: 0.5829470198675497
hit_10: 0.7061258278145696
hit_20: 0.8009933774834437
ap: tensor([0.4138], device='cuda:0')
no increase in recent 1 iters
#########################################################
################## epoch 22 ###########################
loss: 326.5836, len_train_loader:965
modified_target in every batch:50.9668
modified_hist in every batch :467.4984
########## current_metrics ##########
ndcg_1: 0.27119205298013244
ndcg_5: tensor([0.4346], device='cuda:0')
ndcg_10: tensor([0.4741], device='cuda:0')
ndcg_20: tensor([0.4980], device='cuda:0')
hit_1: 0.27119205298013244
hit_5: 0.5814569536423841
hit_10: 0.7033112582781457
hit_20: 0.7975165562913907
ap: tensor([0.4140], device='cuda:0')
########## best_metrics ##########
ndcg_1: 0.27119205298013244
ndcg_5: tensor([0.4348], device='cuda:0')
ndcg_10: tensor([0.4747], device='cuda:0')
ndcg_20: tensor([0.4985], device='cuda:0')
hit_1: 0.27119205298013244
hit_5: 0.5829470198675497
hit_10: 0.7061258278145696
hit_20: 0.8009933774834437
ap: tensor([0.4140], device='cuda:0')
no increase in recent 0 iters
#########################################################
################## epoch 23 ###########################
loss: 326.653, len_train_loader:965
modified_target in every batch:50.9668
modified_hist in every batch :467.371
########## current_metrics ##########
ndcg_1: 0.26970198675496687
ndcg_5: tensor([0.4323], device='cuda:0')
ndcg_10: tensor([0.4745], device='cuda:0')
ndcg_20: tensor([0.4973], device='cuda:0')
hit_1: 0.26970198675496687
hit_5: 0.577317880794702
hit_10: 0.7077814569536424
hit_20: 0.7975165562913907
ap: tensor([0.4131], device='cuda:0')
########## best_metrics ##########
ndcg_1: 0.27119205298013244
ndcg_5: tensor([0.4348], device='cuda:0')
ndcg_10: tensor([0.4747], device='cuda:0')
ndcg_20: tensor([0.4985], device='cuda:0')
hit_1: 0.27119205298013244
hit_5: 0.5829470198675497
hit_10: 0.7077814569536424
hit_20: 0.8009933774834437
ap: tensor([0.4140], device='cuda:0')
no increase in recent 0 iters
#########################################################
################## epoch 24 ###########################
loss: 325.7613, len_train_loader:965
modified_target in every batch:50.9668
modified_hist in every batch :468.3513
########## current_metrics ##########
ndcg_1: 0.26920529801324505
ndcg_5: tensor([0.4343], device='cuda:0')
ndcg_10: tensor([0.4734], device='cuda:0')
ndcg_20: tensor([0.4977], device='cuda:0')
hit_1: 0.26920529801324505
hit_5: 0.583112582781457
hit_10: 0.703476821192053
hit_20: 0.7985099337748345
ap: tensor([0.4132], device='cuda:0')
########## best_metrics ##########
ndcg_1: 0.27119205298013244
ndcg_5: tensor([0.4348], device='cuda:0')
ndcg_10: tensor([0.4747], device='cuda:0')
ndcg_20: tensor([0.4985], device='cuda:0')
hit_1: 0.27119205298013244
hit_5: 0.583112582781457
hit_10: 0.7077814569536424
hit_20: 0.8009933774834437
ap: tensor([0.4140], device='cuda:0')
no increase in recent 0 iters
#########################################################
################## epoch 25 ###########################
loss: 324.9209, len_train_loader:965
modified_target in every batch:50.9668
modified_hist in every batch :466.7161
########## current_metrics ##########
ndcg_1: 0.26937086092715234
ndcg_5: tensor([0.4360], device='cuda:0')
ndcg_10: tensor([0.4755], device='cuda:0')
ndcg_20: tensor([0.4992], device='cuda:0')
hit_1: 0.26937086092715234
hit_5: 0.5839403973509933
hit_10: 0.7059602649006622
hit_20: 0.7991721854304635
ap: tensor([0.4148], device='cuda:0')
########## best_metrics ##########
ndcg_1: 0.27119205298013244
ndcg_5: tensor([0.4360], device='cuda:0')
ndcg_10: tensor([0.4755], device='cuda:0')
ndcg_20: tensor([0.4992], device='cuda:0')
hit_1: 0.27119205298013244
hit_5: 0.5839403973509933
hit_10: 0.7077814569536424
hit_20: 0.8009933774834437
ap: tensor([0.4148], device='cuda:0')
no increase in recent 0 iters
#########################################################
################## epoch 26 ###########################
loss: 325.1383, len_train_loader:965
modified_target in every batch:50.9668
modified_hist in every batch :467.0269
########## current_metrics ##########
ndcg_1: 0.26970198675496687
ndcg_5: tensor([0.4341], device='cuda:0')
ndcg_10: tensor([0.4746], device='cuda:0')
ndcg_20: tensor([0.4987], device='cuda:0')
hit_1: 0.26970198675496687
hit_5: 0.5816225165562914
hit_10: 0.7054635761589404
hit_20: 0.8004966887417219
ap: tensor([0.4139], device='cuda:0')
########## best_metrics ##########
ndcg_1: 0.27119205298013244
ndcg_5: tensor([0.4360], device='cuda:0')
ndcg_10: tensor([0.4755], device='cuda:0')
ndcg_20: tensor([0.4992], device='cuda:0')
hit_1: 0.27119205298013244
hit_5: 0.5839403973509933
hit_10: 0.7077814569536424
hit_20: 0.8009933774834437
ap: tensor([0.4148], device='cuda:0')
no increase in recent 1 iters
#########################################################
################## epoch 27 ###########################
loss: 324.385, len_train_loader:965
modified_target in every batch:50.9668
modified_hist in every batch :466.8974
########## current_metrics ##########
ndcg_1: 0.27417218543046357
ndcg_5: tensor([0.4362], device='cuda:0')
ndcg_10: tensor([0.4777], device='cuda:0')
ndcg_20: tensor([0.5010], device='cuda:0')
hit_1: 0.27417218543046357
hit_5: 0.580794701986755
hit_10: 0.708112582781457
hit_20: 0.8
ap: tensor([0.4170], device='cuda:0')
########## best_metrics ##########
ndcg_1: 0.27417218543046357
ndcg_5: tensor([0.4362], device='cuda:0')
ndcg_10: tensor([0.4777], device='cuda:0')
ndcg_20: tensor([0.5010], device='cuda:0')
hit_1: 0.27417218543046357
hit_5: 0.5839403973509933
hit_10: 0.708112582781457
hit_20: 0.8009933774834437
ap: tensor([0.4170], device='cuda:0')
no increase in recent 0 iters
#########################################################
################## epoch 28 ###########################
loss: 323.6042, len_train_loader:965
modified_target in every batch:50.9668
modified_hist in every batch :466.5078
########## current_metrics ##########
ndcg_1: 0.27417218543046357
ndcg_5: tensor([0.4358], device='cuda:0')
ndcg_10: tensor([0.4781], device='cuda:0')
ndcg_20: tensor([0.5004], device='cuda:0')
hit_1: 0.27417218543046357
hit_5: 0.5811258278145696
hit_10: 0.7114238410596027
hit_20: 0.7993377483443709
ap: tensor([0.4165], device='cuda:0')
########## best_metrics ##########
ndcg_1: 0.27417218543046357
ndcg_5: tensor([0.4362], device='cuda:0')
ndcg_10: tensor([0.4781], device='cuda:0')
ndcg_20: tensor([0.5010], device='cuda:0')
hit_1: 0.27417218543046357
hit_5: 0.5839403973509933
hit_10: 0.7114238410596027
hit_20: 0.8009933774834437
ap: tensor([0.4170], device='cuda:0')
no increase in recent 0 iters
#########################################################
################## epoch 29 ###########################
loss: 323.4565, len_train_loader:965
modified_target in every batch:50.9668
modified_hist in every batch :467.3731
########## current_metrics ##########
ndcg_1: 0.2683774834437086
ndcg_5: tensor([0.4347], device='cuda:0')
ndcg_10: tensor([0.4743], device='cuda:0')
ndcg_20: tensor([0.4975], device='cuda:0')
hit_1: 0.2683774834437086
hit_5: 0.5854304635761589
hit_10: 0.7076158940397351
hit_20: 0.7993377483443709
ap: tensor([0.4127], device='cuda:0')
########## best_metrics ##########
ndcg_1: 0.27417218543046357
ndcg_5: tensor([0.4362], device='cuda:0')
ndcg_10: tensor([0.4781], device='cuda:0')
ndcg_20: tensor([0.5010], device='cuda:0')
hit_1: 0.27417218543046357
hit_5: 0.5854304635761589
hit_10: 0.7114238410596027
hit_20: 0.8009933774834437
ap: tensor([0.4170], device='cuda:0')
no increase in recent 0 iters
#########################################################
################## epoch 30 ###########################
loss: 323.4118, len_train_loader:965
modified_target in every batch:50.9668
modified_hist in every batch :466.799
########## current_metrics ##########
ndcg_1: 0.2725165562913907
ndcg_5: tensor([0.4364], device='cuda:0')
ndcg_10: tensor([0.4763], device='cuda:0')
ndcg_20: tensor([0.4999], device='cuda:0')
hit_1: 0.2725165562913907
hit_5: 0.5859271523178808
hit_10: 0.7087748344370861
hit_20: 0.8016556291390728
ap: tensor([0.4150], device='cuda:0')
########## best_metrics ##########
ndcg_1: 0.27417218543046357
ndcg_5: tensor([0.4364], device='cuda:0')
ndcg_10: tensor([0.4781], device='cuda:0')
ndcg_20: tensor([0.5010], device='cuda:0')
hit_1: 0.27417218543046357
hit_5: 0.5859271523178808
hit_10: 0.7114238410596027
hit_20: 0.8016556291390728
ap: tensor([0.4170], device='cuda:0')
no increase in recent 0 iters
#########################################################
################## epoch 31 ###########################
loss: 322.8972, len_train_loader:965
modified_target in every batch:50.9668
modified_hist in every batch :467.029
########## current_metrics ##########
ndcg_1: 0.27350993377483446
ndcg_5: tensor([0.4380], device='cuda:0')
ndcg_10: tensor([0.4770], device='cuda:0')
ndcg_20: tensor([0.5007], device='cuda:0')
hit_1: 0.27350993377483446
hit_5: 0.5860927152317881
hit_10: 0.7059602649006622
hit_20: 0.7991721854304635
ap: tensor([0.4168], device='cuda:0')
########## best_metrics ##########
ndcg_1: 0.27417218543046357
ndcg_5: tensor([0.4380], device='cuda:0')
ndcg_10: tensor([0.4781], device='cuda:0')
ndcg_20: tensor([0.5010], device='cuda:0')
hit_1: 0.27417218543046357
hit_5: 0.5860927152317881
hit_10: 0.7114238410596027
hit_20: 0.8016556291390728
ap: tensor([0.4170], device='cuda:0')
no increase in recent 0 iters
#########################################################
################## epoch 32 ###########################
loss: 322.9039, len_train_loader:965
modified_target in every batch:50.9668
modified_hist in every batch :466.2135
########## current_metrics ##########
ndcg_1: 0.27781456953642386
ndcg_5: tensor([0.4412], device='cuda:0')
ndcg_10: tensor([0.4813], device='cuda:0')
ndcg_20: tensor([0.5031], device='cuda:0')
hit_1: 0.27781456953642386
hit_5: 0.589569536423841
hit_10: 0.7132450331125828
hit_20: 0.7988410596026491
ap: tensor([0.4199], device='cuda:0')
########## best_metrics ##########
ndcg_1: 0.27781456953642386
ndcg_5: tensor([0.4412], device='cuda:0')
ndcg_10: tensor([0.4813], device='cuda:0')
ndcg_20: tensor([0.5031], device='cuda:0')
hit_1: 0.27781456953642386
hit_5: 0.589569536423841
hit_10: 0.7132450331125828
hit_20: 0.8016556291390728
ap: tensor([0.4199], device='cuda:0')
no increase in recent 0 iters
#########################################################
################## epoch 33 ###########################
loss: 321.8397, len_train_loader:965
modified_target in every batch:50.9668
modified_hist in every batch :465.5181
########## current_metrics ##########
ndcg_1: 0.2720198675496689
ndcg_5: tensor([0.4393], device='cuda:0')
ndcg_10: tensor([0.4775], device='cuda:0')
ndcg_20: tensor([0.5008], device='cuda:0')
hit_1: 0.2720198675496689
hit_5: 0.589569536423841
hit_10: 0.7064569536423841
hit_20: 0.7981788079470199
ap: tensor([0.4171], device='cuda:0')
########## best_metrics ##########
ndcg_1: 0.27781456953642386
ndcg_5: tensor([0.4412], device='cuda:0')
ndcg_10: tensor([0.4813], device='cuda:0')
ndcg_20: tensor([0.5031], device='cuda:0')
hit_1: 0.27781456953642386
hit_5: 0.589569536423841
hit_10: 0.7132450331125828
hit_20: 0.8016556291390728
ap: tensor([0.4199], device='cuda:0')
no increase in recent 1 iters
#########################################################
################## epoch 34 ###########################
loss: 322.0481, len_train_loader:965
modified_target in every batch:50.9668
modified_hist in every batch :466.9057
########## current_metrics ##########
ndcg_1: 0.2763245033112583
ndcg_5: tensor([0.4389], device='cuda:0')
ndcg_10: tensor([0.4781], device='cuda:0')
ndcg_20: tensor([0.5013], device='cuda:0')
hit_1: 0.2763245033112583
hit_5: 0.5862582781456953
hit_10: 0.7064569536423841
hit_20: 0.797682119205298
ap: tensor([0.4181], device='cuda:0')
########## best_metrics ##########
ndcg_1: 0.27781456953642386
ndcg_5: tensor([0.4412], device='cuda:0')
ndcg_10: tensor([0.4813], device='cuda:0')
ndcg_20: tensor([0.5031], device='cuda:0')
hit_1: 0.27781456953642386
hit_5: 0.589569536423841
hit_10: 0.7132450331125828
hit_20: 0.8016556291390728
ap: tensor([0.4199], device='cuda:0')
no increase in recent 2 iters
#########################################################
################## epoch 35 ###########################
loss: 321.6041, len_train_loader:965
modified_target in every batch:50.9668
modified_hist in every batch :465.6891
########## current_metrics ##########
ndcg_1: 0.27334437086092717
ndcg_5: tensor([0.4366], device='cuda:0')
ndcg_10: tensor([0.4763], device='cuda:0')
ndcg_20: tensor([0.4996], device='cuda:0')
hit_1: 0.27334437086092717
hit_5: 0.5837748344370861
hit_10: 0.7052980132450332
hit_20: 0.7968543046357616
ap: tensor([0.4161], device='cuda:0')
########## best_metrics ##########
ndcg_1: 0.27781456953642386
ndcg_5: tensor([0.4412], device='cuda:0')
ndcg_10: tensor([0.4813], device='cuda:0')
ndcg_20: tensor([0.5031], device='cuda:0')
hit_1: 0.27781456953642386
hit_5: 0.589569536423841
hit_10: 0.7132450331125828
hit_20: 0.8016556291390728
ap: tensor([0.4199], device='cuda:0')
no increase in recent 3 iters
#########################################################
################## epoch 36 ###########################
loss: 321.2931, len_train_loader:965
modified_target in every batch:50.9668
modified_hist in every batch :466.1979
########## current_metrics ##########
ndcg_1: 0.2731788079470199
ndcg_5: tensor([0.4404], device='cuda:0')
ndcg_10: tensor([0.4786], device='cuda:0')
ndcg_20: tensor([0.5018], device='cuda:0')
hit_1: 0.2731788079470199
hit_5: 0.5917218543046358
hit_10: 0.7092715231788079
hit_20: 0.8006622516556291
ap: tensor([0.4176], device='cuda:0')
########## best_metrics ##########
ndcg_1: 0.27781456953642386
ndcg_5: tensor([0.4412], device='cuda:0')
ndcg_10: tensor([0.4813], device='cuda:0')
ndcg_20: tensor([0.5031], device='cuda:0')
hit_1: 0.27781456953642386
hit_5: 0.5917218543046358
hit_10: 0.7132450331125828
hit_20: 0.8016556291390728
ap: tensor([0.4199], device='cuda:0')
no increase in recent 0 iters
#########################################################
################## epoch 37 ###########################
loss: 320.6419, len_train_loader:965
modified_target in every batch:50.9668
modified_hist in every batch :467.0041
########## current_metrics ##########
ndcg_1: 0.273841059602649
ndcg_5: tensor([0.4370], device='cuda:0')
ndcg_10: tensor([0.4782], device='cuda:0')
ndcg_20: tensor([0.5010], device='cuda:0')
hit_1: 0.273841059602649
hit_5: 0.5834437086092715
hit_10: 0.7099337748344371
hit_20: 0.7995033112582781
ap: tensor([0.4171], device='cuda:0')
########## best_metrics ##########
ndcg_1: 0.27781456953642386
ndcg_5: tensor([0.4412], device='cuda:0')
ndcg_10: tensor([0.4813], device='cuda:0')
ndcg_20: tensor([0.5031], device='cuda:0')
hit_1: 0.27781456953642386
hit_5: 0.5917218543046358
hit_10: 0.7132450331125828
hit_20: 0.8016556291390728
ap: tensor([0.4199], device='cuda:0')
no increase in recent 1 iters
#########################################################
################## epoch 38 ###########################
loss: 320.8573, len_train_loader:965
modified_target in every batch:50.9668
modified_hist in every batch :467.1699
########## current_metrics ##########
ndcg_1: 0.2687086092715232
ndcg_5: tensor([0.4366], device='cuda:0')
ndcg_10: tensor([0.4758], device='cuda:0')
ndcg_20: tensor([0.5000], device='cuda:0')
hit_1: 0.2687086092715232
hit_5: 0.5860927152317881
hit_10: 0.706953642384106
hit_20: 0.802317880794702
ap: tensor([0.4149], device='cuda:0')
########## best_metrics ##########
ndcg_1: 0.27781456953642386
ndcg_5: tensor([0.4412], device='cuda:0')
ndcg_10: tensor([0.4813], device='cuda:0')
ndcg_20: tensor([0.5031], device='cuda:0')
hit_1: 0.27781456953642386
hit_5: 0.5917218543046358
hit_10: 0.7132450331125828
hit_20: 0.802317880794702
ap: tensor([0.4199], device='cuda:0')
no increase in recent 0 iters
#########################################################
################## epoch 39 ###########################
loss: 320.1703, len_train_loader:965
modified_target in every batch:50.9668
modified_hist in every batch :466.8694
########## current_metrics ##########
ndcg_1: 0.2718543046357616
ndcg_5: tensor([0.4392], device='cuda:0')
ndcg_10: tensor([0.4763], device='cuda:0')
ndcg_20: tensor([0.5009], device='cuda:0')
hit_1: 0.2718543046357616
hit_5: 0.589569536423841
hit_10: 0.7041390728476821
hit_20: 0.8003311258278145
ap: tensor([0.4167], device='cuda:0')
########## best_metrics ##########
ndcg_1: 0.27781456953642386
ndcg_5: tensor([0.4412], device='cuda:0')
ndcg_10: tensor([0.4813], device='cuda:0')
ndcg_20: tensor([0.5031], device='cuda:0')
hit_1: 0.27781456953642386
hit_5: 0.5917218543046358
hit_10: 0.7132450331125828
hit_20: 0.802317880794702
ap: tensor([0.4199], device='cuda:0')
no increase in recent 1 iters
#########################################################
################## epoch 40 ###########################
loss: 320.5771, len_train_loader:965
modified_target in every batch:50.9668
modified_hist in every batch :466.4528
########## current_metrics ##########
ndcg_1: 0.2774834437086093
ndcg_5: tensor([0.4391], device='cuda:0')
ndcg_10: tensor([0.4778], device='cuda:0')
ndcg_20: tensor([0.5017], device='cuda:0')
hit_1: 0.2774834437086093
hit_5: 0.5860927152317881
hit_10: 0.704635761589404
hit_20: 0.7988410596026491
ap: tensor([0.4183], device='cuda:0')
########## best_metrics ##########
ndcg_1: 0.27781456953642386
ndcg_5: tensor([0.4412], device='cuda:0')
ndcg_10: tensor([0.4813], device='cuda:0')
ndcg_20: tensor([0.5031], device='cuda:0')
hit_1: 0.27781456953642386
hit_5: 0.5917218543046358
hit_10: 0.7132450331125828
hit_20: 0.802317880794702
ap: tensor([0.4199], device='cuda:0')
no increase in recent 2 iters
#########################################################
################## epoch 41 ###########################
loss: 319.5256, len_train_loader:965
modified_target in every batch:50.9668
modified_hist in every batch :466.9347
########## current_metrics ##########
ndcg_1: 0.27086092715231785
ndcg_5: tensor([0.4378], device='cuda:0')
ndcg_10: tensor([0.4774], device='cuda:0')
ndcg_20: tensor([0.5003], device='cuda:0')
hit_1: 0.27086092715231785
hit_5: 0.5869205298013245
hit_10: 0.7091059602649007
hit_20: 0.7990066225165563
ap: tensor([0.4163], device='cuda:0')
########## best_metrics ##########
ndcg_1: 0.27781456953642386
ndcg_5: tensor([0.4412], device='cuda:0')
ndcg_10: tensor([0.4813], device='cuda:0')
ndcg_20: tensor([0.5031], device='cuda:0')
hit_1: 0.27781456953642386
hit_5: 0.5917218543046358
hit_10: 0.7132450331125828
hit_20: 0.802317880794702
ap: tensor([0.4199], device='cuda:0')
no increase in recent 3 iters
#########################################################
################## epoch 42 ###########################
loss: 319.7548, len_train_loader:965
modified_target in every batch:50.9668
modified_hist in every batch :467.2021
########## current_metrics ##########
ndcg_1: 0.2721854304635762
ndcg_5: tensor([0.4361], device='cuda:0')
ndcg_10: tensor([0.4759], device='cuda:0')
ndcg_20: tensor([0.4995], device='cuda:0')
hit_1: 0.2721854304635762
hit_5: 0.5837748344370861
hit_10: 0.7061258278145696
hit_20: 0.7991721854304635
ap: tensor([0.4153], device='cuda:0')
########## best_metrics ##########
ndcg_1: 0.27781456953642386
ndcg_5: tensor([0.4412], device='cuda:0')
ndcg_10: tensor([0.4813], device='cuda:0')
ndcg_20: tensor([0.5031], device='cuda:0')
hit_1: 0.27781456953642386
hit_5: 0.5917218543046358
hit_10: 0.7132450331125828
hit_20: 0.802317880794702
ap: tensor([0.4199], device='cuda:0')
no increase in recent 4 iters
#########################################################
################## epoch 43 ###########################
loss: 319.8011, len_train_loader:965
modified_target in every batch:50.9668
modified_hist in every batch :467.028
########## current_metrics ##########
ndcg_1: 0.26937086092715234
ndcg_5: tensor([0.4354], device='cuda:0')
ndcg_10: tensor([0.4747], device='cuda:0')
ndcg_20: tensor([0.4985], device='cuda:0')
hit_1: 0.26937086092715234
hit_5: 0.5842715231788079
hit_10: 0.7052980132450332
hit_20: 0.7990066225165563
ap: tensor([0.4140], device='cuda:0')
########## best_metrics ##########
ndcg_1: 0.27781456953642386
ndcg_5: tensor([0.4412], device='cuda:0')
ndcg_10: tensor([0.4813], device='cuda:0')
ndcg_20: tensor([0.5031], device='cuda:0')
hit_1: 0.27781456953642386
hit_5: 0.5917218543046358
hit_10: 0.7132450331125828
hit_20: 0.802317880794702
ap: tensor([0.4199], device='cuda:0')
no increase in recent 5 iters
#########################################################
################## epoch 44 ###########################
loss: 318.0617, len_train_loader:965
modified_target in every batch:50.9668
modified_hist in every batch :467.1637
########## current_metrics ##########
ndcg_1: 0.277317880794702
ndcg_5: tensor([0.4406], device='cuda:0')
ndcg_10: tensor([0.4800], device='cuda:0')
ndcg_20: tensor([0.5036], device='cuda:0')
hit_1: 0.277317880794702
hit_5: 0.5874172185430464
hit_10: 0.7082781456953643
hit_20: 0.8014900662251656
ap: tensor([0.4199], device='cuda:0')
########## best_metrics ##########
ndcg_1: 0.27781456953642386
ndcg_5: tensor([0.4412], device='cuda:0')
ndcg_10: tensor([0.4813], device='cuda:0')
ndcg_20: tensor([0.5036], device='cuda:0')
hit_1: 0.27781456953642386
hit_5: 0.5917218543046358
hit_10: 0.7132450331125828
hit_20: 0.802317880794702
ap: tensor([0.4199], device='cuda:0')
no increase in recent 0 iters
#########################################################
################## epoch 45 ###########################
loss: 317.7477, len_train_loader:965
modified_target in every batch:50.9668
modified_hist in every batch :466.3731
########## current_metrics ##########
ndcg_1: 0.276158940397351
ndcg_5: tensor([0.4386], device='cuda:0')
ndcg_10: tensor([0.4774], device='cuda:0')
ndcg_20: tensor([0.5017], device='cuda:0')
hit_1: 0.276158940397351
hit_5: 0.5844370860927153
hit_10: 0.703476821192053
hit_20: 0.7988410596026491
ap: tensor([0.4184], device='cuda:0')
########## best_metrics ##########
ndcg_1: 0.27781456953642386
ndcg_5: tensor([0.4412], device='cuda:0')
ndcg_10: tensor([0.4813], device='cuda:0')
ndcg_20: tensor([0.5036], device='cuda:0')
hit_1: 0.27781456953642386
hit_5: 0.5917218543046358
hit_10: 0.7132450331125828
hit_20: 0.802317880794702
ap: tensor([0.4199], device='cuda:0')
no increase in recent 1 iters
#########################################################
################## epoch 46 ###########################
loss: 317.1008, len_train_loader:965
modified_target in every batch:50.9668
modified_hist in every batch :466.629
########## current_metrics ##########
ndcg_1: 0.2758278145695364
ndcg_5: tensor([0.4403], device='cuda:0')
ndcg_10: tensor([0.4803], device='cuda:0')
ndcg_20: tensor([0.5035], device='cuda:0')
hit_1: 0.2758278145695364
hit_5: 0.58841059602649
hit_10: 0.7115894039735099
hit_20: 0.8036423841059602
ap: tensor([0.4191], device='cuda:0')
########## best_metrics ##########
ndcg_1: 0.27781456953642386
ndcg_5: tensor([0.4412], device='cuda:0')
ndcg_10: tensor([0.4813], device='cuda:0')
ndcg_20: tensor([0.5036], device='cuda:0')
hit_1: 0.27781456953642386
hit_5: 0.5917218543046358
hit_10: 0.7132450331125828
hit_20: 0.8036423841059602
ap: tensor([0.4199], device='cuda:0')
no increase in recent 0 iters
#########################################################
################## epoch 47 ###########################
loss: 317.4554, len_train_loader:965
modified_target in every batch:50.9668
modified_hist in every batch :466.6943
########## current_metrics ##########
ndcg_1: 0.2718543046357616
ndcg_5: tensor([0.4380], device='cuda:0')
ndcg_10: tensor([0.4774], device='cuda:0')
ndcg_20: tensor([0.5004], device='cuda:0')
hit_1: 0.2718543046357616
hit_5: 0.5879139072847682
hit_10: 0.7091059602649007
hit_20: 0.7998344370860927
ap: tensor([0.4161], device='cuda:0')
########## best_metrics ##########
ndcg_1: 0.27781456953642386
ndcg_5: tensor([0.4412], device='cuda:0')
ndcg_10: tensor([0.4813], device='cuda:0')
ndcg_20: tensor([0.5036], device='cuda:0')
hit_1: 0.27781456953642386
hit_5: 0.5917218543046358
hit_10: 0.7132450331125828
hit_20: 0.8036423841059602
ap: tensor([0.4199], device='cuda:0')
no increase in recent 1 iters
#########################################################
################## epoch 48 ###########################
loss: 317.2361, len_train_loader:965
modified_target in every batch:50.9668
modified_hist in every batch :466.5699
########## current_metrics ##########
ndcg_1: 0.2713576158940397
ndcg_5: tensor([0.4382], device='cuda:0')
ndcg_10: tensor([0.4771], device='cuda:0')
ndcg_20: tensor([0.5019], device='cuda:0')
hit_1: 0.2713576158940397
hit_5: 0.5882450331125828
hit_10: 0.7077814569536424
hit_20: 0.805794701986755
ap: tensor([0.4163], device='cuda:0')
########## best_metrics ##########
ndcg_1: 0.27781456953642386
ndcg_5: tensor([0.4412], device='cuda:0')
ndcg_10: tensor([0.4813], device='cuda:0')
ndcg_20: tensor([0.5036], device='cuda:0')
hit_1: 0.27781456953642386
hit_5: 0.5917218543046358
hit_10: 0.7132450331125828
hit_20: 0.805794701986755
ap: tensor([0.4199], device='cuda:0')
no increase in recent 0 iters
#########################################################
################## epoch 49 ###########################
loss: 316.9445, len_train_loader:965
modified_target in every batch:50.9668
modified_hist in every batch :466.8
########## current_metrics ##########
ndcg_1: 0.26986754966887416
ndcg_5: tensor([0.4356], device='cuda:0')
ndcg_10: tensor([0.4756], device='cuda:0')
ndcg_20: tensor([0.4989], device='cuda:0')
hit_1: 0.26986754966887416
hit_5: 0.5844370860927153
hit_10: 0.7077814569536424
hit_20: 0.7995033112582781
ap: tensor([0.4143], device='cuda:0')
########## best_metrics ##########
ndcg_1: 0.27781456953642386
ndcg_5: tensor([0.4412], device='cuda:0')
ndcg_10: tensor([0.4813], device='cuda:0')
ndcg_20: tensor([0.5036], device='cuda:0')
hit_1: 0.27781456953642386
hit_5: 0.5917218543046358
hit_10: 0.7132450331125828
hit_20: 0.805794701986755
ap: tensor([0.4199], device='cuda:0')
no increase in recent 1 iters
#########################################################
################## epoch 50 ###########################
loss: 316.363, len_train_loader:965
modified_target in every batch:50.9668
modified_hist in every batch :466.2383
########## current_metrics ##########
ndcg_1: 0.2811258278145695
ndcg_5: tensor([0.4426], device='cuda:0')
ndcg_10: tensor([0.4818], device='cuda:0')
ndcg_20: tensor([0.5045], device='cuda:0')
hit_1: 0.2811258278145695
hit_5: 0.5887417218543046
hit_10: 0.7089403973509933
hit_20: 0.7988410596026491
ap: tensor([0.4219], device='cuda:0')
########## best_metrics ##########
ndcg_1: 0.2811258278145695
ndcg_5: tensor([0.4426], device='cuda:0')
ndcg_10: tensor([0.4818], device='cuda:0')
ndcg_20: tensor([0.5045], device='cuda:0')
hit_1: 0.2811258278145695
hit_5: 0.5917218543046358
hit_10: 0.7132450331125828
hit_20: 0.805794701986755
ap: tensor([0.4219], device='cuda:0')
no increase in recent 0 iters
#########################################################
################## epoch 51 ###########################
loss: 316.3289, len_train_loader:965
modified_target in every batch:50.9668
modified_hist in every batch :467.085
########## current_metrics ##########
ndcg_1: 0.27334437086092717
ndcg_5: tensor([0.4397], device='cuda:0')
ndcg_10: tensor([0.4766], device='cuda:0')
ndcg_20: tensor([0.5011], device='cuda:0')
hit_1: 0.27334437086092717
hit_5: 0.590728476821192
hit_10: 0.7038079470198676
hit_20: 0.8001655629139073
ap: tensor([0.4170], device='cuda:0')
########## best_metrics ##########
ndcg_1: 0.2811258278145695
ndcg_5: tensor([0.4426], device='cuda:0')
ndcg_10: tensor([0.4818], device='cuda:0')
ndcg_20: tensor([0.5045], device='cuda:0')
hit_1: 0.2811258278145695
hit_5: 0.5917218543046358
hit_10: 0.7132450331125828
hit_20: 0.805794701986755
ap: tensor([0.4219], device='cuda:0')
no increase in recent 1 iters
#########################################################
################## epoch 52 ###########################
loss: 316.8605, len_train_loader:965
modified_target in every batch:50.9668
modified_hist in every batch :466.6073
########## current_metrics ##########
ndcg_1: 0.27433774834437086
ndcg_5: tensor([0.4391], device='cuda:0')
ndcg_10: tensor([0.4778], device='cuda:0')
ndcg_20: tensor([0.5016], device='cuda:0')
hit_1: 0.27433774834437086
hit_5: 0.5867549668874172
hit_10: 0.705794701986755
hit_20: 0.7993377483443709
ap: tensor([0.4180], device='cuda:0')
########## best_metrics ##########
ndcg_1: 0.2811258278145695
ndcg_5: tensor([0.4426], device='cuda:0')
ndcg_10: tensor([0.4818], device='cuda:0')
ndcg_20: tensor([0.5045], device='cuda:0')
hit_1: 0.2811258278145695
hit_5: 0.5917218543046358
hit_10: 0.7132450331125828
hit_20: 0.805794701986755
ap: tensor([0.4219], device='cuda:0')
no increase in recent 2 iters
#########################################################
################## epoch 53 ###########################
loss: 316.7066, len_train_loader:965
modified_target in every batch:50.9668
modified_hist in every batch :467.4187
########## current_metrics ##########
ndcg_1: 0.26937086092715234
ndcg_5: tensor([0.4362], device='cuda:0')
ndcg_10: tensor([0.4761], device='cuda:0')
ndcg_20: tensor([0.5002], device='cuda:0')
hit_1: 0.26937086092715234
hit_5: 0.5842715231788079
hit_10: 0.7064569536423841
hit_20: 0.8018211920529801
ap: tensor([0.4154], device='cuda:0')
########## best_metrics ##########
ndcg_1: 0.2811258278145695
ndcg_5: tensor([0.4426], device='cuda:0')
ndcg_10: tensor([0.4818], device='cuda:0')
ndcg_20: tensor([0.5045], device='cuda:0')
hit_1: 0.2811258278145695
hit_5: 0.5917218543046358
hit_10: 0.7132450331125828
hit_20: 0.805794701986755
ap: tensor([0.4219], device='cuda:0')
no increase in recent 3 iters
#########################################################
################## epoch 54 ###########################
loss: 316.1067, len_train_loader:965
modified_target in every batch:50.9668
modified_hist in every batch :467.3295
########## current_metrics ##########
ndcg_1: 0.27533112582781455
ndcg_5: tensor([0.4396], device='cuda:0')
ndcg_10: tensor([0.4786], device='cuda:0')
ndcg_20: tensor([0.5031], device='cuda:0')
hit_1: 0.27533112582781455
hit_5: 0.5872516556291391
hit_10: 0.7066225165562914
hit_20: 0.8036423841059602
ap: tensor([0.4186], device='cuda:0')
########## best_metrics ##########
ndcg_1: 0.2811258278145695
ndcg_5: tensor([0.4426], device='cuda:0')
ndcg_10: tensor([0.4818], device='cuda:0')
ndcg_20: tensor([0.5045], device='cuda:0')
hit_1: 0.2811258278145695
hit_5: 0.5917218543046358
hit_10: 0.7132450331125828
hit_20: 0.805794701986755
ap: tensor([0.4219], device='cuda:0')
no increase in recent 4 iters
#########################################################
################## epoch 55 ###########################
loss: 316.2001, len_train_loader:965
modified_target in every batch:50.9668
modified_hist in every batch :466.5378
########## current_metrics ##########
ndcg_1: 0.2716887417218543
ndcg_5: tensor([0.4364], device='cuda:0')
ndcg_10: tensor([0.4762], device='cuda:0')
ndcg_20: tensor([0.5003], device='cuda:0')
hit_1: 0.2716887417218543
hit_5: 0.5836092715231788
hit_10: 0.705794701986755
hit_20: 0.8006622516556291
ap: tensor([0.4160], device='cuda:0')
########## best_metrics ##########
ndcg_1: 0.2811258278145695
ndcg_5: tensor([0.4426], device='cuda:0')
ndcg_10: tensor([0.4818], device='cuda:0')
ndcg_20: tensor([0.5045], device='cuda:0')
hit_1: 0.2811258278145695
hit_5: 0.5917218543046358
hit_10: 0.7132450331125828
hit_20: 0.805794701986755
ap: tensor([0.4219], device='cuda:0')
no increase in recent 5 iters
#########################################################
################## epoch 56 ###########################
loss: 316.3601, len_train_loader:965
modified_target in every batch:50.9668
modified_hist in every batch :467.6446
########## current_metrics ##########
ndcg_1: 0.2740066225165563
ndcg_5: tensor([0.4382], device='cuda:0')
ndcg_10: tensor([0.4765], device='cuda:0')
ndcg_20: tensor([0.5009], device='cuda:0')
hit_1: 0.2740066225165563
hit_5: 0.5874172185430464
hit_10: 0.7051324503311258
hit_20: 0.8008278145695364
ap: tensor([0.4166], device='cuda:0')
########## best_metrics ##########
ndcg_1: 0.2811258278145695
ndcg_5: tensor([0.4426], device='cuda:0')
ndcg_10: tensor([0.4818], device='cuda:0')
ndcg_20: tensor([0.5045], device='cuda:0')
hit_1: 0.2811258278145695
hit_5: 0.5917218543046358
hit_10: 0.7132450331125828
hit_20: 0.805794701986755
ap: tensor([0.4219], device='cuda:0')
no increase in recent 6 iters
#########################################################
################## epoch 57 ###########################
loss: 315.7879, len_train_loader:965
modified_target in every batch:50.9668
modified_hist in every batch :466.3938
########## current_metrics ##########
ndcg_1: 0.27533112582781455
ndcg_5: tensor([0.4397], device='cuda:0')
ndcg_10: tensor([0.4794], device='cuda:0')
ndcg_20: tensor([0.5027], device='cuda:0')
hit_1: 0.27533112582781455
hit_5: 0.5880794701986755
hit_10: 0.7097682119205299
hit_20: 0.8013245033112583
ap: tensor([0.4186], device='cuda:0')
########## best_metrics ##########
ndcg_1: 0.2811258278145695
ndcg_5: tensor([0.4426], device='cuda:0')
ndcg_10: tensor([0.4818], device='cuda:0')
ndcg_20: tensor([0.5045], device='cuda:0')
hit_1: 0.2811258278145695
hit_5: 0.5917218543046358
hit_10: 0.7132450331125828
hit_20: 0.805794701986755
ap: tensor([0.4219], device='cuda:0')
no increase in recent 7 iters
#########################################################
################## epoch 58 ###########################
loss: 315.7309, len_train_loader:965
modified_target in every batch:50.9668
modified_hist in every batch :465.9803
########## current_metrics ##########
ndcg_1: 0.2766556291390728
ndcg_5: tensor([0.4399], device='cuda:0')
ndcg_10: tensor([0.4788], device='cuda:0')
ndcg_20: tensor([0.5026], device='cuda:0')
hit_1: 0.2766556291390728
hit_5: 0.5867549668874172
hit_10: 0.7062913907284768
hit_20: 0.7996688741721855
ap: tensor([0.4192], device='cuda:0')
########## best_metrics ##########
ndcg_1: 0.2811258278145695
ndcg_5: tensor([0.4426], device='cuda:0')
ndcg_10: tensor([0.4818], device='cuda:0')
ndcg_20: tensor([0.5045], device='cuda:0')
hit_1: 0.2811258278145695
hit_5: 0.5917218543046358
hit_10: 0.7132450331125828
hit_20: 0.805794701986755
ap: tensor([0.4219], device='cuda:0')
no increase in recent 8 iters
#########################################################
################## epoch 59 ###########################
loss: 315.6791, len_train_loader:965
modified_target in every batch:50.9668
modified_hist in every batch :467.714
########## current_metrics ##########
ndcg_1: 0.27367549668874175
ndcg_5: tensor([0.4393], device='cuda:0')
ndcg_10: tensor([0.4782], device='cuda:0')
ndcg_20: tensor([0.5025], device='cuda:0')
hit_1: 0.27367549668874175
hit_5: 0.5880794701986755
hit_10: 0.7071192052980132
hit_20: 0.8031456953642384
ap: tensor([0.4179], device='cuda:0')
########## best_metrics ##########
ndcg_1: 0.2811258278145695
ndcg_5: tensor([0.4426], device='cuda:0')
ndcg_10: tensor([0.4818], device='cuda:0')
ndcg_20: tensor([0.5045], device='cuda:0')
hit_1: 0.2811258278145695
hit_5: 0.5917218543046358
hit_10: 0.7132450331125828
hit_20: 0.805794701986755
ap: tensor([0.4219], device='cuda:0')
no increase in recent 9 iters
#########################################################
################## epoch 60 ###########################
loss: 316.3088, len_train_loader:965
modified_target in every batch:50.9668
modified_hist in every batch :466.6197
########## current_metrics ##########
ndcg_1: 0.27019867549668874
ndcg_5: tensor([0.4359], device='cuda:0')
ndcg_10: tensor([0.4766], device='cuda:0')
ndcg_20: tensor([0.5001], device='cuda:0')
hit_1: 0.27019867549668874
hit_5: 0.5837748344370861
hit_10: 0.7082781456953643
hit_20: 0.8004966887417219
ap: tensor([0.4155], device='cuda:0')
########## best_metrics ##########
ndcg_1: 0.2811258278145695
ndcg_5: tensor([0.4426], device='cuda:0')
ndcg_10: tensor([0.4818], device='cuda:0')
ndcg_20: tensor([0.5045], device='cuda:0')
hit_1: 0.2811258278145695
hit_5: 0.5917218543046358
hit_10: 0.7132450331125828
hit_20: 0.805794701986755
ap: tensor([0.4219], device='cuda:0')
no increase in recent 10 iters
#########################################################
################## epoch 61 ###########################
loss: 315.5505, len_train_loader:965
modified_target in every batch:50.9668
modified_hist in every batch :467.5585
########## current_metrics ##########
ndcg_1: 0.27334437086092717
ndcg_5: tensor([0.4399], device='cuda:0')
ndcg_10: tensor([0.4781], device='cuda:0')
ndcg_20: tensor([0.5023], device='cuda:0')
hit_1: 0.27334437086092717
hit_5: 0.5903973509933775
hit_10: 0.7076158940397351
hit_20: 0.8031456953642384
ap: tensor([0.4175], device='cuda:0')
########## best_metrics ##########
ndcg_1: 0.2811258278145695
ndcg_5: tensor([0.4426], device='cuda:0')
ndcg_10: tensor([0.4818], device='cuda:0')
ndcg_20: tensor([0.5045], device='cuda:0')
hit_1: 0.2811258278145695
hit_5: 0.5917218543046358
hit_10: 0.7132450331125828
hit_20: 0.805794701986755
ap: tensor([0.4219], device='cuda:0')
no increase in recent 11 iters
#########################################################
################## epoch 62 ###########################
loss: 313.9866, len_train_loader:965
modified_target in every batch:50.9668
modified_hist in every batch :466.2508
########## current_metrics ##########
ndcg_1: 0.280794701986755
ndcg_5: tensor([0.4425], device='cuda:0')
ndcg_10: tensor([0.4811], device='cuda:0')
ndcg_20: tensor([0.5046], device='cuda:0')
hit_1: 0.280794701986755
hit_5: 0.5892384105960264
hit_10: 0.7076158940397351
hit_20: 0.8001655629139073
ap: tensor([0.4216], device='cuda:0')
########## best_metrics ##########
ndcg_1: 0.2811258278145695
ndcg_5: tensor([0.4426], device='cuda:0')
ndcg_10: tensor([0.4818], device='cuda:0')
ndcg_20: tensor([0.5046], device='cuda:0')
hit_1: 0.2811258278145695
hit_5: 0.5917218543046358
hit_10: 0.7132450331125828
hit_20: 0.805794701986755
ap: tensor([0.4219], device='cuda:0')
no increase in recent 0 iters
#########################################################
################## epoch 63 ###########################
loss: 314.1909, len_train_loader:965
modified_target in every batch:50.9668
modified_hist in every batch :467.1627
########## current_metrics ##########
ndcg_1: 0.2764900662251656
ndcg_5: tensor([0.4432], device='cuda:0')
ndcg_10: tensor([0.4809], device='cuda:0')
ndcg_20: tensor([0.5044], device='cuda:0')
hit_1: 0.2764900662251656
hit_5: 0.5915562913907285
hit_10: 0.708112582781457
hit_20: 0.8006622516556291
ap: tensor([0.4211], device='cuda:0')
########## best_metrics ##########
ndcg_1: 0.2811258278145695
ndcg_5: tensor([0.4432], device='cuda:0')
ndcg_10: tensor([0.4818], device='cuda:0')
ndcg_20: tensor([0.5046], device='cuda:0')
hit_1: 0.2811258278145695
hit_5: 0.5917218543046358
hit_10: 0.7132450331125828
hit_20: 0.805794701986755
ap: tensor([0.4219], device='cuda:0')
no increase in recent 0 iters
#########################################################
################## epoch 64 ###########################
loss: 313.7105, len_train_loader:965
modified_target in every batch:50.9668
modified_hist in every batch :466.7648
########## current_metrics ##########
ndcg_1: 0.27781456953642386
ndcg_5: tensor([0.4401], device='cuda:0')
ndcg_10: tensor([0.4803], device='cuda:0')
ndcg_20: tensor([0.5035], device='cuda:0')
hit_1: 0.27781456953642386
hit_5: 0.5874172185430464
hit_10: 0.7109271523178808
hit_20: 0.8026490066225166
ap: tensor([0.4194], device='cuda:0')
########## best_metrics ##########
ndcg_1: 0.2811258278145695
ndcg_5: tensor([0.4432], device='cuda:0')
ndcg_10: tensor([0.4818], device='cuda:0')
ndcg_20: tensor([0.5046], device='cuda:0')
hit_1: 0.2811258278145695
hit_5: 0.5917218543046358
hit_10: 0.7132450331125828
hit_20: 0.805794701986755
ap: tensor([0.4219], device='cuda:0')
no increase in recent 1 iters
#########################################################
################## epoch 65 ###########################
loss: 313.5416, len_train_loader:965
modified_target in every batch:50.9668
modified_hist in every batch :466.5036
########## current_metrics ##########
ndcg_1: 0.2804635761589404
ndcg_5: tensor([0.4429], device='cuda:0')
ndcg_10: tensor([0.4817], device='cuda:0')
ndcg_20: tensor([0.5052], device='cuda:0')
hit_1: 0.2804635761589404
hit_5: 0.5902317880794702
hit_10: 0.7091059602649007
hit_20: 0.8016556291390728
ap: tensor([0.4219], device='cuda:0')
########## best_metrics ##########
ndcg_1: 0.2811258278145695
ndcg_5: tensor([0.4432], device='cuda:0')
ndcg_10: tensor([0.4818], device='cuda:0')
ndcg_20: tensor([0.5052], device='cuda:0')
hit_1: 0.2811258278145695
hit_5: 0.5917218543046358
hit_10: 0.7132450331125828
hit_20: 0.805794701986755
ap: tensor([0.4219], device='cuda:0')
no increase in recent 0 iters
#########################################################
################## epoch 66 ###########################
loss: 313.504, len_train_loader:965
modified_target in every batch:50.9668
modified_hist in every batch :467.2404
########## current_metrics ##########
ndcg_1: 0.27996688741721854
ndcg_5: tensor([0.4416], device='cuda:0')
ndcg_10: tensor([0.4805], device='cuda:0')
ndcg_20: tensor([0.5045], device='cuda:0')
hit_1: 0.27996688741721854
hit_5: 0.5870860927152318
hit_10: 0.7061258278145696
hit_20: 0.8008278145695364
ap: tensor([0.4212], device='cuda:0')
########## best_metrics ##########
ndcg_1: 0.2811258278145695
ndcg_5: tensor([0.4432], device='cuda:0')
ndcg_10: tensor([0.4818], device='cuda:0')
ndcg_20: tensor([0.5052], device='cuda:0')
hit_1: 0.2811258278145695
hit_5: 0.5917218543046358
hit_10: 0.7132450331125828
hit_20: 0.805794701986755
ap: tensor([0.4219], device='cuda:0')
no increase in recent 1 iters
#########################################################
################## epoch 67 ###########################
loss: 313.9082, len_train_loader:965
modified_target in every batch:50.9668
modified_hist in every batch :466.4943
########## current_metrics ##########
ndcg_1: 0.28377483443708607
ndcg_5: tensor([0.4447], device='cuda:0')
ndcg_10: tensor([0.4821], device='cuda:0')
ndcg_20: tensor([0.5059], device='cuda:0')
hit_1: 0.28377483443708607
hit_5: 0.5923841059602649
hit_10: 0.7071192052980132
hit_20: 0.801158940397351
ap: tensor([0.4231], device='cuda:0')
########## best_metrics ##########
ndcg_1: 0.28377483443708607
ndcg_5: tensor([0.4447], device='cuda:0')
ndcg_10: tensor([0.4821], device='cuda:0')
ndcg_20: tensor([0.5059], device='cuda:0')
hit_1: 0.28377483443708607
hit_5: 0.5923841059602649
hit_10: 0.7132450331125828
hit_20: 0.805794701986755
ap: tensor([0.4231], device='cuda:0')
no increase in recent 0 iters
#########################################################
################## epoch 68 ###########################
loss: 313.4082, len_train_loader:965
modified_target in every batch:50.9668
modified_hist in every batch :467.0373
########## current_metrics ##########
ndcg_1: 0.2759933774834437
ndcg_5: tensor([0.4408], device='cuda:0')
ndcg_10: tensor([0.4782], device='cuda:0')
ndcg_20: tensor([0.5028], device='cuda:0')
hit_1: 0.2759933774834437
hit_5: 0.5885761589403974
hit_10: 0.7033112582781457
hit_20: 0.7998344370860927
ap: tensor([0.4194], device='cuda:0')
########## best_metrics ##########
ndcg_1: 0.28377483443708607
ndcg_5: tensor([0.4447], device='cuda:0')
ndcg_10: tensor([0.4821], device='cuda:0')
ndcg_20: tensor([0.5059], device='cuda:0')
hit_1: 0.28377483443708607
hit_5: 0.5923841059602649
hit_10: 0.7132450331125828
hit_20: 0.805794701986755
ap: tensor([0.4231], device='cuda:0')
no increase in recent 1 iters
#########################################################
################## epoch 69 ###########################
loss: 313.5114, len_train_loader:965
modified_target in every batch:50.9668
modified_hist in every batch :466.8622
########## current_metrics ##########
ndcg_1: 0.2740066225165563
ndcg_5: tensor([0.4385], device='cuda:0')
ndcg_10: tensor([0.4782], device='cuda:0')
ndcg_20: tensor([0.5025], device='cuda:0')
hit_1: 0.2740066225165563
hit_5: 0.5859271523178808
hit_10: 0.7072847682119205
hit_20: 0.8031456953642384
ap: tensor([0.4179], device='cuda:0')
########## best_metrics ##########
ndcg_1: 0.28377483443708607
ndcg_5: tensor([0.4447], device='cuda:0')
ndcg_10: tensor([0.4821], device='cuda:0')
ndcg_20: tensor([0.5059], device='cuda:0')
hit_1: 0.28377483443708607
hit_5: 0.5923841059602649
hit_10: 0.7132450331125828
hit_20: 0.805794701986755
ap: tensor([0.4231], device='cuda:0')
no increase in recent 2 iters
#########################################################
################## epoch 70 ###########################
loss: 312.8153, len_train_loader:965
modified_target in every batch:50.9668
modified_hist in every batch :467.1285
########## current_metrics ##########
ndcg_1: 0.27963576158940395
ndcg_5: tensor([0.4419], device='cuda:0')
ndcg_10: tensor([0.4802], device='cuda:0')
ndcg_20: tensor([0.5044], device='cuda:0')
hit_1: 0.27963576158940395
hit_5: 0.5890728476821192
hit_10: 0.7061258278145696
hit_20: 0.8019867549668874
ap: tensor([0.4209], device='cuda:0')
########## best_metrics ##########
ndcg_1: 0.28377483443708607
ndcg_5: tensor([0.4447], device='cuda:0')
ndcg_10: tensor([0.4821], device='cuda:0')
ndcg_20: tensor([0.5059], device='cuda:0')
hit_1: 0.28377483443708607
hit_5: 0.5923841059602649
hit_10: 0.7132450331125828
hit_20: 0.805794701986755
ap: tensor([0.4231], device='cuda:0')
no increase in recent 3 iters
#########################################################
################## epoch 71 ###########################
loss: 313.5204, len_train_loader:965
modified_target in every batch:50.9668
modified_hist in every batch :467.4415
########## current_metrics ##########
ndcg_1: 0.27367549668874175
ndcg_5: tensor([0.4390], device='cuda:0')
ndcg_10: tensor([0.4776], device='cuda:0')
ndcg_20: tensor([0.5016], device='cuda:0')
hit_1: 0.27367549668874175
hit_5: 0.5877483443708609
hit_10: 0.7059602649006622
hit_20: 0.8006622516556291
ap: tensor([0.4175], device='cuda:0')
########## best_metrics ##########
ndcg_1: 0.28377483443708607
ndcg_5: tensor([0.4447], device='cuda:0')
ndcg_10: tensor([0.4821], device='cuda:0')
ndcg_20: tensor([0.5059], device='cuda:0')
hit_1: 0.28377483443708607
hit_5: 0.5923841059602649
hit_10: 0.7132450331125828
hit_20: 0.805794701986755
ap: tensor([0.4231], device='cuda:0')
no increase in recent 4 iters
#########################################################
################## epoch 72 ###########################
loss: 313.261, len_train_loader:965
modified_target in every batch:50.9668
modified_hist in every batch :466.6073
########## current_metrics ##########
ndcg_1: 0.2764900662251656
ndcg_5: tensor([0.4395], device='cuda:0')
ndcg_10: tensor([0.4780], device='cuda:0')
ndcg_20: tensor([0.5023], device='cuda:0')
hit_1: 0.2764900662251656
hit_5: 0.5872516556291391
hit_10: 0.7054635761589404
hit_20: 0.8009933774834437
ap: tensor([0.4184], device='cuda:0')
########## best_metrics ##########
ndcg_1: 0.28377483443708607
ndcg_5: tensor([0.4447], device='cuda:0')
ndcg_10: tensor([0.4821], device='cuda:0')
ndcg_20: tensor([0.5059], device='cuda:0')
hit_1: 0.28377483443708607
hit_5: 0.5923841059602649
hit_10: 0.7132450331125828
hit_20: 0.805794701986755
ap: tensor([0.4231], device='cuda:0')
no increase in recent 5 iters
#########################################################
################## epoch 73 ###########################
loss: 313.3835, len_train_loader:965
modified_target in every batch:50.9668
modified_hist in every batch :466.6788
########## current_metrics ##########
ndcg_1: 0.2763245033112583
ndcg_5: tensor([0.4421], device='cuda:0')
ndcg_10: tensor([0.4796], device='cuda:0')
ndcg_20: tensor([0.5038], device='cuda:0')
hit_1: 0.2763245033112583
hit_5: 0.5913907284768212
hit_10: 0.7066225165562914
hit_20: 0.8021523178807947
ap: tensor([0.4199], device='cuda:0')
########## best_metrics ##########
ndcg_1: 0.28377483443708607
ndcg_5: tensor([0.4447], device='cuda:0')
ndcg_10: tensor([0.4821], device='cuda:0')
ndcg_20: tensor([0.5059], device='cuda:0')
hit_1: 0.28377483443708607
hit_5: 0.5923841059602649
hit_10: 0.7132450331125828
hit_20: 0.805794701986755
ap: tensor([0.4231], device='cuda:0')
no increase in recent 6 iters
#########################################################
################## epoch 74 ###########################
loss: 312.9128, len_train_loader:965
modified_target in every batch:50.9668
modified_hist in every batch :466.2383
########## current_metrics ##########
ndcg_1: 0.2781456953642384
ndcg_5: tensor([0.4407], device='cuda:0')
ndcg_10: tensor([0.4806], device='cuda:0')
ndcg_20: tensor([0.5037], device='cuda:0')
hit_1: 0.2781456953642384
hit_5: 0.5874172185430464
hit_10: 0.7099337748344371
hit_20: 0.8013245033112583
ap: tensor([0.4201], device='cuda:0')
########## best_metrics ##########
ndcg_1: 0.28377483443708607
ndcg_5: tensor([0.4447], device='cuda:0')
ndcg_10: tensor([0.4821], device='cuda:0')
ndcg_20: tensor([0.5059], device='cuda:0')
hit_1: 0.28377483443708607
hit_5: 0.5923841059602649
hit_10: 0.7132450331125828
hit_20: 0.805794701986755
ap: tensor([0.4231], device='cuda:0')
no increase in recent 7 iters
#########################################################
################## epoch 75 ###########################
loss: 312.8536, len_train_loader:965
modified_target in every batch:50.9668
modified_hist in every batch :467.3254
########## current_metrics ##########
ndcg_1: 0.27897350993377484
ndcg_5: tensor([0.4418], device='cuda:0')
ndcg_10: tensor([0.4808], device='cuda:0')
ndcg_20: tensor([0.5048], device='cuda:0')
hit_1: 0.27897350993377484
hit_5: 0.5892384105960264
hit_10: 0.7087748344370861
hit_20: 0.8033112582781456
ap: tensor([0.4209], device='cuda:0')
########## best_metrics ##########
ndcg_1: 0.28377483443708607
ndcg_5: tensor([0.4447], device='cuda:0')
ndcg_10: tensor([0.4821], device='cuda:0')
ndcg_20: tensor([0.5059], device='cuda:0')
hit_1: 0.28377483443708607
hit_5: 0.5923841059602649
hit_10: 0.7132450331125828
hit_20: 0.805794701986755
ap: tensor([0.4231], device='cuda:0')
no increase in recent 8 iters
#########################################################
################## epoch 76 ###########################
loss: 312.928, len_train_loader:965
modified_target in every batch:50.9668
modified_hist in every batch :467.8259
########## current_metrics ##########
ndcg_1: 0.2814569536423841
ndcg_5: tensor([0.4421], device='cuda:0')
ndcg_10: tensor([0.4817], device='cuda:0')
ndcg_20: tensor([0.5053], device='cuda:0')
hit_1: 0.2814569536423841
hit_5: 0.5865894039735099
hit_10: 0.708112582781457
hit_20: 0.801158940397351
ap: tensor([0.4222], device='cuda:0')
########## best_metrics ##########
ndcg_1: 0.28377483443708607
ndcg_5: tensor([0.4447], device='cuda:0')
ndcg_10: tensor([0.4821], device='cuda:0')
ndcg_20: tensor([0.5059], device='cuda:0')
hit_1: 0.28377483443708607
hit_5: 0.5923841059602649
hit_10: 0.7132450331125828
hit_20: 0.805794701986755
ap: tensor([0.4231], device='cuda:0')
no increase in recent 9 iters
#########################################################
################## epoch 77 ###########################
loss: 313.1027, len_train_loader:965
modified_target in every batch:50.9668
modified_hist in every batch :466.6249
########## current_metrics ##########
ndcg_1: 0.2862582781456954
ndcg_5: tensor([0.4452], device='cuda:0')
ndcg_10: tensor([0.4849], device='cuda:0')
ndcg_20: tensor([0.5076], device='cuda:0')
hit_1: 0.2862582781456954
hit_5: 0.5885761589403974
hit_10: 0.7102649006622517
hit_20: 0.8
ap: tensor([0.4257], device='cuda:0')
########## best_metrics ##########
ndcg_1: 0.2862582781456954
ndcg_5: tensor([0.4452], device='cuda:0')
ndcg_10: tensor([0.4849], device='cuda:0')
ndcg_20: tensor([0.5076], device='cuda:0')
hit_1: 0.2862582781456954
hit_5: 0.5923841059602649
hit_10: 0.7132450331125828
hit_20: 0.805794701986755
ap: tensor([0.4257], device='cuda:0')
no increase in recent 0 iters
#########################################################
################## epoch 78 ###########################
loss: 312.8495, len_train_loader:965
modified_target in every batch:50.9668
modified_hist in every batch :467.5098
########## current_metrics ##########
ndcg_1: 0.2685430463576159
ndcg_5: tensor([0.4367], device='cuda:0')
ndcg_10: tensor([0.4763], device='cuda:0')
ndcg_20: tensor([0.4999], device='cuda:0')
hit_1: 0.2685430463576159
hit_5: 0.5865894039735099
hit_10: 0.7084437086092715
hit_20: 0.8013245033112583
ap: tensor([0.4149], device='cuda:0')
########## best_metrics ##########
ndcg_1: 0.2862582781456954
ndcg_5: tensor([0.4452], device='cuda:0')
ndcg_10: tensor([0.4849], device='cuda:0')
ndcg_20: tensor([0.5076], device='cuda:0')
hit_1: 0.2862582781456954
hit_5: 0.5923841059602649
hit_10: 0.7132450331125828
hit_20: 0.805794701986755
ap: tensor([0.4257], device='cuda:0')
no increase in recent 1 iters
#########################################################
################## epoch 79 ###########################
loss: 312.5322, len_train_loader:965
modified_target in every batch:50.9668
modified_hist in every batch :466.2528
########## current_metrics ##########
ndcg_1: 0.27516556291390726
ndcg_5: tensor([0.4410], device='cuda:0')
ndcg_10: tensor([0.4790], device='cuda:0')
ndcg_20: tensor([0.5025], device='cuda:0')
hit_1: 0.27516556291390726
hit_5: 0.5912251655629139
hit_10: 0.7074503311258278
hit_20: 0.8004966887417219
ap: tensor([0.4187], device='cuda:0')
########## best_metrics ##########
ndcg_1: 0.2862582781456954
ndcg_5: tensor([0.4452], device='cuda:0')
ndcg_10: tensor([0.4849], device='cuda:0')
ndcg_20: tensor([0.5076], device='cuda:0')
hit_1: 0.2862582781456954
hit_5: 0.5923841059602649
hit_10: 0.7132450331125828
hit_20: 0.805794701986755
ap: tensor([0.4257], device='cuda:0')
no increase in recent 2 iters
#########################################################
################## epoch 80 ###########################
loss: 312.675, len_train_loader:965
modified_target in every batch:50.9668
modified_hist in every batch :466.4881
########## current_metrics ##########
ndcg_1: 0.2764900662251656
ndcg_5: tensor([0.4408], device='cuda:0')
ndcg_10: tensor([0.4790], device='cuda:0')
ndcg_20: tensor([0.5027], device='cuda:0')
hit_1: 0.2764900662251656
hit_5: 0.5902317880794702
hit_10: 0.7074503311258278
hit_20: 0.801158940397351
ap: tensor([0.4188], device='cuda:0')
########## best_metrics ##########
ndcg_1: 0.2862582781456954
ndcg_5: tensor([0.4452], device='cuda:0')
ndcg_10: tensor([0.4849], device='cuda:0')
ndcg_20: tensor([0.5076], device='cuda:0')
hit_1: 0.2862582781456954
hit_5: 0.5923841059602649
hit_10: 0.7132450331125828
hit_20: 0.805794701986755
ap: tensor([0.4257], device='cuda:0')
no increase in recent 3 iters
#########################################################
################## epoch 81 ###########################
loss: 312.5296, len_train_loader:965
modified_target in every batch:50.9668
modified_hist in every batch :466.5596
########## current_metrics ##########
ndcg_1: 0.27781456953642386
ndcg_5: tensor([0.4415], device='cuda:0')
ndcg_10: tensor([0.4818], device='cuda:0')
ndcg_20: tensor([0.5049], device='cuda:0')
hit_1: 0.27781456953642386
hit_5: 0.5890728476821192
hit_10: 0.7125827814569536
hit_20: 0.8041390728476822
ap: tensor([0.4206], device='cuda:0')
########## best_metrics ##########
ndcg_1: 0.2862582781456954
ndcg_5: tensor([0.4452], device='cuda:0')
ndcg_10: tensor([0.4849], device='cuda:0')
ndcg_20: tensor([0.5076], device='cuda:0')
hit_1: 0.2862582781456954
hit_5: 0.5923841059602649
hit_10: 0.7132450331125828
hit_20: 0.805794701986755
ap: tensor([0.4257], device='cuda:0')
no increase in recent 4 iters
#########################################################
################## epoch 82 ###########################
loss: 312.7699, len_train_loader:965
modified_target in every batch:50.9668
modified_hist in every batch :466.4508
########## current_metrics ##########
ndcg_1: 0.27549668874172184
ndcg_5: tensor([0.4435], device='cuda:0')
ndcg_10: tensor([0.4814], device='cuda:0')
ndcg_20: tensor([0.5051], device='cuda:0')
hit_1: 0.27549668874172184
hit_5: 0.5943708609271523
hit_10: 0.7109271523178808
hit_20: 0.8048013245033112
ap: tensor([0.4207], device='cuda:0')
########## best_metrics ##########
ndcg_1: 0.2862582781456954
ndcg_5: tensor([0.4452], device='cuda:0')
ndcg_10: tensor([0.4849], device='cuda:0')
ndcg_20: tensor([0.5076], device='cuda:0')
hit_1: 0.2862582781456954
hit_5: 0.5943708609271523
hit_10: 0.7132450331125828
hit_20: 0.805794701986755
ap: tensor([0.4257], device='cuda:0')
no increase in recent 0 iters
#########################################################
################## epoch 83 ###########################
loss: 312.4421, len_train_loader:965
modified_target in every batch:50.9668
modified_hist in every batch :467.342
########## current_metrics ##########
ndcg_1: 0.27764900662251657
ndcg_5: tensor([0.4416], device='cuda:0')
ndcg_10: tensor([0.4797], device='cuda:0')
ndcg_20: tensor([0.5041], device='cuda:0')
hit_1: 0.27764900662251657
hit_5: 0.5897350993377484
hit_10: 0.7071192052980132
hit_20: 0.8033112582781456
ap: tensor([0.4200], device='cuda:0')
########## best_metrics ##########
ndcg_1: 0.2862582781456954
ndcg_5: tensor([0.4452], device='cuda:0')
ndcg_10: tensor([0.4849], device='cuda:0')
ndcg_20: tensor([0.5076], device='cuda:0')
hit_1: 0.2862582781456954
hit_5: 0.5943708609271523
hit_10: 0.7132450331125828
hit_20: 0.805794701986755
ap: tensor([0.4257], device='cuda:0')
no increase in recent 1 iters
#########################################################
################## epoch 84 ###########################
loss: 312.5303, len_train_loader:965
modified_target in every batch:50.9668
modified_hist in every batch :466.4777
########## current_metrics ##########
ndcg_1: 0.2806291390728477
ndcg_5: tensor([0.4419], device='cuda:0')
ndcg_10: tensor([0.4807], device='cuda:0')
ndcg_20: tensor([0.5056], device='cuda:0')
hit_1: 0.2806291390728477
hit_5: 0.5865894039735099
hit_10: 0.7049668874172186
hit_20: 0.8029801324503312
ap: tensor([0.4222], device='cuda:0')
########## best_metrics ##########
ndcg_1: 0.2862582781456954
ndcg_5: tensor([0.4452], device='cuda:0')
ndcg_10: tensor([0.4849], device='cuda:0')
ndcg_20: tensor([0.5076], device='cuda:0')
hit_1: 0.2862582781456954
hit_5: 0.5943708609271523
hit_10: 0.7132450331125828
hit_20: 0.805794701986755
ap: tensor([0.4257], device='cuda:0')
no increase in recent 2 iters
#########################################################
################## epoch 85 ###########################
loss: 312.9685, len_train_loader:965
modified_target in every batch:50.9668
modified_hist in every batch :466.458
########## current_metrics ##########
ndcg_1: 0.27764900662251657
ndcg_5: tensor([0.4394], device='cuda:0')
ndcg_10: tensor([0.4792], device='cuda:0')
ndcg_20: tensor([0.5038], device='cuda:0')
hit_1: 0.27764900662251657
hit_5: 0.5841059602649007
hit_10: 0.7056291390728476
hit_20: 0.8026490066225166
ap: tensor([0.4199], device='cuda:0')
########## best_metrics ##########
ndcg_1: 0.2862582781456954
ndcg_5: tensor([0.4452], device='cuda:0')
ndcg_10: tensor([0.4849], device='cuda:0')
ndcg_20: tensor([0.5076], device='cuda:0')
hit_1: 0.2862582781456954
hit_5: 0.5943708609271523
hit_10: 0.7132450331125828
hit_20: 0.805794701986755
ap: tensor([0.4257], device='cuda:0')
no increase in recent 3 iters
#########################################################
################## epoch 86 ###########################
loss: 312.6329, len_train_loader:965
modified_target in every batch:50.9668
modified_hist in every batch :467.3503
########## current_metrics ##########
ndcg_1: 0.27798013245033115
ndcg_5: tensor([0.4400], device='cuda:0')
ndcg_10: tensor([0.4780], device='cuda:0')
ndcg_20: tensor([0.5022], device='cuda:0')
hit_1: 0.27798013245033115
hit_5: 0.5874172185430464
hit_10: 0.7038079470198676
hit_20: 0.7996688741721855
ap: tensor([0.4189], device='cuda:0')
########## best_metrics ##########
ndcg_1: 0.2862582781456954
ndcg_5: tensor([0.4452], device='cuda:0')
ndcg_10: tensor([0.4849], device='cuda:0')
ndcg_20: tensor([0.5076], device='cuda:0')
hit_1: 0.2862582781456954
hit_5: 0.5943708609271523
hit_10: 0.7132450331125828
hit_20: 0.805794701986755
ap: tensor([0.4257], device='cuda:0')
no increase in recent 4 iters
#########################################################
################## epoch 87 ###########################
loss: 312.4613, len_train_loader:965
modified_target in every batch:50.9668
modified_hist in every batch :466.7306
########## current_metrics ##########
ndcg_1: 0.2826158940397351
ndcg_5: tensor([0.4431], device='cuda:0')
ndcg_10: tensor([0.4823], device='cuda:0')
ndcg_20: tensor([0.5061], device='cuda:0')
hit_1: 0.2826158940397351
hit_5: 0.58841059602649
hit_10: 0.7087748344370861
hit_20: 0.8024834437086092
ap: tensor([0.4229], device='cuda:0')
########## best_metrics ##########
ndcg_1: 0.2862582781456954
ndcg_5: tensor([0.4452], device='cuda:0')
ndcg_10: tensor([0.4849], device='cuda:0')
ndcg_20: tensor([0.5076], device='cuda:0')
hit_1: 0.2862582781456954
hit_5: 0.5943708609271523
hit_10: 0.7132450331125828
hit_20: 0.805794701986755
ap: tensor([0.4257], device='cuda:0')
no increase in recent 5 iters
#########################################################
################## epoch 88 ###########################
loss: 311.7958, len_train_loader:965
modified_target in every batch:50.9668
modified_hist in every batch :467.1772
########## current_metrics ##########
ndcg_1: 0.2801324503311258
ndcg_5: tensor([0.4412], device='cuda:0')
ndcg_10: tensor([0.4808], device='cuda:0')
ndcg_20: tensor([0.5044], device='cuda:0')
hit_1: 0.2801324503311258
hit_5: 0.5880794701986755
hit_10: 0.7096026490066225
hit_20: 0.8026490066225166
ap: tensor([0.4206], device='cuda:0')
########## best_metrics ##########
ndcg_1: 0.2862582781456954
ndcg_5: tensor([0.4452], device='cuda:0')
ndcg_10: tensor([0.4849], device='cuda:0')
ndcg_20: tensor([0.5076], device='cuda:0')
hit_1: 0.2862582781456954
hit_5: 0.5943708609271523
hit_10: 0.7132450331125828
hit_20: 0.805794701986755
ap: tensor([0.4257], device='cuda:0')
no increase in recent 6 iters
#########################################################
################## epoch 89 ###########################
loss: 310.5997, len_train_loader:965
modified_target in every batch:50.9668
modified_hist in every batch :466.4788
########## current_metrics ##########
ndcg_1: 0.27980132450331124
ndcg_5: tensor([0.4421], device='cuda:0')
ndcg_10: tensor([0.4812], device='cuda:0')
ndcg_20: tensor([0.5050], device='cuda:0')
hit_1: 0.27980132450331124
hit_5: 0.5897350993377484
hit_10: 0.7097682119205299
hit_20: 0.8038079470198676
ap: tensor([0.4210], device='cuda:0')
########## best_metrics ##########
ndcg_1: 0.2862582781456954
ndcg_5: tensor([0.4452], device='cuda:0')
ndcg_10: tensor([0.4849], device='cuda:0')
ndcg_20: tensor([0.5076], device='cuda:0')
hit_1: 0.2862582781456954
hit_5: 0.5943708609271523
hit_10: 0.7132450331125828
hit_20: 0.805794701986755
ap: tensor([0.4257], device='cuda:0')
no increase in recent 7 iters
#########################################################
################## epoch 90 ###########################
loss: 310.76, len_train_loader:965
modified_target in every batch:50.9668
modified_hist in every batch :467.8062
########## current_metrics ##########
ndcg_1: 0.277317880794702
ndcg_5: tensor([0.4411], device='cuda:0')
ndcg_10: tensor([0.4788], device='cuda:0')
ndcg_20: tensor([0.5037], device='cuda:0')
hit_1: 0.277317880794702
hit_5: 0.5908940397350994
hit_10: 0.7064569536423841
hit_20: 0.8043046357615894
ap: tensor([0.4191], device='cuda:0')
########## best_metrics ##########
ndcg_1: 0.2862582781456954
ndcg_5: tensor([0.4452], device='cuda:0')
ndcg_10: tensor([0.4849], device='cuda:0')
ndcg_20: tensor([0.5076], device='cuda:0')
hit_1: 0.2862582781456954
hit_5: 0.5943708609271523
hit_10: 0.7132450331125828
hit_20: 0.805794701986755
ap: tensor([0.4257], device='cuda:0')
no increase in recent 8 iters
#########################################################
################## epoch 91 ###########################
loss: 310.2711, len_train_loader:965
modified_target in every batch:50.9668
modified_hist in every batch :466.7668
########## current_metrics ##########
ndcg_1: 0.28443708609271523
ndcg_5: tensor([0.4456], device='cuda:0')
ndcg_10: tensor([0.4836], device='cuda:0')
ndcg_20: tensor([0.5084], device='cuda:0')
hit_1: 0.28443708609271523
hit_5: 0.5905629139072848
hit_10: 0.7074503311258278
hit_20: 0.8054635761589404
ap: tensor([0.4251], device='cuda:0')
########## best_metrics ##########
ndcg_1: 0.2862582781456954
ndcg_5: tensor([0.4456], device='cuda:0')
ndcg_10: tensor([0.4849], device='cuda:0')
ndcg_20: tensor([0.5084], device='cuda:0')
hit_1: 0.2862582781456954
hit_5: 0.5943708609271523
hit_10: 0.7132450331125828
hit_20: 0.805794701986755
ap: tensor([0.4257], device='cuda:0')
no increase in recent 0 iters
#########################################################
################## epoch 92 ###########################
loss: 310.1839, len_train_loader:965
modified_target in every batch:50.9668
modified_hist in every batch :467.8684
########## current_metrics ##########
ndcg_1: 0.28311258278145696
ndcg_5: tensor([0.4438], device='cuda:0')
ndcg_10: tensor([0.4823], device='cuda:0')
ndcg_20: tensor([0.5061], device='cuda:0')
hit_1: 0.28311258278145696
hit_5: 0.5887417218543046
hit_10: 0.7066225165562914
hit_20: 0.8008278145695364
ap: tensor([0.4235], device='cuda:0')
########## best_metrics ##########
ndcg_1: 0.2862582781456954
ndcg_5: tensor([0.4456], device='cuda:0')
ndcg_10: tensor([0.4849], device='cuda:0')
ndcg_20: tensor([0.5084], device='cuda:0')
hit_1: 0.2862582781456954
hit_5: 0.5943708609271523
hit_10: 0.7132450331125828
hit_20: 0.805794701986755
ap: tensor([0.4257], device='cuda:0')
no increase in recent 1 iters
#########################################################
