nohup: ignoring input
########## DataInfo ##########
reading seq.dat
numUser:22502
numItem:10649
########## config ##########
thread_num: 4
dataset: electronics
eval_neg_num: 100
train_neg_num: 10
input_len: 5
rec_model: BERT
train_type: train
save_epochs: [100, 200, 300, 400]
epoch_num: 500
learning_rate: 0.01
train_batch_size: 1024
test_batch_size: 256
drop_ratio: 0.1
decay_factor: 0.9
hidden_size: 50
num_hidden_layers: 1
num_attention_heads: 2
intermediate_size: 100
hidden_act: gelu
hidden_dropout_prob: 0.1
attention_probs_dropout_prob: 0.1
type_vocab_size: 1
initializer_range: 0.1
loss_type: pairwise_sample
weight_decay: 0.01
device: cuda
max_seq_len: 6
layer_size: 1
threshold: 1
noise_ratio: 0.05
candidate_num: 3
high_loss_drop: 0.1
weight_drop: 0.2
encoder_loss: False
user_num: 22502
item_num: 10649
generating train samples
train_size: 201973, time: 0.8944990634918213
abandoned 0(0.0) samples
valid user num: 22502
valid item num: 10648
generating test samples
test_size: 22502, time: 11.614836692810059
abandoned 0(0.0) samples
------------BERT ENCODER YES------------
============================================================
Start Training
============================================================
################## epoch 0 ###########################
loss: 718.9998, len_train_loader:198
modified_target in every batch:0.0
modified_hist in every batch :0.0
########## current_metrics ##########
ndcg_1: 0.01088792107368234
ndcg_5: 0.03729584440588951
ndcg_10: 0.060124803334474564
ndcg_20: 0.09289625287055969
hit_1: 0.01088792107368234
hit_5: 0.06510532397120256
hit_10: 0.13665451959825795
hit_20: 0.2673984534708026
ap: 0.062233828008174896
########## best_metrics ##########
ndcg_1: 0.01088792107368234
ndcg_5: 0.03729584440588951
ndcg_10: 0.060124803334474564
ndcg_20: 0.09289625287055969
hit_1: 0.01088792107368234
hit_5: 0.06510532397120256
hit_10: 0.13665451959825795
hit_20: 0.2673984534708026
ap: 0.062233828008174896
no increase in recent 0 iters
#########################################################
################## epoch 1 ###########################
loss: 630.6863, len_train_loader:198
modified_target in every batch:0.0
modified_hist in every batch :0.0
########## current_metrics ##########
ndcg_1: 0.01746511421207004
ndcg_5: 0.057727739214897156
ndcg_10: 0.09103049337863922
ndcg_20: 0.13598507642745972
hit_1: 0.01746511421207004
hit_5: 0.10056883832548218
hit_10: 0.20487067816194116
hit_20: 0.3837436672295796
ap: 0.08469714224338531
########## best_metrics ##########
ndcg_1: 0.01746511421207004
ndcg_5: 0.057727739214897156
ndcg_10: 0.09103049337863922
ndcg_20: 0.13598507642745972
hit_1: 0.01746511421207004
hit_5: 0.10056883832548218
hit_10: 0.20487067816194116
hit_20: 0.3837436672295796
ap: 0.08469714224338531
no increase in recent 0 iters
#########################################################
################## epoch 2 ###########################
loss: 555.8724, len_train_loader:198
modified_target in every batch:0.0
modified_hist in every batch :0.0
########## current_metrics ##########
ndcg_1: 0.02084259176962048
ndcg_5: 0.06968090683221817
ndcg_10: 0.10492096096277237
ndcg_20: 0.14793619513511658
hit_1: 0.02084259176962048
hit_5: 0.12154475157763754
hit_10: 0.23144609368056174
hit_20: 0.40289752022042485
ap: 0.09372883290052414
########## best_metrics ##########
ndcg_1: 0.02084259176962048
ndcg_5: 0.06968090683221817
ndcg_10: 0.10492096096277237
ndcg_20: 0.14793619513511658
hit_1: 0.02084259176962048
hit_5: 0.12154475157763754
hit_10: 0.23144609368056174
hit_20: 0.40289752022042485
ap: 0.09372883290052414
no increase in recent 0 iters
#########################################################
################## epoch 3 ###########################
loss: 522.5893, len_train_loader:198
modified_target in every batch:0.0
modified_hist in every batch :0.0
########## current_metrics ##########
ndcg_1: 0.036841169673806774
ndcg_5: 0.096560999751091
ndcg_10: 0.13343828916549683
ndcg_20: 0.17531199753284454
hit_1: 0.036841169673806774
hit_5: 0.1575415518620567
hit_10: 0.27268687227801974
hit_20: 0.4396942494000533
ap: 0.11658717691898346
########## best_metrics ##########
ndcg_1: 0.036841169673806774
ndcg_5: 0.096560999751091
ndcg_10: 0.13343828916549683
ndcg_20: 0.17531199753284454
hit_1: 0.036841169673806774
hit_5: 0.1575415518620567
hit_10: 0.27268687227801974
hit_20: 0.4396942494000533
ap: 0.11658717691898346
no increase in recent 0 iters
#########################################################
################## epoch 4 ###########################
loss: 481.0301, len_train_loader:198
modified_target in every batch:0.0
modified_hist in every batch :0.0
########## current_metrics ##########
ndcg_1: 0.04355168429472936
ndcg_5: 0.1129344180226326
ndcg_10: 0.15383052825927734
ndcg_20: 0.19767411053180695
hit_1: 0.04355168429472936
hit_5: 0.1837614434272509
hit_10: 0.31103901875388856
hit_20: 0.4853346369211626
ap: 0.13154472410678864
########## best_metrics ##########
ndcg_1: 0.04355168429472936
ndcg_5: 0.1129344180226326
ndcg_10: 0.15383052825927734
ndcg_20: 0.19767411053180695
hit_1: 0.04355168429472936
hit_5: 0.1837614434272509
hit_10: 0.31103901875388856
hit_20: 0.4853346369211626
ap: 0.13154472410678864
no increase in recent 0 iters
#########################################################
################## epoch 5 ###########################
loss: 453.6064, len_train_loader:198
modified_target in every batch:0.0
modified_hist in every batch :0.0
########## current_metrics ##########
ndcg_1: 0.050262198915651944
ndcg_5: 0.12692101299762726
ndcg_10: 0.16697360575199127
ndcg_20: 0.20906175673007965
hit_1: 0.050262198915651944
hit_5: 0.20393742778419696
hit_10: 0.32863745444849346
hit_20: 0.49591147453559686
ap: 0.14242345094680786
########## best_metrics ##########
ndcg_1: 0.050262198915651944
ndcg_5: 0.12692101299762726
ndcg_10: 0.16697360575199127
ndcg_20: 0.20906175673007965
hit_1: 0.050262198915651944
hit_5: 0.20393742778419696
hit_10: 0.32863745444849346
hit_20: 0.49591147453559686
ap: 0.14242345094680786
no increase in recent 0 iters
#########################################################
################## epoch 6 ###########################
loss: 438.2195, len_train_loader:198
modified_target in every batch:0.0
modified_hist in every batch :0.0
########## current_metrics ##########
ndcg_1: 0.05412852190916363
ndcg_5: 0.1309821754693985
ndcg_10: 0.17240509390830994
ndcg_20: 0.21831852197647095
hit_1: 0.05412852190916363
hit_5: 0.20851479868456138
hit_10: 0.3376144342725091
hit_20: 0.5202648653453026
ap: 0.14749327301979065
########## best_metrics ##########
ndcg_1: 0.05412852190916363
ndcg_5: 0.1309821754693985
ndcg_10: 0.17240509390830994
ndcg_20: 0.21831852197647095
hit_1: 0.05412852190916363
hit_5: 0.20851479868456138
hit_10: 0.3376144342725091
hit_20: 0.5202648653453026
ap: 0.14749327301979065
no increase in recent 0 iters
#########################################################
################## epoch 7 ###########################
loss: 425.9441, len_train_loader:198
modified_target in every batch:0.0
modified_hist in every batch :0.0
########## current_metrics ##########
ndcg_1: 0.050528841880721716
ndcg_5: 0.12870649993419647
ndcg_10: 0.17087069153785706
ndcg_20: 0.21457360684871674
hit_1: 0.050528841880721716
hit_5: 0.20753710781263887
hit_10: 0.33912541107457117
hit_20: 0.5127099813349925
ap: 0.14448320865631104
########## best_metrics ##########
ndcg_1: 0.05412852190916363
ndcg_5: 0.1309821754693985
ndcg_10: 0.17240509390830994
ndcg_20: 0.21831852197647095
hit_1: 0.05412852190916363
hit_5: 0.20851479868456138
hit_10: 0.33912541107457117
hit_20: 0.5202648653453026
ap: 0.14749327301979065
no increase in recent 0 iters
#########################################################
################## epoch 8 ###########################
loss: 413.9948, len_train_loader:198
modified_target in every batch:0.0
modified_hist in every batch :0.0
########## current_metrics ##########
ndcg_1: 0.05772820193760555
ndcg_5: 0.14327046275138855
ndcg_10: 0.1868675947189331
ndcg_20: 0.2319185584783554
hit_1: 0.05772820193760555
hit_5: 0.22869078304150742
hit_10: 0.3641009688027731
hit_20: 0.5429295173762332
ap: 0.15737448632717133
########## best_metrics ##########
ndcg_1: 0.05772820193760555
ndcg_5: 0.14327046275138855
ndcg_10: 0.1868675947189331
ndcg_20: 0.2319185584783554
hit_1: 0.05772820193760555
hit_5: 0.22869078304150742
hit_10: 0.3641009688027731
hit_20: 0.5429295173762332
ap: 0.15737448632717133
no increase in recent 0 iters
#########################################################
################## epoch 9 ###########################
loss: 404.6573, len_train_loader:198
modified_target in every batch:0.0
modified_hist in every batch :0.0
########## current_metrics ##########
ndcg_1: 0.06017242911741179
ndcg_5: 0.1439506858587265
ndcg_10: 0.18536238372325897
ndcg_20: 0.22937585413455963
hit_1: 0.06017242911741179
hit_5: 0.2271798062394454
hit_10: 0.35623500133321484
hit_20: 0.5313305483956982
ap: 0.15762831270694733
########## best_metrics ##########
ndcg_1: 0.06017242911741179
ndcg_5: 0.1439506858587265
ndcg_10: 0.1868675947189331
ndcg_20: 0.2319185584783554
hit_1: 0.06017242911741179
hit_5: 0.22869078304150742
hit_10: 0.3641009688027731
hit_20: 0.5429295173762332
ap: 0.15762831270694733
no increase in recent 0 iters
#########################################################
################## epoch 10 ###########################
loss: 396.609, len_train_loader:198
modified_target in every batch:0.0
modified_hist in every batch :0.0
########## current_metrics ##########
ndcg_1: 0.06146120344858235
ndcg_5: 0.146973118185997
ndcg_10: 0.18935075402259827
ndcg_20: 0.2343730479478836
hit_1: 0.06146120344858235
hit_5: 0.23229046306994933
hit_10: 0.36427873077948625
hit_20: 0.5429739578704115
ap: 0.16050274670124054
########## best_metrics ##########
ndcg_1: 0.06146120344858235
ndcg_5: 0.146973118185997
ndcg_10: 0.18935075402259827
ndcg_20: 0.2343730479478836
hit_1: 0.06146120344858235
hit_5: 0.23229046306994933
hit_10: 0.36427873077948625
hit_20: 0.5429739578704115
ap: 0.16050274670124054
no increase in recent 0 iters
#########################################################
################## epoch 11 ###########################
loss: 388.7838, len_train_loader:198
modified_target in every batch:0.0
modified_hist in every batch :0.0
########## current_metrics ##########
ndcg_1: 0.07083814772020265
ndcg_5: 0.15908174216747284
ndcg_10: 0.20243267714977264
ndcg_20: 0.24708397686481476
hit_1: 0.07083814772020265
hit_5: 0.24660030219536042
hit_10: 0.38152164252066484
hit_20: 0.5586614523153497
ap: 0.17173981666564941
########## best_metrics ##########
ndcg_1: 0.07083814772020265
ndcg_5: 0.15908174216747284
ndcg_10: 0.20243267714977264
ndcg_20: 0.24708397686481476
hit_1: 0.07083814772020265
hit_5: 0.24660030219536042
hit_10: 0.38152164252066484
hit_20: 0.5586614523153497
ap: 0.17173981666564941
no increase in recent 0 iters
#########################################################
################## epoch 12 ###########################
loss: 380.4095, len_train_loader:198
modified_target in every batch:0.0
modified_hist in every batch :0.0
########## current_metrics ##########
ndcg_1: 0.06443871655852813
ndcg_5: 0.1484711617231369
ndcg_10: 0.19110436737537384
ndcg_20: 0.23523516952991486
hit_1: 0.06443871655852813
hit_5: 0.23189049862234468
hit_10: 0.36445649275619946
hit_20: 0.5398631232779308
ap: 0.16234688460826874
########## best_metrics ##########
ndcg_1: 0.07083814772020265
ndcg_5: 0.15908174216747284
ndcg_10: 0.20243267714977264
ndcg_20: 0.24708397686481476
hit_1: 0.07083814772020265
hit_5: 0.24660030219536042
hit_10: 0.38152164252066484
hit_20: 0.5586614523153497
ap: 0.17173981666564941
no increase in recent 1 iters
#########################################################
################## epoch 13 ###########################
loss: 373.5917, len_train_loader:198
modified_target in every batch:0.0
modified_hist in every batch :0.0
########## current_metrics ##########
ndcg_1: 0.06728290818593903
ndcg_5: 0.1514614373445511
ndcg_10: 0.19514790177345276
ndcg_20: 0.2377282828092575
hit_1: 0.06728290818593903
hit_5: 0.23469024975557728
hit_10: 0.37072260243533905
hit_20: 0.5399520042662874
ap: 0.16541792452335358
########## best_metrics ##########
ndcg_1: 0.07083814772020265
ndcg_5: 0.15908174216747284
ndcg_10: 0.20243267714977264
ndcg_20: 0.24708397686481476
hit_1: 0.07083814772020265
hit_5: 0.24660030219536042
hit_10: 0.38152164252066484
hit_20: 0.5586614523153497
ap: 0.17173981666564941
no increase in recent 2 iters
#########################################################
################## epoch 14 ###########################
loss: 368.6528, len_train_loader:198
modified_target in every batch:0.0
modified_hist in every batch :0.0
########## current_metrics ##########
ndcg_1: 0.06866056350546618
ndcg_5: 0.15305687487125397
ndcg_10: 0.1953788548707962
ndcg_20: 0.2381301373243332
hit_1: 0.06866056350546618
hit_5: 0.23700115545284864
hit_10: 0.36836725624388944
hit_20: 0.5382632654875122
ap: 0.16636665165424347
########## best_metrics ##########
ndcg_1: 0.07083814772020265
ndcg_5: 0.15908174216747284
ndcg_10: 0.20243267714977264
ndcg_20: 0.24708397686481476
hit_1: 0.07083814772020265
hit_5: 0.24660030219536042
hit_10: 0.38152164252066484
hit_20: 0.5586614523153497
ap: 0.17173981666564941
no increase in recent 3 iters
#########################################################
################## epoch 15 ###########################
loss: 362.5203, len_train_loader:198
modified_target in every batch:0.0
modified_hist in every batch :0.0
########## current_metrics ##########
ndcg_1: 0.06768287263354368
ndcg_5: 0.15198732912540436
ndcg_10: 0.19459345936775208
ndcg_20: 0.23862041532993317
hit_1: 0.06768287263354368
hit_5: 0.23517909519153854
hit_10: 0.3677450893253933
hit_20: 0.5425739934228069
ap: 0.16588139533996582
########## best_metrics ##########
ndcg_1: 0.07083814772020265
ndcg_5: 0.15908174216747284
ndcg_10: 0.20243267714977264
ndcg_20: 0.24708397686481476
hit_1: 0.07083814772020265
hit_5: 0.24660030219536042
hit_10: 0.38152164252066484
hit_20: 0.5586614523153497
ap: 0.17173981666564941
no increase in recent 4 iters
#########################################################
################## epoch 16 ###########################
loss: 356.4844, len_train_loader:198
modified_target in every batch:0.0
modified_hist in every batch :0.0
########## current_metrics ##########
ndcg_1: 0.06946049240067549
ndcg_5: 0.1540592759847641
ndcg_10: 0.1955561637878418
ndcg_20: 0.23806366324424744
hit_1: 0.06946049240067549
hit_5: 0.23846769176073238
hit_10: 0.3675228868545018
hit_20: 0.5363523242378455
ap: 0.16668428480625153
########## best_metrics ##########
ndcg_1: 0.07083814772020265
ndcg_5: 0.15908174216747284
ndcg_10: 0.20243267714977264
ndcg_20: 0.24708397686481476
hit_1: 0.07083814772020265
hit_5: 0.24660030219536042
hit_10: 0.38152164252066484
hit_20: 0.5586614523153497
ap: 0.17173981666564941
no increase in recent 5 iters
#########################################################
################## epoch 17 ###########################
loss: 351.6715, len_train_loader:198
modified_target in every batch:0.0
modified_hist in every batch :0.0
########## current_metrics ##########
ndcg_1: 0.06808283708114835
ndcg_5: 0.15665149688720703
ndcg_10: 0.19902323186397552
ndcg_20: 0.24354642629623413
hit_1: 0.06808283708114835
hit_5: 0.2439338725446627
hit_10: 0.37574437827748647
hit_20: 0.552528664118745
ap: 0.16901236772537231
########## best_metrics ##########
ndcg_1: 0.07083814772020265
ndcg_5: 0.15908174216747284
ndcg_10: 0.20243267714977264
ndcg_20: 0.24708397686481476
hit_1: 0.07083814772020265
hit_5: 0.24660030219536042
hit_10: 0.38152164252066484
hit_20: 0.5586614523153497
ap: 0.17173981666564941
no increase in recent 6 iters
#########################################################
################## epoch 18 ###########################
loss: 348.092, len_train_loader:198
modified_target in every batch:0.0
modified_hist in every batch :0.0
########## current_metrics ##########
ndcg_1: 0.0712825526619856
ndcg_5: 0.15502172708511353
ndcg_10: 0.19665326178073883
ndcg_20: 0.24020998179912567
hit_1: 0.0712825526619856
hit_5: 0.238112167807306
hit_10: 0.36761176784285843
hit_20: 0.5403964092080704
ap: 0.16843847930431366
########## best_metrics ##########
ndcg_1: 0.0712825526619856
ndcg_5: 0.15908174216747284
ndcg_10: 0.20243267714977264
ndcg_20: 0.24708397686481476
hit_1: 0.0712825526619856
hit_5: 0.24660030219536042
hit_10: 0.38152164252066484
hit_20: 0.5586614523153497
ap: 0.17173981666564941
no increase in recent 0 iters
#########################################################
################## epoch 19 ###########################
loss: 344.2959, len_train_loader:198
modified_target in every batch:0.0
modified_hist in every batch :0.0
########## current_metrics ##########
ndcg_1: 0.06892720647053595
ndcg_5: 0.15530717372894287
ndcg_10: 0.19717881083488464
ndcg_20: 0.24013783037662506
hit_1: 0.06892720647053595
hit_5: 0.240067549551151
hit_10: 0.37001155452848633
hit_20: 0.5402630877255356
ap: 0.16808976233005524
########## best_metrics ##########
ndcg_1: 0.0712825526619856
ndcg_5: 0.15908174216747284
ndcg_10: 0.20243267714977264
ndcg_20: 0.24708397686481476
hit_1: 0.0712825526619856
hit_5: 0.24660030219536042
hit_10: 0.38152164252066484
hit_20: 0.5586614523153497
ap: 0.17173981666564941
no increase in recent 1 iters
#########################################################
################## epoch 20 ###########################
loss: 340.2718, len_train_loader:198
modified_target in every batch:0.0
modified_hist in every batch :0.0
########## current_metrics ##########
ndcg_1: 0.07168251710959025
ndcg_5: 0.1596226692199707
ndcg_10: 0.2021041065454483
ndcg_20: 0.2438843548297882
hit_1: 0.07168251710959025
hit_5: 0.24704470713714335
hit_10: 0.3793440583059284
hit_20: 0.5448848991200782
ap: 0.1713806539773941
########## best_metrics ##########
ndcg_1: 0.07168251710959025
ndcg_5: 0.1596226692199707
ndcg_10: 0.20243267714977264
ndcg_20: 0.24708397686481476
hit_1: 0.07168251710959025
hit_5: 0.24704470713714335
hit_10: 0.38152164252066484
hit_20: 0.5586614523153497
ap: 0.17173981666564941
no increase in recent 0 iters
#########################################################
################## epoch 21 ###########################
loss: 336.3685, len_train_loader:198
modified_target in every batch:0.0
modified_hist in every batch :0.0
########## current_metrics ##########
ndcg_1: 0.06701626522086926
ndcg_5: 0.15097086131572723
ndcg_10: 0.1922590136528015
ndcg_20: 0.23496802151203156
hit_1: 0.06701626522086926
hit_5: 0.2344236067905075
hit_10: 0.3630788374366723
hit_20: 0.5330192871744733
ap: 0.16386766731739044
########## best_metrics ##########
ndcg_1: 0.07168251710959025
ndcg_5: 0.1596226692199707
ndcg_10: 0.20243267714977264
ndcg_20: 0.24708397686481476
hit_1: 0.07168251710959025
hit_5: 0.24704470713714335
hit_10: 0.38152164252066484
hit_20: 0.5586614523153497
ap: 0.17173981666564941
no increase in recent 1 iters
#########################################################
################## epoch 22 ###########################
loss: 333.0157, len_train_loader:198
modified_target in every batch:0.0
modified_hist in every batch :0.0
########## current_metrics ##########
ndcg_1: 0.06799395609279175
ndcg_5: 0.1491079330444336
ndcg_10: 0.18890033662319183
ndcg_20: 0.23090919852256775
hit_1: 0.06799395609279175
hit_5: 0.23015731934939115
hit_10: 0.3538352146475869
hit_20: 0.5209759132521553
ap: 0.16226229071617126
########## best_metrics ##########
ndcg_1: 0.07168251710959025
ndcg_5: 0.1596226692199707
ndcg_10: 0.20243267714977264
ndcg_20: 0.24708397686481476
hit_1: 0.07168251710959025
hit_5: 0.24704470713714335
hit_10: 0.38152164252066484
hit_20: 0.5586614523153497
ap: 0.17173981666564941
no increase in recent 2 iters
#########################################################
################## epoch 23 ###########################
loss: 320.6024, len_train_loader:198
modified_target in every batch:0.0
modified_hist in every batch :0.0
########## current_metrics ##########
ndcg_1: 0.07274908896986934
ndcg_5: 0.1591743677854538
ndcg_10: 0.20194195210933685
ndcg_20: 0.2452804297208786
hit_1: 0.07274908896986934
hit_5: 0.24428939649808906
hit_10: 0.37734423606790507
hit_20: 0.5493289485379077
ap: 0.172043576836586
########## best_metrics ##########
ndcg_1: 0.07274908896986934
ndcg_5: 0.1596226692199707
ndcg_10: 0.20243267714977264
ndcg_20: 0.24708397686481476
hit_1: 0.07274908896986934
hit_5: 0.24704470713714335
hit_10: 0.38152164252066484
hit_20: 0.5586614523153497
ap: 0.172043576836586
no increase in recent 0 iters
#########################################################
################## epoch 24 ###########################
loss: 316.3657, len_train_loader:198
modified_target in every batch:0.0
modified_hist in every batch :0.0
########## current_metrics ##########
ndcg_1: 0.06874944449382277
ndcg_5: 0.15176749229431152
ndcg_10: 0.19317397475242615
ndcg_20: 0.2365354597568512
hit_1: 0.06874944449382277
hit_5: 0.2335347969069416
hit_10: 0.3623233490356413
hit_20: 0.5344413829881788
ap: 0.16545537114143372
########## best_metrics ##########
ndcg_1: 0.07274908896986934
ndcg_5: 0.1596226692199707
ndcg_10: 0.20243267714977264
ndcg_20: 0.24708397686481476
hit_1: 0.07274908896986934
hit_5: 0.24704470713714335
hit_10: 0.38152164252066484
hit_20: 0.5586614523153497
ap: 0.172043576836586
no increase in recent 1 iters
#########################################################
################## epoch 25 ###########################
loss: 312.9169, len_train_loader:198
modified_target in every batch:0.0
modified_hist in every batch :0.0
########## current_metrics ##########
ndcg_1: 0.06968269487156697
ndcg_5: 0.1556704044342041
ndcg_10: 0.1954648345708847
ndcg_20: 0.23675481975078583
hit_1: 0.06968269487156697
hit_5: 0.24028975202204247
hit_10: 0.36365656386099016
hit_20: 0.5275086658963648
ap: 0.1674586981534958
########## best_metrics ##########
ndcg_1: 0.07274908896986934
ndcg_5: 0.1596226692199707
ndcg_10: 0.20243267714977264
ndcg_20: 0.24708397686481476
hit_1: 0.07274908896986934
hit_5: 0.24704470713714335
hit_10: 0.38152164252066484
hit_20: 0.5586614523153497
ap: 0.172043576836586
no increase in recent 2 iters
#########################################################
################## epoch 26 ###########################
loss: 311.1426, len_train_loader:198
modified_target in every batch:0.0
modified_hist in every batch :0.0
########## current_metrics ##########
ndcg_1: 0.0732379344058306
ndcg_5: 0.16006991267204285
ndcg_10: 0.2024480253458023
ndcg_20: 0.24361276626586914
hit_1: 0.0732379344058306
hit_5: 0.24517820638165497
hit_10: 0.3767220691494089
hit_20: 0.5402630877255356
ap: 0.1724231243133545
########## best_metrics ##########
ndcg_1: 0.0732379344058306
ndcg_5: 0.16006991267204285
ndcg_10: 0.2024480253458023
ndcg_20: 0.24708397686481476
hit_1: 0.0732379344058306
hit_5: 0.24704470713714335
hit_10: 0.38152164252066484
hit_20: 0.5586614523153497
ap: 0.1724231243133545
no increase in recent 0 iters
#########################################################
################## epoch 27 ###########################
loss: 307.6848, len_train_loader:198
modified_target in every batch:0.0
modified_hist in every batch :0.0
########## current_metrics ##########
ndcg_1: 0.07283796995822593
ndcg_5: 0.1582118421792984
ndcg_10: 0.19865666329860687
ndcg_20: 0.24019989371299744
hit_1: 0.07283796995822593
hit_5: 0.24308950315527508
hit_10: 0.3685894587147809
hit_20: 0.533863656563861
ap: 0.16999584436416626
########## best_metrics ##########
ndcg_1: 0.0732379344058306
ndcg_5: 0.16006991267204285
ndcg_10: 0.2024480253458023
ndcg_20: 0.24708397686481476
hit_1: 0.0732379344058306
hit_5: 0.24704470713714335
hit_10: 0.38152164252066484
hit_20: 0.5586614523153497
ap: 0.1724231243133545
no increase in recent 1 iters
#########################################################
################## epoch 28 ###########################
loss: 305.3186, len_train_loader:198
modified_target in every batch:0.0
modified_hist in every batch :0.0
########## current_metrics ##########
ndcg_1: 0.06821615856368322
ndcg_5: 0.15251334011554718
ndcg_10: 0.19294020533561707
ndcg_20: 0.2346528023481369
hit_1: 0.06821615856368322
hit_5: 0.23500133321482536
hit_10: 0.3609901342102924
hit_20: 0.5264420940360857
ap: 0.16523286700248718
########## best_metrics ##########
ndcg_1: 0.0732379344058306
ndcg_5: 0.16006991267204285
ndcg_10: 0.2024480253458023
ndcg_20: 0.24708397686481476
hit_1: 0.0732379344058306
hit_5: 0.24704470713714335
hit_10: 0.38152164252066484
hit_20: 0.5586614523153497
ap: 0.1724231243133545
no increase in recent 2 iters
#########################################################
################## epoch 29 ###########################
loss: 303.993, len_train_loader:198
modified_target in every batch:0.0
modified_hist in every batch :0.0
########## current_metrics ##########
ndcg_1: 0.06919384943560572
ndcg_5: 0.15664136409759521
ndcg_10: 0.19866207242012024
ndcg_20: 0.2397746443748474
hit_1: 0.06919384943560572
hit_5: 0.2429561816727402
hit_10: 0.3739223180161763
hit_20: 0.5375077770864812
ap: 0.16842123866081238
########## best_metrics ##########
ndcg_1: 0.0732379344058306
ndcg_5: 0.16006991267204285
ndcg_10: 0.2024480253458023
ndcg_20: 0.24708397686481476
hit_1: 0.0732379344058306
hit_5: 0.24704470713714335
hit_10: 0.38152164252066484
hit_20: 0.5586614523153497
ap: 0.1724231243133545
no increase in recent 3 iters
#########################################################
################## epoch 30 ###########################
loss: 300.5378, len_train_loader:198
modified_target in every batch:0.0
modified_hist in every batch :0.0
########## current_metrics ##########
ndcg_1: 0.06994933783663675
ndcg_5: 0.15497776865959167
ndcg_10: 0.1944243460893631
ndcg_20: 0.23531432449817657
hit_1: 0.06994933783663675
hit_5: 0.23855657274908898
hit_10: 0.3612123366811839
hit_20: 0.523642342902853
ap: 0.1667867749929428
########## best_metrics ##########
ndcg_1: 0.0732379344058306
ndcg_5: 0.16006991267204285
ndcg_10: 0.2024480253458023
ndcg_20: 0.24708397686481476
hit_1: 0.0732379344058306
hit_5: 0.24704470713714335
hit_10: 0.38152164252066484
hit_20: 0.5586614523153497
ap: 0.1724231243133545
no increase in recent 4 iters
#########################################################
################## epoch 31 ###########################
loss: 300.0067, len_train_loader:198
modified_target in every batch:0.0
modified_hist in every batch :0.0
########## current_metrics ##########
ndcg_1: 0.07021598080170652
ndcg_5: 0.15358057618141174
ndcg_10: 0.19324642419815063
ndcg_20: 0.23473533987998962
hit_1: 0.07021598080170652
hit_5: 0.23589014309839126
hit_10: 0.35934583592569547
hit_20: 0.5244422717980624
ap: 0.16601146757602692
########## best_metrics ##########
ndcg_1: 0.0732379344058306
ndcg_5: 0.16006991267204285
ndcg_10: 0.2024480253458023
ndcg_20: 0.24708397686481476
hit_1: 0.0732379344058306
hit_5: 0.24704470713714335
hit_10: 0.38152164252066484
hit_20: 0.5586614523153497
ap: 0.1724231243133545
no increase in recent 5 iters
#########################################################
################## epoch 32 ###########################
loss: 296.2177, len_train_loader:198
modified_target in every batch:0.0
modified_hist in every batch :0.0
########## current_metrics ##########
ndcg_1: 0.07106035019109412
ndcg_5: 0.15784184634685516
ndcg_10: 0.19743284583091736
ndcg_20: 0.23815664649009705
hit_1: 0.07106035019109412
hit_5: 0.2438894320504844
hit_10: 0.366945160430184
hit_20: 0.5289752022042485
ap: 0.1686687469482422
########## best_metrics ##########
ndcg_1: 0.0732379344058306
ndcg_5: 0.16006991267204285
ndcg_10: 0.2024480253458023
ndcg_20: 0.24708397686481476
hit_1: 0.0732379344058306
hit_5: 0.24704470713714335
hit_10: 0.38152164252066484
hit_20: 0.5586614523153497
ap: 0.1724231243133545
no increase in recent 6 iters
#########################################################
################## epoch 33 ###########################
loss: 294.6373, len_train_loader:198
modified_target in every batch:0.0
modified_hist in every batch :0.0
########## current_metrics ##########
ndcg_1: 0.07337125588836547
ndcg_5: 0.1591162234544754
ndcg_10: 0.19922879338264465
ndcg_20: 0.24068498611450195
hit_1: 0.07337125588836547
hit_5: 0.24340058661452316
hit_10: 0.36814505377299794
hit_20: 0.5327970847035819
ap: 0.17084936797618866
########## best_metrics ##########
ndcg_1: 0.07337125588836547
ndcg_5: 0.16006991267204285
ndcg_10: 0.2024480253458023
ndcg_20: 0.24708397686481476
hit_1: 0.07337125588836547
hit_5: 0.24704470713714335
hit_10: 0.38152164252066484
hit_20: 0.5586614523153497
ap: 0.1724231243133545
no increase in recent 0 iters
#########################################################
################## epoch 34 ###########################
loss: 284.713, len_train_loader:198
modified_target in every batch:0.0
modified_hist in every batch :0.0
########## current_metrics ##########
ndcg_1: 0.07012709981334993
ndcg_5: 0.15500588715076447
ndcg_10: 0.1944911926984787
ndcg_20: 0.23555107414722443
hit_1: 0.07012709981334993
hit_5: 0.23944538263265489
hit_10: 0.36241223002399786
hit_20: 0.52528664118745
ap: 0.16662302613258362
########## best_metrics ##########
ndcg_1: 0.07337125588836547
ndcg_5: 0.16006991267204285
ndcg_10: 0.2024480253458023
ndcg_20: 0.24708397686481476
hit_1: 0.07337125588836547
hit_5: 0.24704470713714335
hit_10: 0.38152164252066484
hit_20: 0.5586614523153497
ap: 0.1724231243133545
no increase in recent 1 iters
#########################################################
################## epoch 35 ###########################
loss: 282.3763, len_train_loader:198
modified_target in every batch:0.0
modified_hist in every batch :0.0
########## current_metrics ##########
ndcg_1: 0.07048262376677629
ndcg_5: 0.15494674444198608
ndcg_10: 0.1952114850282669
ndcg_20: 0.23759368062019348
hit_1: 0.07048262376677629
hit_5: 0.2374011199004533
hit_10: 0.36258999200071107
hit_20: 0.531152786418985
ap: 0.16754044592380524
########## best_metrics ##########
ndcg_1: 0.07337125588836547
ndcg_5: 0.16006991267204285
ndcg_10: 0.2024480253458023
ndcg_20: 0.24708397686481476
hit_1: 0.07337125588836547
hit_5: 0.24704470713714335
hit_10: 0.38152164252066484
hit_20: 0.5586614523153497
ap: 0.1724231243133545
no increase in recent 2 iters
#########################################################
################## epoch 36 ###########################
loss: 280.7864, len_train_loader:198
modified_target in every batch:0.0
modified_hist in every batch :0.0
########## current_metrics ##########
ndcg_1: 0.07292685094658252
ndcg_5: 0.15898126363754272
ndcg_10: 0.1998893767595291
ndcg_20: 0.241962730884552
hit_1: 0.07292685094658252
hit_5: 0.2438449915563061
hit_10: 0.37098924540040884
hit_20: 0.5381743844991557
ap: 0.17106002569198608
########## best_metrics ##########
ndcg_1: 0.07337125588836547
ndcg_5: 0.16006991267204285
ndcg_10: 0.2024480253458023
ndcg_20: 0.24708397686481476
hit_1: 0.07337125588836547
hit_5: 0.24704470713714335
hit_10: 0.38152164252066484
hit_20: 0.5586614523153497
ap: 0.1724231243133545
no increase in recent 3 iters
#########################################################
################## epoch 37 ###########################
loss: 279.4894, len_train_loader:198
modified_target in every batch:0.0
modified_hist in every batch :0.0
########## current_metrics ##########
ndcg_1: 0.07270464847569105
ndcg_5: 0.15615013241767883
ndcg_10: 0.19592759013175964
ndcg_20: 0.2374531477689743
hit_1: 0.07270464847569105
hit_5: 0.23940094213847657
hit_10: 0.363034396942494
hit_20: 0.5280863923206826
ap: 0.16829665005207062
########## best_metrics ##########
ndcg_1: 0.07337125588836547
ndcg_5: 0.16006991267204285
ndcg_10: 0.2024480253458023
ndcg_20: 0.24708397686481476
hit_1: 0.07337125588836547
hit_5: 0.24704470713714335
hit_10: 0.38152164252066484
hit_20: 0.5586614523153497
ap: 0.1724231243133545
no increase in recent 4 iters
#########################################################
################## epoch 38 ###########################
loss: 278.6871, len_train_loader:198
modified_target in every batch:0.0
modified_hist in every batch :0.0
########## current_metrics ##########
ndcg_1: 0.07346013687672207
ndcg_5: 0.15697400271892548
ndcg_10: 0.19707441329956055
ndcg_20: 0.2383684664964676
hit_1: 0.07346013687672207
hit_5: 0.23931206115012
hit_10: 0.3639676473202382
hit_20: 0.5279086303439694
ap: 0.16944897174835205
########## best_metrics ##########
ndcg_1: 0.07346013687672207
ndcg_5: 0.16006991267204285
ndcg_10: 0.2024480253458023
ndcg_20: 0.24708397686481476
hit_1: 0.07346013687672207
hit_5: 0.24704470713714335
hit_10: 0.38152164252066484
hit_20: 0.5586614523153497
ap: 0.1724231243133545
no increase in recent 0 iters
#########################################################
################## epoch 39 ###########################
loss: 277.3327, len_train_loader:198
modified_target in every batch:0.0
modified_hist in every batch :0.0
########## current_metrics ##########
ndcg_1: 0.0685272420229313
ndcg_5: 0.1527387648820877
ndcg_10: 0.1913948506116867
ndcg_20: 0.23294752836227417
hit_1: 0.0685272420229313
hit_5: 0.23469024975557728
hit_10: 0.3548129055195094
hit_20: 0.5199537818860546
ap: 0.16494323313236237
########## best_metrics ##########
ndcg_1: 0.07346013687672207
ndcg_5: 0.16006991267204285
ndcg_10: 0.2024480253458023
ndcg_20: 0.24708397686481476
hit_1: 0.07346013687672207
hit_5: 0.24704470713714335
hit_10: 0.38152164252066484
hit_20: 0.5586614523153497
ap: 0.1724231243133545
no increase in recent 1 iters
#########################################################
################## epoch 40 ###########################
loss: 276.0588, len_train_loader:198
modified_target in every batch:0.0
modified_hist in every batch :0.0
########## current_metrics ##########
ndcg_1: 0.07132699315616389
ndcg_5: 0.15765827894210815
ndcg_10: 0.19727276265621185
ndcg_20: 0.23797205090522766
hit_1: 0.07132699315616389
hit_5: 0.24206737178917428
hit_10: 0.3653897431339436
hit_20: 0.5268420584836904
ap: 0.1691250503063202
########## best_metrics ##########
ndcg_1: 0.07346013687672207
ndcg_5: 0.16006991267204285
ndcg_10: 0.2024480253458023
ndcg_20: 0.24708397686481476
hit_1: 0.07346013687672207
hit_5: 0.24704470713714335
hit_10: 0.38152164252066484
hit_20: 0.5586614523153497
ap: 0.1724231243133545
no increase in recent 2 iters
#########################################################
################## epoch 41 ###########################
loss: 275.3594, len_train_loader:198
modified_target in every batch:0.0
modified_hist in every batch :0.0
########## current_metrics ##########
ndcg_1: 0.0713714336503422
ndcg_5: 0.155117928981781
ndcg_10: 0.194380983710289
ndcg_20: 0.23595155775547028
hit_1: 0.0713714336503422
hit_5: 0.2374011199004533
hit_10: 0.3595235979024087
hit_20: 0.5248866767398453
ap: 0.16743695735931396
########## best_metrics ##########
ndcg_1: 0.07346013687672207
ndcg_5: 0.16006991267204285
ndcg_10: 0.2024480253458023
ndcg_20: 0.24708397686481476
hit_1: 0.07346013687672207
hit_5: 0.24704470713714335
hit_10: 0.38152164252066484
hit_20: 0.5586614523153497
ap: 0.1724231243133545
no increase in recent 3 iters
#########################################################
################## epoch 42 ###########################
loss: 274.3304, len_train_loader:198
modified_target in every batch:0.0
modified_hist in every batch :0.0
########## current_metrics ##########
ndcg_1: 0.07168251710959025
ndcg_5: 0.15440918505191803
ndcg_10: 0.19307903945446014
ndcg_20: 0.23347154259681702
hit_1: 0.07168251710959025
hit_5: 0.23540129766243
hit_10: 0.3555239534263621
hit_20: 0.5163541018576127
ap: 0.1667320728302002
########## best_metrics ##########
ndcg_1: 0.07346013687672207
ndcg_5: 0.16006991267204285
ndcg_10: 0.2024480253458023
ndcg_20: 0.24708397686481476
hit_1: 0.07346013687672207
hit_5: 0.24704470713714335
hit_10: 0.38152164252066484
hit_20: 0.5586614523153497
ap: 0.1724231243133545
no increase in recent 4 iters
#########################################################
################## epoch 43 ###########################
loss: 273.4024, len_train_loader:198
modified_target in every batch:0.0
modified_hist in every batch :0.0
########## current_metrics ##########
ndcg_1: 0.07070482623766776
ndcg_5: 0.15639398992061615
ndcg_10: 0.195466548204422
ndcg_20: 0.23688533902168274
hit_1: 0.07070482623766776
hit_5: 0.23864545373744556
hit_10: 0.36010132432672654
hit_20: 0.5248422362456671
ap: 0.16856993734836578
########## best_metrics ##########
ndcg_1: 0.07346013687672207
ndcg_5: 0.16006991267204285
ndcg_10: 0.2024480253458023
ndcg_20: 0.24708397686481476
hit_1: 0.07346013687672207
hit_5: 0.24704470713714335
hit_10: 0.38152164252066484
hit_20: 0.5586614523153497
ap: 0.1724231243133545
no increase in recent 5 iters
#########################################################
################## epoch 44 ###########################
loss: 272.6384, len_train_loader:198
modified_target in every batch:0.0
modified_hist in every batch :0.0
########## current_metrics ##########
ndcg_1: 0.06857168251710959
ndcg_5: 0.1509697586297989
ndcg_10: 0.18858540058135986
ndcg_20: 0.22989504039287567
hit_1: 0.06857168251710959
hit_5: 0.2316682961514532
hit_10: 0.348591236334548
hit_20: 0.512798862323349
ap: 0.16317962110042572
########## best_metrics ##########
ndcg_1: 0.07346013687672207
ndcg_5: 0.16006991267204285
ndcg_10: 0.2024480253458023
ndcg_20: 0.24708397686481476
hit_1: 0.07346013687672207
hit_5: 0.24704470713714335
hit_10: 0.38152164252066484
hit_20: 0.5586614523153497
ap: 0.1724231243133545
no increase in recent 6 iters
#########################################################
################## epoch 45 ###########################
loss: 262.2791, len_train_loader:198
modified_target in every batch:0.0
modified_hist in every batch :0.0
########## current_metrics ##########
ndcg_1: 0.07199360056883833
ndcg_5: 0.15529924631118774
ndcg_10: 0.19368861615657806
ndcg_20: 0.23600731790065765
hit_1: 0.07199360056883833
hit_5: 0.23664563149942228
hit_10: 0.3561016798506799
hit_20: 0.5243533908097058
ap: 0.16764864325523376
########## best_metrics ##########
ndcg_1: 0.07346013687672207
ndcg_5: 0.16006991267204285
ndcg_10: 0.2024480253458023
ndcg_20: 0.24708397686481476
hit_1: 0.07346013687672207
hit_5: 0.24704470713714335
hit_10: 0.38152164252066484
hit_20: 0.5586614523153497
ap: 0.1724231243133545
no increase in recent 7 iters
#########################################################
################## epoch 46 ###########################
loss: 260.6305, len_train_loader:198
modified_target in every batch:0.0
modified_hist in every batch :0.0
########## current_metrics ##########
ndcg_1: 0.07154919562705538
ndcg_5: 0.15481765568256378
ndcg_10: 0.19364680349826813
ndcg_20: 0.23511232435703278
hit_1: 0.07154919562705538
hit_5: 0.23602346458092613
hit_10: 0.35694604924006756
hit_20: 0.5217758421473647
ap: 0.1672867238521576
########## best_metrics ##########
ndcg_1: 0.07346013687672207
ndcg_5: 0.16006991267204285
ndcg_10: 0.2024480253458023
ndcg_20: 0.24708397686481476
hit_1: 0.07346013687672207
hit_5: 0.24704470713714335
hit_10: 0.38152164252066484
hit_20: 0.5586614523153497
ap: 0.1724231243133545
no increase in recent 8 iters
#########################################################
################## epoch 47 ###########################
loss: 259.3702, len_train_loader:198
modified_target in every batch:0.0
modified_hist in every batch :0.0
########## current_metrics ##########
ndcg_1: 0.07194916007466003
ndcg_5: 0.15289555490016937
ndcg_10: 0.19061417877674103
ndcg_20: 0.23218834400177002
hit_1: 0.07194916007466003
hit_5: 0.23229046306994933
hit_10: 0.34939116522975733
hit_20: 0.5145764820904808
ap: 0.1658230423927307
########## best_metrics ##########
ndcg_1: 0.07346013687672207
ndcg_5: 0.16006991267204285
ndcg_10: 0.2024480253458023
ndcg_20: 0.24708397686481476
hit_1: 0.07346013687672207
hit_5: 0.24704470713714335
hit_10: 0.38152164252066484
hit_20: 0.5586614523153497
ap: 0.1724231243133545
no increase in recent 9 iters
#########################################################
################## epoch 48 ###########################
loss: 259.2517, len_train_loader:198
modified_target in every batch:0.0
modified_hist in every batch :0.0
########## current_metrics ##########
ndcg_1: 0.07190471958048174
ndcg_5: 0.1582442820072174
ndcg_10: 0.19811391830444336
ndcg_20: 0.23968610167503357
hit_1: 0.07190471958048174
hit_5: 0.24251177673095725
hit_10: 0.3666785174651142
hit_20: 0.531908274820016
ap: 0.16992884874343872
########## best_metrics ##########
ndcg_1: 0.07346013687672207
ndcg_5: 0.16006991267204285
ndcg_10: 0.2024480253458023
ndcg_20: 0.24708397686481476
hit_1: 0.07346013687672207
hit_5: 0.24704470713714335
hit_10: 0.38152164252066484
hit_20: 0.5586614523153497
ap: 0.1724231243133545
no increase in recent 10 iters
#########################################################
################## epoch 49 ###########################
loss: 259.2418, len_train_loader:198
modified_target in every batch:0.0
modified_hist in every batch :0.0
########## current_metrics ##########
ndcg_1: 0.06906052795307084
ndcg_5: 0.1494888812303543
ndcg_10: 0.18809083104133606
ndcg_20: 0.2289908230304718
hit_1: 0.06906052795307084
hit_5: 0.22802417562883298
hit_10: 0.3481023908985868
hit_20: 0.510532397120256
ap: 0.16274520754814148
########## best_metrics ##########
ndcg_1: 0.07346013687672207
ndcg_5: 0.16006991267204285
ndcg_10: 0.2024480253458023
ndcg_20: 0.24708397686481476
hit_1: 0.07346013687672207
hit_5: 0.24704470713714335
hit_10: 0.38152164252066484
hit_20: 0.5586614523153497
ap: 0.1724231243133545
no increase in recent 11 iters
#########################################################
################## epoch 50 ###########################
loss: 258.7552, len_train_loader:198
modified_target in every batch:0.0
modified_hist in every batch :0.0
########## current_metrics ##########
ndcg_1: 0.07043818327259799
ndcg_5: 0.15354377031326294
ndcg_10: 0.19290956854820251
ndcg_20: 0.2346164733171463
hit_1: 0.07043818327259799
hit_5: 0.23602346458092613
hit_10: 0.3585014665363079
hit_20: 0.5243978313038841
ap: 0.16591188311576843
########## best_metrics ##########
ndcg_1: 0.07346013687672207
ndcg_5: 0.16006991267204285
ndcg_10: 0.2024480253458023
ndcg_20: 0.24708397686481476
hit_1: 0.07346013687672207
hit_5: 0.24704470713714335
hit_10: 0.38152164252066484
hit_20: 0.5586614523153497
ap: 0.1724231243133545
no increase in recent 12 iters
#########################################################
################## epoch 51 ###########################
loss: 257.751, len_train_loader:198
modified_target in every batch:0.0
modified_hist in every batch :0.0
########## current_metrics ##########
ndcg_1: 0.07146031463869879
ndcg_5: 0.1517469733953476
ndcg_10: 0.18835808336734772
ndcg_20: 0.2279365509748459
hit_1: 0.07146031463869879
hit_5: 0.23055728379699583
hit_10: 0.3443249488934317
hit_20: 0.5018665007554884
ap: 0.1639055460691452
########## best_metrics ##########
ndcg_1: 0.07346013687672207
ndcg_5: 0.16006991267204285
ndcg_10: 0.2024480253458023
ndcg_20: 0.24708397686481476
hit_1: 0.07346013687672207
hit_5: 0.24704470713714335
hit_10: 0.38152164252066484
hit_20: 0.5586614523153497
ap: 0.1724231243133545
no increase in recent 13 iters
#########################################################
################## epoch 52 ###########################
loss: 255.8689, len_train_loader:198
modified_target in every batch:0.0
modified_hist in every batch :0.0
########## current_metrics ##########
ndcg_1: 0.07141587414452048
ndcg_5: 0.15461324155330658
ndcg_10: 0.1931043118238449
ndcg_20: 0.23286469280719757
hit_1: 0.07141587414452048
hit_5: 0.2372233579237401
hit_10: 0.35685716825171093
hit_20: 0.5150653275264421
ap: 0.16621877253055573
########## best_metrics ##########
ndcg_1: 0.07346013687672207
ndcg_5: 0.16006991267204285
ndcg_10: 0.2024480253458023
ndcg_20: 0.24708397686481476
hit_1: 0.07346013687672207
hit_5: 0.24704470713714335
hit_10: 0.38152164252066484
hit_20: 0.5586614523153497
ap: 0.1724231243133545
no increase in recent 14 iters
#########################################################
################## epoch 53 ###########################
loss: 255.0243, len_train_loader:198
modified_target in every batch:0.0
modified_hist in every batch :0.0
########## current_metrics ##########
ndcg_1: 0.06728290818593903
ndcg_5: 0.1474338322877884
ndcg_10: 0.18558311462402344
ndcg_20: 0.2271997630596161
hit_1: 0.06728290818593903
hit_5: 0.2261576748733446
hit_10: 0.34481379432939296
hit_20: 0.5103990756377211
ap: 0.1606883853673935
########## best_metrics ##########
ndcg_1: 0.07346013687672207
ndcg_5: 0.16006991267204285
ndcg_10: 0.2024480253458023
ndcg_20: 0.24708397686481476
hit_1: 0.07346013687672207
hit_5: 0.24704470713714335
hit_10: 0.38152164252066484
hit_20: 0.5586614523153497
ap: 0.1724231243133545
no increase in recent 15 iters
#########################################################
################## epoch 54 ###########################
loss: 254.0636, len_train_loader:198
modified_target in every batch:0.0
modified_hist in every batch :0.0
########## current_metrics ##########
ndcg_1: 0.06888276597635766
ndcg_5: 0.15011310577392578
ndcg_10: 0.18805892765522003
ndcg_20: 0.22893214225769043
hit_1: 0.06888276597635766
hit_5: 0.22935739045418185
hit_10: 0.34756910496844723
hit_20: 0.5102657541551862
ap: 0.1627320796251297
########## best_metrics ##########
ndcg_1: 0.07346013687672207
ndcg_5: 0.16006991267204285
ndcg_10: 0.2024480253458023
ndcg_20: 0.24708397686481476
hit_1: 0.07346013687672207
hit_5: 0.24704470713714335
hit_10: 0.38152164252066484
hit_20: 0.5586614523153497
ap: 0.1724231243133545
no increase in recent 16 iters
#########################################################
################## epoch 55 ###########################
loss: 252.9094, len_train_loader:198
modified_target in every batch:0.0
modified_hist in every batch :0.0
########## current_metrics ##########
ndcg_1: 0.0695049328948538
ndcg_5: 0.14958606660366058
ndcg_10: 0.18919338285923004
ndcg_20: 0.2304634302854538
hit_1: 0.0695049328948538
hit_5: 0.22815749711136787
hit_10: 0.3509465825259977
hit_20: 0.5151986490089769
ap: 0.16339129209518433
########## best_metrics ##########
ndcg_1: 0.07346013687672207
ndcg_5: 0.16006991267204285
ndcg_10: 0.2024480253458023
ndcg_20: 0.24708397686481476
hit_1: 0.07346013687672207
hit_5: 0.24704470713714335
hit_10: 0.38152164252066484
hit_20: 0.5586614523153497
ap: 0.1724231243133545
no increase in recent 17 iters
#########################################################
################## epoch 56 ###########################
loss: 244.3362, len_train_loader:198
modified_target in every batch:0.0
modified_hist in every batch :0.0
########## current_metrics ##########
ndcg_1: 0.07106035019109412
ndcg_5: 0.15318739414215088
ndcg_10: 0.19223542511463165
ndcg_20: 0.2320060282945633
hit_1: 0.07106035019109412
hit_5: 0.23326815394187184
hit_10: 0.35445738156608303
hit_20: 0.5124433383699226
ap: 0.16585414111614227
########## best_metrics ##########
ndcg_1: 0.07346013687672207
ndcg_5: 0.16006991267204285
ndcg_10: 0.2024480253458023
ndcg_20: 0.24708397686481476
hit_1: 0.07346013687672207
hit_5: 0.24704470713714335
hit_10: 0.38152164252066484
hit_20: 0.5586614523153497
ap: 0.1724231243133545
no increase in recent 18 iters
#########################################################
################## epoch 57 ###########################
loss: 243.075, len_train_loader:198
modified_target in every batch:0.0
modified_hist in every batch :0.0
########## current_metrics ##########
ndcg_1: 0.0694160519064972
ndcg_5: 0.146647110581398
ndcg_10: 0.18391813337802887
ndcg_20: 0.2250671237707138
hit_1: 0.0694160519064972
hit_5: 0.22246911385654608
hit_10: 0.3383699226735401
hit_20: 0.5020887032263799
ap: 0.16051514446735382
########## best_metrics ##########
ndcg_1: 0.07346013687672207
ndcg_5: 0.16006991267204285
ndcg_10: 0.2024480253458023
ndcg_20: 0.24708397686481476
hit_1: 0.07346013687672207
hit_5: 0.24704470713714335
hit_10: 0.38152164252066484
hit_20: 0.5586614523153497
ap: 0.1724231243133545
no increase in recent 19 iters
#########################################################
################## epoch 58 ###########################
loss: 242.9125, len_train_loader:198
modified_target in every batch:0.0
modified_hist in every batch :0.0
########## current_metrics ##########
ndcg_1: 0.06874944449382277
ndcg_5: 0.1501736044883728
ndcg_10: 0.18779289722442627
ndcg_20: 0.22895704209804535
hit_1: 0.06874944449382277
hit_5: 0.22997955737267797
hit_10: 0.3468136165674162
hit_20: 0.5107101590969692
ap: 0.1627265363931656
########## best_metrics ##########
ndcg_1: 0.07346013687672207
ndcg_5: 0.16006991267204285
ndcg_10: 0.2024480253458023
ndcg_20: 0.24708397686481476
hit_1: 0.07346013687672207
hit_5: 0.24704470713714335
hit_10: 0.38152164252066484
hit_20: 0.5586614523153497
ap: 0.1724231243133545
no increase in recent 20 iters
#########################################################
################## epoch 59 ###########################
loss: 242.0101, len_train_loader:198
modified_target in every batch:0.0
modified_hist in every batch :0.0
########## current_metrics ##########
ndcg_1: 0.07177139809794685
ndcg_5: 0.15329083800315857
ndcg_10: 0.19251133501529694
ndcg_20: 0.2331954836845398
hit_1: 0.07177139809794685
hit_5: 0.2335347969069416
hit_10: 0.35579059639143185
hit_20: 0.5177317571771398
ap: 0.16603761911392212
########## best_metrics ##########
ndcg_1: 0.07346013687672207
ndcg_5: 0.16006991267204285
ndcg_10: 0.2024480253458023
ndcg_20: 0.24708397686481476
hit_1: 0.07346013687672207
hit_5: 0.24704470713714335
hit_10: 0.38152164252066484
hit_20: 0.5586614523153497
ap: 0.1724231243133545
no increase in recent 21 iters
#########################################################
################## epoch 60 ###########################
loss: 240.0246, len_train_loader:198
modified_target in every batch:0.0
modified_hist in every batch :0.0
########## current_metrics ##########
ndcg_1: 0.06808283708114835
ndcg_5: 0.15234987437725067
ndcg_10: 0.1906335949897766
ndcg_20: 0.23123057186603546
hit_1: 0.06808283708114835
hit_5: 0.23384588036618967
hit_10: 0.353257488223269
hit_20: 0.5147098035730158
ap: 0.16430726647377014
########## best_metrics ##########
ndcg_1: 0.07346013687672207
ndcg_5: 0.16006991267204285
ndcg_10: 0.2024480253458023
ndcg_20: 0.24708397686481476
hit_1: 0.07346013687672207
hit_5: 0.24704470713714335
hit_10: 0.38152164252066484
hit_20: 0.5586614523153497
ap: 0.1724231243133545
no increase in recent 22 iters
#########################################################
################## epoch 61 ###########################
loss: 241.1203, len_train_loader:198
modified_target in every batch:0.0
modified_hist in every batch :0.0
########## current_metrics ##########
ndcg_1: 0.06928273042396231
ndcg_5: 0.15122702717781067
ndcg_10: 0.19088605046272278
ndcg_20: 0.23310816287994385
hit_1: 0.06928273042396231
hit_5: 0.2317127366456315
hit_10: 0.35516842947293575
hit_20: 0.5230646164785352
ap: 0.16435882449150085
########## best_metrics ##########
ndcg_1: 0.07346013687672207
ndcg_5: 0.16006991267204285
ndcg_10: 0.2024480253458023
ndcg_20: 0.24708397686481476
hit_1: 0.07346013687672207
hit_5: 0.24704470713714335
hit_10: 0.38152164252066484
hit_20: 0.5586614523153497
ap: 0.1724231243133545
no increase in recent 23 iters
#########################################################
################## epoch 62 ###########################
loss: 239.3072, len_train_loader:198
modified_target in every batch:0.0
modified_hist in every batch :0.0
########## current_metrics ##########
ndcg_1: 0.06883832548217936
ndcg_5: 0.14976190030574799
ndcg_10: 0.18984293937683105
ndcg_20: 0.23135218024253845
hit_1: 0.06883832548217936
hit_5: 0.22944627144253843
hit_10: 0.3543685005777264
hit_20: 0.5191982934850236
ap: 0.16325275599956512
########## best_metrics ##########
ndcg_1: 0.07346013687672207
ndcg_5: 0.16006991267204285
ndcg_10: 0.2024480253458023
ndcg_20: 0.24708397686481476
hit_1: 0.07346013687672207
hit_5: 0.24704470713714335
hit_10: 0.38152164252066484
hit_20: 0.5586614523153497
ap: 0.1724231243133545
no increase in recent 24 iters
#########################################################
################## epoch 63 ###########################
loss: 239.1179, len_train_loader:198
modified_target in every batch:0.0
modified_hist in every batch :0.0
########## current_metrics ##########
ndcg_1: 0.06741622966847391
ndcg_5: 0.1505550891160965
ndcg_10: 0.18910649418830872
ndcg_20: 0.22978712618350983
hit_1: 0.06741622966847391
hit_5: 0.2317127366456315
hit_10: 0.35187983290374186
hit_20: 0.5135987912185583
ap: 0.1629023253917694
########## best_metrics ##########
ndcg_1: 0.07346013687672207
ndcg_5: 0.16006991267204285
ndcg_10: 0.2024480253458023
ndcg_20: 0.24708397686481476
hit_1: 0.07346013687672207
hit_5: 0.24704470713714335
hit_10: 0.38152164252066484
hit_20: 0.5586614523153497
ap: 0.1724231243133545
no increase in recent 25 iters
#########################################################
################## epoch 64 ###########################
loss: 238.2827, len_train_loader:198
modified_target in every batch:0.0
modified_hist in every batch :0.0
########## current_metrics ##########
ndcg_1: 0.07097146920273753
ndcg_5: 0.1522938758134842
ndcg_10: 0.19198903441429138
ndcg_20: 0.2331462949514389
hit_1: 0.07097146920273753
hit_5: 0.23189049862234468
hit_10: 0.35516842947293575
hit_20: 0.5187538885432406
ap: 0.16566172242164612
########## best_metrics ##########
ndcg_1: 0.07346013687672207
ndcg_5: 0.16006991267204285
ndcg_10: 0.2024480253458023
ndcg_20: 0.24708397686481476
hit_1: 0.07346013687672207
hit_5: 0.24704470713714335
hit_10: 0.38152164252066484
hit_20: 0.5586614523153497
ap: 0.1724231243133545
no increase in recent 26 iters
#########################################################
################## epoch 65 ###########################
loss: 237.0059, len_train_loader:198
modified_target in every batch:0.0
modified_hist in every batch :0.0
########## current_metrics ##########
ndcg_1: 0.06808283708114835
ndcg_5: 0.14627689123153687
ndcg_10: 0.18525740504264832
ndcg_20: 0.22578899562358856
hit_1: 0.06808283708114835
hit_5: 0.22371344769353835
hit_10: 0.34472491334103633
hit_20: 0.5060439072082481
ap: 0.16010674834251404
########## best_metrics ##########
ndcg_1: 0.07346013687672207
ndcg_5: 0.16006991267204285
ndcg_10: 0.2024480253458023
ndcg_20: 0.24708397686481476
hit_1: 0.07346013687672207
hit_5: 0.24704470713714335
hit_10: 0.38152164252066484
hit_20: 0.5586614523153497
ap: 0.1724231243133545
no increase in recent 27 iters
#########################################################
################## epoch 66 ###########################
loss: 236.0952, len_train_loader:198
modified_target in every batch:0.0
modified_hist in every batch :0.0
########## current_metrics ##########
ndcg_1: 0.06879388498800107
ndcg_5: 0.15038210153579712
ndcg_10: 0.18814466893672943
ndcg_20: 0.2293255627155304
hit_1: 0.06879388498800107
hit_5: 0.23015731934939115
hit_10: 0.3473469024975558
hit_20: 0.5111545640387521
ap: 0.16289113461971283
########## best_metrics ##########
ndcg_1: 0.07346013687672207
ndcg_5: 0.16006991267204285
ndcg_10: 0.2024480253458023
ndcg_20: 0.24708397686481476
hit_1: 0.07346013687672207
hit_5: 0.24704470713714335
hit_10: 0.38152164252066484
hit_20: 0.5586614523153497
ap: 0.1724231243133545
no increase in recent 28 iters
#########################################################
################## epoch 67 ###########################
loss: 226.7268, len_train_loader:198
modified_target in every batch:0.0
modified_hist in every batch :0.0
########## current_metrics ##########
ndcg_1: 0.06874944449382277
ndcg_5: 0.14848008751869202
ndcg_10: 0.18597917258739471
ndcg_20: 0.22564373910427094
hit_1: 0.06874944449382277
hit_5: 0.22642431783841435
hit_10: 0.34308061505643944
hit_20: 0.5005332859301396
ap: 0.16132858395576477
########## best_metrics ##########
ndcg_1: 0.07346013687672207
ndcg_5: 0.16006991267204285
ndcg_10: 0.2024480253458023
ndcg_20: 0.24708397686481476
hit_1: 0.07346013687672207
hit_5: 0.24704470713714335
hit_10: 0.38152164252066484
hit_20: 0.5586614523153497
ap: 0.1724231243133545
no increase in recent 29 iters
#########################################################
################## epoch 68 ###########################
loss: 225.3335, len_train_loader:198
modified_target in every batch:0.0
modified_hist in every batch :0.0
########## current_metrics ##########
ndcg_1: 0.06914940894142743
ndcg_5: 0.1491832435131073
ndcg_10: 0.18677614629268646
ndcg_20: 0.2282022386789322
hit_1: 0.06914940894142743
hit_5: 0.2271798062394454
hit_10: 0.34414718691671853
hit_20: 0.5091547418007288
ap: 0.1622481495141983
########## best_metrics ##########
ndcg_1: 0.07346013687672207
ndcg_5: 0.16006991267204285
ndcg_10: 0.2024480253458023
ndcg_20: 0.24708397686481476
hit_1: 0.07346013687672207
hit_5: 0.24704470713714335
hit_10: 0.38152164252066484
hit_20: 0.5586614523153497
ap: 0.1724231243133545
no increase in recent 30 iters
#########################################################
################## epoch 69 ###########################
loss: 224.8457, len_train_loader:198
modified_target in every batch:0.0
modified_hist in every batch :0.0
########## current_metrics ##########
ndcg_1: 0.07208248155719492
ndcg_5: 0.1523968130350113
ndcg_10: 0.19174037873744965
ndcg_20: 0.23265941441059113
hit_1: 0.07208248155719492
hit_5: 0.23149053417474003
hit_10: 0.35401297662430004
hit_20: 0.5170207092702871
ap: 0.16558973491191864
########## best_metrics ##########
ndcg_1: 0.07346013687672207
ndcg_5: 0.16006991267204285
ndcg_10: 0.2024480253458023
ndcg_20: 0.24708397686481476
hit_1: 0.07346013687672207
hit_5: 0.24704470713714335
hit_10: 0.38152164252066484
hit_20: 0.5586614523153497
ap: 0.1724231243133545
no increase in recent 31 iters
#########################################################
################## epoch 70 ###########################
loss: 224.2244, len_train_loader:198
modified_target in every batch:0.0
modified_hist in every batch :0.0
########## current_metrics ##########
ndcg_1: 0.07092702870855924
ndcg_5: 0.1508142203092575
ndcg_10: 0.18840882182121277
ndcg_20: 0.2290903925895691
hit_1: 0.07092702870855924
hit_5: 0.2290018665007555
hit_10: 0.3459692471780286
hit_20: 0.5077770864812017
ap: 0.1636766642332077
########## best_metrics ##########
ndcg_1: 0.07346013687672207
ndcg_5: 0.16006991267204285
ndcg_10: 0.2024480253458023
ndcg_20: 0.24708397686481476
hit_1: 0.07346013687672207
hit_5: 0.24704470713714335
hit_10: 0.38152164252066484
hit_20: 0.5586614523153497
ap: 0.1724231243133545
no increase in recent 32 iters
#########################################################
################## epoch 71 ###########################
loss: 224.6805, len_train_loader:198
modified_target in every batch:0.0
modified_hist in every batch :0.0
########## current_metrics ##########
ndcg_1: 0.06999377833081503
ndcg_5: 0.14864861965179443
ndcg_10: 0.18598060309886932
ndcg_20: 0.22742733359336853
hit_1: 0.06999377833081503
hit_5: 0.226068793884988
hit_10: 0.3419251622078037
hit_20: 0.5068882765976358
ap: 0.161991685628891
########## best_metrics ##########
ndcg_1: 0.07346013687672207
ndcg_5: 0.16006991267204285
ndcg_10: 0.2024480253458023
ndcg_20: 0.24708397686481476
hit_1: 0.07346013687672207
hit_5: 0.24704470713714335
hit_10: 0.38152164252066484
hit_20: 0.5586614523153497
ap: 0.1724231243133545
no increase in recent 33 iters
#########################################################
################## epoch 72 ###########################
loss: 225.0399, len_train_loader:198
modified_target in every batch:0.0
modified_hist in every batch :0.0
########## current_metrics ##########
ndcg_1: 0.07234912452226469
ndcg_5: 0.15213750302791595
ndcg_10: 0.18891066312789917
ndcg_20: 0.22921337187290192
hit_1: 0.07234912452226469
hit_5: 0.23153497466891831
hit_10: 0.34565816371878055
hit_20: 0.5059994667140698
ap: 0.1644621640443802
########## best_metrics ##########
ndcg_1: 0.07346013687672207
ndcg_5: 0.16006991267204285
ndcg_10: 0.2024480253458023
ndcg_20: 0.24708397686481476
hit_1: 0.07346013687672207
hit_5: 0.24704470713714335
hit_10: 0.38152164252066484
hit_20: 0.5586614523153497
ap: 0.1724231243133545
no increase in recent 34 iters
#########################################################
################## epoch 73 ###########################
loss: 222.9688, len_train_loader:198
modified_target in every batch:0.0
modified_hist in every batch :0.0
########## current_metrics ##########
ndcg_1: 0.06963825437738867
ndcg_5: 0.15020093321800232
ndcg_10: 0.18934011459350586
ndcg_20: 0.22904443740844727
hit_1: 0.06963825437738867
hit_5: 0.22917962847746867
hit_10: 0.3508132610434628
hit_20: 0.508577015376411
ap: 0.16333581507205963
########## best_metrics ##########
ndcg_1: 0.07346013687672207
ndcg_5: 0.16006991267204285
ndcg_10: 0.2024480253458023
ndcg_20: 0.24708397686481476
hit_1: 0.07346013687672207
hit_5: 0.24704470713714335
hit_10: 0.38152164252066484
hit_20: 0.5586614523153497
ap: 0.1724231243133545
no increase in recent 35 iters
#########################################################
################## epoch 74 ###########################
loss: 222.6536, len_train_loader:198
modified_target in every batch:0.0
modified_hist in every batch :0.0
########## current_metrics ##########
ndcg_1: 0.068482801528753
ndcg_5: 0.149239644408226
ndcg_10: 0.18649864196777344
ndcg_20: 0.22677293419837952
hit_1: 0.068482801528753
hit_5: 0.22949071193671675
hit_10: 0.3453470802595325
hit_20: 0.5054661807839304
ap: 0.1614381968975067
########## best_metrics ##########
ndcg_1: 0.07346013687672207
ndcg_5: 0.16006991267204285
ndcg_10: 0.2024480253458023
ndcg_20: 0.24708397686481476
hit_1: 0.07346013687672207
hit_5: 0.24704470713714335
hit_10: 0.38152164252066484
hit_20: 0.5586614523153497
ap: 0.1724231243133545
no increase in recent 36 iters
#########################################################
################## epoch 75 ###########################
loss: 222.0842, len_train_loader:198
modified_target in every batch:0.0
modified_hist in every batch :0.0
########## current_metrics ##########
ndcg_1: 0.0694160519064972
ndcg_5: 0.15028558671474457
ndcg_10: 0.18812820315361023
ndcg_20: 0.22753049433231354
hit_1: 0.0694160519064972
hit_5: 0.22944627144253843
hit_10: 0.347080259532486
hit_20: 0.5036441205226202
ap: 0.16277113556861877
########## best_metrics ##########
ndcg_1: 0.07346013687672207
ndcg_5: 0.16006991267204285
ndcg_10: 0.2024480253458023
ndcg_20: 0.24708397686481476
hit_1: 0.07346013687672207
hit_5: 0.24704470713714335
hit_10: 0.38152164252066484
hit_20: 0.5586614523153497
ap: 0.1724231243133545
no increase in recent 37 iters
#########################################################
################## epoch 76 ###########################
loss: 222.6448, len_train_loader:198
modified_target in every batch:0.0
modified_hist in every batch :0.0
########## current_metrics ##########
ndcg_1: 0.07008265931917163
ndcg_5: 0.15067549049854279
ndcg_10: 0.18866468966007233
ndcg_20: 0.22900690138339996
hit_1: 0.07008265931917163
hit_5: 0.22909074748911207
hit_10: 0.34721358101502087
hit_20: 0.5076437649986668
ap: 0.16363385319709778
########## best_metrics ##########
ndcg_1: 0.07346013687672207
ndcg_5: 0.16006991267204285
ndcg_10: 0.2024480253458023
ndcg_20: 0.24708397686481476
hit_1: 0.07346013687672207
hit_5: 0.24704470713714335
hit_10: 0.38152164252066484
hit_20: 0.5586614523153497
ap: 0.1724231243133545
no increase in recent 38 iters
#########################################################
################## epoch 77 ###########################
loss: 221.6722, len_train_loader:198
modified_target in every batch:0.0
modified_hist in every batch :0.0
########## current_metrics ##########
ndcg_1: 0.06772731312772198
ndcg_5: 0.1430228352546692
ndcg_10: 0.17903470993041992
ndcg_20: 0.22021310031414032
hit_1: 0.06772731312772198
hit_5: 0.21642520664829792
hit_10: 0.3283708114834237
hit_20: 0.4920007110479069
ap: 0.15728525817394257
########## best_metrics ##########
ndcg_1: 0.07346013687672207
ndcg_5: 0.16006991267204285
ndcg_10: 0.2024480253458023
ndcg_20: 0.24708397686481476
hit_1: 0.07346013687672207
hit_5: 0.24704470713714335
hit_10: 0.38152164252066484
hit_20: 0.5586614523153497
ap: 0.1724231243133545
no increase in recent 39 iters
#########################################################
################## epoch 78 ###########################
loss: 212.6501, len_train_loader:198
modified_target in every batch:0.0
modified_hist in every batch :0.0
########## current_metrics ##########
ndcg_1: 0.06777175362190027
ndcg_5: 0.14826032519340515
ndcg_10: 0.18496164679527283
ndcg_20: 0.2261705845594406
hit_1: 0.06777175362190027
hit_5: 0.22762421118122833
hit_10: 0.3413474357834859
hit_20: 0.5052884188072171
ap: 0.1607208400964737
########## best_metrics ##########
ndcg_1: 0.07346013687672207
ndcg_5: 0.16006991267204285
ndcg_10: 0.2024480253458023
ndcg_20: 0.24708397686481476
hit_1: 0.07346013687672207
hit_5: 0.24704470713714335
hit_10: 0.38152164252066484
hit_20: 0.5586614523153497
ap: 0.1724231243133545
no increase in recent 40 iters
#########################################################
################## epoch 79 ###########################
loss: 210.1897, len_train_loader:198
modified_target in every batch:0.0
modified_hist in every batch :0.0
########## current_metrics ##########
ndcg_1: 0.06639409830237313
ndcg_5: 0.14632759988307953
ndcg_10: 0.1826895773410797
ndcg_20: 0.22183755040168762
hit_1: 0.06639409830237313
hit_5: 0.22478001955381743
hit_10: 0.3377033152608657
hit_20: 0.4933339258732557
ap: 0.15869027376174927
########## best_metrics ##########
ndcg_1: 0.07346013687672207
ndcg_5: 0.16006991267204285
ndcg_10: 0.2024480253458023
ndcg_20: 0.24708397686481476
hit_1: 0.07346013687672207
hit_5: 0.24704470713714335
hit_10: 0.38152164252066484
hit_20: 0.5586614523153497
ap: 0.1724231243133545
early stop
#########################################################
