start_time=2026-07-01T09:14:45.361179
command=py -3.12 innovation_preserving_search.py


===== Running ComiRec baseline (yelp) =====
########## DataInfo ##########
reading seq.dat
numUser:22844
numItem:16553
generating train samples
train_size: 158492, time: 11.700992822647095
abandoned 0(0.0) samples
valid user num: 13179
valid item num: 16524
generating test samples
test_size: 13179, time: 7.601491928100586
abandoned 0(0.0) samples
[epoch 0] avg_loss=320.0300, avg_isc=0.0000, avg_osc=0.0000, seen_batch=120
########## current_metrics ##########
ndcg_1: 0.04909325441991046
ndcg_5: 0.13611945509910583
ndcg_10: 0.19106127321720123
ndcg_20: 0.24798846244812012
hit_1: 0.04909325441991046
hit_5: 0.22717960391531983
hit_10: 0.3985886637832916
hit_20: 0.624098945291752
ap: 0.15525223314762115
########## best_metrics ##########
ndcg_1: 0.04909325441991046
ndcg_5: 0.13611945509910583
ndcg_10: 0.19106127321720123
ndcg_20: 0.24798846244812012
hit_1: 0.04909325441991046
hit_5: 0.22717960391531983
hit_10: 0.3985886637832916
hit_20: 0.624098945291752
ap: 0.15525223314762115
no increase in recent 0 iters
[epoch 1] avg_loss=189.7288, avg_isc=0.0000, avg_osc=0.0000, seen_batch=120
########## current_metrics ##########
ndcg_1: 0.059260945443508614
ndcg_5: 0.16738171875476837
ndcg_10: 0.24354079365730286
ndcg_20: 0.3212495446205139
hit_1: 0.059260945443508614
hit_5: 0.2802185294787161
hit_10: 0.5184763639122847
hit_20: 0.8239623643675544
ap: 0.18879434466362
########## best_metrics ##########
ndcg_1: 0.059260945443508614
ndcg_5: 0.16738171875476837
ndcg_10: 0.24354079365730286
ndcg_20: 0.3212495446205139
hit_1: 0.059260945443508614
hit_5: 0.2802185294787161
hit_10: 0.5184763639122847
hit_20: 0.8239623643675544
ap: 0.18879434466362
no increase in recent 0 iters
[epoch 2] avg_loss=150.3342, avg_isc=0.0000, avg_osc=0.0000, seen_batch=120
########## current_metrics ##########
ndcg_1: 0.0613855375976933
ndcg_5: 0.17675994336605072
ndcg_10: 0.2575918734073639
ndcg_20: 0.33623644709587097
hit_1: 0.0613855375976933
hit_5: 0.2972911450034145
hit_10: 0.5495864633128462
hit_20: 0.8583352302906139
ap: 0.1970551759004593
########## best_metrics ##########
ndcg_1: 0.0613855375976933
ndcg_5: 0.17675994336605072
ndcg_10: 0.2575918734073639
ndcg_20: 0.33623644709587097
hit_1: 0.0613855375976933
hit_5: 0.2972911450034145
hit_10: 0.5495864633128462
hit_20: 0.8583352302906139
ap: 0.1970551759004593
no increase in recent 0 iters
[epoch 3] avg_loss=141.5103, avg_isc=0.0000, avg_osc=0.0000, seen_batch=120
########## current_metrics ##########
ndcg_1: 0.06426891266408681
ndcg_5: 0.18358570337295532
ndcg_10: 0.2641155421733856
ndcg_20: 0.3430679738521576
hit_1: 0.06426891266408681
hit_5: 0.307914105774338
hit_10: 0.5593747628803399
hit_20: 0.8696410956825252
ap: 0.2021963745355606
########## best_metrics ##########
ndcg_1: 0.06426891266408681
ndcg_5: 0.18358570337295532
ndcg_10: 0.2641155421733856
ndcg_20: 0.3430679738521576
hit_1: 0.06426891266408681
hit_5: 0.307914105774338
hit_10: 0.5593747628803399
hit_20: 0.8696410956825252
ap: 0.2021963745355606
no increase in recent 0 iters
[epoch 4] avg_loss=137.2343, avg_isc=0.0000, avg_osc=0.0000, seen_batch=120
########## current_metrics ##########
ndcg_1: 0.0659382350709462
ndcg_5: 0.18568959832191467
ndcg_10: 0.26616212725639343
ndcg_20: 0.34521251916885376
hit_1: 0.0659382350709462
hit_5: 0.31011457621974353
hit_10: 0.5610440852871993
hit_20: 0.871689809545489
ap: 0.20423294603824615
########## best_metrics ##########
ndcg_1: 0.0659382350709462
ndcg_5: 0.18568959832191467
ndcg_10: 0.26616212725639343
ndcg_20: 0.34521251916885376
hit_1: 0.0659382350709462
hit_5: 0.31011457621974353
hit_10: 0.5610440852871993
hit_20: 0.871689809545489
ap: 0.20423294603824615
no increase in recent 0 iters
[epoch 5] avg_loss=136.2298, avg_isc=0.0000, avg_osc=0.0000, seen_batch=120
########## current_metrics ##########
ndcg_1: 0.06548296532362091
ndcg_5: 0.18714667856693268
ndcg_10: 0.2693112790584564
ndcg_20: 0.34567496180534363
hit_1: 0.06548296532362091
hit_5: 0.31299795128613705
hit_10: 0.5695424539039381
hit_20: 0.8691099476439791
ap: 0.2052939236164093
########## best_metrics ##########
ndcg_1: 0.0659382350709462
ndcg_5: 0.18714667856693268
ndcg_10: 0.2693112790584564
ndcg_20: 0.34567496180534363
hit_1: 0.0659382350709462
hit_5: 0.31299795128613705
hit_10: 0.5695424539039381
hit_20: 0.871689809545489
ap: 0.2052939236164093
no increase in recent 0 iters

===== Running ComiRec baseline (electronics) =====
########## DataInfo ##########
reading seq.dat
numUser:22502
numItem:10649
generating train samples
train_size: 200144, time: 12.121516227722168
abandoned 0(0.0) samples
valid user num: 22032
valid item num: 10647
generating test samples
test_size: 22032, time: 10.623447179794312
abandoned 0(0.0) samples
[epoch 0] avg_loss=340.4401, avg_isc=0.0000, avg_osc=0.0000, seen_batch=120
########## current_metrics ##########
ndcg_1: 0.026370733478576616
ndcg_5: 0.06808076798915863
ndcg_10: 0.09711598604917526
ndcg_20: 0.13559415936470032
hit_1: 0.026370733478576616
hit_5: 0.11083877995642702
hit_10: 0.20152505446623092
hit_20: 0.3550744371822803
ap: 0.09123019129037857
########## best_metrics ##########
ndcg_1: 0.026370733478576616
ndcg_5: 0.06808076798915863
ndcg_10: 0.09711598604917526
ndcg_20: 0.13559415936470032
hit_1: 0.026370733478576616
hit_5: 0.11083877995642702
hit_10: 0.20152505446623092
hit_20: 0.3550744371822803
ap: 0.09123019129037857
no increase in recent 0 iters
[epoch 1] avg_loss=293.7329, avg_isc=0.0000, avg_osc=0.0000, seen_batch=120
########## current_metrics ##########
ndcg_1: 0.0342683369644154
ndcg_5: 0.09043706953525543
ndcg_10: 0.1274108588695526
ndcg_20: 0.17009727656841278
hit_1: 0.0342683369644154
hit_5: 0.14823892519970952
hit_10: 0.2634350036310821
hit_20: 0.4335965867828613
ap: 0.11234230548143387
########## best_metrics ##########
ndcg_1: 0.0342683369644154
ndcg_5: 0.09043706953525543
ndcg_10: 0.1274108588695526
ndcg_20: 0.17009727656841278
hit_1: 0.0342683369644154
hit_5: 0.14823892519970952
hit_10: 0.2634350036310821
hit_20: 0.4335965867828613
ap: 0.11234230548143387
no increase in recent 0 iters
[epoch 2] avg_loss=269.7314, avg_isc=0.0000, avg_osc=0.0000, seen_batch=120
########## current_metrics ##########
ndcg_1: 0.0353122730573711
ndcg_5: 0.09270859509706497
ndcg_10: 0.13163021206855774
ndcg_20: 0.17507867515087128
hit_1: 0.0353122730573711
hit_5: 0.1514161220043573
hit_10: 0.27292120551924476
hit_20: 0.4462145969498911
ap: 0.11514721810817719
########## best_metrics ##########
ndcg_1: 0.0353122730573711
ndcg_5: 0.09270859509706497
ndcg_10: 0.13163021206855774
ndcg_20: 0.17507867515087128
hit_1: 0.0353122730573711
hit_5: 0.1514161220043573
hit_10: 0.27292120551924476
hit_20: 0.4462145969498911
ap: 0.11514721810817719
no increase in recent 0 iters
[epoch 3] avg_loss=259.9443, avg_isc=0.0000, avg_osc=0.0000, seen_batch=120
########## current_metrics ##########
ndcg_1: 0.03848946986201888
ndcg_5: 0.09573934972286224
ndcg_10: 0.1335519254207611
ndcg_20: 0.17738774418830872
hit_1: 0.03848946986201888
hit_5: 0.1540486564996369
hit_10: 0.2721949891067538
hit_20: 0.4466230936819172
ap: 0.11798432469367981
########## best_metrics ##########
ndcg_1: 0.03848946986201888
ndcg_5: 0.09573934972286224
ndcg_10: 0.1335519254207611
ndcg_20: 0.17738774418830872
hit_1: 0.03848946986201888
hit_5: 0.1540486564996369
hit_10: 0.27292120551924476
hit_20: 0.4466230936819172
ap: 0.11798432469367981
no increase in recent 0 iters
[epoch 4] avg_loss=253.2135, avg_isc=0.0000, avg_osc=0.0000, seen_batch=120
########## current_metrics ##########
ndcg_1: 0.03966957153231663
ndcg_5: 0.10192476958036423
ndcg_10: 0.14011240005493164
ndcg_20: 0.18525026738643646
hit_1: 0.03966957153231663
hit_5: 0.16598583877995643
hit_10: 0.2849945533769063
hit_20: 0.46441539578794483
ap: 0.1224164143204689
########## best_metrics ##########
ndcg_1: 0.03966957153231663
ndcg_5: 0.10192476958036423
ndcg_10: 0.14011240005493164
ndcg_20: 0.18525026738643646
hit_1: 0.03966957153231663
hit_5: 0.16598583877995643
hit_10: 0.2849945533769063
hit_20: 0.46441539578794483
ap: 0.1224164143204689
no increase in recent 0 iters
[epoch 5] avg_loss=248.3518, avg_isc=0.0000, avg_osc=0.0000, seen_batch=120
########## current_metrics ##########
ndcg_1: 0.043890704429920116
ndcg_5: 0.10864437371492386
ndcg_10: 0.1474742591381073
ndcg_20: 0.19245049357414246
hit_1: 0.043890704429920116
hit_5: 0.1741557734204793
hit_10: 0.2949346405228758
hit_20: 0.47417392883079157
ap: 0.12879814207553864
########## best_metrics ##########
ndcg_1: 0.043890704429920116
ndcg_5: 0.10864437371492386
ndcg_10: 0.1474742591381073
ndcg_20: 0.19245049357414246
hit_1: 0.043890704429920116
hit_5: 0.1741557734204793
hit_10: 0.2949346405228758
hit_20: 0.47417392883079157
ap: 0.12879814207553864
no increase in recent 0 iters

===== Running inv_v1_light_orth_mf_sal on yelp =====
########## DataInfo ##########
reading seq.dat
numUser:22844
numItem:16553
generating train samples
train_size: 158492, time: 10.281075954437256
abandoned 0(0.0) samples
valid user num: 13179
valid item num: 16524
generating test samples
test_size: 13179, time: 6.786777973175049
abandoned 0(0.0) samples
------------IOSCREC ENCODER YES------------
[epoch 0] avg_loss=343.8229, avg_isc=338.2970, avg_osc=354.9027, seen_batch=120
########## current_metrics ##########
ndcg_1: 0.04628575764473784
ndcg_5: 0.13660451769828796
ndcg_10: 0.20221716165542603
ndcg_20: 0.24958369135856628
hit_1: 0.04628575764473784
hit_5: 0.23150466651491008
hit_10: 0.43501024356931484
hit_20: 0.6213673268078003
ap: 0.155700221657753
########## best_metrics ##########
ndcg_1: 0.04628575764473784
ndcg_5: 0.13660451769828796
ndcg_10: 0.20221716165542603
ndcg_20: 0.24958369135856628
hit_1: 0.04628575764473784
hit_5: 0.23150466651491008
hit_10: 0.43501024356931484
hit_20: 0.6213673268078003
ap: 0.155700221657753
no increase in recent 0 iters
[epoch 1] avg_loss=254.0949, avg_isc=249.1097, avg_osc=354.9309, seen_batch=120
########## current_metrics ##########
ndcg_1: 0.0489414978374687
ndcg_5: 0.1482294648885727
ndcg_10: 0.23088540136814117
ndcg_20: 0.309061735868454
hit_1: 0.0489414978374687
hit_5: 0.2525229531830943
hit_10: 0.5115714394111844
hit_20: 0.8177403444874422
ap: 0.1754758358001709
########## best_metrics ##########
ndcg_1: 0.0489414978374687
ndcg_5: 0.1482294648885727
ndcg_10: 0.23088540136814117
ndcg_20: 0.309061735868454
hit_1: 0.0489414978374687
hit_5: 0.2525229531830943
hit_10: 0.5115714394111844
hit_20: 0.8177403444874422
ap: 0.1754758358001709
no increase in recent 0 iters
[epoch 2] avg_loss=176.9993, avg_isc=198.8014, avg_osc=354.9407, seen_batch=120
########## current_metrics ##########
ndcg_1: 0.06161317247135595
ndcg_5: 0.16870856285095215
ndcg_10: 0.2496507614850998
ndcg_20: 0.3339635133743286
hit_1: 0.06161317247135595
hit_5: 0.280294407769937
hit_10: 0.5328173609530313
hit_20: 0.8637984672585174
ap: 0.19345974922180176
########## best_metrics ##########
ndcg_1: 0.06161317247135595
ndcg_5: 0.16870856285095215
ndcg_10: 0.2496507614850998
ndcg_20: 0.3339635133743286
hit_1: 0.06161317247135595
hit_5: 0.280294407769937
hit_10: 0.5328173609530313
hit_20: 0.8637984672585174
ap: 0.19345974922180176
no increase in recent 0 iters
[epoch 3] avg_loss=145.4234, avg_isc=193.4368, avg_osc=354.9417, seen_batch=120
########## current_metrics ##########
ndcg_1: 0.06753167918658472
ndcg_5: 0.18680666387081146
ndcg_10: 0.26823341846466064
ndcg_20: 0.34991714358329773
hit_1: 0.06753167918658472
hit_5: 0.31034221109340615
hit_10: 0.5641550952272555
hit_20: 0.8844373624705971
ap: 0.20652414858341217
########## best_metrics ##########
ndcg_1: 0.06753167918658472
ndcg_5: 0.18680666387081146
ndcg_10: 0.26823341846466064
ndcg_20: 0.34991714358329773
hit_1: 0.06753167918658472
hit_5: 0.31034221109340615
hit_10: 0.5641550952272555
hit_20: 0.8844373624705971
ap: 0.20652414858341217
no increase in recent 0 iters
[epoch 4] avg_loss=130.8186, avg_isc=199.1047, avg_osc=354.9560, seen_batch=120
########## current_metrics ##########
ndcg_1: 0.07694058729797405
ndcg_5: 0.20396177470684052
ndcg_10: 0.2859312891960144
ndcg_20: 0.3626129925251007
hit_1: 0.07694058729797405
hit_5: 0.3355338037787389
hit_10: 0.5909401320282267
hit_20: 0.8911905303892557
ap: 0.2197216898202896
########## best_metrics ##########
ndcg_1: 0.07694058729797405
ndcg_5: 0.20396177470684052
ndcg_10: 0.2859312891960144
ndcg_20: 0.3626129925251007
hit_1: 0.07694058729797405
hit_5: 0.3355338037787389
hit_10: 0.5909401320282267
hit_20: 0.8911905303892557
ap: 0.2197216898202896
no increase in recent 0 iters
[epoch 5] avg_loss=122.6717, avg_isc=206.0965, avg_osc=354.9461, seen_batch=120
########## current_metrics ##########
ndcg_1: 0.07997571894680931
ndcg_5: 0.2099986970424652
ndcg_10: 0.29332414269447327
ndcg_20: 0.3689233362674713
hit_1: 0.07997571894680931
hit_5: 0.34463919872524473
hit_10: 0.6042947112831019
hit_20: 0.9011305865391911
ap: 0.22451737523078918
########## best_metrics ##########
ndcg_1: 0.07997571894680931
ndcg_5: 0.2099986970424652
ndcg_10: 0.29332414269447327
ndcg_20: 0.3689233362674713
hit_1: 0.07997571894680931
hit_5: 0.34463919872524473
hit_10: 0.6042947112831019
hit_20: 0.9011305865391911
ap: 0.22451737523078918
no increase in recent 0 iters

===== Running inv_v1_light_orth_mf_sal on electronics =====
########## DataInfo ##########
reading seq.dat
numUser:22502
numItem:10649
generating train samples
train_size: 200144, time: 9.841891527175903
abandoned 0(0.0) samples
valid user num: 22032
valid item num: 10647
generating test samples
test_size: 22032, time: 8.381027698516846
abandoned 0(0.0) samples
------------IOSCREC ENCODER YES------------
[epoch 0] avg_loss=354.6612, avg_isc=353.8409, avg_osc=354.8963, seen_batch=120
########## current_metrics ##########
ndcg_1: 0.01924473493100944
ndcg_5: 0.04554266482591629
ndcg_10: 0.06598147004842758
ndcg_20: 0.09381009638309479
hit_1: 0.01924473493100944
hit_5: 0.07280319535221497
hit_10: 0.13680101670297748
hit_20: 0.24768518518518517
ap: 0.06819574534893036
########## best_metrics ##########
ndcg_1: 0.01924473493100944
ndcg_5: 0.04554266482591629
ndcg_10: 0.06598147004842758
ndcg_20: 0.09381009638309479
hit_1: 0.01924473493100944
hit_5: 0.07280319535221497
hit_10: 0.13680101670297748
hit_20: 0.24768518518518517
ap: 0.06819574534893036
no increase in recent 0 iters
[epoch 1] avg_loss=348.1752, avg_isc=345.1123, avg_osc=354.9120, seen_batch=120
########## current_metrics ##########
ndcg_1: 0.018790849673202614
ndcg_5: 0.05690356343984604
ndcg_10: 0.08252304047346115
ndcg_20: 0.11419627815485
hit_1: 0.018790849673202614
hit_5: 0.09658678286129267
hit_10: 0.1765159767610748
hit_20: 0.30296840958605664
ap: 0.07853125780820847
########## best_metrics ##########
ndcg_1: 0.01924473493100944
ndcg_5: 0.05690356343984604
ndcg_10: 0.08252304047346115
ndcg_20: 0.11419627815485
hit_1: 0.01924473493100944
hit_5: 0.09658678286129267
hit_10: 0.1765159767610748
hit_20: 0.30296840958605664
ap: 0.07853125780820847
no increase in recent 0 iters
[epoch 2] avg_loss=325.4666, avg_isc=324.5635, avg_osc=354.9020, seen_batch=120
########## current_metrics ##########
ndcg_1: 0.020470225127087873
ndcg_5: 0.062425289303064346
ndcg_10: 0.09293408691883087
ndcg_20: 0.13207776844501495
hit_1: 0.020470225127087873
hit_5: 0.10629992737835875
hit_10: 0.20152505446623092
hit_20: 0.35734386347131447
ap: 0.08623162657022476
########## best_metrics ##########
ndcg_1: 0.020470225127087873
ndcg_5: 0.062425289303064346
ndcg_10: 0.09293408691883087
ndcg_20: 0.13207776844501495
hit_1: 0.020470225127087873
hit_5: 0.10629992737835875
hit_10: 0.20152505446623092
hit_20: 0.35734386347131447
ap: 0.08623162657022476
no increase in recent 0 iters
[epoch 3] avg_loss=296.4549, avg_isc=303.5458, avg_osc=354.8970, seen_batch=120
########## current_metrics ##########
ndcg_1: 0.024282861292665214
ndcg_5: 0.07004578411579132
ndcg_10: 0.10273426026105881
ndcg_20: 0.14333093166351318
hit_1: 0.024282861292665214
hit_5: 0.11832788671023965
hit_10: 0.2207244008714597
hit_20: 0.3820806100217865
ap: 0.0932379737496376
########## best_metrics ##########
ndcg_1: 0.024282861292665214
ndcg_5: 0.07004578411579132
ndcg_10: 0.10273426026105881
ndcg_20: 0.14333093166351318
hit_1: 0.024282861292665214
hit_5: 0.11832788671023965
hit_10: 0.2207244008714597
hit_20: 0.3820806100217865
ap: 0.0932379737496376
no increase in recent 0 iters
[epoch 4] avg_loss=277.9097, avg_isc=292.6073, avg_osc=354.9073, seen_batch=120
########## current_metrics ##########
ndcg_1: 0.026143790849673203
ndcg_5: 0.07699894905090332
ndcg_10: 0.11212214827537537
ndcg_20: 0.15423887968063354
hit_1: 0.026143790849673203
hit_5: 0.12953885257806827
hit_10: 0.2392883079157589
hit_20: 0.4064088598402324
ap: 0.09999673068523407
########## best_metrics ##########
ndcg_1: 0.026143790849673203
ndcg_5: 0.07699894905090332
ndcg_10: 0.11212214827537537
ndcg_20: 0.15423887968063354
hit_1: 0.026143790849673203
hit_5: 0.12953885257806827
hit_10: 0.2392883079157589
hit_20: 0.4064088598402324
ap: 0.09999673068523407
no increase in recent 0 iters
[epoch 5] avg_loss=266.3017, avg_isc=287.7852, avg_osc=354.9096, seen_batch=120
########## current_metrics ##########
ndcg_1: 0.03213507625272331
ndcg_5: 0.0843343436717987
ndcg_10: 0.12096040695905685
ndcg_20: 0.16499130427837372
hit_1: 0.03213507625272331
hit_5: 0.1385711692084241
hit_10: 0.2529048656499637
hit_20: 0.4278322440087146
ap: 0.10747024416923523
########## best_metrics ##########
ndcg_1: 0.03213507625272331
ndcg_5: 0.0843343436717987
ndcg_10: 0.12096040695905685
ndcg_20: 0.16499130427837372
hit_1: 0.03213507625272331
hit_5: 0.1385711692084241
hit_10: 0.2529048656499637
hit_20: 0.4278322440087146
ap: 0.10747024416923523
no increase in recent 0 iters

===== Running inv_v2_balanced_orth_mf_sal on yelp =====
########## DataInfo ##########
reading seq.dat
numUser:22844
numItem:16553
generating train samples
train_size: 158492, time: 8.225823402404785
abandoned 0(0.0) samples
valid user num: 13179
valid item num: 16524
generating test samples
test_size: 13179, time: 5.770694971084595
abandoned 0(0.0) samples
------------IOSCREC ENCODER YES------------
[epoch 0] avg_loss=343.7991, avg_isc=337.8376, avg_osc=354.9018, seen_batch=120
########## current_metrics ##########
ndcg_1: 0.046892783974504894
ndcg_5: 0.1361558437347412
ndcg_10: 0.20224539935588837
ndcg_20: 0.24994966387748718
hit_1: 0.046892783974504894
hit_5: 0.2310493967675848
hit_10: 0.43660368768495333
hit_20: 0.6240230670005311
ap: 0.15546776354312897
########## best_metrics ##########
ndcg_1: 0.046892783974504894
ndcg_5: 0.1361558437347412
ndcg_10: 0.20224539935588837
ndcg_20: 0.24994966387748718
hit_1: 0.046892783974504894
hit_5: 0.2310493967675848
hit_10: 0.43660368768495333
hit_20: 0.6240230670005311
ap: 0.15546776354312897
no increase in recent 0 iters
[epoch 1] avg_loss=250.1802, avg_isc=247.9956, avg_osc=354.9373, seen_batch=120
########## current_metrics ##########
ndcg_1: 0.05015555049700281
ndcg_5: 0.14903870224952698
ndcg_10: 0.2302165925502777
ndcg_20: 0.3118456304073334
hit_1: 0.05015555049700281
hit_5: 0.2530541012216405
hit_10: 0.5073981333940359
hit_20: 0.8276045223461568
ap: 0.1763412058353424
########## best_metrics ##########
ndcg_1: 0.05015555049700281
ndcg_5: 0.14903870224952698
ndcg_10: 0.2302165925502777
ndcg_20: 0.3118456304073334
hit_1: 0.05015555049700281
hit_5: 0.2530541012216405
hit_10: 0.5073981333940359
hit_20: 0.8276045223461568
ap: 0.1763412058353424
no increase in recent 0 iters
[epoch 2] avg_loss=175.0419, avg_isc=199.4808, avg_osc=354.9536, seen_batch=120
########## current_metrics ##########
ndcg_1: 0.06533120874117915
ndcg_5: 0.17481189966201782
ndcg_10: 0.2546118497848511
ndcg_20: 0.33777692914009094
hit_1: 0.06533120874117915
hit_5: 0.28803399347446695
hit_10: 0.5378253281736095
hit_20: 0.8645572501707262
ap: 0.19793564081192017
########## best_metrics ##########
ndcg_1: 0.06533120874117915
ndcg_5: 0.17481189966201782
ndcg_10: 0.2546118497848511
ndcg_20: 0.33777692914009094
hit_1: 0.06533120874117915
hit_5: 0.28803399347446695
hit_10: 0.5378253281736095
hit_20: 0.8645572501707262
ap: 0.19793564081192017
no increase in recent 0 iters
[epoch 3] avg_loss=145.6042, avg_isc=195.1009, avg_osc=354.9561, seen_batch=120
########## current_metrics ##########
ndcg_1: 0.07056681083541999
ndcg_5: 0.1924506574869156
ndcg_10: 0.2725759446620941
ndcg_20: 0.35348474979400635
hit_1: 0.07056681083541999
hit_5: 0.3185370665452614
hit_10: 0.5679490097882995
hit_20: 0.885196145382806
ap: 0.2106446921825409
########## best_metrics ##########
ndcg_1: 0.07056681083541999
ndcg_5: 0.1924506574869156
ndcg_10: 0.2725759446620941
ndcg_20: 0.35348474979400635
hit_1: 0.07056681083541999
hit_5: 0.3185370665452614
hit_10: 0.5679490097882995
hit_20: 0.885196145382806
ap: 0.2106446921825409
no increase in recent 0 iters
[epoch 4] avg_loss=130.3097, avg_isc=199.5655, avg_osc=354.9715, seen_batch=120
########## current_metrics ##########
ndcg_1: 0.07868578799605433
ndcg_5: 0.20509988069534302
ndcg_10: 0.28691622614860535
ndcg_20: 0.36430326104164124
hit_1: 0.07868578799605433
hit_5: 0.33667197814705213
hit_10: 0.5918506715228773
hit_20: 0.8956673495712877
ap: 0.22072558104991913
########## best_metrics ##########
ndcg_1: 0.07868578799605433
ndcg_5: 0.20509988069534302
ndcg_10: 0.28691622614860535
ndcg_20: 0.36430326104164124
hit_1: 0.07868578799605433
hit_5: 0.33667197814705213
hit_10: 0.5918506715228773
hit_20: 0.8956673495712877
ap: 0.22072558104991913
no increase in recent 0 iters
[epoch 5] avg_loss=121.8234, avg_isc=206.0186, avg_osc=354.9618, seen_batch=120
########## current_metrics ##########
ndcg_1: 0.08316260717808635
ndcg_5: 0.21172048151493073
ndcg_10: 0.29374080896377563
ndcg_20: 0.3701304495334625
hit_1: 0.08316260717808635
hit_5: 0.3475225737916382
hit_10: 0.6034600500796722
hit_20: 0.9028757872372715
ap: 0.22566655278205872
########## best_metrics ##########
ndcg_1: 0.08316260717808635
ndcg_5: 0.21172048151493073
ndcg_10: 0.29374080896377563
ndcg_20: 0.3701304495334625
hit_1: 0.08316260717808635
hit_5: 0.3475225737916382
hit_10: 0.6034600500796722
hit_20: 0.9028757872372715
ap: 0.22566655278205872
no increase in recent 0 iters

===== Running inv_v2_balanced_orth_mf_sal on electronics =====
########## DataInfo ##########
reading seq.dat
numUser:22502
numItem:10649
generating train samples
train_size: 200144, time: 9.982333898544312
abandoned 0(0.0) samples
valid user num: 22032
valid item num: 10647
generating test samples
test_size: 22032, time: 8.232993841171265
abandoned 0(0.0) samples
------------IOSCREC ENCODER YES------------
[epoch 0] avg_loss=354.7248, avg_isc=353.9677, avg_osc=354.8961, seen_batch=120
########## current_metrics ##########
ndcg_1: 0.01938090050835149
ndcg_5: 0.0469319112598896
ndcg_10: 0.06827011704444885
ndcg_20: 0.09698045253753662
hit_1: 0.01938090050835149
hit_5: 0.07529956427015251
hit_10: 0.1419753086419753
hit_20: 0.2566267247639797
ap: 0.06976619362831116
########## best_metrics ##########
ndcg_1: 0.01938090050835149
ndcg_5: 0.0469319112598896
ndcg_10: 0.06827011704444885
ndcg_20: 0.09698045253753662
hit_1: 0.01938090050835149
hit_5: 0.07529956427015251
hit_10: 0.1419753086419753
hit_20: 0.2566267247639797
ap: 0.06976619362831116
no increase in recent 0 iters
[epoch 1] avg_loss=348.3742, avg_isc=345.8444, avg_osc=354.9065, seen_batch=120
########## current_metrics ##########
ndcg_1: 0.020334059549745823
ndcg_5: 0.05733118951320648
ndcg_10: 0.08308051526546478
ndcg_20: 0.11711417883634567
hit_1: 0.020334059549745823
hit_5: 0.09635984023238925
hit_10: 0.17660675381263616
hit_20: 0.31240922294843865
ap: 0.0797118991613388
########## best_metrics ##########
ndcg_1: 0.020334059549745823
ndcg_5: 0.05733118951320648
ndcg_10: 0.08308051526546478
ndcg_20: 0.11711417883634567
hit_1: 0.020334059549745823
hit_5: 0.09635984023238925
hit_10: 0.17660675381263616
hit_20: 0.31240922294843865
ap: 0.0797118991613388
no increase in recent 0 iters
[epoch 2] avg_loss=326.0845, avg_isc=326.7407, avg_osc=354.8988, seen_batch=120
########## current_metrics ##########
ndcg_1: 0.021741103848946987
ndcg_5: 0.0644635334610939
ndcg_10: 0.09492310136556625
ndcg_20: 0.13236084580421448
hit_1: 0.021741103848946987
hit_5: 0.10911401597676107
hit_10: 0.20415758896151054
hit_20: 0.35362200435729846
ap: 0.08747821301221848
########## best_metrics ##########
ndcg_1: 0.021741103848946987
ndcg_5: 0.0644635334610939
ndcg_10: 0.09492310136556625
ndcg_20: 0.13236084580421448
hit_1: 0.021741103848946987
hit_5: 0.10911401597676107
hit_10: 0.20415758896151054
hit_20: 0.35362200435729846
ap: 0.08747821301221848
no increase in recent 0 iters
[epoch 3] avg_loss=297.3739, avg_isc=306.8009, avg_osc=354.8964, seen_batch=120
########## current_metrics ##########
ndcg_1: 0.024282861292665214
ndcg_5: 0.07354620844125748
ndcg_10: 0.10797926038503647
ndcg_20: 0.14906096458435059
hit_1: 0.024282861292665214
hit_5: 0.12540849673202614
hit_10: 0.2327977487291213
hit_20: 0.39624183006535946
ap: 0.09630895406007767
########## best_metrics ##########
ndcg_1: 0.024282861292665214
ndcg_5: 0.07354620844125748
ndcg_10: 0.10797926038503647
ndcg_20: 0.14906096458435059
hit_1: 0.024282861292665214
hit_5: 0.12540849673202614
hit_10: 0.2327977487291213
hit_20: 0.39624183006535946
ap: 0.09630895406007767
no increase in recent 0 iters
[epoch 4] avg_loss=277.6378, avg_isc=295.7761, avg_osc=354.8968, seen_batch=120
########## current_metrics ##########
ndcg_1: 0.027278503994190267
ndcg_5: 0.07976476848125458
ndcg_10: 0.11703827977180481
ndcg_20: 0.15997165441513062
hit_1: 0.027278503994190267
hit_5: 0.13425925925925927
hit_10: 0.25068082788671026
hit_20: 0.4210693536673929
ap: 0.1030692383646965
########## best_metrics ##########
ndcg_1: 0.027278503994190267
ndcg_5: 0.07976476848125458
ndcg_10: 0.11703827977180481
ndcg_20: 0.15997165441513062
hit_1: 0.027278503994190267
hit_5: 0.13425925925925927
hit_10: 0.25068082788671026
hit_20: 0.4210693536673929
ap: 0.1030692383646965
no increase in recent 0 iters
[epoch 5] avg_loss=265.0241, avg_isc=291.2214, avg_osc=354.8976, seen_batch=120
########## current_metrics ##########
ndcg_1: 0.033723674655047206
ndcg_5: 0.08956419676542282
ndcg_10: 0.12689244747161865
ndcg_20: 0.1725284308195114
hit_1: 0.033723674655047206
hit_5: 0.14737654320987653
hit_10: 0.26425199709513436
hit_20: 0.44607843137254904
ap: 0.11185609549283981
########## best_metrics ##########
ndcg_1: 0.033723674655047206
ndcg_5: 0.08956419676542282
ndcg_10: 0.12689244747161865
ndcg_20: 0.1725284308195114
hit_1: 0.033723674655047206
hit_5: 0.14737654320987653
hit_10: 0.26425199709513436
hit_20: 0.44607843137254904
ap: 0.11185609549283981
no increase in recent 0 iters

===== Running inv_v3_strong_orth_mf_sal on yelp =====
########## DataInfo ##########
reading seq.dat
numUser:22844
numItem:16553
generating train samples
train_size: 158492, time: 8.225519895553589
abandoned 0(0.0) samples
valid user num: 13179
valid item num: 16524
generating test samples
test_size: 13179, time: 5.794344663619995
abandoned 0(0.0) samples
------------IOSCREC ENCODER YES------------
[epoch 0] avg_loss=345.8231, avg_isc=339.9075, avg_osc=354.9006, seen_batch=120
########## current_metrics ##########
ndcg_1: 0.04537521815008726
ndcg_5: 0.13244792819023132
ndcg_10: 0.19484098255634308
ndcg_20: 0.24234406650066376
hit_1: 0.04537521815008726
hit_5: 0.2239927156840428
hit_10: 0.4180893846270582
hit_20: 0.6046741027392063
ap: 0.1514796018600464
########## best_metrics ##########
ndcg_1: 0.04537521815008726
ndcg_5: 0.13244792819023132
ndcg_10: 0.19484098255634308
ndcg_20: 0.24234406650066376
hit_1: 0.04537521815008726
hit_5: 0.2239927156840428
hit_10: 0.4180893846270582
hit_20: 0.6046741027392063
ap: 0.1514796018600464
no increase in recent 0 iters
[epoch 1] avg_loss=253.3559, avg_isc=247.9293, avg_osc=354.9360, seen_batch=120
########## current_metrics ##########
ndcg_1: 0.05152135973897868
ndcg_5: 0.1487531065940857
ndcg_10: 0.22987785935401917
ndcg_20: 0.3107832074165344
hit_1: 0.05152135973897868
hit_5: 0.25244707489187346
hit_10: 0.506108202443281
hit_20: 0.8233553380377874
ap: 0.17629925906658173
########## best_metrics ##########
ndcg_1: 0.05152135973897868
ndcg_5: 0.1487531065940857
ndcg_10: 0.22987785935401917
ndcg_20: 0.3107832074165344
hit_1: 0.05152135973897868
hit_5: 0.25244707489187346
hit_10: 0.506108202443281
hit_20: 0.8233553380377874
ap: 0.17629925906658173
no increase in recent 0 iters
[epoch 2] avg_loss=173.3420, avg_isc=195.5173, avg_osc=354.9397, seen_batch=120
########## current_metrics ##########
ndcg_1: 0.059336823734729496
ndcg_5: 0.17044012248516083
ndcg_10: 0.24967803061008453
ndcg_20: 0.3357163071632385
hit_1: 0.059336823734729496
hit_5: 0.28644054935882846
hit_10: 0.5341831701950072
hit_20: 0.8717656878367099
ap: 0.19316300749778748
########## best_metrics ##########
ndcg_1: 0.059336823734729496
ndcg_5: 0.17044012248516083
ndcg_10: 0.24967803061008453
ndcg_20: 0.3357163071632385
hit_1: 0.059336823734729496
hit_5: 0.28644054935882846
hit_10: 0.5341831701950072
hit_20: 0.8717656878367099
ap: 0.19316300749778748
no increase in recent 0 iters
[epoch 3] avg_loss=142.3666, avg_isc=190.6055, avg_osc=354.9518, seen_batch=120
########## current_metrics ##########
ndcg_1: 0.06874573184611883
ndcg_5: 0.1867440640926361
ndcg_10: 0.2692822813987732
ndcg_20: 0.3512671887874603
hit_1: 0.06874573184611883
hit_5: 0.3091281584338721
hit_10: 0.5665832005463237
hit_20: 0.8886106684877456
ap: 0.2070835679769516
########## best_metrics ##########
ndcg_1: 0.06874573184611883
ndcg_5: 0.1867440640926361
ndcg_10: 0.2692822813987732
ndcg_20: 0.3512671887874603
hit_1: 0.06874573184611883
hit_5: 0.3091281584338721
hit_10: 0.5665832005463237
hit_20: 0.8886106684877456
ap: 0.2070835679769516
no increase in recent 0 iters
[epoch 4] avg_loss=126.2219, avg_isc=195.8166, avg_osc=354.9718, seen_batch=120
########## current_metrics ##########
ndcg_1: 0.07390545564913878
ndcg_5: 0.2004612535238266
ndcg_10: 0.2832827568054199
ndcg_20: 0.3625737428665161
hit_1: 0.07390545564913878
hit_5: 0.33295394187722893
hit_10: 0.5916989149404356
hit_20: 0.9023446391987252
ap: 0.21653713285923004
########## best_metrics ##########
ndcg_1: 0.07390545564913878
ndcg_5: 0.2004612535238266
ndcg_10: 0.2832827568054199
ndcg_20: 0.3625737428665161
hit_1: 0.07390545564913878
hit_5: 0.33295394187722893
hit_10: 0.5916989149404356
hit_20: 0.9023446391987252
ap: 0.21653713285923004
no increase in recent 0 iters
[epoch 5] avg_loss=118.1952, avg_isc=202.7390, avg_osc=354.9571, seen_batch=120
########## current_metrics ##########
ndcg_1: 0.0783822748311708
ndcg_5: 0.20834366977214813
ndcg_10: 0.2911747097969055
ndcg_20: 0.369658887386322
hit_1: 0.0783822748311708
hit_5: 0.3440321723954777
hit_10: 0.6023977540025799
hit_20: 0.9098565900295925
ap: 0.22298114001750946
########## best_metrics ##########
ndcg_1: 0.0783822748311708
ndcg_5: 0.20834366977214813
ndcg_10: 0.2911747097969055
ndcg_20: 0.369658887386322
hit_1: 0.0783822748311708
hit_5: 0.3440321723954777
hit_10: 0.6023977540025799
hit_20: 0.9098565900295925
ap: 0.22298114001750946
no increase in recent 0 iters

===== Running inv_v3_strong_orth_mf_sal on electronics =====
########## DataInfo ##########
reading seq.dat
numUser:22502
numItem:10649
generating train samples
train_size: 200144, time: 9.966490983963013
abandoned 0(0.0) samples
valid user num: 22032
valid item num: 10647
generating test samples
test_size: 22032, time: 8.45258903503418
abandoned 0(0.0) samples
------------IOSCREC ENCODER YES------------
[epoch 0] avg_loss=354.7247, avg_isc=353.9682, avg_osc=354.8960, seen_batch=120
########## current_metrics ##########
ndcg_1: 0.020651779230210603
ndcg_5: 0.04774986952543259
ndcg_10: 0.06964217871427536
ndcg_20: 0.0994097888469696
hit_1: 0.020651779230210603
hit_5: 0.0758442265795207
hit_10: 0.14438090050835148
hit_20: 0.26348039215686275
ap: 0.0710681676864624
########## best_metrics ##########
ndcg_1: 0.020651779230210603
ndcg_5: 0.04774986952543259
ndcg_10: 0.06964217871427536
ndcg_20: 0.0994097888469696
hit_1: 0.020651779230210603
hit_5: 0.0758442265795207
hit_10: 0.14438090050835148
hit_20: 0.26348039215686275
ap: 0.0710681676864624
no increase in recent 0 iters
[epoch 1] avg_loss=348.2807, avg_isc=345.5580, avg_osc=354.9035, seen_batch=120
########## current_metrics ##########
ndcg_1: 0.01978939724037763
ndcg_5: 0.05730051547288895
ndcg_10: 0.08472485840320587
ndcg_20: 0.11847010999917984
hit_1: 0.01978939724037763
hit_5: 0.09626906318082788
hit_10: 0.18178104575163398
hit_20: 0.31631263616557737
ap: 0.08023517578840256
########## best_metrics ##########
ndcg_1: 0.020651779230210603
ndcg_5: 0.05730051547288895
ndcg_10: 0.08472485840320587
ndcg_20: 0.11847010999917984
hit_1: 0.020651779230210603
hit_5: 0.09626906318082788
hit_10: 0.18178104575163398
hit_20: 0.31631263616557737
ap: 0.08023517578840256
no increase in recent 0 iters
[epoch 2] avg_loss=325.0686, avg_isc=325.8284, avg_osc=354.9055, seen_batch=120
########## current_metrics ##########
ndcg_1: 0.020379448075526507
ndcg_5: 0.06108091026544571
ndcg_10: 0.09223541617393494
ndcg_20: 0.12846052646636963
hit_1: 0.020379448075526507
hit_5: 0.10389433551198257
hit_10: 0.20098039215686275
hit_20: 0.34508896151053015
ap: 0.08478991687297821
########## best_metrics ##########
ndcg_1: 0.020651779230210603
ndcg_5: 0.06108091026544571
ndcg_10: 0.09223541617393494
ndcg_20: 0.12846052646636963
hit_1: 0.020651779230210603
hit_5: 0.10389433551198257
hit_10: 0.20098039215686275
hit_20: 0.34508896151053015
ap: 0.08478991687297821
no increase in recent 0 iters
[epoch 3] avg_loss=297.8295, avg_isc=306.4736, avg_osc=354.9068, seen_batch=120
########## current_metrics ##########
ndcg_1: 0.024192084241103848
ndcg_5: 0.07088317722082138
ndcg_10: 0.10349062830209732
ndcg_20: 0.1440546214580536
hit_1: 0.024192084241103848
hit_5: 0.12000726216412491
hit_10: 0.22194989106753812
hit_20: 0.38344226579520696
ap: 0.09371780604124069
########## best_metrics ##########
ndcg_1: 0.024192084241103848
ndcg_5: 0.07088317722082138
ndcg_10: 0.10349062830209732
ndcg_20: 0.1440546214580536
hit_1: 0.024192084241103848
hit_5: 0.12000726216412491
hit_10: 0.22194989106753812
hit_20: 0.38344226579520696
ap: 0.09371780604124069
no increase in recent 0 iters
[epoch 4] avg_loss=279.3560, avg_isc=295.9213, avg_osc=354.9163, seen_batch=120
########## current_metrics ##########
ndcg_1: 0.026234567901234566
ndcg_5: 0.074722521007061
ndcg_10: 0.10871932655572891
ndcg_20: 0.1506129652261734
hit_1: 0.026234567901234566
hit_5: 0.12540849673202614
hit_10: 0.23188997821350762
hit_20: 0.39869281045751637
ap: 0.09769881516695023
########## best_metrics ##########
ndcg_1: 0.026234567901234566
ndcg_5: 0.074722521007061
ndcg_10: 0.10871932655572891
ndcg_20: 0.1506129652261734
hit_1: 0.026234567901234566
hit_5: 0.12540849673202614
hit_10: 0.23188997821350762
hit_20: 0.39869281045751637
ap: 0.09769881516695023
no increase in recent 0 iters
[epoch 5] avg_loss=267.8993, avg_isc=290.8426, avg_osc=354.9081, seen_batch=120
########## current_metrics ##########
ndcg_1: 0.03140885984023239
ndcg_5: 0.08193571120500565
ndcg_10: 0.11774907261133194
ndcg_20: 0.16104590892791748
hit_1: 0.03140885984023239
hit_5: 0.13421387073347857
hit_10: 0.24627814088598401
hit_20: 0.4186637618010167
ap: 0.10516387224197388
########## best_metrics ##########
ndcg_1: 0.03140885984023239
ndcg_5: 0.08193571120500565
ndcg_10: 0.11774907261133194
ndcg_20: 0.16104590892791748
hit_1: 0.03140885984023239
hit_5: 0.13421387073347857
hit_10: 0.24627814088598401
hit_20: 0.4186637618010167
ap: 0.10516387224197388
no increase in recent 0 iters

===== Running inv_v4_with_corr on yelp =====
########## DataInfo ##########
reading seq.dat
numUser:22844
numItem:16553
generating train samples
train_size: 158492, time: 8.944376707077026
abandoned 0(0.0) samples
valid user num: 13179
valid item num: 16524
generating test samples
test_size: 13179, time: 5.87683629989624
abandoned 0(0.0) samples
------------IOSCREC ENCODER YES------------
[epoch 0] avg_loss=465.5121, avg_isc=354.4768, avg_osc=354.8895, seen_batch=120
########## current_metrics ##########
ndcg_1: 0.012140526595341074
ndcg_5: 0.03553919121623039
ndcg_10: 0.05258582904934883
ndcg_20: 0.08023621886968613
hit_1: 0.012140526595341074
hit_5: 0.059867971773275665
hit_10: 0.11305865391911374
hit_20: 0.22376508081038016
ap: 0.05783694609999657
########## best_metrics ##########
ndcg_1: 0.012140526595341074
ndcg_5: 0.03553919121623039
ndcg_10: 0.05258582904934883
ndcg_20: 0.08023621886968613
hit_1: 0.012140526595341074
hit_5: 0.059867971773275665
hit_10: 0.11305865391911374
hit_20: 0.22376508081038016
ap: 0.05783694609999657
no increase in recent 0 iters
[epoch 1] avg_loss=461.3964, avg_isc=354.5901, avg_osc=354.8902, seen_batch=120
########## current_metrics ##########
ndcg_1: 0.012595796342666363
ndcg_5: 0.036772552877664566
ndcg_10: 0.055275801569223404
ndcg_20: 0.08198783546686172
hit_1: 0.012595796342666363
hit_5: 0.061764929053797706
hit_10: 0.11958418696410957
hit_20: 0.22664845587677365
ap: 0.058994945138692856
########## best_metrics ##########
ndcg_1: 0.012595796342666363
ndcg_5: 0.036772552877664566
ndcg_10: 0.055275801569223404
ndcg_20: 0.08198783546686172
hit_1: 0.012595796342666363
hit_5: 0.061764929053797706
hit_10: 0.11958418696410957
hit_20: 0.22664845587677365
ap: 0.058994945138692856
no increase in recent 0 iters
[epoch 2] avg_loss=461.4121, avg_isc=354.6671, avg_osc=354.8890, seen_batch=120
########## current_metrics ##########
ndcg_1: 0.016162076030047802
ndcg_5: 0.0397830531001091
ndcg_10: 0.05813439190387726
ndcg_20: 0.08544129878282547
hit_1: 0.016162076030047802
hit_5: 0.06480006070263297
hit_10: 0.12216404886561955
hit_20: 0.23127703164124744
ap: 0.062217265367507935
########## best_metrics ##########
ndcg_1: 0.016162076030047802
ndcg_5: 0.0397830531001091
ndcg_10: 0.05813439190387726
ndcg_20: 0.08544129878282547
hit_1: 0.016162076030047802
hit_5: 0.06480006070263297
hit_10: 0.12216404886561955
hit_20: 0.23127703164124744
ap: 0.062217265367507935
no increase in recent 0 iters
[epoch 3] avg_loss=461.3896, avg_isc=354.7093, avg_osc=354.8906, seen_batch=120
########## current_metrics ##########
ndcg_1: 0.01646558919493133
ndcg_5: 0.04142341390252113
ndcg_10: 0.058365724980831146
ndcg_20: 0.08456018567085266
hit_1: 0.01646558919493133
hit_5: 0.06700053114803854
hit_10: 0.1198877001289931
hit_20: 0.22459974201380986
ap: 0.06293926388025284
########## best_metrics ##########
ndcg_1: 0.01646558919493133
ndcg_5: 0.04142341390252113
ndcg_10: 0.058365724980831146
ndcg_20: 0.08544129878282547
hit_1: 0.01646558919493133
hit_5: 0.06700053114803854
hit_10: 0.12216404886561955
hit_20: 0.23127703164124744
ap: 0.06293926388025284
no increase in recent 0 iters
[epoch 4] avg_loss=461.3722, avg_isc=354.7435, avg_osc=354.8932, seen_batch=120
########## current_metrics ##########
ndcg_1: 0.015251536535397223
ndcg_5: 0.03845343366265297
ndcg_10: 0.05565008148550987
ndcg_20: 0.08113134652376175
hit_1: 0.015251536535397223
hit_5: 0.06252371196600652
hit_10: 0.11632142044161166
hit_20: 0.2185294787161393
ap: 0.060133542865514755
########## best_metrics ##########
ndcg_1: 0.01646558919493133
ndcg_5: 0.04142341390252113
ndcg_10: 0.058365724980831146
ndcg_20: 0.08544129878282547
hit_1: 0.01646558919493133
hit_5: 0.06700053114803854
hit_10: 0.12216404886561955
hit_20: 0.23127703164124744
ap: 0.06293926388025284
no increase in recent 1 iters
[epoch 5] avg_loss=461.4049, avg_isc=354.7355, avg_osc=354.8915, seen_batch=120
########## current_metrics ##########
ndcg_1: 0.014037483875863116
ndcg_5: 0.03886003419756889
ndcg_10: 0.05568384751677513
ndcg_20: 0.08196976780891418
hit_1: 0.014037483875863116
hit_5: 0.06426891266408681
hit_10: 0.11700432506259958
hit_20: 0.22201988011229987
ap: 0.0604381337761879
########## best_metrics ##########
ndcg_1: 0.01646558919493133
ndcg_5: 0.04142341390252113
