nohup: ignoring input
########## DataInfo ##########
reading seq.dat
numUser:14010
numItem:23684
########## config ##########
thread_num: 4
dataset: baby
eval_neg_num: 100
train_neg_num: 20
input_len: 5
rec_model: SASRec
train_type: train
save_epochs: [100, 200, 300, 400]
epoch_num: 500
learning_rate: 0.01
train_batch_size: 1024
test_batch_size: 256
drop_ratio: 0.1
decay_factor: 0.9
hidden_size: 50
num_hidden_layers: 1
num_attention_heads: 2
intermediate_size: 100
hidden_act: gelu
hidden_dropout_prob: 0.1
attention_probs_dropout_prob: 0.1
type_vocab_size: 1
initializer_range: 0.1
loss_type: pairwise_sample
weight_decay: 0.01
device: cuda
max_seq_len: 5
layer_size: 1
threshold: 1
noise_ratio: 0.05
candidate_num: 3
high_loss_drop: 0.05
weight_drop: 0.5
encoder_loss: False
user_num: 14010
item_num: 23684
generating train samples
train_size: 117206, time: 0.6252865791320801
abandoned 0(0.0) samples
valid user num: 14010
valid item num: 21262
generating test samples
test_size: 14010, time: 12.901301622390747
abandoned 0(0.0) samples
------------SASREC ENCODER YES------------
============================================================
Start Training
============================================================
################## epoch 0 ###########################
loss: 1312.2108, len_train_loader:115
modified_target in every batch:0.0
modified_hist in every batch :0.0
########## current_metrics ##########
ndcg_1: 0.02341184867951463
ndcg_5: 0.06580712646245956
ndcg_10: 0.09948915988206863
ndcg_20: 0.14286501705646515
hit_1: 0.02341184867951463
hit_5: 0.11049250535331906
hit_10: 0.21577444682369737
hit_20: 0.3894361170592434
ap: 0.09249161928892136
########## best_metrics ##########
ndcg_1: 0.02341184867951463
ndcg_5: 0.06580712646245956
ndcg_10: 0.09948915988206863
ndcg_20: 0.14286501705646515
hit_1: 0.02341184867951463
hit_5: 0.11049250535331906
hit_10: 0.21577444682369737
hit_20: 0.3894361170592434
ap: 0.09249161928892136
no increase in recent 0 iters
#########################################################
################## epoch 1 ###########################
loss: 809.4713, len_train_loader:115
modified_target in every batch:0.0
modified_hist in every batch :0.0
########## current_metrics ##########
ndcg_1: 0.03190578158458244
ndcg_5: 0.09157747030258179
ndcg_10: 0.13893458247184753
ndcg_20: 0.19781988859176636
hit_1: 0.03190578158458244
hit_5: 0.15381870092790864
hit_10: 0.302355460385439
hit_20: 0.5365453247680229
ap: 0.11953530460596085
########## best_metrics ##########
ndcg_1: 0.03190578158458244
ndcg_5: 0.09157747030258179
ndcg_10: 0.13893458247184753
ndcg_20: 0.19781988859176636
hit_1: 0.03190578158458244
hit_5: 0.15381870092790864
hit_10: 0.302355460385439
hit_20: 0.5365453247680229
ap: 0.11953530460596085
no increase in recent 0 iters
#########################################################
################## epoch 2 ###########################
loss: 593.3577, len_train_loader:115
modified_target in every batch:0.0
modified_hist in every batch :0.0
########## current_metrics ##########
ndcg_1: 0.046538187009279086
ndcg_5: 0.12408548593521118
ndcg_10: 0.1776878982782364
ndcg_20: 0.2359609603881836
hit_1: 0.046538187009279086
hit_5: 0.20556745182012848
hit_10: 0.3730192719486081
hit_20: 0.603925767309065
ap: 0.14700539410114288
########## best_metrics ##########
ndcg_1: 0.046538187009279086
ndcg_5: 0.12408548593521118
ndcg_10: 0.1776878982782364
ndcg_20: 0.2359609603881836
hit_1: 0.046538187009279086
hit_5: 0.20556745182012848
hit_10: 0.3730192719486081
hit_20: 0.603925767309065
ap: 0.14700539410114288
no increase in recent 0 iters
#########################################################
################## epoch 3 ###########################
loss: 500.858, len_train_loader:115
modified_target in every batch:0.0
modified_hist in every batch :0.0
########## current_metrics ##########
ndcg_1: 0.049964311206281226
ndcg_5: 0.13763664662837982
ndcg_10: 0.19688738882541656
ndcg_20: 0.2539204955101013
hit_1: 0.049964311206281226
hit_5: 0.2284796573875803
hit_10: 0.4132762312633833
hit_20: 0.6391149179157745
ap: 0.1586754322052002
########## best_metrics ##########
ndcg_1: 0.049964311206281226
ndcg_5: 0.13763664662837982
ndcg_10: 0.19688738882541656
ndcg_20: 0.2539204955101013
hit_1: 0.049964311206281226
hit_5: 0.2284796573875803
hit_10: 0.4132762312633833
hit_20: 0.6391149179157745
ap: 0.1586754322052002
no increase in recent 0 iters
#########################################################
################## epoch 4 ###########################
loss: 448.3204, len_train_loader:115
modified_target in every batch:0.0
modified_hist in every batch :0.0
########## current_metrics ##########
ndcg_1: 0.05753033547466096
ndcg_5: 0.1505873054265976
ndcg_10: 0.20658081769943237
ndcg_20: 0.2633249759674072
hit_1: 0.05753033547466096
hit_5: 0.24539614561027837
hit_10: 0.4195574589578872
hit_20: 0.6441113490364025
ap: 0.16908273100852966
########## best_metrics ##########
ndcg_1: 0.05753033547466096
ndcg_5: 0.1505873054265976
ndcg_10: 0.20658081769943237
ndcg_20: 0.2633249759674072
hit_1: 0.05753033547466096
hit_5: 0.24539614561027837
hit_10: 0.4195574589578872
hit_20: 0.6441113490364025
ap: 0.16908273100852966
no increase in recent 0 iters
#########################################################
################## epoch 5 ###########################
loss: 410.492, len_train_loader:115
modified_target in every batch:0.0
modified_hist in every batch :0.0
########## current_metrics ##########
ndcg_1: 0.06088508208422555
ndcg_5: 0.1619247943162918
ndcg_10: 0.21967081725597382
ndcg_20: 0.2730761766433716
hit_1: 0.06088508208422555
hit_5: 0.26488222698072805
hit_10: 0.4446823697359029
hit_20: 0.6553890078515346
ap: 0.17715993523597717
########## best_metrics ##########
ndcg_1: 0.06088508208422555
ndcg_5: 0.1619247943162918
ndcg_10: 0.21967081725597382
ndcg_20: 0.2730761766433716
hit_1: 0.06088508208422555
hit_5: 0.26488222698072805
hit_10: 0.4446823697359029
hit_20: 0.6553890078515346
ap: 0.17715993523597717
no increase in recent 0 iters
#########################################################
################## epoch 6 ###########################
loss: 380.4599, len_train_loader:115
modified_target in every batch:0.0
modified_hist in every batch :0.0
########## current_metrics ##########
ndcg_1: 0.0635260528194147
ndcg_5: 0.16698509454727173
ndcg_10: 0.2258346974849701
ndcg_20: 0.27823203802108765
hit_1: 0.0635260528194147
hit_5: 0.2713775874375446
hit_10: 0.45467523197715914
hit_20: 0.6611705924339757
ap: 0.18180519342422485
########## best_metrics ##########
ndcg_1: 0.0635260528194147
ndcg_5: 0.16698509454727173
ndcg_10: 0.2258346974849701
ndcg_20: 0.27823203802108765
hit_1: 0.0635260528194147
hit_5: 0.2713775874375446
hit_10: 0.45467523197715914
hit_20: 0.6611705924339757
ap: 0.18180519342422485
no increase in recent 0 iters
#########################################################
################## epoch 7 ###########################
loss: 355.6956, len_train_loader:115
modified_target in every batch:0.0
modified_hist in every batch :0.0
########## current_metrics ##########
ndcg_1: 0.06866523911491791
ndcg_5: 0.1770075112581253
ndcg_10: 0.23469212651252747
ndcg_20: 0.284986674785614
hit_1: 0.06866523911491791
hit_5: 0.28586723768736616
hit_10: 0.46552462526766597
hit_20: 0.6642398286937902
ap: 0.18926770985126495
########## best_metrics ##########
ndcg_1: 0.06866523911491791
ndcg_5: 0.1770075112581253
ndcg_10: 0.23469212651252747
ndcg_20: 0.284986674785614
hit_1: 0.06866523911491791
hit_5: 0.28586723768736616
hit_10: 0.46552462526766597
hit_20: 0.6642398286937902
ap: 0.18926770985126495
no increase in recent 0 iters
#########################################################
################## epoch 8 ###########################
loss: 331.8519, len_train_loader:115
modified_target in every batch:0.0
modified_hist in every batch :0.0
########## current_metrics ##########
ndcg_1: 0.0667380442541042
ndcg_5: 0.17313069105148315
ndcg_10: 0.230376735329628
ndcg_20: 0.279726505279541
hit_1: 0.0667380442541042
hit_5: 0.28122769450392576
hit_10: 0.45881513204853674
hit_20: 0.6535331905781585
ap: 0.18574216961860657
########## best_metrics ##########
ndcg_1: 0.06866523911491791
ndcg_5: 0.1770075112581253
ndcg_10: 0.23469212651252747
ndcg_20: 0.284986674785614
hit_1: 0.06866523911491791
hit_5: 0.28586723768736616
hit_10: 0.46552462526766597
hit_20: 0.6642398286937902
ap: 0.18926770985126495
no increase in recent 1 iters
#########################################################
################## epoch 9 ###########################
loss: 309.8598, len_train_loader:115
modified_target in every batch:0.0
modified_hist in every batch :0.0
########## current_metrics ##########
ndcg_1: 0.07701641684511064
ndcg_5: 0.1821994185447693
ndcg_10: 0.23956458270549774
ndcg_20: 0.28884685039520264
hit_1: 0.07701641684511064
hit_5: 0.2883654532476802
hit_10: 0.4662384011420414
hit_20: 0.6608850820842256
ap: 0.19516713917255402
########## best_metrics ##########
ndcg_1: 0.07701641684511064
ndcg_5: 0.1821994185447693
ndcg_10: 0.23956458270549774
ndcg_20: 0.28884685039520264
hit_1: 0.07701641684511064
hit_5: 0.2883654532476802
hit_10: 0.4662384011420414
hit_20: 0.6642398286937902
ap: 0.19516713917255402
no increase in recent 0 iters
#########################################################
################## epoch 10 ###########################
loss: 302.0609, len_train_loader:115
modified_target in every batch:25.8783
modified_hist in every batch :0.0
########## current_metrics ##########
ndcg_1: 0.08358315488936474
ndcg_5: 0.1890745908021927
ndcg_10: 0.24105748534202576
ndcg_20: 0.29031670093536377
hit_1: 0.08358315488936474
hit_5: 0.294361170592434
hit_10: 0.45538900785153463
hit_20: 0.6500356887937188
ap: 0.20023341476917267
########## best_metrics ##########
ndcg_1: 0.08358315488936474
ndcg_5: 0.1890745908021927
ndcg_10: 0.24105748534202576
ndcg_20: 0.29031670093536377
hit_1: 0.08358315488936474
hit_5: 0.294361170592434
hit_10: 0.4662384011420414
hit_20: 0.6642398286937902
ap: 0.20023341476917267
no increase in recent 0 iters
#########################################################
################## epoch 11 ###########################
loss: 288.6326, len_train_loader:115
modified_target in every batch:28.8609
modified_hist in every batch :0.0
########## current_metrics ##########
ndcg_1: 0.08700927908636688
ndcg_5: 0.1925559937953949
ndcg_10: 0.2445765733718872
ndcg_20: 0.2942737936973572
hit_1: 0.08700927908636688
hit_5: 0.2979300499643112
hit_10: 0.4593861527480371
hit_20: 0.6560314061384726
ap: 0.20371219515800476
########## best_metrics ##########
ndcg_1: 0.08700927908636688
ndcg_5: 0.1925559937953949
ndcg_10: 0.2445765733718872
ndcg_20: 0.2942737936973572
hit_1: 0.08700927908636688
hit_5: 0.2979300499643112
hit_10: 0.4662384011420414
hit_20: 0.6642398286937902
ap: 0.20371219515800476
no increase in recent 0 iters
#########################################################
################## epoch 12 ###########################
loss: 274.169, len_train_loader:115
modified_target in every batch:31.8435
modified_hist in every batch :0.0
########## current_metrics ##########
ndcg_1: 0.08907922912205568
ndcg_5: 0.19839327037334442
ndcg_10: 0.2491656243801117
ndcg_20: 0.2965776026248932
hit_1: 0.08907922912205568
hit_5: 0.30563882940756604
hit_10: 0.4632405424696645
hit_20: 0.6510349750178444
ap: 0.20761415362358093
########## best_metrics ##########
ndcg_1: 0.08907922912205568
ndcg_5: 0.19839327037334442
ndcg_10: 0.2491656243801117
ndcg_20: 0.2965776026248932
hit_1: 0.08907922912205568
hit_5: 0.30563882940756604
hit_10: 0.4662384011420414
hit_20: 0.6642398286937902
ap: 0.20761415362358093
no increase in recent 0 iters
#########################################################
################## epoch 13 ###########################
loss: 261.6527, len_train_loader:115
modified_target in every batch:34.8348
modified_hist in every batch :0.0
########## current_metrics ##########
ndcg_1: 0.08950749464668094
ndcg_5: 0.1989007294178009
ndcg_10: 0.25118327140808105
ndcg_20: 0.2964514493942261
hit_1: 0.08950749464668094
hit_5: 0.30856531049250535
hit_10: 0.4708065667380443
hit_20: 0.6498929336188437
ap: 0.20758619904518127
########## best_metrics ##########
ndcg_1: 0.08950749464668094
ndcg_5: 0.1989007294178009
ndcg_10: 0.25118327140808105
ndcg_20: 0.2965776026248932
hit_1: 0.08950749464668094
hit_5: 0.30856531049250535
hit_10: 0.4708065667380443
hit_20: 0.6642398286937902
ap: 0.20761415362358093
no increase in recent 0 iters
#########################################################
################## epoch 14 ###########################
loss: 252.0241, len_train_loader:115
modified_target in every batch:36.8261
modified_hist in every batch :0.0
########## current_metrics ##########
ndcg_1: 0.09022127052105638
ndcg_5: 0.20059438049793243
ndcg_10: 0.25138676166534424
ndcg_20: 0.2972019612789154
hit_1: 0.09022127052105638
hit_5: 0.3083511777301927
hit_10: 0.46531049250535333
hit_20: 0.646395431834404
ap: 0.20944717526435852
########## best_metrics ##########
ndcg_1: 0.09022127052105638
ndcg_5: 0.20059438049793243
ndcg_10: 0.25138676166534424
ndcg_20: 0.2972019612789154
hit_1: 0.09022127052105638
hit_5: 0.30856531049250535
hit_10: 0.4708065667380443
hit_20: 0.6642398286937902
ap: 0.20944717526435852
no increase in recent 0 iters
#########################################################
################## epoch 15 ###########################
loss: 243.9944, len_train_loader:115
modified_target in every batch:39.8087
modified_hist in every batch :0.0
########## current_metrics ##########
ndcg_1: 0.09500356887937188
ndcg_5: 0.203165203332901
ndcg_10: 0.25342369079589844
ndcg_20: 0.2984371781349182
hit_1: 0.09500356887937188
hit_5: 0.3089221984296931
hit_10: 0.4650963597430407
hit_20: 0.6430406852248394
ap: 0.2122427523136139
########## best_metrics ##########
ndcg_1: 0.09500356887937188
ndcg_5: 0.203165203332901
ndcg_10: 0.25342369079589844
ndcg_20: 0.2984371781349182
hit_1: 0.09500356887937188
hit_5: 0.3089221984296931
hit_10: 0.4708065667380443
hit_20: 0.6642398286937902
ap: 0.2122427523136139
no increase in recent 0 iters
#########################################################
################## epoch 16 ###########################
loss: 235.6284, len_train_loader:115
modified_target in every batch:42.7913
modified_hist in every batch :0.0
########## current_metrics ##########
ndcg_1: 0.09022127052105638
ndcg_5: 0.19816569983959198
ndcg_10: 0.2481459677219391
ndcg_20: 0.2917582094669342
hit_1: 0.09022127052105638
hit_5: 0.3058529621698787
hit_10: 0.46138472519628837
hit_20: 0.6340471092077088
ap: 0.20643511414527893
########## best_metrics ##########
ndcg_1: 0.09500356887937188
ndcg_5: 0.203165203332901
ndcg_10: 0.25342369079589844
ndcg_20: 0.2984371781349182
hit_1: 0.09500356887937188
hit_5: 0.3089221984296931
hit_10: 0.4708065667380443
hit_20: 0.6642398286937902
ap: 0.2122427523136139
no increase in recent 1 iters
#########################################################
################## epoch 17 ###########################
loss: 228.6781, len_train_loader:115
modified_target in every batch:44.7913
modified_hist in every batch :0.0
########## current_metrics ##########
ndcg_1: 0.09122055674518201
ndcg_5: 0.20049135386943817
ndcg_10: 0.25072842836380005
ndcg_20: 0.2955355942249298
hit_1: 0.09122055674518201
hit_5: 0.30935046395431837
hit_10: 0.46523911491791575
hit_20: 0.6421127765881514
ap: 0.20868045091629028
########## best_metrics ##########
ndcg_1: 0.09500356887937188
ndcg_5: 0.203165203332901
ndcg_10: 0.25342369079589844
ndcg_20: 0.2984371781349182
hit_1: 0.09500356887937188
hit_5: 0.30935046395431837
hit_10: 0.4708065667380443
hit_20: 0.6642398286937902
ap: 0.2122427523136139
no increase in recent 0 iters
#########################################################
################## epoch 18 ###########################
loss: 224.8608, len_train_loader:115
modified_target in every batch:47.7739
modified_hist in every batch :0.0
########## current_metrics ##########
ndcg_1: 0.09486081370449678
ndcg_5: 0.20442427694797516
ndcg_10: 0.2523866295814514
ndcg_20: 0.29699933528900146
hit_1: 0.09486081370449678
hit_5: 0.3117773019271949
hit_10: 0.4608850820842256
hit_20: 0.6371877230549607
ap: 0.21190059185028076
########## best_metrics ##########
ndcg_1: 0.09500356887937188
ndcg_5: 0.20442427694797516
ndcg_10: 0.25342369079589844
ndcg_20: 0.2984371781349182
hit_1: 0.09500356887937188
hit_5: 0.3117773019271949
hit_10: 0.4708065667380443
hit_20: 0.6642398286937902
ap: 0.2122427523136139
no increase in recent 0 iters
#########################################################
################## epoch 19 ###########################
loss: 219.5043, len_train_loader:115
modified_target in every batch:50.7565
modified_hist in every batch :0.0
########## current_metrics ##########
ndcg_1: 0.09243397573162027
ndcg_5: 0.20084349811077118
ndcg_10: 0.2511732280254364
ndcg_20: 0.29440492391586304
hit_1: 0.09243397573162027
hit_5: 0.30628122769450394
hit_10: 0.46245538900785155
hit_20: 0.6333333333333333
ap: 0.20982685685157776
########## best_metrics ##########
ndcg_1: 0.09500356887937188
ndcg_5: 0.20442427694797516
ndcg_10: 0.25342369079589844
ndcg_20: 0.2984371781349182
hit_1: 0.09500356887937188
hit_5: 0.3117773019271949
hit_10: 0.4708065667380443
hit_20: 0.6642398286937902
ap: 0.2122427523136139
no increase in recent 1 iters
#########################################################
################## epoch 20 ###########################
loss: 237.2487, len_train_loader:115
modified_target in every batch:50.7565
modified_hist in every batch :462.313
########## current_metrics ##########
ndcg_1: 0.09307637401855817
ndcg_5: 0.20026598870754242
ndcg_10: 0.25024059414863586
ndcg_20: 0.2936681807041168
hit_1: 0.09307637401855817
hit_5: 0.30471092077087797
hit_10: 0.45995717344753745
hit_20: 0.6323340471092077
ap: 0.20929384231567383
########## best_metrics ##########
ndcg_1: 0.09500356887937188
ndcg_5: 0.20442427694797516
ndcg_10: 0.25342369079589844
ndcg_20: 0.2984371781349182
hit_1: 0.09500356887937188
hit_5: 0.3117773019271949
hit_10: 0.4708065667380443
hit_20: 0.6642398286937902
ap: 0.2122427523136139
no increase in recent 2 iters
#########################################################
################## epoch 21 ###########################
loss: 228.8058, len_train_loader:115
modified_target in every batch:50.7565
modified_hist in every batch :463.2
########## current_metrics ##########
ndcg_1: 0.09172019985724482
ndcg_5: 0.2002459168434143
ndcg_10: 0.2481767237186432
ndcg_20: 0.29232257604599
hit_1: 0.09172019985724482
hit_5: 0.3065667380442541
hit_10: 0.4548893647394718
hit_20: 0.629478943611706
ap: 0.20834305882453918
########## best_metrics ##########
ndcg_1: 0.09500356887937188
ndcg_5: 0.20442427694797516
ndcg_10: 0.25342369079589844
ndcg_20: 0.2984371781349182
hit_1: 0.09500356887937188
hit_5: 0.3117773019271949
hit_10: 0.4708065667380443
hit_20: 0.6642398286937902
ap: 0.2122427523136139
no increase in recent 3 iters
#########################################################
################## epoch 22 ###########################
loss: 225.3223, len_train_loader:115
modified_target in every batch:50.7565
modified_hist in every batch :460.5739
########## current_metrics ##########
ndcg_1: 0.09386152748037116
ndcg_5: 0.19839748740196228
ndcg_10: 0.24586614966392517
ndcg_20: 0.28844907879829407
hit_1: 0.09386152748037116
hit_5: 0.2997144896502498
hit_10: 0.4468950749464668
hit_20: 0.6151320485367595
ap: 0.20757102966308594
########## best_metrics ##########
ndcg_1: 0.09500356887937188
ndcg_5: 0.20442427694797516
ndcg_10: 0.25342369079589844
ndcg_20: 0.2984371781349182
hit_1: 0.09500356887937188
hit_5: 0.3117773019271949
hit_10: 0.4708065667380443
hit_20: 0.6642398286937902
ap: 0.2122427523136139
no increase in recent 4 iters
#########################################################
################## epoch 23 ###########################
loss: 219.6199, len_train_loader:115
modified_target in every batch:50.7565
modified_hist in every batch :459.0087
########## current_metrics ##########
ndcg_1: 0.09286224125624554
ndcg_5: 0.19770926237106323
ndcg_10: 0.24447771906852722
ndcg_20: 0.2883731722831726
hit_1: 0.09286224125624554
hit_5: 0.3006423982869379
hit_10: 0.4458244111349036
hit_20: 0.6197002141327623
ap: 0.20645467936992645
########## best_metrics ##########
ndcg_1: 0.09500356887937188
ndcg_5: 0.20442427694797516
ndcg_10: 0.25342369079589844
ndcg_20: 0.2984371781349182
hit_1: 0.09500356887937188
hit_5: 0.3117773019271949
hit_10: 0.4708065667380443
hit_20: 0.6642398286937902
ap: 0.2122427523136139
no increase in recent 5 iters
#########################################################
################## epoch 24 ###########################
loss: 214.896, len_train_loader:115
modified_target in every batch:50.7565
modified_hist in every batch :460.313
########## current_metrics ##########
ndcg_1: 0.0947180585296217
ndcg_5: 0.19846421480178833
ndcg_10: 0.24415284395217896
ndcg_20: 0.28694769740104675
hit_1: 0.0947180585296217
hit_5: 0.2997144896502498
hit_10: 0.4416845110635261
hit_20: 0.6112062812276945
ap: 0.20701222121715546
########## best_metrics ##########
ndcg_1: 0.09500356887937188
ndcg_5: 0.20442427694797516
ndcg_10: 0.25342369079589844
ndcg_20: 0.2984371781349182
hit_1: 0.09500356887937188
hit_5: 0.3117773019271949
hit_10: 0.4708065667380443
hit_20: 0.6642398286937902
ap: 0.2122427523136139
no increase in recent 6 iters
#########################################################
################## epoch 25 ###########################
loss: 213.0957, len_train_loader:115
modified_target in every batch:50.7565
modified_hist in every batch :460.3217
########## current_metrics ##########
ndcg_1: 0.092790863668808
ndcg_5: 0.19753916561603546
ndcg_10: 0.24480244517326355
ndcg_20: 0.288120836019516
hit_1: 0.092790863668808
hit_5: 0.29992862241256246
hit_10: 0.44675231977159174
hit_20: 0.6184867951463241
ap: 0.20646002888679504
########## best_metrics ##########
ndcg_1: 0.09500356887937188
ndcg_5: 0.20442427694797516
ndcg_10: 0.25342369079589844
ndcg_20: 0.2984371781349182
hit_1: 0.09500356887937188
hit_5: 0.3117773019271949
hit_10: 0.4708065667380443
hit_20: 0.6642398286937902
ap: 0.2122427523136139
no increase in recent 7 iters
#########################################################
################## epoch 26 ###########################
loss: 208.5048, len_train_loader:115
modified_target in every batch:50.7565
modified_hist in every batch :460.7739
########## current_metrics ##########
ndcg_1: 0.09221984296930763
ndcg_5: 0.19765587151050568
ndcg_10: 0.24609600007534027
ndcg_20: 0.28965696692466736
hit_1: 0.09221984296930763
hit_5: 0.30135617416131333
hit_10: 0.4521056388294076
hit_20: 0.6248394004282656
ap: 0.20655561983585358
########## best_metrics ##########
ndcg_1: 0.09500356887937188
ndcg_5: 0.20442427694797516
ndcg_10: 0.25342369079589844
ndcg_20: 0.2984371781349182
hit_1: 0.09500356887937188
hit_5: 0.3117773019271949
hit_10: 0.4708065667380443
hit_20: 0.6642398286937902
ap: 0.2122427523136139
no increase in recent 8 iters
#########################################################
################## epoch 27 ###########################
loss: 196.8911, len_train_loader:115
modified_target in every batch:50.7565
modified_hist in every batch :463.6174
########## current_metrics ##########
ndcg_1: 0.09928622412562456
ndcg_5: 0.20199687778949738
ndcg_10: 0.2503345012664795
ndcg_20: 0.2929534912109375
hit_1: 0.09928622412562456
hit_5: 0.30228408279800145
hit_10: 0.4521056388294076
hit_20: 0.6214132762312634
ap: 0.21172882616519928
########## best_metrics ##########
ndcg_1: 0.09928622412562456
ndcg_5: 0.20442427694797516
ndcg_10: 0.25342369079589844
ndcg_20: 0.2984371781349182
hit_1: 0.09928622412562456
hit_5: 0.3117773019271949
hit_10: 0.4708065667380443
hit_20: 0.6642398286937902
ap: 0.2122427523136139
no increase in recent 0 iters
#########################################################
################## epoch 28 ###########################
loss: 188.0374, len_train_loader:115
modified_target in every batch:50.7565
modified_hist in every batch :460.8957
########## current_metrics ##########
ndcg_1: 0.09721627408993576
ndcg_5: 0.20224280655384064
ndcg_10: 0.24858525395393372
ndcg_20: 0.29217764735221863
hit_1: 0.09721627408993576
hit_5: 0.3053533190578158
hit_10: 0.4494646680942184
hit_20: 0.6219129193433262
ap: 0.21069687604904175
########## best_metrics ##########
ndcg_1: 0.09928622412562456
ndcg_5: 0.20442427694797516
ndcg_10: 0.25342369079589844
ndcg_20: 0.2984371781349182
hit_1: 0.09928622412562456
hit_5: 0.3117773019271949
hit_10: 0.4708065667380443
hit_20: 0.6642398286937902
ap: 0.2122427523136139
no increase in recent 1 iters
#########################################################
################## epoch 29 ###########################
loss: 190.5353, len_train_loader:115
modified_target in every batch:50.7565
modified_hist in every batch :461.3391
########## current_metrics ##########
ndcg_1: 0.09700214132762312
ndcg_5: 0.19949455559253693
ndcg_10: 0.2472458779811859
ndcg_20: 0.2910788357257843
hit_1: 0.09700214132762312
hit_5: 0.2995003568879372
hit_10: 0.4473947180585296
hit_20: 0.620842255531763
ap: 0.20970961451530457
########## best_metrics ##########
ndcg_1: 0.09928622412562456
ndcg_5: 0.20442427694797516
ndcg_10: 0.25342369079589844
ndcg_20: 0.2984371781349182
hit_1: 0.09928622412562456
hit_5: 0.3117773019271949
hit_10: 0.4708065667380443
hit_20: 0.6642398286937902
ap: 0.2122427523136139
no increase in recent 2 iters
#########################################################
################## epoch 30 ###########################
loss: 187.7779, len_train_loader:115
modified_target in every batch:50.7565
modified_hist in every batch :462.1913
########## current_metrics ##########
ndcg_1: 0.09628836545324768
ndcg_5: 0.19467830657958984
ndcg_10: 0.24077856540679932
ndcg_20: 0.2833949625492096
hit_1: 0.09628836545324768
hit_5: 0.29093504639543183
hit_10: 0.43433261955745894
hit_20: 0.6033547466095646
ap: 0.20528334379196167
########## best_metrics ##########
ndcg_1: 0.09928622412562456
ndcg_5: 0.20442427694797516
ndcg_10: 0.25342369079589844
ndcg_20: 0.2984371781349182
hit_1: 0.09928622412562456
hit_5: 0.3117773019271949
hit_10: 0.4708065667380443
hit_20: 0.6642398286937902
ap: 0.2122427523136139
no increase in recent 3 iters
#########################################################
################## epoch 31 ###########################
loss: 188.2778, len_train_loader:115
modified_target in every batch:50.7565
modified_hist in every batch :462.5304
########## current_metrics ##########
ndcg_1: 0.09671663097787295
ndcg_5: 0.1974106878042221
ndcg_10: 0.2451341152191162
ndcg_20: 0.2885603904724121
hit_1: 0.09671663097787295
hit_5: 0.29571734475374734
hit_10: 0.444039971448965
hit_20: 0.6157744468236973
ap: 0.20810499787330627
########## best_metrics ##########
ndcg_1: 0.09928622412562456
ndcg_5: 0.20442427694797516
ndcg_10: 0.25342369079589844
ndcg_20: 0.2984371781349182
hit_1: 0.09928622412562456
hit_5: 0.3117773019271949
hit_10: 0.4708065667380443
hit_20: 0.6642398286937902
ap: 0.2122427523136139
no increase in recent 4 iters
#########################################################
################## epoch 32 ###########################
loss: 187.8659, len_train_loader:115
modified_target in every batch:50.7565
modified_hist in every batch :460.6
########## current_metrics ##########
ndcg_1: 0.0961456102783726
ndcg_5: 0.19666258990764618
ndcg_10: 0.24127838015556335
ndcg_20: 0.2833141088485718
hit_1: 0.0961456102783726
hit_5: 0.2950035688793719
hit_10: 0.4341898643825839
hit_20: 0.6008565310492505
ap: 0.20584270358085632
########## best_metrics ##########
ndcg_1: 0.09928622412562456
ndcg_5: 0.20442427694797516
ndcg_10: 0.25342369079589844
ndcg_20: 0.2984371781349182
hit_1: 0.09928622412562456
hit_5: 0.3117773019271949
hit_10: 0.4708065667380443
hit_20: 0.6642398286937902
ap: 0.2122427523136139
no increase in recent 5 iters
#########################################################
################## epoch 33 ###########################
loss: 188.8096, len_train_loader:115
modified_target in every batch:50.7565
modified_hist in every batch :461.8348
########## current_metrics ##########
ndcg_1: 0.09314775160599571
ndcg_5: 0.1951105296611786
ndcg_10: 0.24152538180351257
ndcg_20: 0.28515374660491943
hit_1: 0.09314775160599571
hit_5: 0.2942897930049964
hit_10: 0.4381156316916488
hit_20: 0.6114204139900071
ap: 0.20495715737342834
########## best_metrics ##########
ndcg_1: 0.09928622412562456
ndcg_5: 0.20442427694797516
ndcg_10: 0.25342369079589844
ndcg_20: 0.2984371781349182
hit_1: 0.09928622412562456
hit_5: 0.3117773019271949
hit_10: 0.4708065667380443
hit_20: 0.6642398286937902
ap: 0.2122427523136139
no increase in recent 6 iters
#########################################################
################## epoch 34 ###########################
loss: 186.3608, len_train_loader:115
modified_target in every batch:50.7565
modified_hist in every batch :462.7478
########## current_metrics ##########
ndcg_1: 0.09450392576730907
ndcg_5: 0.19711488485336304
ndcg_10: 0.24326546490192413
ndcg_20: 0.28507858514785767
hit_1: 0.09450392576730907
hit_5: 0.2971448965024982
hit_10: 0.43968593861527483
hit_20: 0.6052819414703783
ap: 0.20651254057884216
########## best_metrics ##########
ndcg_1: 0.09928622412562456
ndcg_5: 0.20442427694797516
ndcg_10: 0.25342369079589844
ndcg_20: 0.2984371781349182
hit_1: 0.09928622412562456
hit_5: 0.3117773019271949
hit_10: 0.4708065667380443
hit_20: 0.6642398286937902
ap: 0.2122427523136139
no increase in recent 7 iters
#########################################################
################## epoch 35 ###########################
loss: 183.8826, len_train_loader:115
modified_target in every batch:50.7565
modified_hist in every batch :461.9478
########## current_metrics ##########
ndcg_1: 0.09193433261955745
ndcg_5: 0.1965441256761551
ndcg_10: 0.24192701280117035
ndcg_20: 0.2844572365283966
hit_1: 0.09193433261955745
hit_5: 0.29921484653818703
hit_10: 0.43968593861527483
hit_20: 0.6084225553176302
ap: 0.20478077232837677
########## best_metrics ##########
ndcg_1: 0.09928622412562456
ndcg_5: 0.20442427694797516
ndcg_10: 0.25342369079589844
ndcg_20: 0.2984371781349182
hit_1: 0.09928622412562456
hit_5: 0.3117773019271949
hit_10: 0.4708065667380443
hit_20: 0.6642398286937902
ap: 0.2122427523136139
no increase in recent 8 iters
#########################################################
################## epoch 36 ###########################
loss: 181.861, len_train_loader:115
modified_target in every batch:50.7565
modified_hist in every batch :460.4087
########## current_metrics ##########
ndcg_1: 0.09850107066381156
ndcg_5: 0.20196884870529175
ndcg_10: 0.24739578366279602
ndcg_20: 0.2894316017627716
hit_1: 0.09850107066381156
hit_5: 0.3030692362598144
hit_10: 0.44375446109921485
hit_20: 0.6102069950035689
ap: 0.21057799458503723
########## best_metrics ##########
ndcg_1: 0.09928622412562456
ndcg_5: 0.20442427694797516
ndcg_10: 0.25342369079589844
ndcg_20: 0.2984371781349182
hit_1: 0.09928622412562456
hit_5: 0.3117773019271949
hit_10: 0.4708065667380443
hit_20: 0.6642398286937902
ap: 0.2122427523136139
no increase in recent 9 iters
#########################################################
################## epoch 37 ###########################
loss: 181.3212, len_train_loader:115
modified_target in every batch:50.7565
modified_hist in every batch :461.113
########## current_metrics ##########
ndcg_1: 0.09507494646680942
ndcg_5: 0.19858388602733612
ndcg_10: 0.24533361196517944
ndcg_20: 0.28745052218437195
hit_1: 0.09507494646680942
hit_5: 0.2979300499643112
hit_10: 0.4428979300499643
hit_20: 0.6094932191291934
ap: 0.20812833309173584
########## best_metrics ##########
ndcg_1: 0.09928622412562456
ndcg_5: 0.20442427694797516
ndcg_10: 0.25342369079589844
ndcg_20: 0.2984371781349182
hit_1: 0.09928622412562456
hit_5: 0.3117773019271949
hit_10: 0.4708065667380443
hit_20: 0.6642398286937902
ap: 0.2122427523136139
no increase in recent 10 iters
#########################################################
################## epoch 38 ###########################
loss: 169.2226, len_train_loader:115
modified_target in every batch:50.7565
modified_hist in every batch :460.6435
########## current_metrics ##########
ndcg_1: 0.10035688793718772
ndcg_5: 0.2008674591779709
ndcg_10: 0.2467266172170639
ndcg_20: 0.28952139616012573
hit_1: 0.10035688793718772
hit_5: 0.2990007137758744
hit_10: 0.44139900071377586
hit_20: 0.6104211277658815
ap: 0.21079276502132416
########## best_metrics ##########
ndcg_1: 0.10035688793718772
ndcg_5: 0.20442427694797516
ndcg_10: 0.25342369079589844
ndcg_20: 0.2984371781349182
hit_1: 0.10035688793718772
hit_5: 0.3117773019271949
hit_10: 0.4708065667380443
hit_20: 0.6642398286937902
ap: 0.2122427523136139
no increase in recent 0 iters
#########################################################
################## epoch 39 ###########################
loss: 163.8077, len_train_loader:115
modified_target in every batch:50.7565
modified_hist in every batch :463.0783
########## current_metrics ##########
ndcg_1: 0.0972876516773733
ndcg_5: 0.19843029975891113
ndcg_10: 0.2437523603439331
ndcg_20: 0.28617843985557556
hit_1: 0.0972876516773733
hit_5: 0.2965024982155603
hit_10: 0.43718772305496073
hit_20: 0.6053533190578159
ap: 0.2082051932811737
########## best_metrics ##########
ndcg_1: 0.10035688793718772
ndcg_5: 0.20442427694797516
ndcg_10: 0.25342369079589844
ndcg_20: 0.2984371781349182
hit_1: 0.10035688793718772
hit_5: 0.3117773019271949
hit_10: 0.4708065667380443
hit_20: 0.6642398286937902
ap: 0.2122427523136139
no increase in recent 1 iters
#########################################################
################## epoch 40 ###########################
loss: 165.2797, len_train_loader:115
modified_target in every batch:50.7565
modified_hist in every batch :464.3217
########## current_metrics ##########
ndcg_1: 0.0900785153461813
ndcg_5: 0.1917191594839096
ndcg_10: 0.23683330416679382
ndcg_20: 0.279501736164093
hit_1: 0.0900785153461813
hit_5: 0.2902926481084939
hit_10: 0.43097787294789436
hit_20: 0.6002855103497502
ap: 0.2012282907962799
########## best_metrics ##########
ndcg_1: 0.10035688793718772
ndcg_5: 0.20442427694797516
ndcg_10: 0.25342369079589844
ndcg_20: 0.2984371781349182
hit_1: 0.10035688793718772
hit_5: 0.3117773019271949
hit_10: 0.4708065667380443
hit_20: 0.6642398286937902
ap: 0.2122427523136139
no increase in recent 2 iters
#########################################################
################## epoch 41 ###########################
loss: 168.9667, len_train_loader:115
modified_target in every batch:50.7565
modified_hist in every batch :461.7304
########## current_metrics ##########
ndcg_1: 0.0940756602426838
ndcg_5: 0.1942901760339737
ndcg_10: 0.24187493324279785
ndcg_20: 0.2851088047027588
hit_1: 0.0940756602426838
hit_5: 0.2931477516059957
hit_10: 0.4411848679514632
hit_20: 0.6124197002141327
ap: 0.2047017365694046
########## best_metrics ##########
ndcg_1: 0.10035688793718772
ndcg_5: 0.20442427694797516
ndcg_10: 0.25342369079589844
ndcg_20: 0.2984371781349182
hit_1: 0.10035688793718772
hit_5: 0.3117773019271949
hit_10: 0.4708065667380443
hit_20: 0.6642398286937902
ap: 0.2122427523136139
no increase in recent 3 iters
#########################################################
################## epoch 42 ###########################
loss: 168.504, len_train_loader:115
modified_target in every batch:50.7565
modified_hist in every batch :460.7652
########## current_metrics ##########
ndcg_1: 0.09221984296930763
ndcg_5: 0.19260935485363007
ndcg_10: 0.23909738659858704
ndcg_20: 0.2817455232143402
hit_1: 0.09221984296930763
hit_5: 0.2913633119200571
hit_10: 0.4359743040685225
hit_20: 0.6044967880085653
ap: 0.20260779559612274
########## best_metrics ##########
ndcg_1: 0.10035688793718772
ndcg_5: 0.20442427694797516
ndcg_10: 0.25342369079589844
ndcg_20: 0.2984371781349182
hit_1: 0.10035688793718772
hit_5: 0.3117773019271949
hit_10: 0.4708065667380443
hit_20: 0.6642398286937902
ap: 0.2122427523136139
no increase in recent 4 iters
#########################################################
################## epoch 43 ###########################
loss: 169.3156, len_train_loader:115
modified_target in every batch:50.7565
modified_hist in every batch :459.1565
########## current_metrics ##########
ndcg_1: 0.09243397573162027
ndcg_5: 0.18950597941875458
ndcg_10: 0.23434092104434967
ndcg_20: 0.2768608331680298
hit_1: 0.09243397573162027
hit_5: 0.28465381870092793
hit_10: 0.4236973590292648
hit_20: 0.5922198429693076
ap: 0.2003357857465744
########## best_metrics ##########
ndcg_1: 0.10035688793718772
ndcg_5: 0.20442427694797516
ndcg_10: 0.25342369079589844
ndcg_20: 0.2984371781349182
hit_1: 0.10035688793718772
hit_5: 0.3117773019271949
hit_10: 0.4708065667380443
hit_20: 0.6642398286937902
ap: 0.2122427523136139
no increase in recent 5 iters
#########################################################
################## epoch 44 ###########################
loss: 166.1805, len_train_loader:115
modified_target in every batch:50.7565
modified_hist in every batch :459.4435
########## current_metrics ##########
ndcg_1: 0.09671663097787295
ndcg_5: 0.19663041830062866
ndcg_10: 0.24166478216648102
ndcg_20: 0.2830359637737274
hit_1: 0.09671663097787295
hit_5: 0.2944325481798715
hit_10: 0.4341898643825839
hit_20: 0.5981441827266238
ap: 0.20615001022815704
########## best_metrics ##########
ndcg_1: 0.10035688793718772
ndcg_5: 0.20442427694797516
ndcg_10: 0.25342369079589844
ndcg_20: 0.2984371781349182
hit_1: 0.10035688793718772
hit_5: 0.3117773019271949
hit_10: 0.4708065667380443
hit_20: 0.6642398286937902
ap: 0.2122427523136139
no increase in recent 6 iters
#########################################################
################## epoch 45 ###########################
loss: 166.9795, len_train_loader:115
modified_target in every batch:50.7565
modified_hist in every batch :462.5391
########## current_metrics ##########
ndcg_1: 0.0926481084939329
ndcg_5: 0.19358469545841217
ndcg_10: 0.23951347172260284
ndcg_20: 0.28127768635749817
hit_1: 0.0926481084939329
hit_5: 0.2932905067808708
hit_10: 0.43604568165596
hit_20: 0.6018558172733761
ap: 0.20289137959480286
########## best_metrics ##########
ndcg_1: 0.10035688793718772
ndcg_5: 0.20442427694797516
ndcg_10: 0.25342369079589844
ndcg_20: 0.2984371781349182
hit_1: 0.10035688793718772
hit_5: 0.3117773019271949
hit_10: 0.4708065667380443
hit_20: 0.6642398286937902
ap: 0.2122427523136139
no increase in recent 7 iters
#########################################################
################## epoch 46 ###########################
loss: 165.5732, len_train_loader:115
modified_target in every batch:50.7565
modified_hist in every batch :460.7826
########## current_metrics ##########
ndcg_1: 0.09507494646680942
ndcg_5: 0.19570907950401306
ndcg_10: 0.23928050696849823
ndcg_20: 0.2810879945755005
hit_1: 0.09507494646680942
hit_5: 0.2944325481798715
hit_10: 0.4297644539614561
hit_20: 0.5955745895788722
ap: 0.2044614851474762
########## best_metrics ##########
ndcg_1: 0.10035688793718772
ndcg_5: 0.20442427694797516
ndcg_10: 0.25342369079589844
ndcg_20: 0.2984371781349182
hit_1: 0.10035688793718772
hit_5: 0.3117773019271949
hit_10: 0.4708065667380443
hit_20: 0.6642398286937902
ap: 0.2122427523136139
no increase in recent 8 iters
#########################################################
################## epoch 47 ###########################
loss: 166.3954, len_train_loader:115
modified_target in every batch:50.7565
modified_hist in every batch :461.0
########## current_metrics ##########
ndcg_1: 0.0934332619557459
ndcg_5: 0.18829897046089172
ndcg_10: 0.2331172674894333
ndcg_20: 0.2750318944454193
hit_1: 0.0934332619557459
hit_5: 0.2796573875802998
hit_10: 0.4188436830835118
hit_20: 0.5849393290506781
ap: 0.20003633201122284
########## best_metrics ##########
ndcg_1: 0.10035688793718772
ndcg_5: 0.20442427694797516
ndcg_10: 0.25342369079589844
ndcg_20: 0.2984371781349182
hit_1: 0.10035688793718772
hit_5: 0.3117773019271949
hit_10: 0.4708065667380443
hit_20: 0.6642398286937902
ap: 0.2122427523136139
no increase in recent 9 iters
#########################################################
################## epoch 48 ###########################
loss: 163.6525, len_train_loader:115
modified_target in every batch:50.7565
modified_hist in every batch :462.3565
########## current_metrics ##########
ndcg_1: 0.0947180585296217
ndcg_5: 0.19670559465885162
ndcg_10: 0.2412468045949936
ndcg_20: 0.28351208567619324
hit_1: 0.0947180585296217
hit_5: 0.29685938615274804
hit_10: 0.43504639543183443
hit_20: 0.6027837259100642
ap: 0.20560956001281738
########## best_metrics ##########
ndcg_1: 0.10035688793718772
ndcg_5: 0.20442427694797516
ndcg_10: 0.25342369079589844
ndcg_20: 0.2984371781349182
hit_1: 0.10035688793718772
hit_5: 0.3117773019271949
hit_10: 0.4708065667380443
hit_20: 0.6642398286937902
ap: 0.2122427523136139
no increase in recent 10 iters
#########################################################
################## epoch 49 ###########################
loss: 155.4443, len_train_loader:115
modified_target in every batch:50.7565
modified_hist in every batch :463.0435
########## current_metrics ##########
ndcg_1: 0.09707351891506068
ndcg_5: 0.19797830283641815
ndcg_10: 0.2416469305753708
ndcg_20: 0.28227663040161133
hit_1: 0.09707351891506068
hit_5: 0.29593147751605997
hit_10: 0.43147751605995716
hit_20: 0.5924339757316203
ap: 0.20676679909229279
########## best_metrics ##########
ndcg_1: 0.10035688793718772
ndcg_5: 0.20442427694797516
ndcg_10: 0.25342369079589844
ndcg_20: 0.2984371781349182
hit_1: 0.10035688793718772
hit_5: 0.3117773019271949
hit_10: 0.4708065667380443
hit_20: 0.6642398286937902
ap: 0.2122427523136139
no increase in recent 11 iters
#########################################################
################## epoch 50 ###########################
loss: 150.0833, len_train_loader:115
modified_target in every batch:50.7565
modified_hist in every batch :463.7391
########## current_metrics ##########
ndcg_1: 0.09707351891506068
ndcg_5: 0.19546298682689667
ndcg_10: 0.24252885580062866
ndcg_20: 0.28357893228530884
hit_1: 0.09707351891506068
hit_5: 0.29100642398286936
hit_10: 0.4370449678800857
hit_20: 0.5998572448251249
ap: 0.20640382170677185
########## best_metrics ##########
ndcg_1: 0.10035688793718772
ndcg_5: 0.20442427694797516
ndcg_10: 0.25342369079589844
ndcg_20: 0.2984371781349182
hit_1: 0.10035688793718772
hit_5: 0.3117773019271949
hit_10: 0.4708065667380443
hit_20: 0.6642398286937902
ap: 0.2122427523136139
no increase in recent 12 iters
#########################################################
################## epoch 51 ###########################
loss: 149.3685, len_train_loader:115
modified_target in every batch:50.7565
modified_hist in every batch :460.5652
########## current_metrics ##########
ndcg_1: 0.09764453961456103
ndcg_5: 0.19837769865989685
ndcg_10: 0.2429552525281906
ndcg_20: 0.28462862968444824
hit_1: 0.09764453961456103
hit_5: 0.29735902926481084
hit_10: 0.43604568165596
hit_20: 0.6010706638115632
ap: 0.20744448900222778
########## best_metrics ##########
ndcg_1: 0.10035688793718772
ndcg_5: 0.20442427694797516
ndcg_10: 0.25342369079589844
ndcg_20: 0.2984371781349182
hit_1: 0.10035688793718772
hit_5: 0.3117773019271949
hit_10: 0.4708065667380443
hit_20: 0.6642398286937902
ap: 0.2122427523136139
no increase in recent 13 iters
#########################################################
################## epoch 52 ###########################
loss: 151.777, len_train_loader:115
modified_target in every batch:50.7565
modified_hist in every batch :463.4435
########## current_metrics ##########
ndcg_1: 0.09607423269093504
ndcg_5: 0.19091923534870148
ndcg_10: 0.237042635679245
ndcg_20: 0.278576523065567
hit_1: 0.09607423269093504
hit_5: 0.28351177730192717
hit_10: 0.4264097073518915
hit_20: 0.5912919343326195
ap: 0.2028551995754242
########## best_metrics ##########
ndcg_1: 0.10035688793718772
ndcg_5: 0.20442427694797516
ndcg_10: 0.25342369079589844
ndcg_20: 0.2984371781349182
hit_1: 0.10035688793718772
hit_5: 0.3117773019271949
hit_10: 0.4708065667380443
hit_20: 0.6642398286937902
ap: 0.2122427523136139
no increase in recent 14 iters
#########################################################
################## epoch 53 ###########################
loss: 152.5635, len_train_loader:115
modified_target in every batch:50.7565
modified_hist in every batch :460.1565
########## current_metrics ##########
ndcg_1: 0.09707351891506068
ndcg_5: 0.19481894373893738
ndcg_10: 0.23738659918308258
ndcg_20: 0.27801328897476196
hit_1: 0.09707351891506068
hit_5: 0.29100642398286936
hit_10: 0.4235546038543897
hit_20: 0.5849393290506781
ap: 0.20384006202220917
########## best_metrics ##########
ndcg_1: 0.10035688793718772
ndcg_5: 0.20442427694797516
ndcg_10: 0.25342369079589844
ndcg_20: 0.2984371781349182
hit_1: 0.10035688793718772
hit_5: 0.3117773019271949
hit_10: 0.4708065667380443
hit_20: 0.6642398286937902
ap: 0.2122427523136139
no increase in recent 15 iters
#########################################################
################## epoch 54 ###########################
loss: 152.9238, len_train_loader:115
modified_target in every batch:50.7565
modified_hist in every batch :461.0609
########## current_metrics ##########
ndcg_1: 0.09129193433261956
ndcg_5: 0.19287528097629547
ndcg_10: 0.23663149774074554
ndcg_20: 0.27748674154281616
hit_1: 0.09129193433261956
hit_5: 0.29207708779443253
hit_10: 0.42790863668807994
hit_20: 0.589650249821556
ap: 0.20143204927444458
########## best_metrics ##########
ndcg_1: 0.10035688793718772
ndcg_5: 0.20442427694797516
ndcg_10: 0.25342369079589844
ndcg_20: 0.2984371781349182
hit_1: 0.10035688793718772
hit_5: 0.3117773019271949
hit_10: 0.4708065667380443
hit_20: 0.6642398286937902
ap: 0.2122427523136139
no increase in recent 16 iters
#########################################################
################## epoch 55 ###########################
loss: 152.1068, len_train_loader:115
modified_target in every batch:50.7565
modified_hist in every batch :459.3304
########## current_metrics ##########
ndcg_1: 0.09214846538187009
ndcg_5: 0.1913987398147583
ndcg_10: 0.23565421998500824
ndcg_20: 0.2772516906261444
hit_1: 0.09214846538187009
hit_5: 0.28758029978586724
hit_10: 0.42512491077801573
hit_20: 0.5902926481084939
ap: 0.20122241973876953
########## best_metrics ##########
ndcg_1: 0.10035688793718772
ndcg_5: 0.20442427694797516
ndcg_10: 0.25342369079589844
ndcg_20: 0.2984371781349182
hit_1: 0.10035688793718772
hit_5: 0.3117773019271949
hit_10: 0.4708065667380443
hit_20: 0.6642398286937902
ap: 0.2122427523136139
no increase in recent 17 iters
#########################################################
################## epoch 56 ###########################
loss: 152.1851, len_train_loader:115
modified_target in every batch:50.7565
modified_hist in every batch :460.8348
########## current_metrics ##########
ndcg_1: 0.09721627408993576
ndcg_5: 0.19553905725479126
ndcg_10: 0.2410423904657364
ndcg_20: 0.2832605540752411
hit_1: 0.09721627408993576
hit_5: 0.2915060670949322
hit_10: 0.43261955745895786
hit_20: 0.6
ap: 0.20612068474292755
########## best_metrics ##########
ndcg_1: 0.10035688793718772
ndcg_5: 0.20442427694797516
ndcg_10: 0.25342369079589844
ndcg_20: 0.2984371781349182
hit_1: 0.10035688793718772
hit_5: 0.3117773019271949
hit_10: 0.4708065667380443
hit_20: 0.6642398286937902
ap: 0.2122427523136139
no increase in recent 18 iters
#########################################################
################## epoch 57 ###########################
loss: 152.6112, len_train_loader:115
modified_target in every batch:50.7565
modified_hist in every batch :460.3478
########## current_metrics ##########
ndcg_1: 0.09243397573162027
ndcg_5: 0.19011184573173523
ndcg_10: 0.23456637561321259
ndcg_20: 0.27736896276474
hit_1: 0.09243397573162027
hit_5: 0.2850820842255532
hit_10: 0.42312633832976443
hit_20: 0.5928622412562455
ap: 0.2009667009115219
########## best_metrics ##########
ndcg_1: 0.10035688793718772
ndcg_5: 0.20442427694797516
ndcg_10: 0.25342369079589844
ndcg_20: 0.2984371781349182
hit_1: 0.10035688793718772
hit_5: 0.3117773019271949
hit_10: 0.4708065667380443
hit_20: 0.6642398286937902
ap: 0.2122427523136139
no increase in recent 19 iters
#########################################################
################## epoch 58 ###########################
loss: 150.6096, len_train_loader:115
modified_target in every batch:50.7565
modified_hist in every batch :462.287
########## current_metrics ##########
ndcg_1: 0.09521770164168451
ndcg_5: 0.19032153487205505
ndcg_10: 0.23326164484024048
ndcg_20: 0.27455925941467285
hit_1: 0.09521770164168451
hit_5: 0.2830121341898644
hit_10: 0.41598857958601
hit_20: 0.5798001427551749
ap: 0.20127829909324646
########## best_metrics ##########
ndcg_1: 0.10035688793718772
ndcg_5: 0.20442427694797516
ndcg_10: 0.25342369079589844
ndcg_20: 0.2984371781349182
hit_1: 0.10035688793718772
hit_5: 0.3117773019271949
hit_10: 0.4708065667380443
hit_20: 0.6642398286937902
ap: 0.2122427523136139
no increase in recent 20 iters
#########################################################
################## epoch 59 ###########################
loss: 150.5892, len_train_loader:115
modified_target in every batch:50.7565
modified_hist in every batch :463.0609
########## current_metrics ##########
ndcg_1: 0.09321912919343327
ndcg_5: 0.19032253324985504
ndcg_10: 0.2353653460741043
ndcg_20: 0.27792707085609436
hit_1: 0.09321912919343327
hit_5: 0.28422555317630266
hit_10: 0.42405424696645255
hit_20: 0.5929336188436831
ap: 0.20167241990566254
########## best_metrics ##########
ndcg_1: 0.10035688793718772
ndcg_5: 0.20442427694797516
ndcg_10: 0.25342369079589844
ndcg_20: 0.2984371781349182
hit_1: 0.10035688793718772
hit_5: 0.3117773019271949
hit_10: 0.4708065667380443
hit_20: 0.6642398286937902
ap: 0.2122427523136139
no increase in recent 21 iters
#########################################################
################## epoch 60 ###########################
loss: 142.9626, len_train_loader:115
modified_target in every batch:50.7565
modified_hist in every batch :460.5913
########## current_metrics ##########
ndcg_1: 0.09550321199143469
ndcg_5: 0.19347864389419556
ndcg_10: 0.2382623553276062
ndcg_20: 0.28047260642051697
hit_1: 0.09550321199143469
hit_5: 0.2895788722341185
hit_10: 0.4289793004996431
hit_20: 0.5957173447537473
ap: 0.20378552377223969
########## best_metrics ##########
ndcg_1: 0.10035688793718772
ndcg_5: 0.20442427694797516
ndcg_10: 0.25342369079589844
ndcg_20: 0.2984371781349182
hit_1: 0.10035688793718772
hit_5: 0.3117773019271949
hit_10: 0.4708065667380443
hit_20: 0.6642398286937902
ap: 0.2122427523136139
no increase in recent 22 iters
#########################################################
################## epoch 61 ###########################
loss: 136.0585, len_train_loader:115
modified_target in every batch:50.7565
modified_hist in every batch :461.687
########## current_metrics ##########
ndcg_1: 0.10042826552462526
ndcg_5: 0.19790063798427582
ndcg_10: 0.24342729151248932
ndcg_20: 0.2850244641304016
hit_1: 0.10042826552462526
hit_5: 0.29271948608137044
hit_10: 0.4341898643825839
hit_20: 0.599072091363312
ap: 0.20871023833751678
########## best_metrics ##########
ndcg_1: 0.10042826552462526
ndcg_5: 0.20442427694797516
ndcg_10: 0.25342369079589844
ndcg_20: 0.2984371781349182
hit_1: 0.10042826552462526
hit_5: 0.3117773019271949
hit_10: 0.4708065667380443
hit_20: 0.6642398286937902
ap: 0.2122427523136139
no increase in recent 0 iters
#########################################################
################## epoch 62 ###########################
loss: 138.3032, len_train_loader:115
modified_target in every batch:50.7565
modified_hist in every batch :461.313
########## current_metrics ##########
ndcg_1: 0.09850107066381156
ndcg_5: 0.1929623931646347
ndcg_10: 0.23520411550998688
ndcg_20: 0.27743270993232727
hit_1: 0.09850107066381156
hit_5: 0.28551034975017847
hit_10: 0.41655960028551037
hit_20: 0.58401142041399
ap: 0.2037145495414734
########## best_metrics ##########
ndcg_1: 0.10042826552462526
ndcg_5: 0.20442427694797516
ndcg_10: 0.25342369079589844
ndcg_20: 0.2984371781349182
hit_1: 0.10042826552462526
hit_5: 0.3117773019271949
hit_10: 0.4708065667380443
hit_20: 0.6642398286937902
ap: 0.2122427523136139
no increase in recent 1 iters
#########################################################
################## epoch 63 ###########################
loss: 139.4304, len_train_loader:115
modified_target in every batch:50.7565
modified_hist in every batch :462.513
########## current_metrics ##########
ndcg_1: 0.09528907922912205
ndcg_5: 0.190207839012146
ndcg_10: 0.233827605843544
ndcg_20: 0.2757622003555298
hit_1: 0.09528907922912205
hit_5: 0.2838686652391149
hit_10: 0.41941470378301215
hit_20: 0.585581727337616
ap: 0.2010987550020218
########## best_metrics ##########
ndcg_1: 0.10042826552462526
ndcg_5: 0.20442427694797516
ndcg_10: 0.25342369079589844
ndcg_20: 0.2984371781349182
hit_1: 0.10042826552462526
hit_5: 0.3117773019271949
hit_10: 0.4708065667380443
hit_20: 0.6642398286937902
ap: 0.2122427523136139
no increase in recent 2 iters
#########################################################
################## epoch 64 ###########################
loss: 141.4516, len_train_loader:115
modified_target in every batch:50.7565
modified_hist in every batch :459.3913
########## current_metrics ##########
ndcg_1: 0.09307637401855817
ndcg_5: 0.18667995929718018
ndcg_10: 0.23116524517536163
ndcg_20: 0.2737647593021393
hit_1: 0.09307637401855817
hit_5: 0.27815845824411134
hit_10: 0.41634546752319773
hit_20: 0.5854389721627409
ap: 0.1988186538219452
########## best_metrics ##########
ndcg_1: 0.10042826552462526
ndcg_5: 0.20442427694797516
ndcg_10: 0.25342369079589844
ndcg_20: 0.2984371781349182
hit_1: 0.10042826552462526
hit_5: 0.3117773019271949
hit_10: 0.4708065667380443
hit_20: 0.6642398286937902
ap: 0.2122427523136139
no increase in recent 3 iters
#########################################################
################## epoch 65 ###########################
loss: 142.128, len_train_loader:115
modified_target in every batch:50.7565
modified_hist in every batch :462.2087
########## current_metrics ##########
ndcg_1: 0.09464668094218416
ndcg_5: 0.19030433893203735
ndcg_10: 0.23503541946411133
ndcg_20: 0.27758753299713135
hit_1: 0.09464668094218416
hit_5: 0.28401142041399
hit_10: 0.42284082798001427
hit_20: 0.5915774446823697
ap: 0.2016158103942871
########## best_metrics ##########
ndcg_1: 0.10042826552462526
ndcg_5: 0.20442427694797516
ndcg_10: 0.25342369079589844
ndcg_20: 0.2984371781349182
hit_1: 0.10042826552462526
hit_5: 0.3117773019271949
hit_10: 0.4708065667380443
hit_20: 0.6642398286937902
ap: 0.2122427523136139
no increase in recent 4 iters
#########################################################
################## epoch 66 ###########################
loss: 142.9042, len_train_loader:115
modified_target in every batch:50.7565
modified_hist in every batch :459.8696
########## current_metrics ##########
ndcg_1: 0.09300499643112063
ndcg_5: 0.1862000972032547
ndcg_10: 0.23230710625648499
ndcg_20: 0.2741739749908447
hit_1: 0.09300499643112063
hit_5: 0.27715917201998574
hit_10: 0.4206995003568879
hit_20: 0.5865810135617416
ap: 0.19883710145950317
########## best_metrics ##########
ndcg_1: 0.10042826552462526
ndcg_5: 0.20442427694797516
ndcg_10: 0.25342369079589844
ndcg_20: 0.2984371781349182
hit_1: 0.10042826552462526
hit_5: 0.3117773019271949
hit_10: 0.4708065667380443
hit_20: 0.6642398286937902
ap: 0.2122427523136139
no increase in recent 5 iters
#########################################################
################## epoch 67 ###########################
loss: 142.1767, len_train_loader:115
modified_target in every batch:50.7565
modified_hist in every batch :459.4
########## current_metrics ##########
ndcg_1: 0.0993576017130621
ndcg_5: 0.1961832046508789
ndcg_10: 0.24143636226654053
ndcg_20: 0.28466975688934326
hit_1: 0.0993576017130621
hit_5: 0.2907209136331192
hit_10: 0.4313347608850821
hit_20: 0.6026409707351892
ap: 0.2072872668504715
########## best_metrics ##########
ndcg_1: 0.10042826552462526
ndcg_5: 0.20442427694797516
ndcg_10: 0.25342369079589844
ndcg_20: 0.2984371781349182
hit_1: 0.10042826552462526
hit_5: 0.3117773019271949
hit_10: 0.4708065667380443
hit_20: 0.6642398286937902
ap: 0.2122427523136139
no increase in recent 6 iters
#########################################################
################## epoch 68 ###########################
loss: 141.876, len_train_loader:115
modified_target in every batch:50.7565
modified_hist in every batch :458.4957
########## current_metrics ##########
ndcg_1: 0.0926481084939329
ndcg_5: 0.19166475534439087
ndcg_10: 0.23541055619716644
ndcg_20: 0.27731528878211975
hit_1: 0.0926481084939329
hit_5: 0.28815132048536757
hit_10: 0.4241970021413276
hit_20: 0.5906495360456817
ap: 0.2014429271221161
########## best_metrics ##########
ndcg_1: 0.10042826552462526
ndcg_5: 0.20442427694797516
ndcg_10: 0.25342369079589844
ndcg_20: 0.2984371781349182
hit_1: 0.10042826552462526
hit_5: 0.3117773019271949
hit_10: 0.4708065667380443
hit_20: 0.6642398286937902
ap: 0.2122427523136139
no increase in recent 7 iters
#########################################################
################## epoch 69 ###########################
loss: 139.71, len_train_loader:115
modified_target in every batch:50.7565
modified_hist in every batch :463.8087
########## current_metrics ##########
ndcg_1: 0.09214846538187009
ndcg_5: 0.18963855504989624
ndcg_10: 0.23502565920352936
ndcg_20: 0.2770482301712036
hit_1: 0.09214846538187009
hit_5: 0.2842969307637402
hit_10: 0.42505353319057815
hit_20: 0.5914346895074947
ap: 0.20077519118785858
########## best_metrics ##########
ndcg_1: 0.10042826552462526
ndcg_5: 0.20442427694797516
ndcg_10: 0.25342369079589844
ndcg_20: 0.2984371781349182
hit_1: 0.10042826552462526
hit_5: 0.3117773019271949
hit_10: 0.4708065667380443
hit_20: 0.6642398286937902
ap: 0.2122427523136139
no increase in recent 8 iters
#########################################################
################## epoch 70 ###########################
loss: 139.3576, len_train_loader:115
modified_target in every batch:50.7565
modified_hist in every batch :459.9043
########## current_metrics ##########
ndcg_1: 0.09528907922912205
ndcg_5: 0.1895490437746048
ndcg_10: 0.23507234454154968
ndcg_20: 0.277330219745636
hit_1: 0.09528907922912205
hit_5: 0.2810135617416131
hit_10: 0.422412562455389
hit_20: 0.5902926481084939
ap: 0.20180264115333557
########## best_metrics ##########
ndcg_1: 0.10042826552462526
ndcg_5: 0.20442427694797516
ndcg_10: 0.25342369079589844
ndcg_20: 0.2984371781349182
hit_1: 0.10042826552462526
hit_5: 0.3117773019271949
hit_10: 0.4708065667380443
hit_20: 0.6642398286937902
ap: 0.2122427523136139
no increase in recent 9 iters
#########################################################
################## epoch 71 ###########################
loss: 132.8131, len_train_loader:115
modified_target in every batch:50.7565
modified_hist in every batch :461.2087
########## current_metrics ##########
ndcg_1: 0.09857244825124911
ndcg_5: 0.19654588401317596
ndcg_10: 0.24012891948223114
ndcg_20: 0.28160831332206726
hit_1: 0.09857244825124911
hit_5: 0.2925053533190578
hit_10: 0.42790863668807994
hit_20: 0.5927194860813705
ap: 0.2064000368118286
########## best_metrics ##########
ndcg_1: 0.10042826552462526
ndcg_5: 0.20442427694797516
ndcg_10: 0.25342369079589844
ndcg_20: 0.2984371781349182
hit_1: 0.10042826552462526
hit_5: 0.3117773019271949
hit_10: 0.4708065667380443
hit_20: 0.6642398286937902
ap: 0.2122427523136139
no increase in recent 10 iters
#########################################################
################## epoch 72 ###########################
loss: 129.8758, len_train_loader:115
modified_target in every batch:50.7565
modified_hist in every batch :464.1043
########## current_metrics ##########
ndcg_1: 0.09507494646680942
ndcg_5: 0.1899566352367401
ndcg_10: 0.23524363338947296
ndcg_20: 0.27698203921318054
hit_1: 0.09507494646680942
hit_5: 0.28179871520342614
hit_10: 0.4225553176302641
hit_20: 0.5885082084225554
ap: 0.20190048217773438
########## best_metrics ##########
ndcg_1: 0.10042826552462526
ndcg_5: 0.20442427694797516
ndcg_10: 0.25342369079589844
ndcg_20: 0.2984371781349182
hit_1: 0.10042826552462526
hit_5: 0.3117773019271949
hit_10: 0.4708065667380443
hit_20: 0.6642398286937902
ap: 0.2122427523136139
no increase in recent 11 iters
#########################################################
################## epoch 73 ###########################
loss: 129.8562, len_train_loader:115
modified_target in every batch:50.7565
modified_hist in every batch :461.0174
########## current_metrics ##########
ndcg_1: 0.09093504639543183
ndcg_5: 0.1848909556865692
ndcg_10: 0.22855961322784424
ndcg_20: 0.27153146266937256
hit_1: 0.09093504639543183
hit_5: 0.27723054960742327
hit_10: 0.4126338329764454
hit_20: 0.5830121341898644
ap: 0.19660961627960205
########## best_metrics ##########
ndcg_1: 0.10042826552462526
ndcg_5: 0.20442427694797516
ndcg_10: 0.25342369079589844
ndcg_20: 0.2984371781349182
hit_1: 0.10042826552462526
hit_5: 0.3117773019271949
hit_10: 0.4708065667380443
hit_20: 0.6642398286937902
ap: 0.2122427523136139
no increase in recent 12 iters
#########################################################
################## epoch 74 ###########################
loss: 131.4891, len_train_loader:115
modified_target in every batch:50.7565
modified_hist in every batch :462.513
########## current_metrics ##########
ndcg_1: 0.09835831548893648
ndcg_5: 0.1956910341978073
ndcg_10: 0.24008174240589142
ndcg_20: 0.28153955936431885
hit_1: 0.09835831548893648
hit_5: 0.28986438258386865
hit_10: 0.4278372591006424
hit_20: 0.5925053533190578
ap: 0.20644524693489075
########## best_metrics ##########
ndcg_1: 0.10042826552462526
ndcg_5: 0.20442427694797516
ndcg_10: 0.25342369079589844
ndcg_20: 0.2984371781349182
hit_1: 0.10042826552462526
hit_5: 0.3117773019271949
hit_10: 0.4708065667380443
hit_20: 0.6642398286937902
ap: 0.2122427523136139
no increase in recent 13 iters
#########################################################
################## epoch 75 ###########################
loss: 131.2044, len_train_loader:115
modified_target in every batch:50.7565
modified_hist in every batch :460.9652
########## current_metrics ##########
ndcg_1: 0.09757316202712349
ndcg_5: 0.19245943427085876
ndcg_10: 0.23664715886116028
ndcg_20: 0.2779730260372162
hit_1: 0.09757316202712349
hit_5: 0.28529621698786584
hit_10: 0.4229122055674518
hit_20: 0.5870092790863669
ap: 0.2035975307226181
########## best_metrics ##########
ndcg_1: 0.10042826552462526
ndcg_5: 0.20442427694797516
ndcg_10: 0.25342369079589844
ndcg_20: 0.2984371781349182
hit_1: 0.10042826552462526
hit_5: 0.3117773019271949
hit_10: 0.4708065667380443
hit_20: 0.6642398286937902
ap: 0.2122427523136139
no increase in recent 14 iters
#########################################################
################## epoch 76 ###########################
loss: 131.1861, len_train_loader:115
modified_target in every batch:50.7565
modified_hist in every batch :462.5565
########## current_metrics ##########
ndcg_1: 0.09257673090649536
ndcg_5: 0.187331423163414
ndcg_10: 0.2319236695766449
ndcg_20: 0.27395200729370117
hit_1: 0.09257673090649536
hit_5: 0.2788722341184868
hit_10: 0.4173447537473233
hit_20: 0.5842969307637402
ap: 0.1993144452571869
########## best_metrics ##########
ndcg_1: 0.10042826552462526
ndcg_5: 0.20442427694797516
ndcg_10: 0.25342369079589844
ndcg_20: 0.2984371781349182
hit_1: 0.10042826552462526
hit_5: 0.3117773019271949
hit_10: 0.4708065667380443
hit_20: 0.6642398286937902
ap: 0.2122427523136139
no increase in recent 15 iters
#########################################################
################## epoch 77 ###########################
loss: 131.8622, len_train_loader:115
modified_target in every batch:50.7565
modified_hist in every batch :459.1391
########## current_metrics ##########
ndcg_1: 0.09500356887937188
ndcg_5: 0.19160504639148712
ndcg_10: 0.2376871407032013
ndcg_20: 0.2801819443702698
hit_1: 0.09500356887937188
hit_5: 0.2856531049250535
hit_10: 0.4289079229122056
hit_20: 0.5973590292648109
ap: 0.20331133902072906
########## best_metrics ##########
ndcg_1: 0.10042826552462526
ndcg_5: 0.20442427694797516
ndcg_10: 0.25342369079589844
ndcg_20: 0.2984371781349182
hit_1: 0.10042826552462526
hit_5: 0.3117773019271949
hit_10: 0.4708065667380443
hit_20: 0.6642398286937902
ap: 0.2122427523136139
no increase in recent 16 iters
#########################################################
################## epoch 78 ###########################
loss: 131.0487, len_train_loader:115
modified_target in every batch:50.7565
modified_hist in every batch :459.4957
########## current_metrics ##########
ndcg_1: 0.09436117059243397
ndcg_5: 0.18817952275276184
ndcg_10: 0.23255883157253265
ndcg_20: 0.27390748262405396
hit_1: 0.09436117059243397
hit_5: 0.27944325481798715
hit_10: 0.4173447537473233
hit_20: 0.5812990720913633
ap: 0.20007212460041046
########## best_metrics ##########
ndcg_1: 0.10042826552462526
ndcg_5: 0.20442427694797516
ndcg_10: 0.25342369079589844
ndcg_20: 0.2984371781349182
hit_1: 0.10042826552462526
hit_5: 0.3117773019271949
hit_10: 0.4708065667380443
hit_20: 0.6642398286937902
ap: 0.2122427523136139
no increase in recent 17 iters
#########################################################
################## epoch 79 ###########################
loss: 132.3226, len_train_loader:115
modified_target in every batch:50.7565
modified_hist in every batch :461.8087
########## current_metrics ##########
ndcg_1: 0.09550321199143469
ndcg_5: 0.1886703222990036
ndcg_10: 0.23155418038368225
ndcg_20: 0.2733851373195648
hit_1: 0.09550321199143469
hit_5: 0.27944325481798715
hit_10: 0.4130620985010707
hit_20: 0.5790863668807994
ap: 0.20015469193458557
########## best_metrics ##########
ndcg_1: 0.10042826552462526
ndcg_5: 0.20442427694797516
ndcg_10: 0.25342369079589844
ndcg_20: 0.2984371781349182
hit_1: 0.10042826552462526
hit_5: 0.3117773019271949
hit_10: 0.4708065667380443
hit_20: 0.6642398286937902
ap: 0.2122427523136139
no increase in recent 18 iters
#########################################################
################## epoch 80 ###########################
loss: 132.1874, len_train_loader:115
modified_target in every batch:50.7565
modified_hist in every batch :462.0174
########## current_metrics ##########
ndcg_1: 0.09650249821556031
ndcg_5: 0.1933348923921585
ndcg_10: 0.23598721623420715
ndcg_20: 0.27768880128860474
hit_1: 0.09650249821556031
hit_5: 0.2872234118486795
hit_10: 0.4201284796573876
hit_20: 0.585581727337616
ap: 0.2035266011953354
########## best_metrics ##########
ndcg_1: 0.10042826552462526
ndcg_5: 0.20442427694797516
ndcg_10: 0.25342369079589844
ndcg_20: 0.2984371781349182
hit_1: 0.10042826552462526
hit_5: 0.3117773019271949
hit_10: 0.4708065667380443
hit_20: 0.6642398286937902
ap: 0.2122427523136139
no increase in recent 19 iters
#########################################################
################## epoch 81 ###########################
loss: 130.6092, len_train_loader:115
modified_target in every batch:50.7565
modified_hist in every batch :460.887
########## current_metrics ##########
ndcg_1: 0.0945753033547466
ndcg_5: 0.19098389148712158
ndcg_10: 0.23381048440933228
ndcg_20: 0.27594417333602905
hit_1: 0.0945753033547466
hit_5: 0.2845110635260528
hit_10: 0.4173447537473233
hit_20: 0.5845824411134903
ap: 0.20170721411705017
########## best_metrics ##########
ndcg_1: 0.10042826552462526
ndcg_5: 0.20442427694797516
ndcg_10: 0.25342369079589844
ndcg_20: 0.2984371781349182
hit_1: 0.10042826552462526
hit_5: 0.3117773019271949
hit_10: 0.4708065667380443
hit_20: 0.6642398286937902
ap: 0.2122427523136139
no increase in recent 20 iters
#########################################################
################## epoch 82 ###########################
loss: 124.135, len_train_loader:115
modified_target in every batch:50.7565
modified_hist in every batch :458.2087
########## current_metrics ##########
ndcg_1: 0.09635974304068523
ndcg_5: 0.19339478015899658
ndcg_10: 0.2378104031085968
ndcg_20: 0.2796604633331299
hit_1: 0.09635974304068523
hit_5: 0.2878658101356174
hit_10: 0.4257673090649536
hit_20: 0.59214846538187
ap: 0.20415741205215454
########## best_metrics ##########
ndcg_1: 0.10042826552462526
ndcg_5: 0.20442427694797516
ndcg_10: 0.25342369079589844
ndcg_20: 0.2984371781349182
hit_1: 0.10042826552462526
hit_5: 0.3117773019271949
hit_10: 0.4708065667380443
hit_20: 0.6642398286937902
ap: 0.2122427523136139
no increase in recent 21 iters
#########################################################
################## epoch 83 ###########################
loss: 121.9734, len_train_loader:115
modified_target in every batch:50.7565
modified_hist in every batch :459.4957
########## current_metrics ##########
ndcg_1: 0.09707351891506068
ndcg_5: 0.19417890906333923
ndcg_10: 0.23775219917297363
ndcg_20: 0.2794221043586731
hit_1: 0.09707351891506068
hit_5: 0.2880085653104925
hit_10: 0.4234832262669522
hit_20: 0.5890078515346181
ap: 0.20478489995002747
########## best_metrics ##########
ndcg_1: 0.10042826552462526
ndcg_5: 0.20442427694797516
ndcg_10: 0.25342369079589844
ndcg_20: 0.2984371781349182
hit_1: 0.10042826552462526
hit_5: 0.3117773019271949
hit_10: 0.4708065667380443
hit_20: 0.6642398286937902
ap: 0.2122427523136139
no increase in recent 22 iters
#########################################################
################## epoch 84 ###########################
loss: 121.6753, len_train_loader:115
modified_target in every batch:50.7565
modified_hist in every batch :462.3739
########## current_metrics ##########
ndcg_1: 0.09607423269093504
ndcg_5: 0.19074644148349762
ndcg_10: 0.23499614000320435
ndcg_20: 0.27612125873565674
hit_1: 0.09607423269093504
hit_5: 0.28165596002855103
hit_10: 0.41912919343326194
hit_20: 0.5823697359029265
ap: 0.20251481235027313
########## best_metrics ##########
ndcg_1: 0.10042826552462526
ndcg_5: 0.20442427694797516
ndcg_10: 0.25342369079589844
ndcg_20: 0.2984371781349182
hit_1: 0.10042826552462526
hit_5: 0.3117773019271949
hit_10: 0.4708065667380443
hit_20: 0.6642398286937902
ap: 0.2122427523136139
no increase in recent 23 iters
#########################################################
################## epoch 85 ###########################
loss: 121.9768, len_train_loader:115
modified_target in every batch:50.7565
modified_hist in every batch :462.5913
########## current_metrics ##########
ndcg_1: 0.09650249821556031
ndcg_5: 0.18839602172374725
ndcg_10: 0.23225215077400208
ndcg_20: 0.2742694020271301
hit_1: 0.09650249821556031
hit_5: 0.2780870806566738
hit_10: 0.414418272662384
hit_20: 0.580728051391863
ap: 0.2008361965417862
########## best_metrics ##########
ndcg_1: 0.10042826552462526
ndcg_5: 0.20442427694797516
ndcg_10: 0.25342369079589844
ndcg_20: 0.2984371781349182
hit_1: 0.10042826552462526
hit_5: 0.3117773019271949
hit_10: 0.4708065667380443
hit_20: 0.6642398286937902
ap: 0.2122427523136139
no increase in recent 24 iters
#########################################################
################## epoch 86 ###########################
loss: 122.7334, len_train_loader:115
modified_target in every batch:50.7565
modified_hist in every batch :463.0087
########## current_metrics ##########
ndcg_1: 0.0945753033547466
ndcg_5: 0.189894899725914
ndcg_10: 0.23252953588962555
ndcg_20: 0.27389398217201233
hit_1: 0.0945753033547466
hit_5: 0.2815845824411135
hit_10: 0.41406138472519627
hit_20: 0.5783012134189864
ap: 0.20101377367973328
########## best_metrics ##########
ndcg_1: 0.10042826552462526
ndcg_5: 0.20442427694797516
ndcg_10: 0.25342369079589844
ndcg_20: 0.2984371781349182
hit_1: 0.10042826552462526
hit_5: 0.3117773019271949
hit_10: 0.4708065667380443
hit_20: 0.6642398286937902
ap: 0.2122427523136139
no increase in recent 25 iters
#########################################################
################## epoch 87 ###########################
loss: 123.3487, len_train_loader:115
modified_target in every batch:50.7565
modified_hist in every batch :463.2174
########## current_metrics ##########
ndcg_1: 0.09800142755174875
ndcg_5: 0.19453202188014984
ndcg_10: 0.23836691677570343
ndcg_20: 0.27981820702552795
hit_1: 0.09800142755174875
hit_5: 0.2880085653104925
hit_10: 0.4242683797287652
hit_20: 0.5889364739471806
ap: 0.20538371801376343
########## best_metrics ##########
ndcg_1: 0.10042826552462526
ndcg_5: 0.20442427694797516
ndcg_10: 0.25342369079589844
ndcg_20: 0.2984371781349182
hit_1: 0.10042826552462526
hit_5: 0.3117773019271949
hit_10: 0.4708065667380443
hit_20: 0.6642398286937902
ap: 0.2122427523136139
no increase in recent 26 iters
#########################################################
################## epoch 88 ###########################
loss: 124.31, len_train_loader:115
modified_target in every batch:50.7565
modified_hist in every batch :460.113
########## current_metrics ##########
ndcg_1: 0.0961456102783726
ndcg_5: 0.18683753907680511
ndcg_10: 0.23020699620246887
ndcg_20: 0.2721934914588928
hit_1: 0.0961456102783726
hit_5: 0.27466095645967165
hit_10: 0.40920770877944324
hit_20: 0.5758029978586724
ap: 0.19972790777683258
########## best_metrics ##########
ndcg_1: 0.10042826552462526
ndcg_5: 0.20442427694797516
ndcg_10: 0.25342369079589844
ndcg_20: 0.2984371781349182
hit_1: 0.10042826552462526
hit_5: 0.3117773019271949
hit_10: 0.4708065667380443
hit_20: 0.6642398286937902
ap: 0.2122427523136139
no increase in recent 27 iters
#########################################################
################## epoch 89 ###########################
loss: 123.1538, len_train_loader:115
modified_target in every batch:50.7565
modified_hist in every batch :460.1043
########## current_metrics ##########
ndcg_1: 0.09892933618843683
ndcg_5: 0.1927206665277481
ndcg_10: 0.2360018640756607
ndcg_20: 0.27817749977111816
hit_1: 0.09892933618843683
hit_5: 0.2843683083511777
hit_10: 0.41877230549607425
hit_20: 0.5861527480371164
ap: 0.20435364544391632
########## best_metrics ##########
ndcg_1: 0.10042826552462526
ndcg_5: 0.20442427694797516
ndcg_10: 0.25342369079589844
ndcg_20: 0.2984371781349182
hit_1: 0.10042826552462526
hit_5: 0.3117773019271949
hit_10: 0.4708065667380443
hit_20: 0.6642398286937902
ap: 0.2122427523136139
no increase in recent 28 iters
#########################################################
################## epoch 90 ###########################
loss: 123.0228, len_train_loader:115
modified_target in every batch:50.7565
modified_hist in every batch :463.1043
########## current_metrics ##########
ndcg_1: 0.09564596716630978
ndcg_5: 0.19293373823165894
ndcg_10: 0.23809893429279327
ndcg_20: 0.2789885401725769
hit_1: 0.09564596716630978
hit_5: 0.2866523911491792
hit_10: 0.427123483226267
hit_20: 0.5895788722341185
ap: 0.20393873751163483
########## best_metrics ##########
ndcg_1: 0.10042826552462526
ndcg_5: 0.20442427694797516
ndcg_10: 0.25342369079589844
ndcg_20: 0.2984371781349182
hit_1: 0.10042826552462526
hit_5: 0.3117773019271949
hit_10: 0.4708065667380443
hit_20: 0.6642398286937902
ap: 0.2122427523136139
no increase in recent 29 iters
#########################################################
################## epoch 91 ###########################
loss: 124.2732, len_train_loader:115
modified_target in every batch:50.7565
modified_hist in every batch :460.9652
########## current_metrics ##########
ndcg_1: 0.09200571020699501
ndcg_5: 0.18531952798366547
ndcg_10: 0.2298922836780548
ndcg_20: 0.2718827426433563
hit_1: 0.09200571020699501
hit_5: 0.2768736616702355
hit_10: 0.4157030692362598
hit_20: 0.5827266238401142
ap: 0.19735261797904968
########## best_metrics ##########
ndcg_1: 0.10042826552462526
ndcg_5: 0.20442427694797516
ndcg_10: 0.25342369079589844
ndcg_20: 0.2984371781349182
hit_1: 0.10042826552462526
hit_5: 0.3117773019271949
hit_10: 0.4708065667380443
hit_20: 0.6642398286937902
ap: 0.2122427523136139
no increase in recent 30 iters
#########################################################
################## epoch 92 ###########################
loss: 124.1777, len_train_loader:115
modified_target in every batch:50.7565
modified_hist in every batch :458.2609
########## current_metrics ##########
ndcg_1: 0.09329050678087081
ndcg_5: 0.1862279325723648
ndcg_10: 0.22966483235359192
ndcg_20: 0.27203088998794556
hit_1: 0.09329050678087081
hit_5: 0.2766595289079229
hit_10: 0.41163454675231975
hit_20: 0.5800142755174875
ap: 0.1983490288257599
########## best_metrics ##########
ndcg_1: 0.10042826552462526
ndcg_5: 0.20442427694797516
ndcg_10: 0.25342369079589844
ndcg_20: 0.2984371781349182
hit_1: 0.10042826552462526
hit_5: 0.3117773019271949
hit_10: 0.4708065667380443
hit_20: 0.6642398286937902
ap: 0.2122427523136139
no increase in recent 31 iters
#########################################################
################## epoch 93 ###########################
loss: 116.8241, len_train_loader:115
modified_target in every batch:50.7565
modified_hist in every batch :458.6174
########## current_metrics ##########
ndcg_1: 0.0980728051391863
ndcg_5: 0.19212275743484497
ndcg_10: 0.2360834926366806
ndcg_20: 0.2775389552116394
hit_1: 0.0980728051391863
hit_5: 0.28358315488936475
hit_10: 0.42055674518201286
hit_20: 0.5852248394004282
ap: 0.20362862944602966
########## best_metrics ##########
ndcg_1: 0.10042826552462526
ndcg_5: 0.20442427694797516
ndcg_10: 0.25342369079589844
ndcg_20: 0.2984371781349182
hit_1: 0.10042826552462526
hit_5: 0.3117773019271949
hit_10: 0.4708065667380443
hit_20: 0.6642398286937902
ap: 0.2122427523136139
no increase in recent 32 iters
#########################################################
################## epoch 94 ###########################
loss: 113.1114, len_train_loader:115
modified_target in every batch:50.7565
modified_hist in every batch :458.9217
########## current_metrics ##########
ndcg_1: 0.09821556031406138
ndcg_5: 0.19278664886951447
ndcg_10: 0.23618340492248535
ndcg_20: 0.27779844403266907
hit_1: 0.09821556031406138
hit_5: 0.28522483940042825
hit_10: 0.42005710206995006
hit_20: 0.5852962169878658
ap: 0.2040589451789856
########## best_metrics ##########
ndcg_1: 0.10042826552462526
ndcg_5: 0.20442427694797516
ndcg_10: 0.25342369079589844
ndcg_20: 0.2984371781349182
hit_1: 0.10042826552462526
hit_5: 0.3117773019271949
hit_10: 0.4708065667380443
hit_20: 0.6642398286937902
ap: 0.2122427523136139
no increase in recent 33 iters
#########################################################
################## epoch 95 ###########################
loss: 114.0138, len_train_loader:115
modified_target in every batch:50.7565
modified_hist in every batch :463.3043
########## current_metrics ##########
ndcg_1: 0.09771591720199857
ndcg_5: 0.19420060515403748
ndcg_10: 0.23748596012592316
ndcg_20: 0.2795962691307068
hit_1: 0.09771591720199857
hit_5: 0.28765167737330477
hit_10: 0.42234118486795147
hit_20: 0.5892933618843683
ap: 0.20511099696159363
########## best_metrics ##########
ndcg_1: 0.10042826552462526
ndcg_5: 0.20442427694797516
ndcg_10: 0.25342369079589844
ndcg_20: 0.2984371781349182
hit_1: 0.10042826552462526
hit_5: 0.3117773019271949
hit_10: 0.4708065667380443
hit_20: 0.6642398286937902
ap: 0.2122427523136139
no increase in recent 34 iters
#########################################################
################## epoch 96 ###########################
loss: 115.2031, len_train_loader:115
modified_target in every batch:50.7565
modified_hist in every batch :459.9391
########## current_metrics ##########
ndcg_1: 0.0961456102783726
ndcg_5: 0.19177715480327606
ndcg_10: 0.23582430183887482
ndcg_20: 0.27689889073371887
hit_1: 0.0961456102783726
hit_5: 0.284796573875803
hit_10: 0.42184154175588867
hit_20: 0.5848679514632406
ap: 0.20292934775352478
########## best_metrics ##########
ndcg_1: 0.10042826552462526
ndcg_5: 0.20442427694797516
ndcg_10: 0.25342369079589844
ndcg_20: 0.2984371781349182
hit_1: 0.10042826552462526
hit_5: 0.3117773019271949
hit_10: 0.4708065667380443
hit_20: 0.6642398286937902
ap: 0.2122427523136139
no increase in recent 35 iters
#########################################################
################## epoch 97 ###########################
loss: 115.3394, len_train_loader:115
modified_target in every batch:50.7565
modified_hist in every batch :462.4957
########## current_metrics ##########
ndcg_1: 0.09864382583868665
ndcg_5: 0.18887591361999512
ndcg_10: 0.23133313655853271
ndcg_20: 0.2733171880245209
hit_1: 0.09864382583868665
hit_5: 0.27751605995717343
hit_10: 0.40949321912919345
hit_20: 0.5761598857958601
ap: 0.2012995034456253
########## best_metrics ##########
ndcg_1: 0.10042826552462526
ndcg_5: 0.20442427694797516
ndcg_10: 0.25342369079589844
ndcg_20: 0.2984371781349182
hit_1: 0.10042826552462526
hit_5: 0.3117773019271949
hit_10: 0.4708065667380443
hit_20: 0.6642398286937902
ap: 0.2122427523136139
no increase in recent 36 iters
#########################################################
################## epoch 98 ###########################
loss: 116.1, len_train_loader:115
modified_target in every batch:50.7565
modified_hist in every batch :459.3217
########## current_metrics ##########
ndcg_1: 0.09350463954318344
ndcg_5: 0.18906047940254211
ndcg_10: 0.2328222543001175
ndcg_20: 0.2748130261898041
hit_1: 0.09350463954318344
hit_5: 0.2819414703783012
hit_10: 0.41770164168451107
hit_20: 0.583868665239115
ap: 0.20046639442443848
########## best_metrics ##########
ndcg_1: 0.10042826552462526
ndcg_5: 0.20442427694797516
ndcg_10: 0.25342369079589844
ndcg_20: 0.2984371781349182
hit_1: 0.10042826552462526
hit_5: 0.3117773019271949
hit_10: 0.4708065667380443
hit_20: 0.6642398286937902
ap: 0.2122427523136139
no increase in recent 37 iters
#########################################################
################## epoch 99 ###########################
loss: 116.8893, len_train_loader:115
modified_target in every batch:50.7565
modified_hist in every batch :459.7739
########## current_metrics ##########
ndcg_1: 0.09685938615274804
ndcg_5: 0.1869087517261505
ndcg_10: 0.2310541868209839
ndcg_20: 0.27265676856040955
hit_1: 0.09685938615274804
hit_5: 0.2743754461099215
hit_10: 0.41177730192719486
hit_20: 0.576802284082798
ap: 0.20010483264923096
########## best_metrics ##########
ndcg_1: 0.10042826552462526
ndcg_5: 0.20442427694797516
ndcg_10: 0.25342369079589844
ndcg_20: 0.2984371781349182
hit_1: 0.10042826552462526
hit_5: 0.3117773019271949
hit_10: 0.4708065667380443
hit_20: 0.6642398286937902
ap: 0.2122427523136139
no increase in recent 38 iters
#########################################################
################## epoch 100 ###########################
loss: 117.0016, len_train_loader:115
modified_target in every batch:50.7565
modified_hist in every batch :459.7739
########## current_metrics ##########
ndcg_1: 0.09486081370449678
ndcg_5: 0.18590663373470306
ndcg_10: 0.2303159236907959
ndcg_20: 0.2726227045059204
hit_1: 0.09486081370449678
hit_5: 0.2745182012847966
hit_10: 0.41270521056388293
hit_20: 0.5803711634546752
ap: 0.19904856383800507
########## best_metrics ##########
ndcg_1: 0.10042826552462526
ndcg_5: 0.20442427694797516
ndcg_10: 0.25342369079589844
ndcg_20: 0.2984371781349182
hit_1: 0.10042826552462526
hit_5: 0.3117773019271949
hit_10: 0.4708065667380443
hit_20: 0.6642398286937902
ap: 0.2122427523136139
no increase in recent 39 iters
#########################################################
model saved at ./datasets/baby/model/SASRecbaby-100-model.pkl
################## epoch 101 ###########################
loss: 117.0963, len_train_loader:115
modified_target in every batch:50.7565
modified_hist in every batch :460.6609
########## current_metrics ##########
ndcg_1: 0.09393290506780871
ndcg_5: 0.18631216883659363
ndcg_10: 0.2312757819890976
ndcg_20: 0.272132009267807
hit_1: 0.09393290506780871
hit_5: 0.2767309064953605
hit_10: 0.41641684511063526
hit_20: 0.5786581013561741
ap: 0.1988256871700287
########## best_metrics ##########
ndcg_1: 0.10042826552462526
ndcg_5: 0.20442427694797516
ndcg_10: 0.25342369079589844
ndcg_20: 0.2984371781349182
hit_1: 0.10042826552462526
hit_5: 0.3117773019271949
hit_10: 0.4708065667380443
hit_20: 0.6642398286937902
ap: 0.2122427523136139
no increase in recent 40 iters
#########################################################
################## epoch 102 ###########################
loss: 116.2654, len_train_loader:115
modified_target in every batch:50.7565
modified_hist in every batch :462.2609
########## current_metrics ##########
ndcg_1: 0.0947180585296217
ndcg_5: 0.18787291646003723
ndcg_10: 0.23108091950416565
ndcg_20: 0.27296915650367737
hit_1: 0.0947180585296217
hit_5: 0.27880085653104925
hit_10: 0.4132762312633833
hit_20: 0.5797287651677373
ap: 0.19963304698467255
########## best_metrics ##########
ndcg_1: 0.10042826552462526
ndcg_5: 0.20442427694797516
ndcg_10: 0.25342369079589844
ndcg_20: 0.2984371781349182
hit_1: 0.10042826552462526
hit_5: 0.3117773019271949
hit_10: 0.4708065667380443
hit_20: 0.6642398286937902
ap: 0.2122427523136139
early stop
#########################################################
