nohup: ignoring input
########## DataInfo ##########
reading seq.dat
numUser:14010
numItem:23684
########## config ##########
thread_num: 4
dataset: baby
eval_neg_num: 100
train_neg_num: 20
input_len: 5
rec_model: BERT
train_type: train
save_epochs: [100, 200, 300, 400]
epoch_num: 500
learning_rate: 0.01
train_batch_size: 1024
test_batch_size: 256
drop_ratio: 0.1
decay_factor: 0.9
hidden_size: 50
num_hidden_layers: 1
num_attention_heads: 2
intermediate_size: 100
hidden_act: gelu
hidden_dropout_prob: 0.1
attention_probs_dropout_prob: 0.1
type_vocab_size: 1
initializer_range: 0.1
loss_type: pairwise_sample
weight_decay: 0.01
device: cuda
max_seq_len: 5
layer_size: 1
threshold: 1
noise_ratio: 0.05
candidate_num: 4
high_loss_drop: 0.05
weight_drop: 0.5
encoder_loss: False
user_num: 14010
item_num: 23684
generating train samples
train_size: 117206, time: 0.6505343914031982
abandoned 0(0.0) samples
valid user num: 14010
valid item num: 21262
generating test samples
test_size: 14010, time: 13.54098105430603
abandoned 0(0.0) samples
------------BERT ENCODER YES------------
============================================================
Start Training
============================================================
################## epoch 0 ###########################
loss: 670.3978, len_train_loader:115
modified_target in every batch:0.0
modified_hist in every batch :0.0
########## current_metrics ##########
ndcg_1: 0.020342612419700215
ndcg_5: 0.06124557927250862
ndcg_10: 0.09084994345903397
ndcg_20: 0.1337343156337738
hit_1: 0.020342612419700215
hit_5: 0.10442541042112777
hit_10: 0.19707351891506067
hit_20: 0.3683797287651677
ap: 0.08674000203609467
########## best_metrics ##########
ndcg_1: 0.020342612419700215
ndcg_5: 0.06124557927250862
ndcg_10: 0.09084994345903397
ndcg_20: 0.1337343156337738
hit_1: 0.020342612419700215
hit_5: 0.10442541042112777
hit_10: 0.19707351891506067
hit_20: 0.3683797287651677
ap: 0.08674000203609467
no increase in recent 0 iters
#########################################################
################## epoch 1 ###########################
loss: 430.8895, len_train_loader:115
modified_target in every batch:0.0
modified_hist in every batch :0.0
########## current_metrics ##########
ndcg_1: 0.027765881513204853
ndcg_5: 0.0872437134385109
ndcg_10: 0.12875862419605255
ndcg_20: 0.18504253029823303
hit_1: 0.027765881513204853
hit_5: 0.1491077801570307
hit_10: 0.2787294789436117
hit_20: 0.5027123483226267
ap: 0.11338315159082413
########## best_metrics ##########
ndcg_1: 0.027765881513204853
ndcg_5: 0.0872437134385109
ndcg_10: 0.12875862419605255
ndcg_20: 0.18504253029823303
hit_1: 0.027765881513204853
hit_5: 0.1491077801570307
hit_10: 0.2787294789436117
hit_20: 0.5027123483226267
ap: 0.11338315159082413
no increase in recent 0 iters
#########################################################
################## epoch 2 ###########################
loss: 315.63, len_train_loader:115
modified_target in every batch:0.0
modified_hist in every batch :0.0
########## current_metrics ##########
ndcg_1: 0.040970735189150606
ndcg_5: 0.11342797428369522
ndcg_10: 0.16469453275203705
ndcg_20: 0.2244279533624649
hit_1: 0.040970735189150606
hit_5: 0.18843683083511778
hit_10: 0.3484653818700928
hit_20: 0.5854389721627409
ap: 0.13863858580589294
########## best_metrics ##########
ndcg_1: 0.040970735189150606
ndcg_5: 0.11342797428369522
ndcg_10: 0.16469453275203705
ndcg_20: 0.2244279533624649
hit_1: 0.040970735189150606
hit_5: 0.18843683083511778
hit_10: 0.3484653818700928
hit_20: 0.5854389721627409
ap: 0.13863858580589294
no increase in recent 0 iters
#########################################################
################## epoch 3 ###########################
loss: 266.4558, len_train_loader:115
modified_target in every batch:0.0
modified_hist in every batch :0.0
########## current_metrics ##########
ndcg_1: 0.049964311206281226
ndcg_5: 0.1309550255537033
ndcg_10: 0.18664948642253876
ndcg_20: 0.24424681067466736
hit_1: 0.049964311206281226
hit_5: 0.21541755888650962
hit_10: 0.38936473947180583
hit_20: 0.617701641684511
ap: 0.15344351530075073
########## best_metrics ##########
ndcg_1: 0.049964311206281226
ndcg_5: 0.1309550255537033
ndcg_10: 0.18664948642253876
ndcg_20: 0.24424681067466736
hit_1: 0.049964311206281226
hit_5: 0.21541755888650962
hit_10: 0.38936473947180583
hit_20: 0.617701641684511
ap: 0.15344351530075073
no increase in recent 0 iters
#########################################################
################## epoch 4 ###########################
loss: 241.8192, len_train_loader:115
modified_target in every batch:0.0
modified_hist in every batch :0.0
########## current_metrics ##########
ndcg_1: 0.05182012847965739
ndcg_5: 0.14186900854110718
ndcg_10: 0.20017394423484802
ndcg_20: 0.2574879825115204
hit_1: 0.05182012847965739
hit_5: 0.2342612419700214
hit_10: 0.4164882226980728
hit_20: 0.643112062812277
ap: 0.16224193572998047
########## best_metrics ##########
ndcg_1: 0.05182012847965739
ndcg_5: 0.14186900854110718
ndcg_10: 0.20017394423484802
ndcg_20: 0.2574879825115204
hit_1: 0.05182012847965739
hit_5: 0.2342612419700214
hit_10: 0.4164882226980728
hit_20: 0.643112062812277
ap: 0.16224193572998047
no increase in recent 0 iters
#########################################################
################## epoch 5 ###########################
loss: 228.9041, len_train_loader:115
modified_target in every batch:0.0
modified_hist in every batch :0.0
########## current_metrics ##########
ndcg_1: 0.05453247680228408
ndcg_5: 0.14357081055641174
ndcg_10: 0.19944101572036743
ndcg_20: 0.2534466087818146
hit_1: 0.05453247680228408
hit_5: 0.23468950749464668
hit_10: 0.40877944325481796
hit_20: 0.6226266952177016
ap: 0.16330164670944214
########## best_metrics ##########
ndcg_1: 0.05453247680228408
ndcg_5: 0.14357081055641174
ndcg_10: 0.20017394423484802
ndcg_20: 0.2574879825115204
hit_1: 0.05453247680228408
hit_5: 0.23468950749464668
hit_10: 0.4164882226980728
hit_20: 0.643112062812277
ap: 0.16330164670944214
no increase in recent 0 iters
#########################################################
################## epoch 6 ###########################
loss: 218.7878, len_train_loader:115
modified_target in every batch:0.0
modified_hist in every batch :0.0
########## current_metrics ##########
ndcg_1: 0.05653104925053533
ndcg_5: 0.15075676143169403
ndcg_10: 0.20540937781333923
ndcg_20: 0.2606651186943054
hit_1: 0.05653104925053533
hit_5: 0.24732334047109208
hit_10: 0.41770164168451107
hit_20: 0.6366167023554604
ap: 0.16805964708328247
########## best_metrics ##########
ndcg_1: 0.05653104925053533
ndcg_5: 0.15075676143169403
ndcg_10: 0.20540937781333923
ndcg_20: 0.2606651186943054
hit_1: 0.05653104925053533
hit_5: 0.24732334047109208
hit_10: 0.41770164168451107
hit_20: 0.643112062812277
ap: 0.16805964708328247
no increase in recent 0 iters
#########################################################
################## epoch 7 ###########################
loss: 210.1938, len_train_loader:115
modified_target in every batch:0.0
modified_hist in every batch :0.0
########## current_metrics ##########
ndcg_1: 0.06202712348322627
ndcg_5: 0.16314177215099335
ndcg_10: 0.22061164677143097
ndcg_20: 0.2734833061695099
hit_1: 0.06202712348322627
hit_5: 0.26666666666666666
hit_10: 0.4449678800856531
hit_20: 0.6546038543897216
ap: 0.17818914353847504
########## best_metrics ##########
ndcg_1: 0.06202712348322627
ndcg_5: 0.16314177215099335
ndcg_10: 0.22061164677143097
ndcg_20: 0.2734833061695099
hit_1: 0.06202712348322627
hit_5: 0.26666666666666666
hit_10: 0.4449678800856531
hit_20: 0.6546038543897216
ap: 0.17818914353847504
no increase in recent 0 iters
#########################################################
################## epoch 8 ###########################
loss: 200.4186, len_train_loader:115
modified_target in every batch:0.0
modified_hist in every batch :0.0
########## current_metrics ##########
ndcg_1: 0.05967166309778729
ndcg_5: 0.16147175431251526
ndcg_10: 0.2202073633670807
ndcg_20: 0.27321577072143555
hit_1: 0.05967166309778729
hit_5: 0.26473947180585294
hit_10: 0.44732334047109207
hit_20: 0.6571020699500357
ap: 0.17721544206142426
########## best_metrics ##########
ndcg_1: 0.06202712348322627
ndcg_5: 0.16314177215099335
ndcg_10: 0.22061164677143097
ndcg_20: 0.2734833061695099
hit_1: 0.06202712348322627
hit_5: 0.26666666666666666
hit_10: 0.44732334047109207
hit_20: 0.6571020699500357
ap: 0.17818914353847504
no increase in recent 0 iters
#########################################################
################## epoch 9 ###########################
loss: 192.9042, len_train_loader:115
modified_target in every batch:0.0
modified_hist in every batch :0.0
########## current_metrics ##########
ndcg_1: 0.06573875802997858
ndcg_5: 0.16896666586399078
ndcg_10: 0.22447776794433594
ndcg_20: 0.277696818113327
hit_1: 0.06573875802997858
hit_5: 0.2728051391862955
hit_10: 0.4457530335474661
hit_20: 0.6562455389007852
ap: 0.1830689162015915
########## best_metrics ##########
ndcg_1: 0.06573875802997858
ndcg_5: 0.16896666586399078
ndcg_10: 0.22447776794433594
ndcg_20: 0.277696818113327
hit_1: 0.06573875802997858
hit_5: 0.2728051391862955
hit_10: 0.44732334047109207
hit_20: 0.6571020699500357
ap: 0.1830689162015915
no increase in recent 0 iters
#########################################################
################## epoch 10 ###########################
loss: 184.269, len_train_loader:115
modified_target in every batch:0.0
modified_hist in every batch :0.0
########## current_metrics ##########
ndcg_1: 0.0670235546038544
ndcg_5: 0.17442238330841064
ndcg_10: 0.23198692500591278
ndcg_20: 0.28335437178611755
hit_1: 0.0670235546038544
hit_5: 0.2825838686652391
hit_10: 0.46138472519628837
hit_20: 0.6643112062812276
ap: 0.18731918931007385
########## best_metrics ##########
ndcg_1: 0.0670235546038544
ndcg_5: 0.17442238330841064
ndcg_10: 0.23198692500591278
ndcg_20: 0.28335437178611755
hit_1: 0.0670235546038544
hit_5: 0.2825838686652391
hit_10: 0.46138472519628837
hit_20: 0.6643112062812276
ap: 0.18731918931007385
no increase in recent 0 iters
#########################################################
################## epoch 11 ###########################
loss: 177.2999, len_train_loader:115
modified_target in every batch:0.0
modified_hist in every batch :0.0
########## current_metrics ##########
ndcg_1: 0.06923625981441828
ndcg_5: 0.17275337874889374
ndcg_10: 0.2301481068134308
ndcg_20: 0.28161779046058655
hit_1: 0.06923625981441828
hit_5: 0.2766595289079229
hit_10: 0.45467523197715914
hit_20: 0.6586009992862242
ap: 0.18710418045520782
########## best_metrics ##########
ndcg_1: 0.06923625981441828
ndcg_5: 0.17442238330841064
ndcg_10: 0.23198692500591278
ndcg_20: 0.28335437178611755
hit_1: 0.06923625981441828
hit_5: 0.2825838686652391
hit_10: 0.46138472519628837
hit_20: 0.6643112062812276
ap: 0.18731918931007385
no increase in recent 0 iters
#########################################################
################## epoch 12 ###########################
loss: 171.1548, len_train_loader:115
modified_target in every batch:0.0
modified_hist in every batch :0.0
########## current_metrics ##########
ndcg_1: 0.07530335474660957
ndcg_5: 0.17821373045444489
ndcg_10: 0.23754346370697021
ndcg_20: 0.2876106798648834
hit_1: 0.07530335474660957
hit_5: 0.28122769450392576
hit_10: 0.4661670235546039
hit_20: 0.6642398286937902
ap: 0.19294573366641998
########## best_metrics ##########
ndcg_1: 0.07530335474660957
ndcg_5: 0.17821373045444489
ndcg_10: 0.23754346370697021
ndcg_20: 0.2876106798648834
hit_1: 0.07530335474660957
hit_5: 0.2825838686652391
hit_10: 0.4661670235546039
hit_20: 0.6643112062812276
ap: 0.19294573366641998
no increase in recent 0 iters
#########################################################
################## epoch 13 ###########################
loss: 163.5507, len_train_loader:115
modified_target in every batch:0.0
modified_hist in every batch :0.0
########## current_metrics ##########
ndcg_1: 0.07830121341898644
ndcg_5: 0.1860584020614624
ndcg_10: 0.23848222196102142
ndcg_20: 0.2873111665248871
hit_1: 0.07830121341898644
hit_5: 0.2936473947180585
hit_10: 0.4564596716630978
hit_20: 0.6501784439685938
ap: 0.1965482234954834
########## best_metrics ##########
ndcg_1: 0.07830121341898644
ndcg_5: 0.1860584020614624
ndcg_10: 0.23848222196102142
ndcg_20: 0.2876106798648834
hit_1: 0.07830121341898644
hit_5: 0.2936473947180585
hit_10: 0.4661670235546039
hit_20: 0.6643112062812276
ap: 0.1965482234954834
no increase in recent 0 iters
#########################################################
################## epoch 14 ###########################
loss: 156.7366, len_train_loader:115
modified_target in every batch:0.0
modified_hist in every batch :0.0
########## current_metrics ##########
ndcg_1: 0.0815845824411135
ndcg_5: 0.18826138973236084
ndcg_10: 0.24369193613529205
ndcg_20: 0.29175958037376404
hit_1: 0.0815845824411135
hit_5: 0.2947180585296217
hit_10: 0.4666666666666667
hit_20: 0.6567451820128479
ap: 0.2000880241394043
########## best_metrics ##########
ndcg_1: 0.0815845824411135
ndcg_5: 0.18826138973236084
ndcg_10: 0.24369193613529205
ndcg_20: 0.29175958037376404
hit_1: 0.0815845824411135
hit_5: 0.2947180585296217
hit_10: 0.4666666666666667
hit_20: 0.6643112062812276
ap: 0.2000880241394043
no increase in recent 0 iters
#########################################################
################## epoch 15 ###########################
loss: 152.4001, len_train_loader:115
modified_target in every batch:0.0
modified_hist in every batch :0.0
########## current_metrics ##########
ndcg_1: 0.08051391862955032
ndcg_5: 0.188989520072937
ndcg_10: 0.24282562732696533
ndcg_20: 0.29091858863830566
hit_1: 0.08051391862955032
hit_5: 0.29571734475374734
hit_10: 0.46281227694503924
hit_20: 0.6529621698786581
ap: 0.20003049075603485
########## best_metrics ##########
ndcg_1: 0.0815845824411135
ndcg_5: 0.188989520072937
ndcg_10: 0.24369193613529205
ndcg_20: 0.29175958037376404
hit_1: 0.0815845824411135
hit_5: 0.29571734475374734
hit_10: 0.4666666666666667
hit_20: 0.6643112062812276
ap: 0.2000880241394043
no increase in recent 0 iters
#########################################################
################## epoch 16 ###########################
loss: 147.1017, len_train_loader:115
modified_target in every batch:0.0
modified_hist in every batch :0.0
########## current_metrics ##########
ndcg_1: 0.0828693790149893
ndcg_5: 0.1928790807723999
ndcg_10: 0.24435900151729584
ndcg_20: 0.2926178574562073
hit_1: 0.0828693790149893
hit_5: 0.30221270521056387
hit_10: 0.46195574589578875
hit_20: 0.652676659528908
ap: 0.20215316116809845
########## best_metrics ##########
ndcg_1: 0.0828693790149893
ndcg_5: 0.1928790807723999
ndcg_10: 0.24435900151729584
ndcg_20: 0.2926178574562073
hit_1: 0.0828693790149893
hit_5: 0.30221270521056387
hit_10: 0.4666666666666667
hit_20: 0.6643112062812276
ap: 0.20215316116809845
no increase in recent 0 iters
#########################################################
################## epoch 17 ###########################
loss: 141.8018, len_train_loader:115
modified_target in every batch:0.0
modified_hist in every batch :0.0
########## current_metrics ##########
ndcg_1: 0.08429693076374019
ndcg_5: 0.18830513954162598
ndcg_10: 0.24429480731487274
ndcg_20: 0.29171866178512573
hit_1: 0.08429693076374019
hit_5: 0.2907922912205567
hit_10: 0.46488222698072806
hit_20: 0.6525339043540328
ap: 0.20123131573200226
########## best_metrics ##########
ndcg_1: 0.08429693076374019
ndcg_5: 0.1928790807723999
ndcg_10: 0.24435900151729584
ndcg_20: 0.2926178574562073
hit_1: 0.08429693076374019
hit_5: 0.30221270521056387
hit_10: 0.4666666666666667
hit_20: 0.6643112062812276
ap: 0.20215316116809845
no increase in recent 0 iters
#########################################################
################## epoch 18 ###########################
loss: 136.4464, len_train_loader:115
modified_target in every batch:0.0
modified_hist in every batch :0.0
########## current_metrics ##########
ndcg_1: 0.08251249107780156
ndcg_5: 0.19194723665714264
ndcg_10: 0.24504666030406952
ndcg_20: 0.2927120625972748
hit_1: 0.08251249107780156
hit_5: 0.3012847965738758
hit_10: 0.4660956459671663
hit_20: 0.6549607423269094
ap: 0.2016689032316208
########## best_metrics ##########
ndcg_1: 0.08429693076374019
ndcg_5: 0.1928790807723999
ndcg_10: 0.24504666030406952
ndcg_20: 0.2927120625972748
hit_1: 0.08429693076374019
hit_5: 0.30221270521056387
hit_10: 0.4666666666666667
hit_20: 0.6643112062812276
ap: 0.20215316116809845
no increase in recent 0 iters
#########################################################
################## epoch 19 ###########################
loss: 132.6389, len_train_loader:115
modified_target in every batch:0.0
modified_hist in every batch :0.0
########## current_metrics ##########
ndcg_1: 0.08322626695217701
ndcg_5: 0.19439975917339325
ndcg_10: 0.24673204123973846
ndcg_20: 0.2940196990966797
hit_1: 0.08322626695217701
hit_5: 0.3035688793718772
hit_10: 0.46552462526766597
hit_20: 0.6527480371163454
ap: 0.20383156836032867
########## best_metrics ##########
ndcg_1: 0.08429693076374019
ndcg_5: 0.19439975917339325
ndcg_10: 0.24673204123973846
ndcg_20: 0.2940196990966797
hit_1: 0.08429693076374019
hit_5: 0.3035688793718772
hit_10: 0.4666666666666667
hit_20: 0.6643112062812276
ap: 0.20383156836032867
no increase in recent 0 iters
#########################################################
################## epoch 20 ###########################
loss: 129.7302, len_train_loader:115
modified_target in every batch:0.0
modified_hist in every batch :0.0
########## current_metrics ##########
ndcg_1: 0.08786581013561742
ndcg_5: 0.19601790606975555
ndcg_10: 0.24731333553791046
ndcg_20: 0.29296836256980896
hit_1: 0.08786581013561742
hit_5: 0.30199857244825123
hit_10: 0.4610992148465382
hit_20: 0.6418272662384011
ap: 0.20559027791023254
########## best_metrics ##########
ndcg_1: 0.08786581013561742
ndcg_5: 0.19601790606975555
ndcg_10: 0.24731333553791046
ndcg_20: 0.2940196990966797
hit_1: 0.08786581013561742
hit_5: 0.3035688793718772
hit_10: 0.4666666666666667
hit_20: 0.6643112062812276
ap: 0.20559027791023254
no increase in recent 0 iters
#########################################################
################## epoch 21 ###########################
loss: 126.4364, len_train_loader:115
modified_target in every batch:0.0
modified_hist in every batch :0.0
########## current_metrics ##########
ndcg_1: 0.08893647394718059
ndcg_5: 0.20065270364284515
ndcg_10: 0.25188225507736206
ndcg_20: 0.2959202826023102
hit_1: 0.08893647394718059
hit_5: 0.311134903640257
hit_10: 0.47002141327623126
hit_20: 0.6441113490364025
ap: 0.20846331119537354
########## best_metrics ##########
ndcg_1: 0.08893647394718059
ndcg_5: 0.20065270364284515
ndcg_10: 0.25188225507736206
ndcg_20: 0.2959202826023102
hit_1: 0.08893647394718059
hit_5: 0.311134903640257
hit_10: 0.47002141327623126
hit_20: 0.6643112062812276
ap: 0.20846331119537354
no increase in recent 0 iters
#########################################################
################## epoch 22 ###########################
loss: 125.9243, len_train_loader:115
modified_target in every batch:0.0
modified_hist in every batch :0.0
########## current_metrics ##########
ndcg_1: 0.08886509635974305
ndcg_5: 0.19698844850063324
ndcg_10: 0.24675221741199493
ndcg_20: 0.2915610074996948
hit_1: 0.08886509635974305
hit_5: 0.3036402569593148
hit_10: 0.45817273376159884
hit_20: 0.6356174161313347
ap: 0.20556193590164185
########## best_metrics ##########
ndcg_1: 0.08893647394718059
ndcg_5: 0.20065270364284515
ndcg_10: 0.25188225507736206
ndcg_20: 0.2959202826023102
hit_1: 0.08893647394718059
hit_5: 0.311134903640257
hit_10: 0.47002141327623126
hit_20: 0.6643112062812276
ap: 0.20846331119537354
no increase in recent 1 iters
#########################################################
################## epoch 23 ###########################
loss: 121.2522, len_train_loader:115
modified_target in every batch:0.0
modified_hist in every batch :0.0
########## current_metrics ##########
ndcg_1: 0.09157744468236974
ndcg_5: 0.19795075058937073
ndcg_10: 0.24812442064285278
ndcg_20: 0.29118213057518005
hit_1: 0.09157744468236974
hit_5: 0.3018558172733762
hit_10: 0.45767309064953604
hit_20: 0.6283369022127052
ap: 0.20730911195278168
########## best_metrics ##########
ndcg_1: 0.09157744468236974
ndcg_5: 0.20065270364284515
ndcg_10: 0.25188225507736206
ndcg_20: 0.2959202826023102
hit_1: 0.09157744468236974
hit_5: 0.311134903640257
hit_10: 0.47002141327623126
hit_20: 0.6643112062812276
ap: 0.20846331119537354
no increase in recent 0 iters
#########################################################
################## epoch 24 ###########################
loss: 120.3408, len_train_loader:115
modified_target in every batch:0.0
modified_hist in every batch :0.0
########## current_metrics ##########
ndcg_1: 0.09172019985724482
ndcg_5: 0.19679607450962067
ndcg_10: 0.24650456011295319
ndcg_20: 0.2905568778514862
hit_1: 0.09172019985724482
hit_5: 0.30085653104925053
hit_10: 0.45538900785153463
hit_20: 0.6296930763740186
ap: 0.20627102255821228
########## best_metrics ##########
ndcg_1: 0.09172019985724482
ndcg_5: 0.20065270364284515
ndcg_10: 0.25188225507736206
ndcg_20: 0.2959202826023102
hit_1: 0.09172019985724482
hit_5: 0.311134903640257
hit_10: 0.47002141327623126
hit_20: 0.6643112062812276
ap: 0.20846331119537354
no increase in recent 0 iters
#########################################################
################## epoch 25 ###########################
loss: 119.2791, len_train_loader:115
modified_target in every batch:0.0
modified_hist in every batch :0.0
########## current_metrics ##########
ndcg_1: 0.09093504639543183
ndcg_5: 0.19576211273670197
ndcg_10: 0.24463889002799988
ndcg_20: 0.28976497054100037
hit_1: 0.09093504639543183
hit_5: 0.29814418272662385
hit_10: 0.44953604568165595
hit_20: 0.62790863668808
ap: 0.20579083263874054
########## best_metrics ##########
ndcg_1: 0.09172019985724482
ndcg_5: 0.20065270364284515
ndcg_10: 0.25188225507736206
ndcg_20: 0.2959202826023102
hit_1: 0.09172019985724482
hit_5: 0.311134903640257
hit_10: 0.47002141327623126
hit_20: 0.6643112062812276
ap: 0.20846331119537354
no increase in recent 1 iters
#########################################################
################## epoch 26 ###########################
loss: 117.0047, len_train_loader:115
modified_target in every batch:0.0
modified_hist in every batch :0.0
########## current_metrics ##########
ndcg_1: 0.09229122055674518
ndcg_5: 0.19510520994663239
ndcg_10: 0.24528871476650238
ndcg_20: 0.28974848985671997
hit_1: 0.09229122055674518
hit_5: 0.29700214132762315
hit_10: 0.4527480371163455
hit_20: 0.6286224125624554
ap: 0.20572896301746368
########## best_metrics ##########
ndcg_1: 0.09229122055674518
ndcg_5: 0.20065270364284515
ndcg_10: 0.25188225507736206
ndcg_20: 0.2959202826023102
hit_1: 0.09229122055674518
hit_5: 0.311134903640257
hit_10: 0.47002141327623126
hit_20: 0.6643112062812276
ap: 0.20846331119537354
no increase in recent 0 iters
#########################################################
################## epoch 27 ###########################
loss: 115.0685, len_train_loader:115
modified_target in every batch:0.0
modified_hist in every batch :0.0
########## current_metrics ##########
ndcg_1: 0.08686652391149179
ndcg_5: 0.19324231147766113
ndcg_10: 0.2430182248353958
ndcg_20: 0.28683003783226013
hit_1: 0.08686652391149179
hit_5: 0.2977159172019986
hit_10: 0.4518201284796574
hit_20: 0.6251249107780157
ap: 0.20276957750320435
########## best_metrics ##########
ndcg_1: 0.09229122055674518
ndcg_5: 0.20065270364284515
ndcg_10: 0.25188225507736206
ndcg_20: 0.2959202826023102
hit_1: 0.09229122055674518
hit_5: 0.311134903640257
hit_10: 0.47002141327623126
hit_20: 0.6643112062812276
ap: 0.20846331119537354
no increase in recent 1 iters
#########################################################
################## epoch 28 ###########################
loss: 114.3344, len_train_loader:115
modified_target in every batch:0.0
modified_hist in every batch :0.0
########## current_metrics ##########
ndcg_1: 0.08850820842255532
ndcg_5: 0.19588416814804077
ndcg_10: 0.24657411873340607
ndcg_20: 0.2912258207798004
hit_1: 0.08850820842255532
hit_5: 0.3006423982869379
hit_10: 0.45753033547466093
hit_20: 0.6341898643825838
ap: 0.2055034637451172
########## best_metrics ##########
ndcg_1: 0.09229122055674518
ndcg_5: 0.20065270364284515
ndcg_10: 0.25188225507736206
ndcg_20: 0.2959202826023102
hit_1: 0.09229122055674518
hit_5: 0.311134903640257
hit_10: 0.47002141327623126
hit_20: 0.6643112062812276
ap: 0.20846331119537354
no increase in recent 2 iters
#########################################################
################## epoch 29 ###########################
loss: 114.0507, len_train_loader:115
modified_target in every batch:0.0
modified_hist in every batch :0.0
########## current_metrics ##########
ndcg_1: 0.09300499643112063
ndcg_5: 0.19714027643203735
ndcg_10: 0.24643410742282867
ndcg_20: 0.2911857068538666
hit_1: 0.09300499643112063
hit_5: 0.29800142755174874
hit_10: 0.45132048536759456
hit_20: 0.6279800142755175
ap: 0.20766261219978333
########## best_metrics ##########
ndcg_1: 0.09300499643112063
ndcg_5: 0.20065270364284515
ndcg_10: 0.25188225507736206
ndcg_20: 0.2959202826023102
hit_1: 0.09300499643112063
hit_5: 0.311134903640257
hit_10: 0.47002141327623126
hit_20: 0.6643112062812276
ap: 0.20846331119537354
no increase in recent 0 iters
#########################################################
################## epoch 30 ###########################
loss: 113.1195, len_train_loader:115
modified_target in every batch:0.0
modified_hist in every batch :0.0
########## current_metrics ##########
ndcg_1: 0.0934332619557459
ndcg_5: 0.19797903299331665
ndcg_10: 0.2459987998008728
ndcg_20: 0.2905937731266022
hit_1: 0.0934332619557459
hit_5: 0.3007137758743754
hit_10: 0.4494646680942184
hit_20: 0.6259814418272662
ap: 0.20747758448123932
########## best_metrics ##########
ndcg_1: 0.0934332619557459
ndcg_5: 0.20065270364284515
ndcg_10: 0.25188225507736206
ndcg_20: 0.2959202826023102
hit_1: 0.0934332619557459
hit_5: 0.311134903640257
hit_10: 0.47002141327623126
hit_20: 0.6643112062812276
ap: 0.20846331119537354
no increase in recent 0 iters
#########################################################
################## epoch 31 ###########################
loss: 111.0526, len_train_loader:115
modified_target in every batch:0.0
modified_hist in every batch :0.0
########## current_metrics ##########
ndcg_1: 0.08972162740899357
ndcg_5: 0.19571788609027863
ndcg_10: 0.24428792297840118
ndcg_20: 0.28818851709365845
hit_1: 0.08972162740899357
hit_5: 0.2990007137758744
hit_10: 0.44967880085653106
hit_20: 0.6230549607423269
ap: 0.20508626103401184
########## best_metrics ##########
ndcg_1: 0.0934332619557459
ndcg_5: 0.20065270364284515
ndcg_10: 0.25188225507736206
ndcg_20: 0.2959202826023102
hit_1: 0.0934332619557459
hit_5: 0.311134903640257
hit_10: 0.47002141327623126
hit_20: 0.6643112062812276
ap: 0.20846331119537354
no increase in recent 1 iters
#########################################################
################## epoch 32 ###########################
loss: 111.2465, len_train_loader:115
modified_target in every batch:0.0
modified_hist in every batch :0.0
########## current_metrics ##########
ndcg_1: 0.08786581013561742
ndcg_5: 0.19485794007778168
ndcg_10: 0.24438875913619995
ndcg_20: 0.2877291142940521
hit_1: 0.08786581013561742
hit_5: 0.3
hit_10: 0.45417558886509635
hit_20: 0.6258386866523912
ap: 0.20347876846790314
########## best_metrics ##########
ndcg_1: 0.0934332619557459
ndcg_5: 0.20065270364284515
ndcg_10: 0.25188225507736206
ndcg_20: 0.2959202826023102
hit_1: 0.0934332619557459
hit_5: 0.311134903640257
hit_10: 0.47002141327623126
hit_20: 0.6643112062812276
ap: 0.20846331119537354
no increase in recent 2 iters
#########################################################
################## epoch 33 ###########################
loss: 103.4126, len_train_loader:115
modified_target in every batch:0.0
modified_hist in every batch :0.0
########## current_metrics ##########
ndcg_1: 0.09400428265524625
ndcg_5: 0.199369877576828
ndcg_10: 0.24860148131847382
ndcg_20: 0.29234451055526733
hit_1: 0.09400428265524625
hit_5: 0.3028551034975018
hit_10: 0.45560314061384727
hit_20: 0.6286937901498929
ap: 0.20870083570480347
########## best_metrics ##########
ndcg_1: 0.09400428265524625
ndcg_5: 0.20065270364284515
ndcg_10: 0.25188225507736206
ndcg_20: 0.2959202826023102
hit_1: 0.09400428265524625
hit_5: 0.311134903640257
hit_10: 0.47002141327623126
hit_20: 0.6643112062812276
ap: 0.20870083570480347
no increase in recent 0 iters
#########################################################
################## epoch 34 ###########################
loss: 99.2564, len_train_loader:115
modified_target in every batch:0.0
modified_hist in every batch :0.0
########## current_metrics ##########
ndcg_1: 0.09357601713062098
ndcg_5: 0.20175164937973022
ndcg_10: 0.24924038350582123
ndcg_20: 0.29185882210731506
hit_1: 0.09357601713062098
hit_5: 0.3074946466809422
hit_10: 0.45467523197715914
hit_20: 0.6234832262669522
ap: 0.2095092535018921
########## best_metrics ##########
ndcg_1: 0.09400428265524625
ndcg_5: 0.20175164937973022
ndcg_10: 0.25188225507736206
ndcg_20: 0.2959202826023102
hit_1: 0.09400428265524625
hit_5: 0.311134903640257
hit_10: 0.47002141327623126
hit_20: 0.6643112062812276
ap: 0.2095092535018921
no increase in recent 0 iters
#########################################################
################## epoch 35 ###########################
loss: 100.8475, len_train_loader:115
modified_target in every batch:0.0
modified_hist in every batch :0.0
########## current_metrics ##########
ndcg_1: 0.09428979300499643
ndcg_5: 0.2035984992980957
ndcg_10: 0.25195151567459106
ndcg_20: 0.2946462631225586
hit_1: 0.09428979300499643
hit_5: 0.3112062812276945
hit_10: 0.46195574589578875
hit_20: 0.6312633832976445
ap: 0.21080507338047028
########## best_metrics ##########
ndcg_1: 0.09428979300499643
ndcg_5: 0.2035984992980957
ndcg_10: 0.25195151567459106
ndcg_20: 0.2959202826023102
hit_1: 0.09428979300499643
hit_5: 0.3112062812276945
hit_10: 0.47002141327623126
hit_20: 0.6643112062812276
ap: 0.21080507338047028
no increase in recent 0 iters
#########################################################
################## epoch 36 ###########################
loss: 102.6429, len_train_loader:115
modified_target in every batch:0.0
modified_hist in every batch :0.0
########## current_metrics ##########
ndcg_1: 0.0907209136331192
ndcg_5: 0.19740867614746094
ndcg_10: 0.2443511188030243
ndcg_20: 0.2884465456008911
hit_1: 0.0907209136331192
hit_5: 0.3007137758743754
hit_10: 0.44610992148465384
hit_20: 0.6203426124197002
ap: 0.20631015300750732
########## best_metrics ##########
ndcg_1: 0.09428979300499643
ndcg_5: 0.2035984992980957
ndcg_10: 0.25195151567459106
ndcg_20: 0.2959202826023102
hit_1: 0.09428979300499643
hit_5: 0.3112062812276945
hit_10: 0.47002141327623126
hit_20: 0.6643112062812276
ap: 0.21080507338047028
no increase in recent 1 iters
#########################################################
################## epoch 37 ###########################
loss: 102.1386, len_train_loader:115
modified_target in every batch:0.0
modified_hist in every batch :0.0
########## current_metrics ##########
ndcg_1: 0.09357601713062098
ndcg_5: 0.19925472140312195
ndcg_10: 0.2467418909072876
ndcg_20: 0.2902592718601227
hit_1: 0.09357601713062098
hit_5: 0.30271234832262667
hit_10: 0.45010706638115633
hit_20: 0.6221984296930764
ap: 0.20818042755126953
########## best_metrics ##########
ndcg_1: 0.09428979300499643
ndcg_5: 0.2035984992980957
ndcg_10: 0.25195151567459106
ndcg_20: 0.2959202826023102
hit_1: 0.09428979300499643
hit_5: 0.3112062812276945
hit_10: 0.47002141327623126
hit_20: 0.6643112062812276
ap: 0.21080507338047028
no increase in recent 2 iters
#########################################################
################## epoch 38 ###########################
loss: 100.9143, len_train_loader:115
modified_target in every batch:0.0
modified_hist in every batch :0.0
########## current_metrics ##########
ndcg_1: 0.08836545324768023
ndcg_5: 0.19510333240032196
ndcg_10: 0.24182239174842834
ndcg_20: 0.2845532298088074
hit_1: 0.08836545324768023
hit_5: 0.29942897930049966
hit_10: 0.4446823697359029
hit_20: 0.6137758743754461
ap: 0.203230082988739
########## best_metrics ##########
ndcg_1: 0.09428979300499643
ndcg_5: 0.2035984992980957
ndcg_10: 0.25195151567459106
ndcg_20: 0.2959202826023102
hit_1: 0.09428979300499643
hit_5: 0.3112062812276945
hit_10: 0.47002141327623126
hit_20: 0.6643112062812276
ap: 0.21080507338047028
no increase in recent 3 iters
#########################################################
################## epoch 39 ###########################
loss: 100.8717, len_train_loader:115
modified_target in every batch:0.0
modified_hist in every batch :0.0
########## current_metrics ##########
ndcg_1: 0.08979300499643111
ndcg_5: 0.19691771268844604
ndcg_10: 0.24549460411071777
ndcg_20: 0.2883698046207428
hit_1: 0.08979300499643111
hit_5: 0.30264097073518914
hit_10: 0.45303354746609564
hit_20: 0.6227694503925767
ap: 0.2053239643573761
########## best_metrics ##########
ndcg_1: 0.09428979300499643
ndcg_5: 0.2035984992980957
ndcg_10: 0.25195151567459106
ndcg_20: 0.2959202826023102
hit_1: 0.09428979300499643
hit_5: 0.3112062812276945
hit_10: 0.47002141327623126
hit_20: 0.6643112062812276
ap: 0.21080507338047028
no increase in recent 4 iters
#########################################################
################## epoch 40 ###########################
loss: 100.6763, len_train_loader:115
modified_target in every batch:0.0
modified_hist in every batch :0.0
########## current_metrics ##########
ndcg_1: 0.09307637401855817
ndcg_5: 0.1973951756954193
ndcg_10: 0.24398860335350037
ndcg_20: 0.2870253920555115
hit_1: 0.09307637401855817
hit_5: 0.2996431120628123
hit_10: 0.4444682369735903
hit_20: 0.6154175588865096
ap: 0.20615969598293304
########## best_metrics ##########
ndcg_1: 0.09428979300499643
ndcg_5: 0.2035984992980957
ndcg_10: 0.25195151567459106
ndcg_20: 0.2959202826023102
hit_1: 0.09428979300499643
hit_5: 0.3112062812276945
hit_10: 0.47002141327623126
hit_20: 0.6643112062812276
ap: 0.21080507338047028
no increase in recent 5 iters
#########################################################
################## epoch 41 ###########################
loss: 99.9402, len_train_loader:115
modified_target in every batch:0.0
modified_hist in every batch :0.0
########## current_metrics ##########
ndcg_1: 0.09129193433261956
ndcg_5: 0.1974993646144867
ndcg_10: 0.2444077581167221
ndcg_20: 0.28764480352401733
hit_1: 0.09129193433261956
hit_5: 0.300785153461813
hit_10: 0.4462526766595289
hit_20: 0.6176302640970736
ap: 0.20632553100585938
########## best_metrics ##########
ndcg_1: 0.09428979300499643
ndcg_5: 0.2035984992980957
ndcg_10: 0.25195151567459106
ndcg_20: 0.2959202826023102
hit_1: 0.09428979300499643
hit_5: 0.3112062812276945
hit_10: 0.47002141327623126
hit_20: 0.6643112062812276
ap: 0.21080507338047028
no increase in recent 6 iters
#########################################################
################## epoch 42 ###########################
loss: 100.1796, len_train_loader:115
modified_target in every batch:0.0
modified_hist in every batch :0.0
########## current_metrics ##########
ndcg_1: 0.09293361884368308
ndcg_5: 0.20126749575138092
ndcg_10: 0.249589741230011
ndcg_20: 0.2927173674106598
hit_1: 0.09293361884368308
hit_5: 0.30692362598144185
hit_10: 0.45667380442541045
hit_20: 0.6278372591006424
ap: 0.20936447381973267
########## best_metrics ##########
ndcg_1: 0.09428979300499643
ndcg_5: 0.2035984992980957
ndcg_10: 0.25195151567459106
ndcg_20: 0.2959202826023102
hit_1: 0.09428979300499643
hit_5: 0.3112062812276945
hit_10: 0.47002141327623126
hit_20: 0.6643112062812276
ap: 0.21080507338047028
no increase in recent 7 iters
#########################################################
################## epoch 43 ###########################
loss: 99.1287, len_train_loader:115
modified_target in every batch:0.0
modified_hist in every batch :0.0
########## current_metrics ##########
ndcg_1: 0.092790863668808
ndcg_5: 0.19616428017616272
ndcg_10: 0.24405474960803986
ndcg_20: 0.2862084209918976
hit_1: 0.092790863668808
hit_5: 0.29685938615274804
hit_10: 0.445610278372591
hit_20: 0.6125624553890079
ap: 0.20594961941242218
########## best_metrics ##########
ndcg_1: 0.09428979300499643
ndcg_5: 0.2035984992980957
ndcg_10: 0.25195151567459106
ndcg_20: 0.2959202826023102
hit_1: 0.09428979300499643
hit_5: 0.3112062812276945
hit_10: 0.47002141327623126
hit_20: 0.6643112062812276
ap: 0.21080507338047028
no increase in recent 8 iters
#########################################################
################## epoch 44 ###########################
loss: 98.3321, len_train_loader:115
modified_target in every batch:0.0
modified_hist in every batch :0.0
########## current_metrics ##########
ndcg_1: 0.0907209136331192
ndcg_5: 0.19493485987186432
ndcg_10: 0.2425665408372879
ndcg_20: 0.28460609912872314
hit_1: 0.0907209136331192
hit_5: 0.29671663097787293
hit_10: 0.4446109921484654
hit_20: 0.6107780157030692
ap: 0.20432378351688385
########## best_metrics ##########
ndcg_1: 0.09428979300499643
ndcg_5: 0.2035984992980957
ndcg_10: 0.25195151567459106
ndcg_20: 0.2959202826023102
hit_1: 0.09428979300499643
hit_5: 0.3112062812276945
hit_10: 0.47002141327623126
hit_20: 0.6643112062812276
ap: 0.21080507338047028
no increase in recent 9 iters
#########################################################
################## epoch 45 ###########################
loss: 97.9165, len_train_loader:115
modified_target in every batch:0.0
modified_hist in every batch :0.0
########## current_metrics ##########
ndcg_1: 0.09307637401855817
ndcg_5: 0.19850538671016693
ndcg_10: 0.2447972148656845
ndcg_20: 0.286750465631485
hit_1: 0.09307637401855817
hit_5: 0.30199857244825123
hit_10: 0.44553890078515346
hit_20: 0.61192005710207
ap: 0.20653367042541504
########## best_metrics ##########
ndcg_1: 0.09428979300499643
ndcg_5: 0.2035984992980957
ndcg_10: 0.25195151567459106
ndcg_20: 0.2959202826023102
hit_1: 0.09428979300499643
hit_5: 0.3112062812276945
hit_10: 0.47002141327623126
hit_20: 0.6643112062812276
ap: 0.21080507338047028
no increase in recent 10 iters
#########################################################
################## epoch 46 ###########################
loss: 97.688, len_train_loader:115
modified_target in every batch:0.0
modified_hist in every batch :0.0
########## current_metrics ##########
ndcg_1: 0.09507494646680942
ndcg_5: 0.19810399413108826
ndcg_10: 0.24531203508377075
ndcg_20: 0.288928359746933
hit_1: 0.09507494646680942
hit_5: 0.2995717344753747
hit_10: 0.4457530335474661
hit_20: 0.6183440399714489
ap: 0.20766937732696533
########## best_metrics ##########
ndcg_1: 0.09507494646680942
ndcg_5: 0.2035984992980957
ndcg_10: 0.25195151567459106
ndcg_20: 0.2959202826023102
hit_1: 0.09507494646680942
hit_5: 0.3112062812276945
hit_10: 0.47002141327623126
hit_20: 0.6643112062812276
ap: 0.21080507338047028
no increase in recent 0 iters
#########################################################
################## epoch 47 ###########################
loss: 91.1795, len_train_loader:115
modified_target in every batch:0.0
modified_hist in every batch :0.0
########## current_metrics ##########
ndcg_1: 0.09478943611705924
ndcg_5: 0.19951984286308289
ndcg_10: 0.24787531793117523
ndcg_20: 0.2896593511104584
hit_1: 0.09478943611705924
hit_5: 0.3025695931477516
hit_10: 0.45239114917915774
hit_20: 0.6176302640970736
ap: 0.20860698819160461
########## best_metrics ##########
ndcg_1: 0.09507494646680942
ndcg_5: 0.2035984992980957
ndcg_10: 0.25195151567459106
ndcg_20: 0.2959202826023102
hit_1: 0.09507494646680942
hit_5: 0.3112062812276945
hit_10: 0.47002141327623126
hit_20: 0.6643112062812276
ap: 0.21080507338047028
no increase in recent 1 iters
#########################################################
################## epoch 48 ###########################
loss: 88.584, len_train_loader:115
modified_target in every batch:0.0
modified_hist in every batch :0.0
########## current_metrics ##########
ndcg_1: 0.09685938615274804
ndcg_5: 0.2030000537633896
ndcg_10: 0.24917206168174744
ndcg_20: 0.2913792133331299
hit_1: 0.09685938615274804
hit_5: 0.3065667380442541
hit_10: 0.4497501784439686
hit_20: 0.6171306209850107
ap: 0.21108178794384003
########## best_metrics ##########
ndcg_1: 0.09685938615274804
ndcg_5: 0.2035984992980957
ndcg_10: 0.25195151567459106
ndcg_20: 0.2959202826023102
hit_1: 0.09685938615274804
hit_5: 0.3112062812276945
hit_10: 0.47002141327623126
hit_20: 0.6643112062812276
ap: 0.21108178794384003
no increase in recent 0 iters
#########################################################
################## epoch 49 ###########################
loss: 88.0871, len_train_loader:115
modified_target in every batch:0.0
modified_hist in every batch :0.0
########## current_metrics ##########
ndcg_1: 0.09257673090649536
ndcg_5: 0.19886896014213562
ndcg_10: 0.24659177660942078
ndcg_20: 0.2892465591430664
hit_1: 0.09257673090649536
hit_5: 0.30314061384725194
hit_10: 0.4510349750178444
hit_20: 0.6201284796573876
ap: 0.207322359085083
########## best_metrics ##########
ndcg_1: 0.09685938615274804
ndcg_5: 0.2035984992980957
ndcg_10: 0.25195151567459106
ndcg_20: 0.2959202826023102
hit_1: 0.09685938615274804
hit_5: 0.3112062812276945
hit_10: 0.47002141327623126
hit_20: 0.6643112062812276
ap: 0.21108178794384003
no increase in recent 1 iters
#########################################################
################## epoch 50 ###########################
loss: 90.5536, len_train_loader:115
modified_target in every batch:0.0
modified_hist in every batch :0.0
########## current_metrics ##########
ndcg_1: 0.0974304068522484
ndcg_5: 0.20287799835205078
ndcg_10: 0.25065770745277405
ndcg_20: 0.2920192778110504
hit_1: 0.0974304068522484
hit_5: 0.306423982869379
hit_10: 0.45417558886509635
hit_20: 0.6179157744468237
ap: 0.21139833331108093
########## best_metrics ##########
ndcg_1: 0.0974304068522484
ndcg_5: 0.2035984992980957
ndcg_10: 0.25195151567459106
ndcg_20: 0.2959202826023102
hit_1: 0.0974304068522484
hit_5: 0.3112062812276945
hit_10: 0.47002141327623126
hit_20: 0.6643112062812276
ap: 0.21139833331108093
no increase in recent 0 iters
#########################################################
################## epoch 51 ###########################
loss: 91.3855, len_train_loader:115
modified_target in every batch:0.0
modified_hist in every batch :0.0
########## current_metrics ##########
ndcg_1: 0.09414703783012134
ndcg_5: 0.2004360407590866
ndcg_10: 0.24535134434700012
ndcg_20: 0.28877317905426025
hit_1: 0.09414703783012134
hit_5: 0.3043540328336902
hit_10: 0.4433261955745896
hit_20: 0.6154175588865096
ap: 0.20830953121185303
########## best_metrics ##########
ndcg_1: 0.0974304068522484
ndcg_5: 0.2035984992980957
ndcg_10: 0.25195151567459106
ndcg_20: 0.2959202826023102
hit_1: 0.0974304068522484
hit_5: 0.3112062812276945
hit_10: 0.47002141327623126
hit_20: 0.6643112062812276
ap: 0.21139833331108093
no increase in recent 1 iters
#########################################################
################## epoch 52 ###########################
loss: 90.5128, len_train_loader:115
modified_target in every batch:0.0
modified_hist in every batch :0.0
########## current_metrics ##########
ndcg_1: 0.092790863668808
ndcg_5: 0.1996583640575409
ndcg_10: 0.24485062062740326
ndcg_20: 0.2868801951408386
hit_1: 0.092790863668808
hit_5: 0.30342612419700216
hit_10: 0.4439685938615275
hit_20: 0.6106352605281942
ap: 0.20714928209781647
########## best_metrics ##########
ndcg_1: 0.0974304068522484
ndcg_5: 0.2035984992980957
ndcg_10: 0.25195151567459106
ndcg_20: 0.2959202826023102
hit_1: 0.0974304068522484
hit_5: 0.3112062812276945
hit_10: 0.47002141327623126
hit_20: 0.6643112062812276
ap: 0.21139833331108093
no increase in recent 2 iters
#########################################################
################## epoch 53 ###########################
loss: 90.8169, len_train_loader:115
modified_target in every batch:0.0
modified_hist in every batch :0.0
########## current_metrics ##########
ndcg_1: 0.09079229122055675
ndcg_5: 0.1982368528842926
ndcg_10: 0.24604767560958862
ndcg_20: 0.28824183344841003
hit_1: 0.09079229122055675
hit_5: 0.30221270521056387
hit_10: 0.450463954318344
hit_20: 0.6179157744468237
ap: 0.20672816038131714
########## best_metrics ##########
ndcg_1: 0.0974304068522484
ndcg_5: 0.2035984992980957
ndcg_10: 0.25195151567459106
ndcg_20: 0.2959202826023102
hit_1: 0.0974304068522484
hit_5: 0.3112062812276945
hit_10: 0.47002141327623126
hit_20: 0.6643112062812276
ap: 0.21139833331108093
no increase in recent 3 iters
#########################################################
################## epoch 54 ###########################
loss: 90.7851, len_train_loader:115
modified_target in every batch:0.0
modified_hist in every batch :0.0
########## current_metrics ##########
ndcg_1: 0.09757316202712349
ndcg_5: 0.20018623769283295
ndcg_10: 0.2464483082294464
ndcg_20: 0.2879830002784729
hit_1: 0.09757316202712349
hit_5: 0.30028551034975015
hit_10: 0.4439685938615275
hit_20: 0.6086366880799429
ap: 0.20935259759426117
########## best_metrics ##########
ndcg_1: 0.09757316202712349
ndcg_5: 0.2035984992980957
ndcg_10: 0.25195151567459106
ndcg_20: 0.2959202826023102
hit_1: 0.09757316202712349
hit_5: 0.3112062812276945
hit_10: 0.47002141327623126
hit_20: 0.6643112062812276
ap: 0.21139833331108093
no increase in recent 0 iters
#########################################################
################## epoch 55 ###########################
loss: 90.297, len_train_loader:115
modified_target in every batch:0.0
modified_hist in every batch :0.0
########## current_metrics ##########
ndcg_1: 0.09093504639543183
ndcg_5: 0.1976991891860962
ndcg_10: 0.2453494817018509
ndcg_20: 0.288987934589386
hit_1: 0.09093504639543183
hit_5: 0.3017130620985011
hit_10: 0.4497501784439686
hit_20: 0.6226980728051392
ap: 0.20636464655399323
########## best_metrics ##########
ndcg_1: 0.09757316202712349
ndcg_5: 0.2035984992980957
ndcg_10: 0.25195151567459106
ndcg_20: 0.2959202826023102
hit_1: 0.09757316202712349
hit_5: 0.3112062812276945
hit_10: 0.47002141327623126
hit_20: 0.6643112062812276
ap: 0.21139833331108093
no increase in recent 1 iters
#########################################################
################## epoch 56 ###########################
loss: 89.6586, len_train_loader:115
modified_target in every batch:0.0
modified_hist in every batch :0.0
########## current_metrics ##########
ndcg_1: 0.09307637401855817
ndcg_5: 0.1974942535161972
ndcg_10: 0.2439599335193634
ndcg_20: 0.2870252728462219
hit_1: 0.09307637401855817
hit_5: 0.3
hit_10: 0.44439685938615275
hit_20: 0.6146324054246967
ap: 0.20619414746761322
########## best_metrics ##########
ndcg_1: 0.09757316202712349
ndcg_5: 0.2035984992980957
ndcg_10: 0.25195151567459106
ndcg_20: 0.2959202826023102
hit_1: 0.09757316202712349
hit_5: 0.3112062812276945
hit_10: 0.47002141327623126
hit_20: 0.6643112062812276
ap: 0.21139833331108093
no increase in recent 2 iters
#########################################################
################## epoch 57 ###########################
loss: 89.8783, len_train_loader:115
modified_target in every batch:0.0
modified_hist in every batch :0.0
########## current_metrics ##########
ndcg_1: 0.09079229122055675
ndcg_5: 0.19423675537109375
ndcg_10: 0.2413640171289444
ndcg_20: 0.28472036123275757
hit_1: 0.09079229122055675
hit_5: 0.29571734475374734
hit_10: 0.4418986438258387
hit_20: 0.6136331192005711
ap: 0.20374540984630585
########## best_metrics ##########
ndcg_1: 0.09757316202712349
ndcg_5: 0.2035984992980957
ndcg_10: 0.25195151567459106
ndcg_20: 0.2959202826023102
hit_1: 0.09757316202712349
hit_5: 0.3112062812276945
hit_10: 0.47002141327623126
hit_20: 0.6643112062812276
ap: 0.21139833331108093
no increase in recent 3 iters
#########################################################
################## epoch 58 ###########################
loss: 83.5268, len_train_loader:115
modified_target in every batch:0.0
modified_hist in every batch :0.0
########## current_metrics ##########
ndcg_1: 0.09393290506780871
ndcg_5: 0.19894522428512573
ndcg_10: 0.24538272619247437
ndcg_20: 0.287253201007843
hit_1: 0.09393290506780871
hit_5: 0.3012134189864383
hit_10: 0.44553890078515346
hit_20: 0.6113490364025695
ap: 0.20751036703586578
########## best_metrics ##########
ndcg_1: 0.09757316202712349
ndcg_5: 0.2035984992980957
ndcg_10: 0.25195151567459106
ndcg_20: 0.2959202826023102
hit_1: 0.09757316202712349
hit_5: 0.3112062812276945
hit_10: 0.47002141327623126
hit_20: 0.6643112062812276
ap: 0.21139833331108093
no increase in recent 4 iters
#########################################################
################## epoch 59 ###########################
loss: 80.4004, len_train_loader:115
modified_target in every batch:0.0
modified_hist in every batch :0.0
########## current_metrics ##########
ndcg_1: 0.0974304068522484
ndcg_5: 0.19876344501972198
ndcg_10: 0.24432648718357086
ndcg_20: 0.2873718738555908
hit_1: 0.0974304068522484
hit_5: 0.2990720913633119
hit_10: 0.4411848679514632
hit_20: 0.612062812276945
ap: 0.20791757106781006
########## best_metrics ##########
ndcg_1: 0.09757316202712349
ndcg_5: 0.2035984992980957
ndcg_10: 0.25195151567459106
ndcg_20: 0.2959202826023102
hit_1: 0.09757316202712349
hit_5: 0.3112062812276945
hit_10: 0.47002141327623126
hit_20: 0.6643112062812276
ap: 0.21139833331108093
no increase in recent 5 iters
#########################################################
################## epoch 60 ###########################
loss: 80.8095, len_train_loader:115
modified_target in every batch:0.0
modified_hist in every batch :0.0
########## current_metrics ##########
ndcg_1: 0.09364739471805852
ndcg_5: 0.19983132183551788
ndcg_10: 0.24547508358955383
ndcg_20: 0.2884368300437927
hit_1: 0.09364739471805852
hit_5: 0.3042112776588151
hit_10: 0.44596716630977873
hit_20: 0.6159172019985725
ap: 0.20773108303546906
########## best_metrics ##########
ndcg_1: 0.09757316202712349
ndcg_5: 0.2035984992980957
ndcg_10: 0.25195151567459106
ndcg_20: 0.2959202826023102
hit_1: 0.09757316202712349
hit_5: 0.3112062812276945
hit_10: 0.47002141327623126
hit_20: 0.6643112062812276
ap: 0.21139833331108093
no increase in recent 6 iters
#########################################################
################## epoch 61 ###########################
loss: 81.5994, len_train_loader:115
modified_target in every batch:0.0
modified_hist in every batch :0.0
########## current_metrics ##########
ndcg_1: 0.09029264810849394
ndcg_5: 0.19534698128700256
ndcg_10: 0.24332976341247559
ndcg_20: 0.2847287654876709
hit_1: 0.09029264810849394
hit_5: 0.29750178443968595
hit_10: 0.4464668094218415
hit_20: 0.610349750178444
ap: 0.2045784294605255
########## best_metrics ##########
ndcg_1: 0.09757316202712349
ndcg_5: 0.2035984992980957
ndcg_10: 0.25195151567459106
ndcg_20: 0.2959202826023102
hit_1: 0.09757316202712349
hit_5: 0.3112062812276945
hit_10: 0.47002141327623126
hit_20: 0.6643112062812276
ap: 0.21139833331108093
no increase in recent 7 iters
#########################################################
################## epoch 62 ###########################
loss: 84.4234, len_train_loader:115
modified_target in every batch:0.0
modified_hist in every batch :0.0
########## current_metrics ##########
ndcg_1: 0.09350463954318344
ndcg_5: 0.19744250178337097
ndcg_10: 0.24391765892505646
ndcg_20: 0.2862541675567627
hit_1: 0.09350463954318344
hit_5: 0.30085653104925053
hit_10: 0.4451820128479657
hit_20: 0.6132762312633833
ap: 0.20586590468883514
########## best_metrics ##########
ndcg_1: 0.09757316202712349
ndcg_5: 0.2035984992980957
ndcg_10: 0.25195151567459106
ndcg_20: 0.2959202826023102
hit_1: 0.09757316202712349
hit_5: 0.3112062812276945
hit_10: 0.47002141327623126
hit_20: 0.6643112062812276
ap: 0.21139833331108093
no increase in recent 8 iters
#########################################################
################## epoch 63 ###########################
loss: 83.9683, len_train_loader:115
modified_target in every batch:0.0
modified_hist in every batch :0.0
########## current_metrics ##########
ndcg_1: 0.09321912919343327
ndcg_5: 0.19657449424266815
ndcg_10: 0.24296550452709198
ndcg_20: 0.28453290462493896
hit_1: 0.09321912919343327
hit_5: 0.2988579586009993
hit_10: 0.4428265524625268
hit_20: 0.6076374018558173
ap: 0.2053648978471756
########## best_metrics ##########
ndcg_1: 0.09757316202712349
ndcg_5: 0.2035984992980957
ndcg_10: 0.25195151567459106
ndcg_20: 0.2959202826023102
hit_1: 0.09757316202712349
hit_5: 0.3112062812276945
hit_10: 0.47002141327623126
hit_20: 0.6643112062812276
ap: 0.21139833331108093
no increase in recent 9 iters
#########################################################
################## epoch 64 ###########################
loss: 82.9739, len_train_loader:115
modified_target in every batch:0.0
modified_hist in every batch :0.0
########## current_metrics ##########
ndcg_1: 0.09379014989293362
ndcg_5: 0.19457311928272247
ndcg_10: 0.24147962033748627
ndcg_20: 0.2835021913051605
hit_1: 0.09379014989293362
hit_5: 0.29321912919343324
hit_10: 0.4388294075660243
hit_20: 0.6052819414703783
ap: 0.20474277436733246
########## best_metrics ##########
ndcg_1: 0.09757316202712349
ndcg_5: 0.2035984992980957
ndcg_10: 0.25195151567459106
ndcg_20: 0.2959202826023102
hit_1: 0.09757316202712349
hit_5: 0.3112062812276945
hit_10: 0.47002141327623126
hit_20: 0.6643112062812276
ap: 0.21139833331108093
no increase in recent 10 iters
#########################################################
################## epoch 65 ###########################
loss: 82.4664, len_train_loader:115
modified_target in every batch:0.0
modified_hist in every batch :0.0
########## current_metrics ##########
ndcg_1: 0.09271948608137046
ndcg_5: 0.19873887300491333
ndcg_10: 0.24292272329330444
ndcg_20: 0.2866066098213196
hit_1: 0.09271948608137046
hit_5: 0.30135617416131333
hit_10: 0.43832976445396143
hit_20: 0.6113490364025695
ap: 0.2068260759115219
########## best_metrics ##########
ndcg_1: 0.09757316202712349
ndcg_5: 0.2035984992980957
ndcg_10: 0.25195151567459106
ndcg_20: 0.2959202826023102
hit_1: 0.09757316202712349
hit_5: 0.3112062812276945
hit_10: 0.47002141327623126
hit_20: 0.6643112062812276
ap: 0.21139833331108093
no increase in recent 11 iters
#########################################################
################## epoch 66 ###########################
loss: 82.232, len_train_loader:115
modified_target in every batch:0.0
modified_hist in every batch :0.0
########## current_metrics ##########
ndcg_1: 0.09214846538187009
ndcg_5: 0.1965571790933609
ndcg_10: 0.24451498687267303
ndcg_20: 0.2851252853870392
hit_1: 0.09214846538187009
hit_5: 0.2982155603140614
hit_10: 0.447180585296217
hit_20: 0.6082084225553176
ap: 0.20581482350826263
########## best_metrics ##########
ndcg_1: 0.09757316202712349
ndcg_5: 0.2035984992980957
ndcg_10: 0.25195151567459106
ndcg_20: 0.2959202826023102
hit_1: 0.09757316202712349
hit_5: 0.3112062812276945
hit_10: 0.47002141327623126
hit_20: 0.6643112062812276
ap: 0.21139833331108093
no increase in recent 12 iters
#########################################################
################## epoch 67 ###########################
loss: 81.7086, len_train_loader:115
modified_target in every batch:0.0
modified_hist in every batch :0.0
########## current_metrics ##########
ndcg_1: 0.09271948608137046
ndcg_5: 0.1964852660894394
ndcg_10: 0.2430194914340973
ndcg_20: 0.28508684039115906
hit_1: 0.09271948608137046
hit_5: 0.2971448965024982
hit_10: 0.44204139900071376
hit_20: 0.6086366880799429
ap: 0.20574067533016205
########## best_metrics ##########
ndcg_1: 0.09757316202712349
ndcg_5: 0.2035984992980957
ndcg_10: 0.25195151567459106
ndcg_20: 0.2959202826023102
hit_1: 0.09757316202712349
hit_5: 0.3112062812276945
hit_10: 0.47002141327623126
hit_20: 0.6643112062812276
ap: 0.21139833331108093
no increase in recent 13 iters
#########################################################
################## epoch 68 ###########################
loss: 82.8008, len_train_loader:115
modified_target in every batch:0.0
modified_hist in every batch :0.0
########## current_metrics ##########
ndcg_1: 0.09393290506780871
ndcg_5: 0.19663265347480774
ndcg_10: 0.24136918783187866
ndcg_20: 0.2828064560890198
hit_1: 0.09393290506780871
hit_5: 0.2967880085653105
hit_10: 0.43561741613133476
hit_20: 0.5997858672376873
ap: 0.2054213583469391
########## best_metrics ##########
ndcg_1: 0.09757316202712349
ndcg_5: 0.2035984992980957
ndcg_10: 0.25195151567459106
ndcg_20: 0.2959202826023102
hit_1: 0.09757316202712349
hit_5: 0.3112062812276945
hit_10: 0.47002141327623126
hit_20: 0.6643112062812276
ap: 0.21139833331108093
no increase in recent 14 iters
#########################################################
################## epoch 69 ###########################
loss: 77.2578, len_train_loader:115
modified_target in every batch:0.0
modified_hist in every batch :0.0
########## current_metrics ##########
ndcg_1: 0.0947180585296217
ndcg_5: 0.1968355029821396
ndcg_10: 0.2418813556432724
ndcg_20: 0.28460654616355896
hit_1: 0.0947180585296217
hit_5: 0.2965738758029979
hit_10: 0.43611705924339755
hit_20: 0.6057815845824411
ap: 0.20623359084129333
########## best_metrics ##########
ndcg_1: 0.09757316202712349
ndcg_5: 0.2035984992980957
ndcg_10: 0.25195151567459106
ndcg_20: 0.2959202826023102
hit_1: 0.09757316202712349
hit_5: 0.3112062812276945
hit_10: 0.47002141327623126
hit_20: 0.6643112062812276
ap: 0.21139833331108093
no increase in recent 15 iters
#########################################################
################## epoch 70 ###########################
loss: 74.1267, len_train_loader:115
modified_target in every batch:0.0
modified_hist in every batch :0.0
########## current_metrics ##########
ndcg_1: 0.0972876516773733
ndcg_5: 0.2015385627746582
ndcg_10: 0.24569019675254822
ndcg_20: 0.2876720726490021
hit_1: 0.0972876516773733
hit_5: 0.3039971448965025
hit_10: 0.44147037830121344
hit_20: 0.6078515346181299
ap: 0.2092471867799759
########## best_metrics ##########
ndcg_1: 0.09757316202712349
ndcg_5: 0.2035984992980957
ndcg_10: 0.25195151567459106
ndcg_20: 0.2959202826023102
hit_1: 0.09757316202712349
hit_5: 0.3112062812276945
hit_10: 0.47002141327623126
hit_20: 0.6643112062812276
ap: 0.21139833331108093
no increase in recent 16 iters
#########################################################
################## epoch 71 ###########################
loss: 74.2198, len_train_loader:115
modified_target in every batch:0.0
modified_hist in every batch :0.0
########## current_metrics ##########
ndcg_1: 0.09386152748037116
ndcg_5: 0.19645898044109344
ndcg_10: 0.24374829232692719
ndcg_20: 0.2858008146286011
hit_1: 0.09386152748037116
hit_5: 0.29671663097787293
hit_10: 0.4438258386866524
hit_20: 0.6104211277658815
ap: 0.20624187588691711
########## best_metrics ##########
ndcg_1: 0.09757316202712349
ndcg_5: 0.2035984992980957
ndcg_10: 0.25195151567459106
ndcg_20: 0.2959202826023102
hit_1: 0.09757316202712349
hit_5: 0.3112062812276945
hit_10: 0.47002141327623126
hit_20: 0.6643112062812276
ap: 0.21139833331108093
no increase in recent 17 iters
#########################################################
################## epoch 72 ###########################
loss: 75.3104, len_train_loader:115
modified_target in every batch:0.0
modified_hist in every batch :0.0
########## current_metrics ##########
ndcg_1: 0.09221984296930763
ndcg_5: 0.19481413066387177
ndcg_10: 0.23911255598068237
ndcg_20: 0.28204143047332764
hit_1: 0.09221984296930763
hit_5: 0.2942897930049964
hit_10: 0.4318344039971449
hit_20: 0.6014989293361884
ap: 0.20402947068214417
########## best_metrics ##########
ndcg_1: 0.09757316202712349
ndcg_5: 0.2035984992980957
ndcg_10: 0.25195151567459106
ndcg_20: 0.2959202826023102
hit_1: 0.09757316202712349
hit_5: 0.3112062812276945
hit_10: 0.47002141327623126
hit_20: 0.6643112062812276
ap: 0.21139833331108093
no increase in recent 18 iters
#########################################################
################## epoch 73 ###########################
loss: 76.5323, len_train_loader:115
modified_target in every batch:0.0
modified_hist in every batch :0.0
########## current_metrics ##########
ndcg_1: 0.09450392576730907
ndcg_5: 0.19636400043964386
ndcg_10: 0.24398726224899292
ndcg_20: 0.2845849394798279
hit_1: 0.09450392576730907
hit_5: 0.2965738758029979
hit_10: 0.4444682369735903
hit_20: 0.6053533190578159
ap: 0.20604276657104492
########## best_metrics ##########
ndcg_1: 0.09757316202712349
ndcg_5: 0.2035984992980957
ndcg_10: 0.25195151567459106
ndcg_20: 0.2959202826023102
hit_1: 0.09757316202712349
hit_5: 0.3112062812276945
hit_10: 0.47002141327623126
hit_20: 0.6643112062812276
ap: 0.21139833331108093
no increase in recent 19 iters
#########################################################
################## epoch 74 ###########################
loss: 77.3972, len_train_loader:115
modified_target in every batch:0.0
modified_hist in every batch :0.0
########## current_metrics ##########
ndcg_1: 0.09486081370449678
ndcg_5: 0.19621685147285461
ndcg_10: 0.2442585527896881
ndcg_20: 0.28487247228622437
hit_1: 0.09486081370449678
hit_5: 0.29400428265524625
hit_10: 0.44261241970021414
hit_20: 0.6034975017844397
ap: 0.20688632130622864
########## best_metrics ##########
ndcg_1: 0.09757316202712349
ndcg_5: 0.2035984992980957
ndcg_10: 0.25195151567459106
ndcg_20: 0.2959202826023102
hit_1: 0.09757316202712349
hit_5: 0.3112062812276945
hit_10: 0.47002141327623126
hit_20: 0.6643112062812276
ap: 0.21139833331108093
no increase in recent 20 iters
#########################################################
################## epoch 75 ###########################
loss: 77.7983, len_train_loader:115
modified_target in every batch:0.0
modified_hist in every batch :0.0
########## current_metrics ##########
ndcg_1: 0.09379014989293362
ndcg_5: 0.1953948736190796
ndcg_10: 0.2421698272228241
ndcg_20: 0.2845737636089325
hit_1: 0.09379014989293362
hit_5: 0.29457530335474663
hit_10: 0.43961456102783725
hit_20: 0.6077087794432549
ap: 0.2054978907108307
########## best_metrics ##########
ndcg_1: 0.09757316202712349
ndcg_5: 0.2035984992980957
ndcg_10: 0.25195151567459106
ndcg_20: 0.2959202826023102
hit_1: 0.09757316202712349
hit_5: 0.3112062812276945
hit_10: 0.47002141327623126
hit_20: 0.6643112062812276
ap: 0.21139833331108093
no increase in recent 21 iters
#########################################################
################## epoch 76 ###########################
loss: 76.9923, len_train_loader:115
modified_target in every batch:0.0
modified_hist in every batch :0.0
########## current_metrics ##########
ndcg_1: 0.09500356887937188
ndcg_5: 0.19893242418766022
ndcg_10: 0.24458721280097961
ndcg_20: 0.2860430181026459
hit_1: 0.09500356887937188
hit_5: 0.30157030692362596
hit_10: 0.44311206281227694
hit_20: 0.607351891506067
ap: 0.20714296400547028
########## best_metrics ##########
ndcg_1: 0.09757316202712349
ndcg_5: 0.2035984992980957
ndcg_10: 0.25195151567459106
ndcg_20: 0.2959202826023102
hit_1: 0.09757316202712349
hit_5: 0.3112062812276945
hit_10: 0.47002141327623126
hit_20: 0.6643112062812276
ap: 0.21139833331108093
no increase in recent 22 iters
#########################################################
################## epoch 77 ###########################
loss: 76.7413, len_train_loader:115
modified_target in every batch:0.0
modified_hist in every batch :0.0
########## current_metrics ##########
ndcg_1: 0.09271948608137046
ndcg_5: 0.19449417293071747
ndcg_10: 0.24060530960559845
ndcg_20: 0.2828240692615509
hit_1: 0.09271948608137046
hit_5: 0.29336188436830835
hit_10: 0.4364739471805853
hit_20: 0.603925767309065
ap: 0.20438773930072784
########## best_metrics ##########
ndcg_1: 0.09757316202712349
ndcg_5: 0.2035984992980957
ndcg_10: 0.25195151567459106
ndcg_20: 0.2959202826023102
hit_1: 0.09757316202712349
hit_5: 0.3112062812276945
hit_10: 0.47002141327623126
hit_20: 0.6643112062812276
ap: 0.21139833331108093
no increase in recent 23 iters
#########################################################
################## epoch 78 ###########################
loss: 75.9313, len_train_loader:115
modified_target in every batch:0.0
modified_hist in every batch :0.0
########## current_metrics ##########
ndcg_1: 0.09100642398286937
ndcg_5: 0.18863680958747864
ndcg_10: 0.23523911833763123
ndcg_20: 0.2775323688983917
hit_1: 0.09100642398286937
hit_5: 0.28344039971448964
hit_10: 0.42805139186295504
hit_20: 0.595146324054247
ap: 0.2002226859331131
########## best_metrics ##########
ndcg_1: 0.09757316202712349
ndcg_5: 0.2035984992980957
ndcg_10: 0.25195151567459106
ndcg_20: 0.2959202826023102
hit_1: 0.09757316202712349
hit_5: 0.3112062812276945
hit_10: 0.47002141327623126
hit_20: 0.6643112062812276
ap: 0.21139833331108093
no increase in recent 24 iters
#########################################################
################## epoch 79 ###########################
loss: 76.2114, len_train_loader:115
modified_target in every batch:0.0
modified_hist in every batch :0.0
########## current_metrics ##########
ndcg_1: 0.09057815845824412
ndcg_5: 0.18989767134189606
ndcg_10: 0.2365938127040863
ndcg_20: 0.2781547009944916
hit_1: 0.09057815845824412
hit_5: 0.2872947894361171
hit_10: 0.43204853675945754
hit_20: 0.5970021413276231
ap: 0.20049206912517548
########## best_metrics ##########
ndcg_1: 0.09757316202712349
ndcg_5: 0.2035984992980957
ndcg_10: 0.25195151567459106
ndcg_20: 0.2959202826023102
hit_1: 0.09757316202712349
hit_5: 0.3112062812276945
hit_10: 0.47002141327623126
hit_20: 0.6643112062812276
ap: 0.21139833331108093
no increase in recent 25 iters
#########################################################
################## epoch 80 ###########################
loss: 72.3793, len_train_loader:115
modified_target in every batch:0.0
modified_hist in every batch :0.0
########## current_metrics ##########
ndcg_1: 0.09357601713062098
ndcg_5: 0.19588497281074524
ndcg_10: 0.243848517537117
ndcg_20: 0.28702545166015625
hit_1: 0.09357601713062098
hit_5: 0.29514632405424696
hit_10: 0.4438258386866524
hit_20: 0.6152748037116346
ap: 0.20641987025737762
########## best_metrics ##########
ndcg_1: 0.09757316202712349
ndcg_5: 0.2035984992980957
ndcg_10: 0.25195151567459106
ndcg_20: 0.2959202826023102
hit_1: 0.09757316202712349
hit_5: 0.3112062812276945
hit_10: 0.47002141327623126
hit_20: 0.6643112062812276
ap: 0.21139833331108093
no increase in recent 26 iters
#########################################################
################## epoch 81 ###########################
loss: 68.1355, len_train_loader:115
modified_target in every batch:0.0
modified_hist in every batch :0.0
########## current_metrics ##########
ndcg_1: 0.09507494646680942
ndcg_5: 0.201701819896698
ndcg_10: 0.24722138047218323
ndcg_20: 0.2885110378265381
hit_1: 0.09507494646680942
hit_5: 0.30692362598144185
hit_10: 0.44789436117059245
hit_20: 0.6113490364025695
ap: 0.2089274823665619
########## best_metrics ##########
ndcg_1: 0.09757316202712349
ndcg_5: 0.2035984992980957
ndcg_10: 0.25195151567459106
ndcg_20: 0.2959202826023102
hit_1: 0.09757316202712349
hit_5: 0.3112062812276945
hit_10: 0.47002141327623126
hit_20: 0.6643112062812276
ap: 0.21139833331108093
no increase in recent 27 iters
#########################################################
################## epoch 82 ###########################
loss: 68.5229, len_train_loader:115
modified_target in every batch:0.0
modified_hist in every batch :0.0
########## current_metrics ##########
ndcg_1: 0.09157744468236974
ndcg_5: 0.19578316807746887
ndcg_10: 0.24205319583415985
ndcg_20: 0.2824253439903259
hit_1: 0.09157744468236974
hit_5: 0.2967880085653105
hit_10: 0.44011420413990004
hit_20: 0.5999286224125625
ap: 0.20458026230335236
########## best_metrics ##########
ndcg_1: 0.09757316202712349
ndcg_5: 0.2035984992980957
ndcg_10: 0.25195151567459106
ndcg_20: 0.2959202826023102
hit_1: 0.09757316202712349
hit_5: 0.3112062812276945
hit_10: 0.47002141327623126
hit_20: 0.6643112062812276
ap: 0.21139833331108093
no increase in recent 28 iters
#########################################################
################## epoch 83 ###########################
loss: 70.0187, len_train_loader:115
modified_target in every batch:0.0
modified_hist in every batch :0.0
########## current_metrics ##########
ndcg_1: 0.09393290506780871
ndcg_5: 0.19558757543563843
ndcg_10: 0.2427290678024292
ndcg_20: 0.28499218821525574
hit_1: 0.09393290506780871
hit_5: 0.29578872234118486
hit_10: 0.44197002141327624
hit_20: 0.6092790863668808
ap: 0.20546308159828186
########## best_metrics ##########
ndcg_1: 0.09757316202712349
ndcg_5: 0.2035984992980957
ndcg_10: 0.25195151567459106
ndcg_20: 0.2959202826023102
hit_1: 0.09757316202712349
hit_5: 0.3112062812276945
hit_10: 0.47002141327623126
hit_20: 0.6643112062812276
ap: 0.21139833331108093
no increase in recent 29 iters
#########################################################
################## epoch 84 ###########################
loss: 70.9672, len_train_loader:115
modified_target in every batch:0.0
modified_hist in every batch :0.0
########## current_metrics ##########
ndcg_1: 0.0953604568165596
ndcg_5: 0.19489961862564087
ndcg_10: 0.2413026988506317
ndcg_20: 0.2828454077243805
hit_1: 0.0953604568165596
hit_5: 0.2925053533190578
hit_10: 0.43640256959314777
hit_20: 0.6009279086366881
ap: 0.20525826513767242
########## best_metrics ##########
ndcg_1: 0.09757316202712349
ndcg_5: 0.2035984992980957
ndcg_10: 0.25195151567459106
ndcg_20: 0.2959202826023102
hit_1: 0.09757316202712349
hit_5: 0.3112062812276945
hit_10: 0.47002141327623126
hit_20: 0.6643112062812276
ap: 0.21139833331108093
no increase in recent 30 iters
#########################################################
################## epoch 85 ###########################
loss: 71.3298, len_train_loader:115
modified_target in every batch:0.0
modified_hist in every batch :0.0
########## current_metrics ##########
ndcg_1: 0.09314775160599571
ndcg_5: 0.19369490444660187
ndcg_10: 0.23967432975769043
ndcg_20: 0.2812141478061676
hit_1: 0.09314775160599571
hit_5: 0.2902926481084939
hit_10: 0.4331192005710207
hit_20: 0.597644539614561
ap: 0.20411470532417297
########## best_metrics ##########
ndcg_1: 0.09757316202712349
ndcg_5: 0.2035984992980957
ndcg_10: 0.25195151567459106
ndcg_20: 0.2959202826023102
hit_1: 0.09757316202712349
hit_5: 0.3112062812276945
hit_10: 0.47002141327623126
hit_20: 0.6643112062812276
ap: 0.21139833331108093
no increase in recent 31 iters
#########################################################
################## epoch 86 ###########################
loss: 71.4285, len_train_loader:115
modified_target in every batch:0.0
modified_hist in every batch :0.0
########## current_metrics ##########
ndcg_1: 0.09493219129193434
ndcg_5: 0.1944766789674759
ndcg_10: 0.24031086266040802
ndcg_20: 0.2828867435455322
hit_1: 0.09493219129193434
hit_5: 0.2913633119200571
hit_10: 0.4336188436830835
hit_20: 0.6022840827980014
ap: 0.20516179502010345
########## best_metrics ##########
ndcg_1: 0.09757316202712349
ndcg_5: 0.2035984992980957
ndcg_10: 0.25195151567459106
ndcg_20: 0.2959202826023102
hit_1: 0.09757316202712349
hit_5: 0.3112062812276945
hit_10: 0.47002141327623126
hit_20: 0.6643112062812276
ap: 0.21139833331108093
no increase in recent 32 iters
#########################################################
################## epoch 87 ###########################
loss: 71.4507, len_train_loader:115
modified_target in every batch:0.0
modified_hist in every batch :0.0
########## current_metrics ##########
ndcg_1: 0.09257673090649536
ndcg_5: 0.19124676287174225
ndcg_10: 0.23903316259384155
ndcg_20: 0.282159686088562
hit_1: 0.09257673090649536
hit_5: 0.287152034261242
hit_10: 0.4358315488936474
hit_20: 0.606423982869379
ap: 0.20297564566135406
########## best_metrics ##########
ndcg_1: 0.09757316202712349
ndcg_5: 0.2035984992980957
ndcg_10: 0.25195151567459106
ndcg_20: 0.2959202826023102
hit_1: 0.09757316202712349
hit_5: 0.3112062812276945
hit_10: 0.47002141327623126
hit_20: 0.6643112062812276
ap: 0.21139833331108093
no increase in recent 33 iters
#########################################################
################## epoch 88 ###########################
loss: 70.9899, len_train_loader:115
modified_target in every batch:0.0
modified_hist in every batch :0.0
########## current_metrics ##########
ndcg_1: 0.09179157744468237
ndcg_5: 0.18942129611968994
ndcg_10: 0.2359287291765213
ndcg_20: 0.2775205969810486
hit_1: 0.09179157744468237
hit_5: 0.2844396859386153
hit_10: 0.4289793004996431
hit_20: 0.5937901498929337
ap: 0.20070835947990417
########## best_metrics ##########
ndcg_1: 0.09757316202712349
ndcg_5: 0.2035984992980957
ndcg_10: 0.25195151567459106
ndcg_20: 0.2959202826023102
hit_1: 0.09757316202712349
hit_5: 0.3112062812276945
hit_10: 0.47002141327623126
hit_20: 0.6643112062812276
ap: 0.21139833331108093
no increase in recent 34 iters
#########################################################
################## epoch 89 ###########################
loss: 71.0792, len_train_loader:115
modified_target in every batch:0.0
modified_hist in every batch :0.0
########## current_metrics ##########
ndcg_1: 0.09236259814418273
ndcg_5: 0.19476385414600372
ndcg_10: 0.24219273030757904
ndcg_20: 0.28272584080696106
hit_1: 0.09236259814418273
hit_5: 0.2944325481798715
hit_10: 0.4417558886509636
hit_20: 0.6025695931477516
ap: 0.20437996089458466
########## best_metrics ##########
ndcg_1: 0.09757316202712349
ndcg_5: 0.2035984992980957
ndcg_10: 0.25195151567459106
ndcg_20: 0.2959202826023102
hit_1: 0.09757316202712349
hit_5: 0.3112062812276945
hit_10: 0.47002141327623126
hit_20: 0.6643112062812276
ap: 0.21139833331108093
no increase in recent 35 iters
#########################################################
################## epoch 90 ###########################
loss: 70.4581, len_train_loader:115
modified_target in every batch:0.0
modified_hist in every batch :0.0
########## current_metrics ##########
ndcg_1: 0.09236259814418273
ndcg_5: 0.1980019360780716
ndcg_10: 0.24307017028331757
ndcg_20: 0.2845790982246399
hit_1: 0.09236259814418273
hit_5: 0.30157030692362596
hit_10: 0.4416131334760885
hit_20: 0.6062812276945039
ap: 0.20561908185482025
########## best_metrics ##########
ndcg_1: 0.09757316202712349
ndcg_5: 0.2035984992980957
ndcg_10: 0.25195151567459106
ndcg_20: 0.2959202826023102
hit_1: 0.09757316202712349
hit_5: 0.3112062812276945
hit_10: 0.47002141327623126
hit_20: 0.6643112062812276
ap: 0.21139833331108093
no increase in recent 36 iters
#########################################################
################## epoch 91 ###########################
loss: 66.4442, len_train_loader:115
modified_target in every batch:0.0
modified_hist in every batch :0.0
########## current_metrics ##########
ndcg_1: 0.09557458957887223
ndcg_5: 0.19938409328460693
ndcg_10: 0.24521581828594208
ndcg_20: 0.28713080286979675
hit_1: 0.09557458957887223
hit_5: 0.30035688793718773
hit_10: 0.4427551748750892
hit_20: 0.608779443254818
ap: 0.20835374295711517
########## best_metrics ##########
ndcg_1: 0.09757316202712349
ndcg_5: 0.2035984992980957
ndcg_10: 0.25195151567459106
ndcg_20: 0.2959202826023102
hit_1: 0.09757316202712349
hit_5: 0.3112062812276945
hit_10: 0.47002141327623126
hit_20: 0.6643112062812276
ap: 0.21139833331108093
no increase in recent 37 iters
#########################################################
################## epoch 92 ###########################
loss: 63.3394, len_train_loader:115
modified_target in every batch:0.0
modified_hist in every batch :0.0
########## current_metrics ##########
ndcg_1: 0.0953604568165596
ndcg_5: 0.1959085762500763
ndcg_10: 0.24183157086372375
ndcg_20: 0.2830098271369934
hit_1: 0.0953604568165596
hit_5: 0.29343326195574587
hit_10: 0.43611705924339755
hit_20: 0.5992862241256246
ap: 0.20603172481060028
########## best_metrics ##########
ndcg_1: 0.09757316202712349
ndcg_5: 0.2035984992980957
ndcg_10: 0.25195151567459106
ndcg_20: 0.2959202826023102
hit_1: 0.09757316202712349
hit_5: 0.3112062812276945
hit_10: 0.47002141327623126
hit_20: 0.6643112062812276
ap: 0.21139833331108093
no increase in recent 38 iters
#########################################################
################## epoch 93 ###########################
loss: 64.4941, len_train_loader:115
modified_target in every batch:0.0
modified_hist in every batch :0.0
########## current_metrics ##########
ndcg_1: 0.0947180585296217
ndcg_5: 0.19377203285694122
ndcg_10: 0.23843836784362793
ndcg_20: 0.28045743703842163
hit_1: 0.0947180585296217
hit_5: 0.2912919343326196
hit_10: 0.4299072091363312
hit_20: 0.5965024982155603
ap: 0.20388898253440857
########## best_metrics ##########
ndcg_1: 0.09757316202712349
ndcg_5: 0.2035984992980957
ndcg_10: 0.25195151567459106
ndcg_20: 0.2959202826023102
hit_1: 0.09757316202712349
hit_5: 0.3112062812276945
hit_10: 0.47002141327623126
hit_20: 0.6643112062812276
ap: 0.21139833331108093
no increase in recent 39 iters
#########################################################
################## epoch 94 ###########################
loss: 65.3026, len_train_loader:115
modified_target in every batch:0.0
modified_hist in every batch :0.0
########## current_metrics ##########
ndcg_1: 0.09364739471805852
ndcg_5: 0.19364941120147705
ndcg_10: 0.24046383798122406
ndcg_20: 0.2826821506023407
hit_1: 0.09364739471805852
hit_5: 0.29064953604568167
hit_10: 0.43604568165596
hit_20: 0.6036402569593148
ap: 0.20457637310028076
########## best_metrics ##########
ndcg_1: 0.09757316202712349
ndcg_5: 0.2035984992980957
ndcg_10: 0.25195151567459106
ndcg_20: 0.2959202826023102
hit_1: 0.09757316202712349
hit_5: 0.3112062812276945
hit_10: 0.47002141327623126
hit_20: 0.6643112062812276
ap: 0.21139833331108093
no increase in recent 40 iters
#########################################################
################## epoch 95 ###########################
loss: 66.544, len_train_loader:115
modified_target in every batch:0.0
modified_hist in every batch :0.0
########## current_metrics ##########
ndcg_1: 0.09635974304068523
ndcg_5: 0.19724227488040924
ndcg_10: 0.24192331731319427
ndcg_20: 0.2837642729282379
hit_1: 0.09635974304068523
hit_5: 0.2955032119914347
hit_10: 0.4341898643825839
hit_20: 0.5997858672376873
ap: 0.2067919373512268
########## best_metrics ##########
ndcg_1: 0.09757316202712349
ndcg_5: 0.2035984992980957
ndcg_10: 0.25195151567459106
ndcg_20: 0.2959202826023102
hit_1: 0.09757316202712349
hit_5: 0.3112062812276945
hit_10: 0.47002141327623126
hit_20: 0.6643112062812276
ap: 0.21139833331108093
early stop
#########################################################
