nohup: ignoring input
########## DataInfo ##########
reading seq.dat
numUser:14010
numItem:23684
########## config ##########
thread_num: 4
dataset: baby
eval_neg_num: 100
train_neg_num: 20
input_len: 5
rec_model: SASRec
train_type: train
save_epochs: [100, 200, 300, 400]
epoch_num: 500
learning_rate: 0.01
train_batch_size: 1024
test_batch_size: 256
drop_ratio: 0.1
decay_factor: 0.9
hidden_size: 50
num_hidden_layers: 1
num_attention_heads: 2
intermediate_size: 100
hidden_act: gelu
hidden_dropout_prob: 0.1
attention_probs_dropout_prob: 0.1
type_vocab_size: 1
initializer_range: 0.1
loss_type: pairwise_sample
weight_decay: 0.01
device: cuda
max_seq_len: 5
layer_size: 1
threshold: 1
noise_ratio: 0.05
candidate_num: 3
high_loss_drop: 0.1
weight_drop: 0.5
encoder_loss: False
user_num: 14010
item_num: 23684
generating train samples
train_size: 117206, time: 0.5903866291046143
abandoned 0(0.0) samples
valid user num: 14010
valid item num: 21262
generating test samples
test_size: 14010, time: 13.34949254989624
abandoned 0(0.0) samples
------------SASREC ENCODER YES------------
============================================================
Start Training
============================================================
################## epoch 0 ###########################
loss: 1259.6738, len_train_loader:115
modified_target in every batch:0.0
modified_hist in every batch :0.0
########## current_metrics ##########
ndcg_1: 0.02476802284082798
ndcg_5: 0.06808017194271088
ndcg_10: 0.10473320633172989
ndcg_20: 0.15312056243419647
hit_1: 0.02476802284082798
hit_5: 0.11256245538900785
hit_10: 0.22712348322626696
hit_20: 0.42041399000713775
ap: 0.09725575894117355
########## best_metrics ##########
ndcg_1: 0.02476802284082798
ndcg_5: 0.06808017194271088
ndcg_10: 0.10473320633172989
ndcg_20: 0.15312056243419647
hit_1: 0.02476802284082798
hit_5: 0.11256245538900785
hit_10: 0.22712348322626696
hit_20: 0.42041399000713775
ap: 0.09725575894117355
no increase in recent 0 iters
#########################################################
################## epoch 1 ###########################
loss: 771.9461, len_train_loader:115
modified_target in every batch:0.0
modified_hist in every batch :0.0
########## current_metrics ##########
ndcg_1: 0.036045681655960025
ndcg_5: 0.09799408912658691
ndcg_10: 0.145402193069458
ndcg_20: 0.2041567862033844
hit_1: 0.036045681655960025
hit_5: 0.161598857958601
hit_10: 0.30970735189150606
hit_20: 0.5428979300499643
ap: 0.12538550794124603
########## best_metrics ##########
ndcg_1: 0.036045681655960025
ndcg_5: 0.09799408912658691
ndcg_10: 0.145402193069458
ndcg_20: 0.2041567862033844
hit_1: 0.036045681655960025
hit_5: 0.161598857958601
hit_10: 0.30970735189150606
hit_20: 0.5428979300499643
ap: 0.12538550794124603
no increase in recent 0 iters
#########################################################
################## epoch 2 ###########################
loss: 578.3169, len_train_loader:115
modified_target in every batch:0.0
modified_hist in every batch :0.0
########## current_metrics ##########
ndcg_1: 0.04796573875802998
ndcg_5: 0.1326749622821808
ndcg_10: 0.18495512008666992
ndcg_20: 0.24278834462165833
hit_1: 0.04796573875802998
hit_5: 0.21977159172019986
hit_10: 0.38279800142755177
hit_20: 0.612062812276945
ap: 0.1526990383863449
########## best_metrics ##########
ndcg_1: 0.04796573875802998
ndcg_5: 0.1326749622821808
ndcg_10: 0.18495512008666992
ndcg_20: 0.24278834462165833
hit_1: 0.04796573875802998
hit_5: 0.21977159172019986
hit_10: 0.38279800142755177
hit_20: 0.612062812276945
ap: 0.1526990383863449
no increase in recent 0 iters
#########################################################
################## epoch 3 ###########################
loss: 490.4562, len_train_loader:115
modified_target in every batch:0.0
modified_hist in every batch :0.0
########## current_metrics ##########
ndcg_1: 0.05046395431834404
ndcg_5: 0.13681161403656006
ndcg_10: 0.19525951147079468
ndcg_20: 0.2519199848175049
hit_1: 0.05046395431834404
hit_5: 0.22519628836545325
hit_10: 0.40763740185581726
hit_20: 0.631192005710207
ap: 0.15843549370765686
########## best_metrics ##########
ndcg_1: 0.05046395431834404
ndcg_5: 0.13681161403656006
ndcg_10: 0.19525951147079468
ndcg_20: 0.2519199848175049
hit_1: 0.05046395431834404
hit_5: 0.22519628836545325
hit_10: 0.40763740185581726
hit_20: 0.631192005710207
ap: 0.15843549370765686
no increase in recent 0 iters
#########################################################
################## epoch 4 ###########################
loss: 440.6306, len_train_loader:115
modified_target in every batch:0.0
modified_hist in every batch :0.0
########## current_metrics ##########
ndcg_1: 0.053818700927908636
ndcg_5: 0.14764916896820068
ndcg_10: 0.20359256863594055
ndcg_20: 0.25876539945602417
hit_1: 0.053818700927908636
hit_5: 0.2449678800856531
hit_10: 0.4194860813704497
hit_20: 0.6376873661670236
ap: 0.1650828719139099
########## best_metrics ##########
ndcg_1: 0.053818700927908636
ndcg_5: 0.14764916896820068
ndcg_10: 0.20359256863594055
ndcg_20: 0.25876539945602417
hit_1: 0.053818700927908636
hit_5: 0.2449678800856531
hit_10: 0.4194860813704497
hit_20: 0.6376873661670236
ap: 0.1650828719139099
no increase in recent 0 iters
#########################################################
################## epoch 5 ###########################
loss: 410.7618, len_train_loader:115
modified_target in every batch:0.0
modified_hist in every batch :0.0
########## current_metrics ##########
ndcg_1: 0.05810135617416131
ndcg_5: 0.15633398294448853
ndcg_10: 0.2145242542028427
ndcg_20: 0.26910945773124695
hit_1: 0.05810135617416131
hit_5: 0.2571020699500357
hit_10: 0.43797287651677375
hit_20: 0.6534618129907209
ap: 0.173085555434227
########## best_metrics ##########
ndcg_1: 0.05810135617416131
ndcg_5: 0.15633398294448853
ndcg_10: 0.2145242542028427
ndcg_20: 0.26910945773124695
hit_1: 0.05810135617416131
hit_5: 0.2571020699500357
hit_10: 0.43797287651677375
hit_20: 0.6534618129907209
ap: 0.173085555434227
no increase in recent 0 iters
#########################################################
################## epoch 6 ###########################
loss: 386.6159, len_train_loader:115
modified_target in every batch:0.0
modified_hist in every batch :0.0
########## current_metrics ##########
ndcg_1: 0.0569593147751606
ndcg_5: 0.15691374242305756
ndcg_10: 0.2183072417974472
ndcg_20: 0.2706252932548523
hit_1: 0.0569593147751606
hit_5: 0.2593861527480371
hit_10: 0.45032119914346896
hit_20: 0.6567451820128479
ap: 0.17376597225666046
########## best_metrics ##########
ndcg_1: 0.05810135617416131
ndcg_5: 0.15691374242305756
ndcg_10: 0.2183072417974472
ndcg_20: 0.2706252932548523
hit_1: 0.05810135617416131
hit_5: 0.2593861527480371
hit_10: 0.45032119914346896
hit_20: 0.6567451820128479
ap: 0.17376597225666046
no increase in recent 0 iters
#########################################################
################## epoch 7 ###########################
loss: 365.1531, len_train_loader:115
modified_target in every batch:0.0
modified_hist in every batch :0.0
########## current_metrics ##########
ndcg_1: 0.06038543897216274
ndcg_5: 0.16446848213672638
ndcg_10: 0.22293873131275177
ndcg_20: 0.2752029597759247
hit_1: 0.06038543897216274
hit_5: 0.26887937187723054
hit_10: 0.450463954318344
hit_20: 0.6566024268379729
ap: 0.17936725914478302
########## best_metrics ##########
ndcg_1: 0.06038543897216274
ndcg_5: 0.16446848213672638
ndcg_10: 0.22293873131275177
ndcg_20: 0.2752029597759247
hit_1: 0.06038543897216274
hit_5: 0.26887937187723054
hit_10: 0.450463954318344
hit_20: 0.6567451820128479
ap: 0.17936725914478302
no increase in recent 0 iters
#########################################################
################## epoch 8 ###########################
loss: 346.4126, len_train_loader:115
modified_target in every batch:0.0
modified_hist in every batch :0.0
########## current_metrics ##########
ndcg_1: 0.0667380442541042
ndcg_5: 0.1705121397972107
ndcg_10: 0.2284509688615799
ndcg_20: 0.2788737714290619
hit_1: 0.0667380442541042
hit_5: 0.27708779443254816
hit_10: 0.45724482512491077
hit_20: 0.6564596716630978
ap: 0.1839754730463028
########## best_metrics ##########
ndcg_1: 0.0667380442541042
ndcg_5: 0.1705121397972107
ndcg_10: 0.2284509688615799
ndcg_20: 0.2788737714290619
hit_1: 0.0667380442541042
hit_5: 0.27708779443254816
hit_10: 0.45724482512491077
hit_20: 0.6567451820128479
ap: 0.1839754730463028
no increase in recent 0 iters
#########################################################
################## epoch 9 ###########################
loss: 331.6537, len_train_loader:115
modified_target in every batch:0.0
modified_hist in every batch :0.0
########## current_metrics ##########
ndcg_1: 0.06509635974304069
ndcg_5: 0.16626869142055511
ndcg_10: 0.2225862443447113
ndcg_20: 0.27499112486839294
hit_1: 0.06509635974304069
hit_5: 0.26937901498929334
hit_10: 0.4444682369735903
hit_20: 0.6515346181299072
ap: 0.18090641498565674
########## best_metrics ##########
ndcg_1: 0.0667380442541042
ndcg_5: 0.1705121397972107
ndcg_10: 0.2284509688615799
ndcg_20: 0.2788737714290619
hit_1: 0.0667380442541042
hit_5: 0.27708779443254816
hit_10: 0.45724482512491077
hit_20: 0.6567451820128479
ap: 0.1839754730463028
no increase in recent 1 iters
#########################################################
################## epoch 10 ###########################
loss: 336.9165, len_train_loader:115
modified_target in every batch:52.7478
modified_hist in every batch :0.0
########## current_metrics ##########
ndcg_1: 0.06952177016416845
ndcg_5: 0.17733578383922577
ndcg_10: 0.23246774077415466
ndcg_20: 0.28109779953956604
hit_1: 0.06952177016416845
hit_5: 0.28401142041399
hit_10: 0.455174875089222
hit_20: 0.6476088508208423
ap: 0.18920372426509857
########## best_metrics ##########
ndcg_1: 0.06952177016416845
ndcg_5: 0.17733578383922577
ndcg_10: 0.23246774077415466
ndcg_20: 0.28109779953956604
hit_1: 0.06952177016416845
hit_5: 0.28401142041399
hit_10: 0.45724482512491077
hit_20: 0.6567451820128479
ap: 0.18920372426509857
no increase in recent 0 iters
#########################################################
################## epoch 11 ###########################
loss: 323.5198, len_train_loader:115
modified_target in every batch:58.7217
modified_hist in every batch :0.0
########## current_metrics ##########
ndcg_1: 0.0748750892219843
ndcg_5: 0.17858195304870605
ndcg_10: 0.23409989476203918
ndcg_20: 0.28377774357795715
hit_1: 0.0748750892219843
hit_5: 0.28294075660242685
hit_10: 0.45538900785153463
hit_20: 0.6522483940042827
ap: 0.1916031390428543
########## best_metrics ##########
ndcg_1: 0.0748750892219843
ndcg_5: 0.17858195304870605
ndcg_10: 0.23409989476203918
ndcg_20: 0.28377774357795715
hit_1: 0.0748750892219843
hit_5: 0.28401142041399
hit_10: 0.45724482512491077
hit_20: 0.6567451820128479
ap: 0.1916031390428543
no increase in recent 0 iters
#########################################################
################## epoch 12 ###########################
loss: 308.8269, len_train_loader:115
modified_target in every batch:63.6957
modified_hist in every batch :0.0
########## current_metrics ##########
ndcg_1: 0.08101356174161313
ndcg_5: 0.1876433789730072
ndcg_10: 0.2427043616771698
ndcg_20: 0.2918987572193146
hit_1: 0.08101356174161313
hit_5: 0.2949321912919343
hit_10: 0.465667380442541
hit_20: 0.6599571734475375
ap: 0.19936341047286987
########## best_metrics ##########
ndcg_1: 0.08101356174161313
ndcg_5: 0.1876433789730072
ndcg_10: 0.2427043616771698
ndcg_20: 0.2918987572193146
hit_1: 0.08101356174161313
hit_5: 0.2949321912919343
hit_10: 0.465667380442541
hit_20: 0.6599571734475375
ap: 0.19936341047286987
no increase in recent 0 iters
#########################################################
################## epoch 13 ###########################
loss: 296.4509, len_train_loader:115
modified_target in every batch:69.6696
modified_hist in every batch :0.0
########## current_metrics ##########
ndcg_1: 0.07516059957173447
ndcg_5: 0.18312376737594604
ndcg_10: 0.23553460836410522
ndcg_20: 0.28302764892578125
hit_1: 0.07516059957173447
hit_5: 0.28950749464668096
hit_10: 0.45253390435403285
hit_20: 0.640756602426838
ap: 0.19377554953098297
########## best_metrics ##########
ndcg_1: 0.08101356174161313
ndcg_5: 0.1876433789730072
ndcg_10: 0.2427043616771698
ndcg_20: 0.2918987572193146
hit_1: 0.08101356174161313
hit_5: 0.2949321912919343
hit_10: 0.465667380442541
hit_20: 0.6599571734475375
ap: 0.19936341047286987
no increase in recent 1 iters
#########################################################
################## epoch 14 ###########################
loss: 285.3655, len_train_loader:115
modified_target in every batch:74.6435
modified_hist in every batch :0.0
########## current_metrics ##########
ndcg_1: 0.08529621698786581
ndcg_5: 0.19477765262126923
ndcg_10: 0.25035083293914795
ndcg_20: 0.2976771891117096
hit_1: 0.08529621698786581
hit_5: 0.3038543897216274
hit_10: 0.47673090649536043
hit_20: 0.6643112062812276
ap: 0.20508776605129242
########## best_metrics ##########
ndcg_1: 0.08529621698786581
ndcg_5: 0.19477765262126923
ndcg_10: 0.25035083293914795
ndcg_20: 0.2976771891117096
hit_1: 0.08529621698786581
hit_5: 0.3038543897216274
hit_10: 0.47673090649536043
hit_20: 0.6643112062812276
ap: 0.20508776605129242
no increase in recent 0 iters
#########################################################
################## epoch 15 ###########################
loss: 275.2576, len_train_loader:115
modified_target in every batch:79.6261
modified_hist in every batch :0.0
########## current_metrics ##########
ndcg_1: 0.08108493932905068
ndcg_5: 0.19387400150299072
ndcg_10: 0.24594257771968842
ndcg_20: 0.29419153928756714
hit_1: 0.08108493932905068
hit_5: 0.30563882940756604
hit_10: 0.4673804425410421
hit_20: 0.6579586009992863
ap: 0.20246075093746185
########## best_metrics ##########
ndcg_1: 0.08529621698786581
ndcg_5: 0.19477765262126923
ndcg_10: 0.25035083293914795
ndcg_20: 0.2976771891117096
hit_1: 0.08529621698786581
hit_5: 0.30563882940756604
hit_10: 0.47673090649536043
hit_20: 0.6643112062812276
ap: 0.20508776605129242
no increase in recent 0 iters
#########################################################
################## epoch 16 ###########################
loss: 265.3645, len_train_loader:115
modified_target in every batch:85.5913
modified_hist in every batch :0.0
########## current_metrics ##########
ndcg_1: 0.08422555317630265
ndcg_5: 0.19285055994987488
ndcg_10: 0.24434350430965424
ndcg_20: 0.2910105288028717
hit_1: 0.08422555317630265
hit_5: 0.2990007137758744
hit_10: 0.45881513204853674
hit_20: 0.6436117059243398
ap: 0.20290644466876984
########## best_metrics ##########
ndcg_1: 0.08529621698786581
ndcg_5: 0.19477765262126923
ndcg_10: 0.25035083293914795
ndcg_20: 0.2976771891117096
hit_1: 0.08529621698786581
hit_5: 0.30563882940756604
hit_10: 0.47673090649536043
hit_20: 0.6643112062812276
ap: 0.20508776605129242
no increase in recent 1 iters
#########################################################
################## epoch 17 ###########################
loss: 258.6946, len_train_loader:115
modified_target in every batch:90.5739
modified_hist in every batch :0.0
########## current_metrics ##########
ndcg_1: 0.08886509635974305
ndcg_5: 0.19607312977313995
ndcg_10: 0.24790415167808533
ndcg_20: 0.2930426597595215
hit_1: 0.08886509635974305
hit_5: 0.3025695931477516
hit_10: 0.46359743040685225
hit_20: 0.6426124197002141
ap: 0.2057734876871109
########## best_metrics ##########
ndcg_1: 0.08886509635974305
ndcg_5: 0.19607312977313995
ndcg_10: 0.25035083293914795
ndcg_20: 0.2976771891117096
hit_1: 0.08886509635974305
hit_5: 0.30563882940756604
hit_10: 0.47673090649536043
hit_20: 0.6643112062812276
ap: 0.2057734876871109
no increase in recent 0 iters
#########################################################
################## epoch 18 ###########################
loss: 249.8041, len_train_loader:115
modified_target in every batch:96.5391
modified_hist in every batch :0.0
########## current_metrics ##########
ndcg_1: 0.08579586009992862
ndcg_5: 0.1983402818441391
ndcg_10: 0.2515825927257538
ndcg_20: 0.2954387962818146
hit_1: 0.08579586009992862
hit_5: 0.30920770877944326
hit_10: 0.4743040685224839
hit_20: 0.6478943611705924
ap: 0.20667952299118042
########## best_metrics ##########
ndcg_1: 0.08886509635974305
ndcg_5: 0.1983402818441391
ndcg_10: 0.2515825927257538
ndcg_20: 0.2976771891117096
hit_1: 0.08886509635974305
hit_5: 0.30920770877944326
hit_10: 0.47673090649536043
hit_20: 0.6643112062812276
ap: 0.20667952299118042
no increase in recent 0 iters
#########################################################
################## epoch 19 ###########################
loss: 244.6111, len_train_loader:115
modified_target in every batch:101.5217
modified_hist in every batch :0.0
########## current_metrics ##########
ndcg_1: 0.08822269807280514
ndcg_5: 0.19585701823234558
ndcg_10: 0.24770596623420715
ndcg_20: 0.2919536232948303
hit_1: 0.08822269807280514
hit_5: 0.3017844396859386
hit_10: 0.46245538900785155
hit_20: 0.6376873661670236
ap: 0.20543977618217468
########## best_metrics ##########
ndcg_1: 0.08886509635974305
ndcg_5: 0.1983402818441391
ndcg_10: 0.2515825927257538
ndcg_20: 0.2976771891117096
hit_1: 0.08886509635974305
hit_5: 0.30920770877944326
hit_10: 0.47673090649536043
hit_20: 0.6643112062812276
ap: 0.20667952299118042
no increase in recent 1 iters
#########################################################
################## epoch 20 ###########################
loss: 263.9589, len_train_loader:115
modified_target in every batch:101.5217
modified_hist in every batch :438.0261
########## current_metrics ##########
ndcg_1: 0.09029264810849394
ndcg_5: 0.19566704332828522
ndcg_10: 0.24595193564891815
ndcg_20: 0.28895804286003113
hit_1: 0.09029264810849394
hit_5: 0.2990720913633119
hit_10: 0.45481798715203425
hit_20: 0.6248394004282656
ap: 0.20549681782722473
########## best_metrics ##########
ndcg_1: 0.09029264810849394
ndcg_5: 0.1983402818441391
ndcg_10: 0.2515825927257538
ndcg_20: 0.2976771891117096
hit_1: 0.09029264810849394
hit_5: 0.30920770877944326
hit_10: 0.47673090649536043
hit_20: 0.6643112062812276
ap: 0.20667952299118042
no increase in recent 0 iters
#########################################################
################## epoch 21 ###########################
loss: 251.5234, len_train_loader:115
modified_target in every batch:101.5217
modified_hist in every batch :436.2
########## current_metrics ##########
ndcg_1: 0.09421841541755889
ndcg_5: 0.19826404750347137
ndcg_10: 0.2469644546508789
ndcg_20: 0.29051992297172546
hit_1: 0.09421841541755889
hit_5: 0.2996431120628123
hit_10: 0.45082084225553176
hit_20: 0.6234118486795146
ap: 0.20786353945732117
########## best_metrics ##########
ndcg_1: 0.09421841541755889
ndcg_5: 0.1983402818441391
ndcg_10: 0.2515825927257538
ndcg_20: 0.2976771891117096
hit_1: 0.09421841541755889
hit_5: 0.30920770877944326
hit_10: 0.47673090649536043
hit_20: 0.6643112062812276
ap: 0.20786353945732117
no increase in recent 0 iters
#########################################################
################## epoch 22 ###########################
loss: 243.1606, len_train_loader:115
modified_target in every batch:101.5217
modified_hist in every batch :438.2087
########## current_metrics ##########
ndcg_1: 0.0881513204853676
ndcg_5: 0.19294176995754242
ndcg_10: 0.2411879152059555
ndcg_20: 0.28409910202026367
hit_1: 0.0881513204853676
hit_5: 0.29635974304068524
hit_10: 0.44596716630977873
hit_20: 0.6155603140613847
ap: 0.20199446380138397
########## best_metrics ##########
ndcg_1: 0.09421841541755889
ndcg_5: 0.1983402818441391
ndcg_10: 0.2515825927257538
ndcg_20: 0.2976771891117096
hit_1: 0.09421841541755889
hit_5: 0.30920770877944326
hit_10: 0.47673090649536043
hit_20: 0.6643112062812276
ap: 0.20786353945732117
no increase in recent 1 iters
#########################################################
################## epoch 23 ###########################
loss: 236.9354, len_train_loader:115
modified_target in every batch:101.5217
modified_hist in every batch :439.2087
########## current_metrics ##########
ndcg_1: 0.09685938615274804
ndcg_5: 0.20269957184791565
ndcg_10: 0.25081366300582886
ndcg_20: 0.2958225607872009
hit_1: 0.09685938615274804
hit_5: 0.30663811563169163
hit_10: 0.45588865096359743
hit_20: 0.6344039971448965
ap: 0.2116348296403885
########## best_metrics ##########
ndcg_1: 0.09685938615274804
ndcg_5: 0.20269957184791565
ndcg_10: 0.2515825927257538
ndcg_20: 0.2976771891117096
hit_1: 0.09685938615274804
hit_5: 0.30920770877944326
hit_10: 0.47673090649536043
hit_20: 0.6643112062812276
ap: 0.2116348296403885
no increase in recent 0 iters
#########################################################
################## epoch 24 ###########################
loss: 235.2208, len_train_loader:115
modified_target in every batch:101.5217
modified_hist in every batch :438.7739
########## current_metrics ##########
ndcg_1: 0.09428979300499643
ndcg_5: 0.19568485021591187
ndcg_10: 0.24446293711662292
ndcg_20: 0.2885029911994934
hit_1: 0.09428979300499643
hit_5: 0.29514632405424696
hit_10: 0.4470378301213419
hit_20: 0.6211991434689508
ap: 0.20639191567897797
########## best_metrics ##########
ndcg_1: 0.09685938615274804
ndcg_5: 0.20269957184791565
ndcg_10: 0.2515825927257538
ndcg_20: 0.2976771891117096
hit_1: 0.09685938615274804
hit_5: 0.30920770877944326
hit_10: 0.47673090649536043
hit_20: 0.6643112062812276
ap: 0.2116348296403885
no increase in recent 1 iters
#########################################################
################## epoch 25 ###########################
loss: 228.8894, len_train_loader:115
modified_target in every batch:101.5217
modified_hist in every batch :439.6174
########## current_metrics ##########
ndcg_1: 0.09364739471805852
ndcg_5: 0.1995253711938858
ndcg_10: 0.24612313508987427
ndcg_20: 0.290426641702652
hit_1: 0.09364739471805852
hit_5: 0.302355460385439
hit_10: 0.4469664525339044
hit_20: 0.6223411848679514
ap: 0.20822590589523315
########## best_metrics ##########
ndcg_1: 0.09685938615274804
ndcg_5: 0.20269957184791565
ndcg_10: 0.2515825927257538
ndcg_20: 0.2976771891117096
hit_1: 0.09685938615274804
hit_5: 0.30920770877944326
hit_10: 0.47673090649536043
hit_20: 0.6643112062812276
ap: 0.2116348296403885
no increase in recent 2 iters
#########################################################
################## epoch 26 ###########################
loss: 225.3123, len_train_loader:115
modified_target in every batch:101.5217
modified_hist in every batch :440.2348
########## current_metrics ##########
ndcg_1: 0.0934332619557459
ndcg_5: 0.1991085708141327
ndcg_10: 0.2471127063035965
ndcg_20: 0.28939637541770935
hit_1: 0.0934332619557459
hit_5: 0.30271234832262667
hit_10: 0.45203426124197005
hit_20: 0.6194860813704497
ap: 0.20760896801948547
########## best_metrics ##########
ndcg_1: 0.09685938615274804
ndcg_5: 0.20269957184791565
ndcg_10: 0.2515825927257538
ndcg_20: 0.2976771891117096
hit_1: 0.09685938615274804
hit_5: 0.30920770877944326
hit_10: 0.47673090649536043
hit_20: 0.6643112062812276
ap: 0.2116348296403885
no increase in recent 3 iters
#########################################################
################## epoch 27 ###########################
loss: 220.5149, len_train_loader:115
modified_target in every batch:101.5217
modified_hist in every batch :439.0261
########## current_metrics ##########
ndcg_1: 0.09593147751605996
ndcg_5: 0.19958390295505524
ndcg_10: 0.24516384303569794
ndcg_20: 0.28820833563804626
hit_1: 0.09593147751605996
hit_5: 0.3004996431120628
hit_10: 0.4421841541755889
hit_20: 0.6127052105638829
ap: 0.20833155512809753
########## best_metrics ##########
ndcg_1: 0.09685938615274804
ndcg_5: 0.20269957184791565
ndcg_10: 0.2515825927257538
ndcg_20: 0.2976771891117096
hit_1: 0.09685938615274804
hit_5: 0.30920770877944326
hit_10: 0.47673090649536043
hit_20: 0.6643112062812276
ap: 0.2116348296403885
no increase in recent 4 iters
#########################################################
################## epoch 28 ###########################
loss: 218.554, len_train_loader:115
modified_target in every batch:101.5217
modified_hist in every batch :437.5565
########## current_metrics ##########
ndcg_1: 0.08915060670949322
ndcg_5: 0.1950884461402893
ndcg_10: 0.24152252078056335
ndcg_20: 0.28408873081207275
hit_1: 0.08915060670949322
hit_5: 0.29800142755174874
hit_10: 0.44197002141327624
hit_20: 0.6107066381156316
ap: 0.20341260731220245
########## best_metrics ##########
ndcg_1: 0.09685938615274804
ndcg_5: 0.20269957184791565
ndcg_10: 0.2515825927257538
ndcg_20: 0.2976771891117096
hit_1: 0.09685938615274804
hit_5: 0.30920770877944326
hit_10: 0.47673090649536043
hit_20: 0.6643112062812276
ap: 0.2116348296403885
no increase in recent 5 iters
#########################################################
################## epoch 29 ###########################
loss: 217.7497, len_train_loader:115
modified_target in every batch:101.5217
modified_hist in every batch :438.3739
########## current_metrics ##########
ndcg_1: 0.09107780157030693
ndcg_5: 0.19840778410434723
ndcg_10: 0.24612626433372498
ndcg_20: 0.28843265771865845
hit_1: 0.09107780157030693
hit_5: 0.30406852248394006
hit_10: 0.45196288365453247
hit_20: 0.6195574589578873
ap: 0.20623008906841278
########## best_metrics ##########
ndcg_1: 0.09685938615274804
ndcg_5: 0.20269957184791565
ndcg_10: 0.2515825927257538
ndcg_20: 0.2976771891117096
hit_1: 0.09685938615274804
hit_5: 0.30920770877944326
hit_10: 0.47673090649536043
hit_20: 0.6643112062812276
ap: 0.2116348296403885
no increase in recent 6 iters
#########################################################
################## epoch 30 ###########################
loss: 203.6073, len_train_loader:115
modified_target in every batch:101.5217
modified_hist in every batch :438.4783
########## current_metrics ##########
ndcg_1: 0.0966452533904354
ndcg_5: 0.1990949809551239
ndcg_10: 0.24798884987831116
ndcg_20: 0.289356529712677
hit_1: 0.0966452533904354
hit_5: 0.2988579586009993
hit_10: 0.4503925767309065
hit_20: 0.6142041399000714
ap: 0.20915719866752625
########## best_metrics ##########
ndcg_1: 0.09685938615274804
ndcg_5: 0.20269957184791565
ndcg_10: 0.2515825927257538
ndcg_20: 0.2976771891117096
hit_1: 0.09685938615274804
hit_5: 0.30920770877944326
hit_10: 0.47673090649536043
hit_20: 0.6643112062812276
ap: 0.2116348296403885
no increase in recent 7 iters
#########################################################
################## epoch 31 ###########################
loss: 195.5436, len_train_loader:115
modified_target in every batch:101.5217
modified_hist in every batch :440.0174
########## current_metrics ##########
ndcg_1: 0.0934332619557459
ndcg_5: 0.19650213420391083
ndcg_10: 0.24344459176063538
ndcg_20: 0.28615498542785645
hit_1: 0.0934332619557459
hit_5: 0.29700214132762315
hit_10: 0.4427551748750892
hit_20: 0.61192005710207
ap: 0.20596715807914734
########## best_metrics ##########
ndcg_1: 0.09685938615274804
ndcg_5: 0.20269957184791565
ndcg_10: 0.2515825927257538
ndcg_20: 0.2976771891117096
hit_1: 0.09685938615274804
hit_5: 0.30920770877944326
hit_10: 0.47673090649536043
hit_20: 0.6643112062812276
ap: 0.2116348296403885
no increase in recent 8 iters
#########################################################
################## epoch 32 ###########################
loss: 196.9153, len_train_loader:115
modified_target in every batch:101.5217
modified_hist in every batch :434.2957
########## current_metrics ##########
ndcg_1: 0.09578872234118486
ndcg_5: 0.19993112981319427
ndcg_10: 0.24581634998321533
ndcg_20: 0.2875175476074219
hit_1: 0.09578872234118486
hit_5: 0.3029264810849393
hit_10: 0.44539614561027835
hit_20: 0.6105638829407566
ap: 0.20800571143627167
########## best_metrics ##########
ndcg_1: 0.09685938615274804
ndcg_5: 0.20269957184791565
ndcg_10: 0.2515825927257538
ndcg_20: 0.2976771891117096
hit_1: 0.09685938615274804
hit_5: 0.30920770877944326
hit_10: 0.47673090649536043
hit_20: 0.6643112062812276
ap: 0.2116348296403885
no increase in recent 9 iters
#########################################################
################## epoch 33 ###########################
loss: 196.1573, len_train_loader:115
modified_target in every batch:101.5217
modified_hist in every batch :436.0348
########## current_metrics ##########
ndcg_1: 0.09221984296930763
ndcg_5: 0.19768644869327545
ndcg_10: 0.2440320998430252
ndcg_20: 0.28685462474823
hit_1: 0.09221984296930763
hit_5: 0.3006423982869379
hit_10: 0.44453961456102786
hit_20: 0.6143468950749464
ap: 0.20600707828998566
########## best_metrics ##########
ndcg_1: 0.09685938615274804
ndcg_5: 0.20269957184791565
ndcg_10: 0.2515825927257538
ndcg_20: 0.2976771891117096
hit_1: 0.09685938615274804
hit_5: 0.30920770877944326
hit_10: 0.47673090649536043
hit_20: 0.6643112062812276
ap: 0.2116348296403885
no increase in recent 10 iters
#########################################################
################## epoch 34 ###########################
loss: 194.8855, len_train_loader:115
modified_target in every batch:101.5217
modified_hist in every batch :433.6174
########## current_metrics ##########
ndcg_1: 0.08965024982155603
ndcg_5: 0.19320231676101685
ndcg_10: 0.23906570672988892
ndcg_20: 0.2837733030319214
hit_1: 0.08965024982155603
hit_5: 0.29321912919343324
hit_10: 0.43561741613133476
hit_20: 0.6127052105638829
ap: 0.20280370116233826
########## best_metrics ##########
ndcg_1: 0.09685938615274804
ndcg_5: 0.20269957184791565
ndcg_10: 0.2515825927257538
ndcg_20: 0.2976771891117096
hit_1: 0.09685938615274804
hit_5: 0.30920770877944326
hit_10: 0.47673090649536043
hit_20: 0.6643112062812276
ap: 0.2116348296403885
no increase in recent 11 iters
#########################################################
################## epoch 35 ###########################
loss: 194.5872, len_train_loader:115
modified_target in every batch:101.5217
modified_hist in every batch :438.7043
########## current_metrics ##########
ndcg_1: 0.09107780157030693
ndcg_5: 0.19296984374523163
ndcg_10: 0.24040839076042175
ndcg_20: 0.28361043334007263
hit_1: 0.09107780157030693
hit_5: 0.29221984296930764
hit_10: 0.4393290506780871
hit_20: 0.6098501070663812
ap: 0.20336240530014038
########## best_metrics ##########
ndcg_1: 0.09685938615274804
ndcg_5: 0.20269957184791565
ndcg_10: 0.2515825927257538
ndcg_20: 0.2976771891117096
hit_1: 0.09685938615274804
hit_5: 0.30920770877944326
hit_10: 0.47673090649536043
hit_20: 0.6643112062812276
ap: 0.2116348296403885
no increase in recent 12 iters
#########################################################
################## epoch 36 ###########################
loss: 193.2981, len_train_loader:115
modified_target in every batch:101.5217
modified_hist in every batch :437.4
########## current_metrics ##########
ndcg_1: 0.09379014989293362
ndcg_5: 0.19583489000797272
ndcg_10: 0.2422293722629547
ndcg_20: 0.2848142385482788
hit_1: 0.09379014989293362
hit_5: 0.29528907922912206
hit_10: 0.43925767309064956
hit_20: 0.6079229122055675
ap: 0.2054106593132019
########## best_metrics ##########
ndcg_1: 0.09685938615274804
ndcg_5: 0.20269957184791565
ndcg_10: 0.2515825927257538
ndcg_20: 0.2976771891117096
hit_1: 0.09685938615274804
hit_5: 0.30920770877944326
hit_10: 0.47673090649536043
hit_20: 0.6643112062812276
ap: 0.2116348296403885
no increase in recent 13 iters
#########################################################
################## epoch 37 ###########################
loss: 190.4226, len_train_loader:115
modified_target in every batch:101.5217
modified_hist in every batch :436.5478
########## current_metrics ##########
ndcg_1: 0.10142755174875089
ndcg_5: 0.2003335803747177
ndcg_10: 0.24625888466835022
ndcg_20: 0.288103312253952
hit_1: 0.10142755174875089
hit_5: 0.296074232690935
hit_10: 0.4387580299785867
hit_20: 0.6045681655960029
ap: 0.2107735276222229
########## best_metrics ##########
ndcg_1: 0.10142755174875089
ndcg_5: 0.20269957184791565
ndcg_10: 0.2515825927257538
ndcg_20: 0.2976771891117096
hit_1: 0.10142755174875089
hit_5: 0.30920770877944326
hit_10: 0.47673090649536043
hit_20: 0.6643112062812276
ap: 0.2116348296403885
no increase in recent 0 iters
#########################################################
################## epoch 38 ###########################
loss: 189.1187, len_train_loader:115
modified_target in every batch:101.5217
modified_hist in every batch :436.7043
########## current_metrics ##########
ndcg_1: 0.0979300499643112
ndcg_5: 0.19754287600517273
ndcg_10: 0.24380968511104584
ndcg_20: 0.28857648372650146
hit_1: 0.0979300499643112
hit_5: 0.29521770164168454
hit_10: 0.43897216274089934
hit_20: 0.6160599571734475
ap: 0.20815503597259521
########## best_metrics ##########
ndcg_1: 0.10142755174875089
ndcg_5: 0.20269957184791565
ndcg_10: 0.2515825927257538
ndcg_20: 0.2976771891117096
hit_1: 0.10142755174875089
hit_5: 0.30920770877944326
hit_10: 0.47673090649536043
hit_20: 0.6643112062812276
ap: 0.2116348296403885
no increase in recent 1 iters
#########################################################
################## epoch 39 ###########################
loss: 189.265, len_train_loader:115
modified_target in every batch:101.5217
modified_hist in every batch :438.2
########## current_metrics ##########
ndcg_1: 0.09172019985724482
ndcg_5: 0.19416695833206177
ndcg_10: 0.24086856842041016
ndcg_20: 0.2826350927352905
hit_1: 0.09172019985724482
hit_5: 0.2947180585296217
hit_10: 0.4400428265524625
hit_20: 0.6059243397573162
ap: 0.2032768875360489
########## best_metrics ##########
ndcg_1: 0.10142755174875089
ndcg_5: 0.20269957184791565
ndcg_10: 0.2515825927257538
ndcg_20: 0.2976771891117096
hit_1: 0.10142755174875089
hit_5: 0.30920770877944326
hit_10: 0.47673090649536043
hit_20: 0.6643112062812276
ap: 0.2116348296403885
no increase in recent 2 iters
#########################################################
################## epoch 40 ###########################
loss: 189.0717, len_train_loader:115
modified_target in every batch:101.5217
modified_hist in every batch :438.9304
########## current_metrics ##########
ndcg_1: 0.0940756602426838
ndcg_5: 0.19402232766151428
ndcg_10: 0.23917940258979797
ndcg_20: 0.2806934714317322
hit_1: 0.0940756602426838
hit_5: 0.29114917915774446
hit_10: 0.4316916488222698
hit_20: 0.5961456102783725
ap: 0.20379513502120972
########## best_metrics ##########
ndcg_1: 0.10142755174875089
ndcg_5: 0.20269957184791565
ndcg_10: 0.2515825927257538
ndcg_20: 0.2976771891117096
hit_1: 0.10142755174875089
hit_5: 0.30920770877944326
hit_10: 0.47673090649536043
hit_20: 0.6643112062812276
ap: 0.2116348296403885
no increase in recent 3 iters
#########################################################
################## epoch 41 ###########################
loss: 179.9856, len_train_loader:115
modified_target in every batch:101.5217
modified_hist in every batch :438.7565
########## current_metrics ##########
ndcg_1: 0.09421841541755889
ndcg_5: 0.19554194808006287
ndcg_10: 0.24244053661823273
ndcg_20: 0.2841891050338745
hit_1: 0.09421841541755889
hit_5: 0.2948608137044968
hit_10: 0.44075660242683795
hit_20: 0.6062098501070664
ap: 0.20534929633140564
########## best_metrics ##########
ndcg_1: 0.10142755174875089
ndcg_5: 0.20269957184791565
ndcg_10: 0.2515825927257538
ndcg_20: 0.2976771891117096
hit_1: 0.10142755174875089
hit_5: 0.30920770877944326
hit_10: 0.47673090649536043
hit_20: 0.6643112062812276
ap: 0.2116348296403885
no increase in recent 4 iters
#########################################################
################## epoch 42 ###########################
loss: 170.8314, len_train_loader:115
modified_target in every batch:101.5217
modified_hist in every batch :439.8261
########## current_metrics ##########
ndcg_1: 0.09271948608137046
ndcg_5: 0.19645914435386658
ndcg_10: 0.24307841062545776
ndcg_20: 0.2842298150062561
hit_1: 0.09271948608137046
hit_5: 0.2970735189150607
hit_10: 0.4418986438258387
hit_20: 0.6049964311206282
ap: 0.20545540750026703
########## best_metrics ##########
ndcg_1: 0.10142755174875089
ndcg_5: 0.20269957184791565
ndcg_10: 0.2515825927257538
ndcg_20: 0.2976771891117096
hit_1: 0.10142755174875089
hit_5: 0.30920770877944326
hit_10: 0.47673090649536043
hit_20: 0.6643112062812276
ap: 0.2116348296403885
no increase in recent 5 iters
#########################################################
################## epoch 43 ###########################
loss: 171.5585, len_train_loader:115
modified_target in every batch:101.5217
modified_hist in every batch :439.6696
########## current_metrics ##########
ndcg_1: 0.09607423269093504
ndcg_5: 0.19549942016601562
ndcg_10: 0.2415059506893158
ndcg_20: 0.2829023599624634
hit_1: 0.09607423269093504
hit_5: 0.29157744468236974
hit_10: 0.4348322626695218
hit_20: 0.5985724482512491
ap: 0.20590463280677795
########## best_metrics ##########
ndcg_1: 0.10142755174875089
ndcg_5: 0.20269957184791565
ndcg_10: 0.2515825927257538
ndcg_20: 0.2976771891117096
hit_1: 0.10142755174875089
hit_5: 0.30920770877944326
hit_10: 0.47673090649536043
hit_20: 0.6643112062812276
ap: 0.2116348296403885
no increase in recent 6 iters
#########################################################
################## epoch 44 ###########################
loss: 173.7554, len_train_loader:115
modified_target in every batch:101.5217
modified_hist in every batch :437.6957
########## current_metrics ##########
ndcg_1: 0.0995003568879372
ndcg_5: 0.20031021535396576
ndcg_10: 0.2455843985080719
ndcg_20: 0.286471426486969
hit_1: 0.0995003568879372
hit_5: 0.29914346895074945
hit_10: 0.43975731620271236
hit_20: 0.6018558172733761
ap: 0.2093796581029892
########## best_metrics ##########
ndcg_1: 0.10142755174875089
ndcg_5: 0.20269957184791565
ndcg_10: 0.2515825927257538
ndcg_20: 0.2976771891117096
hit_1: 0.10142755174875089
hit_5: 0.30920770877944326
hit_10: 0.47673090649536043
hit_20: 0.6643112062812276
ap: 0.2116348296403885
no increase in recent 7 iters
#########################################################
################## epoch 45 ###########################
loss: 175.0632, len_train_loader:115
modified_target in every batch:101.5217
modified_hist in every batch :437.8435
########## current_metrics ##########
ndcg_1: 0.09450392576730907
ndcg_5: 0.19404035806655884
ndcg_10: 0.23925986886024475
ndcg_20: 0.2814781367778778
hit_1: 0.09450392576730907
hit_5: 0.29064953604568167
hit_10: 0.4306923625981442
hit_20: 0.5978586723768736
ap: 0.20440644025802612
########## best_metrics ##########
ndcg_1: 0.10142755174875089
ndcg_5: 0.20269957184791565
ndcg_10: 0.2515825927257538
ndcg_20: 0.2976771891117096
hit_1: 0.10142755174875089
hit_5: 0.30920770877944326
hit_10: 0.47673090649536043
hit_20: 0.6643112062812276
ap: 0.2116348296403885
no increase in recent 8 iters
#########################################################
################## epoch 46 ###########################
loss: 173.4749, len_train_loader:115
modified_target in every batch:101.5217
modified_hist in every batch :437.6
########## current_metrics ##########
ndcg_1: 0.0953604568165596
ndcg_5: 0.1990688294172287
ndcg_10: 0.24431434273719788
ndcg_20: 0.2840614914894104
hit_1: 0.0953604568165596
hit_5: 0.2995717344753747
hit_10: 0.44025695931477515
hit_20: 0.5981441827266238
ap: 0.2071983963251114
########## best_metrics ##########
ndcg_1: 0.10142755174875089
ndcg_5: 0.20269957184791565
ndcg_10: 0.2515825927257538
ndcg_20: 0.2976771891117096
hit_1: 0.10142755174875089
hit_5: 0.30920770877944326
hit_10: 0.47673090649536043
hit_20: 0.6643112062812276
ap: 0.2116348296403885
no increase in recent 9 iters
#########################################################
################## epoch 47 ###########################
loss: 172.7777, len_train_loader:115
modified_target in every batch:101.5217
modified_hist in every batch :438.9478
########## current_metrics ##########
ndcg_1: 0.0934332619557459
ndcg_5: 0.19414575397968292
ndcg_10: 0.23810875415802002
ndcg_20: 0.2803996801376343
hit_1: 0.0934332619557459
hit_5: 0.29229122055674517
hit_10: 0.42869379014989295
hit_20: 0.5961456102783725
ap: 0.203411266207695
########## best_metrics ##########
ndcg_1: 0.10142755174875089
ndcg_5: 0.20269957184791565
ndcg_10: 0.2515825927257538
ndcg_20: 0.2976771891117096
hit_1: 0.10142755174875089
hit_5: 0.30920770877944326
hit_10: 0.47673090649536043
hit_20: 0.6643112062812276
ap: 0.2116348296403885
no increase in recent 10 iters
#########################################################
################## epoch 48 ###########################
loss: 174.7908, len_train_loader:115
modified_target in every batch:101.5217
modified_hist in every batch :439.2696
########## current_metrics ##########
ndcg_1: 0.09571734475374732
ndcg_5: 0.19654995203018188
ndcg_10: 0.24027973413467407
ndcg_20: 0.28286850452423096
hit_1: 0.09571734475374732
hit_5: 0.2939329050678087
hit_10: 0.4295503211991435
hit_20: 0.5982155603140614
ap: 0.20616191625595093
########## best_metrics ##########
ndcg_1: 0.10142755174875089
ndcg_5: 0.20269957184791565
ndcg_10: 0.2515825927257538
ndcg_20: 0.2976771891117096
hit_1: 0.10142755174875089
hit_5: 0.30920770877944326
hit_10: 0.47673090649536043
hit_20: 0.6643112062812276
ap: 0.2116348296403885
no increase in recent 11 iters
#########################################################
################## epoch 49 ###########################
loss: 171.6206, len_train_loader:115
modified_target in every batch:101.5217
modified_hist in every batch :438.0609
########## current_metrics ##########
ndcg_1: 0.09607423269093504
ndcg_5: 0.19827474653720856
ndcg_10: 0.2448408603668213
ndcg_20: 0.28708702325820923
hit_1: 0.09607423269093504
hit_5: 0.29878658101356176
hit_10: 0.4434689507494647
hit_20: 0.610349750178444
ap: 0.20745790004730225
########## best_metrics ##########
ndcg_1: 0.10142755174875089
ndcg_5: 0.20269957184791565
ndcg_10: 0.2515825927257538
ndcg_20: 0.2976771891117096
hit_1: 0.10142755174875089
hit_5: 0.30920770877944326
hit_10: 0.47673090649536043
hit_20: 0.6643112062812276
ap: 0.2116348296403885
no increase in recent 12 iters
#########################################################
################## epoch 50 ###########################
loss: 170.5658, len_train_loader:115
modified_target in every batch:101.5217
modified_hist in every batch :436.9652
########## current_metrics ##########
ndcg_1: 0.09493219129193434
ndcg_5: 0.19473344087600708
ndcg_10: 0.2398606687784195
ndcg_20: 0.28100934624671936
hit_1: 0.09493219129193434
hit_5: 0.2914346895074946
hit_10: 0.4316916488222698
hit_20: 0.594503925767309
ap: 0.20473648607730865
########## best_metrics ##########
ndcg_1: 0.10142755174875089
ndcg_5: 0.20269957184791565
ndcg_10: 0.2515825927257538
ndcg_20: 0.2976771891117096
hit_1: 0.10142755174875089
hit_5: 0.30920770877944326
hit_10: 0.47673090649536043
hit_20: 0.6643112062812276
ap: 0.2116348296403885
no increase in recent 13 iters
#########################################################
################## epoch 51 ###########################
loss: 168.4179, len_train_loader:115
modified_target in every batch:101.5217
modified_hist in every batch :437.287
########## current_metrics ##########
ndcg_1: 0.09486081370449678
ndcg_5: 0.19170711934566498
ndcg_10: 0.23733903467655182
ndcg_20: 0.2790912985801697
hit_1: 0.09486081370449678
hit_5: 0.2854389721627409
hit_10: 0.42698072805139187
hit_20: 0.5930049964311206
ap: 0.2028876692056656
########## best_metrics ##########
ndcg_1: 0.10142755174875089
ndcg_5: 0.20269957184791565
ndcg_10: 0.2515825927257538
ndcg_20: 0.2976771891117096
hit_1: 0.10142755174875089
hit_5: 0.30920770877944326
hit_10: 0.47673090649536043
hit_20: 0.6643112062812276
ap: 0.2116348296403885
no increase in recent 14 iters
#########################################################
################## epoch 52 ###########################
loss: 160.1496, len_train_loader:115
modified_target in every batch:101.5217
modified_hist in every batch :439.487
########## current_metrics ##########
ndcg_1: 0.09550321199143469
ndcg_5: 0.1976548582315445
ndcg_10: 0.24130062758922577
ndcg_20: 0.2840234339237213
hit_1: 0.09550321199143469
hit_5: 0.29643112062812277
hit_10: 0.43197715917202
hit_20: 0.6010706638115632
ap: 0.2067120522260666
########## best_metrics ##########
ndcg_1: 0.10142755174875089
ndcg_5: 0.20269957184791565
ndcg_10: 0.2515825927257538
ndcg_20: 0.2976771891117096
hit_1: 0.10142755174875089
hit_5: 0.30920770877944326
hit_10: 0.47673090649536043
hit_20: 0.6643112062812276
ap: 0.2116348296403885
no increase in recent 15 iters
#########################################################
################## epoch 53 ###########################
loss: 154.6887, len_train_loader:115
modified_target in every batch:101.5217
modified_hist in every batch :438.6087
########## current_metrics ##########
ndcg_1: 0.0995003568879372
ndcg_5: 0.20140273869037628
ndcg_10: 0.24593083560466766
ndcg_20: 0.28877514600753784
hit_1: 0.0995003568879372
hit_5: 0.3006423982869379
hit_10: 0.4388294075660243
hit_20: 0.6089935760171307
ap: 0.21039339900016785
########## best_metrics ##########
ndcg_1: 0.10142755174875089
ndcg_5: 0.20269957184791565
ndcg_10: 0.2515825927257538
ndcg_20: 0.2976771891117096
hit_1: 0.10142755174875089
hit_5: 0.30920770877944326
hit_10: 0.47673090649536043
hit_20: 0.6643112062812276
ap: 0.2116348296403885
no increase in recent 16 iters
#########################################################
################## epoch 54 ###########################
loss: 156.6483, len_train_loader:115
modified_target in every batch:101.5217
modified_hist in every batch :437.5043
########## current_metrics ##########
ndcg_1: 0.10014275517487509
ndcg_5: 0.19865936040878296
ndcg_10: 0.24389298260211945
ndcg_20: 0.2856157422065735
hit_1: 0.10014275517487509
hit_5: 0.2955745895788722
hit_10: 0.4356887937187723
hit_20: 0.6013561741613134
ap: 0.208743616938591
########## best_metrics ##########
ndcg_1: 0.10142755174875089
ndcg_5: 0.20269957184791565
ndcg_10: 0.2515825927257538
ndcg_20: 0.2976771891117096
hit_1: 0.10142755174875089
hit_5: 0.30920770877944326
hit_10: 0.47673090649536043
hit_20: 0.6643112062812276
ap: 0.2116348296403885
no increase in recent 17 iters
#########################################################
################## epoch 55 ###########################
loss: 159.7976, len_train_loader:115
modified_target in every batch:101.5217
modified_hist in every batch :435.4696
########## current_metrics ##########
ndcg_1: 0.09785867237687366
ndcg_5: 0.1999942660331726
ndcg_10: 0.24587157368659973
ndcg_20: 0.2876606583595276
hit_1: 0.09785867237687366
hit_5: 0.29992862241256246
hit_10: 0.4422555317630264
hit_20: 0.6076374018558173
ap: 0.2091604471206665
########## best_metrics ##########
ndcg_1: 0.10142755174875089
ndcg_5: 0.20269957184791565
ndcg_10: 0.2515825927257538
ndcg_20: 0.2976771891117096
hit_1: 0.10142755174875089
hit_5: 0.30920770877944326
hit_10: 0.47673090649536043
hit_20: 0.6643112062812276
ap: 0.2116348296403885
no increase in recent 18 iters
#########################################################
################## epoch 56 ###########################
loss: 159.7621, len_train_loader:115
modified_target in every batch:101.5217
modified_hist in every batch :436.0435
########## current_metrics ##########
ndcg_1: 0.09764453961456103
ndcg_5: 0.1982884556055069
ndcg_10: 0.24251624941825867
ndcg_20: 0.28441357612609863
hit_1: 0.09764453961456103
hit_5: 0.2953604568165596
hit_10: 0.4328336902212705
hit_20: 0.5994289793004997
ap: 0.20758479833602905
########## best_metrics ##########
ndcg_1: 0.10142755174875089
ndcg_5: 0.20269957184791565
ndcg_10: 0.2515825927257538
ndcg_20: 0.2976771891117096
hit_1: 0.10142755174875089
hit_5: 0.30920770877944326
hit_10: 0.47673090649536043
hit_20: 0.6643112062812276
ap: 0.2116348296403885
no increase in recent 19 iters
#########################################################
################## epoch 57 ###########################
loss: 157.5893, len_train_loader:115
modified_target in every batch:101.5217
modified_hist in every batch :434.1043
########## current_metrics ##########
ndcg_1: 0.10028551034975018
ndcg_5: 0.1977495700120926
ndcg_10: 0.24214379489421844
ndcg_20: 0.2837972342967987
hit_1: 0.10028551034975018
hit_5: 0.29321912919343324
hit_10: 0.43112062812276947
hit_20: 0.5955745895788722
ap: 0.20800961554050446
########## best_metrics ##########
ndcg_1: 0.10142755174875089
ndcg_5: 0.20269957184791565
ndcg_10: 0.2515825927257538
ndcg_20: 0.2976771891117096
hit_1: 0.10142755174875089
hit_5: 0.30920770877944326
hit_10: 0.47673090649536043
hit_20: 0.6643112062812276
ap: 0.2116348296403885
no increase in recent 20 iters
#########################################################
################## epoch 58 ###########################
loss: 157.6135, len_train_loader:115
modified_target in every batch:101.5217
modified_hist in every batch :438.3217
########## current_metrics ##########
ndcg_1: 0.09514632405424697
ndcg_5: 0.19329723715782166
ndcg_10: 0.23722673952579498
ndcg_20: 0.27984073758125305
hit_1: 0.09514632405424697
hit_5: 0.28950749464668096
hit_10: 0.42583868665239116
hit_20: 0.5946466809421842
ap: 0.20336152613162994
########## best_metrics ##########
ndcg_1: 0.10142755174875089
ndcg_5: 0.20269957184791565
ndcg_10: 0.2515825927257538
ndcg_20: 0.2976771891117096
hit_1: 0.10142755174875089
hit_5: 0.30920770877944326
hit_10: 0.47673090649536043
hit_20: 0.6643112062812276
ap: 0.2116348296403885
no increase in recent 21 iters
#########################################################
################## epoch 59 ###########################
loss: 158.6753, len_train_loader:115
modified_target in every batch:101.5217
modified_hist in every batch :438.6348
########## current_metrics ##########
ndcg_1: 0.09428979300499643
ndcg_5: 0.1920442283153534
ndcg_10: 0.2352817952632904
ndcg_20: 0.2784714996814728
hit_1: 0.09428979300499643
hit_5: 0.2866523911491792
hit_10: 0.42105638829407566
hit_20: 0.5925767309064953
ap: 0.20241855084896088
########## best_metrics ##########
ndcg_1: 0.10142755174875089
ndcg_5: 0.20269957184791565
ndcg_10: 0.2515825927257538
ndcg_20: 0.2976771891117096
hit_1: 0.10142755174875089
hit_5: 0.30920770877944326
hit_10: 0.47673090649536043
hit_20: 0.6643112062812276
ap: 0.2116348296403885
no increase in recent 22 iters
#########################################################
################## epoch 60 ###########################
loss: 157.8153, len_train_loader:115
modified_target in every batch:101.5217
modified_hist in every batch :437.687
########## current_metrics ##########
ndcg_1: 0.10049964311206282
ndcg_5: 0.1968168169260025
ndcg_10: 0.24325835704803467
ndcg_20: 0.2870994508266449
hit_1: 0.10049964311206282
hit_5: 0.29179157744468237
hit_10: 0.43604568165596
hit_20: 0.609707351891506
ap: 0.2084222137928009
########## best_metrics ##########
ndcg_1: 0.10142755174875089
ndcg_5: 0.20269957184791565
ndcg_10: 0.2515825927257538
ndcg_20: 0.2976771891117096
hit_1: 0.10142755174875089
hit_5: 0.30920770877944326
hit_10: 0.47673090649536043
hit_20: 0.6643112062812276
ap: 0.2116348296403885
no increase in recent 23 iters
#########################################################
################## epoch 61 ###########################
loss: 157.097, len_train_loader:115
modified_target in every batch:101.5217
modified_hist in every batch :436.1217
########## current_metrics ##########
ndcg_1: 0.09229122055674518
ndcg_5: 0.19191496074199677
ndcg_10: 0.23783418536186218
ndcg_20: 0.2806538939476013
hit_1: 0.09229122055674518
hit_5: 0.2880085653104925
hit_10: 0.4307637401855817
hit_20: 0.6000713775874376
ap: 0.20269657671451569
########## best_metrics ##########
ndcg_1: 0.10142755174875089
ndcg_5: 0.20269957184791565
ndcg_10: 0.2515825927257538
ndcg_20: 0.2976771891117096
hit_1: 0.10142755174875089
hit_5: 0.30920770877944326
hit_10: 0.47673090649536043
hit_20: 0.6643112062812276
ap: 0.2116348296403885
no increase in recent 24 iters
#########################################################
################## epoch 62 ###########################
loss: 156.8535, len_train_loader:115
modified_target in every batch:101.5217
modified_hist in every batch :436.8348
########## current_metrics ##########
ndcg_1: 0.09607423269093504
ndcg_5: 0.19513696432113647
ndcg_10: 0.23805838823318481
ndcg_20: 0.27948856353759766
hit_1: 0.09607423269093504
hit_5: 0.2900785153461813
hit_10: 0.4235546038543897
hit_20: 0.5876516773733048
ap: 0.2048530876636505
########## best_metrics ##########
ndcg_1: 0.10142755174875089
ndcg_5: 0.20269957184791565
ndcg_10: 0.2515825927257538
ndcg_20: 0.2976771891117096
hit_1: 0.10142755174875089
hit_5: 0.30920770877944326
hit_10: 0.47673090649536043
hit_20: 0.6643112062812276
ap: 0.2116348296403885
no increase in recent 25 iters
#########################################################
################## epoch 63 ###########################
loss: 149.0258, len_train_loader:115
modified_target in every batch:101.5217
modified_hist in every batch :436.3478
########## current_metrics ##########
ndcg_1: 0.09900071377587437
ndcg_5: 0.1963043361902237
ndcg_10: 0.2406272143125534
ndcg_20: 0.2827455401420593
hit_1: 0.09900071377587437
hit_5: 0.29100642398286936
hit_10: 0.4289079229122056
hit_20: 0.5962169878658101
ap: 0.20684777200222015
########## best_metrics ##########
ndcg_1: 0.10142755174875089
ndcg_5: 0.20269957184791565
ndcg_10: 0.2515825927257538
ndcg_20: 0.2976771891117096
hit_1: 0.10142755174875089
hit_5: 0.30920770877944326
hit_10: 0.47673090649536043
hit_20: 0.6643112062812276
ap: 0.2116348296403885
no increase in recent 26 iters
#########################################################
################## epoch 64 ###########################
loss: 143.5217, len_train_loader:115
modified_target in every batch:101.5217
modified_hist in every batch :436.8609
########## current_metrics ##########
ndcg_1: 0.09543183440399715
ndcg_5: 0.19583888351917267
ndcg_10: 0.2406475841999054
ndcg_20: 0.28294816613197327
hit_1: 0.09543183440399715
hit_5: 0.29286224125624555
hit_10: 0.4316916488222698
hit_20: 0.5993576017130621
ap: 0.2058895230293274
########## best_metrics ##########
ndcg_1: 0.10142755174875089
ndcg_5: 0.20269957184791565
ndcg_10: 0.2515825927257538
ndcg_20: 0.2976771891117096
hit_1: 0.10142755174875089
hit_5: 0.30920770877944326
hit_10: 0.47673090649536043
hit_20: 0.6643112062812276
ap: 0.2116348296403885
no increase in recent 27 iters
#########################################################
################## epoch 65 ###########################
loss: 143.3376, len_train_loader:115
modified_target in every batch:101.5217
modified_hist in every batch :437.0957
########## current_metrics ##########
ndcg_1: 0.09293361884368308
ndcg_5: 0.1892387568950653
ndcg_10: 0.23464080691337585
ndcg_20: 0.27599459886550903
hit_1: 0.09293361884368308
hit_5: 0.2822269807280514
hit_10: 0.4234832262669522
hit_20: 0.5874375446109922
ap: 0.20070870220661163
########## best_metrics ##########
ndcg_1: 0.10142755174875089
ndcg_5: 0.20269957184791565
ndcg_10: 0.2515825927257538
ndcg_20: 0.2976771891117096
hit_1: 0.10142755174875089
hit_5: 0.30920770877944326
hit_10: 0.47673090649536043
hit_20: 0.6643112062812276
ap: 0.2116348296403885
no increase in recent 28 iters
#########################################################
################## epoch 66 ###########################
loss: 145.6479, len_train_loader:115
modified_target in every batch:101.5217
modified_hist in every batch :436.5739
########## current_metrics ##########
ndcg_1: 0.09557458957887223
ndcg_5: 0.19395573437213898
ndcg_10: 0.23921334743499756
ndcg_20: 0.28227517008781433
hit_1: 0.09557458957887223
hit_5: 0.2897930049964311
hit_10: 0.4307637401855817
hit_20: 0.6016416845110635
ap: 0.20462550222873688
########## best_metrics ##########
ndcg_1: 0.10142755174875089
ndcg_5: 0.20269957184791565
ndcg_10: 0.2515825927257538
ndcg_20: 0.2976771891117096
hit_1: 0.10142755174875089
hit_5: 0.30920770877944326
hit_10: 0.47673090649536043
hit_20: 0.6643112062812276
ap: 0.2116348296403885
no increase in recent 29 iters
#########################################################
################## epoch 67 ###########################
loss: 147.478, len_train_loader:115
modified_target in every batch:101.5217
modified_hist in every batch :436.6348
########## current_metrics ##########
ndcg_1: 0.0960028551034975
ndcg_5: 0.1948835849761963
ndcg_10: 0.23907628655433655
ndcg_20: 0.28043147921562195
hit_1: 0.0960028551034975
hit_5: 0.28986438258386865
hit_10: 0.4273376159885796
hit_20: 0.5913633119200571
ap: 0.20502839982509613
########## best_metrics ##########
ndcg_1: 0.10142755174875089
ndcg_5: 0.20269957184791565
ndcg_10: 0.2515825927257538
ndcg_20: 0.2976771891117096
hit_1: 0.10142755174875089
hit_5: 0.30920770877944326
hit_10: 0.47673090649536043
hit_20: 0.6643112062812276
ap: 0.2116348296403885
no increase in recent 30 iters
#########################################################
################## epoch 68 ###########################
loss: 146.1999, len_train_loader:115
modified_target in every batch:101.5217
modified_hist in every batch :438.1478
########## current_metrics ##########
ndcg_1: 0.0953604568165596
ndcg_5: 0.19109615683555603
ndcg_10: 0.235523521900177
ndcg_20: 0.27693426609039307
hit_1: 0.0953604568165596
hit_5: 0.28472519628836546
hit_10: 0.42262669521770163
hit_20: 0.587152034261242
ap: 0.20205557346343994
########## best_metrics ##########
ndcg_1: 0.10142755174875089
ndcg_5: 0.20269957184791565
ndcg_10: 0.2515825927257538
ndcg_20: 0.2976771891117096
hit_1: 0.10142755174875089
hit_5: 0.30920770877944326
hit_10: 0.47673090649536043
hit_20: 0.6643112062812276
ap: 0.2116348296403885
no increase in recent 31 iters
#########################################################
################## epoch 69 ###########################
loss: 147.62, len_train_loader:115
modified_target in every batch:101.5217
modified_hist in every batch :438.1565
########## current_metrics ##########
ndcg_1: 0.09750178443968593
ndcg_5: 0.1947367787361145
ndcg_10: 0.23956602811813354
ndcg_20: 0.28231486678123474
hit_1: 0.09750178443968593
hit_5: 0.28922198429693075
hit_10: 0.4281941470378301
hit_20: 0.5977872947894362
ap: 0.20572848618030548
########## best_metrics ##########
ndcg_1: 0.10142755174875089
ndcg_5: 0.20269957184791565
ndcg_10: 0.2515825927257538
ndcg_20: 0.2976771891117096
hit_1: 0.10142755174875089
hit_5: 0.30920770877944326
hit_10: 0.47673090649536043
hit_20: 0.6643112062812276
ap: 0.2116348296403885
no increase in recent 32 iters
#########################################################
################## epoch 70 ###########################
loss: 146.0643, len_train_loader:115
modified_target in every batch:101.5217
modified_hist in every batch :439.3913
########## current_metrics ##########
ndcg_1: 0.0966452533904354
ndcg_5: 0.19459068775177002
ndcg_10: 0.2407556176185608
ndcg_20: 0.2817630469799042
hit_1: 0.0966452533904354
hit_5: 0.2897930049964311
hit_10: 0.4329050678087081
hit_20: 0.5954318344039972
ap: 0.20552487671375275
########## best_metrics ##########
ndcg_1: 0.10142755174875089
ndcg_5: 0.20269957184791565
ndcg_10: 0.2515825927257538
ndcg_20: 0.2976771891117096
hit_1: 0.10142755174875089
hit_5: 0.30920770877944326
hit_10: 0.47673090649536043
hit_20: 0.6643112062812276
ap: 0.2116348296403885
no increase in recent 33 iters
#########################################################
################## epoch 71 ###########################
loss: 146.3193, len_train_loader:115
modified_target in every batch:101.5217
modified_hist in every batch :434.8
########## current_metrics ##########
ndcg_1: 0.09571734475374732
ndcg_5: 0.19508789479732513
ndcg_10: 0.23954935371875763
ndcg_20: 0.28225991129875183
hit_1: 0.09571734475374732
hit_5: 0.2925053533190578
hit_10: 0.43047822983583156
hit_20: 0.5995717344753747
ap: 0.20493371784687042
########## best_metrics ##########
ndcg_1: 0.10142755174875089
ndcg_5: 0.20269957184791565
ndcg_10: 0.2515825927257538
ndcg_20: 0.2976771891117096
hit_1: 0.10142755174875089
hit_5: 0.30920770877944326
hit_10: 0.47673090649536043
hit_20: 0.6643112062812276
ap: 0.2116348296403885
no increase in recent 34 iters
#########################################################
################## epoch 72 ###########################
loss: 145.9205, len_train_loader:115
modified_target in every batch:101.5217
modified_hist in every batch :438.7739
########## current_metrics ##########
ndcg_1: 0.09486081370449678
ndcg_5: 0.19530601799488068
ndcg_10: 0.23940341174602509
ndcg_20: 0.2804044783115387
hit_1: 0.09486081370449678
hit_5: 0.2930763740185582
hit_10: 0.4301213418986438
hit_20: 0.5924339757316203
ap: 0.2046166956424713
########## best_metrics ##########
ndcg_1: 0.10142755174875089
ndcg_5: 0.20269957184791565
ndcg_10: 0.2515825927257538
ndcg_20: 0.2976771891117096
hit_1: 0.10142755174875089
hit_5: 0.30920770877944326
hit_10: 0.47673090649536043
hit_20: 0.6643112062812276
ap: 0.2116348296403885
no increase in recent 35 iters
#########################################################
################## epoch 73 ###########################
loss: 145.541, len_train_loader:115
modified_target in every batch:101.5217
modified_hist in every batch :439.1826
########## current_metrics ##########
ndcg_1: 0.09300499643112063
ndcg_5: 0.190609872341156
ndcg_10: 0.2345248907804489
ndcg_20: 0.27564239501953125
hit_1: 0.09300499643112063
hit_5: 0.28579586009992863
hit_10: 0.42219842969307636
hit_20: 0.5852248394004282
ap: 0.2007380872964859
########## best_metrics ##########
ndcg_1: 0.10142755174875089
ndcg_5: 0.20269957184791565
ndcg_10: 0.2515825927257538
ndcg_20: 0.2976771891117096
hit_1: 0.10142755174875089
hit_5: 0.30920770877944326
hit_10: 0.47673090649536043
hit_20: 0.6643112062812276
ap: 0.2116348296403885
no increase in recent 36 iters
#########################################################
################## epoch 74 ###########################
loss: 138.6593, len_train_loader:115
modified_target in every batch:101.5217
modified_hist in every batch :441.4174
########## current_metrics ##########
ndcg_1: 0.09714489650249822
ndcg_5: 0.19550642371177673
ndcg_10: 0.2387145608663559
ndcg_20: 0.2787480652332306
hit_1: 0.09714489650249822
hit_5: 0.291220556745182
hit_10: 0.4253390435403283
hit_20: 0.5845110635260529
ap: 0.20489169657230377
########## best_metrics ##########
ndcg_1: 0.10142755174875089
ndcg_5: 0.20269957184791565
ndcg_10: 0.2515825927257538
ndcg_20: 0.2976771891117096
hit_1: 0.10142755174875089
hit_5: 0.30920770877944326
hit_10: 0.47673090649536043
hit_20: 0.6643112062812276
ap: 0.2116348296403885
no increase in recent 37 iters
#########################################################
################## epoch 75 ###########################
loss: 133.8562, len_train_loader:115
modified_target in every batch:101.5217
modified_hist in every batch :436.6609
########## current_metrics ##########
ndcg_1: 0.09771591720199857
ndcg_5: 0.19654294848442078
ndcg_10: 0.23944582045078278
ndcg_20: 0.2809419631958008
hit_1: 0.09771591720199857
hit_5: 0.2921484653818701
hit_10: 0.42505353319057815
hit_20: 0.5895788722341185
ap: 0.2062596082687378
########## best_metrics ##########
ndcg_1: 0.10142755174875089
ndcg_5: 0.20269957184791565
ndcg_10: 0.2515825927257538
ndcg_20: 0.2976771891117096
hit_1: 0.10142755174875089
hit_5: 0.30920770877944326
hit_10: 0.47673090649536043
hit_20: 0.6643112062812276
ap: 0.2116348296403885
no increase in recent 38 iters
#########################################################
################## epoch 76 ###########################
loss: 133.5762, len_train_loader:115
modified_target in every batch:101.5217
modified_hist in every batch :436.713
########## current_metrics ##########
ndcg_1: 0.10028551034975018
ndcg_5: 0.19700200855731964
ndcg_10: 0.2413923740386963
ndcg_20: 0.2823542058467865
hit_1: 0.10028551034975018
hit_5: 0.2902926481084939
hit_10: 0.4283369022127052
hit_20: 0.5908636688079942
ap: 0.20769841969013214
########## best_metrics ##########
ndcg_1: 0.10142755174875089
ndcg_5: 0.20269957184791565
ndcg_10: 0.2515825927257538
ndcg_20: 0.2976771891117096
hit_1: 0.10142755174875089
hit_5: 0.30920770877944326
hit_10: 0.47673090649536043
hit_20: 0.6643112062812276
ap: 0.2116348296403885
no increase in recent 39 iters
#########################################################
################## epoch 77 ###########################
loss: 135.3101, len_train_loader:115
modified_target in every batch:101.5217
modified_hist in every batch :438.087
########## current_metrics ##########
ndcg_1: 0.09864382583868665
ndcg_5: 0.19506625831127167
ndcg_10: 0.23855073750019073
ndcg_20: 0.27871543169021606
hit_1: 0.09864382583868665
hit_5: 0.2883654532476802
hit_10: 0.4236973590292648
hit_20: 0.5829407566024268
ap: 0.20567849278450012
########## best_metrics ##########
ndcg_1: 0.10142755174875089
ndcg_5: 0.20269957184791565
ndcg_10: 0.2515825927257538
ndcg_20: 0.2976771891117096
hit_1: 0.10142755174875089
hit_5: 0.30920770877944326
hit_10: 0.47673090649536043
hit_20: 0.6643112062812276
ap: 0.2116348296403885
no increase in recent 40 iters
#########################################################
################## epoch 78 ###########################
loss: 137.2981, len_train_loader:115
modified_target in every batch:101.5217
modified_hist in every batch :437.7913
########## current_metrics ##########
ndcg_1: 0.09693076374018558
ndcg_5: 0.1928197294473648
ndcg_10: 0.2354535609483719
ndcg_20: 0.2765965759754181
hit_1: 0.09693076374018558
hit_5: 0.285581727337616
hit_10: 0.41805852962169876
hit_20: 0.5815845824411134
ap: 0.20332174003124237
########## best_metrics ##########
ndcg_1: 0.10142755174875089
ndcg_5: 0.20269957184791565
ndcg_10: 0.2515825927257538
ndcg_20: 0.2976771891117096
hit_1: 0.10142755174875089
hit_5: 0.30920770877944326
hit_10: 0.47673090649536043
hit_20: 0.6643112062812276
ap: 0.2116348296403885
early stop
#########################################################
